num acquisition: 1, time elapsed: 4.89s
num acquisition: 2, time elapsed: 10.08s
num acquisition: 3, time elapsed: 15.04s
num acquisition: 4, time elapsed: 19.79s
num acquisition: 5, time elapsed: 25.33s
num acquisition: 6, time elapsed: 30.91s
num acquisition: 7, time elapsed: 34.39s
num acquisition: 8, time elapsed: 38.73s
num acquisition: 9, time elapsed: 45.17s
num acquisition: 10, time elapsed: 52.72s
num acquisition: 11, time elapsed: 60.13s
num acquisition: 12, time elapsed: 66.81s
num acquisition: 13, time elapsed: 75.29s
num acquisition: 14, time elapsed: 81.29s
num acquisition: 15, time elapsed: 91.23s
num acquisition: 16, time elapsed: 99.32s
num acquisition: 17, time elapsed: 108.57s
num acquisition: 18, time elapsed: 116.57s
num acquisition: 19, time elapsed: 126.40s
num acquisition: 20, time elapsed: 135.98s
num acquisition: 21, time elapsed: 146.39s
num acquisition: 22, time elapsed: 159.02s
num acquisition: 23, time elapsed: 169.03s
num acquisition: 24, time elapsed: 177.51s
num acquisition: 25, time elapsed: 188.44s
num acquisition: 26, time elapsed: 200.53s
num acquisition: 27, time elapsed: 212.16s
num acquisition: 28, time elapsed: 225.34s
num acquisition: 29, time elapsed: 238.42s
num acquisition: 30, time elapsed: 749.96s
num acquisition: 31, time elapsed: 1285.96s
(0.7111111111111111, array([-9.42477796,  9.42477796,  9.42477796,  9.42477796, -9.42477796,
        9.42477796,  9.42477796, -9.42477796,  9.42477796, -9.42477796,
        9.42477796, -9.42477796, -9.42477796,  9.42477796,  9.42477796,
       -9.42477796, -9.42477796, -9.42477796,  9.42477796, -9.42477796,
        9.42477796,  9.42477796, -9.42477796]))
