Unable to init server: Could not connect: Connection refused
Unable to init server: Could not connect: Connection refused

(test.py:10109): Gdk-CRITICAL **: 13:42:02.792: gdk_cursor_new_for_display: assertion 'GDK_IS_DISPLAY (display)' failed
(5_w,11)-aCMA-ES (mu_w=3.4,w_1=42%) in dimension 14 (seed=1112172, Tue Jul 28 13:42:02 2020)
Iterat #Fevals   function value  axis ratio  sigma  min&max std  t[m:s]
    1     11 9.916513522716530e-02 1.0e+00 9.19e-01  9e-01  9e-01 0:02.7
    2     22 8.853924070897654e-02 1.1e+00 8.70e-01  9e-01  9e-01 0:05.7
    3     33 1.520906893987808e-01 1.1e+00 9.29e-01  9e-01  1e+00 0:08.1
    5     55 3.755206651269680e-01 1.3e+00 9.43e-01  9e-01  1e+00 0:13.6
    7     77 1.343375046809302e-01 1.5e+00 9.48e-01  9e-01  1e+00 0:19.9
    9     99 2.664315541415722e-01 1.5e+00 8.63e-01  8e-01  9e-01 0:25.7
   12    132 2.169700968876086e-01 1.5e+00 8.91e-01  8e-01  1e+00 0:33.2
   15    165 2.694706946574733e-01 1.6e+00 9.06e-01  9e-01  1e+00 0:40.9
   19    209 2.275226850688901e-01 1.6e+00 8.61e-01  8e-01  9e-01 0:51.2
   23    253 2.651035375302292e-01 1.8e+00 6.99e-01  6e-01  8e-01 1:01.3
   27    297 1.819387565405380e-01 1.9e+00 6.16e-01  5e-01  7e-01 1:11.5
   32    352 1.549656097520703e-01 1.9e+00 6.13e-01  5e-01  7e-01 1:24.3
   37    407 1.549893958114203e-01 2.0e+00 5.44e-01  5e-01  6e-01 1:37.8
   42    462 2.337238935247643e-02 2.3e+00 4.29e-01  4e-01  5e-01 1:51.3
   48    528 6.598596619543817e-02 2.5e+00 4.57e-01  4e-01  6e-01 2:06.6
   55    605 5.276696607514293e-02 2.7e+00 3.99e-01  3e-01  5e-01 2:23.2
   62    682 1.273788408858187e-02 2.8e+00 5.09e-01  4e-01  6e-01 2:40.3
   70    770 1.119588336421193e-02 2.9e+00 3.05e-01  2e-01  4e-01 2:59.3
   78    858 1.455527781465677e-02 2.9e+00 2.38e-01  2e-01  3e-01 3:18.5
   86    946 8.185824215917108e-03 3.0e+00 1.57e-01  1e-01  2e-01 3:38.2
   94   1034 3.592698689301486e-03 3.0e+00 1.33e-01  9e-02  1e-01 3:58.3
  100   1100 2.862778796990238e-03 3.2e+00 1.11e-01  7e-02  1e-01 4:13.1
  109   1199 1.630350662405487e-03 4.0e+00 9.36e-02  6e-02  1e-01 4:35.4
  119   1309 1.657645917332763e-03 4.3e+00 5.36e-02  3e-02  6e-02 4:59.9
  129   1419 1.574501098216686e-03 5.3e+00 3.97e-02  2e-02  4e-02 5:24.9
  139   1529 1.501570129163600e-03 6.8e+00 3.11e-02  2e-02  3e-02 5:49.9
  150   1650 1.504536162476067e-03 9.0e+00 2.74e-02  2e-02  3e-02 6:17.1
  162   1782 1.471343818304183e-03 1.0e+01 2.19e-02  1e-02  3e-02 6:46.1
  174   1914 1.471656399584834e-03 1.3e+01 1.26e-02  7e-03  1e-02 7:14.3
  186   2046 1.461785444692722e-03 1.7e+01 1.53e-02  9e-03  2e-02 7:44.4
  199   2189 1.455881475074970e-03 2.4e+01 1.25e-02  6e-03  2e-02 8:16.9
  200   2200 1.453335048356344e-03 2.4e+01 1.31e-02  7e-03  2e-02 8:19.3
  213   2343 1.449011567334441e-03 3.1e+01 1.66e-02  8e-03  2e-02 8:52.0
  227   2497 1.440096005972861e-03 4.1e+01 1.55e-02  8e-03  2e-02 9:27.4
  241   2651 1.438066316215192e-03 5.2e+01 1.64e-02  8e-03  3e-02 10:01.8
  256   2816 1.434744648114748e-03 5.2e+01 1.01e-02  5e-03  1e-02 10:38.4
  273   3003 1.430624471775651e-03 6.6e+01 1.39e-02  6e-03  2e-02 11:15.9
  289   3179 1.425821193773408e-03 7.0e+01 2.06e-02  9e-03  3e-02 11:54.0
  300   3300 1.421958083251590e-03 7.5e+01 1.92e-02  7e-03  4e-02 12:17.4
  317   3487 1.418041837085306e-03 8.4e+01 1.96e-02  7e-03  3e-02 12:57.7
  336   3696 1.412870732061408e-03 1.0e+02 1.62e-02  6e-03  3e-02 13:40.1
  353   3883 1.409759212274592e-03 1.2e+02 1.32e-02  4e-03  2e-02 14:21.9
  371   4081 1.406401079626316e-03 1.5e+02 2.31e-02  7e-03  5e-02 15:04.8
  389   4279 1.403049835079201e-03 1.5e+02 1.06e-02  3e-03  2e-02 15:49.3
  400   4400 1.401542316537483e-03 1.5e+02 1.87e-02  6e-03  3e-02 16:13.6
  420   4620 1.399399373969141e-03 1.5e+02 2.41e-02  7e-03  3e-02 17:00.8
  440   4840 1.394677414441762e-03 1.5e+02 2.44e-02  7e-03  3e-02 17:47.2
  462   5082 1.392461595691444e-03 1.5e+02 2.07e-02  7e-03  3e-02 18:35.8
  484   5324 1.385821040277719e-03 2.2e+02 1.84e-02  7e-03  3e-02 19:25.4
  500   5500 1.379267184545667e-03 3.0e+02 1.93e-02  8e-03  4e-02 20:02.6
  526   5786 1.367404666238221e-03 5.4e+02 2.68e-02  1e-02  1e-01 20:53.7
  548   6028 1.355818684962395e-03 5.6e+02 3.13e-02  1e-02  1e-01 21:45.8
  570   6270 1.330910675414474e-03 4.6e+02 3.90e-02  1e-02  1e-01 22:38.2
  593   6523 1.227194590412196e-03 3.5e+02 7.62e-02  2e-02  2e-01 23:32.4
  600   6600 1.245264074187466e-03 3.4e+02 7.23e-02  2e-02  1e-01 23:48.8
  626   6886 1.043460545689805e-03 2.9e+02 4.82e-02  1e-02  7e-02 24:45.6
  650   7150 9.365721377074530e-04 2.3e+02 9.74e-02  2e-02  1e-01 25:43.5
  675   7425 6.274307314556430e-04 1.9e+02 1.03e-01  2e-02  1e-01 26:41.5
  699   7689 3.788270341542183e-04 1.5e+02 8.64e-02  2e-02  6e-02 27:40.1
  700   7700 4.072110894941504e-04 1.5e+02 8.18e-02  2e-02  6e-02 27:42.4
  725   7975 3.040226683436382e-04 1.2e+02 6.11e-02  1e-02  3e-02 28:42.9
  750   8250 2.907781679624794e-04 1.3e+02 8.74e-02  1e-02  5e-02 29:44.0
  777   8547 2.793430431586422e-04 1.1e+02 4.68e-02  7e-03  2e-02 30:47.9
  800   8800 2.739994207237425e-04 1.2e+02 2.81e-02  4e-03  1e-02 31:40.1
  830   9130 2.732301654016275e-04 1.3e+02 1.71e-02  2e-03  8e-03 32:44.5
  859   9449 2.724269805762152e-04 1.5e+02 2.00e-02  3e-03  1e-02 33:50.8
  890   9790 2.701328182649410e-04 2.2e+02 4.44e-02  6e-03  3e-02 34:57.5
  900   9900 2.695427094753465e-04 2.4e+02 4.23e-02  5e-03  3e-02 35:21.3
  910  10010 2.690209978704526e-04 2.4e+02 3.07e-02  3e-03  2e-02 35:44.3
termination on maxfevals=10000.0 (Tue Jul 28 14:17:50 2020)
final/bestever f-value = 2.689928e-04 2.689928e-04
incumbent solution: [ 2.26252725  3.20002031  2.90128197  0.61883552  2.2402491  -1.28541479
 -1.88040642  1.81313685 ...]
std deviations: [0.02298424 0.00754894 0.00348342 0.01666691 0.01191788 0.00418935
 0.01340237 0.00739999 ...]
(0.00026899275393923815, array([ 2.26252725,  3.20002031,  2.90128197,  0.61883552,  2.2402491 ,
       -1.28541479, -1.88040642,  1.81313685,  1.8415695 , -3.87706533,
       -2.33567023, -0.90134028,  1.80729683,  4.15753357]))
