Unable to init server: Could not connect: Connection refused
Unable to init server: Could not connect: Connection refused

(test.py:10113): Gdk-CRITICAL **: 13:42:02.799: gdk_cursor_new_for_display: assertion 'GDK_IS_DISPLAY (display)' failed
(6_w,13)-aCMA-ES (mu_w=4.0,w_1=38%) in dimension 26 (seed=1060128, Tue Jul 28 13:42:02 2020)
Iterat #Fevals   function value  axis ratio  sigma  min&max std  t[m:s]
    1     13 6.800085409088118e-01 1.0e+00 9.41e-01  9e-01  9e-01 0:05.7
    2     26 5.617762682221070e-01 1.1e+00 9.08e-01  9e-01  9e-01 0:11.6
    3     39 1.725173553783827e-01 1.1e+00 8.81e-01  9e-01  9e-01 0:18.0
    4     52 1.938206742493993e-01 1.1e+00 8.63e-01  8e-01  9e-01 0:23.4
    5     65 3.081532398429326e-01 1.2e+00 8.49e-01  8e-01  9e-01 0:28.7
    6     78 3.972938180521771e-01 1.2e+00 8.22e-01  8e-01  8e-01 0:34.2
    8    104 2.526107611473914e-01 1.2e+00 8.21e-01  8e-01  8e-01 0:45.0
   10    130 4.411145833744983e-01 1.2e+00 7.92e-01  8e-01  8e-01 0:56.4
   12    156 1.935035107197264e-01 1.3e+00 7.34e-01  7e-01  7e-01 1:07.0
   14    182 2.168377663220381e-01 1.3e+00 7.08e-01  7e-01  7e-01 1:17.5
   16    208 2.872188137848786e-01 1.3e+00 6.98e-01  7e-01  7e-01 1:28.2
   19    247 2.343867953340766e-01 1.3e+00 7.08e-01  7e-01  7e-01 1:44.1
   22    286 2.944920231600896e-01 1.4e+00 7.12e-01  7e-01  7e-01 2:00.5
   25    325 1.668152578343335e-01 1.4e+00 6.98e-01  7e-01  7e-01 2:15.3
   28    364 1.646778047066276e-01 1.5e+00 6.77e-01  7e-01  7e-01 2:30.8
   31    403 1.269889159426650e-01 1.6e+00 6.63e-01  6e-01  7e-01 2:45.9
   35    455 2.786872883071448e-01 1.6e+00 6.12e-01  6e-01  6e-01 3:06.1
   39    507 2.680168155111544e-01 1.6e+00 6.02e-01  6e-01  6e-01 3:26.6
   43    559 2.334668982128482e-01 1.6e+00 5.81e-01  5e-01  6e-01 3:47.2
   47    611 3.634183004145324e-01 1.6e+00 5.51e-01  5e-01  6e-01 4:07.8
   51    663 3.080663065624038e-01 1.6e+00 5.52e-01  5e-01  6e-01 4:28.1
   56    728 2.021129574248008e-01 1.7e+00 5.46e-01  5e-01  6e-01 4:53.8
   61    793 1.382506105980842e-01 1.6e+00 5.32e-01  5e-01  6e-01 5:18.7
   66    858 1.351333294116984e-01 1.6e+00 5.17e-01  5e-01  5e-01 5:44.0
   71    923 3.165709409412524e-01 1.8e+00 5.32e-01  5e-01  6e-01 6:09.5
   77   1001 4.360900594810150e-01 1.9e+00 4.99e-01  5e-01  5e-01 6:39.0
   83   1079 1.206060192490491e-01 2.0e+00 4.50e-01  4e-01  5e-01 7:08.8
   89   1157 4.489822676879130e-02 2.0e+00 3.86e-01  3e-01  4e-01 7:38.2
   95   1235 2.525839752157898e-02 2.1e+00 3.78e-01  3e-01  4e-01 8:08.9
  100   1300 2.799076756913802e-02 2.1e+00 3.83e-01  3e-01  4e-01 8:34.6
  107   1391 8.625681888753564e-02 2.1e+00 3.06e-01  3e-01  3e-01 9:08.8
  114   1482 3.010009360438644e-02 2.1e+00 2.52e-01  2e-01  3e-01 9:43.2
  121   1573 1.135020992987128e-02 2.1e+00 2.29e-01  2e-01  2e-01 10:18.6
  128   1664 2.079485540851820e-02 2.2e+00 1.87e-01  2e-01  2e-01 10:52.8
  136   1768 9.285593745115167e-03 2.2e+00 1.84e-01  2e-01  2e-01 11:27.2
  144   1872 5.714321924403522e-03 2.3e+00 1.52e-01  1e-01  2e-01 12:03.4
  152   1976 9.899570209935749e-03 2.3e+00 1.42e-01  1e-01  1e-01 12:42.4
  160   2080 3.535361199398548e-03 2.2e+00 1.17e-01  9e-02  1e-01 13:21.6
  168   2184 4.576581889556754e-03 2.3e+00 1.31e-01  1e-01  1e-01 14:00.5
  176   2288 3.204642764402067e-03 2.5e+00 1.05e-01  8e-02  1e-01 14:40.1
  185   2405 2.991264286254199e-03 2.6e+00 8.75e-02  7e-02  9e-02 15:24.6
  194   2522 2.696798162749460e-03 2.7e+00 6.93e-02  5e-02  7e-02 16:09.5
  200   2600 2.266658590345775e-03 2.7e+00 6.73e-02  5e-02  7e-02 16:39.4
  209   2717 1.934398744794889e-03 2.8e+00 6.03e-02  5e-02  6e-02 17:23.5
  218   2834 1.778104582285670e-03 3.0e+00 5.16e-02  4e-02  5e-02 18:07.8
  228   2964 1.746561878122168e-03 3.3e+00 3.65e-02  3e-02  4e-02 18:57.7
  238   3094 1.534162309131047e-03 3.5e+00 2.95e-02  2e-02  3e-02 19:48.0
  248   3224 1.498180455759486e-03 3.8e+00 2.68e-02  2e-02  3e-02 20:35.2
  258   3354 1.414853787218701e-03 4.2e+00 2.21e-02  2e-02  2e-02 21:23.9
  269   3497 1.519206688468542e-03 4.5e+00 2.06e-02  2e-02  2e-02 22:15.1
  281   3653 1.398992219865466e-03 5.0e+00 1.77e-02  1e-02  2e-02 23:09.7
  293   3809 1.365646225255549e-03 5.7e+00 1.59e-02  1e-02  2e-02 24:04.1
  300   3900 1.336954580845287e-03 5.9e+00 1.48e-02  1e-02  2e-02 24:38.3
  311   4043 1.327759954134804e-03 6.7e+00 2.00e-02  2e-02  2e-02 25:33.8
  323   4199 1.240426004413371e-03 7.8e+00 2.19e-02  2e-02  2e-02 26:29.1
  335   4355 1.163432416181138e-03 9.4e+00 2.80e-02  2e-02  3e-02 27:27.3
  348   4524 1.137456360575088e-03 1.0e+01 2.30e-02  2e-02  3e-02 28:25.8
  361   4693 1.078512044104334e-03 1.1e+01 2.23e-02  2e-02  3e-02 29:26.9
  376   4888 9.687166165980604e-04 1.2e+01 2.51e-02  2e-02  3e-02 30:28.6
  389   5057 8.927951038225220e-04 1.4e+01 2.41e-02  2e-02  3e-02 31:32.0
  400   5200 8.292112074280109e-04 1.4e+01 1.95e-02  1e-02  2e-02 32:24.3
  413   5369 7.001654756439655e-04 1.5e+01 2.12e-02  2e-02  3e-02 33:27.4
  426   5538 5.942633312065628e-04 1.5e+01 2.58e-02  2e-02  3e-02 34:31.6
  439   5707 5.530646760020313e-04 1.6e+01 2.48e-02  2e-02  3e-02 35:35.6
  453   5889 4.700444864319841e-04 1.7e+01 2.17e-02  2e-02  3e-02 36:40.5
  472   6136 4.104181867463330e-04 1.9e+01 3.11e-02  2e-02  4e-02 37:46.9
  491   6383 3.978199596588757e-04 1.9e+01 2.41e-02  2e-02  3e-02 38:53.5
  500   6500 3.408460073355527e-04 1.9e+01 1.79e-02  1e-02  2e-02 39:24.1
  516   6708 3.430584890145688e-04 2.0e+01 1.45e-02  1e-02  2e-02 40:35.7
  532   6916 2.952559902790294e-04 2.1e+01 1.57e-02  1e-02  2e-02 41:49.0
  548   7124 2.923259259945398e-04 2.1e+01 1.93e-02  1e-02  3e-02 43:03.5
  563   7319 2.728135502664098e-04 2.1e+01 2.22e-02  1e-02  3e-02 44:15.0
  579   7527 2.608161551843281e-04 2.2e+01 1.76e-02  1e-02  3e-02 45:29.2
  596   7748 2.484459469852951e-04 2.2e+01 1.38e-02  9e-03  2e-02 46:46.3
  600   7800 2.507327759637611e-04 2.2e+01 1.29e-02  8e-03  2e-02 47:05.1
  618   8034 2.444791697660435e-04 2.3e+01 8.06e-03  5e-03  1e-02 48:21.9
  636   8268 2.417836394459047e-04 2.5e+01 7.08e-03  4e-03  1e-02 49:39.8
  654   8502 2.394702400030782e-04 2.6e+01 6.90e-03  4e-03  1e-02 51:01.3
  672   8736 2.382412284681199e-04 2.8e+01 5.90e-03  4e-03  8e-03 52:21.9
  690   8970 2.366044765838799e-04 3.1e+01 5.90e-03  4e-03  8e-03 53:44.9
  700   9100 2.359054830330935e-04 3.4e+01 6.83e-03  4e-03  1e-02 54:29.7
  720   9360 2.351066801484324e-04 4.0e+01 5.74e-03  3e-03  8e-03 55:51.8
  739   9607 2.332018350306154e-04 5.0e+01 7.73e-03  5e-03  1e-02 57:15.5
  759   9867 2.305972318567469e-04 5.9e+01 8.48e-03  5e-03  2e-02 58:41.9
  770  10010 2.285381723249472e-04 6.3e+01 7.19e-03  4e-03  1e-02 59:27.2
termination on maxfevals=10000.0 (Tue Jul 28 14:41:34 2020)
final/bestever f-value = 2.283193e-04 2.283193e-04
incumbent solution: [ 1.55074038 -0.3885392   1.0558825   2.431327    3.35698057  5.00350374
 -1.54898845 -0.17351977 ...]
std deviations: [0.0146705  0.00694118 0.00703009 0.00892001 0.00547054 0.00799676
 0.00605223 0.00506742 ...]
(0.00022831926707061366, array([ 1.55074038e+00, -3.88539195e-01,  1.05588250e+00,  2.43132700e+00,
        3.35698057e+00,  5.00350374e+00, -1.54898845e+00, -1.73519769e-01,
       -4.22332364e+00, -2.24154946e-04, -1.94608480e+00,  2.94000952e+00,
        1.90669209e+00,  1.09332115e+00, -4.86614108e+00,  9.07744829e-02,
        3.26806787e+00,  5.49911124e-01,  1.12052743e+00,  1.03168152e+00,
       -8.69277865e-01,  2.42845613e+00, -1.63460730e-01,  1.60558716e+00,
        9.41169030e-01,  2.28752619e+00]))
