Unable to init server: Could not connect: Connection refused
Unable to init server: Could not connect: Connection refused

(test.py:10111): Gdk-CRITICAL **: 13:42:02.839: gdk_cursor_new_for_display: assertion 'GDK_IS_DISPLAY (display)' failed
(6_w,12)-aCMA-ES (mu_w=3.7,w_1=40%) in dimension 20 (seed=1108335, Tue Jul 28 13:42:02 2020)
Iterat #Fevals   function value  axis ratio  sigma  min&max std  t[m:s]
    1     12 5.280932840459042e-01 1.0e+00 9.37e-01  9e-01  9e-01 0:04.5
    2     24 3.794151400642139e-01 1.1e+00 8.85e-01  9e-01  9e-01 0:09.5
    3     36 5.455734696252584e-01 1.1e+00 8.43e-01  8e-01  9e-01 0:13.7
    4     48 2.925326079748997e-01 1.1e+00 8.48e-01  8e-01  9e-01 0:17.6
    5     60 2.106376596715265e-01 1.2e+00 8.48e-01  8e-01  9e-01 0:21.8
    7     84 1.413754983048497e-01 1.2e+00 8.26e-01  8e-01  8e-01 0:29.7
    9    108 4.244544440271403e-01 1.3e+00 8.67e-01  8e-01  9e-01 0:38.0
   11    132 3.856386093051735e-01 1.4e+00 8.65e-01  8e-01  9e-01 0:45.6
   14    168 4.041339226799213e-02 1.4e+00 7.92e-01  7e-01  8e-01 0:57.8
   17    204 5.070925078092259e-01 1.5e+00 7.79e-01  7e-01  8e-01 1:09.5
   20    240 2.374981305056317e-02 1.5e+00 7.12e-01  7e-01  7e-01 1:21.3
   23    276 8.236756298481927e-02 1.5e+00 6.24e-01  6e-01  7e-01 1:33.0
   26    312 1.586544362355633e-01 1.5e+00 6.19e-01  6e-01  7e-01 1:45.0
   30    360 1.364509696630053e-01 1.6e+00 6.78e-01  6e-01  7e-01 2:01.1
   34    408 3.821352001438760e-01 1.7e+00 6.54e-01  6e-01  7e-01 2:15.7
   39    468 4.904247814840808e-01 1.7e+00 6.37e-01  6e-01  7e-01 2:33.9
   44    528 2.505034915391717e-01 1.7e+00 5.19e-01  5e-01  6e-01 2:52.3
   49    588 1.175002104187614e-01 1.8e+00 5.45e-01  5e-01  6e-01 3:11.1
   54    648 6.810692510885567e-02 1.8e+00 5.06e-01  5e-01  5e-01 3:29.5
   60    720 9.481416217888038e-02 1.8e+00 4.06e-01  4e-01  4e-01 3:51.8
   66    792 6.025486928120424e-02 2.0e+00 3.95e-01  3e-01  4e-01 4:14.7
   72    864 3.555507891419971e-02 2.1e+00 3.28e-01  3e-01  3e-01 4:37.7
   78    936 5.374147318600500e-02 2.1e+00 2.97e-01  3e-01  3e-01 5:00.2
   85   1020 7.512006407020520e-03 2.2e+00 2.26e-01  2e-01  2e-01 5:26.6
   92   1104 7.825291123546383e-03 2.3e+00 1.84e-01  2e-01  2e-01 5:52.9
   99   1188 7.458669473855662e-03 2.4e+00 1.30e-01  1e-01  1e-01 6:18.8
  100   1200 3.457511260582211e-03 2.4e+00 1.26e-01  1e-01  1e-01 6:22.5
  108   1296 4.952278752307481e-03 2.4e+00 1.36e-01  1e-01  1e-01 6:52.0
  116   1392 3.329191835939819e-03 2.7e+00 1.34e-01  1e-01  1e-01 7:21.5
  124   1488 3.985321187325955e-03 3.1e+00 1.17e-01  1e-01  1e-01 7:51.8
  132   1584 2.252779001313429e-03 3.4e+00 8.93e-02  7e-02  9e-02 8:22.4
  141   1692 1.678630544801470e-03 3.8e+00 6.88e-02  5e-02  7e-02 8:56.6
  150   1800 1.800199815760027e-03 4.1e+00 5.76e-02  5e-02  6e-02 9:30.6
  159   1908 1.784686451617659e-03 5.1e+00 7.25e-02  6e-02  8e-02 10:04.8
  169   2028 1.488752490078041e-03 5.5e+00 5.63e-02  4e-02  6e-02 10:38.8
  179   2148 1.463935679166607e-03 5.8e+00 4.60e-02  3e-02  5e-02 11:14.1
  190   2280 1.203740447029794e-03 6.6e+00 2.98e-02  2e-02  3e-02 11:53.1
  200   2400 1.151523015712867e-03 7.5e+00 2.49e-02  2e-02  3e-02 12:27.0
  212   2544 1.108217890954290e-03 9.0e+00 1.81e-02  1e-02  2e-02 13:07.0
  223   2676 1.064146838509924e-03 1.2e+01 2.30e-02  2e-02  3e-02 13:47.4
  235   2820 1.025964922608638e-03 1.6e+01 2.44e-02  2e-02  3e-02 14:30.8
  248   2976 8.802339459787014e-04 2.0e+01 2.80e-02  2e-02  4e-02 15:15.1
  260   3120 7.577027960526442e-04 2.3e+01 2.80e-02  2e-02  4e-02 15:58.8
  274   3288 7.292676686704288e-04 2.8e+01 2.67e-02  2e-02  4e-02 16:42.9
  286   3432 6.180136057961197e-04 3.2e+01 2.63e-02  2e-02  4e-02 17:27.0
  299   3588 5.706556178298648e-04 3.3e+01 1.94e-02  1e-02  3e-02 18:14.8
  300   3600 5.617132743294857e-04 3.4e+01 2.02e-02  1e-02  3e-02 18:18.4
  314   3768 5.234085739052861e-04 3.8e+01 2.47e-02  2e-02  4e-02 19:08.4
  328   3936 4.938319323034103e-04 3.9e+01 1.93e-02  1e-02  3e-02 19:57.7
  342   4104 4.601744980081565e-04 4.1e+01 1.73e-02  1e-02  3e-02 20:49.2
  356   4272 4.479171157247148e-04 4.1e+01 1.58e-02  9e-03  3e-02 21:41.3
  370   4440 4.212716054548632e-04 4.2e+01 1.66e-02  1e-02  3e-02 22:34.0
  386   4632 4.021459426123694e-04 4.2e+01 1.47e-02  9e-03  3e-02 23:26.6
  400   4800 3.856855760613551e-04 4.6e+01 1.51e-02  9e-03  3e-02 24:14.2
  417   5004 3.573108824665636e-04 5.2e+01 1.10e-02  6e-03  2e-02 25:09.2
  435   5220 3.186581262106979e-04 5.0e+01 2.18e-02  1e-02  4e-02 26:05.2
  452   5424 2.889209436103360e-04 4.8e+01 2.17e-02  1e-02  3e-02 27:04.6
  470   5640 2.778959509925074e-04 4.8e+01 2.38e-02  1e-02  3e-02 28:02.0
  490   5880 2.670632484056309e-04 4.8e+01 1.62e-02  7e-03  2e-02 29:00.1
  500   6000 2.611067676986579e-04 4.9e+01 1.65e-02  7e-03  2e-02 29:37.2
  519   6228 2.565589684355481e-04 5.1e+01 1.17e-02  5e-03  2e-02 30:39.5
  539   6468 2.505645497678645e-04 5.2e+01 8.96e-03  3e-03  1e-02 31:42.7
  560   6720 2.478877633868585e-04 6.5e+01 8.83e-03  3e-03  1e-02 32:46.1
  580   6960 2.415645093212232e-04 6.8e+01 1.07e-02  4e-03  2e-02 33:50.4
  598   7176 2.368220950442438e-04 7.6e+01 1.77e-02  7e-03  3e-02 34:55.7
  600   7200 2.322324891300710e-04 7.8e+01 1.81e-02  8e-03  3e-02 35:02.6
  619   7428 2.176999105756775e-04 8.4e+01 2.60e-02  1e-02  5e-02 36:10.4
  651   7812 1.835606718852469e-04 8.5e+01 2.27e-02  9e-03  4e-02 37:19.2
  679   8148 1.613884123735353e-04 8.3e+01 2.31e-02  9e-03  4e-02 38:30.3
  700   8400 1.516566740279375e-04 7.5e+01 2.20e-02  8e-03  3e-02 39:30.6
  721   8652 1.369008193140582e-04 7.4e+01 1.36e-02  5e-03  2e-02 40:42.0
  744   8928 1.333985691424246e-04 7.4e+01 9.75e-03  4e-03  1e-02 41:56.4
  766   9192 1.322419185571679e-04 7.3e+01 6.14e-03  3e-03  7e-03 43:10.5
  788   9456 1.307368518084701e-04 7.2e+01 5.35e-03  2e-03  6e-03 44:25.5
  800   9600 1.296036133814272e-04 7.9e+01 6.77e-03  3e-03  9e-03 45:05.0
  822   9864 1.261976292827409e-04 1.1e+02 9.59e-03  4e-03  2e-02 46:22.9
  834  10008 1.243887179943395e-04 1.3e+02 1.21e-02  4e-03  2e-02 47:05.5
termination on maxfevals=10000.0 (Tue Jul 28 14:29:11 2020)
final/bestever f-value = 1.239316e-04 1.238876e-04
incumbent solution: [-2.93792898  0.76106684  5.09933256  2.23771906 -0.42802586 -4.38328174
  1.54616059 -3.95448426 ...]
std deviations: [0.01390865 0.00593877 0.00615683 0.00891391 0.00666508 0.01035956
 0.01173435 0.00449725 ...]
(0.00012388760065664247, array([-2.94109671,  0.7615428 ,  5.09383903,  2.23805331, -0.42816649,
       -4.3807317 ,  1.55095047, -3.95825135,  3.80542344,  4.04176117,
       -0.54751128, -0.57891073, -5.47256243, -2.10117943,  0.10711658,
       -2.02217984,  2.41215359, -1.21530479,  0.54047203, -3.76916168]))
