Unable to init server: Could not connect: Connection refused
Unable to init server: Could not connect: Connection refused

(test.py:10106): Gdk-CRITICAL **: 13:42:02.794: gdk_cursor_new_for_display: assertion 'GDK_IS_DISPLAY (display)' failed
(4_w,8)-aCMA-ES (mu_w=2.6,w_1=52%) in dimension 5 (seed=1049499, Tue Jul 28 13:42:02 2020)
Iterat #Fevals   function value  axis ratio  sigma  min&max std  t[m:s]
    1      8 4.803907767778620e-01 1.0e+00 9.82e-01  1e+00  1e+00 0:01.3
    2     16 1.059101443626347e-01 1.3e+00 1.26e+00  1e+00  1e+00 0:02.1
    3     24 2.486799759419464e-01 1.6e+00 1.44e+00  1e+00  2e+00 0:03.0
    7     56 3.651345136354808e-01 2.0e+00 1.32e+00  1e+00  2e+00 0:07.0
   13    104 4.551282833430032e-02 2.4e+00 8.27e-01  6e-01  8e-01 0:12.0
   19    152 2.672189981941296e-02 3.5e+00 5.41e-01  4e-01  4e-01 0:17.2
   26    208 3.277075462739733e-02 5.0e+00 3.71e-01  2e-01  3e-01 0:23.8
   34    272 2.438005584775711e-02 1.0e+01 2.96e-01  2e-01  2e-01 0:31.1
   44    352 2.281813584838574e-02 1.8e+01 1.56e-01  1e-01  2e-01 0:39.2
   56    448 2.266895244407521e-02 3.6e+01 1.00e-01  6e-02  1e-01 0:49.0
   69    552 2.266440524024710e-02 9.0e+01 3.45e-02  2e-02  4e-02 0:59.5
   83    664 2.266413105635472e-02 1.5e+02 7.38e-03  3e-03  6e-03 1:11.0
   98    784 2.266413046534620e-02 2.8e+02 2.84e-03  6e-04  2e-03 1:23.4
  100    800 2.266413056407600e-02 3.1e+02 2.09e-03  5e-04  2e-03 1:25.0
  117    936 2.266413043168976e-02 5.1e+02 3.94e-04  4e-05  3e-04 1:39.6
  135   1080 2.266413043106330e-02 1.1e+03 1.18e-04  5e-06  8e-05 1:55.3
  137   1096 2.266413043106533e-02 1.4e+03 9.15e-05  3e-06  6e-05 1:56.8
termination on tolfun=1e-11 (Tue Jul 28 13:44:00 2020)
final/bestever f-value = 2.266413e-02 2.266413e-02
incumbent solution: [-0.07275848496034912, -6.364514313475164, -7.919265370373955e-07, -1.5260162367409638, 5.574570510913206]
std deviation: [6.335801543853188e-05, 5.922486289514251e-05, 3.388372282041733e-06, 6.336409004897312e-05, 5.922199742254894e-05]
(0.02266413043105927, array([-7.27584850e-02, -6.36451431e+00, -7.91926537e-07, -1.52601624e+00,
        5.57457051e+00]))
