     fun: 0.00032127287219360423
   maxcv: 0.0
 message: 'Optimization terminated successfully.'
    nfev: 13550
  status: 1
 success: True
       x: array([ 1.02630236, -0.11519882,  1.26517995,  1.24055244,  2.3525212 ,
       -1.32133522,  1.13189199,  1.07205119, -0.16909551,  0.20620334,
        1.5487709 ,  1.551832  ,  1.70047633,  0.06158068,  0.33577458,
        0.33250108,  1.24568935, -0.09122003,  1.22758688, -0.97208311,
       -2.44729862,  1.73998773,  0.92136144, -0.71939996,  2.86161848,
       -0.37426268, -0.4133927 , -0.33172297,  1.56421017,  2.58911269,
        0.01690674,  0.46927188])
(0.00032127287219360423, array([ 1.02630236, -0.11519882,  1.26517995,  1.24055244,  2.3525212 ,
       -1.32133522,  1.13189199,  1.07205119, -0.16909551,  0.20620334,
        1.5487709 ,  1.551832  ,  1.70047633,  0.06158068,  0.33577458,
        0.33250108,  1.24568935, -0.09122003,  1.22758688, -0.97208311,
       -2.44729862,  1.73998773,  0.92136144, -0.71939996,  2.86161848,
       -0.37426268, -0.4133927 , -0.33172297,  1.56421017,  2.58911269,
        0.01690674,  0.46927188]))
