     fun: 0.00025085461171773875
   maxcv: 0.0
 message: 'Optimization terminated successfully.'
    nfev: 37670
  status: 1
 success: True
       x: array([ 2.60568204,  0.12178703,  2.29182274,  1.4034916 ,  2.11152329,
       -0.83874126,  0.96878864,  0.7988888 ,  0.15412277,  1.38812965,
        1.23425346,  1.40938947,  0.65125855,  0.20595582,  0.798978  ,
        0.51051715,  1.80304996,  1.1498829 , -0.12094493, -0.76423642,
       -3.20375039,  0.28783894,  0.83445281, -0.73291524,  2.32662992,
       -1.843727  ,  0.60922749, -0.15284287,  1.60834955,  2.74148801,
        1.28708131,  0.41027788, -1.51966006, -1.71665046, -0.37326317,
        0.4855069 ,  2.24923001,  1.32656549,  0.08080746, -0.37897315,
       -0.89952031, -1.1006228 , -1.59991453,  1.85527648, -0.83566248,
       -0.26805568, -1.39313871,  0.9238636 , -1.24482638, -0.09070272])
(0.00025085461171773875, array([ 2.60568204,  0.12178703,  2.29182274,  1.4034916 ,  2.11152329,
       -0.83874126,  0.96878864,  0.7988888 ,  0.15412277,  1.38812965,
        1.23425346,  1.40938947,  0.65125855,  0.20595582,  0.798978  ,
        0.51051715,  1.80304996,  1.1498829 , -0.12094493, -0.76423642,
       -3.20375039,  0.28783894,  0.83445281, -0.73291524,  2.32662992,
       -1.843727  ,  0.60922749, -0.15284287,  1.60834955,  2.74148801,
        1.28708131,  0.41027788, -1.51966006, -1.71665046, -0.37326317,
        0.4855069 ,  2.24923001,  1.32656549,  0.08080746, -0.37897315,
       -0.89952031, -1.1006228 , -1.59991453,  1.85527648, -0.83566248,
       -0.26805568, -1.39313871,  0.9238636 , -1.24482638, -0.09070272]))
