/home/adrianps/Universal-Approximator/qibo_sim/classes/ApproximantNN.py:216: OptimizeWarning: Unknown solver options: nepochs, nmessage, optimizer, learning_rate
  method=method, options=options)
     fun: 0.00030470070185723534
   maxcv: 0.0
 message: 'Maximum number of function evaluations has been exceeded.'
    nfev: 1000
  status: 2
 success: False
       x: array([ 2.77407512e+00, -8.86562268e-02,  2.45948758e+00,  3.70364858e+00,
        2.11721414e+00, -8.19858276e-01,  1.52077779e+00,  9.79831968e-01,
       -2.71564738e-02,  1.36138193e+00,  1.13316971e+00,  1.45266924e+00,
        3.77684785e-01,  7.24082404e-02,  3.24660501e-01, -3.14876680e-02,
        1.48919483e+00, -2.03048933e-01,  3.18511909e-01, -8.37278921e-01,
       -2.53508797e+00,  1.01182023e+00,  1.01072074e+00, -7.55616289e-01,
        2.29786613e+00, -1.05021541e+00, -4.17993857e-03,  3.55207926e-02,
        1.66704261e+00,  1.46858938e+00,  1.42288550e-02,  3.62472720e-01,
       -8.79770158e-01, -2.15429151e+00, -2.49736510e-01,  1.46094517e-01,
        1.49319770e+00,  1.24225782e+00, -4.30372594e-01, -5.28255810e-01,
       -1.06579891e+00, -1.42229399e+00, -1.65420333e+00,  1.75892916e+00,
       -4.74206845e-01, -4.43827573e-01, -1.24789019e+00,  7.75342297e-01,
       -1.57519997e+00,  7.44328421e-01, -8.59887614e-01,  3.89288677e-01,
       -5.40761479e-01, -2.12881627e-01, -1.14978853e-03,  4.34064698e-01,
        5.79314105e-02,  2.68303090e-01, -6.70382084e-01])
cobyla
(0.00030470070185723534, array([ 2.77407512e+00, -8.86562268e-02,  2.45948758e+00,  3.70364858e+00,
        2.11721414e+00, -8.19858276e-01,  1.52077779e+00,  9.79831968e-01,
       -2.71564738e-02,  1.36138193e+00,  1.13316971e+00,  1.45266924e+00,
        3.77684785e-01,  7.24082404e-02,  3.24660501e-01, -3.14876680e-02,
        1.48919483e+00, -2.03048933e-01,  3.18511909e-01, -8.37278921e-01,
       -2.53508797e+00,  1.01182023e+00,  1.01072074e+00, -7.55616289e-01,
        2.29786613e+00, -1.05021541e+00, -4.17993857e-03,  3.55207926e-02,
        1.66704261e+00,  1.46858938e+00,  1.42288550e-02,  3.62472720e-01,
       -8.79770158e-01, -2.15429151e+00, -2.49736510e-01,  1.46094517e-01,
        1.49319770e+00,  1.24225782e+00, -4.30372594e-01, -5.28255810e-01,
       -1.06579891e+00, -1.42229399e+00, -1.65420333e+00,  1.75892916e+00,
       -4.74206845e-01, -4.43827573e-01, -1.24789019e+00,  7.75342297e-01,
       -1.57519997e+00,  7.44328421e-01, -8.59887614e-01,  3.89288677e-01,
       -5.40761479e-01, -2.12881627e-01, -1.14978853e-03,  4.34064698e-01,
        5.79314105e-02,  2.68303090e-01, -6.70382084e-01]))
