/home/adrianps/Universal-Approximator/qibo_sim/classes/ApproximantNN.py:216: OptimizeWarning: Unknown solver options: nepochs, nmessage, optimizer, learning_rate
  method=method, options=options)
     fun: 0.00031733103949260744
   maxcv: 0.0
 message: 'Maximum number of function evaluations has been exceeded.'
    nfev: 1000
  status: 2
 success: False
       x: array([ 2.78551852,  1.41098307,  1.99689078,  2.24960959,  1.87590221,
        0.54615234,  0.46344167,  0.10017627,  0.09383662,  0.34850414,
        0.12351852,  1.43544734,  0.68097326,  1.12961881,  1.36856501,
        0.28736229,  1.48547032, -0.18675811,  0.25259458, -0.79974055,
       -2.62487416,  1.60707977,  0.81276598, -0.6518659 ,  2.48508542,
       -1.02746908,  0.25602917, -0.23539323,  1.18915146,  1.46724438,
        0.09802587,  0.31289098, -0.91618772, -1.91217065, -0.41875781,
        0.145583  ,  1.19300281,  1.1332541 , -0.49413742, -0.31875572,
       -1.00937077, -1.49659462, -1.77709741,  1.88963873, -0.54537579,
       -0.51218867, -1.26689552,  1.69167773, -1.67438838, -0.20123249,
       -0.89375435,  0.38366585, -0.50869007, -1.25261177, -0.01712818,
        0.35796203])
cobyla
(0.00031733103949260744, array([ 2.78551852,  1.41098307,  1.99689078,  2.24960959,  1.87590221,
        0.54615234,  0.46344167,  0.10017627,  0.09383662,  0.34850414,
        0.12351852,  1.43544734,  0.68097326,  1.12961881,  1.36856501,
        0.28736229,  1.48547032, -0.18675811,  0.25259458, -0.79974055,
       -2.62487416,  1.60707977,  0.81276598, -0.6518659 ,  2.48508542,
       -1.02746908,  0.25602917, -0.23539323,  1.18915146,  1.46724438,
        0.09802587,  0.31289098, -0.91618772, -1.91217065, -0.41875781,
        0.145583  ,  1.19300281,  1.1332541 , -0.49413742, -0.31875572,
       -1.00937077, -1.49659462, -1.77709741,  1.88963873, -0.54537579,
       -0.51218867, -1.26689552,  1.69167773, -1.67438838, -0.20123249,
       -0.89375435,  0.38366585, -0.50869007, -1.25261177, -0.01712818,
        0.35796203]))
