     fun: 0.0003001850545441019
   maxcv: 0.0
 message: 'Optimization terminated successfully.'
    nfev: 33533
  status: 1
 success: True
       x: array([ 2.41722098,  0.17159431,  2.04288571,  2.29862709,  1.52651131,
       -1.21191446,  0.50374385,  0.17561708, -0.0659694 ,  0.51854939,
        0.01685152,  1.43774884,  0.749972  ,  0.3476619 ,  0.48173724,
        0.30978633,  2.69705465, -0.1598094 ,  0.10191772, -0.67892741,
       -2.67000467,  0.54437382,  0.66679013, -0.52818127,  1.87837058,
       -1.5107259 , -0.1980951 , -0.18670626,  1.42591611,  1.39106883,
        1.32672865,  0.27486683, -1.37775389, -1.9416066 , -0.16952293,
        0.17806993,  1.16486376,  1.45799564,  0.7128938 , -0.48546268,
       -0.83534396, -1.45079603, -1.53469428,  1.79700217])
(0.0003001850545441019, array([ 2.41722098,  0.17159431,  2.04288571,  2.29862709,  1.52651131,
       -1.21191446,  0.50374385,  0.17561708, -0.0659694 ,  0.51854939,
        0.01685152,  1.43774884,  0.749972  ,  0.3476619 ,  0.48173724,
        0.30978633,  2.69705465, -0.1598094 ,  0.10191772, -0.67892741,
       -2.67000467,  0.54437382,  0.66679013, -0.52818127,  1.87837058,
       -1.5107259 , -0.1980951 , -0.18670626,  1.42591611,  1.39106883,
        1.32672865,  0.27486683, -1.37775389, -1.9416066 , -0.16952293,
        0.17806993,  1.16486376,  1.45799564,  0.7128938 , -0.48546268,
       -0.83534396, -1.45079603, -1.53469428,  1.79700217]))
