     fun: 0.00021761499016414727
   maxcv: 0.0
 message: 'Optimization terminated successfully.'
    nfev: 58508
  status: 1
 success: True
       x: array([ 2.7369547 ,  0.14231453,  2.61816583,  3.27394738,  1.84652991,
       -1.1191843 ,  1.98042618,  0.84642885, -0.21613683,  1.54514877,
        0.91615051,  1.49866451,  0.16662982,  0.2465532 ,  0.51029535,
        0.4575129 ,  1.49417205,  0.91051138,  0.16988759, -0.68132849,
       -2.74874165,  0.34678801,  1.79643761, -0.70948356,  2.3616659 ,
       -1.42806731,  0.13714051, -0.27142786,  1.51110598,  1.3436802 ,
        0.35982439,  0.45389692, -0.8676006 , -1.93337707, -0.35040528,
        0.06564305,  1.10168461,  1.34456189, -0.3363862 , -0.25552898,
       -0.96912026, -1.33575466, -1.68504319,  1.97112815, -0.53580037,
       -0.16130583, -1.2033226 ,  0.77720314, -1.55918835, -0.12039798,
       -1.02309282,  0.66865218, -0.4753583 ])
(0.00021761499016414727, array([ 2.7369547 ,  0.14231453,  2.61816583,  3.27394738,  1.84652991,
       -1.1191843 ,  1.98042618,  0.84642885, -0.21613683,  1.54514877,
        0.91615051,  1.49866451,  0.16662982,  0.2465532 ,  0.51029535,
        0.4575129 ,  1.49417205,  0.91051138,  0.16988759, -0.68132849,
       -2.74874165,  0.34678801,  1.79643761, -0.70948356,  2.3616659 ,
       -1.42806731,  0.13714051, -0.27142786,  1.51110598,  1.3436802 ,
        0.35982439,  0.45389692, -0.8676006 , -1.93337707, -0.35040528,
        0.06564305,  1.10168461,  1.34456189, -0.3363862 , -0.25552898,
       -0.96912026, -1.33575466, -1.68504319,  1.97112815, -0.53580037,
       -0.16130583, -1.2033226 ,  0.77720314, -1.55918835, -0.12039798,
       -1.02309282,  0.66865218, -0.4753583 ]))
