     fun: 0.0002599746730557544
   maxcv: 0.0
 message: 'Optimization terminated successfully.'
    nfev: 69942
  status: 1
 success: True
       x: array([ 1.37249844,  0.13453615,  2.13579003,  1.67638713,  2.36924241,
       -1.40926418,  1.13523066,  0.48514152,  0.07171648,  0.24292523,
        0.18653361,  1.15464289,  0.53047098, -0.22262784,  0.18079776,
        0.10634694,  1.33982627,  0.78495694,  1.26178022, -1.11082243,
       -2.64047254,  1.53031064,  1.95897458, -0.93311524,  3.07465019,
       -1.49112027,  0.03602045,  0.25533245,  1.38922065,  1.65233496,
        1.15864683,  0.39070966, -0.80743522, -2.01353232, -0.38384088,
       -0.02290644,  1.2190966 ,  1.18839001, -0.24658096, -0.34795112,
       -1.08701138, -1.5003735 , -1.62206   ,  1.95452365, -0.34379191,
       -0.2802264 , -1.17233896])
(0.0002599746730557544, array([ 1.37249844,  0.13453615,  2.13579003,  1.67638713,  2.36924241,
       -1.40926418,  1.13523066,  0.48514152,  0.07171648,  0.24292523,
        0.18653361,  1.15464289,  0.53047098, -0.22262784,  0.18079776,
        0.10634694,  1.33982627,  0.78495694,  1.26178022, -1.11082243,
       -2.64047254,  1.53031064,  1.95897458, -0.93311524,  3.07465019,
       -1.49112027,  0.03602045,  0.25533245,  1.38922065,  1.65233496,
        1.15864683,  0.39070966, -0.80743522, -2.01353232, -0.38384088,
       -0.02290644,  1.2190966 ,  1.18839001, -0.24658096, -0.34795112,
       -1.08701138, -1.5003735 , -1.62206   ,  1.95452365, -0.34379191,
       -0.2802264 , -1.17233896]))
