     fun: 0.00029313117841162285
   maxcv: 0.0
 message: 'Optimization terminated successfully.'
    nfev: 25870
  status: 1
 success: True
       x: array([ 1.86231172,  1.98894716,  2.22822142,  1.67302103,  1.7650728 ,
        0.77338395,  2.03170099,  0.30597748, -0.13870699,  0.20784481,
        0.16762397,  2.39443346,  0.63748221, -0.33262279,  0.36498138,
        0.23411262,  1.2320663 , -0.34867908,  0.30460841, -1.27615155,
       -2.66822058,  0.64217767,  1.84058324, -0.6618847 ,  2.26261637,
       -1.97791288,  0.31321225, -0.40519513,  1.3418973 ,  1.42552348,
       -0.29134652,  0.33238253, -0.95108253, -2.29457227, -0.7216476 ])
(0.00029313117841162285, array([ 1.86231172,  1.98894716,  2.22822142,  1.67302103,  1.7650728 ,
        0.77338395,  2.03170099,  0.30597748, -0.13870699,  0.20784481,
        0.16762397,  2.39443346,  0.63748221, -0.33262279,  0.36498138,
        0.23411262,  1.2320663 , -0.34867908,  0.30460841, -1.27615155,
       -2.66822058,  0.64217767,  1.84058324, -0.6618847 ,  2.26261637,
       -1.97791288,  0.31321225, -0.40519513,  1.3418973 ,  1.42552348,
       -0.29134652,  0.33238253, -0.95108253, -2.29457227, -0.7216476 ]))
