/home/adrianps/Universal-Approximator/qibo_sim/classes/ApproximantNN.py:216: OptimizeWarning: Unknown solver options: nepochs, nmessage, optimizer, learning_rate
  method=method, options=options)
     fun: 0.0005679685979095062
   maxcv: 0.0
 message: 'Maximum number of function evaluations has been exceeded.'
    nfev: 1000
  status: 2
 success: False
       x: array([ 1.17305266,  1.31379463,  2.11999617,  3.11666416,  1.83390026,
       -0.89794975,  0.7587011 ,  0.5303302 ,  0.2923284 ,  0.16055721,
        0.11453542,  2.33141556,  1.03544847,  1.12041887,  0.02277313,
        1.53277116,  1.00998576, -1.0502708 ,  0.26647935, -0.80591885,
       -3.30306104,  0.69522786,  0.10960769, -0.71478712,  1.70726279,
       -1.62469049, -0.39817379, -0.06484319,  1.55369178])
cobyla
(0.0005679685979095062, array([ 1.17305266,  1.31379463,  2.11999617,  3.11666416,  1.83390026,
       -0.89794975,  0.7587011 ,  0.5303302 ,  0.2923284 ,  0.16055721,
        0.11453542,  2.33141556,  1.03544847,  1.12041887,  0.02277313,
        1.53277116,  1.00998576, -1.0502708 ,  0.26647935, -0.80591885,
       -3.30306104,  0.69522786,  0.10960769, -0.71478712,  1.70726279,
       -1.62469049, -0.39817379, -0.06484319,  1.55369178]))
