     fun: 0.0002999305843000673
   maxcv: 0.0
 message: 'Optimization terminated successfully.'
    nfev: 53787
  status: 1
 success: True
       x: array([ 2.04568596,  0.06568656,  2.06416769,  2.6694286 ,  2.60280728,
       -1.3684762 ,  1.05345233,  1.37286364, -0.32528332,  0.37469998,
        0.38153775,  1.88842605,  1.73798941, -0.58268183,  0.29674747,
        0.10904111,  1.24191713, -0.2844812 ,  0.21825124, -0.84833945,
       -2.753942  ,  1.97975401,  0.91841215, -0.90465656,  2.12464969,
       -1.30437416,  0.11453131, -0.26524404,  1.26159556,  1.45247506,
       -0.2050944 ,  0.43833427, -0.7556069 , -1.69066658, -0.69245978,
       -0.04986286,  1.7908142 ,  0.99780628])
(0.0002999305843000673, array([ 2.04568596,  0.06568656,  2.06416769,  2.6694286 ,  2.60280728,
       -1.3684762 ,  1.05345233,  1.37286364, -0.32528332,  0.37469998,
        0.38153775,  1.88842605,  1.73798941, -0.58268183,  0.29674747,
        0.10904111,  1.24191713, -0.2844812 ,  0.21825124, -0.84833945,
       -2.753942  ,  1.97975401,  0.91841215, -0.90465656,  2.12464969,
       -1.30437416,  0.11453131, -0.26524404,  1.26159556,  1.45247506,
       -0.2050944 ,  0.43833427, -0.7556069 , -1.69066658, -0.69245978,
       -0.04986286,  1.7908142 ,  0.99780628]))
