/home/adrianps/Universal-Approximator/qibo_sim/classes/ApproximantNN.py:216: OptimizeWarning: Unknown solver options: nepochs, nmessage, optimizer, learning_rate
  method=method, options=options)
     fun: 0.0014953841073055518
   maxcv: 0.0
 message: 'Maximum number of function evaluations has been exceeded.'
    nfev: 1000
  status: 2
 success: False
       x: array([ 1.15652222e+00,  1.13422408e+00,  2.14487273e+00,  3.36515787e+00,
        2.12612676e+00, -1.34393838e-01,  5.46663344e-02, -4.07562844e-01,
        4.87279177e-01,  2.93243484e-01, -7.70774141e-01,  1.63738612e+00,
        9.33729862e-01, -8.71594740e-02,  3.12063334e-03,  6.86317149e-03,
        1.08431020e+00, -6.39090009e-01,  5.22766668e-01, -1.45200351e+00,
       -2.82789304e+00,  1.91721979e+00, -5.24920617e-03, -8.46326605e-01,
        1.55335317e+00, -1.34150328e+00])
cobyla
(0.0014953841073055518, array([ 1.15652222e+00,  1.13422408e+00,  2.14487273e+00,  3.36515787e+00,
        2.12612676e+00, -1.34393838e-01,  5.46663344e-02, -4.07562844e-01,
        4.87279177e-01,  2.93243484e-01, -7.70774141e-01,  1.63738612e+00,
        9.33729862e-01, -8.71594740e-02,  3.12063334e-03,  6.86317149e-03,
        1.08431020e+00, -6.39090009e-01,  5.22766668e-01, -1.45200351e+00,
       -2.82789304e+00,  1.91721979e+00, -5.24920617e-03, -8.46326605e-01,
        1.55335317e+00, -1.34150328e+00]))
