/home/adrianps/Universal-Approximator/qibo_sim/classes/ApproximantNN.py:216: OptimizeWarning: Unknown solver options: nepochs, nmessage, optimizer, learning_rate
  method=method, options=options)
     fun: 0.0015094553153362292
   maxcv: 0.0
 message: 'Maximum number of function evaluations has been exceeded.'
    nfev: 1000
  status: 2
 success: False
       x: array([ 1.66851922,  1.9974466 ,  2.07576175,  2.14323932,  2.8373333 ,
        0.87992568,  0.89838281, -0.16736989, -0.33639396, -0.05130485,
       -0.31381194,  1.37306053,  0.88288396,  0.20849175,  0.38603462,
        0.09693074,  1.31075062, -0.25084042,  0.21530583, -0.86699042,
       -2.67940808,  0.57644568,  0.39813059, -0.62547346,  2.0951399 ,
       -1.96306322, -0.35268196, -0.18257361,  1.05812071,  1.41579426,
       -0.26200731,  0.30645211, -0.86257376, -2.16488464, -0.52247912,
        0.84296293,  1.52960514,  1.57771397, -0.35036921, -0.26485492,
       -1.10647213])
cobyla
(0.0015094553153362292, array([ 1.66851922,  1.9974466 ,  2.07576175,  2.14323932,  2.8373333 ,
        0.87992568,  0.89838281, -0.16736989, -0.33639396, -0.05130485,
       -0.31381194,  1.37306053,  0.88288396,  0.20849175,  0.38603462,
        0.09693074,  1.31075062, -0.25084042,  0.21530583, -0.86699042,
       -2.67940808,  0.57644568,  0.39813059, -0.62547346,  2.0951399 ,
       -1.96306322, -0.35268196, -0.18257361,  1.05812071,  1.41579426,
       -0.26200731,  0.30645211, -0.86257376, -2.16488464, -0.52247912,
        0.84296293,  1.52960514,  1.57771397, -0.35036921, -0.26485492,
       -1.10647213]))
