/home/adrianps/Universal-Approximator/qibo_sim/classes/ApproximantNN.py:192: OptimizeWarning: Unknown solver options: nepochs, nmessage, optimizer, learning_rate
  method=method, options=options)
      fun: 9.719083279257921e-05
 hess_inv: <35x35 LbfgsInvHessProduct with dtype=float64>
      jac: array([ 3.46971434e-05,  1.76109236e-05,  5.84143262e-05,  4.10418796e-05,
       -9.50840562e-06,  3.30195208e-05,  3.04651242e-05, -2.68619193e-05,
        9.24234512e-06,  2.82463275e-05, -3.00953097e-05, -2.51170680e-05,
        3.40176577e-05,  7.68296342e-05,  2.78227690e-06,  3.35929960e-05,
        7.71307429e-05,  3.78634569e-07,  3.35538699e-05,  7.59904631e-05,
       -3.75186576e-05, -4.63395273e-05, -4.66766870e-05, -3.30493892e-05,
       -1.75177892e-05, -4.01421477e-05, -4.33011876e-05, -1.89713750e-05,
       -7.30983741e-06,  4.27687548e-05,  1.52674206e-05, -2.12227371e-05,
        3.35417403e-05,  3.25066363e-05,  2.39468750e-05])
  message: b'STOP: TOTAL NO. of f AND g EVALUATIONS EXCEEDS LIMIT'
     nfev: 15012
      nit: 362
   status: 1
  success: False
        x: array([ 2.84708844,  0.12220727,  1.41172571,  2.94109806,  0.51466496,
       -0.24471424,  0.14190895,  0.23668806, -0.04470241, -0.444047  ,
        0.71589371,  1.63644661,  1.17909345,  0.02839274,  0.04896072,
        0.89005822,  1.47523424, -0.26522357,  1.42536979, -0.69482831,
       -2.62718937,  1.07585764,  0.85328842, -0.57393172,  3.42307937,
       -0.91666815, -1.00057912,  0.77864401,  1.82036958,  1.6443327 ,
       -2.0270032 , -0.26270748, -1.0234242 , -3.0803695 , -0.45404052])
l-bfgs-b
(9.719083279257921e-05, array([ 2.84708844,  0.12220727,  1.41172571,  2.94109806,  0.51466496,
       -0.24471424,  0.14190895,  0.23668806, -0.04470241, -0.444047  ,
        0.71589371,  1.63644661,  1.17909345,  0.02839274,  0.04896072,
        0.89005822,  1.47523424, -0.26522357,  1.42536979, -0.69482831,
       -2.62718937,  1.07585764,  0.85328842, -0.57393172,  3.42307937,
       -0.91666815, -1.00057912,  0.77864401,  1.82036958,  1.6443327 ,
       -2.0270032 , -0.26270748, -1.0234242 , -3.0803695 , -0.45404052]))
