/home/adrianps/Universal-Approximator/qibo_sim/classes/ApproximantNN.py:192: OptimizeWarning: Unknown solver options: nepochs, nmessage, optimizer, learning_rate
  method=method, options=options)
      fun: 0.00026421976673674137
 hess_inv: <20x20 LbfgsInvHessProduct with dtype=float64>
      jac: array([-2.94233984e-05, -5.65900679e-05,  2.31907267e-05,  2.05644258e-05,
        4.72152428e-05,  4.67199304e-05,  2.66899079e-05,  4.58502865e-05,
        5.10290974e-05,  1.32435079e-05,  2.79847814e-05,  5.27520573e-05,
        2.26901018e-05,  4.14778075e-05,  5.23914028e-05,  2.25445801e-05,
        4.13233575e-05,  4.46160199e-05,  2.71565648e-05,  4.96282648e-05])
  message: b'CONVERGENCE: REL_REDUCTION_OF_F_<=_FACTR*EPSMCH'
     nfev: 3864
      nit: 155
   status: 0
  success: True
        x: array([ 2.37672684, -0.07122967,  2.40133435,  3.62330381,  2.65063143,
       -1.10331593,  1.45620545, -1.02715429, -0.73980265,  0.95087122,
       -0.6836097 ,  0.70655771,  0.83288083, -0.53379979,  0.24407662,
        0.06537367,  0.63338665,  0.48337232,  0.03343495, -1.71477471])
l-bfgs-b
(0.00026421976673674137, array([ 2.37672684, -0.07122967,  2.40133435,  3.62330381,  2.65063143,
       -1.10331593,  1.45620545, -1.02715429, -0.73980265,  0.95087122,
       -0.6836097 ,  0.70655771,  0.83288083, -0.53379979,  0.24407662,
        0.06537367,  0.63338665,  0.48337232,  0.03343495, -1.71477471]))
