/home/adrianps/Universal-Approximator/qibo_sim/classes/ApproximantNN.py:192: OptimizeWarning: Unknown solver options: nepochs, nmessage, optimizer, learning_rate
  method=method, options=options)
      fun: 8.057694245197534e-05
 hess_inv: <29x29 LbfgsInvHessProduct with dtype=float64>
      jac: array([-4.28826679e-05, -7.63320139e-05, -1.49459235e-05, -1.25018810e-06,
        1.87996320e-06, -6.76616559e-06,  3.06091564e-05,  4.70346743e-05,
        2.85324986e-05,  3.46978861e-05,  5.94847115e-05,  1.94265665e-05,
        3.47215380e-05,  5.14640658e-05,  4.27870033e-05,  3.24181450e-05,
        5.24853598e-05, -1.74193952e-05,  2.62035023e-05,  3.56664920e-05,
        3.75076855e-05, -2.48134900e-05, -5.65360367e-05,  2.00471286e-05,
       -3.10146182e-05, -4.36780915e-05,  2.87661957e-05, -2.79606877e-05,
       -3.89717975e-05])
  message: b'CONVERGENCE: REL_REDUCTION_OF_F_<=_FACTR*EPSMCH'
     nfev: 10890
      nit: 318
   status: 0
  success: True
        x: array([ 1.68094027,  1.06240165,  1.65290281,  2.14817731,  1.64647878,
       -0.70685911,  2.18657712, -0.62603023, -0.35077906,  1.5384846 ,
       -0.06159259,  0.6623621 ,  2.09440973,  0.22596249,  0.17022515,
        1.6477244 ,  1.59181381, -0.30214916, -0.94188782, -0.60893742,
       -2.6535107 ,  1.25113665,  0.71160673, -0.85534094,  5.04938473,
       -0.74679505,  0.08677225,  2.42395613,  2.1875288 ])
l-bfgs-b
(8.057694245197534e-05, array([ 1.68094027,  1.06240165,  1.65290281,  2.14817731,  1.64647878,
       -0.70685911,  2.18657712, -0.62603023, -0.35077906,  1.5384846 ,
       -0.06159259,  0.6623621 ,  2.09440973,  0.22596249,  0.17022515,
        1.6477244 ,  1.59181381, -0.30214916, -0.94188782, -0.60893742,
       -2.6535107 ,  1.25113665,  0.71160673, -0.85534094,  5.04938473,
       -0.74679505,  0.08677225,  2.42395613,  2.1875288 ]))
