      fun: 8.654147034246301e-05
 hess_inv: <50x50 LbfgsInvHessProduct with dtype=float64>
      jac: array([-9.12852151e-07,  1.89659622e-06,  6.46404317e-06,  2.32801246e-07,
        1.28555207e-07,  1.16966034e-06, -9.79605123e-07,  1.59620174e-06,
       -1.61665386e-06, -1.31150380e-06,  1.28510212e-06, -5.77933968e-08,
       -2.12414586e-06,  3.33140498e-06, -5.39752433e-07, -2.12940695e-06,
        3.45192218e-06, -2.73064584e-06, -2.45724529e-06,  3.41358208e-06,
       -2.72830803e-06, -1.11804012e-06, -7.41063433e-06, -3.60146483e-06,
       -1.98090107e-06, -6.20499339e-06, -5.24332232e-06, -2.34697109e-06,
       -4.21098703e-06,  3.87824267e-06, -9.98179810e-06, -7.64791740e-06,
        4.73052180e-06, -3.56954456e-06, -5.55773553e-06, -4.58080839e-06,
       -3.57441399e-06, -5.55829661e-06,  6.36803571e-06, -3.75962960e-06,
       -5.61376981e-06, -3.43709707e-07,  4.11422198e-06,  8.05625640e-06,
        4.77014397e-06,  2.68451168e-06,  1.07461498e-05,  1.97479023e-06,
        2.09132706e-06, -3.10904324e-06])
  message: b'CONVERGENCE: REL_REDUCTION_OF_F_<=_FACTR*EPSMCH'
     nfev: 16371
      nit: 280
   status: 0
  success: True
        x: array([ 0.94113849,  0.96600947,  1.04950734,  2.85426961,  1.36895611,
       -0.85246309,  1.0620726 , -0.79025582, -0.3428664 ,  0.48064412,
       -0.56688426,  1.14130123,  1.13737274,  0.22154492,  0.05937602,
        0.65056385,  1.64302385, -0.20578395,  0.80279734, -0.65141302,
       -2.23897752,  1.04717113,  0.65920344, -0.98894659,  2.50993898,
       -1.69555382, -0.27491961, -0.16687666,  1.21638664,  1.33639867,
        0.50399444,  0.07694878, -0.88139411, -1.50721176, -0.5256998 ,
        0.03627208,  1.55356694,  0.91759486,  0.01815025,  0.12530203,
       -1.25280168, -1.54571416, -2.00376735,  2.40917533, -0.3862281 ,
       -0.71977031, -0.6013968 ,  1.03871343, -2.16139425,  0.50472496])
in qibo_sim
(8.654147034246301e-05, array([ 0.94113849,  0.96600947,  1.04950734,  2.85426961,  1.36895611,
       -0.85246309,  1.0620726 , -0.79025582, -0.3428664 ,  0.48064412,
       -0.56688426,  1.14130123,  1.13737274,  0.22154492,  0.05937602,
        0.65056385,  1.64302385, -0.20578395,  0.80279734, -0.65141302,
       -2.23897752,  1.04717113,  0.65920344, -0.98894659,  2.50993898,
       -1.69555382, -0.27491961, -0.16687666,  1.21638664,  1.33639867,
        0.50399444,  0.07694878, -0.88139411, -1.50721176, -0.5256998 ,
        0.03627208,  1.55356694,  0.91759486,  0.01815025,  0.12530203,
       -1.25280168, -1.54571416, -2.00376735,  2.40917533, -0.3862281 ,
       -0.71977031, -0.6013968 ,  1.03871343, -2.16139425,  0.50472496]))
