/home/adrianps/Universal-Approximator/qibo_sim/classes/ApproximantNN.py:192: OptimizeWarning: Unknown solver options: nepochs, nmessage, optimizer, learning_rate
  method=method, options=options)
      fun: 0.00022725514474890548
 hess_inv: <41x41 LbfgsInvHessProduct with dtype=float64>
      jac: array([-2.34173954e-05, -1.06001495e-04, -3.20714267e-05, -5.96760082e-05,
       -8.35140279e-05, -6.51069476e-05, -9.78261255e-06,  1.77654657e-07,
        1.57804569e-05, -1.40488993e-05, -2.09829983e-06,  2.84109379e-05,
        9.96345476e-06,  1.20954679e-05, -4.64643786e-06,  1.72599727e-05,
        1.55028578e-05, -6.28352893e-06, -1.26286622e-05,  4.56247182e-06,
       -1.16022643e-05,  2.66411161e-05,  4.41505556e-06, -2.41994738e-05,
        2.12369673e-05, -6.77765136e-06,  2.04789311e-05,  3.28846190e-05,
        1.68650087e-06,  6.82712757e-05, -4.28264737e-05,  7.42660870e-06,
        9.85794752e-05, -6.30612641e-07, -7.59797309e-05,  1.87851199e-05,
       -5.42815521e-05, -5.94411835e-05, -3.25139384e-05, -3.31333295e-05,
       -9.31187690e-05])
  message: b'STOP: TOTAL NO. of f AND g EVALUATIONS EXCEEDS LIMIT'
     nfev: 15036
      nit: 311
   status: 1
  success: False
        x: array([ 1.47145052, -1.61646638,  0.5392475 ,  1.24782346,  2.11147178,
       -1.34506419,  1.44689456, -0.2201948 ,  0.09342155,  1.0963156 ,
       -0.23207664,  1.0117088 ,  0.61723847,  0.50936284,  0.18918886,
        0.25074914,  1.67187818,  0.61455851,  0.12015288, -0.51205967,
       -2.70652119, -0.08984192,  0.85375738, -1.16427506,  2.50264574,
       -1.96946013, -0.19319302,  0.24747888,  1.1552679 ,  0.92389018,
        1.08388628,  0.38020315, -1.44206921, -1.24457711,  0.02196389,
        0.87955068,  1.60459292,  1.54306076, -0.46345283,  0.13396444,
       -0.41509655])
l-bfgs-b
(0.00022725514474890548, array([ 1.47145052, -1.61646638,  0.5392475 ,  1.24782346,  2.11147178,
       -1.34506419,  1.44689456, -0.2201948 ,  0.09342155,  1.0963156 ,
       -0.23207664,  1.0117088 ,  0.61723847,  0.50936284,  0.18918886,
        0.25074914,  1.67187818,  0.61455851,  0.12015288, -0.51205967,
       -2.70652119, -0.08984192,  0.85375738, -1.16427506,  2.50264574,
       -1.96946013, -0.19319302,  0.24747888,  1.1552679 ,  0.92389018,
        1.08388628,  0.38020315, -1.44206921, -1.24457711,  0.02196389,
        0.87955068,  1.60459292,  1.54306076, -0.46345283,  0.13396444,
       -0.41509655]))
