/home/adrianps/Universal-Approximator/qibo_sim/classes/ApproximantNN.py:192: OptimizeWarning: Unknown solver options: nepochs, nmessage, optimizer, learning_rate
  method=method, options=options)
      fun: 0.0001232401459079852
 hess_inv: <56x56 LbfgsInvHessProduct with dtype=float64>
      jac: array([-1.26030452e-04, -7.52179216e-05,  5.65185431e-05,  1.80777070e-04,
        3.07124413e-04, -4.23849649e-05, -2.39711706e-05, -8.41584127e-05,
       -1.03904041e-04, -5.75545498e-05, -1.49565145e-04, -1.78960630e-04,
        9.22058626e-05,  2.93943816e-04, -2.22963103e-04,  9.07361751e-05,
        2.90125419e-04, -5.20539883e-05, -2.61929042e-05,  6.67918628e-05,
       -3.25253445e-04,  4.64304105e-05,  8.36308833e-06, -8.19997688e-05,
        1.68443604e-04,  3.56350932e-04, -2.36810761e-05,  1.49734153e-04,
        2.60156263e-04, -2.48859437e-04, -2.17480141e-05, -3.57766063e-05,
       -1.57240437e-04,  7.25100020e-05,  1.44415651e-04, -3.54457254e-04,
        8.04513791e-05,  1.43711890e-04, -1.37454935e-05,  8.33590846e-05,
        1.50528049e-04, -3.07596654e-04,  6.54692202e-05,  1.34815916e-04,
       -1.05620750e-04,  1.17158957e-04,  2.69234429e-04,  6.36543335e-05,
        1.41513095e-04,  2.72013499e-04,  3.77552834e-05,  1.47101591e-04,
        2.97648456e-04, -8.88273396e-05,  1.28604015e-04,  2.46695448e-04])
  message: b'STOP: TOTAL NO. of f AND g EVALUATIONS EXCEEDS LIMIT'
     nfev: 15105
      nit: 223
   status: 1
  success: False
        x: array([ 1.13150151, -0.67241778,  2.34853007,  1.71086951,  2.7926785 ,
       -1.52708933, -0.21739895,  0.31672863, -0.21996973, -0.77689725,
        0.57612887,  1.48737067,  0.6734048 ,  0.1456255 , -0.07273177,
        0.51550206,  1.27495792,  0.72972589,  0.4115222 , -1.09672904,
       -2.74896997,  0.33370899,  1.74592568, -1.50988638,  2.79706363,
       -1.29405843, -0.55724542,  0.3228097 ,  1.56689709,  1.52152842,
        0.81005545, -0.12074435, -0.62692514, -1.22941054, -0.45916779,
       -0.18057466,  2.03446205,  0.66016133, -0.02223021,  0.82257669,
       -1.6426572 , -0.96555327, -1.57971601,  2.11666125, -1.30437396,
       -0.21069015, -1.38565552,  0.7539973 , -1.56920778,  0.19891859,
       -0.22605443, -0.5262776 , -1.36294951, -0.7773659 , -1.13564884,
        0.01459858])
l-bfgs-b
(0.0001232401459079852, array([ 1.13150151, -0.67241778,  2.34853007,  1.71086951,  2.7926785 ,
       -1.52708933, -0.21739895,  0.31672863, -0.21996973, -0.77689725,
        0.57612887,  1.48737067,  0.6734048 ,  0.1456255 , -0.07273177,
        0.51550206,  1.27495792,  0.72972589,  0.4115222 , -1.09672904,
       -2.74896997,  0.33370899,  1.74592568, -1.50988638,  2.79706363,
       -1.29405843, -0.55724542,  0.3228097 ,  1.56689709,  1.52152842,
        0.81005545, -0.12074435, -0.62692514, -1.22941054, -0.45916779,
       -0.18057466,  2.03446205,  0.66016133, -0.02223021,  0.82257669,
       -1.6426572 , -0.96555327, -1.57971601,  2.11666125, -1.30437396,
       -0.21069015, -1.38565552,  0.7539973 , -1.56920778,  0.19891859,
       -0.22605443, -0.5262776 , -1.36294951, -0.7773659 , -1.13564884,
        0.01459858]))
