      fun: 0.00010117968531083063
 hess_inv: <53x53 LbfgsInvHessProduct with dtype=float64>
      jac: array([-7.38797993e-06, -2.71813578e-05,  9.60726453e-06,  1.36552689e-06,
        1.20275426e-05, -9.75146477e-06,  1.16388602e-05,  9.49899339e-06,
       -5.27629698e-06,  1.17868890e-05,  8.97174723e-06, -5.33105325e-06,
        6.21770972e-07,  5.01953893e-06,  2.10317332e-06, -3.08853962e-06,
       -3.23485271e-08,  1.06599950e-05, -3.61165904e-06, -1.25068684e-06,
        9.17878241e-06,  5.16755692e-06,  3.99129243e-06, -4.33729523e-06,
       -2.99329653e-06, -3.96372524e-06,  6.21080878e-06, -3.34009621e-06,
       -4.65294307e-06, -2.16437355e-05, -3.04864098e-06,  8.43021399e-06,
       -1.75766181e-05,  5.16838227e-06,  1.46415134e-05, -2.04721589e-05,
        5.09178881e-06,  1.38239097e-05, -1.00845872e-05,  5.35321028e-06,
        1.41727098e-05, -1.86255118e-05,  1.00419198e-05,  8.55105239e-06,
       -1.07708818e-05,  9.70974467e-06,  1.56120627e-05,  2.41003642e-06,
        1.29272271e-05,  1.86300357e-05, -2.83089389e-06,  8.72898352e-06,
       -5.94599104e-06])
  message: b'CONVERGENCE: REL_REDUCTION_OF_F_<=_FACTR*EPSMCH'
     nfev: 18198
      nit: 293
   status: 0
  success: True
        x: array([ 0.71348719, -0.61098426,  1.44404601,  2.00939383,  1.63110594,
       -1.03857943,  0.86197082, -0.1770219 , -0.08843703,  0.38888073,
        0.0735756 ,  1.47325819,  0.58997052,  0.14443923,  0.48786647,
        0.05920992,  1.57571741, -0.49829628,  0.03308846, -0.79828191,
       -2.63020993,  1.02954591,  0.62582982, -0.64344154,  2.6693024 ,
       -1.60932993, -0.02899201,  0.14069624,  1.36261029,  1.44605684,
        1.06973257,  0.19567896, -0.91918884, -1.63652269, -0.20761017,
       -0.07167881,  1.46533115,  1.3112061 , -0.02134234,  0.05040974,
       -0.9522038 , -1.04484352, -1.89479441,  2.07054419, -0.904212  ,
       -0.96737124, -0.98489259,  0.49253338, -2.23058439,  0.327535  ,
       -1.28091073,  0.29447   , -0.29536075])
in qibo_sim
(0.00010117968531083063, array([ 0.71348719, -0.61098426,  1.44404601,  2.00939383,  1.63110594,
       -1.03857943,  0.86197082, -0.1770219 , -0.08843703,  0.38888073,
        0.0735756 ,  1.47325819,  0.58997052,  0.14443923,  0.48786647,
        0.05920992,  1.57571741, -0.49829628,  0.03308846, -0.79828191,
       -2.63020993,  1.02954591,  0.62582982, -0.64344154,  2.6693024 ,
       -1.60932993, -0.02899201,  0.14069624,  1.36261029,  1.44605684,
        1.06973257,  0.19567896, -0.91918884, -1.63652269, -0.20761017,
       -0.07167881,  1.46533115,  1.3112061 , -0.02134234,  0.05040974,
       -0.9522038 , -1.04484352, -1.89479441,  2.07054419, -0.904212  ,
       -0.96737124, -0.98489259,  0.49253338, -2.23058439,  0.327535  ,
       -1.28091073,  0.29447   , -0.29536075]))
