/home/adrianps/Universal-Approximator/qibo_sim/classes/ApproximantNN.py:192: OptimizeWarning: Unknown solver options: nepochs, nmessage, optimizer, learning_rate
  method=method, options=options)
      fun: 0.0002481826482469348
 hess_inv: <47x47 LbfgsInvHessProduct with dtype=float64>
      jac: array([-8.27383951e-06, -4.81630252e-06,  2.28851226e-06, -8.85013091e-06,
       -1.23232587e-06, -2.04896863e-06,  6.44632459e-06, -6.68958161e-07,
        1.08482017e-06,  5.98672587e-06, -1.02955838e-06, -5.93004378e-08,
        3.88695152e-06, -1.54189812e-07,  4.07813974e-06,  2.84941341e-06,
       -9.49739419e-07,  2.71088490e-06,  3.25209694e-06,  2.54050253e-07,
        4.67802880e-06, -6.65097860e-06, -3.09850886e-06,  3.69575789e-06,
       -4.54628197e-06,  1.94879919e-06, -2.61455896e-06,  7.44338944e-06,
       -2.85949107e-06, -6.01726785e-06,  5.15773947e-06, -1.12440439e-06,
        9.64777303e-08,  5.61500174e-06, -8.54349144e-06, -2.41032780e-06,
       -2.84134153e-06, -1.16399945e-07, -5.18221533e-07, -2.78746210e-06,
       -1.32061246e-07, -2.46406628e-07, -1.16866152e-06, -8.94190321e-07,
        4.18766042e-06, -8.05724302e-06,  1.15158534e-06])
  message: b'CONVERGENCE: NORM_OF_PROJECTED_GRADIENT_<=_PGTOL'
     nfev: 10128
      nit: 186
   status: 0
  success: True
        x: array([ 1.42432857, -1.26781851,  0.36637929,  1.79795964,  2.11563047,
       -1.5160159 ,  0.73589819,  0.01036586, -0.18367768,  0.22418719,
        0.32412189,  1.40229476,  0.63138663,  0.52284017,  0.25655405,
        0.23884811,  1.68005029,  0.22649318,  0.32785176, -0.72197717,
       -2.43451619,  1.03665395,  1.00688997, -1.06643012,  2.65359884,
       -1.3899054 , -0.79881003,  0.09982715,  1.56229599,  1.58000769,
        0.70132135, -0.24766521, -0.4823581 , -1.60457199, -0.11817497,
       -0.82315764,  1.73082097,  1.46584383,  0.03970709,  0.29876179,
       -0.83877157, -0.87244799, -0.79977391,  1.95566758, -0.84038103,
        0.4598154 , -1.24615851])
l-bfgs-b
(0.0002481826482469348, array([ 1.42432857, -1.26781851,  0.36637929,  1.79795964,  2.11563047,
       -1.5160159 ,  0.73589819,  0.01036586, -0.18367768,  0.22418719,
        0.32412189,  1.40229476,  0.63138663,  0.52284017,  0.25655405,
        0.23884811,  1.68005029,  0.22649318,  0.32785176, -0.72197717,
       -2.43451619,  1.03665395,  1.00688997, -1.06643012,  2.65359884,
       -1.3899054 , -0.79881003,  0.09982715,  1.56229599,  1.58000769,
        0.70132135, -0.24766521, -0.4823581 , -1.60457199, -0.11817497,
       -0.82315764,  1.73082097,  1.46584383,  0.03970709,  0.29876179,
       -0.83877157, -0.87244799, -0.79977391,  1.95566758, -0.84038103,
        0.4598154 , -1.24615851]))
