/home/adrianps/Universal-Approximator/qibo_sim/classes/ApproximantNN.py:192: OptimizeWarning: Unknown solver options: nepochs, nmessage, optimizer, learning_rate
  method=method, options=options)
      fun: 0.00026183410635075607
 hess_inv: <23x23 LbfgsInvHessProduct with dtype=float64>
      jac: array([-3.38935694e-06,  4.79483586e-05, -4.02711393e-05, -2.24392011e-05,
       -5.44665495e-05,  8.72088372e-05, -2.18330562e-05, -2.67828565e-05,
       -2.23115255e-05, -4.35799942e-06,  2.92975063e-05, -7.89470973e-05,
       -2.58641253e-05, -2.89326289e-05, -8.11114630e-05, -2.29513945e-05,
       -2.43365766e-05, -1.75094097e-05, -2.47526229e-05, -2.99466181e-05,
       -4.25212383e-05,  4.01478763e-05,  9.67436851e-06])
  message: b'CONVERGENCE: REL_REDUCTION_OF_F_<=_FACTR*EPSMCH'
     nfev: 4944
      nit: 182
   status: 0
  success: True
        x: array([-0.77849439, -0.3981662 ,  1.50838464,  2.69445018,  1.85666572,
       -1.52765159,  0.70187174, -1.45805441, -0.5621587 ,  0.56508398,
       -0.97826465,  1.07863249,  1.55157726, -0.55584713, -0.14209406,
        1.12410909,  0.57934931,  0.08906821,  0.73858513, -1.46051615,
       -2.19131095,  1.69876714,  0.92538735])
l-bfgs-b
(0.00026183410635075607, array([-0.77849439, -0.3981662 ,  1.50838464,  2.69445018,  1.85666572,
       -1.52765159,  0.70187174, -1.45805441, -0.5621587 ,  0.56508398,
       -0.97826465,  1.07863249,  1.55157726, -0.55584713, -0.14209406,
        1.12410909,  0.57934931,  0.08906821,  0.73858513, -1.46051615,
       -2.19131095,  1.69876714,  0.92538735]))
