/home/adrianps/Universal-Approximator/qibo_sim/classes/ApproximantNN.py:192: OptimizeWarning: Unknown solver options: nepochs, nmessage, optimizer, learning_rate
  method=method, options=options)
      fun: 9.761623062383976e-05
 hess_inv: <17x17 LbfgsInvHessProduct with dtype=float64>
      jac: array([ 1.32679878e-05,  3.50476443e-05, -5.87068371e-08,  9.06170484e-06,
        3.47131896e-05, -1.27984767e-05,  5.48149715e-06,  6.33831908e-06,
       -4.85493400e-06, -1.34123994e-05, -1.84935617e-05,  9.11113632e-06,
       -1.40260484e-05, -2.66665921e-05, -3.17337167e-06, -2.16635534e-05,
       -4.44587794e-05])
  message: b'CONVERGENCE: REL_REDUCTION_OF_F_<=_FACTR*EPSMCH'
     nfev: 9126
      nit: 449
   status: 0
  success: True
        x: array([ 2.6407019 ,  0.83499685,  0.90567574,  4.27344768,  0.9612975 ,
        2.1978062 ,  2.28640981, -1.25264067,  0.9316481 , -1.17254606,
        1.26048121,  1.92727776,  1.86417337, -0.72877045, -1.4951529 ,
        4.03430243,  1.12563589])
l-bfgs-b
(9.761623062383976e-05, array([ 2.6407019 ,  0.83499685,  0.90567574,  4.27344768,  0.9612975 ,
        2.1978062 ,  2.28640981, -1.25264067,  0.9316481 , -1.17254606,
        1.26048121,  1.92727776,  1.86417337, -0.72877045, -1.4951529 ,
        4.03430243,  1.12563589]))
