/home/adrianps/Universal-Approximator/qibo_sim/classes/ApproximantNN.py:192: OptimizeWarning: Unknown solver options: nepochs, nmessage, optimizer, learning_rate
  method=method, options=options)
      fun: 0.00010788375055306993
 hess_inv: <44x44 LbfgsInvHessProduct with dtype=float64>
      jac: array([ 5.88775827e-05, -3.20287159e-05, -7.92712467e-05,  5.88046186e-05,
        8.13916331e-05,  3.15967386e-05,  7.41749598e-06,  1.05983511e-04,
       -3.38640384e-05, -6.78024124e-06,  1.07948971e-04, -4.65111931e-05,
        1.03008693e-05,  2.68675056e-05,  4.98824249e-05,  5.85149605e-06,
        2.05745197e-05,  2.88150011e-05, -4.11167343e-05, -2.21862662e-05,
       -9.22005351e-05, -8.83658232e-05, -1.10052744e-04,  1.07418042e-04,
       -6.86624206e-05, -7.14439101e-05,  6.19372866e-05, -2.67945090e-05,
        5.70315984e-05,  9.38612103e-05, -2.92320923e-05,  2.64912726e-05,
        2.28712828e-05, -3.70176315e-05, -8.76675848e-06,  1.60396490e-05,
       -1.37176539e-05, -1.85685899e-05,  8.74766026e-06, -2.78588337e-05,
       -1.61950003e-05,  4.01226632e-07, -1.68080136e-05, -4.44149519e-06])
  message: b'STOP: TOTAL NO. of f AND g EVALUATIONS EXCEEDS LIMIT'
     nfev: 15030
      nit: 286
   status: 1
  success: False
        x: array([ 1.33798527,  0.09552537,  1.15532649,  2.67744833,  1.43129307,
       -0.88027293,  0.97276374, -0.17921172, -0.27434939,  0.39535287,
        0.1242044 ,  1.15082493,  1.12710252,  0.35917813,  0.04983373,
        0.70277297,  1.85048021, -0.31350847,  1.07789985, -0.40678459,
       -2.51868356,  1.04242873,  0.6397568 , -0.53963089,  3.27880474,
       -1.28799756, -1.38612889, -0.40657426,  1.30470718,  1.35206551,
        1.41579631, -0.50312509, -1.40395513, -1.77838676, -0.31023858,
        0.592349  ,  1.35500723,  1.55021263, -0.44425641,  0.08697255,
       -0.74517092, -0.8319492 , -2.14976337,  1.68851528])
l-bfgs-b
(0.00010788375055306993, array([ 1.33798527,  0.09552537,  1.15532649,  2.67744833,  1.43129307,
       -0.88027293,  0.97276374, -0.17921172, -0.27434939,  0.39535287,
        0.1242044 ,  1.15082493,  1.12710252,  0.35917813,  0.04983373,
        0.70277297,  1.85048021, -0.31350847,  1.07789985, -0.40678459,
       -2.51868356,  1.04242873,  0.6397568 , -0.53963089,  3.27880474,
       -1.28799756, -1.38612889, -0.40657426,  1.30470718,  1.35206551,
        1.41579631, -0.50312509, -1.40395513, -1.77838676, -0.31023858,
        0.592349  ,  1.35500723,  1.55021263, -0.44425641,  0.08697255,
       -0.74517092, -0.8319492 , -2.14976337,  1.68851528]))
