/home/adrianps/Universal-Approximator/qibo_sim/classes/ApproximantNN.py:192: OptimizeWarning: Unknown solver options: nepochs, nmessage, optimizer, learning_rate
  method=method, options=options)
      fun: 0.00023299501333568095
 hess_inv: <26x26 LbfgsInvHessProduct with dtype=float64>
      jac: array([-8.65323980e-06, -1.88490770e-05, -1.18477819e-05, -1.24455567e-06,
       -3.97549832e-06,  1.16264908e-05,  3.93787379e-06,  4.88535807e-06,
        1.71065744e-05,  2.59186119e-06,  1.25325640e-06,  1.68857224e-05,
        8.17111678e-06,  3.44049604e-06, -1.08692081e-06,  1.19666213e-05,
        1.33166671e-05, -4.35274104e-06,  8.21166594e-06,  1.13272483e-05,
       -5.92362802e-06,  1.56736874e-05,  6.27645180e-06, -7.93695079e-06,
       -3.37629230e-06, -3.21083221e-06])
  message: b'CONVERGENCE: REL_REDUCTION_OF_F_<=_FACTR*EPSMCH'
     nfev: 6426
      nit: 198
   status: 0
  success: True
        x: array([ 1.35676087,  0.93622456,  1.35222799,  2.8910319 ,  2.44515075,
       -0.36988083,  1.04344383, -0.19914008,  0.29294293,  0.54513282,
        0.11169208,  1.66053035,  0.56939301,  1.15969842,  0.74546231,
        0.22855803,  2.25097957,  0.32961779, -0.00340475, -0.20106328,
       -1.63775774,  1.45910947,  1.17164512,  0.86554991,  3.09693374,
       -1.1648996 ])
l-bfgs-b
(0.00023299501333568095, array([ 1.35676087,  0.93622456,  1.35222799,  2.8910319 ,  2.44515075,
       -0.36988083,  1.04344383, -0.19914008,  0.29294293,  0.54513282,
        0.11169208,  1.66053035,  0.56939301,  1.15969842,  0.74546231,
        0.22855803,  2.25097957,  0.32961779, -0.00340475, -0.20106328,
       -1.63775774,  1.45910947,  1.17164512,  0.86554991,  3.09693374,
       -1.1648996 ]))
