/home/adrianps/Universal-Approximator/qibo_sim/classes/ApproximantNN.py:192: OptimizeWarning: Unknown solver options: nepochs, nmessage, optimizer, learning_rate
  method=method, options=options)
      fun: 0.00025771897613663695
 hess_inv: <38x38 LbfgsInvHessProduct with dtype=float64>
      jac: array([-7.99371420e-07,  8.11143145e-06, -3.90575701e-06, -6.22657850e-06,
        2.89122567e-06,  2.04267484e-06, -1.75342596e-06,  7.35192072e-07,
        3.17988908e-06, -1.84304069e-06,  8.38841800e-07,  4.14028078e-06,
        1.92430165e-06,  3.13580542e-06,  5.10477077e-06,  1.14149684e-06,
        1.94929793e-06,  2.51204222e-06,  4.99747813e-06,  4.94278013e-06,
       -1.64748315e-06, -8.36087926e-06, -1.17625094e-06, -4.87399292e-06,
        2.55692819e-07,  8.64499444e-07, -4.89861515e-06,  8.45309608e-06,
       -1.28829781e-06,  1.86199797e-06, -7.61765867e-06, -5.05689783e-06,
        2.57323459e-06,  2.92025518e-06, -4.25392685e-06, -2.65032137e-06,
        3.71859661e-06, -3.72075959e-06])
  message: b'CONVERGENCE: NORM_OF_PROJECTED_GRADIENT_<=_PGTOL'
     nfev: 7176
      nit: 159
   status: 0
  success: True
        x: array([ 0.81742724, -1.55378232,  1.27459852,  1.7542656 ,  2.26811933,
       -0.95342727, -0.06953147, -0.55773491,  0.05223019, -0.55912049,
       -0.18259407,  1.66860945,  1.27710046,  0.34499096,  0.31509998,
        0.85625564,  1.49108792,  0.80495992,  0.74218602, -0.66512032,
       -1.85706625,  0.33047034,  1.33700844, -1.30633572,  1.9621419 ,
       -1.66355373,  0.6897985 , -0.77427684,  1.36677312,  1.50413727,
        1.01035061,  0.73238727, -1.31110451, -2.2507412 , -0.32544556,
       -0.1615385 ,  0.84792028,  1.27192964])
l-bfgs-b
(0.00025771897613663695, array([ 0.81742724, -1.55378232,  1.27459852,  1.7542656 ,  2.26811933,
       -0.95342727, -0.06953147, -0.55773491,  0.05223019, -0.55912049,
       -0.18259407,  1.66860945,  1.27710046,  0.34499096,  0.31509998,
        0.85625564,  1.49108792,  0.80495992,  0.74218602, -0.66512032,
       -1.85706625,  0.33047034,  1.33700844, -1.30633572,  1.9621419 ,
       -1.66355373,  0.6897985 , -0.77427684,  1.36677312,  1.50413727,
        1.01035061,  0.73238727, -1.31110451, -2.2507412 , -0.32544556,
       -0.1615385 ,  0.84792028,  1.27192964]))
