/home/adrianps/Universal-Approximator/qibo_sim/classes/ApproximantNN.py:192: OptimizeWarning: Unknown solver options: nepochs, nmessage, optimizer, learning_rate
  method=method, options=options)
      fun: 0.0002623933149712702
 hess_inv: <14x14 LbfgsInvHessProduct with dtype=float64>
      jac: array([ 2.31742251e-06,  5.00530607e-06,  3.05078228e-06, -2.60876932e-06,
       -5.03252496e-06, -2.49113881e-06,  2.76525764e-08, -3.13254197e-06,
       -3.48169844e-06,  3.27635055e-07, -1.04609247e-07, -4.87074573e-06,
       -1.59633049e-06, -6.50342410e-06])
  message: b'CONVERGENCE: NORM_OF_PROJECTED_GRADIENT_<=_PGTOL'
     nfev: 4560
      nit: 256
   status: 0
  success: True
        x: array([ 2.62612526, -0.09895871,  2.47281504,  4.27905074,  2.47581135,
       -1.17587756,  0.99717   , -0.72537563, -0.96725878,  1.19248232,
       -0.41433465,  1.74729279,  1.06675767, -1.95789814])
l-bfgs-b
(0.0002623933149712702, array([ 2.62612526, -0.09895871,  2.47281504,  4.27905074,  2.47581135,
       -1.17587756,  0.99717   , -0.72537563, -0.96725878,  1.19248232,
       -0.41433465,  1.74729279,  1.06675767, -1.95789814]))
