      fun: 9.621816627260303e-05
 hess_inv: <32x32 LbfgsInvHessProduct with dtype=float64>
      jac: array([-4.30376492e-06, -4.12259202e-06,  3.66954324e-06, -3.05277179e-06,
        8.38779458e-07,  1.20041238e-06, -2.17477674e-06,  2.23436449e-07,
       -1.12957739e-06, -1.56353202e-06,  2.36375047e-07, -3.75354451e-06,
        1.17574814e-06, -8.47881335e-07, -4.98031249e-06,  1.46822116e-06,
       -1.01117845e-06, -3.44136476e-06, -2.13768619e-06,  6.60751293e-06,
       -4.85789658e-06, -2.27806868e-06, -4.14257658e-06, -9.43665041e-06,
        5.22932392e-07,  3.89900921e-06, -4.65433627e-06,  1.52702287e-06,
        2.16054388e-06,  2.60527548e-06, -1.20296839e-06, -3.87565143e-06])
  message: b'CONVERGENCE: NORM_OF_PROJECTED_GRADIENT_<=_PGTOL'
     nfev: 15114
      nit: 407
   status: 0
  success: True
        x: array([ 1.60443219, -1.9282303 ,  0.55509729,  2.92220682,  2.2766156 ,
       -0.65428472,  1.29827374, -0.60474104,  0.14217847,  0.81238826,
       -0.2854512 ,  1.64044841,  0.85603456, -0.35031986,  0.10926491,
        0.78057858,  0.89677552, -0.8610181 , -1.19463404, -0.69001013,
       -4.08612586,  2.25460433,  0.54001785, -0.95677435,  3.56542221,
       -1.03477093,  1.12267091, -0.70401764,  1.18706316,  2.6037982 ,
        0.62791684,  2.03838639])
in qibo_sim
(9.621816627260303e-05, array([ 1.60443219, -1.9282303 ,  0.55509729,  2.92220682,  2.2766156 ,
       -0.65428472,  1.29827374, -0.60474104,  0.14217847,  0.81238826,
       -0.2854512 ,  1.64044841,  0.85603456, -0.35031986,  0.10926491,
        0.78057858,  0.89677552, -0.8610181 , -1.19463404, -0.69001013,
       -4.08612586,  2.25460433,  0.54001785, -0.95677435,  3.56542221,
       -1.03477093,  1.12267091, -0.70401764,  1.18706316,  2.6037982 ,
        0.62791684,  2.03838639]))
