/home/adrianps/Universal-Approximator/qibo_sim/classes/ApproximantNN.py:192: OptimizeWarning: Unknown solver options: nepochs, nmessage, optimizer, learning_rate
  method=method, options=options)
      fun: 9.969141347147305e-05
 hess_inv: <59x59 LbfgsInvHessProduct with dtype=float64>
      jac: array([ 5.02889017e-06, -5.51762412e-06, -2.02053123e-05,  1.31426296e-05,
       -7.27404655e-06,  1.70061963e-05,  1.43856796e-05,  7.15372585e-06,
        9.72129956e-06,  1.40675815e-05,  7.28378946e-06,  7.09315554e-06,
        8.51873774e-06,  3.00523224e-06,  1.42181107e-05,  1.59893529e-06,
        3.76456136e-06,  3.28093130e-08, -6.41052017e-06, -3.21492101e-06,
        1.04055965e-05,  6.04408965e-06, -1.52312787e-06,  2.12676556e-06,
        1.82067360e-06, -1.01361505e-05, -3.66043459e-06,  7.82417208e-07,
       -4.70185821e-06,  1.78631049e-05, -9.04709250e-06, -4.97997233e-06,
        1.97468628e-05, -1.70167970e-06, -4.49645475e-06,  6.82262000e-06,
       -5.43353475e-06,  7.98081219e-08,  1.15602650e-05, -1.37819443e-06,
       -3.16676617e-06,  1.70321778e-05,  9.65476614e-06,  2.66223133e-06,
       -1.77496635e-05,  7.90613235e-06, -1.20301853e-05,  8.68823514e-06,
        9.01759949e-06, -7.28405102e-06,  1.67574288e-06,  8.52679608e-06,
        1.69419763e-05, -2.92203463e-06,  6.54372932e-07,  1.48156552e-05,
       -9.28162983e-06, -1.39050555e-06,  1.21181168e-05])
  message: b'CONVERGENCE: REL_REDUCTION_OF_F_<=_FACTR*EPSMCH'
     nfev: 15000
      nit: 223
   status: 0
  success: True
        x: array([ 1.19421183, -0.79554451,  1.22900203,  1.82844616,  1.85628326,
       -1.13277495,  0.78235407, -0.14533054, -0.0433295 ,  0.33302579,
        0.12492498,  1.52526288,  0.49442652,  0.18763913,  0.49583773,
       -0.01260343,  1.53824838, -0.48512489, -0.03519506, -0.82552859,
       -2.62887795,  1.14166893,  0.76917905, -0.66995119,  2.69166323,
       -1.44182074, -0.33857877,  0.08349128,  1.5490474 ,  1.40838026,
        0.73819594,  0.05491291, -0.93970787, -1.7345818 , -0.31580757,
        0.38389244,  1.42579307,  1.28566206, -0.26840606,  0.07253991,
       -0.96742724, -1.29708408, -1.83047928,  1.88162626, -1.01829653,
       -0.82188536, -1.18634591,  0.32324354, -1.93130461,  0.04043861,
       -1.16614909,  0.26899373, -0.2732886 , -1.32819564,  0.17174571,
        0.32947972, -0.18183514,  0.53137725, -0.68217663])
l-bfgs-b
(9.969141347147305e-05, array([ 1.19421183, -0.79554451,  1.22900203,  1.82844616,  1.85628326,
       -1.13277495,  0.78235407, -0.14533054, -0.0433295 ,  0.33302579,
        0.12492498,  1.52526288,  0.49442652,  0.18763913,  0.49583773,
       -0.01260343,  1.53824838, -0.48512489, -0.03519506, -0.82552859,
       -2.62887795,  1.14166893,  0.76917905, -0.66995119,  2.69166323,
       -1.44182074, -0.33857877,  0.08349128,  1.5490474 ,  1.40838026,
        0.73819594,  0.05491291, -0.93970787, -1.7345818 , -0.31580757,
        0.38389244,  1.42579307,  1.28566206, -0.26840606,  0.07253991,
       -0.96742724, -1.29708408, -1.83047928,  1.88162626, -1.01829653,
       -0.82188536, -1.18634591,  0.32324354, -1.93130461,  0.04043861,
       -1.16614909,  0.26899373, -0.2732886 , -1.32819564,  0.17174571,
        0.32947972, -0.18183514,  0.53137725, -0.68217663]))
