/home/adrianps/Universal-Approximator/qibo_sim/classes/ApproximantNN.py:216: OptimizeWarning: Unknown solver options: nepochs, nmessage, optimizer, learning_rate
  method=method, options=options)
   direc: array([[-8.54645743e-03, -1.39765571e-03, -2.24729468e-02,
        -1.10618532e-02,  6.56626106e-03,  1.00458252e-02,
         5.57467221e-03, -9.76536583e-03, -2.87205054e-04,
         4.93798367e-03,  1.47225274e-03],
       [ 0.00000000e+00,  1.00000000e+00,  0.00000000e+00,
         0.00000000e+00,  0.00000000e+00,  0.00000000e+00,
         0.00000000e+00,  0.00000000e+00,  0.00000000e+00,
         0.00000000e+00,  0.00000000e+00],
       [-3.97450535e-02,  6.28568375e-03, -9.64202614e-03,
        -1.22395462e-02, -7.30889104e-03, -2.33739019e-03,
         3.20314270e-03, -1.06442255e-02, -2.46272651e-02,
        -2.51210100e-03,  7.00985230e-03],
       [ 0.00000000e+00,  0.00000000e+00,  0.00000000e+00,
         0.00000000e+00,  0.00000000e+00,  0.00000000e+00,
         0.00000000e+00,  0.00000000e+00,  0.00000000e+00,
         0.00000000e+00,  1.00000000e+00],
       [ 0.00000000e+00,  0.00000000e+00,  0.00000000e+00,
         0.00000000e+00,  1.00000000e+00,  0.00000000e+00,
         0.00000000e+00,  0.00000000e+00,  0.00000000e+00,
         0.00000000e+00,  0.00000000e+00],
       [-8.89976403e-02, -3.43488201e-03,  1.13086860e-02,
        -1.09468213e-01, -1.20906545e-02,  1.18853717e-02,
         1.76355951e-02,  2.36116884e-02, -1.53742036e-01,
         5.41544954e-03,  9.57291071e-03],
       [ 0.00000000e+00,  0.00000000e+00,  0.00000000e+00,
         0.00000000e+00,  0.00000000e+00,  0.00000000e+00,
         1.00000000e+00,  0.00000000e+00,  0.00000000e+00,
         0.00000000e+00,  0.00000000e+00],
       [ 0.00000000e+00,  0.00000000e+00,  0.00000000e+00,
         0.00000000e+00,  0.00000000e+00,  0.00000000e+00,
         0.00000000e+00,  1.00000000e+00,  0.00000000e+00,
         0.00000000e+00,  0.00000000e+00],
       [-1.45834371e-01,  1.05146877e-02,  1.40788914e-02,
        -1.02971023e-01, -1.69240369e-03, -2.04717335e-02,
        -7.12902993e-02, -7.35505560e-02, -3.95766396e-02,
         1.67895421e-03, -3.65142582e-04],
       [ 0.00000000e+00,  0.00000000e+00,  0.00000000e+00,
         0.00000000e+00,  0.00000000e+00,  0.00000000e+00,
         0.00000000e+00,  0.00000000e+00,  0.00000000e+00,
         1.00000000e+00,  0.00000000e+00],
       [-7.18858391e-03, -2.43937018e-03, -2.44174393e-03,
        -2.01318493e-02,  2.69620999e-03,  7.96360660e-03,
        -2.12989559e-03,  5.56235923e-03, -1.63122147e-02,
         2.39233429e-03,  1.80294838e-04]])
     fun: 0.001449744293411116
 message: 'Optimization terminated successfully.'
    nfev: 2285
     nit: 18
  status: 0
 success: True
       x: array([-0.2003219 ,  1.86508699,  2.05435247,  2.47232371,  1.94035296,
       -2.19545577,  0.97159834, -0.88121175,  0.66497935,  0.63871966,
        0.05894917])
powell
(0.001449744293411116, array([-0.2003219 ,  1.86508699,  2.05435247,  2.47232371,  1.94035296,
       -2.19545577,  0.97159834, -0.88121175,  0.66497935,  0.63871966,
        0.05894917]))
