/home/adrianps/Universal-Approximator/qibo_sim/classes/ApproximantNN.py:216: OptimizeWarning: Unknown solver options: nepochs, nmessage, optimizer, learning_rate
  method=method, options=options)
   direc: array([[-2.34860813e-03,  1.05921880e-05,  2.27813193e-02, ...,
         2.62336057e-02, -3.21406676e-03,  5.07800680e-04],
       [ 0.00000000e+00,  1.00000000e+00,  0.00000000e+00, ...,
         0.00000000e+00,  0.00000000e+00,  0.00000000e+00],
       [ 2.57573524e-03, -2.68899354e-03,  2.55576370e-03, ...,
         2.25786664e-02, -1.45772115e-02, -3.88611733e-04],
       ...,
       [ 0.00000000e+00,  0.00000000e+00,  0.00000000e+00, ...,
         1.00000000e+00,  0.00000000e+00,  0.00000000e+00],
       [ 0.00000000e+00,  0.00000000e+00,  0.00000000e+00, ...,
         0.00000000e+00,  1.00000000e+00,  0.00000000e+00],
       [ 4.80026788e-04, -4.39799625e-03, -2.70521389e-03, ...,
         2.24159598e-03, -7.22959446e-03,  5.23526204e-04]])
     fun: 0.00027941944431468204
 message: 'Optimization terminated successfully.'
    nfev: 20344
     nit: 40
  status: 0
 success: True
       x: array([ 2.51671628, -0.29949066,  2.8607787 ,  0.69526969,  1.68227874,
       -0.81440589,  1.61066962, -0.03339432,  0.03606125,  0.34242674,
        0.2469566 ,  1.66186045,  0.13594668,  0.12042369,  0.56029258,
       -0.11781082,  1.62112245, -0.10972595, -1.35370955, -0.38612617,
       -2.20793935, -0.85603524,  1.24886496, -0.67361738,  1.59873921,
       -1.10147954, -0.32474282, -0.27631759,  1.78294783,  1.70086364,
        1.88346276,  0.83016047, -0.84884112, -2.21095097,  0.01960905,
        0.35214546,  1.06682426,  1.3879202 , -0.38125076, -0.29305428,
       -1.02121026, -0.14921473, -1.81868933,  1.91961997])
powell
(0.00027941944431468204, array([ 2.51671628, -0.29949066,  2.8607787 ,  0.69526969,  1.68227874,
       -0.81440589,  1.61066962, -0.03339432,  0.03606125,  0.34242674,
        0.2469566 ,  1.66186045,  0.13594668,  0.12042369,  0.56029258,
       -0.11781082,  1.62112245, -0.10972595, -1.35370955, -0.38612617,
       -2.20793935, -0.85603524,  1.24886496, -0.67361738,  1.59873921,
       -1.10147954, -0.32474282, -0.27631759,  1.78294783,  1.70086364,
        1.88346276,  0.83016047, -0.84884112, -2.21095097,  0.01960905,
        0.35214546,  1.06682426,  1.3879202 , -0.38125076, -0.29305428,
       -1.02121026, -0.14921473, -1.81868933,  1.91961997]))
