   direc: array([[-2.35317944e-04, -2.02943049e-03, -1.68365654e-03,
         2.48353548e-03, -6.80430224e-03,  6.95097589e-03,
        -3.78605219e-03,  7.11485462e-02, -8.52038984e-03,
         1.91036197e-02, -5.23259271e-02,  5.10464205e-03,
         3.29227933e-03, -1.75352552e-02,  1.99411083e-03,
         2.11661172e-03, -8.10172379e-04,  9.29266867e-03,
        -1.06330394e-02,  6.69911997e-03,  1.54315377e-02,
         1.72898888e-02, -9.21075812e-04, -1.05048601e-02,
         2.26590123e-03, -2.88265158e-02],
       [ 8.83426865e-04,  1.80153608e-03, -5.49988637e-05,
        -2.74965003e-03, -2.24678965e-03, -1.36271067e-04,
         6.51160218e-04,  4.03672857e-02, -6.21085099e-03,
         4.17545064e-02, -3.38424607e-02,  1.10015404e-02,
        -6.96791982e-03, -9.41500898e-03, -1.31680578e-02,
         8.71503761e-03, -2.16561040e-03,  3.76349219e-03,
        -3.04877946e-03,  4.86840481e-03,  9.03694936e-03,
         7.52686969e-03,  3.39630544e-03,  4.00514776e-03,
         8.22659958e-03, -1.64890702e-02],
       [-2.52904335e-02, -4.05607379e-02,  2.01988589e-03,
         5.32034889e-03,  4.13904171e-02, -4.92286082e-02,
        -4.50066121e-02, -7.29569834e-03,  2.48926489e-02,
         6.37039096e-02,  1.74859547e-02,  2.79471857e-02,
        -1.87907321e-02, -3.24780141e-02,  4.17339018e-03,
         2.46657528e-02, -4.42317444e-03,  9.72608949e-03,
         3.39792931e-02, -2.14860397e-02,  2.10884706e-02,
         1.81471778e-03, -2.68962820e-02,  7.38850000e-03,
         5.59562665e-03, -1.75685855e-02],
       [-3.14507669e-03, -3.00210879e-03, -2.46736318e-03,
         3.07967928e-03, -5.90867231e-03,  3.31952183e-03,
        -5.76716474e-03,  6.63553460e-02, -5.09248255e-03,
         2.94641807e-02, -6.49979264e-02,  1.27038546e-02,
        -9.97709080e-04, -2.11906578e-02,  3.89123949e-05,
         8.51068258e-03, -4.26194837e-03,  1.43832800e-02,
        -4.35770491e-03,  4.21103803e-03,  1.64281740e-02,
         1.29268276e-02,  1.62042158e-04, -1.03358279e-02,
         5.95872731e-03, -3.31990536e-02],
       [-3.34163176e-03, -5.17440170e-03, -5.71495947e-04,
         6.31958787e-03, -2.25858979e-03, -2.28335972e-03,
        -5.93946066e-03, -1.21114582e-02,  3.70482212e-03,
        -2.91952667e-02, -9.15873214e-03, -4.69833574e-03,
         2.18851453e-03, -9.63756030e-03,  1.47897609e-02,
         2.49700794e-03, -3.71037838e-03,  6.53807061e-03,
         7.53859969e-03, -4.98898924e-03,  2.34430048e-03,
        -2.44815032e-03, -3.36481089e-03, -8.75905489e-03,
        -3.32203292e-04, -1.06707499e-02],
       [-3.07883241e-04, -1.27125735e-03, -1.46386998e-03,
         3.39547320e-03, -6.59914909e-03,  6.27577617e-03,
        -2.80290385e-03,  5.04995534e-02, -3.66040049e-03,
         1.58689570e-03, -4.57977868e-02,  6.79592363e-03,
         3.82369175e-03, -1.51914203e-02,  6.37488292e-03,
         2.88487860e-03, -2.97523474e-03,  7.21329816e-03,
        -4.42565570e-03,  3.09106313e-03,  1.02214981e-02,
         9.95066120e-03,  1.33221653e-04, -1.25069472e-02,
         2.36096134e-04, -2.36864302e-02],
       [-3.18663550e-02,  4.72277231e-03, -1.66048107e-02,
        -8.47616253e-03,  3.91401285e-03, -4.49612287e-04,
        -3.05530834e-03,  2.27425754e-02,  1.21031832e-02,
         5.50169710e-02, -1.46253626e-02,  9.91619406e-03,
         6.50702804e-03,  2.79582317e-02,  3.40412199e-04,
        -2.26938106e-02,  5.07980351e-03, -3.21069280e-03,
        -1.40413831e-02,  4.79025763e-03, -8.26161116e-03,
        -2.51116017e-02,  1.22280746e-02,  2.23460922e-03,
         2.28593158e-02,  3.94766185e-02],
       [ 0.00000000e+00,  0.00000000e+00,  0.00000000e+00,
         0.00000000e+00,  0.00000000e+00,  0.00000000e+00,
         0.00000000e+00,  1.00000000e+00,  0.00000000e+00,
         0.00000000e+00,  0.00000000e+00,  0.00000000e+00,
         0.00000000e+00,  0.00000000e+00,  0.00000000e+00,
         0.00000000e+00,  0.00000000e+00,  0.00000000e+00,
         0.00000000e+00,  0.00000000e+00,  0.00000000e+00,
         0.00000000e+00,  0.00000000e+00,  0.00000000e+00,
         0.00000000e+00,  0.00000000e+00],
       [ 0.00000000e+00,  0.00000000e+00,  0.00000000e+00,
         0.00000000e+00,  0.00000000e+00,  0.00000000e+00,
         0.00000000e+00,  0.00000000e+00,  1.00000000e+00,
         0.00000000e+00,  0.00000000e+00,  0.00000000e+00,
         0.00000000e+00,  0.00000000e+00,  0.00000000e+00,
         0.00000000e+00,  0.00000000e+00,  0.00000000e+00,
         0.00000000e+00,  0.00000000e+00,  0.00000000e+00,
         0.00000000e+00,  0.00000000e+00,  0.00000000e+00,
         0.00000000e+00,  0.00000000e+00],
       [ 2.72398628e-03, -2.74146385e-03,  1.44098252e-03,
         5.66898723e-03, -6.86081081e-03,  3.32609352e-03,
        -2.29928825e-03,  3.64323400e-03, -2.62762506e-03,
        -4.28021509e-02,  3.63975893e-04, -6.90448588e-03,
         4.45861327e-03, -1.08884889e-02,  1.28858883e-02,
         1.69866461e-03, -2.76699254e-03,  5.34524662e-03,
         2.82072451e-03, -2.09807513e-03,  3.28468984e-03,
         3.85240729e-03, -2.96115433e-03, -1.09279534e-02,
        -3.78921851e-03, -1.38870332e-02],
       [ 0.00000000e+00,  0.00000000e+00,  0.00000000e+00,
         0.00000000e+00,  0.00000000e+00,  0.00000000e+00,
         0.00000000e+00,  0.00000000e+00,  0.00000000e+00,
         0.00000000e+00,  1.00000000e+00,  0.00000000e+00,
         0.00000000e+00,  0.00000000e+00,  0.00000000e+00,
         0.00000000e+00,  0.00000000e+00,  0.00000000e+00,
         0.00000000e+00,  0.00000000e+00,  0.00000000e+00,
         0.00000000e+00,  0.00000000e+00,  0.00000000e+00,
         0.00000000e+00,  0.00000000e+00],
       [ 0.00000000e+00,  0.00000000e+00,  0.00000000e+00,
         0.00000000e+00,  0.00000000e+00,  0.00000000e+00,
         0.00000000e+00,  0.00000000e+00,  0.00000000e+00,
         0.00000000e+00,  0.00000000e+00,  1.00000000e+00,
         0.00000000e+00,  0.00000000e+00,  0.00000000e+00,
         0.00000000e+00,  0.00000000e+00,  0.00000000e+00,
         0.00000000e+00,  0.00000000e+00,  0.00000000e+00,
         0.00000000e+00,  0.00000000e+00,  0.00000000e+00,
         0.00000000e+00,  0.00000000e+00],
       [ 1.07838111e-03,  1.67852546e-05, -6.55359214e-04,
         1.32460655e-03, -4.83870370e-03,  3.27844960e-03,
        -1.10817581e-03,  5.15624871e-02, -3.95130566e-03,
         1.33984617e-02, -4.08819970e-02,  1.02271822e-02,
         1.15946356e-04, -1.26877383e-02, -5.83452398e-04,
         4.96184664e-03, -2.33868858e-03,  7.49646214e-03,
        -5.54788166e-03,  4.22812236e-03,  9.33102770e-03,
         1.11464290e-02,  7.97932583e-04, -7.63005719e-03,
         1.97851466e-03, -2.11940712e-02],
       [ 0.00000000e+00,  0.00000000e+00,  0.00000000e+00,
         0.00000000e+00,  0.00000000e+00,  0.00000000e+00,
         0.00000000e+00,  0.00000000e+00,  0.00000000e+00,
         0.00000000e+00,  0.00000000e+00,  0.00000000e+00,
         0.00000000e+00,  1.00000000e+00,  0.00000000e+00,
         0.00000000e+00,  0.00000000e+00,  0.00000000e+00,
         0.00000000e+00,  0.00000000e+00,  0.00000000e+00,
         0.00000000e+00,  0.00000000e+00,  0.00000000e+00,
         0.00000000e+00,  0.00000000e+00],
       [ 0.00000000e+00,  0.00000000e+00,  0.00000000e+00,
         0.00000000e+00,  0.00000000e+00,  0.00000000e+00,
         0.00000000e+00,  0.00000000e+00,  0.00000000e+00,
         0.00000000e+00,  0.00000000e+00,  0.00000000e+00,
         0.00000000e+00,  0.00000000e+00,  1.00000000e+00,
         0.00000000e+00,  0.00000000e+00,  0.00000000e+00,
         0.00000000e+00,  0.00000000e+00,  0.00000000e+00,
         0.00000000e+00,  0.00000000e+00,  0.00000000e+00,
         0.00000000e+00,  0.00000000e+00],
       [ 0.00000000e+00,  0.00000000e+00,  0.00000000e+00,
         0.00000000e+00,  0.00000000e+00,  0.00000000e+00,
         0.00000000e+00,  0.00000000e+00,  0.00000000e+00,
         0.00000000e+00,  0.00000000e+00,  0.00000000e+00,
         0.00000000e+00,  0.00000000e+00,  0.00000000e+00,
         1.00000000e+00,  0.00000000e+00,  0.00000000e+00,
         0.00000000e+00,  0.00000000e+00,  0.00000000e+00,
         0.00000000e+00,  0.00000000e+00,  0.00000000e+00,
         0.00000000e+00,  0.00000000e+00],
       [ 0.00000000e+00,  0.00000000e+00,  0.00000000e+00,
         0.00000000e+00,  0.00000000e+00,  0.00000000e+00,
         0.00000000e+00,  0.00000000e+00,  0.00000000e+00,
         0.00000000e+00,  0.00000000e+00,  0.00000000e+00,
         0.00000000e+00,  0.00000000e+00,  0.00000000e+00,
         0.00000000e+00,  1.00000000e+00,  0.00000000e+00,
         0.00000000e+00,  0.00000000e+00,  0.00000000e+00,
         0.00000000e+00,  0.00000000e+00,  0.00000000e+00,
         0.00000000e+00,  0.00000000e+00],
       [ 0.00000000e+00,  0.00000000e+00,  0.00000000e+00,
         0.00000000e+00,  0.00000000e+00,  0.00000000e+00,
         0.00000000e+00,  0.00000000e+00,  0.00000000e+00,
         0.00000000e+00,  0.00000000e+00,  0.00000000e+00,
         0.00000000e+00,  0.00000000e+00,  0.00000000e+00,
         0.00000000e+00,  0.00000000e+00,  1.00000000e+00,
         0.00000000e+00,  0.00000000e+00,  0.00000000e+00,
         0.00000000e+00,  0.00000000e+00,  0.00000000e+00,
         0.00000000e+00,  0.00000000e+00],
       [ 0.00000000e+00,  0.00000000e+00,  0.00000000e+00,
         0.00000000e+00,  0.00000000e+00,  0.00000000e+00,
         0.00000000e+00,  0.00000000e+00,  0.00000000e+00,
         0.00000000e+00,  0.00000000e+00,  0.00000000e+00,
         0.00000000e+00,  0.00000000e+00,  0.00000000e+00,
         0.00000000e+00,  0.00000000e+00,  0.00000000e+00,
         1.00000000e+00,  0.00000000e+00,  0.00000000e+00,
         0.00000000e+00,  0.00000000e+00,  0.00000000e+00,
         0.00000000e+00,  0.00000000e+00],
       [ 0.00000000e+00,  0.00000000e+00,  0.00000000e+00,
         0.00000000e+00,  0.00000000e+00,  0.00000000e+00,
         0.00000000e+00,  0.00000000e+00,  0.00000000e+00,
         0.00000000e+00,  0.00000000e+00,  0.00000000e+00,
         0.00000000e+00,  0.00000000e+00,  0.00000000e+00,
         0.00000000e+00,  0.00000000e+00,  0.00000000e+00,
         0.00000000e+00,  1.00000000e+00,  0.00000000e+00,
         0.00000000e+00,  0.00000000e+00,  0.00000000e+00,
         0.00000000e+00,  0.00000000e+00],
       [ 0.00000000e+00,  0.00000000e+00,  0.00000000e+00,
         0.00000000e+00,  0.00000000e+00,  0.00000000e+00,
         0.00000000e+00,  0.00000000e+00,  0.00000000e+00,
         0.00000000e+00,  0.00000000e+00,  0.00000000e+00,
         0.00000000e+00,  0.00000000e+00,  0.00000000e+00,
         0.00000000e+00,  0.00000000e+00,  0.00000000e+00,
         0.00000000e+00,  0.00000000e+00,  1.00000000e+00,
         0.00000000e+00,  0.00000000e+00,  0.00000000e+00,
         0.00000000e+00,  0.00000000e+00],
       [ 0.00000000e+00,  0.00000000e+00,  0.00000000e+00,
         0.00000000e+00,  0.00000000e+00,  0.00000000e+00,
         0.00000000e+00,  0.00000000e+00,  0.00000000e+00,
         0.00000000e+00,  0.00000000e+00,  0.00000000e+00,
         0.00000000e+00,  0.00000000e+00,  0.00000000e+00,
         0.00000000e+00,  0.00000000e+00,  0.00000000e+00,
         0.00000000e+00,  0.00000000e+00,  0.00000000e+00,
         1.00000000e+00,  0.00000000e+00,  0.00000000e+00,
         0.00000000e+00,  0.00000000e+00],
       [ 0.00000000e+00,  0.00000000e+00,  0.00000000e+00,
         0.00000000e+00,  0.00000000e+00,  0.00000000e+00,
         0.00000000e+00,  0.00000000e+00,  0.00000000e+00,
         0.00000000e+00,  0.00000000e+00,  0.00000000e+00,
         0.00000000e+00,  0.00000000e+00,  0.00000000e+00,
         0.00000000e+00,  0.00000000e+00,  0.00000000e+00,
         0.00000000e+00,  0.00000000e+00,  0.00000000e+00,
         0.00000000e+00,  1.00000000e+00,  0.00000000e+00,
         0.00000000e+00,  0.00000000e+00],
       [ 0.00000000e+00,  0.00000000e+00,  0.00000000e+00,
         0.00000000e+00,  0.00000000e+00,  0.00000000e+00,
         0.00000000e+00,  0.00000000e+00,  0.00000000e+00,
         0.00000000e+00,  0.00000000e+00,  0.00000000e+00,
         0.00000000e+00,  0.00000000e+00,  0.00000000e+00,
         0.00000000e+00,  0.00000000e+00,  0.00000000e+00,
         0.00000000e+00,  0.00000000e+00,  0.00000000e+00,
         0.00000000e+00,  0.00000000e+00,  1.00000000e+00,
         0.00000000e+00,  0.00000000e+00],
       [ 0.00000000e+00,  0.00000000e+00,  0.00000000e+00,
         0.00000000e+00,  0.00000000e+00,  0.00000000e+00,
         0.00000000e+00,  0.00000000e+00,  0.00000000e+00,
         0.00000000e+00,  0.00000000e+00,  0.00000000e+00,
         0.00000000e+00,  0.00000000e+00,  0.00000000e+00,
         0.00000000e+00,  0.00000000e+00,  0.00000000e+00,
         0.00000000e+00,  0.00000000e+00,  0.00000000e+00,
         0.00000000e+00,  0.00000000e+00,  0.00000000e+00,
         1.00000000e+00,  0.00000000e+00],
       [ 5.39360216e-04, -1.55365513e-03, -1.96362683e-04,
         2.88031429e-03, -7.68583722e-03,  7.22803579e-04,
        -3.82620192e-03,  6.65022917e-02, -6.46012269e-03,
         2.95150625e-02, -6.82323023e-02,  1.55544048e-02,
        -5.53579403e-03, -2.69746769e-02, -3.67101866e-03,
         1.68275707e-02, -7.45290902e-03,  1.45948710e-02,
        -9.75411981e-04,  3.81606342e-03,  1.59437204e-02,
         1.24911052e-02,  2.09851443e-03, -1.02793981e-02,
         8.99693622e-03, -3.97883136e-02]])
     fun: 0.00021581538560479897
 message: 'Optimization terminated successfully.'
    nfev: 25535
     nit: 85
  status: 0
 success: True
       x: array([ 2.82188581,  9.49900488,  2.50237253,  4.91617387,  2.73806988,
       -1.41408944,  1.14195493,  2.60967292,  0.50803771,  0.97229184,
       -0.07114623,  1.86376906,  2.39068201,  0.12540882,  0.53384531,
       -0.09918092,  1.86294919, -0.09810209, -1.12906611, -0.88908548,
       -2.33578901,  0.35178517,  0.5757692 , -1.23371401,  1.80383218,
       -1.35411455])/home/adrianps/Universal-Approximator/qibo_sim/classes/ApproximantNN.py:216: OptimizeWarning: Unknown solver options: nepochs, nmessage, optimizer, learning_rate
  method=method, options=options)

powell
(0.00021581538560479897, array([ 2.82188581,  9.49900488,  2.50237253,  4.91617387,  2.73806988,
       -1.41408944,  1.14195493,  2.60967292,  0.50803771,  0.97229184,
       -0.07114623,  1.86376906,  2.39068201,  0.12540882,  0.53384531,
       -0.09918092,  1.86294919, -0.09810209, -1.12906611, -0.88908548,
       -2.33578901,  0.35178517,  0.5757692 , -1.23371401,  1.80383218,
       -1.35411455]))
