/home/adrianps/Universal-Approximator/qibo_sim/classes/ApproximantNN.py:216: OptimizeWarning: Unknown solver options: nepochs, nmessage, optimizer, learning_rate
  method=method, options=options)
   direc: array([[-7.32645167e-02,  1.43116572e-02,  1.73930119e-02, ...,
        -3.32465920e-03,  5.01693973e-02,  8.12293642e-03],
       [ 0.00000000e+00,  1.00000000e+00,  0.00000000e+00, ...,
         0.00000000e+00,  0.00000000e+00,  0.00000000e+00],
       [ 1.09844260e-02,  7.40444757e-04, -4.11931766e-03, ...,
        -1.37389154e-03, -1.21418837e-02,  5.49462499e-04],
       ...,
       [-2.35601145e-02,  9.69015645e-03, -3.49961263e-02, ...,
        -3.28154375e-02,  5.40712808e-02, -2.46540605e-02],
       [ 0.00000000e+00,  0.00000000e+00,  0.00000000e+00, ...,
         0.00000000e+00,  1.00000000e+00,  0.00000000e+00],
       [ 5.04846379e-03,  2.23431896e-03,  1.42021813e-03, ...,
        -6.59653285e-05, -1.06848222e-02,  9.57361978e-05]])
     fun: 0.0002632960888293758
 message: 'Optimization terminated successfully.'
    nfev: 22045
     nit: 59
  status: 0
 success: True
       x: array([-1.45333192,  0.01156131,  0.26645952,  2.6814592 ,  1.52253598,
       -2.85394391, -0.99175888,  0.31894249, -1.24543031,  0.50955049,
       -0.33955067,  2.96066229,  3.01072243,  0.27346426,  1.05833061,
       -0.11165974,  1.55986077,  0.53066355, -1.38722975, -0.0577396 ,
       -3.52834393, -0.74742149,  1.93767654, -0.77590808,  2.4721853 ,
       -1.23103052,  0.56576636,  1.22016363,  2.37611946,  2.49478846,
        1.49953822,  0.01881905])
powell
(0.0002632960888293758, array([-1.45333192,  0.01156131,  0.26645952,  2.6814592 ,  1.52253598,
       -2.85394391, -0.99175888,  0.31894249, -1.24543031,  0.50955049,
       -0.33955067,  2.96066229,  3.01072243,  0.27346426,  1.05833061,
       -0.11165974,  1.55986077,  0.53066355, -1.38722975, -0.0577396 ,
       -3.52834393, -0.74742149,  1.93767654, -0.77590808,  2.4721853 ,
       -1.23103052,  0.56576636,  1.22016363,  2.37611946,  2.49478846,
        1.49953822,  0.01881905]))
