/home/adrianps/Universal-Approximator/qibo_sim/classes/ApproximantNN.py:216: OptimizeWarning: Unknown solver options: nepochs, nmessage, optimizer, learning_rate
  method=method, options=options)
   direc: array([[-5.63626359e-03, -1.32564706e-03, -5.41221153e-03, ...,
        -4.83703227e-04,  4.63551864e-03,  5.15458645e-03],
       [-1.00368540e-02,  1.80617251e-03, -8.22754679e-03, ...,
        -4.11251142e-04,  8.84789693e-03,  9.34162760e-04],
       [ 2.39647311e-05, -1.11031305e-03,  3.20864129e-03, ...,
        -1.08323013e-03, -1.15245748e-03, -1.35447287e-04],
       ...,
       [ 0.00000000e+00,  0.00000000e+00,  0.00000000e+00, ...,
         1.00000000e+00,  0.00000000e+00,  0.00000000e+00],
       [ 0.00000000e+00,  0.00000000e+00,  0.00000000e+00, ...,
         0.00000000e+00,  1.00000000e+00,  0.00000000e+00],
       [-2.81156079e-03,  3.00455174e-04,  1.84547368e-03, ...,
        -1.32042609e-02,  1.35383816e-03,  7.08404751e-04]])
     fun: 9.921271403918706e-05
 message: 'Maximum number of function evaluations has been exceeded.'
    nfev: 59575
     nit: 87
  status: 1
 success: False
       x: array([ 2.80479169,  0.12835099,  3.01197074,  3.44511515,  1.85549511,
       -1.83425167,  2.48886684, -0.46414219, -0.84321826, -1.68789841,
        0.38338751,  1.43573213,  1.17121225, -0.06030571,  0.3520692 ,
        1.64411825,  1.0411923 ,  0.14294269,  2.01443908, -1.09892064,
       -2.40498519,  0.8864103 ,  0.71668753, -0.42741107,  3.54147064,
       -1.73367795,  0.69412414,  0.2319636 ,  1.05611237,  1.2518772 ,
        2.31011253, -0.17724144, -0.67749231, -1.01652059,  0.00750585,
       -0.00882244,  1.28630598,  1.21758842,  0.57901176, -0.96201017,
       -0.89935347, -1.06242848, -2.10216425,  2.27179273,  0.01882681,
        0.38590278, -0.99038335,  1.39240594, -1.74106966, -0.06734436,
       -1.04599537,  0.08299383, -0.87743126, -0.89024894,  0.17838685,
        0.4090987 , -0.37888691,  0.58648154, -0.41379736])
powell
(9.921271403918706e-05, array([ 2.80479169,  0.12835099,  3.01197074,  3.44511515,  1.85549511,
       -1.83425167,  2.48886684, -0.46414219, -0.84321826, -1.68789841,
        0.38338751,  1.43573213,  1.17121225, -0.06030571,  0.3520692 ,
        1.64411825,  1.0411923 ,  0.14294269,  2.01443908, -1.09892064,
       -2.40498519,  0.8864103 ,  0.71668753, -0.42741107,  3.54147064,
       -1.73367795,  0.69412414,  0.2319636 ,  1.05611237,  1.2518772 ,
        2.31011253, -0.17724144, -0.67749231, -1.01652059,  0.00750585,
       -0.00882244,  1.28630598,  1.21758842,  0.57901176, -0.96201017,
       -0.89935347, -1.06242848, -2.10216425,  2.27179273,  0.01882681,
        0.38590278, -0.99038335,  1.39240594, -1.74106966, -0.06734436,
       -1.04599537,  0.08299383, -0.87743126, -0.89024894,  0.17838685,
        0.4090987 , -0.37888691,  0.58648154, -0.41379736]))
