/home/adrianps/Universal-Approximator/qibo_sim/classes/ApproximantNN.py:216: OptimizeWarning: Unknown solver options: nepochs, nmessage, optimizer, learning_rate
  method=method, options=options)
   direc: array([[-8.65193932e-03,  3.98687445e-03,  2.50963126e-03, ...,
        -5.11553218e-04,  1.35437530e-03, -1.61835583e-03],
       [-4.31883863e-03,  2.81497368e-03,  1.23680897e-03, ...,
        -1.98533606e-03, -1.67765657e-02, -1.65946239e-03],
       [-1.00710657e-02,  2.75809212e-03,  2.23892939e-03, ...,
        -8.27158334e-04, -7.86171467e-04, -2.06128482e-03],
       ...,
       [ 0.00000000e+00,  0.00000000e+00,  0.00000000e+00, ...,
         1.00000000e+00,  0.00000000e+00,  0.00000000e+00],
       [-5.16514808e-03,  2.14434221e-03,  1.30856753e-03, ...,
        -1.37704952e-03, -3.86543054e-03, -2.23601651e-03],
       [ 2.86848530e-03, -7.43107621e-04, -5.87302466e-04, ...,
         1.59537058e-03, -6.27804921e-04,  1.75075214e-04]])
     fun: 0.000243413511152968
 message: 'Optimization terminated successfully.'
    nfev: 39646
     nit: 61
  status: 0
 success: True
       x: array([ 1.64598908,  2.39651892,  3.29564557,  1.81202702,  1.6866737 ,
        0.05737573, -0.2382049 , -0.52641757,  0.33388779,  0.0085859 ,
       -0.04946559,  1.62521647,  0.45424227,  1.01320071,  0.38311627,
       -0.25398117,  1.39779319,  0.23896437,  2.55253781, -1.07468334,
       -2.18889747, -0.21794818,  0.87779565, -0.81521698,  3.4494356 ,
       -1.77728974,  0.01929791, -0.69015958,  1.3629684 ,  1.56365696,
        0.41533624,  0.33536259, -0.8385214 , -0.05056862,  0.06787628,
        0.06686993,  1.71019881,  1.56707389, -0.7026007 , -1.39776481,
       -0.90668792, -1.60500812, -1.61982655,  1.8632987 , -0.2292291 ,
       -0.46627589, -1.24022486,  0.45386778, -1.56099169, -0.17879397,
       -1.29755393,  0.72128335, -0.57829259, -1.14803726, -0.26536974,
       -0.40217653])
powell
(0.000243413511152968, array([ 1.64598908,  2.39651892,  3.29564557,  1.81202702,  1.6866737 ,
        0.05737573, -0.2382049 , -0.52641757,  0.33388779,  0.0085859 ,
       -0.04946559,  1.62521647,  0.45424227,  1.01320071,  0.38311627,
       -0.25398117,  1.39779319,  0.23896437,  2.55253781, -1.07468334,
       -2.18889747, -0.21794818,  0.87779565, -0.81521698,  3.4494356 ,
       -1.77728974,  0.01929791, -0.69015958,  1.3629684 ,  1.56365696,
        0.41533624,  0.33536259, -0.8385214 , -0.05056862,  0.06787628,
        0.06686993,  1.71019881,  1.56707389, -0.7026007 , -1.39776481,
       -0.90668792, -1.60500812, -1.61982655,  1.8632987 , -0.2292291 ,
       -0.46627589, -1.24022486,  0.45386778, -1.56099169, -0.17879397,
       -1.29755393,  0.72128335, -0.57829259, -1.14803726, -0.26536974,
       -0.40217653]))
