   direc: array([[ 1.83194032e-02, -1.11843279e-02, -4.58782572e-03,
        -1.12229115e-02,  7.60728444e-03, -1.57065570e-02,
         1.78891097e-02,  3.59700339e-03, -2.20284472e-02,
        -8.00326222e-02, -1.48495773e-02,  6.08335687e-03,
        -1.51487675e-02, -1.56908219e-03, -3.81415902e-03,
         2.77204581e-02, -1.18257722e-02,  9.36526955e-04,
        -4.00900990e-03, -6.83781166e-04],
       [ 0.00000000e+00,  0.00000000e+00,  0.00000000e+00,
         0.00000000e+00,  0.00000000e+00,  0.00000000e+00,
         0.00000000e+00,  0.00000000e+00,  0.00000000e+00,
         0.00000000e+00,  0.00000000e+00,  0.00000000e+00,
         0.00000000e+00,  0.00000000e+00,  0.00000000e+00,
         0.00000000e+00,  0.00000000e+00,  0.00000000e+00,
         0.00000000e+00,  1.00000000e+00],
       [-1.17372165e-03, -2.33057298e-03,  1.81656478e-04,
        -6.77460160e-02,  5.38668719e-03,  2.98214640e-03,
         2.46861112e-02, -9.13456687e-05, -4.05342295e-03,
        -2.02507647e-02,  7.10141910e-03, -2.03954639e-03,
        -2.40495062e-02,  5.01189715e-03, -1.14750701e-03,
         1.18261703e-02, -7.03215269e-03,  1.42184705e-03,
        -4.14059107e-03, -1.23078009e-02],
       [-1.31089392e-02, -6.78915348e-03, -6.37185406e-04,
        -1.99759172e-02,  6.33706920e-03,  1.10038008e-02,
         9.75963653e-03, -4.11831177e-03, -1.53530422e-03,
         9.69102545e-03,  6.78956732e-03, -4.07579817e-03,
        -3.41672483e-03,  3.20601969e-03,  1.60705827e-03,
         4.40154092e-03, -2.06275369e-03,  1.27316981e-03,
        -3.73627903e-03,  2.33002721e-03],
       [-6.70168817e-02, -6.85180637e-03,  2.45830745e-03,
        -6.31919315e-02, -6.75397687e-03,  5.36699307e-02,
         2.62774256e-02, -1.51956046e-02,  1.58357392e-03,
         4.31774203e-03,  4.39323293e-02, -1.46780424e-02,
        -2.70613356e-02,  1.88772612e-02,  6.56991905e-03,
         1.89670644e-02, -6.99526797e-03,  4.94449202e-03,
        -1.30026960e-02,  6.54898411e-03],
       [ 0.00000000e+00,  0.00000000e+00,  0.00000000e+00,
         0.00000000e+00,  0.00000000e+00,  1.00000000e+00,
         0.00000000e+00,  0.00000000e+00,  0.00000000e+00,
         0.00000000e+00,  0.00000000e+00,  0.00000000e+00,
         0.00000000e+00,  0.00000000e+00,  0.00000000e+00,
         0.00000000e+00,  0.00000000e+00,  0.00000000e+00,
         0.00000000e+00,  0.00000000e+00],
       [ 0.00000000e+00,  0.00000000e+00,  0.00000000e+00,
         0.00000000e+00,  0.00000000e+00,  0.00000000e+00,
         1.00000000e+00,  0.00000000e+00,  0.00000000e+00,
         0.00000000e+00,  0.00000000e+00,  0.00000000e+00,
         0.00000000e+00,  0.00000000e+00,  0.00000000e+00,
         0.00000000e+00,  0.00000000e+00,  0.00000000e+00,
         0.00000000e+00,  0.00000000e+00],
       [ 0.00000000e+00,  0.00000000e+00,  0.00000000e+00,
         0.00000000e+00,  0.00000000e+00,  0.00000000e+00,
         0.00000000e+00,  1.00000000e+00,  0.00000000e+00,
         0.00000000e+00,  0.00000000e+00,  0.00000000e+00,
         0.00000000e+00,  0.00000000e+00,  0.00000000e+00,
         0.00000000e+00,  0.00000000e+00,  0.00000000e+00,
         0.00000000e+00,  0.00000000e+00],
       [ 0.00000000e+00,  0.00000000e+00,  0.00000000e+00,
         0.00000000e+00,  0.00000000e+00,  0.00000000e+00,
         0.00000000e+00,  0.00000000e+00,  1.00000000e+00,
         0.00000000e+00,  0.00000000e+00,  0.00000000e+00,
         0.00000000e+00,  0.00000000e+00,  0.00000000e+00,
         0.00000000e+00,  0.00000000e+00,  0.00000000e+00,
         0.00000000e+00,  0.00000000e+00],
       [ 4.88588315e-03, -4.24368284e-03, -6.52875388e-04,
        -3.10363836e-02,  2.85498882e-03, -2.81747025e-03,
         1.05694189e-02,  1.12638957e-03, -6.72014343e-03,
        -7.64622514e-03, -4.76682563e-03,  3.52786237e-04,
        -1.28345452e-02,  1.37817614e-03, -1.47931004e-03,
         6.85407195e-03, -4.57777673e-03,  6.35999192e-04,
        -2.32179188e-03, -2.83414765e-03],
       [ 0.00000000e+00,  0.00000000e+00,  0.00000000e+00,
         0.00000000e+00,  0.00000000e+00,  0.00000000e+00,
         0.00000000e+00,  0.00000000e+00,  0.00000000e+00,
         0.00000000e+00,  1.00000000e+00,  0.00000000e+00,
         0.00000000e+00,  0.00000000e+00,  0.00000000e+00,
         0.00000000e+00,  0.00000000e+00,  0.00000000e+00,
         0.00000000e+00,  0.00000000e+00],
       [ 0.00000000e+00,  0.00000000e+00,  0.00000000e+00,
         0.00000000e+00,  0.00000000e+00,  0.00000000e+00,
         0.00000000e+00,  0.00000000e+00,  0.00000000e+00,
         0.00000000e+00,  0.00000000e+00,  1.00000000e+00,
         0.00000000e+00,  0.00000000e+00,  0.00000000e+00,
         0.00000000e+00,  0.00000000e+00,  0.00000000e+00,
         0.00000000e+00,  0.00000000e+00],
       [ 0.00000000e+00,  0.00000000e+00,  0.00000000e+00,
         0.00000000e+00,  0.00000000e+00,  0.00000000e+00,
         0.00000000e+00,  0.00000000e+00,  0.00000000e+00,
         0.00000000e+00,  0.00000000e+00,  0.00000000e+00,
         1.00000000e+00,  0.00000000e+00,  0.00000000e+00,
         0.00000000e+00,  0.00000000e+00,  0.00000000e+00,
         0.00000000e+00,  0.00000000e+00],
       [ 0.00000000e+00,  0.00000000e+00,  0.00000000e+00,
         0.00000000e+00,  0.00000000e+00,  0.00000000e+00,
         0.00000000e+00,  0.00000000e+00,  0.00000000e+00,
         0.00000000e+00,  0.00000000e+00,  0.00000000e+00,
         0.00000000e+00,  1.00000000e+00,  0.00000000e+00,
         0.00000000e+00,  0.00000000e+00,  0.00000000e+00,
         0.00000000e+00,  0.00000000e+00],
       [ 0.00000000e+00,  0.00000000e+00,  0.00000000e+00,
         0.00000000e+00,  0.00000000e+00,  0.00000000e+00,
         0.00000000e+00,  0.00000000e+00,  0.00000000e+00,
         0.00000000e+00,  0.00000000e+00,  0.00000000e+00,
         0.00000000e+00,  0.00000000e+00,  1.00000000e+00,
         0.00000000e+00,  0.00000000e+00,  0.00000000e+00,
         0.00000000e+00,  0.00000000e+00],
       [ 0.00000000e+00,  0.00000000e+00,  0.00000000e+00,
         0.00000000e+00,  0.00000000e+00,  0.00000000e+00,
         0.00000000e+00,  0.00000000e+00,  0.00000000e+00,
         0.00000000e+00,  0.00000000e+00,  0.00000000e+00,
         0.00000000e+00,  0.00000000e+00,  0.00000000e+00,
         1.00000000e+00,  0.00000000e+00,  0.00000000e+00,
         0.00000000e+00,  0.00000000e+00],
       [ 0.00000000e+00,  0.00000000e+00,  0.00000000e+00,
         0.00000000e+00,  0.00000000e+00,  0.00000000e+00,
         0.00000000e+00,  0.00000000e+00,  0.00000000e+00,
         0.00000000e+00,  0.00000000e+00,  0.00000000e+00,
         0.00000000e+00,  0.00000000e+00,  0.00000000e+00,
         0.00000000e+00,  1.00000000e+00,  0.00000000e+00,
         0.00000000e+00,  0.00000000e+00],
       [ 0.00000000e+00,  0.00000000e+00,  0.00000000e+00,
         0.00000000e+00,  0.00000000e+00,  0.00000000e+00,
         0.00000000e+00,  0.00000000e+00,  0.00000000e+00,
         0.00000000e+00,  0.00000000e+00,  0.00000000e+00,
         0.00000000e+00,  0.00000000e+00,  0.00000000e+00,
         0.00000000e+00,  0.00000000e+00,  1.00000000e+00,
         0.00000000e+00,  0.00000000e+00],
       [ 0.00000000e+00,  0.00000000e+00,  0.00000000e+00,
         0.00000000e+00,  0.00000000e+00,  0.00000000e+00,
         0.00000000e+00,  0.00000000e+00,  0.00000000e+00,
         0.00000000e+00,  0.00000000e+00,  0.00000000e+00,
         0.00000000e+00,  0.00000000e+00,  0.00000000e+00,
         0.00000000e+00,  0.00000000e+00,  0.00000000e+00,
         1.00000000e+00,  0.00000000e+00],
       [ 7.69098954e-03, -1.31864519e-03, -2.49552582e-03,
         3.33858565e-02,  2.53105636e-03, -6.10369208e-03,
        -1.36976765e-03,  1.09163380e-03, -2.96071542e-03,
        -1.82179546e-02, -1.45682581e-02,  3.46051405e-03,
         1.01622282e-02, -2.24756049e-03,  2.86253736e-04,
         4.48568116e-03,  3.99468919e-03, -1.83620273e-03,
         3.38479021e-03,  7.75207528e-03]])
     fun: 0.00138604074978771
 message: 'Optimization terminated successfully.'
    nfev: 7406
     nit: 32
  status: 0
 success: True
       x: array([ 1.4476152 ,  2.39912357,  2.29743339,  0.41577801,  0.24316865,
       -0.57794967,  2.10697613, -1.25135457,  0.67267116, -0.47067171,
        0.85431616,  1.19357657, -0.47695122,  1.00631601,  0.62447838,
        0.6242579 ,  1.41527285,  0.01103791,  0.15899476, -0.93991806])/home/adrianps/Universal-Approximator/qibo_sim/classes/ApproximantNN.py:216: OptimizeWarning: Unknown solver options: nepochs, nmessage, optimizer, learning_rate
  method=method, options=options)

powell
(0.00138604074978771, array([ 1.4476152 ,  2.39912357,  2.29743339,  0.41577801,  0.24316865,
       -0.57794967,  2.10697613, -1.25135457,  0.67267116, -0.47067171,
        0.85431616,  1.19357657, -0.47695122,  1.00631601,  0.62447838,
        0.6242579 ,  1.41527285,  0.01103791,  0.15899476, -0.93991806]))
