   direc: array([[ 7.32875597e-03, -5.75901582e-03, -2.40693007e-03,
         5.18120451e-03,  2.74381350e-02,  2.00663056e-02,
        -6.35307834e-03, -1.46546491e-02,  3.45382645e-03,
         3.41907989e-02,  1.69849700e-02,  2.65527510e-02,
         2.21871114e-02, -2.15887994e-02, -6.74876705e-02,
         5.20814106e-02, -1.49490536e-02, -9.24663988e-03,
         8.13965006e-03, -3.56773798e-03, -7.00468894e-04,
         6.30753381e-02, -3.62763524e-02],
       [ 2.10067548e-03, -5.40733984e-03, -5.06503942e-04,
         8.54931270e-03,  3.36721207e-02,  2.50599410e-03,
         4.79494531e-02, -6.03776266e-02, -6.59982268e-02,
         3.14097952e-02,  4.32957332e-02,  8.67611090e-02,
         1.10230318e-03, -1.34137858e-02, -8.48766509e-02,
         6.49567764e-02,  2.55348749e-03, -1.29269731e-02,
        -4.10135085e-02,  1.51152548e-02, -1.87526909e-02,
        -6.55867722e-02, -2.32490259e-02],
       [-1.63343433e-03,  2.97794080e-03,  2.16685797e-03,
        -2.86604328e-03, -8.60108516e-04,  5.33787882e-03,
         3.33240025e-02, -2.09796127e-02,  1.15996722e-02,
        -1.16681576e-02, -1.03028354e-02,  4.73866488e-03,
        -1.05683199e-02, -1.06473023e-03,  9.04772003e-03,
        -2.01598198e-02, -1.65398549e-02,  1.35832329e-02,
         2.19290807e-02, -4.50166268e-03, -1.99720428e-03,
        -2.12764458e-02,  7.86461272e-03],
       [-2.22209649e-03,  2.54596231e-03,  2.55086283e-03,
        -9.78398399e-04,  4.87064367e-03,  5.32022205e-03,
         1.67004083e-02, -2.43840250e-02,  1.48099028e-02,
        -3.22940635e-04, -1.28365034e-03, -4.38164412e-03,
        -1.16323187e-03,  4.20655439e-03,  7.99395630e-03,
        -1.06292316e-02, -1.34789885e-02,  2.41836118e-03,
         2.73962387e-02, -7.21656141e-03, -4.43854448e-03,
         6.29401590e-03,  1.39207582e-02],
       [-8.05532549e-03, -7.52948478e-03, -2.61916021e-03,
         1.47584259e-02,  3.39918611e-02,  4.80543185e-02,
         2.17222635e-02, -1.79373199e-02,  2.50651457e-02,
         4.78050667e-02,  3.73669661e-02,  3.99146285e-02,
         1.68597544e-02, -1.16868597e-02, -9.06748720e-02,
         2.15829961e-02, -2.19069228e-02,  8.48608307e-03,
         4.40720888e-02, -9.55357696e-03, -4.33223073e-03,
         4.18748220e-02, -4.11497364e-03],
       [ 0.00000000e+00,  0.00000000e+00,  0.00000000e+00,
         0.00000000e+00,  0.00000000e+00,  1.00000000e+00,
         0.00000000e+00,  0.00000000e+00,  0.00000000e+00,
         0.00000000e+00,  0.00000000e+00,  0.00000000e+00,
         0.00000000e+00,  0.00000000e+00,  0.00000000e+00,
         0.00000000e+00,  0.00000000e+00,  0.00000000e+00,
         0.00000000e+00,  0.00000000e+00,  0.00000000e+00,
         0.00000000e+00,  0.00000000e+00],
       [-5.28714840e-03, -2.67036436e-03, -4.48124578e-04,
         6.26430697e-03, -2.70757447e-03,  3.22849834e-03,
         2.07453786e-02, -1.56391880e-02, -1.71427263e-02,
         1.73699390e-02,  1.09326910e-02, -1.93491057e-02,
         1.28642872e-02,  2.85522123e-03, -6.64855585e-03,
         6.90653895e-03,  3.68783673e-03,  1.05991774e-02,
         2.13441564e-02, -4.50183103e-03,  9.73136750e-04,
         3.97697941e-02,  2.85948400e-04],
       [ 0.00000000e+00,  0.00000000e+00,  0.00000000e+00,
         0.00000000e+00,  0.00000000e+00,  0.00000000e+00,
         0.00000000e+00,  1.00000000e+00,  0.00000000e+00,
         0.00000000e+00,  0.00000000e+00,  0.00000000e+00,
         0.00000000e+00,  0.00000000e+00,  0.00000000e+00,
         0.00000000e+00,  0.00000000e+00,  0.00000000e+00,
         0.00000000e+00,  0.00000000e+00,  0.00000000e+00,
         0.00000000e+00,  0.00000000e+00],
       [ 2.29471131e-03, -2.03307791e-03, -1.50930700e-03,
         1.60843494e-03,  3.48342137e-03,  5.97975283e-03,
         7.26342970e-02, -4.49711406e-03, -8.98777589e-03,
         7.41268927e-04,  7.81540819e-03,  2.36880809e-02,
        -7.87809739e-03, -1.11169232e-02, -2.38754070e-02,
         2.81736359e-02, -3.29261159e-03, -3.34776112e-03,
        -2.01734139e-02,  5.93395212e-03, -1.01653270e-02,
        -3.19278736e-02, -1.33936979e-02],
       [ 3.74745471e-02,  2.12380126e-02,  3.18427173e-03,
        -5.24576117e-02,  7.17602381e-03, -3.19361227e-04,
        -4.24159918e-03, -2.12681823e-02,  7.58459066e-02,
        -1.00667560e-01, -5.16105890e-02, -2.19988907e-02,
        -7.80683155e-03,  1.17123979e-02,  2.33492106e-02,
        -7.98616999e-03,  6.09526558e-03,  4.80305479e-03,
         2.59760753e-03,  5.20654082e-03,  4.55352164e-03,
         6.79436452e-04, -4.01370497e-05],
       [ 0.00000000e+00,  0.00000000e+00,  0.00000000e+00,
         0.00000000e+00,  0.00000000e+00,  0.00000000e+00,
         0.00000000e+00,  0.00000000e+00,  0.00000000e+00,
         0.00000000e+00,  1.00000000e+00,  0.00000000e+00,
         0.00000000e+00,  0.00000000e+00,  0.00000000e+00,
         0.00000000e+00,  0.00000000e+00,  0.00000000e+00,
         0.00000000e+00,  0.00000000e+00,  0.00000000e+00,
         0.00000000e+00,  0.00000000e+00],
       [ 4.66433798e-03, -2.21217638e-03, -1.22523895e-03,
         1.42025326e-03,  1.18583937e-02,  3.20598328e-03,
         1.85485061e-02, -2.24487549e-02, -2.07351566e-02,
         9.31226151e-03,  1.48058105e-02,  1.08142535e-02,
         1.43815226e-03, -1.10355075e-02, -3.30181609e-02,
         3.72516666e-02, -7.86716570e-03, -1.17334894e-02,
        -1.05684264e-02,  1.60572999e-03, -5.96788704e-03,
        -8.80045558e-04, -1.28150121e-02],
       [-1.84264236e-03, -7.74175687e-04, -9.17619264e-04,
         1.24063441e-03, -6.56566369e-03,  3.74838061e-03,
         2.64614225e-03,  7.64472856e-03,  2.91287628e-03,
         4.64489192e-04,  8.06937836e-04,  4.85499105e-03,
         4.36962118e-04,  2.39401085e-03, -6.43597445e-03,
        -5.18862062e-03,  3.88542419e-03,  8.20070215e-03,
         1.61133815e-02, -3.60504430e-03,  4.10595266e-03,
         1.76120838e-02,  4.55716088e-03],
       [-4.99959636e-03, -3.32001741e-03, -4.99844737e-04,
         7.07687417e-03,  2.99489580e-03,  7.43295643e-03,
         9.56289174e-03,  5.73226298e-03, -1.12896814e-02,
         1.89979223e-02,  1.13597033e-02,  5.90417825e-03,
         8.81904762e-03,  1.68214400e-03, -6.90513754e-03,
         8.62731090e-03,  2.25561178e-03,  1.44720639e-03,
         4.91167655e-03, -6.90346329e-04,  6.29289507e-04,
         8.69552851e-03, -6.00378856e-03],
       [ 0.00000000e+00,  0.00000000e+00,  0.00000000e+00,
         0.00000000e+00,  0.00000000e+00,  0.00000000e+00,
         0.00000000e+00,  0.00000000e+00,  0.00000000e+00,
         0.00000000e+00,  0.00000000e+00,  0.00000000e+00,
         0.00000000e+00,  0.00000000e+00,  1.00000000e+00,
         0.00000000e+00,  0.00000000e+00,  0.00000000e+00,
         0.00000000e+00,  0.00000000e+00,  0.00000000e+00,
         0.00000000e+00,  0.00000000e+00],
       [ 0.00000000e+00,  0.00000000e+00,  0.00000000e+00,
         0.00000000e+00,  0.00000000e+00,  0.00000000e+00,
         0.00000000e+00,  0.00000000e+00,  0.00000000e+00,
         0.00000000e+00,  0.00000000e+00,  0.00000000e+00,
         0.00000000e+00,  0.00000000e+00,  0.00000000e+00,
         1.00000000e+00,  0.00000000e+00,  0.00000000e+00,
         0.00000000e+00,  0.00000000e+00,  0.00000000e+00,
         0.00000000e+00,  0.00000000e+00],
       [ 0.00000000e+00,  0.00000000e+00,  0.00000000e+00,
         0.00000000e+00,  0.00000000e+00,  0.00000000e+00,
         0.00000000e+00,  0.00000000e+00,  0.00000000e+00,
         0.00000000e+00,  0.00000000e+00,  0.00000000e+00,
         0.00000000e+00,  0.00000000e+00,  0.00000000e+00,
         0.00000000e+00,  1.00000000e+00,  0.00000000e+00,
         0.00000000e+00,  0.00000000e+00,  0.00000000e+00,
         0.00000000e+00,  0.00000000e+00],
       [ 0.00000000e+00,  0.00000000e+00,  0.00000000e+00,
         0.00000000e+00,  0.00000000e+00,  0.00000000e+00,
         0.00000000e+00,  0.00000000e+00,  0.00000000e+00,
         0.00000000e+00,  0.00000000e+00,  0.00000000e+00,
         0.00000000e+00,  0.00000000e+00,  0.00000000e+00,
         0.00000000e+00,  0.00000000e+00,  1.00000000e+00,
         0.00000000e+00,  0.00000000e+00,  0.00000000e+00,
         0.00000000e+00,  0.00000000e+00],
       [ 0.00000000e+00,  0.00000000e+00,  0.00000000e+00,
         0.00000000e+00,  0.00000000e+00,  0.00000000e+00,
         0.00000000e+00,  0.00000000e+00,  0.00000000e+00,
         0.00000000e+00,  0.00000000e+00,  0.00000000e+00,
         0.00000000e+00,  0.00000000e+00,  0.00000000e+00,
         0.00000000e+00,  0.00000000e+00,  0.00000000e+00,
         1.00000000e+00,  0.00000000e+00,  0.00000000e+00,
         0.00000000e+00,  0.00000000e+00],
       [ 0.00000000e+00,  0.00000000e+00,  0.00000000e+00,
         0.00000000e+00,  0.00000000e+00,  0.00000000e+00,
         0.00000000e+00,  0.00000000e+00,  0.00000000e+00,
         0.00000000e+00,  0.00000000e+00,  0.00000000e+00,
         0.00000000e+00,  0.00000000e+00,  0.00000000e+00,
         0.00000000e+00,  0.00000000e+00,  0.00000000e+00,
         0.00000000e+00,  1.00000000e+00,  0.00000000e+00,
         0.00000000e+00,  0.00000000e+00],
       [ 0.00000000e+00,  0.00000000e+00,  0.00000000e+00,
         0.00000000e+00,  0.00000000e+00,  0.00000000e+00,
         0.00000000e+00,  0.00000000e+00,  0.00000000e+00,
         0.00000000e+00,  0.00000000e+00,  0.00000000e+00,
         0.00000000e+00,  0.00000000e+00,  0.00000000e+00,
         0.00000000e+00,  0.00000000e+00,  0.00000000e+00,
         0.00000000e+00,  0.00000000e+00,  1.00000000e+00,
         0.00000000e+00,  0.00000000e+00],
       [ 0.00000000e+00,  0.00000000e+00,  0.00000000e+00,
         0.00000000e+00,  0.00000000e+00,  0.00000000e+00,
         0.00000000e+00,  0.00000000e+00,  0.00000000e+00,
         0.00000000e+00,  0.00000000e+00,  0.00000000e+00,
         0.00000000e+00,  0.00000000e+00,  0.00000000e+00,
         0.00000000e+00,  0.00000000e+00,  0.00000000e+00,
         0.00000000e+00,  0.00000000e+00,  0.00000000e+00,
         1.00000000e+00,  0.00000000e+00],
       [-2.80326375e-03, -2.02869868e-04,  1.23393160e-03,
         2.20320908e-03,  6.55777412e-03,  4.37990385e-04,
         7.62202453e-03, -8.83260507e-03, -4.20558490e-03,
         7.77269385e-03,  4.87116891e-03,  1.35986926e-02,
         2.23031380e-03,  4.90828775e-03, -6.53521598e-03,
        -4.72880880e-03,  2.40840862e-03,  3.75263753e-03,
         1.69675438e-03,  1.84981693e-03, -2.38193517e-03,
        -1.50397184e-02,  1.86144088e-03]])
     fun: 0.0003830511672106307
 message: 'Maximum number of function evaluations has been exceeded.'
    nfev: 23157
     nit: 88
  status: 1
 success: False
       x: array([ 1.25417073,  1.94532259,  1.54712697,  1.82684101,  3.45903154,
       -0.81934941,  0.64744463, -1.9475782 ,  0.87162238,  1.81433808,
        1.65800069,  1.63342842,  1.59877318,  0.41181887, -1.47361158,
        0.98251494,  1.56624917, -0.19959239,  1.37873615, -0.99324207,
       -2.81728561,  3.2711848 ,  1.04591846])/home/adrianps/Universal-Approximator/qibo_sim/classes/ApproximantNN.py:216: OptimizeWarning: Unknown solver options: nepochs, nmessage, optimizer, learning_rate
  method=method, options=options)

powell
(0.0003830511672106307, array([ 1.25417073,  1.94532259,  1.54712697,  1.82684101,  3.45903154,
       -0.81934941,  0.64744463, -1.9475782 ,  0.87162238,  1.81433808,
        1.65800069,  1.63342842,  1.59877318,  0.41181887, -1.47361158,
        0.98251494,  1.56624917, -0.19959239,  1.37873615, -0.99324207,
       -2.81728561,  3.2711848 ,  1.04591846]))
