/home/adrianps/Universal-Approximator/qibo_sim/classes/ApproximantNN.py:216: OptimizeWarning: Unknown solver options: nepochs, nmessage, optimizer, learning_rate
  method=method, options=options)
   direc: array([[-1.69802610e-01, -7.54311400e-02,  5.18621722e-02,
         2.16825752e-01,  5.95533241e-02, -1.99485141e-02,
         5.75498159e-02, -1.67348120e-02,  6.79879043e-02,
         5.92753769e-01, -1.67701174e-02, -1.18388156e-02,
         5.84011933e-01, -6.24309193e-03],
       [ 1.93625751e-02,  7.64048648e-03,  3.82379309e-03,
         1.19317495e-03,  2.78404561e-04, -1.41340234e-03,
         3.48557291e-04, -7.76574414e-05,  1.25944384e-03,
         6.53668168e-04, -4.62382066e-04,  1.78864318e-04,
         9.90963389e-05,  4.10412840e-04],
       [ 0.00000000e+00,  0.00000000e+00,  1.00000000e+00,
         0.00000000e+00,  0.00000000e+00,  0.00000000e+00,
         0.00000000e+00,  0.00000000e+00,  0.00000000e+00,
         0.00000000e+00,  0.00000000e+00,  0.00000000e+00,
         0.00000000e+00,  0.00000000e+00],
       [ 0.00000000e+00,  0.00000000e+00,  0.00000000e+00,
         1.00000000e+00,  0.00000000e+00,  0.00000000e+00,
         0.00000000e+00,  0.00000000e+00,  0.00000000e+00,
         0.00000000e+00,  0.00000000e+00,  0.00000000e+00,
         0.00000000e+00,  0.00000000e+00],
       [ 1.48370286e-04, -3.29787717e-04,  5.71062437e-04,
         1.29617321e-02,  2.90058026e-03, -7.40049552e-03,
         1.16659400e-03, -6.05839661e-04,  5.05380519e-03,
         2.46164326e-04, -4.12685617e-03,  9.19648538e-04,
         1.82307754e-02, -9.25945886e-04],
       [-5.56367068e-02, -5.70129857e-03, -6.55541529e-04,
         6.80373746e-02,  1.82569716e-03, -2.06067982e-02,
         7.62879274e-03,  1.08456211e-02,  1.72859156e-02,
        -1.90089664e-02,  1.07901955e-02, -1.79643222e-03,
        -2.04031936e-03,  5.39900903e-03],
       [-6.91815466e-03, -5.52765674e-04, -7.59637455e-03,
         5.11360912e-03,  2.67694815e-03, -6.51496876e-03,
         1.06356767e-03,  2.26166792e-03, -1.75360546e-03,
        -1.09540341e-02,  3.13334289e-04, -2.24712673e-03,
         7.43680149e-03,  9.36027506e-04],
       [-1.40241417e-03,  1.73251277e-03,  3.15334243e-03,
         8.82612842e-04,  2.41504513e-03, -4.44737835e-03,
         3.20551894e-03,  3.03337658e-03,  1.21266860e-03,
         1.64643520e-02,  3.19294079e-03, -5.14071483e-05,
         1.03533386e-02,  7.85406018e-04],
       [-1.32751692e-02,  3.38815585e-03, -4.93050378e-03,
         1.06619005e-02, -2.95186952e-03, -7.68300270e-03,
        -1.18280740e-03,  9.43756806e-03, -8.12758584e-03,
        -3.83547902e-02,  4.96198573e-03, -4.34278224e-03,
        -3.64132834e-02,  4.90015506e-03],
       [-1.06515675e-01, -7.50807498e-02,  8.44371721e-03,
         1.94106909e-01,  6.20685317e-02, -4.24300686e-02,
         2.88723695e-02, -3.09000908e-02,  6.56085604e-02,
         3.93538234e-01, -3.46526366e-02, -1.82916938e-03,
         5.21516544e-01, -1.68924657e-02],
       [-1.06564174e-01, -2.10252659e-02,  1.71650353e-03,
         8.78690836e-02, -3.17587051e-02,  5.94660989e-02,
         4.18745414e-02, -5.65934376e-03, -4.06293941e-02,
        -2.15749655e-03, -6.96081746e-02,  2.47039613e-02,
        -5.36357572e-02, -2.10150196e-02],
       [ 1.70097337e-03,  9.51336255e-03, -3.95219861e-03,
        -1.01563446e-02, -4.73778624e-03, -2.62660689e-03,
        -8.06825418e-04,  1.10637429e-02, -9.87165476e-03,
        -4.26123271e-02,  1.00040547e-02, -2.56503221e-03,
        -5.62226074e-02,  4.78645127e-03],
       [ 0.00000000e+00,  0.00000000e+00,  0.00000000e+00,
         0.00000000e+00,  0.00000000e+00,  0.00000000e+00,
         0.00000000e+00,  0.00000000e+00,  0.00000000e+00,
         0.00000000e+00,  0.00000000e+00,  0.00000000e+00,
         1.00000000e+00,  0.00000000e+00],
       [-6.01916754e-03,  9.73548979e-04,  1.21793458e-03,
         1.74516104e-02,  2.63542064e-03, -6.46531450e-03,
         3.88701660e-03,  2.30759551e-03,  3.00100433e-03,
         7.56018402e-03,  2.47641875e-03,  3.28130182e-04,
         1.95855588e-02,  7.03515700e-04]])
     fun: 0.0002522713640923711
 message: 'Optimization terminated successfully.'
    nfev: 11483
     nit: 73
  status: 0
 success: True
       x: array([-4.76532199, -1.81312939, -0.10487858,  4.45753797,  2.73256806,
       -1.48710253,  2.97139194,  0.09690295, -1.29692685,  5.11659029,
       -0.03824511,  2.98464466,  6.3923224 , -0.80743701])
powell
(0.0002522713640923711, array([-4.76532199, -1.81312939, -0.10487858,  4.45753797,  2.73256806,
       -1.48710253,  2.97139194,  0.09690295, -1.29692685,  5.11659029,
       -0.03824511,  2.98464466,  6.3923224 , -0.80743701]))
