/home/adrianps/Universal-Approximator/qibo_sim/classes/ApproximantNN.py:216: OptimizeWarning: Unknown solver options: nepochs, nmessage, optimizer, learning_rate
  method=method, options=options)
   direc: array([[-1.30693211e-02, -1.84553719e-02,  6.81445367e-03, ...,
         1.76829443e-02,  3.77510454e-03,  7.87526911e-03],
       [-4.62210828e-03, -9.57823744e-03,  1.98737962e-03, ...,
         8.55369514e-03,  3.23398181e-03,  2.07929343e-03],
       [-3.33632575e-02,  2.26240791e-03,  2.06175395e-03, ...,
         4.67807894e-03,  2.74895846e-02,  3.09430967e-03],
       ...,
       [ 0.00000000e+00,  0.00000000e+00,  0.00000000e+00, ...,
         1.00000000e+00,  0.00000000e+00,  0.00000000e+00],
       [ 0.00000000e+00,  0.00000000e+00,  0.00000000e+00, ...,
         0.00000000e+00,  1.00000000e+00,  0.00000000e+00],
       [ 5.43754451e-03, -9.41814597e-03,  5.33051982e-04, ...,
         8.24867890e-03, -3.04354882e-03,  2.58450204e-03]])
     fun: 0.0002936389550647264
 message: 'Optimization terminated successfully.'
    nfev: 19738
     nit: 36
  status: 0
 success: True
       x: array([ 1.58979781, -0.69357908,  2.22451119,  4.4703548 ,  2.71114239,
       -0.74381888,  0.80225659,  0.82933948,  0.06372969, -1.00183346,
        0.83101809,  1.42365569, -0.17251506, -0.18038785,  0.53446513,
        0.18807604,  1.5033305 , -0.12967649,  0.67199171, -0.77502539,
       -3.00135145,  0.17026567,  1.36973471, -0.14485928,  3.050714  ,
       -1.49620477, -0.03182048, -0.38585379,  1.57405569,  1.95002119,
        0.10932825,  0.39310339, -0.76024606, -1.45761435, -0.19034997,
        0.26913677,  0.61260735,  1.09967221, -0.52593833, -0.2597149 ,
       -1.12461359, -1.39323749, -1.89362679,  2.04003213, -0.29524695,
       -0.49509845, -1.11787903])
powell
(0.0002936389550647264, array([ 1.58979781, -0.69357908,  2.22451119,  4.4703548 ,  2.71114239,
       -0.74381888,  0.80225659,  0.82933948,  0.06372969, -1.00183346,
        0.83101809,  1.42365569, -0.17251506, -0.18038785,  0.53446513,
        0.18807604,  1.5033305 , -0.12967649,  0.67199171, -0.77502539,
       -3.00135145,  0.17026567,  1.36973471, -0.14485928,  3.050714  ,
       -1.49620477, -0.03182048, -0.38585379,  1.57405569,  1.95002119,
        0.10932825,  0.39310339, -0.76024606, -1.45761435, -0.19034997,
        0.26913677,  0.61260735,  1.09967221, -0.52593833, -0.2597149 ,
       -1.12461359, -1.39323749, -1.89362679,  2.04003213, -0.29524695,
       -0.49509845, -1.11787903]))
