/home/adrianps/Universal-Approximator/qibo_sim/classes/ApproximantNN.py:216: OptimizeWarning: Unknown solver options: nepochs, nmessage, optimizer, learning_rate
  method=method, options=options)
   direc: array([[ 4.94283617e-03,  1.15397400e-03, -4.00177327e-02, ...,
        -8.58316396e-03, -2.28645936e-03,  8.14578400e-04],
       [ 0.00000000e+00,  1.00000000e+00,  0.00000000e+00, ...,
         0.00000000e+00,  0.00000000e+00,  0.00000000e+00],
       [ 1.47257162e-02,  1.41718483e-02, -7.92525939e-03, ...,
        -1.13021976e-02, -1.39701939e-02, -1.20325896e-02],
       ...,
       [ 0.00000000e+00,  0.00000000e+00,  0.00000000e+00, ...,
         1.00000000e+00,  0.00000000e+00,  0.00000000e+00],
       [ 0.00000000e+00,  0.00000000e+00,  0.00000000e+00, ...,
         0.00000000e+00,  1.00000000e+00,  0.00000000e+00],
       [ 3.66726707e-03,  1.23871832e-02, -6.60795571e-02, ...,
        -2.69538590e-02,  1.57101354e-03,  1.31950852e-02]])
     fun: 0.00022495240246420364
 message: 'Maximum number of function evaluations has been exceeded.'
    nfev: 38280
     nit: 87
  status: 1
 success: False
       x: array([ 0.79473818,  0.41961614,  1.25378011,  1.83033325,  2.69097275,
       -1.82044776,  1.12044304,  1.93609064, -0.81918235, -0.54266792,
        0.30672537,  1.6029334 ,  0.68827837,  0.06251913,  0.52326379,
        0.07107696,  0.46868858,  0.45360157, -0.48098288, -0.69554233,
       -1.77741008,  0.91193466,  0.91859366, -0.37921621,  3.6054444 ,
       -1.46836321,  0.33430077,  0.0423394 ,  1.69478615,  1.24491717,
        0.44592814,  0.03519896, -1.65096012, -3.33338711, -0.47114688,
       -0.49863761,  0.84668784,  0.95413357])
powell
(0.00022495240246420364, array([ 0.79473818,  0.41961614,  1.25378011,  1.83033325,  2.69097275,
       -1.82044776,  1.12044304,  1.93609064, -0.81918235, -0.54266792,
        0.30672537,  1.6029334 ,  0.68827837,  0.06251913,  0.52326379,
        0.07107696,  0.46868858,  0.45360157, -0.48098288, -0.69554233,
       -1.77741008,  0.91193466,  0.91859366, -0.37921621,  3.6054444 ,
       -1.46836321,  0.33430077,  0.0423394 ,  1.69478615,  1.24491717,
        0.44592814,  0.03519896, -1.65096012, -3.33338711, -0.47114688,
       -0.49863761,  0.84668784,  0.95413357]))
