/home/adrianps/Universal-Approximator/qibo_sim/classes/ApproximantNN.py:216: OptimizeWarning: Unknown solver options: nepochs, nmessage, optimizer, learning_rate
  method=method, options=options)
   direc: array([[ 1.40732464e-04, -9.30907913e-03,  6.71561919e-03, ...,
        -2.32229414e-02, -1.32931876e-02, -2.48749624e-02],
       [ 0.00000000e+00,  1.00000000e+00,  0.00000000e+00, ...,
         0.00000000e+00,  0.00000000e+00,  0.00000000e+00],
       [ 0.00000000e+00,  0.00000000e+00,  1.00000000e+00, ...,
         0.00000000e+00,  0.00000000e+00,  0.00000000e+00],
       ...,
       [ 1.21851524e-02, -3.25062086e-02,  4.10740514e-03, ...,
        -4.30525640e-02, -4.08438808e-02,  5.15877498e-03],
       [ 0.00000000e+00,  0.00000000e+00,  0.00000000e+00, ...,
         0.00000000e+00,  1.00000000e+00,  0.00000000e+00],
       [-7.54888960e-04, -8.95012377e-03,  5.48012838e-03, ...,
        -1.96077994e-02, -1.61833556e-03, -2.32430703e-02]])
     fun: 0.00022632704902263363
 message: 'Optimization terminated successfully.'
    nfev: 29732
     nit: 73
  status: 0
 success: True
       x: array([ 0.69580674,  0.98235153,  2.13126241,  2.42362736,  2.45889408,
       -2.04355524,  2.25588927, -2.48983536, -0.74045134,  0.28302491,
       -0.0731273 , -0.09178409,  0.56910514,  0.1546046 ,  0.21453895,
        0.2385674 ,  1.35762014,  0.51162088, -0.47391951, -1.01307149,
       -2.35920096,  0.75771249,  1.7717454 , -1.3193301 ,  3.00874087,
       -1.5171607 , -0.32881805, -0.26680539,  1.43106493,  3.37462711,
        1.63167116,  1.17177209, -2.50836808, -3.61815735, -0.5468413 ])
powell
(0.00022632704902263363, array([ 0.69580674,  0.98235153,  2.13126241,  2.42362736,  2.45889408,
       -2.04355524,  2.25588927, -2.48983536, -0.74045134,  0.28302491,
       -0.0731273 , -0.09178409,  0.56910514,  0.1546046 ,  0.21453895,
        0.2385674 ,  1.35762014,  0.51162088, -0.47391951, -1.01307149,
       -2.35920096,  0.75771249,  1.7717454 , -1.3193301 ,  3.00874087,
       -1.5171607 , -0.32881805, -0.26680539,  1.43106493,  3.37462711,
        1.63167116,  1.17177209, -2.50836808, -3.61815735, -0.5468413 ]))
