/home/adrianps/Universal-Approximator/qibo_sim/classes/ApproximantNN.py:216: OptimizeWarning: Unknown solver options: nepochs, nmessage, optimizer, learning_rate
  method=method, options=options)
   direc: array([[ 6.74590079e-02, -2.89145186e-02, -6.63932073e-02, ...,
         8.10143621e-03, -9.66212674e-02, -4.53881183e-03],
       [ 0.00000000e+00,  1.00000000e+00,  0.00000000e+00, ...,
         0.00000000e+00,  0.00000000e+00,  0.00000000e+00],
       [ 0.00000000e+00,  0.00000000e+00,  0.00000000e+00, ...,
         0.00000000e+00,  0.00000000e+00,  1.00000000e+00],
       ...,
       [-1.56029318e-02,  1.07980120e-02, -1.93680357e-03, ...,
         3.39713757e-03,  1.27867934e-02,  1.05303520e-02],
       [ 0.00000000e+00,  0.00000000e+00,  0.00000000e+00, ...,
         0.00000000e+00,  1.00000000e+00,  0.00000000e+00],
       [-3.93558760e-03,  3.53602852e-03,  1.53058766e-03, ...,
        -5.18631815e-04,  2.48624713e-03,  4.28279937e-03]])
     fun: 0.00023301327416095743
 message: 'Optimization terminated successfully.'
    nfev: 21714
     nit: 46
  status: 0
 success: True
       x: array([ 1.74773495,  5.28487241,  1.00386208,  1.09755102,  0.65374844,
       -1.69564929, -0.04726232, -0.11963806,  0.21189906, -0.40603589,
        0.11942047,  1.40920918,  0.87744452,  0.07666475, -0.19797268,
        0.53025797,  1.52045973,  0.27853268,  0.2300127 , -0.76620063,
       -2.46758696,  0.27693913,  0.93766611, -0.65539552,  3.68566183,
       -1.6861008 , -0.7831147 , -1.2612164 ,  1.307169  ,  1.69362927,
        0.37805571,  0.26830538, -0.74939962, -2.36632643, -0.17179721,
       -0.30247759,  0.26758197,  1.26364343, -0.40865589, -0.53530003,
       -1.0729294 ])
powell
(0.00023301327416095743, array([ 1.74773495,  5.28487241,  1.00386208,  1.09755102,  0.65374844,
       -1.69564929, -0.04726232, -0.11963806,  0.21189906, -0.40603589,
        0.11942047,  1.40920918,  0.87744452,  0.07666475, -0.19797268,
        0.53025797,  1.52045973,  0.27853268,  0.2300127 , -0.76620063,
       -2.46758696,  0.27693913,  0.93766611, -0.65539552,  3.68566183,
       -1.6861008 , -0.7831147 , -1.2612164 ,  1.307169  ,  1.69362927,
        0.37805571,  0.26830538, -0.74939962, -2.36632643, -0.17179721,
       -0.30247759,  0.26758197,  1.26364343, -0.40865589, -0.53530003,
       -1.0729294 ]))
