/home/adrianps/Universal-Approximator/qibo_sim/classes/ApproximantNN.py:216: OptimizeWarning: Unknown solver options: nepochs, nmessage, optimizer, learning_rate
  method=method, options=options)
   direc: array([[ 0.00000000e+00,  0.00000000e+00,  0.00000000e+00, ...,
         0.00000000e+00,  0.00000000e+00,  1.00000000e+00],
       [ 0.00000000e+00,  1.00000000e+00,  0.00000000e+00, ...,
         0.00000000e+00,  0.00000000e+00,  0.00000000e+00],
       [ 1.51224184e-03,  2.58084719e-03,  2.06685002e-03, ...,
         4.49709841e-03,  8.29155622e-05,  1.95579823e-03],
       ...,
       [ 0.00000000e+00,  0.00000000e+00,  0.00000000e+00, ...,
         1.00000000e+00,  0.00000000e+00,  0.00000000e+00],
       [ 0.00000000e+00,  0.00000000e+00,  0.00000000e+00, ...,
         0.00000000e+00,  1.00000000e+00,  0.00000000e+00],
       [-2.12110926e-03,  1.00736161e-02,  6.33326680e-03, ...,
         8.28619473e-03,  4.48455528e-03,  2.14446901e-02]])
     fun: 9.897622661088686e-05
 message: 'Maximum number of function evaluations has been exceeded.'
    nfev: 50166
     nit: 87
  status: 1
 success: False
       x: array([ 2.79524235,  0.53664704,  2.60586628,  1.05778419,  1.08762499,
       -0.94814386,  0.42531803, -0.6374653 , -0.0971753 ,  0.64749792,
       -0.11946389,  0.94142446,  1.39657984,  0.45462102,  0.95787948,
        0.5801309 ,  1.6328423 , -0.5475701 ,  0.78281546, -1.01660782,
       -2.4604263 ,  1.3559512 ,  0.90618734, -0.74608044,  3.08687788,
       -1.42638176, -0.76411569,  0.42710248,  1.3763738 ,  2.18763632,
       -0.76932425,  0.37840241, -0.87266803, -2.46816384, -0.31867898,
        0.01716944,  0.89328208,  1.21168033, -0.11569136, -0.72708516,
       -1.08526278, -1.37343323, -1.3959279 ,  1.48692904, -0.28260046,
        0.09876597, -0.43814157,  1.5032748 , -2.43249828,  0.16442662])
powell
(9.897622661088686e-05, array([ 2.79524235,  0.53664704,  2.60586628,  1.05778419,  1.08762499,
       -0.94814386,  0.42531803, -0.6374653 , -0.0971753 ,  0.64749792,
       -0.11946389,  0.94142446,  1.39657984,  0.45462102,  0.95787948,
        0.5801309 ,  1.6328423 , -0.5475701 ,  0.78281546, -1.01660782,
       -2.4604263 ,  1.3559512 ,  0.90618734, -0.74608044,  3.08687788,
       -1.42638176, -0.76411569,  0.42710248,  1.3763738 ,  2.18763632,
       -0.76932425,  0.37840241, -0.87266803, -2.46816384, -0.31867898,
        0.01716944,  0.89328208,  1.21168033, -0.11569136, -0.72708516,
       -1.08526278, -1.37343323, -1.3959279 ,  1.48692904, -0.28260046,
        0.09876597, -0.43814157,  1.5032748 , -2.43249828,  0.16442662]))
