/home/adrianps/Universal-Approximator/qibo_sim/classes/ApproximantNN.py:216: OptimizeWarning: Unknown solver options: nepochs, nmessage, optimizer, learning_rate
  method=method, options=options)
   direc: array([[ 1.62970654e-03,  4.98476494e-04, -1.88480379e-03, ...,
         1.80231488e-03,  5.31382124e-05, -4.68977371e-04],
       [ 2.27750629e-04, -5.49950404e-04, -2.80889152e-03, ...,
         7.44482433e-03,  2.86831059e-03, -1.50990914e-03],
       [-7.11909809e-02, -4.23264112e-02,  3.04698475e-02, ...,
        -1.83289316e-02,  2.02312173e-03,  7.78397616e-03],
       ...,
       [ 0.00000000e+00,  0.00000000e+00,  0.00000000e+00, ...,
         1.00000000e+00,  0.00000000e+00,  0.00000000e+00],
       [ 0.00000000e+00,  0.00000000e+00,  0.00000000e+00, ...,
         0.00000000e+00,  1.00000000e+00,  0.00000000e+00],
       [ 2.58696223e-03,  5.84747897e-04, -3.39798619e-03, ...,
         4.89168137e-03,  7.31415687e-03, -1.34333395e-03]])
     fun: 8.677285134792475e-05
 message: 'Maximum number of function evaluations has been exceeded.'
    nfev: 53256
     nit: 86
  status: 1
 success: False
       x: array([ 2.93644333,  0.29100318,  1.89459602,  2.78388167,  1.31904836,
       -0.23162144,  0.41969628, -1.83922563,  1.39091269,  1.37803022,
        0.0237615 ,  1.52571404,  1.58830079, -0.75883368,  0.73294812,
       -0.04156188,  1.5283037 ,  0.0359116 ,  0.03889745, -0.8573994 ,
       -2.50580701,  1.90639586,  0.30510079, -0.92957992,  2.39577073,
       -1.40991605, -0.62649351, -0.4600091 ,  1.56667902,  0.85475643,
        2.05109708,  0.13614064, -1.1062988 , -2.97949108, -0.54844822,
        0.14281411,  1.21053387,  1.56892703, -0.37090268, -0.76343689,
       -1.15897276, -0.27989878, -1.79025637,  1.82106858, -0.79268789,
        0.58611976, -1.1587052 ,  0.56495927, -0.57862682,  0.02115187,
       -0.13208403,  0.28233805, -0.58889372])
powell
(8.677285134792475e-05, array([ 2.93644333,  0.29100318,  1.89459602,  2.78388167,  1.31904836,
       -0.23162144,  0.41969628, -1.83922563,  1.39091269,  1.37803022,
        0.0237615 ,  1.52571404,  1.58830079, -0.75883368,  0.73294812,
       -0.04156188,  1.5283037 ,  0.0359116 ,  0.03889745, -0.8573994 ,
       -2.50580701,  1.90639586,  0.30510079, -0.92957992,  2.39577073,
       -1.40991605, -0.62649351, -0.4600091 ,  1.56667902,  0.85475643,
        2.05109708,  0.13614064, -1.1062988 , -2.97949108, -0.54844822,
        0.14281411,  1.21053387,  1.56892703, -0.37090268, -0.76343689,
       -1.15897276, -0.27989878, -1.79025637,  1.82106858, -0.79268789,
        0.58611976, -1.1587052 ,  0.56495927, -0.57862682,  0.02115187,
       -0.13208403,  0.28233805, -0.58889372]))
