/home/adrianps/Universal-Approximator/qibo_sim/classes/ApproximantNN.py:216: OptimizeWarning: Unknown solver options: nepochs, nmessage, optimizer, learning_rate
  method=method, options=options)
   direc: array([[ 1.00000000e+00,  0.00000000e+00,  0.00000000e+00,
         0.00000000e+00,  0.00000000e+00,  0.00000000e+00,
         0.00000000e+00,  0.00000000e+00],
       [ 0.00000000e+00,  1.00000000e+00,  0.00000000e+00,
         0.00000000e+00,  0.00000000e+00,  0.00000000e+00,
         0.00000000e+00,  0.00000000e+00],
       [ 0.00000000e+00,  0.00000000e+00,  0.00000000e+00,
         0.00000000e+00,  0.00000000e+00,  0.00000000e+00,
         0.00000000e+00,  1.00000000e+00],
       [ 0.00000000e+00,  0.00000000e+00,  0.00000000e+00,
         1.00000000e+00,  0.00000000e+00,  0.00000000e+00,
         0.00000000e+00,  0.00000000e+00],
       [ 0.00000000e+00,  0.00000000e+00,  0.00000000e+00,
         0.00000000e+00,  1.00000000e+00,  0.00000000e+00,
         0.00000000e+00,  0.00000000e+00],
       [ 0.00000000e+00,  0.00000000e+00,  0.00000000e+00,
         0.00000000e+00,  0.00000000e+00,  1.00000000e+00,
         0.00000000e+00,  0.00000000e+00],
       [ 0.00000000e+00,  0.00000000e+00,  0.00000000e+00,
         0.00000000e+00,  0.00000000e+00,  0.00000000e+00,
         1.00000000e+00,  0.00000000e+00],
       [ 9.66918608e-06, -2.51581700e-06,  1.14072908e-03,
         1.76218739e-06,  1.25387547e-06,  6.21905554e-04,
        -1.29694210e-06,  1.89914773e-07]])
     fun: 0.022664130431059255
 message: 'Optimization terminated successfully.'
    nfev: 379
     nit: 4
  status: 0
 success: True
       x: array([-1.10444517e+00, -7.66974169e-01,  5.14808878e-09,  1.96681623e+00,
        1.72697688e+00,  1.75862705e-08,  7.36403683e-01, -1.70058968e-01])
powell
(0.022664130431059255, array([-1.10444517e+00, -7.66974169e-01,  5.14808878e-09,  1.96681623e+00,
        1.72697688e+00,  1.75862705e-08,  7.36403683e-01, -1.70058968e-01]))
