ite 0 : loss 1.289279
ite 1000 : loss 0.000249
ite 2000 : loss 0.000232
ite 3000 : loss 0.000203
ite 4000 : loss 0.000141
ite 5000 : loss 0.000166
ite 6000 : loss 0.000106
ite 7000 : loss 0.000205
ite 8000 : loss 0.000501
ite 9000 : loss 0.000106
ite 10000 : loss 0.000092
sgd
{'nepochs': 10001, 'nmessage': 1000, 'optimizer': 'Adamax', 'learning_rate': 0.1}
(9.208959134710647e-05, array([ 2.19872075, -0.44838087,  1.65343491,  2.04764151,  2.72694718,
       -1.14896988,  1.59057306, -0.38844574, -0.0993382 ,  0.73332237,
       -0.39387239,  1.49544566,  1.51950241, -0.09025641, -0.04919876,
        0.7163474 ,  1.21067611,  0.51617885,  1.09831631, -1.08977368,
       -1.65164155,  1.32804858,  1.29956599, -0.901214  ,  2.56834019,
       -1.19233304,  0.1034468 ,  0.01838014,  1.74948553,  1.03181146,
       -0.3485987 ,  0.27995186, -0.93811468, -1.97278801,  0.07360477,
       -0.11297148,  1.16542362,  1.51576373, -0.30709674, -0.849052  ,
       -0.85294139, -1.48656663, -1.80826649,  1.95431659, -0.72375829,
       -0.17437702, -1.38543012,  0.90437944, -1.27682189, -0.06474734,
       -0.54313037,  0.5557276 , -0.52506355, -0.19000298, -0.07953659,
        0.03031552]))
