ite 0 : loss 0.975376
ite 1000 : loss 0.000242
ite 2000 : loss 0.000241
ite 3000 : loss 0.000239
ite 4000 : loss 0.000239
ite 5000 : loss 0.000225
ite 6000 : loss 0.000184
ite 7000 : loss 0.000122
ite 8000 : loss 0.000073
ite 9000 : loss 0.000085
ite 10000 : loss 0.000071
sgd
{'nepochs': 10001, 'nmessage': 1000, 'optimizer': 'Adamax', 'learning_rate': 0.1}
(7.055939818428509e-05, array([ 1.75096284, -0.21087524,  1.60433566,  3.2970956 ,  2.09968909,
       -1.24846596,  0.73179607, -0.40905806, -0.19766093,  0.19319261,
       -0.13650992,  1.5162842 ,  0.06689448, -0.08397729,  0.30259673,
       -1.22577989,  1.33293002,  0.10095587, -0.70458568, -0.89126934,
       -2.60274506,  0.79282619,  1.06942784, -0.74331134,  3.22304753,
       -1.53506266, -0.0803298 ,  0.79391036,  1.43735525,  1.18091811,
        0.84830257,  0.19604864, -1.13563163, -2.51987761, -0.50370789,
        0.29597631,  0.77255046,  1.12481612,  0.01868683, -0.80685491,
       -0.93246802, -1.27519668, -3.5182329 ,  2.44935586, -1.15818247,
       -0.36085612, -1.33080546,  0.76687924, -1.5989398 ,  0.18509364]))
