ite 0 : loss 1.104083
ite 1000 : loss 0.001391
ite 2000 : loss 0.001284
ite 3000 : loss 0.000558
ite 4000 : loss 0.000193
ite 5000 : loss 0.000124
ite 6000 : loss 0.000116
ite 7000 : loss 0.000114
ite 8000 : loss 0.000134
ite 9000 : loss 0.000110
ite 10000 : loss 0.000107
sgd
{'nepochs': 10001, 'nmessage': 1000, 'optimizer': 'Adamax', 'learning_rate': 0.1}
(0.00010666003791393104, array([ 2.72811213e+00, -6.32630089e-02,  1.56972603e+00,  2.06073782e-01,
        1.87881622e+00, -2.98850407e+00,  1.33053992e+00,  5.92868745e-01,
       -7.55084731e-04,  4.59384293e-01, -1.25841556e-01,  1.88874862e+00,
        7.17902244e-01,  8.35100842e-02,  4.62445037e-01,  1.35435114e+00,
        1.54727440e+00,  2.13246689e-02,  1.04440646e+00, -8.09004405e-01,
       -1.52396516e+00,  1.22529465e+00,  1.34601960e+00, -1.25634840e+00,
        3.10163858e+00, -1.45384880e+00, -6.96965713e-01, -1.83059750e+00,
        1.55470245e+00,  1.87069457e+00,  9.85347342e-01,  4.37104451e-01,
       -1.57083875e+00, -2.83605038e+00, -9.40013062e-02, -7.10335995e-01,
        1.29894370e+00,  1.46738305e+00, -9.21867077e-01,  5.27069349e-02,
       -9.52026065e-01]))
