ite 0 : loss 1.059421
ite 1000 : loss 0.000938
ite 2000 : loss 0.000385
ite 3000 : loss 0.000317
ite 4000 : loss 0.000279
ite 5000 : loss 0.000230
ite 6000 : loss 0.000166
ite 7000 : loss 0.000083
ite 8000 : loss 0.000075
ite 9000 : loss 0.000049
ite 10000 : loss 0.000047
sgd
{'nepochs': 10001, 'nmessage': 1000, 'optimizer': 'Adamax', 'learning_rate': 0.1}
(4.712359394847511e-05, array([ 2.39133604,  0.6707791 ,  1.85340386,  2.65902721,  2.45641519,
       -1.88110956,  0.22832421, -0.4739555 , -0.47512831, -0.50950384,
       -0.20976049,  1.49625719,  1.04255631,  0.13994269, -0.06572612,
        0.82005443,  1.35940772, -0.02857293,  0.82623999, -0.91200066,
       -2.84100034,  0.21977839,  1.29728759, -1.70896432,  3.41714604,
       -1.34538758, -0.42594532,  0.87909918,  2.0673199 ,  1.96695442,
       -0.42404447,  0.02828578, -0.16101682, -2.59630255, -0.27479698,
       -0.84887489,  1.75038075,  1.3886119 , -0.66213088,  0.41169097,
       -0.85925015, -1.85196073, -2.14921336,  1.89155119, -0.62551716,
       -1.17622851, -1.24022877,  0.96959779, -2.20252434, -0.04644394,
       -0.76000774,  0.4202488 , -0.92322659, -0.81876437, -0.68787527,
        0.11949862,  0.38262553, -0.05165313, -0.88506252]))
