ite 0 : loss 1.093771
ite 1000 : loss 0.000260
ite 2000 : loss 0.000247
ite 3000 : loss 0.000243
ite 4000 : loss 0.000240
ite 5000 : loss 0.000237
ite 6000 : loss 0.000232
ite 7000 : loss 0.000226
ite 8000 : loss 0.000233
ite 9000 : loss 0.000102
ite 10000 : loss 0.000085
sgd
{'nepochs': 10001, 'nmessage': 1000, 'optimizer': 'Adamax', 'learning_rate': 0.1}
(8.45735902172175e-05, array([ 2.23178277, -0.29476813,  1.56970772,  1.08148109,  1.86505542,
       -1.25863132,  0.93620521, -1.10275289, -0.18290906,  0.43520587,
       -0.76986795,  1.27572275,  1.11357733, -0.28076902,  0.57522043,
        0.72690296,  1.2689773 , -0.27709369,  1.25402597, -1.2446826 ,
       -2.12150996,  1.73020003,  0.83722362, -0.68217265,  2.19569664,
       -1.47459263,  0.37647296, -0.17083264,  1.51975919,  0.78962349,
        0.28127077,  0.06591575, -1.25357931, -1.87867055, -0.1129233 ,
        0.09269645,  2.86240059,  1.72314465, -0.10499816,  0.73863198,
       -0.70248017, -1.93898577, -1.78298199,  1.93125196, -0.57203818,
       -0.60333153, -1.2534512 ,  0.68558898, -1.82539004, -0.10765737,
       -1.20214668,  1.55567019, -0.38496777]))
