ite 0 : loss 0.708007
ite 1000 : loss 0.000427
ite 2000 : loss 0.000289
ite 3000 : loss 0.000278
ite 4000 : loss 0.000269
ite 5000 : loss 0.000266
ite 6000 : loss 0.000231
ite 7000 : loss 0.000110
ite 8000 : loss 0.000106
ite 9000 : loss 0.000104
ite 10000 : loss 0.000120
sgd
{'nepochs': 10001, 'nmessage': 1000, 'optimizer': 'Adamax', 'learning_rate': 0.1}
(0.00010290270283982264, array([ 1.82918971, -0.63087438,  1.52835785,  1.25199889,  1.9091161 ,
       -1.33878913,  1.14275718, -0.17400509,  0.51757451,  0.6133712 ,
        0.1110263 ,  1.75807817,  2.01309165, -0.06743999, -0.40428619,
        1.21855614,  1.37451399, -0.00572733,  1.47523477, -0.93106555,
       -1.92860682,  1.45522778,  0.84969826, -1.2735468 ,  2.61064838,
       -1.38034217, -0.08294652,  0.4386629 ,  1.59169201,  1.74574634,
       -0.68581607,  0.24817085, -0.51966594, -2.06200059, -0.30070733,
       -0.97336256,  1.48074077,  1.60130593]))
