ite 0 : loss 0.765644
ite 1000 : loss 0.000361
ite 2000 : loss 0.000287
ite 3000 : loss 0.000270
ite 4000 : loss 0.000306
ite 5000 : loss 0.000242
ite 6000 : loss 0.000147
ite 7000 : loss 0.000088
ite 8000 : loss 0.000069
ite 9000 : loss 0.000061
ite 10000 : loss 0.000062
sgd
{'nepochs': 10001, 'nmessage': 1000, 'optimizer': 'Adamax', 'learning_rate': 0.1}
(5.746615714966433e-05, array([ 1.91111334,  0.73936755,  1.38732729,  3.03121304,  3.06900807,
       -1.2429731 ,  1.36410833, -0.19761382, -0.16133489,  0.83609803,
        0.02599058,  1.42849736,  1.10342243, -0.13865206,  0.51414467,
        0.98607881,  1.74776267, -0.66704671,  0.42489524, -0.58586791,
       -3.00577216,  0.77637723,  0.72356941, -0.62696492,  3.48553199,
       -1.57901881, -0.23936602,  0.83065107,  0.93513128,  1.16812476,
        1.70668821,  0.20725497, -1.23339484, -2.52840788, -0.33752996,
        0.39699714,  0.8970826 ,  0.89041016, -0.85358953, -0.91780189,
       -1.34776154, -1.18265442, -2.74920873,  2.41917708]))
