ite 0 : loss 1.172095
ite 1000 : loss 0.000307
ite 2000 : loss 0.000296
ite 3000 : loss 0.000288
ite 4000 : loss 0.000265
ite 5000 : loss 0.000398
ite 6000 : loss 0.000095
ite 7000 : loss 0.000090
ite 8000 : loss 0.000089
ite 9000 : loss 0.000087
ite 10000 : loss 0.000084
sgd
{'nepochs': 10001, 'nmessage': 1000, 'optimizer': 'Adamax', 'learning_rate': 0.1}
(8.464537013060311e-05, array([ 1.57440361,  0.73681938,  1.70656518,  2.84164145,  1.82974995,
       -1.18135078,  1.60208938, -0.0835811 , -0.36700266,  0.51654451,
       -0.00892757,  1.00463184,  1.69286089, -0.14656047, -0.16492447,
        0.83904157,  1.31492059, -0.31727278,  0.95267233, -0.98752446,
       -2.57240788,  0.86237639,  1.11116642, -0.60025328,  5.34343794,
       -1.31486506, -0.68641896, -1.29285939,  2.13064907,  1.8489733 ,
       -0.82836688,  0.24152568, -0.15028218, -2.07971726,  0.07528254]))
