ite 0 : loss 1.159229
ite 1000 : loss 0.000335
ite 2000 : loss 0.000260
ite 3000 : loss 0.000244
ite 4000 : loss 0.000237
ite 5000 : loss 0.000230
ite 6000 : loss 0.000224
ite 7000 : loss 0.000213
ite 8000 : loss 0.000133
ite 9000 : loss 0.000117
ite 10000 : loss 0.000110
sgd
{'nepochs': 10001, 'nmessage': 1000, 'optimizer': 'Adamax', 'learning_rate': 0.1}
(0.0001102799156769936, array([ 1.23934773, -0.08956075,  0.1497902 ,  1.95636864,  1.43875445,
       -1.6998389 ,  1.27387132, -0.28889457, -0.2371784 ,  1.05217336,
        0.04360456,  1.34394326,  0.8697233 , -0.11117858,  0.2889526 ,
        0.90647129,  1.30142743, -0.77945663, -0.23186797, -0.89224567,
       -3.09707375,  0.5891214 ,  0.8339717 , -0.61215292,  3.54710159,
       -1.35937071,  1.25156698,  1.64077532,  1.53801407,  0.91909955,
        1.81588141,  0.37274613]))
