ite 0 : loss 0.883679
ite 1000 : loss 0.000841
ite 2000 : loss 0.000294
ite 3000 : loss 0.000207
ite 4000 : loss 0.000381
ite 5000 : loss 0.000112
ite 6000 : loss 0.001414
ite 7000 : loss 0.000108
ite 8000 : loss 0.000107
ite 9000 : loss 0.000139
ite 10000 : loss 0.000103
sgd
{'nepochs': 10001, 'nmessage': 1000, 'optimizer': 'Adamax', 'learning_rate': 0.1}
(0.00010251924606445684, array([ 2.66909114, -0.93891827,  0.64793786,  0.25519698,  1.5094208 ,
       -1.59175109,  1.08337536, -0.48173915,  0.00839333,  0.31608953,
       -0.35465269,  1.59874823,  1.0967075 ,  0.23834491,  0.30846268,
        0.87023078,  1.53754107,  0.05558667,  0.93063459, -0.85440218,
       -1.9598475 ,  1.28795053,  1.06737107, -1.12963961,  2.3987043 ,
       -1.28835805, -0.75855881, -0.82095959,  2.03962987,  1.64103112,
        0.16690111, -0.10906393, -0.69591378, -2.05326383, -0.21843731,
        0.93493961,  1.87265399,  1.5134182 , -0.2203738 ,  0.11319455,
       -0.72439927, -1.23897848, -1.86305625,  2.07416881, -0.48521671,
       -0.49858894, -1.26769318]))
