     fun: 0.0003020370663171061
     jac: array([ 8.80964897e-05, -4.58801454e-05, -4.44872925e-04,  2.16822448e-04,
       -8.91299404e-05,  2.90919329e-04, -9.33433560e-05, -2.41678330e-04,
        1.61480069e-04, -1.33768859e-04, -3.13510275e-04,  1.25421483e-04,
        1.07682694e-04,  2.27277089e-04,  3.89039766e-05,  1.86090889e-04,
        4.57135691e-04, -4.79119375e-04,  1.92007429e-04,  4.62327892e-04,
       -1.19512386e-04, -2.55344931e-04, -7.39415300e-04, -3.29781699e-04,
       -2.14781301e-04, -6.11289573e-04,  6.57699860e-05, -2.37245640e-04,
       -6.49524748e-04,  5.58000635e-04, -2.47366499e-04, -5.07589847e-04,
        2.85643492e-04, -3.60075603e-04, -8.24115846e-04, -1.91685757e-04,
       -3.79445363e-04, -8.52447892e-04,  2.50416669e-04, -3.49060565e-04,
       -7.68559511e-04, -5.99922889e-05,  3.41415616e-04,  6.38276162e-04,
        3.25626933e-04,  4.77118361e-04,  7.37387630e-04,  2.49138107e-04,
        2.98620297e-04,  4.10920337e-04, -7.15991556e-05,  5.04723037e-04,
        7.98207615e-04, -1.16911521e-04,  3.08350708e-04,  5.47339355e-04,
       -2.66948204e-04,  3.32364567e-04,  5.82726461e-04])
 message: 'Converged (|f_n-f_(n-1)| ~= 0)'
    nfev: 810
     nit: 60
  status: 1
 success: True
       x: array([ 1.50089106,  0.13268334,  1.59476642,  1.26558797,  2.77049387,
       -1.43532405,  0.81246006, -0.25315801, -0.25501021,  0.25973883,
       -0.01114932,  1.24274465,  0.58633784, -0.05148473,  0.44168117,
        0.44356939,  0.98051875,  0.01871127,  0.34220901, -0.9579529 ,
       -1.86871551,  0.62748374,  1.44510974, -0.41508322,  2.51418427,
       -1.07304486,  0.06501778, -0.16084806,  1.44985867,  0.76725254,
        0.26695885,  0.40612076, -1.05184462, -1.90157455, -0.17778829,
        0.0824197 ,  1.24390885,  1.15145518, -0.46176724, -0.20155246,
       -0.61143321, -1.81603997, -1.65381282,  1.53563519, -0.85736494,
       -0.41136472, -1.27098688,  0.65983399, -0.61813857, -0.09707579,
       -0.89301784,  0.3028795 , -0.50019565, -0.92796997, -0.07058514,
        0.31332038,  0.06841681,  0.17963623, -0.61616536])
(0.0003020370663171061, array([ 1.50089106,  0.13268334,  1.59476642,  1.26558797,  2.77049387,
       -1.43532405,  0.81246006, -0.25315801, -0.25501021,  0.25973883,
       -0.01114932,  1.24274465,  0.58633784, -0.05148473,  0.44168117,
        0.44356939,  0.98051875,  0.01871127,  0.34220901, -0.9579529 ,
       -1.86871551,  0.62748374,  1.44510974, -0.41508322,  2.51418427,
       -1.07304486,  0.06501778, -0.16084806,  1.44985867,  0.76725254,
        0.26695885,  0.40612076, -1.05184462, -1.90157455, -0.17778829,
        0.0824197 ,  1.24390885,  1.15145518, -0.46176724, -0.20155246,
       -0.61143321, -1.81603997, -1.65381282,  1.53563519, -0.85736494,
       -0.41136472, -1.27098688,  0.65983399, -0.61813857, -0.09707579,
       -0.89301784,  0.3028795 , -0.50019565, -0.92796997, -0.07058514,
        0.31332038,  0.06841681,  0.17963623, -0.61616536]))
