     fun: 0.00037302881348291327
     jac: array([ 1.15650116e-04, -5.51708473e-05,  1.56915659e-04, -2.80927500e-04,
        3.46591321e-04, -3.17837277e-04, -2.01709819e-04,  4.27405398e-05,
       -3.36301082e-05, -1.82503692e-04, -1.54235511e-05, -2.69896030e-05,
       -7.45587186e-05, -4.08049733e-05, -4.66080234e-04,  2.17022429e-04,
       -8.86005407e-05,  4.08084964e-04,  2.30268273e-04,  1.39844028e-05,
       -3.35748248e-05, -3.21160026e-04,  3.98088133e-04, -3.56188706e-04,
        1.76578099e-05,  7.51754778e-05, -1.47780757e-04,  1.30186226e-05,
        7.37272493e-05, -2.82999481e-05,  3.76754997e-05, -1.56177675e-04,
       -2.47440415e-05,  2.81732591e-05, -6.37066300e-05, -6.25273596e-05,
        2.38207078e-05, -4.86588092e-05,  3.31101357e-05, -2.16631238e-05,
       -5.68477557e-06, -1.14827586e-04,  1.16497036e-05,  8.69295900e-05])
 message: 'Converged (|f_n-f_(n-1)| ~= 0)'
    nfev: 638
     nit: 60
  status: 1
 success: True
       x: array([ 1.8015829 ,  0.12579577,  2.33289927,  2.70870135,  2.44397054,
       -0.86814028,  1.55672591, -0.16976992, -0.43651754,  0.64309475,
        0.18609626,  0.85899091,  1.18642612,  0.09471043,  0.52553498,
        0.65682414,  2.12867416, -0.13641511,  0.28855751, -0.45190611,
       -2.73547379,  1.01827639,  1.0395655 , -0.8348549 ,  2.36176197,
       -1.20546672, -0.04937664, -0.08131236,  1.562416  ,  1.9328922 ,
        0.17301634,  0.01709432, -0.94103226, -1.38729843, -0.33458363,
        0.03991588,  1.81067281,  0.95304776, -0.325681  , -0.05821056,
       -1.19470991, -1.40574425, -1.59644904,  2.94506606])
(0.00037302881348291327, array([ 1.8015829 ,  0.12579577,  2.33289927,  2.70870135,  2.44397054,
       -0.86814028,  1.55672591, -0.16976992, -0.43651754,  0.64309475,
        0.18609626,  0.85899091,  1.18642612,  0.09471043,  0.52553498,
        0.65682414,  2.12867416, -0.13641511,  0.28855751, -0.45190611,
       -2.73547379,  1.01827639,  1.0395655 , -0.8348549 ,  2.36176197,
       -1.20546672, -0.04937664, -0.08131236,  1.562416  ,  1.9328922 ,
        0.17301634,  0.01709432, -0.94103226, -1.38729843, -0.33458363,
        0.03991588,  1.81067281,  0.95304776, -0.325681  , -0.05821056,
       -1.19470991, -1.40574425, -1.59644904,  2.94506606]))
