     fun: 0.00028983082082440067
     jac: array([ 1.03160709e-04,  2.23475746e-04,  3.38122542e-05, -1.21163875e-05,
       -1.89680140e-05,  6.18653349e-06, -7.61399407e-05, -4.26298645e-05,
        3.43683795e-05, -9.14723158e-05, -4.54907921e-05,  5.44766597e-05,
       -2.38141863e-05, -7.05050601e-05, -6.36630614e-05, -4.49709009e-05,
       -5.93738275e-05,  4.29010397e-05, -4.93822593e-05, -6.05103912e-05,
        6.24793782e-05,  8.09188437e-05,  6.49225357e-05, -6.96859616e-05,
        5.19301832e-05,  7.36465468e-05])
 message: 'Converged (|f_n-f_(n-1)| ~= 0)'
    nfev: 606
     nit: 59
  status: 1
 success: True
       x: array([ 1.92237555,  0.8288813 ,  1.7062542 ,  2.81161339,  2.54484777,
       -0.73667612,  0.33740306,  1.24743934,  0.11786769,  0.51831872,
       -0.40182285,  1.79964704,  1.29488038,  0.63739447, -0.80365401,
       -0.62319329,  2.23477928,  0.03603218,  0.25717346, -0.18390712,
       -2.39714444,  1.09042702,  1.11694134, -0.167378  ,  2.47857541,
       -1.83883854])
(0.00028983082082440067, array([ 1.92237555,  0.8288813 ,  1.7062542 ,  2.81161339,  2.54484777,
       -0.73667612,  0.33740306,  1.24743934,  0.11786769,  0.51831872,
       -0.40182285,  1.79964704,  1.29488038,  0.63739447, -0.80365401,
       -0.62319329,  2.23477928,  0.03603218,  0.25717346, -0.18390712,
       -2.39714444,  1.09042702,  1.11694134, -0.167378  ,  2.47857541,
       -1.83883854]))
