     fun: 0.001516129155528084
     jac: array([ 3.62043511e-05,  7.29796063e-04, -4.58028775e-04,  9.00055551e-04,
        6.73470980e-04,  1.12874452e-03, -1.51763151e-04,  2.08547784e-04,
        4.28274191e-04, -1.89235758e-04,  2.22221980e-04,  1.75300508e-04,
        5.27382803e-04, -1.58689620e-04, -2.17535191e-04,  6.28996334e-04,
       -1.01853010e-04, -3.57529761e-04,  5.88918541e-04, -6.84808764e-05,
       -2.23312644e-04, -4.17822959e-04, -6.13672307e-05])
 message: 'Converged (|f_n-f_(n-1)| ~= 0)'
    nfev: 436
     nit: 46
  status: 1
 success: True
       x: array([ 1.20363955,  0.42948216,  1.8815813 ,  0.99548192,  1.87979808,
       -1.95657018,  0.96788333, -0.38698249, -0.05552299,  0.53968955,
        0.21903387,  1.36320647,  0.91935615, -0.59844104,  0.48626733,
        0.5502482 ,  1.20314335, -0.24925458,  0.52084442, -1.05103571,
       -2.78454113,  0.35352038,  0.99136865])
(0.001516129155528084, array([ 1.20363955,  0.42948216,  1.8815813 ,  0.99548192,  1.87979808,
       -1.95657018,  0.96788333, -0.38698249, -0.05552299,  0.53968955,
        0.21903387,  1.36320647,  0.91935615, -0.59844104,  0.48626733,
        0.5502482 ,  1.20314335, -0.24925458,  0.52084442, -1.05103571,
       -2.78454113,  0.35352038,  0.99136865]))
