     fun: 0.0015703463434478245
     jac: array([ 1.74843083e-04,  4.28778410e-04,  9.47708058e-05,  1.29124771e-04,
        2.00151462e-04,  4.66585906e-04,  2.32979564e-04,  3.34302768e-04,
        4.42326731e-04,  2.32551044e-04,  3.35292384e-04,  4.10848959e-04,
       -1.15790190e-05, -1.93878399e-04,  3.53168514e-04,  1.61345546e-04,
       -3.32070742e-04,  2.99997874e-05,  1.63876508e-05, -3.28467830e-04,
       -7.31528553e-05,  1.60706734e-04,  2.95507477e-04,  1.38512183e-04,
        2.66832368e-04,  1.86496218e-04,  1.22701458e-04,  2.64926579e-04,
        1.88964296e-04])
 message: 'Converged (|f_n-f_(n-1)| ~= 0)'
    nfev: 713
     nit: 75
  status: 1
 success: True
       x: array([ 0.90882658,  0.5582387 ,  1.05340648,  0.52658479,  0.86239821,
       -0.86833175,  0.07291198, -0.25230124, -0.00618175, -0.35660457,
       -0.27161011,  1.55027649,  1.16470088,  0.02388192,  0.50834456,
        0.56813973,  1.76965957, -0.45591788,  0.06092005, -0.62911246,
       -3.36031037,  0.61259624,  1.0252793 , -0.43659154,  1.954331  ,
       -1.3475281 ,  0.30636967, -0.10250593,  1.82336465])
(0.0015703463434478245, array([ 0.90882658,  0.5582387 ,  1.05340648,  0.52658479,  0.86239821,
       -0.86833175,  0.07291198, -0.25230124, -0.00618175, -0.35660457,
       -0.27161011,  1.55027649,  1.16470088,  0.02388192,  0.50834456,
        0.56813973,  1.76965957, -0.45591788,  0.06092005, -0.62911246,
       -3.36031037,  0.61259624,  1.0252793 , -0.43659154,  1.954331  ,
       -1.3475281 ,  0.30636967, -0.10250593,  1.82336465]))
