     fun: 0.00023152233184854879
     jac: array([ 7.35416366e-05,  1.38104380e-04, -8.78125426e-06,  2.16966256e-05,
        8.55370218e-05, -2.29359609e-05, -1.09608045e-04, -5.22849640e-05,
       -3.60010145e-05, -1.12196957e-04, -5.71732576e-05, -3.51022298e-05,
       -3.73024799e-05, -1.31475533e-05, -4.23334951e-05,  1.04650148e-05,
        7.91868741e-06, -6.33019353e-05,  1.17417930e-05,  9.61295117e-06,
       -7.94164214e-05, -6.05057671e-05, -1.50062742e-05,  3.32370009e-05,
        2.78470470e-05,  2.79350870e-05,  1.06016801e-04,  1.12230239e-05,
        1.48069626e-05,  1.20246749e-05,  1.23551055e-04,  1.20749447e-04,
        2.30767282e-05,  1.05468951e-04,  1.05488339e-04,  6.11597063e-05,
        1.03837455e-04,  1.04176566e-04, -3.83762277e-05,  8.40431159e-05,
        8.46750811e-05,  7.64940872e-05, -4.03805136e-05, -3.56147566e-05,
        8.28393506e-05, -7.37386064e-05, -7.57457058e-05,  7.47789688e-06,
       -1.15179668e-04, -1.10372367e-04])
 message: 'Converged (|f_n-f_(n-1)| ~= 0)'
    nfev: 486
     nit: 35
  status: 1
 success: True
       x: array([ 1.71799533, -0.05679557,  1.18795924,  1.58600331,  2.01342875,
       -1.49199937,  0.7995168 , -0.1592632 , -0.18420247,  0.17926687,
       -0.12257093,  1.16447013,  0.14856394, -0.17055402,  0.40301173,
        0.15551442,  1.06351304, -0.05026529,  0.15433931, -0.91231486,
       -2.50802628,  0.62113451,  0.92870192, -0.72273279,  2.70622438,
       -1.34956451, -0.23584432, -0.28909548,  1.27030388,  1.67564236,
        0.24453985,  0.2450102 , -0.69410629, -1.2264826 , -0.53005597,
        0.05582811,  1.65838289,  1.07766097, -0.27848201, -0.26336821,
       -1.1351306 , -1.39033754, -2.44814067,  2.25804802, -1.00150853,
       -0.42300396, -1.0864164 ,  0.80135296, -0.94687653,  0.07065861])
(0.00023152233184854879, array([ 1.71799533, -0.05679557,  1.18795924,  1.58600331,  2.01342875,
       -1.49199937,  0.7995168 , -0.1592632 , -0.18420247,  0.17926687,
       -0.12257093,  1.16447013,  0.14856394, -0.17055402,  0.40301173,
        0.15551442,  1.06351304, -0.05026529,  0.15433931, -0.91231486,
       -2.50802628,  0.62113451,  0.92870192, -0.72273279,  2.70622438,
       -1.34956451, -0.23584432, -0.28909548,  1.27030388,  1.67564236,
        0.24453985,  0.2450102 , -0.69410629, -1.2264826 , -0.53005597,
        0.05582811,  1.65838289,  1.07766097, -0.27848201, -0.26336821,
       -1.1351306 , -1.39033754, -2.44814067,  2.25804802, -1.00150853,
       -0.42300396, -1.0864164 ,  0.80135296, -0.94687653,  0.07065861]))
