     fun: 0.003513267016439619
     jac: array([-0.00081198, -0.00387943,  0.00920723, -0.00657299, -0.00479927,
       -0.00898097,  0.0028829 ,  0.004215  , -0.00619125,  0.00403353,
        0.00658612, -0.00631004,  0.00198738,  0.00443507, -0.00605081,
       -0.00134776,  0.00063143, -0.00114728,  0.00114969,  0.00471035,
       -0.00817486,  0.00121776,  0.00246452,  0.00646009,  0.00555896,
        0.00815893, -0.00647144,  0.00264622,  0.01352781,  0.00489511,
        0.0035837 ,  0.01202812, -0.00758053, -0.0057291 ,  0.01138661,
        0.00261133, -0.00612384,  0.01115698, -0.00730886, -0.0061956 ,
        0.0063266 ,  0.01251096, -0.00254912, -0.008444  ,  0.00737421,
        0.00650135,  0.0065039 ,  0.00456274,  0.007044  , -0.00013433,
        0.00583458,  0.00778033,  0.00193007])
 message: 'Converged (|f_n-f_(n-1)| ~= 0)'
    nfev: 225
     nit: 15
  status: 1
 success: True
       x: array([ 3.2270591 ,  0.17075791,  1.36670603, -0.55407719,  3.21453764,
       -1.92093046,  0.79720394, -0.17212986, -0.69574607,  0.20234508,
       -0.56849496, -0.61711334,  0.42152237, -0.42787781, -0.50210627,
       -0.05452349,  2.41527608, -0.43263959, -0.16413812, -1.09170561,
        0.67146818,  0.39852381,  1.52398989, -0.95038544,  3.96581465,
        0.05045348, -0.51385273, -0.15042519,  1.13709769,  0.16130528,
        0.05867839, -1.12275911, -1.32381378, -1.1867844 , -0.51611216,
       -0.10321438,  1.82715981,  0.35112293, -0.34328618, -0.02293307,
       -1.2626828 , -1.18610526, -1.0964179 ,  4.69561856, -1.91485919,
        0.02945926, -0.34997988,  0.63622235, -0.56217922,  0.71257444,
       -1.85243776,  0.46029613, -0.45394769])
(0.003513267016439619, array([ 3.2270591 ,  0.17075791,  1.36670603, -0.55407719,  3.21453764,
       -1.92093046,  0.79720394, -0.17212986, -0.69574607,  0.20234508,
       -0.56849496, -0.61711334,  0.42152237, -0.42787781, -0.50210627,
       -0.05452349,  2.41527608, -0.43263959, -0.16413812, -1.09170561,
        0.67146818,  0.39852381,  1.52398989, -0.95038544,  3.96581465,
        0.05045348, -0.51385273, -0.15042519,  1.13709769,  0.16130528,
        0.05867839, -1.12275911, -1.32381378, -1.1867844 , -0.51611216,
       -0.10321438,  1.82715981,  0.35112293, -0.34328618, -0.02293307,
       -1.2626828 , -1.18610526, -1.0964179 ,  4.69561856, -1.91485919,
        0.02945926, -0.34997988,  0.63622235, -0.56217922,  0.71257444,
       -1.85243776,  0.46029613, -0.45394769]))
