     fun: 0.0003537350293405873
     jac: array([ 2.57123327e-04,  2.90929981e-04,  3.94883605e-04, -2.96858832e-04,
        1.49403450e-04, -5.17815988e-05,  1.84935183e-05, -1.93284483e-04,
        2.11936680e-04,  5.62894132e-05, -1.70786063e-04,  2.79384968e-04,
       -2.26793085e-05, -2.56084346e-04,  2.69948143e-04,  2.29524136e-05,
       -2.71051373e-04,  2.03435722e-04, -3.48651229e-05, -2.67555439e-04,
       -5.45942740e-05, -6.82285988e-05,  3.17043798e-04,  3.71585683e-05,
        6.99873970e-05,  1.16161697e-04, -2.69234017e-05,  3.85654182e-05,
        1.25150443e-04,  7.90742200e-05, -8.20182789e-05,  4.42816356e-05,
        9.89505949e-05, -5.19351597e-05,  8.50276826e-05])
 message: 'Converged (|f_n-f_(n-1)| ~= 0)'
    nfev: 530
     nit: 58
  status: 1
 success: True
       x: array([ 1.46317969,  0.20241043,  2.05564246,  2.75337509,  2.4878529 ,
       -1.09115034,  0.96209022, -0.1652066 , -0.28953431,  0.45942229,
        0.15684795,  1.07422329,  0.57230373, -0.04890953,  0.40208022,
        0.38197189,  0.504239  , -0.42138036,  0.2750601 , -1.13357115,
       -2.79161072,  0.88416704,  0.89260912, -0.6688894 ,  2.20173512,
       -1.30811414, -0.09598367, -0.17568416,  1.93116586,  1.73109933,
        0.01786998,  0.14517131, -0.3485892 , -2.00903623, -0.28582922])
(0.0003537350293405873, array([ 1.46317969,  0.20241043,  2.05564246,  2.75337509,  2.4878529 ,
       -1.09115034,  0.96209022, -0.1652066 , -0.28953431,  0.45942229,
        0.15684795,  1.07422329,  0.57230373, -0.04890953,  0.40208022,
        0.38197189,  0.504239  , -0.42138036,  0.2750601 , -1.13357115,
       -2.79161072,  0.88416704,  0.89260912, -0.6688894 ,  2.20173512,
       -1.30811414, -0.09598367, -0.17568416,  1.93116586,  1.73109933,
        0.01786998,  0.14517131, -0.3485892 , -2.00903623, -0.28582922]))
