     fun: 0.0004754038556388492
     jac: array([ 4.72729088e-04, -3.99334510e-04, -8.32343976e-04, -8.83002113e-05,
        5.58869742e-04, -5.27630560e-04,  3.32621951e-05,  1.20456585e-04,
       -3.26318329e-04,  8.66794538e-05,  8.15557420e-05, -2.10907799e-04,
       -6.21687657e-04,  4.05893147e-05,  1.48173411e-05, -8.33510621e-04,
       -2.67892306e-04,  6.85211675e-04, -5.76188771e-04, -2.58903793e-04,
        5.83381699e-04, -5.54433447e-04, -3.91097945e-04, -1.08370219e-04,
       -2.82352006e-04, -1.29963163e-04, -7.05503006e-04, -2.41385259e-04,
       -9.76482675e-05, -5.56747031e-05, -4.11118562e-04, -8.51191367e-04])
 message: 'Converged (|f_n-f_(n-1)| ~= 0)'
    nfev: 552
     nit: 48
  status: 1
 success: True
       x: array([ 1.72891377,  0.36182123,  1.08410655,  2.53576112,  1.70866511,
       -0.9659057 ,  0.63278127, -0.10634065, -0.14603801,  0.28159779,
        0.1457044 ,  1.59625568,  0.60736695,  0.07710876,  0.45084145,
        0.02916454,  1.49817362, -0.1801807 ,  0.18507791, -0.91148947,
       -3.95644653,  0.98491793,  0.95860253, -0.87348854,  3.51054044,
       -1.11026854,  0.09415303,  0.20231266,  1.87602281,  1.34930065,
        0.39632599,  0.46725579])
(0.0004754038556388492, array([ 1.72891377,  0.36182123,  1.08410655,  2.53576112,  1.70866511,
       -0.9659057 ,  0.63278127, -0.10634065, -0.14603801,  0.28159779,
        0.1457044 ,  1.59625568,  0.60736695,  0.07710876,  0.45084145,
        0.02916454,  1.49817362, -0.1801807 ,  0.18507791, -0.91148947,
       -3.95644653,  0.98491793,  0.95860253, -0.87348854,  3.51054044,
       -1.11026854,  0.09415303,  0.20231266,  1.87602281,  1.34930065,
        0.39632599,  0.46725579]))
