     fun: 0.0013441008039450527
     jac: array([-8.63010076e-04, -6.92392389e-04,  9.57264606e-04, -1.24131430e-03,
       -1.26434464e-03, -8.66362689e-04, -2.30052197e-04, -3.31231765e-04,
        1.63915756e-05, -1.47558853e-04, -2.44136655e-04,  6.15535270e-04,
       -1.40513764e-03, -1.50875731e-03,  5.46905208e-04, -1.20522693e-03,
       -1.26920690e-03, -1.18137397e-03, -9.52837722e-04, -1.10361577e-03,
       -8.80186440e-04,  2.83774870e-04,  3.98486561e-04,  1.42052626e-03,
        5.95345453e-04,  9.56344400e-04,  1.53666407e-03,  5.99707133e-04,
        9.84265512e-04, -1.88498739e-04,  9.51226142e-04,  1.65236720e-03,
        3.12773809e-04,  8.81154893e-04,  1.45085057e-03,  1.06284107e-03,
        8.88850018e-04,  1.42082197e-03])
 message: 'Converged (|f_n-f_(n-1)| ~= 0)'
    nfev: 556
     nit: 46
  status: 1
 success: True
       x: array([ 1.13282488, -0.30776177,  1.29391712,  0.68262422,  2.41276682,
       -1.11510579,  0.73322112, -0.10235748, -0.05548916,  0.28905817,
        0.11133659,  1.2818776 ,  0.98084446,  0.15936973,  0.32541626,
        0.45972555,  1.40672479,  0.32237013,  0.48285618, -0.8552151 ,
       -2.67820865,  0.47771868,  1.08076466, -0.95535406,  2.098054  ,
       -1.32182583,  0.09225815, -0.22412013,  1.64605936,  1.42518195,
        0.39506588,  0.42337331, -0.9788829 , -1.88639744, -0.32270749,
        0.07273255,  1.08015571,  1.23484021])
(0.0013441008039450527, array([ 1.13282488, -0.30776177,  1.29391712,  0.68262422,  2.41276682,
       -1.11510579,  0.73322112, -0.10235748, -0.05548916,  0.28905817,
        0.11133659,  1.2818776 ,  0.98084446,  0.15936973,  0.32541626,
        0.45972555,  1.40672479,  0.32237013,  0.48285618, -0.8552151 ,
       -2.67820865,  0.47771868,  1.08076466, -0.95535406,  2.098054  ,
       -1.32182583,  0.09225815, -0.22412013,  1.64605936,  1.42518195,
        0.39506588,  0.42337331, -0.9788829 , -1.88639744, -0.32270749,
        0.07273255,  1.08015571,  1.23484021]))
