     fun: 0.0008382314868422005
     jac: array([-1.47768352e-03, -2.22182351e-03, -2.50451156e-03,  1.20337182e-04,
        1.65523493e-03,  2.82715124e-03,  4.00105773e-04,  2.86662065e-03,
        2.65195279e-03,  3.50643950e-04,  2.59181805e-03,  1.99069623e-03,
        1.14734745e-03,  4.24626623e-03,  1.32422902e-03,  1.40394091e-03,
        4.19105395e-03,  3.35005385e-04,  1.57805873e-03,  4.29219458e-03,
       -6.12893211e-04, -9.47965068e-04, -8.97683664e-04, -4.01482033e-03,
       -3.66598928e-04, -7.75107799e-04, -1.25559203e-03, -5.39776221e-04,
       -7.73130832e-04, -7.56388225e-05, -5.39267405e-04, -1.33650375e-03,
       -7.05401991e-04, -1.11594128e-03, -1.67314422e-03, -5.56548731e-04,
       -1.11376455e-03, -1.77396917e-03,  2.15328081e-04, -1.18419286e-03,
       -1.66199361e-03, -6.56222375e-04, -9.80524158e-04, -3.52446588e-04,
        2.13441335e-03, -8.75160751e-04,  1.52341161e-04])
 message: 'Converged (|f_n-f_(n-1)| ~= 0)'
    nfev: 821
     nit: 59
  status: 1
 success: True
       x: array([ 2.00035128,  0.30399708,  1.8151336 ,  2.00080826,  2.7224468 ,
       -1.09379752,  0.89345193,  0.09164014, -0.13351165,  0.6913043 ,
        0.05593713,  1.22223438,  1.1521398 , -0.02372608,  0.31759161,
        0.38272765,  1.69292747,  0.40277353,  0.48898392, -0.98991705,
       -1.97509249,  0.67212601,  1.19651092, -0.77251431,  3.12109693,
       -0.93491656,  0.14204828, -0.06081447,  1.59043262,  1.55951596,
        0.37766003,  0.34730693, -0.67886004, -1.64943216, -0.26573789,
        0.1087422 ,  1.08546358,  1.62724116, -0.13585883, -0.19895813,
       -1.09286201, -0.98610591, -1.57460055,  1.91829597, -0.43704996,
       -0.31622729, -0.96539875])
(0.0008382314868422005, array([ 2.00035128,  0.30399708,  1.8151336 ,  2.00080826,  2.7224468 ,
       -1.09379752,  0.89345193,  0.09164014, -0.13351165,  0.6913043 ,
        0.05593713,  1.22223438,  1.1521398 , -0.02372608,  0.31759161,
        0.38272765,  1.69292747,  0.40277353,  0.48898392, -0.98991705,
       -1.97509249,  0.67212601,  1.19651092, -0.77251431,  3.12109693,
       -0.93491656,  0.14204828, -0.06081447,  1.59043262,  1.55951596,
        0.37766003,  0.34730693, -0.67886004, -1.64943216, -0.26573789,
        0.1087422 ,  1.08546358,  1.62724116, -0.13585883, -0.19895813,
       -1.09286201, -0.98610591, -1.57460055,  1.91829597, -0.43704996,
       -0.31622729, -0.96539875]))
