     fun: 0.007752280294644543
     jac: array([ 0.02210203,  0.04000216, -0.02218805,  0.02460624,  0.04777316,
        0.00483951,  0.0217028 ,  0.05084022, -0.01041429,  0.01667646,
        0.04010348, -0.03714047,  0.02037362,  0.04836846, -0.04417696,
        0.02085708,  0.04973848, -0.04313008,  0.02229126,  0.05326805,
       -0.02712042,  0.02149011,  0.0633686 ,  0.01041908,  0.00630661,
        0.01909453,  0.00531931,  0.0094365 ,  0.02544089, -0.0623626 ,
       -0.01327842, -0.00903419, -0.03622195,  0.01593085,  0.04510994,
       -0.06005009,  0.01576437,  0.04486103,  0.0193536 ,  0.02623765,
        0.07296631])
 message: 'Linear search failed'
    nfev: 99
     nit: 8
  status: 4
 success: False
       x: array([-0.27012674,  0.46621418,  0.14723868,  2.22781192,  2.03242405,
       -1.56868372,  0.45714792,  0.0918884 , -0.20618554,  0.21854703,
        0.41904549,  0.20805525,  0.38930128,  0.07119839,  0.05620973,
        0.41192166,  0.840799  , -0.18860725,  0.16115247, -1.27588595,
       -5.52945491,  0.35378054,  1.45864604, -1.65200804,  2.94259139,
       -1.03693224,  0.09588004, -0.16016117,  2.09825681,  1.07077433,
        0.01009037,  0.53241831, -0.96731777, -2.46208709, -0.12872408,
       -0.01431263,  0.8209212 ,  1.86170525, -0.6424424 , -0.14688275,
       -0.65045061])
(0.007752280294644543, array([-0.27012674,  0.46621418,  0.14723868,  2.22781192,  2.03242405,
       -1.56868372,  0.45714792,  0.0918884 , -0.20618554,  0.21854703,
        0.41904549,  0.20805525,  0.38930128,  0.07119839,  0.05620973,
        0.41192166,  0.840799  , -0.18860725,  0.16115247, -1.27588595,
       -5.52945491,  0.35378054,  1.45864604, -1.65200804,  2.94259139,
       -1.03693224,  0.09588004, -0.16016117,  2.09825681,  1.07077433,
        0.01009037,  0.53241831, -0.96731777, -2.46208709, -0.12872408,
       -0.01431263,  0.8209212 ,  1.86170525, -0.6424424 , -0.14688275,
       -0.65045061]))
