     fun: 0.0024129671421543653
     jac: array([ 0.00160184, -0.01035069,  0.00381758,  0.00028388,  0.0017613 ,
       -0.01096818,  0.0038355 , -0.00324436, -0.01075966,  0.00384962,
       -0.00330566, -0.01079885,  0.00064567, -0.00106479, -0.00753014,
       -0.00197654, -0.00138503, -0.00059603, -0.00150088, -0.0006004 ,
       -0.00164432,  0.00629223,  0.00557485,  0.00012204,  0.00645823,
        0.00550302,  0.00129116,  0.0065554 ,  0.00529075, -0.00400253,
        0.0017437 ,  0.00066623, -0.00156952,  0.00564207,  0.00446922,
       -0.00548077,  0.00563956,  0.00365082,  0.00385973,  0.00543492,
        0.0047622 , -0.0005799 ,  0.00229739,  0.00672259, -0.00831878,
        0.00537902,  0.00332397,  0.00226303,  0.00327643,  0.00909634,
       -0.00318773,  0.00532265,  0.00355595,  0.0025047 ,  0.00532854,
       -0.00607542])
 message: 'Converged (|f_n-f_(n-1)| ~= 0)'
    nfev: 475
     nit: 36
  status: 1
 success: True
       x: array([ 1.88959067,  0.28610127,  2.19490326,  0.25105067,  1.67844372,
       -1.68640077,  0.46712196, -0.09040287, -0.02168084,  0.3314178 ,
        0.21057843,  1.08136352,  0.77151616,  0.30283504,  0.50540287,
        0.09239135,  1.40165372, -0.10987458,  0.64790618, -0.83003142,
       -1.80119797,  0.52965665,  1.0804396 , -0.76616778,  2.13581674,
       -1.26721173, -0.05608588, -0.25261161,  1.84607817,  1.41564158,
        0.1700202 ,  0.24545693, -0.77997987, -1.80643734, -0.26475653,
        0.16010401,  1.26698048,  1.30513709, -0.29085299, -0.24509975,
       -0.9365914 , -1.31175495, -1.51624169,  2.35789076, -0.8210041 ,
       -0.00256316, -1.16041537,  0.71310078, -1.16184988, -0.04752388,
       -0.75541187,  0.47598536, -0.4593019 , -0.89339868, -0.02560087,
        0.26598012])
(0.0024129671421543653, array([ 1.88959067,  0.28610127,  2.19490326,  0.25105067,  1.67844372,
       -1.68640077,  0.46712196, -0.09040287, -0.02168084,  0.3314178 ,
        0.21057843,  1.08136352,  0.77151616,  0.30283504,  0.50540287,
        0.09239135,  1.40165372, -0.10987458,  0.64790618, -0.83003142,
       -1.80119797,  0.52965665,  1.0804396 , -0.76616778,  2.13581674,
       -1.26721173, -0.05608588, -0.25261161,  1.84607817,  1.41564158,
        0.1700202 ,  0.24545693, -0.77997987, -1.80643734, -0.26475653,
        0.16010401,  1.26698048,  1.30513709, -0.29085299, -0.24509975,
       -0.9365914 , -1.31175495, -1.51624169,  2.35789076, -0.8210041 ,
       -0.00256316, -1.16041537,  0.71310078, -1.16184988, -0.04752388,
       -0.75541187,  0.47598536, -0.4593019 , -0.89339868, -0.02560087,
        0.26598012]))
