cma
(3_w,6)-aCMA-ES (mu_w=2.0,w_1=63%) in dimension 2 (seed=588875, Fri Nov 27 12:21:15 2020)
Iterat #Fevals   function value  axis ratio  sigma  min&max std  t[m:s]
    1      6 1.020429454595716e+00 1.0e+00 9.82e-01  9e-01  1e+00 0:00.3
    2     12 7.184464682964598e-01 1.1e+00 8.09e-01  7e-01  8e-01 0:00.6
    3     18 7.951660624292303e-01 1.1e+00 1.04e+00  8e-01  1e+00 0:00.8
   14     84 6.361191695012778e-01 1.6e+00 1.40e+00  8e-01  1e+00 0:04.0
   29    174 6.105137981034113e-01 2.5e+00 1.92e-01  2e-02  5e-02 0:08.2
   47    282 6.101019476334534e-01 1.9e+00 8.80e-03  2e-04  4e-04 0:13.3
   69    414 6.101019378928944e-01 1.9e+00 3.00e-04  8e-07  1e-06 0:19.6
   79    474 6.101019378921632e-01 1.6e+00 3.75e-05  4e-08  6e-08 0:22.4
termination on tolfun=1e-11 (Fri Nov 27 12:21:38 2020)
final/bestever f-value = 6.101019e-01 6.101019e-01
incumbent solution: [-1.5707962901503567, -2.464986916623179]
std deviation: [3.986043073547673e-08, 5.888627200777979e-08]
cma
(3_w,6)-aCMA-ES (mu_w=2.0,w_1=63%) in dimension 2 (seed=568246, Fri Nov 27 12:21:38 2020)
Iterat #Fevals   function value  axis ratio  sigma  min&max std  t[m:s]
    1      6 1.077156555030288e+00 1.0e+00 1.09e+00  9e-01  1e+00 0:00.3
    2     12 7.558538566111961e-01 1.5e+00 1.13e+00  9e-01  2e+00 0:00.6
    3     18 1.111990260873420e+00 1.7e+00 1.46e+00  1e+00  2e+00 0:00.8
   14     84 7.195051726512441e-01 1.7e+00 5.84e-01  3e-01  4e-01 0:03.9
   29    174 6.769431715049107e-01 1.4e+00 9.30e-02  1e-02  1e-02 0:08.1
   47    282 6.768940583957089e-01 1.9e+00 4.54e-03  7e-05  1e-04 0:13.2
   69    414 6.768940547897310e-01 2.3e+00 2.10e-04  5e-07  9e-07 0:19.4
   83    498 6.768940547896222e-01 2.1e+00 2.19e-05  1e-08  3e-08 0:23.3
termination on tolfun=1e-11 (Fri Nov 27 12:22:01 2020)
final/bestever f-value = 6.768941e-01 6.768941e-01
incumbent solution: [3.289987597648164, -5.044938194940254e-09]
std deviation: [1.3375684502761057e-08, 2.6642072880432642e-08]
cma
(4_w,8)-aCMA-ES (mu_w=2.6,w_1=52%) in dimension 5 (seed=530578, Fri Nov 27 12:22:02 2020)
Iterat #Fevals   function value  axis ratio  sigma  min&max std  t[m:s]
    1      8 7.478324547689772e-01 1.0e+00 1.03e+00  1e+00  1e+00 0:00.4
    2     16 3.988415597876381e-01 1.3e+00 9.78e-01  9e-01  1e+00 0:00.9
    3     24 7.078292643004018e-01 1.4e+00 1.11e+00  1e+00  1e+00 0:01.3
   10     80 2.833575543516408e-01 1.6e+00 6.34e-01  4e-01  7e-01 0:04.5
   19    152 1.139125616942922e-01 3.2e+00 5.14e-01  2e-01  7e-01 0:08.5
   31    248 9.542105706371846e-02 4.7e+00 2.12e-01  8e-02  2e-01 0:13.9
   45    360 8.824190283100611e-02 4.8e+00 6.39e-02  1e-02  5e-02 0:20.1
   61    488 8.809301300234611e-02 3.6e+00 1.50e-02  3e-03  5e-03 0:27.3
   79    632 8.808788280247766e-02 3.9e+00 1.96e-03  2e-04  4e-04 0:35.3
  100    800 8.808785509466369e-02 3.9e+00 2.38e-04  1e-05  3e-05 0:44.7
  123    984 8.808785483498695e-02 6.7e+00 4.03e-05  1e-06  3e-06 0:55.0
  140   1120 8.808785483409511e-02 6.8e+00 1.84e-05  4e-07  1e-06 1:02.6
termination on tolfun=1e-11 (Fri Nov 27 12:23:05 2020)
final/bestever f-value = 8.808785e-02 8.808785e-02
incumbent solution: [2.086341287417596e-07, -2.329424704186755, -2.0110651850569305, -1.570796110567732, 2.0164358296601277]
std deviation: [4.170218120117845e-07, 1.0269088884564221e-06, 3.5130312354629626e-07, 7.194513295502891e-07, 1.021193732249684e-06]
cma
(4_w,8)-aCMA-ES (mu_w=2.6,w_1=52%) in dimension 5 (seed=616813, Fri Nov 27 12:23:05 2020)
Iterat #Fevals   function value  axis ratio  sigma  min&max std  t[m:s]
    1      8 5.610608222927040e-01 1.0e+00 9.15e-01  9e-01  9e-01 0:00.4
    2     16 6.848871146278394e-01 1.3e+00 9.93e-01  1e+00  1e+00 0:00.9
    3     24 1.998709478063608e-01 1.5e+00 1.03e+00  1e+00  1e+00 0:01.3
   10     80 3.004551681856880e-01 1.9e+00 6.42e-01  5e-01  6e-01 0:04.5
   19    152 2.957866230309806e-01 2.4e+00 8.70e-01  5e-01  9e-01 0:08.5
   31    248 2.459976124270861e-01 4.0e+00 9.27e-01  4e-01  1e+00 0:13.8
   45    360 1.036573124299746e-01 2.5e+00 4.64e-01  1e-01  3e-01 0:20.1
   61    488 8.813262082156749e-02 3.7e+00 7.93e-02  1e-02  3e-02 0:27.2
   79    632 8.809133855726971e-02 3.5e+00 1.92e-02  2e-03  4e-03 0:35.2
  100    800 8.808788624895147e-02 4.2e+00 2.77e-03  2e-04  4e-04 0:44.6
  123    984 8.808785495030066e-02 4.6e+00 3.97e-04  1e-05  3e-05 0:54.8
  148   1184 8.808785483402629e-02 5.0e+00 2.31e-05  3e-07  8e-07 1:06.0
  157   1256 8.808785483397025e-02 5.0e+00 9.13e-06  9e-08  2e-07 1:10.0
termination on tolfun=1e-11 (Fri Nov 27 12:24:15 2020)
final/bestever f-value = 8.808785e-02 8.808785e-02
incumbent solution: [3.1415926296030023, -2.3294251644127435, 2.011064833786472, 1.5707964763925548, 2.0164354601072425]
std deviation: [9.988242894024077e-08, 2.398841857381237e-07, 9.388486300890654e-08, 1.8308336405487976e-07, 2.3035404147931113e-07]
cma
(5_w,10)-aCMA-ES (mu_w=3.2,w_1=45%) in dimension 8 (seed=578061, Fri Nov 27 12:24:16 2020)
Iterat #Fevals   function value  axis ratio  sigma  min&max std  t[m:s]
    1     10 6.306024741808099e-01 1.0e+00 1.04e+00  1e+00  1e+00 0:00.6
    2     20 2.310293902449254e-01 1.3e+00 1.10e+00  1e+00  1e+00 0:01.3
    3     30 3.675571017207450e-01 1.6e+00 1.02e+00  9e-01  1e+00 0:01.9
    8     80 6.640736839956908e-01 1.9e+00 7.81e-01  7e-01  8e-01 0:05.0
   15    150 1.937294565338576e-01 2.7e+00 4.97e-01  4e-01  5e-01 0:09.5
   23    230 1.012171263730799e-01 3.2e+00 3.53e-01  3e-01  4e-01 0:14.5
   33    330 9.428955205457602e-02 4.1e+00 1.87e-01  1e-01  2e-01 0:20.9
   45    450 9.023499726597671e-02 5.9e+00 1.12e-01  6e-02  1e-01 0:28.5
   58    580 8.746000169354641e-02 7.7e+00 5.15e-02  3e-02  5e-02 0:36.7
   73    730 8.376883835003331e-02 1.2e+01 9.59e-02  5e-02  1e-01 0:46.3
   89    890 6.292199482195930e-02 1.4e+01 1.74e-01  6e-02  2e-01 0:56.4
  100   1000 5.726353365758546e-02 1.1e+01 1.50e-01  4e-02  1e-01 1:03.4
  119   1190 5.559605336139057e-02 1.4e+01 9.74e-02  2e-02  8e-02 1:15.4
  140   1400 4.579342708482127e-02 1.7e+01 1.73e-01  3e-02  1e-01 1:28.7
  163   1630 4.126994199525239e-02 1.2e+01 1.34e-01  2e-02  7e-02 1:43.3
  187   1870 3.926859676094786e-02 9.7e+00 6.55e-02  7e-03  2e-02 1:58.5
  200   2000 3.921393168043505e-02 9.3e+00 1.50e-02  1e-03  5e-03 2:06.8
  227   2270 3.921165507912218e-02 9.6e+00 2.37e-03  1e-04  5e-04 2:23.9
  256   2560 3.921164917345763e-02 6.9e+00 1.79e-04  6e-06  2e-05 2:42.4
  286   2860 3.921164913710903e-02 9.5e+00 1.55e-05  4e-07  2e-06 3:01.4
  299   2990 3.921164913694022e-02 1.0e+01 6.23e-06  1e-07  5e-07 3:09.7
termination on tolfun=1e-11 (Fri Nov 27 12:27:26 2020)
final/bestever f-value = 3.921165e-02 3.921165e-02
incumbent solution: [3.733645107656549, -6.371259714894754, -2.539125035152075, 0.5624304497996477, -4.098073304733552, -1.7891287708160604, 1.080013124791653, -2.040336369286695]
std deviation: [2.3779226717775323e-07, 4.947823929388473e-07, 1.3651614261011533e-07, 2.4639260381714506e-07, 3.4310658165485244e-07, 1.103610743179478e-07, 1.574565190306372e-07, 3.9679228573512864e-07]
cma
(5_w,10)-aCMA-ES (mu_w=3.2,w_1=45%) in dimension 8 (seed=583139, Fri Nov 27 12:27:26 2020)
Iterat #Fevals   function value  axis ratio  sigma  min&max std  t[m:s]
    1     10 7.550095714154313e-01 1.0e+00 8.72e-01  8e-01  9e-01 0:00.6
    2     20 5.366172245064021e-01 1.2e+00 8.43e-01  8e-01  9e-01 0:01.3
    3     30 9.001080520895285e-01 1.4e+00 7.87e-01  7e-01  8e-01 0:01.9
    8     80 6.687597007525310e-01 1.7e+00 8.33e-01  7e-01  9e-01 0:05.1
   15    150 2.024219371516828e-01 2.0e+00 4.99e-01  4e-01  5e-01 0:09.6
   23    230 1.452858789714799e-01 2.7e+00 4.02e-01  2e-01  4e-01 0:14.6
   33    330 1.156915845633337e-01 3.1e+00 2.38e-01  1e-01  3e-01 0:21.0
   44    440 9.894151968082736e-02 4.1e+00 1.44e-01  6e-02  1e-01 0:28.0
   57    570 9.310707232133376e-02 5.1e+00 1.21e-01  4e-02  1e-01 0:36.3
   72    720 8.814430010619419e-02 7.2e+00 6.33e-02  2e-02  6e-02 0:45.8
   88    880 8.790655069700187e-02 9.1e+00 1.99e-02  5e-03  2e-02 0:56.0
  100   1000 8.790239703718487e-02 1.2e+01 8.81e-03  2e-03  8e-03 1:03.7
  119   1190 8.789190392110086e-02 2.0e+01 6.10e-03  8e-04  6e-03 1:15.8
  140   1400 8.785383532206471e-02 5.7e+01 3.75e-02  4e-03  8e-02 1:29.2
  162   1620 8.784680381638735e-02 6.7e+01 1.00e-02  7e-04  2e-02 1:43.2
  186   1860 8.783450487162241e-02 8.8e+01 2.20e-02  1e-03  3e-02 1:58.5
  200   2000 8.779017565219160e-02 1.6e+02 4.42e-02  2e-03  1e-01 2:07.4
  227   2270 8.765599198563263e-02 1.5e+02 6.98e-02  3e-03  1e-01 2:24.6
  256   2560 8.741959674373423e-02 7.9e+01 1.19e-01  5e-03  1e-01 2:43.1
  286   2860 8.719407483657883e-02 4.3e+01 1.36e-01  5e-03  7e-02 3:02.2
  300   3000 8.709275892066842e-02 2.9e+01 1.30e-01  4e-03  4e-02 3:11.1
  334   3340 8.701921428785292e-02 4.1e+01 8.58e-02  2e-03  2e-02 3:32.7
  369   3690 8.701429954010334e-02 6.5e+01 9.17e-03  2e-04  2e-03 3:55.1
  400   4000 8.701428071643723e-02 5.2e+01 4.15e-04  5e-06  5e-05 4:14.9
  433   4330 8.701428070780660e-02 6.8e+01 2.93e-05  2e-07  2e-06 4:35.9
termination on tolfun=1e-11 (Fri Nov 27 12:32:03 2020)
final/bestever f-value = 8.701428e-02 8.701428e-02
incumbent solution: [3.1415926638982015, -1.4666243493337436, 2.4843427808589893, -2.0268332102538485e-07, 1.3523078164375857, -0.6243124409753061, 1.5707965556952703, 1.4216459326784257]
std deviation: [2.066761039329577e-07, 2.469716789841009e-06, 1.5081225103658836e-06, 2.8836624381838255e-07, 1.5547275668604408e-06, 1.5893431993081653e-06, 2.3763623214521315e-07, 1.977259954506064e-06]
cma
(5_w,11)-aCMA-ES (mu_w=3.4,w_1=42%) in dimension 11 (seed=546668, Fri Nov 27 12:32:03 2020)
Iterat #Fevals   function value  axis ratio  sigma  min&max std  t[m:s]
    1     11 1.325746512501444e+00 1.0e+00 9.78e-01  9e-01  1e+00 0:00.8
    2     22 7.292317602327139e-01 1.2e+00 1.01e+00  1e+00  1e+00 0:01.6
    3     33 3.560145762244813e-01 1.3e+00 1.06e+00  1e+00  1e+00 0:02.4
    7     77 5.368326709571059e-01 1.5e+00 1.04e+00  9e-01  1e+00 0:05.6
   12    132 4.789565363496725e-01 1.8e+00 1.19e+00  1e+00  1e+00 0:09.6
   19    209 8.591731643194251e-01 2.2e+00 1.18e+00  1e+00  1e+00 0:15.3
   27    297 4.521162072693259e-01 2.5e+00 1.09e+00  1e+00  1e+00 0:21.7
   36    396 3.983328934519453e-01 2.6e+00 1.15e+00  9e-01  1e+00 0:29.0
   46    506 4.153916012620072e-01 2.7e+00 7.73e-01  6e-01  8e-01 0:37.0
   58    638 1.615114903266301e-01 2.6e+00 3.96e-01  3e-01  4e-01 0:46.6
   71    781 1.116843935714990e-01 3.0e+00 2.00e-01  1e-01  2e-01 0:57.1
   85    935 8.984918427733049e-02 3.8e+00 1.05e-01  5e-02  1e-01 1:08.3
  100   1100 8.868676920754377e-02 5.0e+00 6.22e-02  2e-02  6e-02 1:20.4
  117   1287 8.808529928749877e-02 6.2e+00 2.58e-02  9e-03  2e-02 1:34.1
  135   1485 8.803758923960749e-02 7.9e+00 1.08e-02  3e-03  1e-02 1:48.6
  154   1694 8.797771832491573e-02 1.9e+01 1.27e-02  3e-03  2e-02 2:03.8
  174   1914 8.785680821804272e-02 5.2e+01 2.66e-02  5e-03  1e-01 2:19.9
  196   2156 8.772391587466570e-02 7.3e+01 2.09e-02  4e-03  1e-01 2:37.6
  200   2200 8.769026308397228e-02 7.9e+01 2.83e-02  5e-03  1e-01 2:40.8
  224   2464 8.721913534350677e-02 1.3e+02 5.41e-02  8e-03  3e-01 3:00.1
  249   2739 8.515311899181949e-02 1.3e+02 1.18e-01  2e-02  6e-01 3:20.3
  276   3036 8.451290970906646e-02 9.1e+01 2.74e-02  3e-03  9e-02 3:42.0
  300   3300 8.448910854655479e-02 8.1e+01 1.24e-02  1e-03  3e-02 4:01.3
  329   3619 8.448680226066232e-02 8.9e+01 2.70e-03  2e-04  6e-03 4:24.6
  359   3949 8.448066277340364e-02 1.1e+02 1.22e-02  8e-04  2e-02 4:48.7
  391   4301 8.362853065035718e-02 1.1e+02 1.62e-01  9e-03  3e-01 5:14.4
  400   4400 8.299337139363495e-02 1.1e+02 1.97e-01  1e-02  3e-01 5:21.7
  434   4774 7.831445526137566e-02 6.8e+01 3.04e-01  1e-02  3e-01 5:49.0
  469   5159 6.594691359383376e-02 3.1e+01 4.17e-01  3e-02  2e-01 6:17.2
  500   5500 5.097343715879179e-02 2.5e+01 2.31e-01  1e-02  7e-02 6:42.1
  538   5918 4.751401128293273e-02 2.0e+01 3.62e-01  2e-02  8e-02 7:12.6
  577   6347 4.196033885870699e-02 1.6e+01 4.70e-01  2e-02  7e-02 7:44.0
  600   6600 3.901764533368064e-02 1.4e+01 7.83e-01  2e-02  1e-01 8:02.5
  642   7062 3.171047693344566e-02 1.5e+01 6.21e-01  1e-02  7e-02 8:36.3
  685   7535 3.008930162463993e-02 1.5e+01 2.56e-01  5e-03  2e-02 9:10.9
  700   7700 2.965141969743016e-02 2.2e+01 3.80e-01  7e-03  4e-02 9:22.9
  745   8195 2.884487821154266e-02 2.6e+01 2.59e-01  3e-03  3e-02 9:59.1
  792   8712 2.869827134417587e-02 2.1e+01 1.27e-01  1e-03  1e-02 10:36.9
  800   8800 2.868881897741452e-02 2.2e+01 1.05e-01  8e-04  8e-03 10:43.3
  849   9339 2.867445826566387e-02 4.5e+01 4.33e-02  3e-04  4e-03 11:22.7
  899   9889 2.867424521290039e-02 6.8e+01 1.41e-03  6e-06  1e-04 12:02.9
  900   9900 2.867424518474240e-02 6.8e+01 1.35e-03  6e-06  1e-04 12:03.7
  953  10483 2.867424510763249e-02 6.2e+01 4.16e-05  1e-07  2e-06 12:46.3
  959  10549 2.867424510761179e-02 6.2e+01 2.95e-05  8e-08  1e-06 12:51.1
termination on tolfun=1e-11 (Fri Nov 27 12:44:56 2020)
final/bestever f-value = 2.867425e-02 2.867425e-02
incumbent solution: [-3.14159254 -0.94241467 -1.09407428  3.14159266 10.61288346 -2.49397747
  3.14159278  7.01101596 ...]
std deviations: [7.78264266e-08 5.73768237e-07 1.09811098e-06 1.31482913e-07
 1.45830239e-06 8.26711000e-08 1.41694931e-07 2.42911766e-07 ...]
cma
(5_w,11)-aCMA-ES (mu_w=3.4,w_1=42%) in dimension 11 (seed=570870, Fri Nov 27 12:44:56 2020)
Iterat #Fevals   function value  axis ratio  sigma  min&max std  t[m:s]
    1     11 4.672955870773070e-01 1.0e+00 8.61e-01  8e-01  9e-01 0:00.8
    2     22 9.429976306706118e-01 1.1e+00 7.89e-01  7e-01  8e-01 0:01.6
    3     33 5.854726008307406e-01 1.2e+00 7.47e-01  7e-01  8e-01 0:02.4
    7     77 3.776257106063862e-01 1.5e+00 8.06e-01  7e-01  9e-01 0:05.6
   12    132 4.771002313407602e-01 1.6e+00 5.36e-01  5e-01  6e-01 0:09.6
   19    209 2.149071268662016e-01 2.1e+00 3.65e-01  3e-01  4e-01 0:15.3
   27    297 1.919593863007199e-01 2.4e+00 3.23e-01  3e-01  4e-01 0:21.7
   36    396 1.408488308878925e-01 2.5e+00 2.86e-01  2e-01  3e-01 0:29.0
   46    506 1.150047997787858e-01 3.0e+00 1.95e-01  1e-01  2e-01 0:37.0
   58    638 1.003407300187106e-01 4.8e+00 2.04e-01  1e-01  3e-01 0:46.6
   71    781 9.693927637299155e-02 6.4e+00 1.00e-01  5e-02  1e-01 0:57.1
   85    935 9.124010476723861e-02 7.8e+00 1.27e-01  6e-02  2e-01 1:08.3
  100   1100 8.878778870909156e-02 9.3e+00 8.52e-02  4e-02  1e-01 1:20.4
  117   1287 8.777765823626750e-02 1.2e+01 4.96e-02  2e-02  5e-02 1:34.1
  135   1485 8.773437695096915e-02 1.7e+01 1.92e-02  7e-03  2e-02 1:48.5
  154   1694 8.764375188863018e-02 3.1e+01 2.56e-02  8e-03  4e-02 2:03.8
  174   1914 8.746289204106551e-02 4.6e+01 3.00e-02  7e-03  5e-02 2:19.9
  196   2156 8.734930146255089e-02 4.3e+01 2.82e-02  6e-03  5e-02 2:37.6
  200   2200 8.734331245892903e-02 3.9e+01 3.11e-02  6e-03  5e-02 2:40.8
  224   2464 8.725337030708591e-02 3.6e+01 2.08e-02  3e-03  3e-02 3:00.1
  249   2739 8.713364237932904e-02 4.4e+01 3.58e-02  5e-03  5e-02 3:20.2
  276   3036 8.707089008740156e-02 6.4e+01 2.98e-02  4e-03  5e-02 3:41.9
  300   3300 8.702190356537080e-02 7.3e+01 2.24e-02  3e-03  4e-02 4:01.2
  329   3619 8.700242969269716e-02 6.1e+01 1.38e-02  2e-03  2e-02 4:24.5
  359   3949 8.700015167587447e-02 6.1e+01 6.43e-03  7e-04  6e-03 4:48.6
  391   4301 8.699991927107831e-02 6.9e+01 1.41e-03  1e-04  1e-03 5:14.3
  400   4400 8.699990621257601e-02 7.1e+01 2.16e-03  2e-04  2e-03 5:21.6
  434   4774 8.699952986159167e-02 1.8e+02 1.04e-02  9e-04  2e-02 5:48.9
  469   5159 8.699912791249977e-02 3.0e+02 8.49e-03  5e-04  2e-02 6:17.0
  500   5500 8.699887776836031e-02 3.8e+02 1.14e-02  5e-04  3e-02 6:42.0
  538   5918 8.699838844922626e-02 4.6e+02 1.20e-02  4e-04  3e-02 7:12.5
  577   6347 8.699783785938348e-02 5.6e+02 1.25e-02  3e-04  3e-02 7:43.9
  600   6600 8.699759767836536e-02 4.8e+02 1.46e-02  2e-04  3e-02 8:02.4
  642   7062 8.699705403319845e-02 3.4e+02 2.11e-02  3e-04  3e-02 8:36.2
  685   7535 8.699609342398786e-02 2.4e+02 2.68e-02  3e-04  2e-02 9:10.8
  700   7700 8.699568532808204e-02 2.0e+02 3.25e-02  4e-04  2e-02 9:22.8
  745   8195 8.699408857740398e-02 2.1e+02 4.71e-02  5e-04  2e-02 9:59.0
  792   8712 8.699136900112156e-02 1.4e+02 4.50e-02  4e-04  9e-03 10:36.8
  800   8800 8.699080317421878e-02 1.4e+02 7.60e-02  7e-04  1e-02 10:43.2
  849   9339 8.698540612604498e-02 1.3e+02 1.19e-01  1e-03  2e-02 11:22.6
  899   9889 8.697467071225648e-02 1.5e+02 1.98e-01  1e-03  3e-02 12:02.8
  900   9900 8.697390962485661e-02 1.5e+02 1.96e-01  1e-03  3e-02 12:03.6
  953  10483 8.696919835797677e-02 1.5e+02 2.37e-01  2e-03  2e-02 12:46.2
 1000  11000 8.696551590528505e-02 1.4e+02 3.09e-01  2e-03  2e-02 13:24.0
Iterat #Fevals   function value  axis ratio  sigma  min&max std  t[m:s]
 1055  11605 8.695862383537867e-02 1.2e+02 1.61e-01  8e-04  6e-03 14:08.3
 1100  12100 8.695842059544462e-02 1.4e+02 3.96e-02  2e-04  1e-03 14:44.4
 1158  12738 8.695841951399909e-02 1.5e+02 9.63e-04  3e-06  2e-05 15:31.1
 1175  12925 8.695841951387820e-02 1.7e+02 2.96e-04  8e-07  6e-06 15:44.7
termination on tolfun=1e-11 (Fri Nov 27 13:00:43 2020)
final/bestever f-value = 8.695842e-02 8.695842e-02
incumbent solution: [ 8.50983142e-07  1.10510850e+00  5.88694203e+00  3.14159043e+00
  9.39224219e-01 -2.65543893e+00  3.14159055e+00 -9.20854736e-01 ...]
std deviations: [8.18912036e-07 5.57509235e-06 2.52911225e-06 1.99070436e-06
 4.56580929e-06 2.65302414e-06 1.97290138e-06 3.43441077e-06 ...]
cma
(5_w,11)-aCMA-ES (mu_w=3.4,w_1=42%) in dimension 14 (seed=624420, Fri Nov 27 13:00:43 2020)
Iterat #Fevals   function value  axis ratio  sigma  min&max std  t[m:s]
    1     11 6.095625446782827e-01 1.0e+00 9.08e-01  9e-01  9e-01 0:00.9
    2     22 5.079986435982797e-01 1.1e+00 8.61e-01  8e-01  9e-01 0:01.8
    3     33 9.352011740062651e-01 1.1e+00 8.71e-01  8e-01  9e-01 0:02.7
    7     77 3.354918926592116e-01 1.4e+00 9.06e-01  8e-01  1e+00 0:06.3
   12    132 2.379015653119096e-01 1.5e+00 8.22e-01  7e-01  9e-01 0:10.8
   18    198 2.099310480567528e-01 1.6e+00 5.63e-01  5e-01  6e-01 0:16.1
   25    275 3.200347584972659e-01 1.8e+00 5.37e-01  5e-01  6e-01 0:22.4
   33    363 2.121182912675575e-01 1.9e+00 4.03e-01  4e-01  4e-01 0:29.6
   42    462 1.519911899976652e-01 2.3e+00 2.94e-01  2e-01  3e-01 0:37.7
   53    583 1.134781321847607e-01 2.8e+00 1.50e-01  1e-01  2e-01 0:47.5
   65    715 1.019620540613539e-01 3.4e+00 9.95e-02  7e-02  1e-01 0:58.3
   78    858 9.649218788142458e-02 4.4e+00 8.45e-02  6e-02  1e-01 1:10.0
   92   1012 8.850231511642281e-02 5.6e+00 6.46e-02  4e-02  9e-02 1:22.5
  100   1100 8.979915678772596e-02 6.7e+00 6.87e-02  5e-02  1e-01 1:29.7
  116   1276 8.897628925736620e-02 8.0e+00 7.84e-02  5e-02  1e-01 1:44.0
  133   1463 8.766802270842498e-02 9.6e+00 4.88e-02  3e-02  7e-02 1:59.3
  151   1661 8.728081860256286e-02 1.2e+01 2.63e-02  2e-02  4e-02 2:15.4
  170   1870 8.715277427350615e-02 1.3e+01 1.18e-02  7e-03  2e-02 2:32.5
  191   2101 8.707138543247052e-02 1.5e+01 8.91e-03  5e-03  1e-02 2:51.3
  200   2200 8.706111306601154e-02 1.6e+01 9.17e-03  5e-03  1e-02 2:59.4
  223   2453 8.702285496507493e-02 2.2e+01 7.66e-03  4e-03  9e-03 3:20.0
  247   2717 8.701777229534929e-02 2.6e+01 3.03e-03  2e-03  3e-03 3:41.6
  272   2992 8.701494542020018e-02 4.4e+01 4.28e-03  3e-03  7e-03 4:04.0
  298   3278 8.701439948590217e-02 5.4e+01 1.48e-03  9e-04  2e-03 4:27.3
  300   3300 8.701434875755236e-02 5.5e+01 1.35e-03  9e-04  2e-03 4:29.1
  328   3608 8.701428546013648e-02 6.2e+01 4.26e-04  2e-04  7e-04 4:54.2
  358   3938 8.701428098788393e-02 7.0e+01 1.21e-04  6e-05  2e-04 5:21.1
  389   4279 8.701428071282775e-02 7.8e+01 2.36e-05  1e-05  3e-05 5:48.9
  400   4400 8.701428070885465e-02 8.1e+01 1.29e-05  5e-06  1e-05 5:58.8
  432   4752 8.701428070786117e-02 1.0e+02 4.23e-06  1e-06  5e-06 6:27.5
termination on tolfun=1e-11 (Fri Nov 27 13:07:11 2020)
final/bestever f-value = 8.701428e-02 8.701428e-02
incumbent solution: [ 4.37056385e+00  1.46662229e+00 -1.12232224e+00 -6.22397613e-01
  6.82721918e-07 -1.73019374e+00  3.08447399e+00 -1.35230780e+00 ...]
std deviations: [2.98684088e-06 3.74645855e-06 3.57412611e-06 2.16936361e-06
 1.34434344e-06 2.76291383e-06 4.72717288e-06 2.67547919e-06 ...]
cma
(5_w,11)-aCMA-ES (mu_w=3.4,w_1=42%) in dimension 14 (seed=535180, Fri Nov 27 13:07:12 2020)
Iterat #Fevals   function value  axis ratio  sigma  min&max std  t[m:s]
    1     11 5.141816981383827e-01 1.0e+00 9.05e-01  9e-01  9e-01 0:00.9
    2     22 7.251351866204733e-01 1.1e+00 8.59e-01  8e-01  9e-01 0:01.8
    3     33 7.023855685582547e-01 1.1e+00 8.26e-01  8e-01  8e-01 0:02.7
    7     77 3.089431237031606e-01 1.3e+00 7.36e-01  7e-01  8e-01 0:06.3
   12    132 4.585294590032415e-01 1.4e+00 6.26e-01  6e-01  6e-01 0:10.8
   18    198 3.037918899313319e-01 1.6e+00 4.94e-01  4e-01  5e-01 0:16.2
   25    275 1.357967880753897e-01 2.0e+00 4.42e-01  4e-01  4e-01 0:22.4
   33    363 2.431518407732694e-01 2.4e+00 4.30e-01  4e-01  5e-01 0:29.6
   42    462 2.518070853991434e-01 3.1e+00 4.47e-01  4e-01  5e-01 0:37.7
   53    583 1.922187982583505e-01 3.0e+00 4.24e-01  3e-01  4e-01 0:47.6
   65    715 1.067089533821754e-01 3.3e+00 2.75e-01  2e-01  3e-01 0:58.3
   78    858 8.995885696160241e-02 3.9e+00 2.23e-01  2e-01  2e-01 1:10.0
   92   1012 5.496325836835560e-02 4.8e+00 1.55e-01  1e-01  2e-01 1:22.6
  100   1100 5.249476416105739e-02 4.8e+00 1.26e-01  8e-02  1e-01 1:29.7
  116   1276 4.295782567008126e-02 6.1e+00 6.40e-02  3e-02  7e-02 1:44.1
  133   1463 3.796331290847996e-02 6.8e+00 3.59e-02  2e-02  4e-02 1:59.4
  151   1661 3.399543782300192e-02 9.5e+00 3.66e-02  1e-02  4e-02 2:15.5
  170   1870 3.035930240717730e-02 1.7e+01 4.49e-02  2e-02  6e-02 2:32.6
  191   2101 2.806945938435933e-02 1.7e+01 5.55e-02  2e-02  7e-02 2:51.5
  200   2200 2.695394617819262e-02 1.7e+01 3.26e-02  1e-02  4e-02 2:59.5
  223   2453 2.659640815185445e-02 1.9e+01 1.52e-02  5e-03  2e-02 3:20.2
  247   2717 2.645134232262757e-02 1.8e+01 9.51e-03  3e-03  1e-02 3:41.7
  272   2992 2.639996905393776e-02 2.1e+01 7.20e-03  3e-03  8e-03 4:04.2
  298   3278 2.636741244672162e-02 2.6e+01 5.12e-03  2e-03  6e-03 4:27.5
  300   3300 2.636706668748118e-02 2.6e+01 4.46e-03  2e-03  5e-03 4:29.3
  328   3608 2.635631255249759e-02 3.2e+01 2.50e-03  9e-04  4e-03 4:54.5
  357   3927 2.635567511242062e-02 3.0e+01 5.85e-04  2e-04  7e-04 5:20.5
  388   4268 2.635565984003596e-02 3.3e+01 7.72e-05  2e-05  8e-05 5:48.4
  400   4400 2.635565965321452e-02 3.3e+01 4.10e-05  1e-05  4e-05 5:59.1
  433   4763 2.635565957800576e-02 3.5e+01 9.60e-06  2e-06  9e-06 6:28.8
  467   5137 2.635565957503371e-02 3.9e+01 1.03e-06  2e-07  8e-07 6:59.3
  469   5159 2.635565957503645e-02 3.9e+01 8.92e-07  2e-07  7e-07 7:01.1
termination on tolfun=1e-11 (Fri Nov 27 13:14:14 2020)
final/bestever f-value = 2.635566e-02 2.635566e-02
incumbent solution: [ 2.58620574e+00 -3.38076815e-07  2.79554790e+00  4.18399875e+00
  4.31845306e+00 -1.49770006e+00  6.45999233e-07  3.46775337e+00 ...]
std deviations: [5.75844497e-07 3.75118007e-07 3.41883305e-07 5.60182156e-07
 5.29091252e-07 2.82572202e-07 4.57210729e-07 6.84114757e-07 ...]
cma
(6_w,12)-aCMA-ES (mu_w=3.7,w_1=40%) in dimension 17 (seed=620421, Fri Nov 27 13:14:14 2020)
Iterat #Fevals   function value  axis ratio  sigma  min&max std  t[m:s]
    1     12 8.932658597758281e-01 1.0e+00 9.42e-01  9e-01  1e+00 0:01.1
    2     24 5.586547774336604e-01 1.1e+00 9.08e-01  9e-01  9e-01 0:02.2
    3     36 4.176178659208357e-01 1.1e+00 9.06e-01  9e-01  9e-01 0:03.3
    6     72 3.803895579818541e-01 1.3e+00 9.81e-01  1e+00  1e+00 0:06.5
   10    120 6.638555709046146e-01 1.4e+00 1.11e+00  1e+00  1e+00 0:10.9
   15    180 4.688586464542880e-01 1.6e+00 1.00e+00  9e-01  1e+00 0:16.3
   21    252 3.102844474687488e-01 1.7e+00 7.14e-01  6e-01  8e-01 0:22.8
   28    336 2.214385320751889e-01 1.7e+00 7.05e-01  6e-01  8e-01 0:30.4
   36    432 8.448366192609738e-01 1.8e+00 5.71e-01  5e-01  6e-01 0:39.0
   45    540 2.179094036269106e-01 2.0e+00 4.08e-01  3e-01  4e-01 0:48.8
   55    660 1.779805472572727e-01 2.3e+00 2.90e-01  2e-01  3e-01 0:59.6
   66    792 1.243729953587514e-01 2.6e+00 2.38e-01  2e-01  2e-01 1:11.6
   78    936 1.152143804663700e-01 2.9e+00 1.71e-01  1e-01  2e-01 1:24.6
   90   1080 9.710687103780014e-02 3.3e+00 1.14e-01  8e-02  1e-01 1:37.6
  100   1200 9.228260825558379e-02 3.8e+00 1.06e-01  8e-02  1e-01 1:48.5
  114   1368 8.951979935527947e-02 4.5e+00 7.54e-02  6e-02  9e-02 2:03.7
  129   1548 8.848811835563493e-02 5.0e+00 5.24e-02  4e-02  6e-02 2:20.0
  145   1740 8.802859231240001e-02 6.5e+00 2.97e-02  2e-02  3e-02 2:37.3
  162   1944 8.795883531501344e-02 7.8e+00 1.72e-02  1e-02  2e-02 2:55.8
  180   2160 8.766019095004275e-02 9.5e+00 2.29e-02  2e-02  3e-02 3:15.3
  199   2388 8.753069875797435e-02 1.3e+01 2.15e-02  1e-02  3e-02 3:35.9
  200   2400 8.751615404291328e-02 1.3e+01 2.25e-02  1e-02  3e-02 3:37.0
  221   2652 8.734601670598192e-02 1.9e+01 2.02e-02  1e-02  3e-02 3:59.8
  243   2916 8.719530763910043e-02 2.3e+01 2.13e-02  1e-02  3e-02 4:23.7
  266   3192 8.712999569293772e-02 2.8e+01 1.47e-02  8e-03  2e-02 4:48.6
  290   3480 8.707062643803133e-02 3.2e+01 1.34e-02  6e-03  2e-02 5:14.7
  300   3600 8.707425580055554e-02 3.5e+01 1.78e-02  8e-03  3e-02 5:25.5
  325   3900 8.701169624880932e-02 4.5e+01 1.43e-02  5e-03  3e-02 5:52.6
  351   4212 8.698625731325972e-02 6.3e+01 1.26e-02  4e-03  3e-02 6:20.8
  378   4536 8.545545049339714e-02 1.3e+02 4.72e-02  1e-02  2e-01 6:50.1
  400   4800 7.570067900755288e-02 1.1e+02 9.09e-02  2e-02  3e-01 7:14.0
  429   5148 6.507729571079184e-02 6.4e+01 1.33e-01  3e-02  3e-01 7:45.4
  459   5508 4.473836987253508e-02 4.6e+01 1.03e-01  2e-02  2e-01 8:18.0
  490   5880 3.208766857796402e-02 3.3e+01 5.83e-02  1e-02  7e-02 8:51.6
  500   6000 3.132350535537348e-02 3.1e+01 4.66e-02  1e-02  5e-02 9:02.4
  533   6396 2.889555676651741e-02 2.6e+01 3.39e-02  7e-03  3e-02 9:38.2
  567   6804 2.730058369796780e-02 2.6e+01 3.26e-02  8e-03  3e-02 10:15.0
  600   7200 2.646157435548186e-02 2.7e+01 4.10e-02  1e-02  4e-02 10:50.8
  636   7632 2.582129279507761e-02 3.0e+01 2.91e-02  7e-03  3e-02 11:29.8
  672   8064 2.476463365635089e-02 3.1e+01 7.88e-02  2e-02  7e-02 12:08.8
  700   8400 2.156770848713736e-02 3.0e+01 9.28e-02  2e-02  8e-02 12:39.2
  738   8856 1.972581437216540e-02 3.4e+01 4.31e-02  9e-03  4e-02 13:20.4
  777   9324 1.921804725300759e-02 3.3e+01 4.52e-02  9e-03  4e-02 14:02.6
  800   9600 1.911048293494243e-02 3.2e+01 2.34e-02  4e-03  2e-02 14:27.6
  841  10092 1.898969213081150e-02 3.7e+01 1.40e-02  2e-03  1e-02 15:12.0
  883  10596 1.895468458757854e-02 4.6e+01 1.10e-02  2e-03  9e-03 15:57.6
  900  10800 1.895028774537374e-02 4.9e+01 1.04e-02  1e-03  9e-03 16:16.0
  944  11328 1.892236894286892e-02 4.9e+01 1.42e-02  2e-03  1e-02 17:03.7
  989  11868 1.881899783773633e-02 7.3e+01 4.08e-02  5e-03  4e-02 17:52.5
 1000  12000 1.876831791865332e-02 7.3e+01 3.88e-02  5e-03  4e-02 18:04.4
Iterat #Fevals   function value  axis ratio  sigma  min&max std  t[m:s]
 1047  12564 1.867158118376873e-02 7.7e+01 2.49e-02  3e-03  3e-02 18:55.4
 1095  13140 1.864245030461335e-02 7.5e+01 1.68e-02  2e-03  1e-02 19:47.0
 1100  13200 1.864265633226277e-02 7.2e+01 1.84e-02  2e-03  2e-02 19:52.3
 1150  13800 1.859337472062848e-02 6.1e+01 3.29e-02  3e-03  2e-02 20:45.8
 1200  14400 1.853972420738888e-02 6.6e+01 3.99e-02  3e-03  2e-02 21:39.3
 1252  15024 1.850549682014068e-02 6.1e+01 2.98e-02  2e-03  1e-02 22:35.0
 1300  15600 1.846679881633191e-02 5.6e+01 3.99e-02  2e-03  2e-02 23:26.3
 1354  16248 1.841889640726992e-02 5.7e+01 5.24e-02  3e-03  2e-02 24:24.1
 1400  16800 1.834245710656691e-02 4.8e+01 6.20e-02  3e-03  2e-02 25:13.3
 1456  17472 1.830324750367364e-02 4.4e+01 3.44e-02  2e-03  9e-03 26:13.2
 1500  18000 1.826628620204482e-02 5.8e+01 3.23e-02  1e-03  9e-03 27:00.2
 1558  18696 1.822740238580989e-02 6.2e+01 9.52e-02  4e-03  3e-02 28:01.8
 1600  19200 1.814232532917440e-02 5.6e+01 7.99e-02  3e-03  2e-02 28:45.8
 1661  19932 1.803696306034025e-02 7.2e+01 1.21e-01  4e-03  4e-02 29:49.8
 1700  20400 1.799717956737671e-02 9.6e+01 8.67e-02  3e-03  3e-02 30:30.8
 1762  21144 1.798137728397366e-02 7.8e+01 3.14e-02  8e-04  9e-03 31:35.8
 1800  21600 1.797616143039933e-02 8.5e+01 4.54e-02  1e-03  1e-02 32:15.7
 1864  22368 1.794625480723262e-02 9.3e+01 9.48e-02  1e-03  3e-02 33:22.9
 1900  22800 1.792065168126408e-02 1.1e+02 1.66e-01  2e-03  5e-02 34:00.7
 1966  23592 1.783988701135756e-02 9.9e+01 1.70e-01  2e-03  5e-02 35:09.9
 2000  24000 1.774718994891435e-02 1.3e+02 3.35e-01  5e-03  1e-01 35:45.6
Iterat #Fevals   function value  axis ratio  sigma  min&max std  t[m:s]
 2068  24816 1.701974046131368e-02 9.3e+01 4.22e-01  4e-03  8e-02 36:56.9
 2100  25200 1.684694151575773e-02 9.0e+01 3.36e-01  3e-03  6e-02 37:30.5
 2170  26040 1.665289446924709e-02 5.8e+01 2.12e-01  2e-03  2e-02 38:44.0
 2200  26400 1.664239703521470e-02 5.3e+01 7.46e-02  5e-04  6e-03 39:15.5
 2272  27264 1.663938374842652e-02 4.6e+01 5.11e-02  3e-04  3e-03 40:31.0
 2300  27600 1.663923135181367e-02 4.3e+01 1.46e-02  7e-05  9e-04 41:00.4
 2374  28488 1.663921469593944e-02 4.3e+01 2.82e-04  1e-06  1e-05 42:18.1
 2400  28800 1.663921469367654e-02 4.4e+01 7.94e-05  3e-07  3e-06 42:45.4
 2417  29004 1.663921469348642e-02 4.5e+01 3.77e-05  1e-07  1e-06 43:03.2
termination on tolfun=1e-11 (Fri Nov 27 13:57:21 2020)
final/bestever f-value = 1.663921e-02 1.663921e-02
incumbent solution: [ 2.28132121  2.30585275 -7.05376186 -1.95237622  3.77378473 -1.50526552
  2.86051404  2.81832152 ...]
std deviations: [5.24170190e-07 5.06583528e-07 3.59707302e-07 6.91483988e-07
 8.63370380e-07 6.90912513e-07 1.32853406e-07 9.19537921e-07 ...]
cma
(6_w,12)-aCMA-ES (mu_w=3.7,w_1=40%) in dimension 17 (seed=590379, Fri Nov 27 13:57:21 2020)
Iterat #Fevals   function value  axis ratio  sigma  min&max std  t[m:s]
    1     12 5.562286182575360e-01 1.0e+00 9.39e-01  9e-01  1e+00 0:01.0
    2     24 4.981415054586669e-01 1.1e+00 8.72e-01  8e-01  9e-01 0:02.1
    3     36 6.806262455303913e-01 1.1e+00 8.55e-01  8e-01  9e-01 0:03.1
    6     72 7.035733038840557e-01 1.2e+00 8.76e-01  8e-01  9e-01 0:06.3
   10    120 8.827627011281632e-01 1.6e+00 1.14e+00  1e+00  1e+00 0:10.5
   15    180 2.493393558416841e-01 1.9e+00 1.28e+00  1e+00  1e+00 0:15.7
   21    252 2.224781417269072e-01 1.9e+00 1.18e+00  1e+00  1e+00 0:22.0
   28    336 8.421797337012410e-01 2.0e+00 1.17e+00  1e+00  1e+00 0:29.3
   36    432 8.230965206869166e-01 2.0e+00 9.30e-01  8e-01  1e+00 0:37.7
   45    540 5.472336923049383e-01 2.1e+00 9.15e-01  8e-01  1e+00 0:47.1
   55    660 6.005583738215015e-01 2.2e+00 8.01e-01  6e-01  9e-01 0:57.5
   66    792 4.393990982667285e-01 2.1e+00 6.92e-01  6e-01  8e-01 1:09.0
   78    936 2.671551790015119e-01 2.3e+00 3.86e-01  3e-01  4e-01 1:21.5
   91   1092 1.083910139665941e-01 2.5e+00 1.97e-01  2e-01  2e-01 1:35.0
  100   1200 7.351982769096524e-02 2.7e+00 1.58e-01  1e-01  2e-01 1:44.4
  115   1380 5.081214211998333e-02 3.1e+00 9.32e-02  6e-02  1e-01 2:00.1
  131   1572 3.912310179278412e-02 3.7e+00 5.56e-02  4e-02  5e-02 2:16.7
  148   1776 3.594461622675216e-02 4.4e+00 3.30e-02  2e-02  3e-02 2:34.5
  166   1992 3.355945729951656e-02 6.9e+00 3.86e-02  2e-02  5e-02 2:53.2
  185   2220 3.245235873600603e-02 9.0e+00 3.19e-02  2e-02  4e-02 3:13.1
  200   2400 3.172036699734072e-02 1.0e+01 1.56e-02  9e-03  2e-02 3:28.7
  221   2652 3.121629082047480e-02 1.4e+01 1.34e-02  7e-03  2e-02 3:50.6
  243   2916 3.032024835971677e-02 1.9e+01 2.77e-02  1e-02  5e-02 4:13.6
  266   3192 2.954645621148360e-02 2.7e+01 3.72e-02  2e-02  8e-02 4:37.5
  290   3480 2.845137971811470e-02 2.9e+01 2.90e-02  1e-02  7e-02 5:02.4
  300   3600 2.797382012252511e-02 2.9e+01 2.61e-02  1e-02  6e-02 5:12.8
  325   3900 2.741420102867903e-02 2.8e+01 1.38e-02  5e-03  3e-02 5:38.9
  352   4224 2.710239426669521e-02 2.5e+01 1.39e-02  5e-03  2e-02 6:06.8
  380   4560 2.691993900725621e-02 2.9e+01 1.32e-02  5e-03  2e-02 6:35.3
  400   4800 2.686500915543647e-02 3.3e+01 1.43e-02  5e-03  2e-02 6:55.9
  430   5160 2.681021261508093e-02 3.6e+01 6.66e-03  2e-03  1e-02 7:26.7
  461   5532 2.676454058340473e-02 5.4e+01 1.13e-02  4e-03  2e-02 7:58.2
  493   5916 2.674044418975931e-02 5.4e+01 1.63e-02  6e-03  3e-02 8:30.8
  500   6000 2.672148154980061e-02 5.6e+01 1.33e-02  5e-03  2e-02 8:38.0
  534   6408 2.665628129553170e-02 6.6e+01 1.64e-02  6e-03  3e-02 9:12.6
  569   6828 2.658808891945328e-02 7.5e+01 2.56e-02  9e-03  5e-02 9:48.2
  600   7200 2.643985718629812e-02 6.7e+01 1.11e-02  3e-03  2e-02 10:19.8
  637   7644 2.632345794284883e-02 6.7e+01 1.63e-02  4e-03  3e-02 10:57.5
  675   8100 2.621552221714050e-02 5.8e+01 1.29e-02  3e-03  2e-02 11:36.2
  700   8400 2.618970454077683e-02 5.7e+01 1.23e-02  3e-03  2e-02 12:01.7
  740   8880 2.615828654172257e-02 5.1e+01 1.96e-02  5e-03  2e-02 12:42.4
  781   9372 2.603344202618069e-02 4.7e+01 3.01e-02  8e-03  3e-02 13:24.2
  800   9600 2.597191749555593e-02 4.5e+01 2.13e-02  5e-03  2e-02 13:43.5
  843  10116 2.561605159022175e-02 4.6e+01 5.14e-02  1e-02  6e-02 14:27.3
  887  10644 2.460449806605756e-02 4.5e+01 7.94e-02  1e-02  9e-02 15:11.7
  900  10800 2.396566997531682e-02 4.4e+01 6.76e-02  1e-02  8e-02 15:24.8
  946  11352 2.294058713511537e-02 5.1e+01 4.74e-02  7e-03  6e-02 16:11.3
  993  11916 2.236833070012889e-02 5.5e+01 3.99e-02  4e-03  5e-02 16:58.7
 1000  12000 2.228957589007512e-02 5.4e+01 3.79e-02  4e-03  4e-02 17:05.8
Iterat #Fevals   function value  axis ratio  sigma  min&max std  t[m:s]
 1049  12588 2.201698485280301e-02 5.0e+01 4.69e-02  5e-03  4e-02 17:55.3
 1099  13188 2.145789020941430e-02 4.4e+01 1.38e-01  2e-02  1e-01 18:45.8
 1100  13200 2.137076270707602e-02 4.4e+01 1.40e-01  2e-02  1e-01 18:46.8
 1152  13824 2.021660613865248e-02 4.1e+01 1.16e-01  1e-02  6e-02 19:39.3
 1200  14400 1.913143886211379e-02 3.7e+01 1.11e-01  8e-03  5e-02 20:27.8
 1254  15048 1.723126170536874e-02 5.1e+01 1.30e-01  9e-03  5e-02 21:22.2
 1300  15600 1.618520973529825e-02 4.4e+01 8.72e-02  6e-03  3e-02 22:08.3
 1356  16272 1.516669772799083e-02 3.7e+01 1.59e-01  1e-02  6e-02 23:04.5
 1400  16800 1.475194955290476e-02 3.5e+01 8.72e-02  5e-03  3e-02 23:48.7
 1458  17496 1.450338622106066e-02 2.9e+01 7.00e-02  4e-03  2e-02 24:46.9
 1500  18000 1.433272953822299e-02 2.6e+01 9.97e-02  4e-03  2e-02 25:29.0
 1560  18720 1.344325791088635e-02 3.5e+01 1.70e-01  7e-03  4e-02 26:29.2
 1600  19200 1.329741194834175e-02 3.3e+01 1.09e-01  3e-03  2e-02 27:09.2
 1662  19944 1.313457310632406e-02 3.7e+01 9.63e-02  2e-03  2e-02 28:11.3
 1700  20400 1.305259839216104e-02 4.0e+01 8.59e-02  2e-03  1e-02 28:49.4
 1764  21168 1.296560581892345e-02 5.1e+01 1.14e-01  2e-03  2e-02 29:53.4
 1800  21600 1.292433866432905e-02 6.4e+01 9.05e-02  1e-03  1e-02 30:29.5
 1866  22392 1.287333899545588e-02 9.2e+01 1.48e-01  2e-03  3e-02 31:35.6
 1900  22800 1.284889141460628e-02 1.2e+02 1.13e-01  1e-03  3e-02 32:09.7
 1968  23616 1.275107801312234e-02 1.5e+02 4.62e-01  5e-03  1e-01 33:17.8
 2000  24000 1.265750816713956e-02 1.1e+02 2.30e-01  2e-03  5e-02 33:49.8
Iterat #Fevals   function value  axis ratio  sigma  min&max std  t[m:s]
 2070  24840 1.250421109189515e-02 7.7e+01 2.49e-01  2e-03  3e-02 34:59.9
 2100  25200 1.243539470855961e-02 6.6e+01 2.57e-01  2e-03  3e-02 35:29.9
 2172  26064 1.231082512766496e-02 6.1e+01 2.85e-01  2e-03  2e-02 36:42.0
 2200  26400 1.227574619569422e-02 5.7e+01 1.91e-01  1e-03  1e-02 37:10.1
 2274  27288 1.223583883698994e-02 6.8e+01 1.66e-01  1e-03  1e-02 38:24.3
 2300  27600 1.222903286255981e-02 7.2e+01 1.52e-01  9e-04  1e-02 38:47.7
 2394  28728 1.219838249956795e-02 7.2e+01 2.09e-01  1e-03  1e-02 40:04.3
 2400  28800 1.219707946369254e-02 7.1e+01 2.27e-01  1e-03  1e-02 40:08.9
 2496  29952 1.218846503381534e-02 8.3e+01 6.49e-02  3e-04  3e-03 41:27.6
 2500  30000 1.218849778479376e-02 8.4e+01 5.54e-02  2e-04  3e-03 41:30.9
 2598  31176 1.218836288826090e-02 1.0e+02 1.41e-03  4e-06  6e-05 42:51.3
 2600  31200 1.218836289047775e-02 1.0e+02 1.27e-03  4e-06  5e-05 42:52.8
 2660  31920 1.218836287290090e-02 1.0e+02 5.13e-05  1e-07  2e-06 43:42.6
/home/adrianps/Universal-Approximator/qibo_sim/classes/ApproximantNN.py:783: ComplexWarning: Casting complex values to real discards the imaginary part
  params[0, 0] = 1 / period * np.trapz(y, x)
/home/adrianps/Universal-Approximator/qibo_sim/classes/ApproximantNN.py:786: ComplexWarning: Casting complex values to real discards the imaginary part
  params[_, 0] = 2 / period * np.trapz(y * cos, x)
/home/adrianps/Universal-Approximator/qibo_sim/classes/ApproximantNN.py:788: ComplexWarning: Casting complex values to real discards the imaginary part
  params[_, 1] = 2 / period * np.trapz(y * sin, x)
/home/adrianps/Universal-Approximator/qibo_sim/classes/ApproximantNN.py:783: ComplexWarning: Casting complex values to real discards the imaginary part
  params[0, 0] = 1 / period * np.trapz(y, x)
/home/adrianps/Universal-Approximator/qibo_sim/classes/ApproximantNN.py:786: ComplexWarning: Casting complex values to real discards the imaginary part
  params[_, 0] = 2 / period * np.trapz(y * cos, x)
/home/adrianps/Universal-Approximator/qibo_sim/classes/ApproximantNN.py:788: ComplexWarning: Casting complex values to real discards the imaginary part
  params[_, 1] = 2 / period * np.trapz(y * sin, x)
/home/adrianps/Universal-Approximator/qibo_sim/classes/ApproximantNN.py:783: ComplexWarning: Casting complex values to real discards the imaginary part
  params[0, 0] = 1 / period * np.trapz(y, x)
/home/adrianps/Universal-Approximator/qibo_sim/classes/ApproximantNN.py:786: ComplexWarning: Casting complex values to real discards the imaginary part
  params[_, 0] = 2 / period * np.trapz(y * cos, x)
/home/adrianps/Universal-Approximator/qibo_sim/classes/ApproximantNN.py:788: ComplexWarning: Casting complex values to real discards the imaginary part
  params[_, 1] = 2 / period * np.trapz(y * sin, x)
/home/adrianps/Universal-Approximator/qibo_sim/classes/ApproximantNN.py:783: ComplexWarning: Casting complex values to real discards the imaginary part
  params[0, 0] = 1 / period * np.trapz(y, x)
/home/adrianps/Universal-Approximator/qibo_sim/classes/ApproximantNN.py:786: ComplexWarning: Casting complex values to real discards the imaginary part
  params[_, 0] = 2 / period * np.trapz(y * cos, x)
/home/adrianps/Universal-Approximator/qibo_sim/classes/ApproximantNN.py:788: ComplexWarning: Casting complex values to real discards the imaginary part
  params[_, 1] = 2 / period * np.trapz(y * sin, x)
/home/adrianps/Universal-Approximator/qibo_sim/classes/ApproximantNN.py:783: ComplexWarning: Casting complex values to real discards the imaginary part
  params[0, 0] = 1 / period * np.trapz(y, x)
/home/adrianps/Universal-Approximator/qibo_sim/classes/ApproximantNN.py:786: ComplexWarning: Casting complex values to real discards the imaginary part
  params[_, 0] = 2 / period * np.trapz(y * cos, x)
/home/adrianps/Universal-Approximator/qibo_sim/classes/ApproximantNN.py:788: ComplexWarning: Casting complex values to real discards the imaginary part
  params[_, 1] = 2 / period * np.trapz(y * sin, x)
/home/adrianps/Universal-Approximator/qibo_sim/classes/ApproximantNN.py:783: ComplexWarning: Casting complex values to real discards the imaginary part
  params[0, 0] = 1 / period * np.trapz(y, x)
/home/adrianps/Universal-Approximator/qibo_sim/classes/ApproximantNN.py:786: ComplexWarning: Casting complex values to real discards the imaginary part
  params[_, 0] = 2 / period * np.trapz(y * cos, x)
/home/adrianps/Universal-Approximator/qibo_sim/classes/ApproximantNN.py:788: ComplexWarning: Casting complex values to real discards the imaginary part
  params[_, 1] = 2 / period * np.trapz(y * sin, x)
/home/adrianps/Universal-Approximator/qibo_sim/classes/ApproximantNN.py:783: ComplexWarning: Casting complex values to real discards the imaginary part
  params[0, 0] = 1 / period * np.trapz(y, x)
/home/adrianps/Universal-Approximator/qibo_sim/classes/ApproximantNN.py:786: ComplexWarning: Casting complex values to real discards the imaginary part
  params[_, 0] = 2 / period * np.trapz(y * cos, x)
/home/adrianps/Universal-Approximator/qibo_sim/classes/ApproximantNN.py:788: ComplexWarning: Casting complex values to real discards the imaginary part
  params[_, 1] = 2 / period * np.trapz(y * sin, x)
/home/adrianps/Universal-Approximator/qibo_sim/classes/ApproximantNN.py:783: ComplexWarning: Casting complex values to real discards the imaginary part
  params[0, 0] = 1 / period * np.trapz(y, x)
/home/adrianps/Universal-Approximator/qibo_sim/classes/ApproximantNN.py:786: ComplexWarning: Casting complex values to real discards the imaginary part
  params[_, 0] = 2 / period * np.trapz(y * cos, x)
/home/adrianps/Universal-Approximator/qibo_sim/classes/ApproximantNN.py:788: ComplexWarning: Casting complex values to real discards the imaginary part
  params[_, 1] = 2 / period * np.trapz(y * sin, x)
/home/adrianps/Universal-Approximator/qibo_sim/classes/ApproximantNN.py:783: ComplexWarning: Casting complex values to real discards the imaginary part
  params[0, 0] = 1 / period * np.trapz(y, x)
/home/adrianps/Universal-Approximator/qibo_sim/classes/ApproximantNN.py:786: ComplexWarning: Casting complex values to real discards the imaginary part
  params[_, 0] = 2 / period * np.trapz(y * cos, x)
/home/adrianps/Universal-Approximator/qibo_sim/classes/ApproximantNN.py:788: ComplexWarning: Casting complex values to real discards the imaginary part
  params[_, 1] = 2 / period * np.trapz(y * sin, x)
/home/adrianps/Universal-Approximator/qibo_sim/classes/ApproximantNN.py:783: ComplexWarning: Casting complex values to real discards the imaginary part
  params[0, 0] = 1 / period * np.trapz(y, x)
/home/adrianps/Universal-Approximator/qibo_sim/classes/ApproximantNN.py:786: ComplexWarning: Casting complex values to real discards the imaginary part
  params[_, 0] = 2 / period * np.trapz(y * cos, x)
/home/adrianps/Universal-Approximator/qibo_sim/classes/ApproximantNN.py:788: ComplexWarning: Casting complex values to real discards the imaginary part
  params[_, 1] = 2 / period * np.trapz(y * sin, x)
/home/adrianps/Universal-Approximator/qibo_sim/classes/ApproximantNN.py:552: RuntimeWarning: More than 20 figures have been opened. Figures created through the pyplot interface (`matplotlib.pyplot.figure`) are retained until explicitly closed and may consume too much memory. (To control this warning, see the rcParam `figure.max_open_warning`).
  fig, axs = plt.subplots(nrows=2, figsize=(8,10))
/home/adrianps/Universal-Approximator/qibo_sim/classes/ApproximantNN.py:783: ComplexWarning: Casting complex values to real discards the imaginary part
  params[0, 0] = 1 / period * np.trapz(y, x)
/home/adrianps/Universal-Approximator/qibo_sim/classes/ApproximantNN.py:786: ComplexWarning: Casting complex values to real discards the imaginary part
  params[_, 0] = 2 / period * np.trapz(y * cos, x)
/home/adrianps/Universal-Approximator/qibo_sim/classes/ApproximantNN.py:788: ComplexWarning: Casting complex values to real discards the imaginary part
  params[_, 1] = 2 / period * np.trapz(y * sin, x)
/home/adrianps/Universal-Approximator/qibo_sim/classes/ApproximantNN.py:577: RuntimeWarning: More than 20 figures have been opened. Figures created through the pyplot interface (`matplotlib.pyplot.figure`) are retained until explicitly closed and may consume too much memory. (To control this warning, see the rcParam `figure.max_open_warning`).
  fig, axs = plt.subplots(nrows=2, figsize=(8,10))
/home/adrianps/Universal-Approximator/qibo_sim/classes/ApproximantNN.py:552: RuntimeWarning: More than 20 figures have been opened. Figures created through the pyplot interface (`matplotlib.pyplot.figure`) are retained until explicitly closed and may consume too much memory. (To control this warning, see the rcParam `figure.max_open_warning`).
  fig, axs = plt.subplots(nrows=2, figsize=(8,10))
/home/adrianps/Universal-Approximator/qibo_sim/classes/ApproximantNN.py:783: ComplexWarning: Casting complex values to real discards the imaginary part
  params[0, 0] = 1 / period * np.trapz(y, x)
/home/adrianps/Universal-Approximator/qibo_sim/classes/ApproximantNN.py:786: ComplexWarning: Casting complex values to real discards the imaginary part
  params[_, 0] = 2 / period * np.trapz(y * cos, x)
/home/adrianps/Universal-Approximator/qibo_sim/classes/ApproximantNN.py:788: ComplexWarning: Casting complex values to real discards the imaginary part
  params[_, 1] = 2 / period * np.trapz(y * sin, x)
/home/adrianps/Universal-Approximator/qibo_sim/classes/ApproximantNN.py:577: RuntimeWarning: More than 20 figures have been opened. Figures created through the pyplot interface (`matplotlib.pyplot.figure`) are retained until explicitly closed and may consume too much memory. (To control this warning, see the rcParam `figure.max_open_warning`).
  fig, axs = plt.subplots(nrows=2, figsize=(8,10))
termination on tolfun=1e-11 (Fri Nov 27 14:41:11 2020)
final/bestever f-value = 1.218836e-02 1.218836e-02
incumbent solution: [ 0.10441438 -6.28272238 -0.9673032  -2.98036625  1.63953956 -1.73976723
  2.96103962  2.80048731 ...]
std deviations: [3.10516940e-07 1.20777345e-06 1.03290174e-06 1.39906324e-07
 8.17653116e-07 8.88473004e-07 1.42834402e-07 1.78658905e-06 ...]
