cma
(3_w,6)-aCMA-ES (mu_w=2.0,w_1=63%) in dimension 2 (seed=563175, Fri Nov 27 15:27:04 2020)
Iterat #Fevals   function value  axis ratio  sigma  min&max std  t[m:s]
    1      6 5.836560358123982e-01 1.0e+00 1.17e+00  1e+00  1e+00 0:00.3
    2     12 4.054887016582266e-01 1.6e+00 1.23e+00  1e+00  2e+00 0:00.5
    3     18 3.467864783072845e-01 1.6e+00 1.05e+00  8e-01  1e+00 0:00.8
   15     90 3.171901785856454e-01 3.3e+00 2.17e-01  5e-02  9e-02 0:04.1
   30    180 3.171599866634086e-01 1.9e+00 2.22e-02  1e-03  2e-03 0:08.2
   49    294 3.171596903848404e-01 2.2e+00 2.10e-03  3e-05  4e-05 0:13.3
   72    432 3.171596903758654e-01 2.0e+00 8.34e-05  1e-07  2e-07 0:19.6
   76    456 3.171596903758628e-01 3.0e+00 5.89e-05  9e-08  1e-07 0:20.7
termination on tolfun=1e-11 (Fri Nov 27 15:27:25 2020)
final/bestever f-value = 3.171597e-01 3.171597e-01
incumbent solution: [-0.8138757519978042, 1.6343072019385512]
std deviation: [9.03693650080904e-08, 1.3114214578381855e-07]
cma
(3_w,6)-aCMA-ES (mu_w=2.0,w_1=63%) in dimension 2 (seed=623827, Fri Nov 27 15:27:25 2020)
Iterat #Fevals   function value  axis ratio  sigma  min&max std  t[m:s]
    1      6 1.066356138559029e+00 1.0e+00 1.08e+00  1e+00  1e+00 0:00.3
    2     12 1.258824578321714e+00 1.4e+00 1.41e+00  1e+00  2e+00 0:00.5
    3     18 3.863345354337681e-01 1.6e+00 1.52e+00  1e+00  2e+00 0:00.8
   15     90 3.347476587330970e-01 2.2e+00 1.55e+00  8e-01  1e+00 0:04.1
   30    180 3.210524981019606e-01 2.1e+00 6.80e-01  1e-01  3e-01 0:08.2
   49    294 3.171653987203154e-01 1.6e+00 8.98e-02  4e-03  5e-03 0:13.3
   72    432 3.171596903817032e-01 3.4e+00 1.37e-03  7e-06  1e-05 0:19.6
   89    534 3.171596903758614e-01 3.5e+00 1.06e-04  1e-07  2e-07 0:24.2
termination on tolfun=1e-11 (Fri Nov 27 15:27:49 2020)
final/bestever f-value = 3.171597e-01 3.171597e-01
incumbent solution: [3.9554684851952966, -1.6343071730331318]
std deviation: [1.299318019598145e-07, 1.7748398902678508e-07]
cma
(4_w,8)-aCMA-ES (mu_w=2.6,w_1=52%) in dimension 5 (seed=600029, Fri Nov 27 15:27:50 2020)
Iterat #Fevals   function value  axis ratio  sigma  min&max std  t[m:s]
    1      8 3.934993415305710e-01 1.0e+00 9.74e-01  9e-01  1e+00 0:00.4
    2     16 3.073921051593568e-01 1.3e+00 9.50e-01  9e-01  1e+00 0:00.9
    3     24 3.596472951474891e-01 1.3e+00 7.69e-01  7e-01  7e-01 0:01.3
   10     80 3.078219248323797e-01 2.1e+00 3.68e-01  3e-01  3e-01 0:04.3
   20    160 2.185322445029718e-01 5.2e+00 3.23e-01  2e-01  4e-01 0:08.7
   32    256 1.592761070158664e-01 5.6e+00 1.99e-01  6e-02  2e-01 0:13.9
   46    368 1.585558965357160e-01 5.6e+00 9.25e-02  2e-02  6e-02 0:19.9
   63    504 1.579579057583424e-01 8.2e+00 1.63e-02  2e-03  8e-03 0:27.3
   82    656 1.579547185113214e-01 7.8e+00 4.52e-03  4e-04  2e-03 0:35.6
  100    800 1.579546274211741e-01 9.9e+00 8.66e-04  5e-05  2e-04 0:43.4
  123    984 1.579546243383564e-01 9.9e+00 9.01e-05  2e-06  1e-05 0:53.4
  149   1192 1.579546243319631e-01 9.5e+00 8.68e-06  1e-07  5e-07 1:04.7
termination on tolfun=1e-11 (Fri Nov 27 15:28:55 2020)
final/bestever f-value = 1.579546e-01 1.579546e-01
incumbent solution: [1.5629408357281092, -2.7801093224881024, -0.6113448086227091, -2.3339826865187088, 4.315226481974085]
std deviation: [1.3367439063835047e-07, 4.637042443191102e-07, 1.0769787528683467e-07, 2.0138153146397277e-07, 5.328553524072306e-07]
cma
(4_w,8)-aCMA-ES (mu_w=2.6,w_1=52%) in dimension 5 (seed=599859, Fri Nov 27 15:28:55 2020)
Iterat #Fevals   function value  axis ratio  sigma  min&max std  t[m:s]
    1      8 9.265217944951851e-01 1.0e+00 8.95e-01  9e-01  9e-01 0:00.4
    2     16 3.409980895730709e-01 1.2e+00 9.10e-01  8e-01  1e+00 0:00.9
    3     24 3.375742664599425e-01 1.5e+00 8.53e-01  8e-01  9e-01 0:01.3
   10     80 3.500983544744006e-01 2.0e+00 4.89e-01  3e-01  5e-01 0:04.3
   20    160 2.979198842350583e-01 3.7e+00 1.72e-01  8e-02  2e-01 0:08.7
   32    256 2.938598005750034e-01 6.3e+00 7.82e-02  3e-02  6e-02 0:13.9
   46    368 2.931248671730772e-01 7.8e+00 1.71e-02  6e-03  1e-02 0:19.9
   63    504 2.931084446337085e-01 1.6e+01 3.65e-03  8e-04  3e-03 0:27.3
   82    656 2.931064867231015e-01 3.8e+01 1.28e-02  2e-03  1e-02 0:35.5
  100    800 2.930995204465612e-01 5.1e+01 2.62e-02  3e-03  2e-02 0:43.3
  124    992 2.930886924067878e-01 5.7e+01 2.73e-02  3e-03  1e-02 0:53.7
  150   1200 2.930462300158049e-01 3.9e+01 1.11e-01  1e-02  2e-02 1:05.0
  178   1424 2.289953073557379e-01 2.1e+01 4.75e+00  2e-01  4e-01 1:17.1
  200   1600 1.583434786692789e-01 8.8e+00 3.26e+00  5e-02  1e-01 1:26.7
  233   1864 1.579570900951026e-01 8.0e+00 3.34e-01  2e-03  7e-03 1:41.1
  268   2144 1.579546244587263e-01 1.2e+01 9.34e-03  2e-05  7e-05 1:56.3
  300   2400 1.579546243321505e-01 8.2e+00 6.15e-04  5e-07  2e-06 2:10.2
  311   2488 1.579546243319679e-01 1.0e+01 2.03e-04  1e-07  6e-07 2:15.0
termination on tolfun=1e-11 (Fri Nov 27 15:31:10 2020)
final/bestever f-value = 1.579546e-01 1.579546e-01
incumbent solution: [1.5786518404567473, 2.780109036873206, 3.752937470013806, 0.8076098673946053, 4.315226544871242]
std deviation: [1.6910730429700384e-07, 5.023463846630338e-07, 1.0647907646669032e-07, 2.0267806876610416e-07, 6.146270164519825e-07]
cma
(5_w,10)-aCMA-ES (mu_w=3.2,w_1=45%) in dimension 8 (seed=556491, Fri Nov 27 15:31:11 2020)
Iterat #Fevals   function value  axis ratio  sigma  min&max std  t[m:s]
    1     10 9.617206380546323e-01 1.0e+00 9.75e-01  9e-01  1e+00 0:00.6
    2     20 1.095424458684405e+00 1.2e+00 9.26e-01  9e-01  1e+00 0:01.3
    3     30 8.345615825616469e-01 1.3e+00 1.09e+00  1e+00  1e+00 0:01.9
    8     80 4.654882902263496e-01 1.7e+00 1.01e+00  9e-01  1e+00 0:05.0
   15    150 4.853593581084498e-01 2.0e+00 7.99e-01  6e-01  9e-01 0:09.4
   24    240 3.049211576910839e-01 3.0e+00 4.73e-01  3e-01  6e-01 0:15.0
   34    340 1.718894497235827e-01 3.2e+00 3.48e-01  2e-01  4e-01 0:21.2
   46    460 1.651194384875219e-01 4.3e+00 1.55e-01  7e-02  2e-01 0:28.8
   59    590 1.583857364631437e-01 7.8e+00 1.67e-01  7e-02  2e-01 0:36.9
   74    740 1.525134387509033e-01 1.3e+01 1.12e-01  4e-02  1e-01 0:46.3
   91    910 1.193807039627892e-01 1.3e+01 2.02e-01  8e-02  2e-01 0:56.9
  100   1000 1.119209673552877e-01 1.1e+01 1.68e-01  6e-02  1e-01 1:02.5
  120   1200 9.799346160520730e-02 8.2e+00 1.65e-01  5e-02  1e-01 1:15.0
  141   1410 8.885617433044264e-02 1.0e+01 2.29e-01  5e-02  2e-01 1:28.1
  164   1640 8.490622484343165e-02 6.9e+00 6.29e-02  1e-02  3e-02 1:42.4
  188   1880 8.482921038886296e-02 9.8e+00 1.07e-02  1e-03  3e-03 1:57.4
  200   2000 8.482706944792757e-02 1.0e+01 5.83e-03  6e-04  2e-03 2:04.9
  228   2280 8.482674955079607e-02 1.0e+01 4.47e-04  3e-05  1e-04 2:22.5
  257   2570 8.482674866636307e-02 1.1e+01 2.97e-05  1e-06  5e-06 2:40.6
  285   2850 8.482674866532885e-02 1.1e+01 2.64e-06  7e-08  3e-07 2:58.0
termination on tolfun=1e-11 (Fri Nov 27 15:34:09 2020)
final/bestever f-value = 8.482675e-02 8.482675e-02
incumbent solution: [-0.355788752941644, 1.9220894772747208, 1.8181982131166512, 1.181386266199454, -2.3064987528326912, -1.6934730240196447, -0.42165764503611725, -0.5308383891271103]
std deviation: [1.0789558121603041e-07, 2.1938560972428608e-07, 6.739877397246674e-08, 6.919395274053172e-08, 2.7196991464853075e-07, 9.974795998982793e-08, 1.104840538829777e-07, 1.8923516747377754e-07]
cma
(5_w,10)-aCMA-ES (mu_w=3.2,w_1=45%) in dimension 8 (seed=515992, Fri Nov 27 15:34:10 2020)
Iterat #Fevals   function value  axis ratio  sigma  min&max std  t[m:s]
    1     10 9.796137160812892e-01 1.0e+00 8.73e-01  8e-01  9e-01 0:00.6
    2     20 7.269855925880241e-01 1.2e+00 8.52e-01  8e-01  9e-01 0:01.3
    3     30 5.773361835318745e-01 1.3e+00 9.39e-01  8e-01  1e+00 0:01.9
    8     80 4.736815724204280e-01 1.9e+00 8.95e-01  7e-01  1e+00 0:05.0
   15    150 6.599821680667458e-01 2.4e+00 1.05e+00  8e-01  1e+00 0:09.4
   23    230 3.494714329648299e-01 2.4e+00 8.21e-01  6e-01  9e-01 0:14.4
   33    330 1.672723682854830e-01 3.0e+00 5.79e-01  4e-01  6e-01 0:20.7
   45    450 1.696304485758847e-01 4.1e+00 2.16e-01  1e-01  2e-01 0:28.2
   58    580 1.571041432883344e-01 4.7e+00 1.01e-01  5e-02  9e-02 0:36.4
   73    730 1.334450687928377e-01 6.2e+00 1.81e-01  7e-02  2e-01 0:45.8
   89    890 9.719810212922587e-02 1.2e+01 2.30e-01  7e-02  2e-01 0:55.8
  100   1000 9.658759583350042e-02 1.7e+01 1.83e-01  5e-02  2e-01 1:02.7
  120   1200 9.204615078659086e-02 1.6e+01 4.90e-02  8e-03  4e-02 1:15.2
  141   1410 9.190666354253837e-02 2.6e+01 1.71e-02  2e-03  2e-02 1:28.3
  164   1640 9.184467936289019e-02 4.1e+01 2.46e-02  2e-03  3e-02 1:42.6
  188   1880 9.180258095885706e-02 3.5e+01 1.24e-02  9e-04  1e-02 1:57.8
  200   2000 9.179553289340987e-02 4.1e+01 1.47e-02  9e-04  1e-02 2:05.3
  227   2270 9.178006583799873e-02 4.4e+01 1.76e-02  8e-04  1e-02 2:22.4
  256   2560 9.177166721163849e-02 5.0e+01 1.49e-02  5e-04  9e-03 2:40.6
  287   2870 9.176072734708828e-02 5.0e+01 2.41e-02  8e-04  1e-02 3:00.2
  300   3000 9.175640208453334e-02 5.6e+01 2.70e-02  7e-04  1e-02 3:08.4
  334   3340 9.174840505337883e-02 7.5e+01 3.87e-02  6e-04  2e-02 3:29.8
  369   3690 9.174101096567634e-02 7.2e+01 2.08e-02  3e-04  8e-03 3:51.9
  400   4000 9.173672668979066e-02 7.6e+01 2.54e-02  2e-04  9e-03 4:11.4
  439   4390 9.173195482123653e-02 6.9e+01 5.13e-02  4e-04  2e-02 4:36.0
  479   4790 9.172635759491542e-02 7.6e+01 7.86e-02  4e-04  2e-02 5:01.2
  500   5000 9.172368933785677e-02 7.3e+01 7.46e-02  4e-04  1e-02 5:14.4
  543   5430 9.171819717473495e-02 9.8e+01 1.37e-01  4e-04  2e-02 5:41.5
  588   5880 9.171143721112575e-02 9.2e+01 1.90e-01  4e-04  2e-02 6:09.9
  600   6000 9.171078747860774e-02 9.7e+01 1.48e-01  3e-04  1e-02 6:17.4
  648   6480 9.170283170540296e-02 8.1e+01 3.15e-01  5e-04  1e-02 6:47.7
  698   6980 9.169379326522696e-02 5.8e+01 1.06e+00  9e-04  2e-02 7:19.2
  700   7000 9.169356808057892e-02 6.1e+01 1.06e+00  9e-04  2e-02 7:20.5
  753   7530 9.168717660124981e-02 7.7e+01 6.06e-01  3e-04  7e-03 7:53.8
  800   8000 9.167884735391706e-02 4.9e+01 1.02e+00  3e-04  5e-03 8:23.4
  856   8560 9.166893069154020e-02 7.7e+01 1.67e+00  3e-04  9e-03 8:58.6
  900   9000 9.166592220810126e-02 1.2e+02 1.35e+00  1e-04  6e-03 9:26.4
  959   9590 9.166588850348667e-02 1.5e+02 1.33e-02  6e-07  3e-05 10:03.5
  981   9810 9.166588850248032e-02 1.3e+02 3.27e-03  1e-07  5e-06 10:17.4
termination on tolfun=1e-11 (Fri Nov 27 15:44:28 2020)
final/bestever f-value = 9.166589e-02 9.166589e-02
incumbent solution: [0.9517914215603877, -0.2026657360694803, 2.734201001320043, 8.768285724822084, -4.459793556472409, -2.497856780915782, 6.848307147126654, -2.4876875647141197]
std deviation: [4.73469618189075e-06, 2.0197804954264372e-06, 1.383935638547989e-06, 5.194235773711157e-06, 2.32603315763487e-06, 1.0877598305903862e-07, 2.0238493219219843e-07, 3.551547366780534e-07]
cma
(5_w,11)-aCMA-ES (mu_w=3.4,w_1=42%) in dimension 11 (seed=556373, Fri Nov 27 15:44:29 2020)
Iterat #Fevals   function value  axis ratio  sigma  min&max std  t[m:s]
    1     11 7.914017765944786e-01 1.0e+00 9.13e-01  9e-01  9e-01 0:00.8
    2     22 2.703617418416173e-01 1.1e+00 9.27e-01  9e-01  1e+00 0:01.6
    3     33 5.784868532205529e-01 1.2e+00 9.19e-01  9e-01  1e+00 0:02.3
    7     77 4.155537918010729e-01 1.5e+00 8.08e-01  8e-01  9e-01 0:05.4
   13    143 5.074086449504126e-01 1.7e+00 8.73e-01  8e-01  9e-01 0:10.1
   20    220 3.745383415494669e-01 2.1e+00 7.52e-01  6e-01  8e-01 0:15.5
   28    308 6.304588109256875e-01 2.2e+00 8.64e-01  7e-01  1e+00 0:21.8
   37    407 7.666018188949577e-01 2.6e+00 1.15e+00  9e-01  1e+00 0:28.8
   48    528 6.863328053662863e-01 2.7e+00 9.37e-01  7e-01  1e+00 0:37.3
   60    660 3.238043171750210e-01 3.4e+00 7.04e-01  5e-01  9e-01 0:46.6
   73    803 1.680117974445376e-01 3.5e+00 4.74e-01  3e-01  5e-01 0:56.6
   88    968 1.258661380593158e-01 4.8e+00 2.36e-01  1e-01  3e-01 1:08.2
  100   1100 1.014166361730253e-01 6.2e+00 1.37e-01  7e-02  1e-01 1:17.5
  117   1287 9.481491614975067e-02 7.3e+00 8.37e-02  4e-02  9e-02 1:30.6
  136   1496 8.808515834297813e-02 8.9e+00 5.00e-02  2e-02  5e-02 1:45.3
  156   1716 8.578177776412116e-02 1.2e+01 3.48e-02  2e-02  3e-02 2:00.7
  177   1947 8.505840024744468e-02 1.3e+01 1.56e-02  6e-03  1e-02 2:16.9
  200   2200 8.485505947349019e-02 2.1e+01 1.62e-02  5e-03  2e-02 2:34.7
  224   2464 8.480995657798254e-02 2.8e+01 1.10e-02  3e-03  1e-02 2:53.2
  249   2739 8.476920846860982e-02 4.9e+01 1.56e-02  4e-03  3e-02 3:12.5
  275   3025 8.473457973164418e-02 5.5e+01 1.53e-02  4e-03  2e-02 3:32.5
  300   3300 8.469635419553480e-02 4.4e+01 1.34e-02  3e-03  2e-02 3:51.8
  329   3619 8.466622471507994e-02 4.0e+01 1.74e-02  3e-03  2e-02 4:14.1
  359   3949 8.462233264745868e-02 4.7e+01 2.85e-02  4e-03  3e-02 4:37.3
  391   4301 8.458137876200796e-02 4.2e+01 1.59e-02  2e-03  1e-02 5:02.0
  400   4400 8.457375155303674e-02 4.4e+01 1.15e-02  1e-03  9e-03 5:08.9
  434   4774 8.453983708929820e-02 7.5e+01 2.47e-02  3e-03  2e-02 5:35.1
  470   5170 8.450521932141579e-02 6.8e+01 2.88e-02  3e-03  2e-02 6:02.9
  500   5500 8.447817716432833e-02 6.4e+01 2.56e-02  2e-03  2e-02 6:26.0
  538   5918 8.445172078769420e-02 8.8e+01 2.99e-02  2e-03  3e-02 6:55.3
  577   6347 8.440252732192242e-02 7.3e+01 3.56e-02  2e-03  3e-02 7:25.3
  600   6600 8.435915779894052e-02 5.9e+01 6.41e-02  4e-03  3e-02 7:43.0
  642   7062 8.426570932992680e-02 5.5e+01 1.32e-01  6e-03  5e-02 8:15.8
  685   7535 8.398966910587000e-02 3.5e+01 8.98e-02  3e-03  2e-02 8:49.4
  700   7700 8.384885623929718e-02 3.3e+01 2.77e-01  9e-03  5e-02 9:01.2
  745   8195 8.298083868428531e-02 2.6e+01 6.54e-01  2e-02  8e-02 9:36.4
  792   8712 5.734778463195864e-02 4.1e+01 2.61e+00  3e-02  4e-01 10:13.2
  800   8800 4.561486350557330e-02 3.7e+01 2.18e+00  3e-02  3e-01 10:19.4
  849   9339 3.094528245039108e-02 1.1e+01 2.04e+00  2e-02  9e-02 10:57.8
  899   9889 2.904191564992838e-02 1.4e+01 2.11e-01  2e-03  7e-03 11:36.9
  900   9900 2.904368189072979e-02 1.4e+01 1.92e-01  2e-03  6e-03 11:37.7
  953  10483 2.903744551647481e-02 1.4e+01 1.02e-02  6e-05  2e-04 12:19.2
 1000  11000 2.903743176099352e-02 1.9e+01 1.41e-03  6e-06  3e-05 12:56.0
Iterat #Fevals   function value  axis ratio  sigma  min&max std  t[m:s]
 1053  11583 2.903743169612880e-02 2.0e+01 3.86e-05  1e-07  5e-07 13:37.5
termination on tolfun=1e-11 (Fri Nov 27 15:58:08 2020)
final/bestever f-value = 2.903743e-02 2.903743e-02
incumbent solution: [ 2.56756194  5.60576404  0.71620823  0.33381968 -3.18340917  4.58891192
  1.04291167 -2.4675483  ...]
std deviations: [1.64805693e-07 4.35594984e-07 1.93509477e-07 2.08564938e-07
 5.37694624e-07 1.23926493e-07 1.09516684e-07 3.70955490e-07 ...]
cma
(5_w,11)-aCMA-ES (mu_w=3.4,w_1=42%) in dimension 11 (seed=591014, Fri Nov 27 15:58:08 2020)
Iterat #Fevals   function value  axis ratio  sigma  min&max std  t[m:s]
    1     11 4.587051086531130e-01 1.0e+00 9.40e-01  9e-01  1e+00 0:00.8
    2     22 6.826777355463771e-01 1.2e+00 8.82e-01  9e-01  9e-01 0:01.6
    3     33 5.138704350188587e-01 1.2e+00 8.60e-01  8e-01  9e-01 0:02.3
    7     77 5.101480395826327e-01 1.6e+00 7.16e-01  6e-01  8e-01 0:05.5
   13    143 3.799562841823207e-01 1.8e+00 6.51e-01  6e-01  7e-01 0:10.2
   20    220 4.213760865774442e-01 2.4e+00 4.12e-01  3e-01  4e-01 0:15.6
   28    308 1.956208559986014e-01 2.8e+00 2.99e-01  2e-01  3e-01 0:21.9
   37    407 2.074871859929985e-01 3.0e+00 2.54e-01  2e-01  3e-01 0:28.9
   48    528 1.557417041387966e-01 3.6e+00 1.60e-01  1e-01  2e-01 0:37.5
   60    660 1.282457877392922e-01 5.2e+00 1.19e-01  7e-02  1e-01 0:46.9
   73    803 1.007983128609372e-01 8.6e+00 1.53e-01  8e-02  2e-01 0:57.1
   88    968 9.293132337811100e-02 9.9e+00 8.54e-02  4e-02  1e-01 1:08.8
  100   1100 8.814555789615867e-02 1.0e+01 5.05e-02  2e-02  6e-02 1:18.2
  117   1287 8.402911679541032e-02 1.1e+01 4.47e-02  2e-02  5e-02 1:31.5
  135   1485 8.242371830524356e-02 1.6e+01 4.57e-02  1e-02  6e-02 1:45.6
  155   1705 8.195902006073318e-02 2.0e+01 2.04e-02  5e-03  3e-02 2:01.3
  176   1936 8.175499629485714e-02 2.5e+01 1.93e-02  4e-03  3e-02 2:17.7
  198   2178 8.151096303333828e-02 2.9e+01 2.39e-02  4e-03  3e-02 2:34.9
  200   2200 8.149818855290121e-02 3.1e+01 2.97e-02  5e-03  4e-02 2:36.5
  225   2475 8.141368598577935e-02 4.1e+01 1.07e-02  1e-03  2e-02 2:56.1
  251   2761 8.139549754114099e-02 4.5e+01 6.69e-03  7e-04  8e-03 3:16.4
  278   3058 8.139337204656207e-02 4.5e+01 1.62e-03  2e-04  1e-03 3:37.6
  300   3300 8.139325884273166e-02 5.9e+01 7.63e-04  6e-05  7e-04 3:54.8
  330   3630 8.139324666386694e-02 6.2e+01 1.31e-04  8e-06  1e-04 4:18.3
  361   3971 8.139324649835872e-02 6.8e+01 1.41e-05  6e-07  9e-06 4:42.7
  386   4246 8.139324649700011e-02 7.1e+01 3.79e-06  1e-07  2e-06 5:02.3
termination on tolfun=1e-11 (Fri Nov 27 16:03:11 2020)
final/bestever f-value = 8.139325e-02 8.139325e-02
incumbent solution: [ 2.63719734  0.46561539  1.16005573 -1.22312429  3.85559341  0.72075557
  1.18996445 -2.87308596 ...]
std deviations: [7.05718936e-07 1.00810030e-06 2.08962691e-06 1.52412139e-06
 1.74846866e-06 1.33912639e-07 1.32981272e-06 1.80154354e-06 ...]
cma
(5_w,11)-aCMA-ES (mu_w=3.4,w_1=42%) in dimension 14 (seed=581260, Fri Nov 27 16:03:12 2020)
Iterat #Fevals   function value  axis ratio  sigma  min&max std  t[m:s]
    1     11 2.067210003949393e-01 1.0e+00 9.38e-01  9e-01  1e+00 0:00.9
    2     22 2.350268229230633e-01 1.1e+00 8.87e-01  9e-01  9e-01 0:01.7
    3     33 4.610687330246150e-01 1.2e+00 8.52e-01  8e-01  9e-01 0:02.6
    7     77 4.705697647776984e-01 1.4e+00 8.53e-01  8e-01  9e-01 0:06.1
   12    132 6.184394778734172e-01 1.6e+00 8.29e-01  8e-01  8e-01 0:10.4
   18    198 4.933685022485133e-01 1.8e+00 6.47e-01  6e-01  7e-01 0:15.6
   25    275 2.865376803354049e-01 2.0e+00 7.25e-01  6e-01  8e-01 0:21.7
   34    374 2.647453508651572e-01 2.3e+00 5.52e-01  5e-01  6e-01 0:29.5
   44    484 2.759890042839163e-01 2.6e+00 4.53e-01  4e-01  5e-01 0:38.2
   55    605 2.150151358200193e-01 3.2e+00 3.47e-01  3e-01  4e-01 0:47.7
   67    737 1.683377426829738e-01 3.6e+00 2.15e-01  1e-01  3e-01 0:58.1
   80    880 8.551436363544382e-02 4.1e+00 1.84e-01  1e-01  2e-01 1:09.3
   94   1034 7.359774629495607e-02 3.9e+00 1.24e-01  8e-02  1e-01 1:21.5
  100   1100 6.779692065372632e-02 3.9e+00 8.46e-02  5e-02  1e-01 1:26.7
  117   1287 5.892131959146509e-02 4.1e+00 5.01e-02  3e-02  5e-02 1:41.4
  135   1485 5.492987860149922e-02 5.3e+00 4.44e-02  2e-02  5e-02 1:57.0
  154   1694 5.200483130210977e-02 7.2e+00 3.31e-02  1e-02  4e-02 2:13.5
  174   1914 4.744839042229494e-02 1.1e+01 5.61e-02  2e-02  9e-02 2:30.8
  195   2145 4.291244045477945e-02 1.1e+01 6.63e-02  2e-02  1e-01 2:48.9
  200   2200 3.865727709144921e-02 1.1e+01 5.69e-02  2e-02  8e-02 2:53.3
  224   2464 3.595969161899074e-02 1.2e+01 3.31e-02  1e-02  4e-02 3:14.0
  249   2739 3.517760190005332e-02 1.2e+01 1.13e-02  3e-03  1e-02 3:35.7
  275   3025 3.494622757280216e-02 1.3e+01 1.46e-02  3e-03  1e-02 3:58.2
  300   3300 2.770061126768730e-02 1.7e+01 6.93e-02  2e-02  8e-02 4:19.9
  328   3608 2.104590499330999e-02 1.2e+01 5.21e-02  1e-02  5e-02 4:44.1
  357   3927 1.910962912838569e-02 1.2e+01 2.27e-02  4e-03  2e-02 5:09.2
  388   4268 1.856645638883640e-02 1.6e+01 3.21e-02  5e-03  4e-02 5:36.1
  400   4400 1.842155122363099e-02 1.6e+01 2.15e-02  3e-03  3e-02 5:46.5
  433   4763 1.770087288703376e-02 2.1e+01 4.58e-02  6e-03  6e-02 6:15.0
  467   5137 1.657486871649843e-02 2.1e+01 3.06e-02  3e-03  3e-02 6:44.5
  500   5500 1.583357190687914e-02 2.2e+01 3.75e-02  4e-03  4e-02 7:13.0
  536   5896 1.509023835782411e-02 2.4e+01 3.72e-02  3e-03  3e-02 7:44.2
  573   6303 1.451050221958551e-02 2.3e+01 4.53e-02  4e-03  4e-02 8:16.2
  600   6600 1.407321153399562e-02 2.6e+01 3.34e-02  3e-03  3e-02 8:39.6
  640   7040 1.369654761779989e-02 3.9e+01 3.88e-02  3e-03  4e-02 9:14.2
  681   7491 1.356048250185444e-02 3.9e+01 1.42e-02  1e-03  1e-02 9:49.7
  700   7700 1.355313614730521e-02 4.1e+01 5.56e-03  4e-04  5e-03 10:06.2
  743   8173 1.355198328645511e-02 4.1e+01 7.51e-04  4e-05  5e-04 10:43.4
  787   8657 1.355196436940494e-02 4.4e+01 7.30e-05  4e-06  5e-05 11:21.6
  800   8800 1.355196432303523e-02 4.5e+01 2.90e-05  1e-06  2e-05 11:32.9
  847   9317 1.355196431371030e-02 4.3e+01 3.30e-06  1e-07  2e-06 12:13.6
termination on tolfun=1e-11 (Fri Nov 27 16:15:27 2020)
final/bestever f-value = 1.355196e-02 1.355196e-02
incumbent solution: [-0.48319963 -3.09642347  1.54759209 -2.89683316 -5.71996168  2.67160875
  6.61959575 -3.19731085 ...]
std deviations: [1.30378379e-07 4.76593375e-07 3.97229150e-07 4.15699160e-07
 1.53937439e-06 2.91759272e-07 3.59559633e-07 1.54419842e-06 ...]
cma
(5_w,11)-aCMA-ES (mu_w=3.4,w_1=42%) in dimension 14 (seed=643155, Fri Nov 27 16:15:27 2020)
Iterat #Fevals   function value  axis ratio  sigma  min&max std  t[m:s]
    1     11 3.386239315935870e-01 1.0e+00 9.20e-01  9e-01  9e-01 0:00.9
    2     22 5.665218834281985e-01 1.1e+00 8.85e-01  9e-01  9e-01 0:01.7
    3     33 3.543528665773862e-01 1.2e+00 8.31e-01  8e-01  8e-01 0:02.6
    7     77 6.240842783694415e-01 1.4e+00 8.65e-01  8e-01  9e-01 0:06.1
   12    132 4.777044386950329e-01 1.9e+00 1.09e+00  1e+00  1e+00 0:10.4
   18    198 4.244201685022227e-01 2.0e+00 1.08e+00  1e+00  1e+00 0:15.6
   25    275 7.087205494353477e-01 2.0e+00 8.71e-01  8e-01  9e-01 0:21.7
   34    374 3.051872219780529e-01 2.3e+00 5.99e-01  5e-01  7e-01 0:29.5
   44    484 2.186125071308899e-01 2.1e+00 4.23e-01  3e-01  4e-01 0:38.2
   55    605 2.778212651854511e-01 2.3e+00 3.20e-01  3e-01  3e-01 0:47.7
   67    737 1.061371576880972e-01 2.4e+00 1.40e-01  1e-01  1e-01 0:58.1
   80    880 8.803568865135900e-02 2.8e+00 8.36e-02  6e-02  9e-02 1:09.4
   94   1034 9.040195417150677e-02 3.4e+00 6.78e-02  5e-02  7e-02 1:21.5
  100   1100 8.718205146538174e-02 3.8e+00 6.23e-02  4e-02  7e-02 1:26.8
  117   1287 8.488592190857308e-02 4.4e+00 2.94e-02  2e-02  3e-02 1:41.5
  135   1485 8.447559096644459e-02 5.8e+00 1.19e-02  8e-03  1e-02 1:57.1
  154   1694 8.432691330228002e-02 8.8e+00 1.33e-02  8e-03  1e-02 2:13.5
  174   1914 8.421364199970233e-02 1.5e+01 3.04e-02  2e-02  5e-02 2:30.8
  195   2145 8.253120121246614e-02 1.7e+01 4.06e-02  2e-02  8e-02 2:49.0
  200   2200 8.164084577148575e-02 1.8e+01 4.67e-02  2e-02  9e-02 2:53.3
  224   2464 7.453413891822169e-02 2.3e+01 6.69e-02  3e-02  1e-01 3:14.0
  249   2739 6.544260273540108e-02 2.2e+01 7.59e-02  3e-02  1e-01 3:35.6
  275   3025 5.409953758286259e-02 2.1e+01 1.32e-01  5e-02  2e-01 3:58.2
  300   3300 4.365728627859423e-02 1.8e+01 8.17e-02  3e-02  1e-01 4:19.8
  328   3608 4.096470390000081e-02 1.5e+01 3.59e-02  1e-02  4e-02 4:44.0
  357   3927 4.024449760250712e-02 1.4e+01 1.83e-02  4e-03  2e-02 5:09.1
  388   4268 3.994725029725352e-02 2.1e+01 1.46e-02  3e-03  2e-02 5:36.0
  400   4400 3.985774807596455e-02 2.5e+01 1.99e-02  4e-03  3e-02 5:46.3
  433   4763 3.959194705255097e-02 2.9e+01 2.34e-02  3e-03  3e-02 6:14.9
  467   5137 3.939954538435241e-02 3.6e+01 1.60e-02  2e-03  3e-02 6:44.3
  500   5500 3.917719764480241e-02 3.3e+01 2.69e-02  3e-03  4e-02 7:12.9
  536   5896 3.893539352588424e-02 2.9e+01 1.86e-02  2e-03  2e-02 7:44.1
  573   6303 3.860629329792480e-02 2.4e+01 4.49e-02  4e-03  4e-02 8:16.1
  600   6600 3.834383779448545e-02 2.3e+01 4.11e-02  4e-03  3e-02 8:39.5
  640   7040 3.799676104215430e-02 2.8e+01 3.94e-02  3e-03  2e-02 9:14.2
  681   7491 3.774679325691844e-02 2.6e+01 2.61e-02  2e-03  1e-02 9:50.0
  700   7700 3.771593658108002e-02 2.4e+01 1.55e-02  9e-04  7e-03 10:06.6
  743   8173 3.756616671774498e-02 2.9e+01 3.37e-02  2e-03  2e-02 10:44.3
  787   8657 3.750249697293775e-02 3.3e+01 1.93e-02  9e-04  9e-03 11:22.8
  800   8800 3.749209929041546e-02 3.5e+01 2.53e-02  1e-03  1e-02 11:34.2
  846   9306 3.740000800595067e-02 4.6e+01 7.03e-02  3e-03  4e-02 12:14.5
  893   9823 3.712569246096568e-02 3.8e+01 6.09e-02  2e-03  2e-02 12:55.7
  900   9900 3.709034443249173e-02 3.8e+01 5.09e-02  2e-03  2e-02 13:01.8
  950  10450 3.667803483206979e-02 5.0e+01 1.05e-01  3e-03  4e-02 13:45.6
 1000  11000 3.588328638414600e-02 4.8e+01 2.08e-01  6e-03  9e-02 14:29.5
Iterat #Fevals   function value  axis ratio  sigma  min&max std  t[m:s]
 1052  11572 3.539204313476603e-02 4.1e+01 8.14e-02  2e-03  2e-02 15:15.0
 1100  12100 3.510172054170289e-02 5.1e+01 1.09e-01  3e-03  3e-02 15:57.0
 1154  12694 3.505346423991117e-02 4.3e+01 2.39e-02  6e-04  5e-03 16:44.3
 1200  13200 3.505307129417899e-02 3.9e+01 2.34e-03  5e-05  3e-04 17:24.5
 1256  13816 3.505306655129289e-02 4.2e+01 1.52e-04  3e-06  2e-05 18:13.6
 1300  14300 3.505306654190460e-02 4.2e+01 1.17e-05  2e-07  1e-06 18:52.2
 1302  14322 3.505306654189001e-02 4.1e+01 1.01e-05  1e-07  9e-07 18:53.9
termination on tolfun=1e-11 (Fri Nov 27 16:34:23 2020)
final/bestever f-value = 3.505307e-02 3.505307e-02
incumbent solution: [-5.08315831 -0.78252973  5.07312225  2.21697029 -3.71151104 -2.47806277
 -1.22640608  3.55096877 ...]
std deviations: [1.43594436e-07 4.93733621e-07 1.80923207e-07 5.37244867e-07
 4.24675705e-07 2.83788570e-07 4.18433199e-07 8.45343313e-07 ...]
cma
(6_w,12)-aCMA-ES (mu_w=3.7,w_1=40%) in dimension 17 (seed=660493, Fri Nov 27 16:34:23 2020)
Iterat #Fevals   function value  axis ratio  sigma  min&max std  t[m:s]
    1     12 7.303255678742357e-01 1.0e+00 9.46e-01  9e-01  1e+00 0:01.0
    2     24 2.636942943502152e-01 1.1e+00 9.44e-01  9e-01  1e+00 0:02.1
    3     36 1.093850541344637e+00 1.2e+00 9.14e-01  9e-01  9e-01 0:03.1
    6     72 5.146847397491490e-01 1.2e+00 8.29e-01  8e-01  8e-01 0:06.2
   10    120 3.691622155099786e-01 1.3e+00 7.37e-01  7e-01  7e-01 0:10.4
   15    180 5.772056622692225e-01 1.5e+00 8.62e-01  8e-01  9e-01 0:15.6
   21    252 9.611885286668710e-01 1.7e+00 8.15e-01  8e-01  9e-01 0:21.9
   28    336 6.595919693559744e-01 1.8e+00 6.57e-01  6e-01  7e-01 0:29.1
   36    432 4.070396331324805e-01 1.9e+00 7.35e-01  7e-01  8e-01 0:37.5
   45    540 4.534567986455975e-01 2.0e+00 4.93e-01  4e-01  5e-01 0:46.8
   55    660 2.839961529447582e-01 2.0e+00 3.57e-01  3e-01  4e-01 0:57.2
   66    792 1.695763382623949e-01 2.2e+00 3.16e-01  3e-01  3e-01 1:08.7
   78    936 1.229554621468865e-01 2.5e+00 2.01e-01  2e-01  2e-01 1:21.2
   91   1092 1.025010951184665e-01 2.9e+00 1.47e-01  1e-01  2e-01 1:34.7
  100   1200 7.366857966231702e-02 3.3e+00 9.95e-02  7e-02  1e-01 1:44.1
  115   1380 5.558307806253857e-02 3.8e+00 7.65e-02  5e-02  9e-02 1:59.7
  131   1572 4.443273548439809e-02 4.9e+00 5.18e-02  4e-02  7e-02 2:16.4
  148   1776 3.711619116183260e-02 5.6e+00 4.08e-02  3e-02  5e-02 2:34.1
  166   1992 3.567154077758122e-02 6.7e+00 3.41e-02  2e-02  5e-02 2:52.8
  185   2220 3.451061353159651e-02 7.7e+00 2.68e-02  2e-02  4e-02 3:12.6
  200   2400 3.404557178070785e-02 8.0e+00 1.99e-02  1e-02  3e-02 3:28.2
  221   2652 3.343296985049396e-02 9.3e+00 1.21e-02  6e-03  1e-02 3:50.1
  243   2916 3.276915833553065e-02 1.4e+01 1.81e-02  9e-03  3e-02 4:13.0
  266   3192 3.170444778164043e-02 2.1e+01 2.62e-02  1e-02  6e-02 4:37.0
  290   3480 3.103480142332044e-02 2.3e+01 1.47e-02  7e-03  3e-02 5:01.9
  300   3600 3.078217886410816e-02 2.3e+01 1.56e-02  7e-03  3e-02 5:12.4
  325   3900 3.051134562584517e-02 2.3e+01 1.80e-02  7e-03  4e-02 5:38.4
  351   4212 3.041560281194779e-02 2.5e+01 1.01e-02  4e-03  2e-02 6:05.5
  378   4536 3.037318563189803e-02 3.0e+01 5.30e-03  2e-03  1e-02 6:33.5
  400   4800 3.028841702465039e-02 4.5e+01 1.15e-02  4e-03  4e-02 6:56.4
  429   5148 2.742257290055375e-02 6.6e+01 5.16e-02  1e-02  2e-01 7:26.6
  459   5508 2.329513503362290e-02 5.4e+01 4.75e-02  1e-02  2e-01 7:57.8
  490   5880 2.158236157538480e-02 3.9e+01 3.64e-02  9e-03  8e-02 8:30.1
  500   6000 2.138298642315358e-02 3.5e+01 2.89e-02  7e-03  6e-02 8:40.5
  533   6396 2.081133307255865e-02 2.8e+01 1.43e-02  3e-03  2e-02 9:14.8
  567   6804 2.065224834384979e-02 2.5e+01 1.06e-02  2e-03  1e-02 9:50.2
  600   7200 2.055848633610344e-02 2.1e+01 1.44e-02  3e-03  1e-02 10:24.7
  636   7632 2.044114201857132e-02 2.2e+01 1.13e-02  2e-03  1e-02 11:02.3
  673   8076 2.033231880699399e-02 2.9e+01 1.70e-02  3e-03  2e-02 11:41.0
  700   8400 2.029530715159674e-02 2.6e+01 1.18e-02  2e-03  1e-02 12:09.2
  739   8868 2.017834854641461e-02 2.5e+01 2.10e-02  3e-03  2e-02 12:49.9
  779   9348 2.008404286072339e-02 4.3e+01 1.31e-02  3e-03  1e-02 13:31.7
  800   9600 2.007871831149813e-02 4.3e+01 8.58e-03  2e-03  9e-03 13:53.6
  842  10104 2.006436601869158e-02 4.6e+01 7.54e-03  2e-03  7e-03 14:37.5
  885  10620 2.003819850040563e-02 4.6e+01 1.06e-02  2e-03  1e-02 15:22.4
  900  10800 2.002530655459443e-02 5.4e+01 1.58e-02  3e-03  2e-02 15:38.1
  945  11340 1.999262814580866e-02 6.8e+01 1.30e-02  2e-03  2e-02 16:25.1
  990  11880 1.997945475642875e-02 7.5e+01 1.13e-02  2e-03  1e-02 17:12.1
 1000  12000 1.997564751637227e-02 7.5e+01 1.24e-02  2e-03  1e-02 17:22.6
Iterat #Fevals   function value  axis ratio  sigma  min&max std  t[m:s]
 1047  12564 1.995822702033407e-02 6.8e+01 1.61e-02  2e-03  1e-02 18:11.7
 1095  13140 1.994622082135236e-02 7.8e+01 1.19e-02  1e-03  9e-03 19:01.8
 1100  13200 1.994514650427180e-02 7.9e+01 1.12e-02  1e-03  9e-03 19:07.0
 1150  13800 1.993780128914881e-02 8.4e+01 1.32e-02  1e-03  1e-02 19:59.3
 1200  14400 1.992987533287263e-02 9.8e+01 1.20e-02  1e-03  1e-02 20:51.5
 1252  15024 1.992251142304089e-02 1.1e+02 1.69e-02  1e-03  1e-02 21:45.9
 1300  15600 1.990760889432721e-02 1.3e+02 2.35e-02  2e-03  2e-02 22:36.1
 1354  16248 1.986893374021158e-02 1.4e+02 3.09e-02  2e-03  3e-02 23:32.5
 1400  16800 1.981132223780931e-02 1.5e+02 4.19e-02  2e-03  3e-02 24:20.6
 1456  17472 1.977567162475595e-02 1.1e+02 4.12e-02  2e-03  2e-02 25:19.1
 1500  18000 1.973148791420676e-02 9.3e+01 4.09e-02  1e-03  2e-02 26:05.1
 1558  18696 1.965091820482010e-02 7.3e+01 5.66e-02  2e-03  1e-02 27:05.7
 1600  19200 1.959581772527389e-02 8.2e+01 7.56e-02  3e-03  2e-02 27:49.4
 1660  19920 1.955298402659212e-02 8.0e+01 5.13e-02  2e-03  1e-02 28:51.9
 1700  20400 1.953793292151439e-02 7.4e+01 4.83e-02  1e-03  9e-03 29:33.6
 1762  21144 1.949621870302308e-02 1.0e+02 9.37e-02  2e-03  2e-02 30:38.2
 1800  21600 1.929454312953747e-02 1.0e+02 2.23e-01  4e-03  4e-02 31:17.8
 1864  22368 1.894837342282487e-02 6.7e+01 2.04e-01  3e-03  3e-02 32:24.5
 1900  22800 1.877848987411045e-02 5.9e+01 2.61e-01  3e-03  3e-02 33:02.0
 1966  23592 1.860947672949871e-02 4.4e+01 2.30e-01  3e-03  2e-02 34:10.7
 2000  24000 1.849015518113145e-02 4.3e+01 2.48e-01  3e-03  2e-02 34:46.1
Iterat #Fevals   function value  axis ratio  sigma  min&max std  t[m:s]
 2068  24816 1.787561656838688e-02 4.6e+01 3.64e-01  3e-03  3e-02 35:56.9
 2100  25200 1.780819983838081e-02 3.9e+01 1.51e-01  1e-03  1e-02 36:30.3
 2170  26040 1.776843367088050e-02 3.2e+01 7.27e-02  6e-04  3e-03 37:43.3
 2200  26400 1.776353038544290e-02 3.2e+01 9.77e-02  8e-04  4e-03 38:14.5
 2272  27264 1.764674817729830e-02 4.4e+01 3.06e-01  2e-03  2e-02 39:29.5
 2300  27600 1.760361183552599e-02 4.3e+01 2.74e-01  2e-03  1e-02 39:58.7
 2373  28476 1.741063022554900e-02 4.1e+01 2.92e-01  2e-03  1e-02 41:14.8
 2400  28800 1.735231004748576e-02 4.4e+01 5.17e-01  3e-03  2e-02 41:42.9
 2475  29700 1.720840116333407e-02 4.8e+01 4.87e-01  3e-03  2e-02 43:01.0
 2500  30000 1.717793953988056e-02 5.4e+01 4.10e-01  3e-03  2e-02 43:27.1
 2577  30924 1.716716280164369e-02 4.8e+01 2.74e-02  1e-04  9e-04 44:47.3
 2600  31200 1.716713897085767e-02 4.7e+01 9.08e-03  4e-05  3e-04 45:11.3
 2679  32148 1.716713679610192e-02 5.8e+01 1.37e-04  5e-07  4e-06 46:33.5
 2700  32400 1.716713679587620e-02 6.2e+01 4.82e-05  2e-07  1e-06 46:55.4
termination on tolfun=1e-11 (Fri Nov 27 17:21:23 2020)
final/bestever f-value = 1.716714e-02 1.716714e-02
incumbent solution: [-2.63151489 -3.6937802   1.59383928 -4.54603459 -5.21939092 -5.27962939
  3.31624383 -2.23585283 ...]
std deviations: [3.09664859e-07 2.06315230e-07 2.77936787e-07 2.81789195e-07
 7.27516109e-07 3.48830806e-07 1.65569244e-07 1.25347536e-06 ...]
cma
(6_w,12)-aCMA-ES (mu_w=3.7,w_1=40%) in dimension 17 (seed=590982, Fri Nov 27 17:21:24 2020)
Iterat #Fevals   function value  axis ratio  sigma  min&max std  t[m:s]
    1     12 6.851999257737920e-01 1.0e+00 9.21e-01  9e-01  9e-01 0:01.0
    2     24 5.470063974250928e-01 1.1e+00 9.05e-01  9e-01  9e-01 0:02.1
    3     36 5.072792136334070e-01 1.2e+00 8.87e-01  8e-01  9e-01 0:03.1
    6     72 6.051490821775233e-01 1.2e+00 7.80e-01  7e-01  8e-01 0:06.3
   10    120 4.397843014408449e-01 1.3e+00 7.25e-01  7e-01  7e-01 0:10.4
   15    180 4.982997242683296e-01 1.4e+00 6.07e-01  6e-01  6e-01 0:15.6
   21    252 3.023328666700317e-01 1.6e+00 6.37e-01  6e-01  6e-01 0:21.9
   28    336 2.961952154575210e-01 1.8e+00 4.99e-01  4e-01  5e-01 0:29.2
   36    432 3.203439230856233e-01 1.9e+00 3.24e-01  3e-01  3e-01 0:37.6
   45    540 2.015090235511945e-01 2.1e+00 2.40e-01  2e-01  3e-01 0:47.0
   55    660 1.035696540968190e-01 2.4e+00 1.92e-01  2e-01  2e-01 0:57.4
   66    792 5.284682549735326e-02 2.5e+00 1.07e-01  8e-02  1e-01 1:08.9
   78    936 4.548904405532787e-02 2.8e+00 6.66e-02  5e-02  8e-02 1:21.4
   91   1092 4.077669395522011e-02 3.1e+00 3.38e-02  2e-02  4e-02 1:35.0
  100   1200 3.997659225278119e-02 3.4e+00 2.40e-02  2e-02  3e-02 1:44.3
  115   1380 3.903943406120153e-02 3.7e+00 1.69e-02  1e-02  2e-02 1:60.0
  131   1572 3.850972836341369e-02 4.1e+00 1.41e-02  9e-03  2e-02 2:16.7
  148   1776 3.765984648177413e-02 7.1e+00 2.90e-02  2e-02  5e-02 2:34.4
  166   1992 3.588268552116135e-02 1.0e+01 2.89e-02  2e-02  6e-02 2:53.2
  185   2220 3.549813147764153e-02 1.3e+01 1.82e-02  1e-02  4e-02 3:13.0
  200   2400 3.504945889222102e-02 1.3e+01 1.30e-02  7e-03  3e-02 3:28.6
  221   2652 3.483921131409141e-02 1.5e+01 1.35e-02  7e-03  2e-02 3:50.5
  243   2916 3.458116163060671e-02 1.4e+01 1.25e-02  6e-03  2e-02 4:13.4
  266   3192 3.429537906336094e-02 2.1e+01 1.43e-02  7e-03  3e-02 4:37.4
  290   3480 3.336384260553144e-02 3.3e+01 3.00e-02  1e-02  7e-02 5:02.4
  300   3600 3.305763469326424e-02 3.2e+01 4.17e-02  2e-02  9e-02 5:12.9
  325   3900 3.151282271556357e-02 2.7e+01 3.58e-02  1e-02  7e-02 5:39.0
  351   4212 3.030235078380814e-02 2.6e+01 3.20e-02  1e-02  6e-02 6:06.1
  378   4536 3.010109668251194e-02 2.6e+01 1.72e-02  5e-03  3e-02 6:34.2
  400   4800 2.990872777381233e-02 2.4e+01 1.09e-02  3e-03  2e-02 6:57.2
  429   5148 2.986838701237670e-02 2.5e+01 7.17e-03  2e-03  1e-02 7:27.3
  459   5508 2.979158619561032e-02 2.7e+01 1.64e-02  4e-03  2e-02 7:58.4
  491   5892 2.971282143843720e-02 3.3e+01 1.08e-02  3e-03  2e-02 8:31.1
  500   6000 2.968864169448067e-02 4.3e+01 1.34e-02  3e-03  3e-02 8:40.3
  534   6408 2.964383801216964e-02 5.4e+01 8.67e-03  2e-03  2e-02 9:15.0
  569   6828 2.962383202397682e-02 7.4e+01 6.70e-03  1e-03  2e-02 9:50.7
  600   7200 2.961636224940912e-02 8.4e+01 4.38e-03  6e-04  1e-02 10:22.3
  637   7644 2.961021700729347e-02 1.1e+02 3.86e-03  5e-04  1e-02 11:00.0
  675   8100 2.959832709736520e-02 1.4e+02 6.94e-03  8e-04  2e-02 11:38.7
  700   8400 2.957047037716449e-02 1.6e+02 1.36e-02  1e-03  4e-02 12:04.3
  740   8880 2.911754372861267e-02 1.6e+02 3.32e-02  3e-03  9e-02 12:45.1
  781   9372 2.855696011267388e-02 1.2e+02 2.75e-02  2e-03  6e-02 13:26.8
  800   9600 2.829385596663512e-02 1.1e+02 6.72e-02  6e-03  1e-01 13:46.1
  870  10440 2.772990777143971e-02 6.9e+01 1.86e-02  2e-03  2e-02 14:29.4
  900  10800 2.767622989138742e-02 6.2e+01 2.43e-02  2e-03  3e-02 14:45.8
  983  11796 2.741443757450759e-02 5.4e+01 2.55e-02  2e-03  2e-02 15:31.3
 1000  12000 2.739441495640463e-02 4.8e+01 1.49e-02  1e-03  9e-03 15:40.6
Iterat #Fevals   function value  axis ratio  sigma  min&max std  t[m:s]
 1087  13044 2.728436050646045e-02 4.4e+01 2.19e-02  1e-03  1e-02 16:28.1
 1100  13200 2.726656496944766e-02 4.4e+01 2.10e-02  1e-03  1e-02 16:35.3
 1190  14280 2.712113071947071e-02 4.5e+01 3.45e-02  2e-03  2e-02 17:24.5
 1200  14400 2.708386004572672e-02 4.9e+01 4.96e-02  3e-03  2e-02 17:29.9
 1293  15516 2.489236816280649e-02 5.9e+01 1.48e-01  7e-03  8e-02 18:21.0
 1300  15600 2.445912754454507e-02 6.3e+01 2.14e-01  1e-02  1e-01 18:24.8
 1397  16764 1.628216059197409e-02 4.4e+01 1.14e-01  5e-03  5e-02 19:18.2
 1400  16800 1.631141986818116e-02 4.3e+01 1.08e-01  5e-03  5e-02 19:19.8
 1500  18000 1.574217473619508e-02 3.7e+01 6.17e-02  2e-03  2e-02 20:14.7
 1600  19200 1.571255209877411e-02 4.3e+01 9.45e-03  2e-04  2e-03 21:09.7
 1700  20400 1.570670088175339e-02 5.7e+01 2.92e-02  5e-04  6e-03 22:04.5
 1800  21600 1.569837270531685e-02 9.6e+01 2.89e-02  3e-04  7e-03 22:59.3
 1900  22800 1.569320868165299e-02 1.2e+02 4.26e-02  4e-04  9e-03 23:54.4
 2000  24000 1.568627507687002e-02 1.5e+02 3.91e-02  3e-04  7e-03 24:49.3
Iterat #Fevals   function value  axis ratio  sigma  min&max std  t[m:s]
 2100  25200 1.567897286233190e-02 2.0e+02 4.92e-02  3e-04  9e-03 25:44.2
 2200  26400 1.566796381672122e-02 1.3e+02 7.73e-02  4e-04  1e-02 26:39.2
 2300  27600 1.564821163720094e-02 1.4e+02 1.33e-01  5e-04  2e-02 27:34.2
 2400  28800 1.561658420108113e-02 1.1e+02 2.59e-01  9e-04  2e-02 28:29.0
 2500  30000 1.556098667499842e-02 9.5e+01 1.89e-01  6e-04  1e-02 29:24.0
 2600  31200 1.549588771519341e-02 9.6e+01 2.12e-01  6e-04  2e-02 30:18.9
 2700  32400 1.547645328047813e-02 1.3e+02 1.86e-01  4e-04  1e-02 31:14.0
 2800  33600 1.546896518767942e-02 1.4e+02 1.78e-02  3e-05  9e-04 32:08.7
 2900  34800 1.546785315381100e-02 1.6e+02 2.27e-01  3e-04  9e-03 33:03.4
 3000  36000 1.546567468358479e-02 1.5e+02 1.11e-01  1e-04  3e-03 33:58.0
Iterat #Fevals   function value  axis ratio  sigma  min&max std  t[m:s]
 3100  37200 1.546516521280724e-02 2.0e+02 1.09e-01  9e-05  3e-03 34:52.9
 3200  38400 1.546503857073111e-02 3.4e+02 4.73e-02  4e-05  2e-03 35:47.6
 3300  39600 1.546502518877102e-02 4.9e+02 9.93e-03  6e-06  4e-04 36:42.3
 3383  40596 1.546502511659240e-02 6.1e+02 4.30e-04  2e-07  1e-05 37:27.5
/home/adrianps/Universal-Approximator/qibo_sim/classes/ApproximantNN.py:783: ComplexWarning: Casting complex values to real discards the imaginary part
  params[0, 0] = 1 / period * np.trapz(y, x)
/home/adrianps/Universal-Approximator/qibo_sim/classes/ApproximantNN.py:786: ComplexWarning: Casting complex values to real discards the imaginary part
  params[_, 0] = 2 / period * np.trapz(y * cos, x)
/home/adrianps/Universal-Approximator/qibo_sim/classes/ApproximantNN.py:788: ComplexWarning: Casting complex values to real discards the imaginary part
  params[_, 1] = 2 / period * np.trapz(y * sin, x)
/home/adrianps/Universal-Approximator/qibo_sim/classes/ApproximantNN.py:783: ComplexWarning: Casting complex values to real discards the imaginary part
  params[0, 0] = 1 / period * np.trapz(y, x)
/home/adrianps/Universal-Approximator/qibo_sim/classes/ApproximantNN.py:786: ComplexWarning: Casting complex values to real discards the imaginary part
  params[_, 0] = 2 / period * np.trapz(y * cos, x)
/home/adrianps/Universal-Approximator/qibo_sim/classes/ApproximantNN.py:788: ComplexWarning: Casting complex values to real discards the imaginary part
  params[_, 1] = 2 / period * np.trapz(y * sin, x)
/home/adrianps/Universal-Approximator/qibo_sim/classes/ApproximantNN.py:783: ComplexWarning: Casting complex values to real discards the imaginary part
  params[0, 0] = 1 / period * np.trapz(y, x)
/home/adrianps/Universal-Approximator/qibo_sim/classes/ApproximantNN.py:786: ComplexWarning: Casting complex values to real discards the imaginary part
  params[_, 0] = 2 / period * np.trapz(y * cos, x)
/home/adrianps/Universal-Approximator/qibo_sim/classes/ApproximantNN.py:788: ComplexWarning: Casting complex values to real discards the imaginary part
  params[_, 1] = 2 / period * np.trapz(y * sin, x)
/home/adrianps/Universal-Approximator/qibo_sim/classes/ApproximantNN.py:783: ComplexWarning: Casting complex values to real discards the imaginary part
  params[0, 0] = 1 / period * np.trapz(y, x)
/home/adrianps/Universal-Approximator/qibo_sim/classes/ApproximantNN.py:786: ComplexWarning: Casting complex values to real discards the imaginary part
  params[_, 0] = 2 / period * np.trapz(y * cos, x)
/home/adrianps/Universal-Approximator/qibo_sim/classes/ApproximantNN.py:788: ComplexWarning: Casting complex values to real discards the imaginary part
  params[_, 1] = 2 / period * np.trapz(y * sin, x)
/home/adrianps/Universal-Approximator/qibo_sim/classes/ApproximantNN.py:783: ComplexWarning: Casting complex values to real discards the imaginary part
  params[0, 0] = 1 / period * np.trapz(y, x)
/home/adrianps/Universal-Approximator/qibo_sim/classes/ApproximantNN.py:786: ComplexWarning: Casting complex values to real discards the imaginary part
  params[_, 0] = 2 / period * np.trapz(y * cos, x)
/home/adrianps/Universal-Approximator/qibo_sim/classes/ApproximantNN.py:788: ComplexWarning: Casting complex values to real discards the imaginary part
  params[_, 1] = 2 / period * np.trapz(y * sin, x)
/home/adrianps/Universal-Approximator/qibo_sim/classes/ApproximantNN.py:783: ComplexWarning: Casting complex values to real discards the imaginary part
  params[0, 0] = 1 / period * np.trapz(y, x)
/home/adrianps/Universal-Approximator/qibo_sim/classes/ApproximantNN.py:786: ComplexWarning: Casting complex values to real discards the imaginary part
  params[_, 0] = 2 / period * np.trapz(y * cos, x)
/home/adrianps/Universal-Approximator/qibo_sim/classes/ApproximantNN.py:788: ComplexWarning: Casting complex values to real discards the imaginary part
  params[_, 1] = 2 / period * np.trapz(y * sin, x)
/home/adrianps/Universal-Approximator/qibo_sim/classes/ApproximantNN.py:783: ComplexWarning: Casting complex values to real discards the imaginary part
  params[0, 0] = 1 / period * np.trapz(y, x)
/home/adrianps/Universal-Approximator/qibo_sim/classes/ApproximantNN.py:786: ComplexWarning: Casting complex values to real discards the imaginary part
  params[_, 0] = 2 / period * np.trapz(y * cos, x)
/home/adrianps/Universal-Approximator/qibo_sim/classes/ApproximantNN.py:788: ComplexWarning: Casting complex values to real discards the imaginary part
  params[_, 1] = 2 / period * np.trapz(y * sin, x)
/home/adrianps/Universal-Approximator/qibo_sim/classes/ApproximantNN.py:783: ComplexWarning: Casting complex values to real discards the imaginary part
  params[0, 0] = 1 / period * np.trapz(y, x)
/home/adrianps/Universal-Approximator/qibo_sim/classes/ApproximantNN.py:786: ComplexWarning: Casting complex values to real discards the imaginary part
  params[_, 0] = 2 / period * np.trapz(y * cos, x)
/home/adrianps/Universal-Approximator/qibo_sim/classes/ApproximantNN.py:788: ComplexWarning: Casting complex values to real discards the imaginary part
  params[_, 1] = 2 / period * np.trapz(y * sin, x)
/home/adrianps/Universal-Approximator/qibo_sim/classes/ApproximantNN.py:783: ComplexWarning: Casting complex values to real discards the imaginary part
  params[0, 0] = 1 / period * np.trapz(y, x)
/home/adrianps/Universal-Approximator/qibo_sim/classes/ApproximantNN.py:786: ComplexWarning: Casting complex values to real discards the imaginary part
  params[_, 0] = 2 / period * np.trapz(y * cos, x)
/home/adrianps/Universal-Approximator/qibo_sim/classes/ApproximantNN.py:788: ComplexWarning: Casting complex values to real discards the imaginary part
  params[_, 1] = 2 / period * np.trapz(y * sin, x)
/home/adrianps/Universal-Approximator/qibo_sim/classes/ApproximantNN.py:783: ComplexWarning: Casting complex values to real discards the imaginary part
  params[0, 0] = 1 / period * np.trapz(y, x)
/home/adrianps/Universal-Approximator/qibo_sim/classes/ApproximantNN.py:786: ComplexWarning: Casting complex values to real discards the imaginary part
  params[_, 0] = 2 / period * np.trapz(y * cos, x)
/home/adrianps/Universal-Approximator/qibo_sim/classes/ApproximantNN.py:788: ComplexWarning: Casting complex values to real discards the imaginary part
  params[_, 1] = 2 / period * np.trapz(y * sin, x)
/home/adrianps/Universal-Approximator/qibo_sim/classes/ApproximantNN.py:552: RuntimeWarning: More than 20 figures have been opened. Figures created through the pyplot interface (`matplotlib.pyplot.figure`) are retained until explicitly closed and may consume too much memory. (To control this warning, see the rcParam `figure.max_open_warning`).
  fig, axs = plt.subplots(nrows=2, figsize=(8,10))
/home/adrianps/Universal-Approximator/qibo_sim/classes/ApproximantNN.py:783: ComplexWarning: Casting complex values to real discards the imaginary part
  params[0, 0] = 1 / period * np.trapz(y, x)
/home/adrianps/Universal-Approximator/qibo_sim/classes/ApproximantNN.py:786: ComplexWarning: Casting complex values to real discards the imaginary part
  params[_, 0] = 2 / period * np.trapz(y * cos, x)
/home/adrianps/Universal-Approximator/qibo_sim/classes/ApproximantNN.py:788: ComplexWarning: Casting complex values to real discards the imaginary part
  params[_, 1] = 2 / period * np.trapz(y * sin, x)
/home/adrianps/Universal-Approximator/qibo_sim/classes/ApproximantNN.py:577: RuntimeWarning: More than 20 figures have been opened. Figures created through the pyplot interface (`matplotlib.pyplot.figure`) are retained until explicitly closed and may consume too much memory. (To control this warning, see the rcParam `figure.max_open_warning`).
  fig, axs = plt.subplots(nrows=2, figsize=(8,10))
/home/adrianps/Universal-Approximator/qibo_sim/classes/ApproximantNN.py:552: RuntimeWarning: More than 20 figures have been opened. Figures created through the pyplot interface (`matplotlib.pyplot.figure`) are retained until explicitly closed and may consume too much memory. (To control this warning, see the rcParam `figure.max_open_warning`).
  fig, axs = plt.subplots(nrows=2, figsize=(8,10))
/home/adrianps/Universal-Approximator/qibo_sim/classes/ApproximantNN.py:783: ComplexWarning: Casting complex values to real discards the imaginary part
  params[0, 0] = 1 / period * np.trapz(y, x)
/home/adrianps/Universal-Approximator/qibo_sim/classes/ApproximantNN.py:786: ComplexWarning: Casting complex values to real discards the imaginary part
  params[_, 0] = 2 / period * np.trapz(y * cos, x)
/home/adrianps/Universal-Approximator/qibo_sim/classes/ApproximantNN.py:788: ComplexWarning: Casting complex values to real discards the imaginary part
  params[_, 1] = 2 / period * np.trapz(y * sin, x)
/home/adrianps/Universal-Approximator/qibo_sim/classes/ApproximantNN.py:577: RuntimeWarning: More than 20 figures have been opened. Figures created through the pyplot interface (`matplotlib.pyplot.figure`) are retained until explicitly closed and may consume too much memory. (To control this warning, see the rcParam `figure.max_open_warning`).
  fig, axs = plt.subplots(nrows=2, figsize=(8,10))
termination on tolfun=1e-11 (Fri Nov 27 17:58:55 2020)
final/bestever f-value = 1.546503e-02 1.546503e-02
incumbent solution: [-0.81477405 -0.20188517  2.39957184  3.45920993  8.01655385 -0.32699517
 -2.4717396  -2.30423805 ...]
std deviations: [1.11923271e-05 4.70597876e-06 9.20539355e-06 1.48256608e-05
 7.48749350e-06 5.79379698e-07 1.66916715e-06 5.90154196e-06 ...]
