cma
(3_w,6)-aCMA-ES (mu_w=2.0,w_1=63%) in dimension 2 (seed=452358, Wed Nov 25 15:55:24 2020)
Iterat #Fevals   function value  axis ratio  sigma  min&max std  t[m:s]
    1      6 6.273087435210583e-01 1.0e+00 8.16e-01  6e-01  9e-01 0:00.2
    2     12 4.233395812695042e-01 1.4e+00 1.49e+00  1e+00  2e+00 0:00.4
    3     18 3.176768543013425e-01 1.7e+00 1.72e+00  1e+00  2e+00 0:00.5
   29    174 2.928931380741600e-01 2.4e+00 5.67e-02  4e-03  9e-03 0:03.6
   69    414 2.928816202209935e-01 1.7e+00 3.51e-04  1e-06  2e-06 0:07.6
   80    480 2.928816202209604e-01 2.7e+00 6.19e-05  5e-08  1e-07 0:08.7
termination on tolfun=1e-11 (Wed Nov 25 15:55:33 2020)
final/bestever f-value = 2.928816e-01 2.928816e-01
incumbent solution: [-3.141592621320761, -2.6199044344220215]
std deviation: [5.346182892585108e-08, 1.1678984027471866e-07]
cma
(3_w,6)-aCMA-ES (mu_w=2.0,w_1=63%) in dimension 2 (seed=394605, Wed Nov 25 15:55:33 2020)
Iterat #Fevals   function value  axis ratio  sigma  min&max std  t[m:s]
    1      6 6.159860010164760e-01 1.0e+00 8.84e-01  8e-01  9e-01 0:00.1
    2     12 5.896389133911855e-01 1.3e+00 6.96e-01  6e-01  6e-01 0:00.2
    3     18 5.653245218616235e-01 1.4e+00 8.86e-01  7e-01  1e+00 0:00.3
   33    198 5.471776919380495e-01 1.6e+00 9.91e-03  5e-04  6e-04 0:03.3
   73    438 5.471776678948908e-01 1.9e+00 5.14e-06  4e-09  6e-09 0:07.3
termination on tolfun=1e-11 (Wed Nov 25 15:55:40 2020)
final/bestever f-value = 5.471777e-01 5.471777e-01
incumbent solution: [1.781443441101026, 5.254172203348476e-09]
std deviation: [3.921548254065013e-09, 6.437473485501344e-09]
cma
(4_w,8)-aCMA-ES (mu_w=2.6,w_1=52%) in dimension 5 (seed=482281, Wed Nov 25 15:55:40 2020)
Iterat #Fevals   function value  axis ratio  sigma  min&max std  t[m:s]
    1      8 4.879330772799196e-01 1.0e+00 9.25e-01  9e-01  1e+00 0:00.2
    2     16 3.231126787346280e-01 1.3e+00 1.06e+00  1e+00  1e+00 0:00.3
    3     24 3.155220769530575e-01 1.5e+00 1.03e+00  9e-01  1e+00 0:00.5
   21    168 2.932036259194338e-01 3.1e+00 2.00e-01  1e-01  2e-01 0:03.6
   45    360 2.795365020177201e-01 7.3e+00 2.61e-01  9e-02  2e-01 0:07.7
   75    600 1.659134701748934e-01 4.1e+00 2.35e-01  3e-02  8e-02 0:12.8
  100    800 1.647675198768023e-01 5.8e+00 5.54e-02  5e-03  1e-02 0:17.0
  142   1136 1.647357183164856e-01 1.2e+01 1.43e-03  2e-05  2e-04 0:24.2
  185   1480 1.647357178553577e-01 1.2e+01 3.97e-05  2e-07  1e-06 0:31.5
termination on tolfun=1e-11 (Wed Nov 25 15:56:12 2020)
final/bestever f-value = 1.647357e-01 1.647357e-01
incumbent solution: [3.141592600644459, -2.096098482243037, -2.015809920641311, 1.1624649846777913e-07, 2.0960984870801984]
std deviation: [5.425983474594061e-07, 1.181145913367195e-06, 2.3622189031868612e-07, 4.752326087520396e-07, 1.318199741687259e-06]
cma
(4_w,8)-aCMA-ES (mu_w=2.6,w_1=52%) in dimension 5 (seed=424496, Wed Nov 25 15:56:12 2020)
Iterat #Fevals   function value  axis ratio  sigma  min&max std  t[m:s]
    1      8 4.304464770960831e-01 1.0e+00 1.01e+00  9e-01  1e+00 0:00.2
    2     16 3.334204508818829e-01 1.4e+00 1.14e+00  1e+00  1e+00 0:00.3
    3     24 3.002189211536617e-01 1.6e+00 1.28e+00  1e+00  1e+00 0:00.5
   21    168 1.756760580782966e-01 2.8e+00 3.37e-01  2e-01  3e-01 0:03.6
   45    360 1.648352276629681e-01 6.5e+00 5.60e-02  1e-02  4e-02 0:07.7
   75    600 1.647358003997920e-01 8.1e+00 3.94e-03  3e-04  1e-03 0:12.8
  100    800 1.647357179796486e-01 1.0e+01 2.78e-04  1e-05  6e-05 0:17.0
  141   1128 1.647357178553875e-01 8.1e+00 1.60e-05  3e-07  1e-06 0:24.1
termination on tolfun=1e-11 (Wed Nov 25 15:56:36 2020)
final/bestever f-value = 1.647357e-01 1.647357e-01
incumbent solution: [2.4648031538756776e-07, 2.096098730388784, 1.1257828930560512, 3.141592476561823, 2.0960984691738536]
std deviation: [3.949548935591791e-07, 1.0776451006938064e-06, 2.5490026125492445e-07, 4.015920834121969e-07, 9.739295105967227e-07]
cma
(5_w,10)-aCMA-ES (mu_w=3.2,w_1=45%) in dimension 8 (seed=407856, Wed Nov 25 15:56:37 2020)
Iterat #Fevals   function value  axis ratio  sigma  min&max std  t[m:s]
    1     10 4.814603869580968e-01 1.0e+00 9.16e-01  9e-01  9e-01 0:00.3
    2     20 2.599239059534789e-01 1.2e+00 8.53e-01  8e-01  9e-01 0:00.5
    3     30 2.765348589285633e-01 1.2e+00 8.33e-01  8e-01  8e-01 0:00.8
   15    150 4.333734879890956e-01 1.9e+00 8.91e-01  7e-01  1e+00 0:03.8
   31    310 2.404058445842083e-01 2.9e+00 4.43e-01  3e-01  4e-01 0:07.9
   51    510 1.750302697083410e-01 4.6e+00 2.64e-01  2e-01  2e-01 0:13.1
   75    750 1.651514897093488e-01 1.1e+01 8.72e-02  3e-02  9e-02 0:19.2
  100   1000 1.647560425818649e-01 2.1e+01 3.09e-02  5e-03  3e-02 0:25.6
  132   1320 1.647356594452988e-01 3.3e+01 2.10e-03  2e-04  2e-03 0:33.8
  168   1680 1.647355830785425e-01 1.3e+02 9.21e-04  5e-05  2e-03 0:43.0
  200   2000 1.647304186884514e-01 5.0e+02 2.42e-02  1e-03  2e-01 0:51.2
  244   2440 1.645808933175792e-01 1.8e+02 1.02e-01  4e-03  2e-01 1:02.4
  280   2800 1.642445415622839e-01 5.0e+01 2.61e-01  1e-02  1e-01 1:14.7
  300   3000 1.640218980679991e-01 3.5e+01 2.06e-01  8e-03  5e-02 1:24.2
  330   3300 1.638496495355734e-01 3.3e+01 1.97e-01  5e-03  3e-02 1:38.5
  362   3620 1.638113170347602e-01 3.9e+01 7.07e-02  2e-03  1e-02 1:53.7
  396   3960 1.638110874540787e-01 4.3e+01 1.19e-02  2e-04  1e-03 2:09.9
  400   4000 1.638110829275800e-01 4.8e+01 8.93e-03  1e-04  1e-03 2:11.8
  438   4380 1.638110806105193e-01 5.6e+01 5.34e-04  4e-06  4e-05 2:29.9
  468   4680 1.638110806039284e-01 4.9e+01 6.26e-05  3e-07  3e-06 2:44.2
termination on tolfun=1e-11 (Wed Nov 25 15:59:21 2020)
final/bestever f-value = 1.638111e-01 1.638111e-01
incumbent solution: [3.1415925419303323, 1.4059347608517752, 0.6429790842048336, -2.6499188154131026e-07, 1.2914875206826024, 0.6429804901517738, 4.4962024156771573e-07, 1.4059371160780771]
std deviation: [3.5219643331373515e-07, 2.641372763559879e-06, 1.627621561200202e-06, 3.74393266450049e-07, 2.1029703391562264e-06, 1.522841691079138e-06, 3.364411771200635e-07, 2.9371403518963923e-06]
cma
(5_w,10)-aCMA-ES (mu_w=3.2,w_1=45%) in dimension 8 (seed=481490, Wed Nov 25 15:59:21 2020)
Iterat #Fevals   function value  axis ratio  sigma  min&max std  t[m:s]
    1     10 2.313363443454713e-01 1.0e+00 8.76e-01  9e-01  9e-01 0:00.5
    2     20 3.608055225294296e-01 1.2e+00 8.17e-01  8e-01  9e-01 0:01.0
    3     30 4.490793945987099e-01 1.3e+00 7.44e-01  7e-01  8e-01 0:01.4
   10    100 4.348544386054535e-01 1.9e+00 6.99e-01  6e-01  8e-01 0:04.8
   19    190 2.408843020613396e-01 2.6e+00 6.33e-01  4e-01  7e-01 0:09.0
   30    300 1.767498264121686e-01 4.0e+00 4.21e-01  3e-01  5e-01 0:14.3
   43    430 9.012189656369385e-02 3.2e+00 2.41e-01  1e-01  2e-01 0:20.4
   58    580 6.902451129462618e-02 3.1e+00 1.03e-01  5e-02  7e-02 0:27.5
   75    750 5.933924747678870e-02 4.9e+00 7.64e-02  3e-02  6e-02 0:35.7
   94    940 5.824075920885028e-02 8.1e+00 4.05e-02  1e-02  4e-02 0:44.8
  100   1000 5.807755588027112e-02 9.1e+00 2.91e-02  7e-03  3e-02 0:47.6
  124   1240 5.802873796740167e-02 1.2e+01 4.68e-03  9e-04  4e-03 0:59.1
  150   1500 5.802818318110423e-02 1.4e+01 8.40e-04  1e-04  5e-04 1:11.4
  178   1780 5.802817437394202e-02 1.8e+01 7.76e-05  8e-06  4e-05 1:24.8
  200   2000 5.802817433781901e-02 1.9e+01 1.46e-05  1e-06  5e-06 1:35.2
  218   2180 5.802817433682633e-02 1.8e+01 5.17e-06  3e-07  1e-06 1:43.8
termination on tolfun=1e-11 (Wed Nov 25 16:01:06 2020)
final/bestever f-value = 5.802817e-02 5.802817e-02
incumbent solution: [1.570796528390487, -2.0940983585954296, 1.7465108517759023, 3.141592610409532, 3.3049700803473265, 1.1333179792119974, -1.5707961598236029, 2.8624738044680758]
std deviation: [3.062583873626345e-07, 1.0137654663435869e-06, 3.7823883999420635e-07, 3.43724612555584e-07, 1.0440788150732309e-06, 4.1070241940404354e-07, 3.6839357775361425e-07, 1.3548075787077154e-06]
cma
(5_w,11)-aCMA-ES (mu_w=3.4,w_1=42%) in dimension 11 (seed=372362, Wed Nov 25 16:01:06 2020)
Iterat #Fevals   function value  axis ratio  sigma  min&max std  t[m:s]
    1     11 3.905349806603892e-01 1.0e+00 9.51e-01  9e-01  1e+00 0:00.6
    2     22 3.258145839351999e-01 1.1e+00 9.74e-01  9e-01  1e+00 0:01.2
    3     33 2.883687279035254e-01 1.3e+00 1.03e+00  1e+00  1e+00 0:01.9
    8     88 5.519416597773705e-01 1.5e+00 1.00e+00  9e-01  1e+00 0:05.0
   15    165 2.886848239236049e-01 1.7e+00 7.61e-01  7e-01  8e-01 0:09.3
   24    264 4.048204088514293e-01 2.1e+00 7.11e-01  6e-01  9e-01 0:14.9
   34    374 3.091007550465013e-01 2.7e+00 7.61e-01  6e-01  1e+00 0:21.1
   46    506 2.875926379285837e-01 3.5e+00 5.00e-01  3e-01  7e-01 0:28.6
   59    649 1.897074570904573e-01 4.1e+00 4.18e-01  3e-01  5e-01 0:36.6
   74    814 1.782659773953534e-01 5.5e+00 2.27e-01  1e-01  3e-01 0:45.9
   91   1001 1.671464233345015e-01 6.8e+00 1.15e-01  6e-02  1e-01 0:56.5
  100   1100 1.654297727108903e-01 8.0e+00 7.66e-02  4e-02  7e-02 1:02.1
  120   1320 1.645131973047161e-01 1.3e+01 3.15e-02  2e-02  3e-02 1:14.5
  141   1551 1.643056004271907e-01 1.5e+01 1.91e-02  8e-03  2e-02 1:27.5
  164   1804 1.642445057502535e-01 2.1e+01 2.62e-02  9e-03  3e-02 1:41.8
  189   2079 1.569344214824109e-01 3.3e+01 1.17e-01  3e-02  2e-01 1:57.4
  200   2200 1.265147921285745e-01 2.9e+01 3.47e-01  1e-01  5e-01 2:04.2
  228   2508 6.109065946833684e-02 1.9e+01 2.20e-01  7e-02  2e-01 2:21.6
  257   2827 6.091194765799141e-02 1.6e+01 6.00e-02  1e-02  4e-02 2:39.6
  288   3168 5.964774454457956e-02 1.4e+01 7.15e-02  1e-02  4e-02 2:58.9
  300   3300 5.843949685346719e-02 1.9e+01 1.23e-01  2e-02  8e-02 3:06.3
  334   3674 5.472084225229203e-02 1.6e+01 5.72e-02  5e-03  3e-02 3:27.4
  370   4070 5.324337648416486e-02 1.9e+01 1.33e-01  1e-02  8e-02 3:49.8
  400   4400 5.298301574887296e-02 2.3e+01 4.91e-02  4e-03  2e-02 4:08.4
  439   4829 5.294628797929148e-02 3.6e+01 1.45e-02  1e-03  6e-03 4:32.6
  480   5280 5.294567048619969e-02 4.2e+01 1.97e-03  2e-04  6e-04 4:58.1
  500   5500 5.294566498204076e-02 4.0e+01 4.79e-04  3e-05  1e-04 5:10.5
  544   5984 5.294566437492815e-02 4.5e+01 9.06e-05  5e-06  2e-05 5:37.8
  576   6336 5.294566437085521e-02 3.5e+01 1.39e-05  7e-07  2e-06 5:57.7
termination on tolfun=1e-11 (Wed Nov 25 16:07:04 2020)
final/bestever f-value = 5.294566e-02 5.294566e-02
incumbent solution: [-1.21519414 -1.36913811  0.94221425 -0.35263997 -2.62562832 -5.43171472
  2.78895132 -2.62563097 ...]
std deviations: [6.54893421e-07 1.66717865e-06 8.95509410e-07 7.83782049e-07
 1.77796963e-06 6.74741369e-07 8.62839887e-07 1.80333341e-06 ...]
cma
(5_w,11)-aCMA-ES (mu_w=3.4,w_1=42%) in dimension 11 (seed=373059, Wed Nov 25 16:07:05 2020)
Iterat #Fevals   function value  axis ratio  sigma  min&max std  t[m:s]
    1     11 5.501876061750001e-01 1.0e+00 9.41e-01  9e-01  1e+00 0:00.6
    2     22 2.903070201277824e-01 1.2e+00 9.34e-01  9e-01  1e+00 0:01.2
    3     33 2.446562489381407e-01 1.2e+00 9.94e-01  1e+00  1e+00 0:01.9
    8     88 3.992137825969489e-01 1.4e+00 8.95e-01  8e-01  9e-01 0:05.0
   15    165 2.910056222551554e-01 2.0e+00 7.61e-01  7e-01  8e-01 0:09.3
   24    264 2.716297514483706e-01 2.6e+00 5.75e-01  4e-01  6e-01 0:14.9
   34    374 3.004515305186840e-01 2.7e+00 4.43e-01  3e-01  4e-01 0:21.1
   46    506 2.280105699566375e-01 3.3e+00 3.31e-01  2e-01  4e-01 0:28.6
   59    649 1.183120040057909e-01 4.1e+00 2.75e-01  2e-01  3e-01 0:36.7
   74    814 5.961604565417752e-02 5.1e+00 2.46e-01  2e-01  3e-01 0:46.0
   91   1001 4.582305650312443e-02 4.9e+00 1.44e-01  8e-02  1e-01 0:56.6
  100   1100 4.061624822364102e-02 4.9e+00 1.51e-01  7e-02  1e-01 1:02.2
  120   1320 3.302132743327257e-02 6.5e+00 1.29e-01  6e-02  1e-01 1:14.6
  141   1551 3.016895337318448e-02 5.7e+00 3.32e-02  1e-02  3e-02 1:27.7
  164   1804 2.985608600166766e-02 8.2e+00 2.31e-02  7e-03  2e-02 1:42.0
  189   2079 2.975406303355151e-02 1.5e+01 1.45e-02  4e-03  2e-02 1:57.5
  200   2200 2.973328041979981e-02 1.8e+01 1.27e-02  3e-03  2e-02 2:04.4
  228   2508 2.967261290382129e-02 2.5e+01 2.05e-02  4e-03  4e-02 2:21.8
  257   2827 2.954503083053316e-02 3.6e+01 2.68e-02  4e-03  5e-02 2:39.8
  288   3168 2.939938554092968e-02 3.2e+01 2.96e-02  3e-03  4e-02 2:59.1
  300   3300 2.935223373852440e-02 3.0e+01 3.54e-02  3e-03  5e-02 3:06.5
  334   3674 2.919288645346562e-02 3.1e+01 3.65e-02  3e-03  4e-02 3:27.7
  370   4070 2.888588307585143e-02 3.0e+01 8.65e-02  6e-03  7e-02 3:50.0
  400   4400 2.833189291453093e-02 2.9e+01 1.16e-01  9e-03  8e-02 4:08.7
  439   4829 2.788932236411343e-02 2.6e+01 1.36e-01  1e-02  7e-02 4:32.9
  480   5280 2.768335845890791e-02 3.0e+01 5.74e-02  4e-03  2e-02 4:58.4
  500   5500 2.767528010875087e-02 2.6e+01 1.83e-02  1e-03  6e-03 5:10.8
  544   5984 2.767248201578630e-02 3.7e+01 4.97e-03  2e-04  1e-03 5:38.2
  590   6490 2.767245628970426e-02 4.3e+01 2.27e-04  6e-06  5e-05 6:06.7
  600   6600 2.767245627216477e-02 4.0e+01 1.29e-04  4e-06  3e-05 6:12.9
  639   7029 2.767245626519348e-02 4.3e+01 1.13e-05  2e-07  2e-06 6:37.2
termination on tolfun=1e-11 (Wed Nov 25 16:13:43 2020)
final/bestever f-value = 2.767246e-02 2.767246e-02
incumbent solution: [ 2.36958173e-07 -3.95314748e+00  7.46012484e-01 -4.15133617e-07
 -2.40527830e+00 -4.82461893e+00 -3.14159265e+00 -2.20489735e+00 ...]
std deviations: [4.47038414e-07 1.65217560e-06 8.08135590e-07 5.00830831e-07
 1.32885311e-06 7.21894399e-07 3.09088210e-07 1.22670415e-06 ...]
cma
(5_w,11)-aCMA-ES (mu_w=3.4,w_1=42%) in dimension 14 (seed=405433, Wed Nov 25 16:13:43 2020)
Iterat #Fevals   function value  axis ratio  sigma  min&max std  t[m:s]
    1     11 3.442874448015470e-01 1.0e+00 9.53e-01  9e-01  1e+00 0:00.7
    2     22 4.414393899426466e-01 1.2e+00 9.59e-01  9e-01  1e+00 0:01.4
    3     33 6.672557246601457e-01 1.3e+00 9.44e-01  9e-01  1e+00 0:02.2
    8     88 3.801993555993065e-01 1.4e+00 9.78e-01  9e-01  1e+00 0:05.7
   14    154 3.474006407536296e-01 1.6e+00 1.01e+00  9e-01  1e+00 0:10.1
   21    231 3.120246133035905e-01 1.8e+00 1.03e+00  1e+00  1e+00 0:15.1
   30    330 4.901783559462216e-01 2.0e+00 1.01e+00  9e-01  1e+00 0:21.5
   40    440 3.569891419997468e-01 2.1e+00 1.17e+00  1e+00  1e+00 0:28.7
   52    572 5.202480521989908e-01 2.5e+00 1.15e+00  1e+00  1e+00 0:37.4
   65    715 4.157092362710985e-01 2.7e+00 8.76e-01  7e-01  1e+00 0:46.7
   79    869 5.463032535789034e-01 3.3e+00 9.21e-01  7e-01  1e+00 0:56.8
   95   1045 3.406675159156211e-01 3.7e+00 7.28e-01  6e-01  9e-01 1:08.3
  100   1100 2.562182214519877e-01 3.8e+00 6.26e-01  5e-01  8e-01 1:11.9
  119   1309 2.117138806985549e-01 3.5e+00 4.95e-01  3e-01  6e-01 1:25.5
  139   1529 2.131032637345845e-01 4.0e+00 4.29e-01  3e-01  5e-01 1:39.9
  160   1760 8.553498239188757e-02 4.5e+00 2.67e-01  2e-01  3e-01 1:55.0
  183   2013 3.939103609541592e-02 4.9e+00 1.16e-01  6e-02  1e-01 2:11.5
  200   2200 3.673051863120484e-02 5.6e+00 7.25e-02  4e-02  7e-02 2:23.7
  226   2486 3.204147659929589e-02 8.1e+00 6.49e-02  3e-02  7e-02 2:42.4
  253   2783 3.016591163220092e-02 1.1e+01 3.39e-02  1e-02  4e-02 3:01.8
  281   3091 2.907777697305828e-02 1.7e+01 4.21e-02  1e-02  6e-02 3:21.9
  300   3300 2.884885085577131e-02 2.1e+01 2.67e-02  7e-03  4e-02 3:35.6
  331   3641 2.864273241289176e-02 2.2e+01 3.03e-02  6e-03  4e-02 3:57.7
  364   4004 2.800404999526253e-02 3.7e+01 6.53e-02  1e-02  1e-01 4:21.3
  398   4378 2.772634903287593e-02 3.8e+01 2.23e-02  4e-03  4e-02 4:45.7
  400   4400 2.771965706420709e-02 3.9e+01 2.08e-02  4e-03  3e-02 4:47.1
  437   4807 2.767700764425784e-02 4.4e+01 9.91e-03  1e-03  2e-02 5:13.6
  475   5225 2.767281546117132e-02 4.0e+01 3.34e-03  5e-04  4e-03 5:40.8
  500   5500 2.767253975477632e-02 3.7e+01 1.88e-03  3e-04  2e-03 5:58.6
  541   5951 2.767245667385358e-02 4.4e+01 3.87e-04  5e-05  3e-04 6:27.7
  584   6424 2.767245627192621e-02 5.6e+01 3.73e-05  4e-06  3e-05 6:58.2
  600   6600 2.767245626571749e-02 5.6e+01 1.63e-05  2e-06  1e-05 7:09.5
  630   6930 2.767245626518771e-02 5.5e+01 3.25e-06  3e-07  2e-06 7:30.8
termination on tolfun=1e-11 (Wed Nov 25 16:21:15 2020)
final/bestever f-value = 2.767246e-02 2.767246e-02
incumbent solution: [-6.28318516e+00  2.40906880e+00  4.39484984e+00 -3.35338040e+00
 -2.20489549e+00 -8.94507148e+00 -2.24790700e-01  4.17417222e-07 ...]
std deviations: [2.59682856e-07 1.28322064e-06 9.13595425e-07 1.09392278e-06
 1.88259270e-06 7.39806185e-07 1.26706141e-06 1.49387625e-06 ...]
cma
(5_w,11)-aCMA-ES (mu_w=3.4,w_1=42%) in dimension 14 (seed=427270, Wed Nov 25 16:21:15 2020)
Iterat #Fevals   function value  axis ratio  sigma  min&max std  t[m:s]
    1     11 4.010694329598253e-01 1.0e+00 9.19e-01  9e-01  9e-01 0:00.7
    2     22 5.754401624892674e-01 1.1e+00 8.72e-01  8e-01  9e-01 0:01.4
    3     33 3.305304516158194e-01 1.1e+00 8.19e-01  8e-01  8e-01 0:02.1
    8     88 3.232448590656589e-01 1.3e+00 6.54e-01  6e-01  7e-01 0:05.7
   14    154 3.249271209441155e-01 1.4e+00 5.44e-01  5e-01  6e-01 0:10.0
   22    242 2.954957022653491e-01 2.0e+00 7.40e-01  6e-01  8e-01 0:15.6
   31    341 2.411834895723541e-01 2.2e+00 7.47e-01  6e-01  8e-01 0:22.0
   41    451 2.762719147746863e-01 2.4e+00 5.69e-01  5e-01  6e-01 0:29.1
   53    583 2.297815695995136e-01 2.6e+00 5.32e-01  4e-01  6e-01 0:37.6
   66    726 1.317485851001801e-01 2.9e+00 2.84e-01  2e-01  3e-01 0:46.9
   81    891 5.830979915816308e-02 3.4e+00 1.53e-01  1e-01  2e-01 0:57.5
   97   1067 3.874888568908193e-02 3.6e+00 1.36e-01  9e-02  1e-01 1:08.9
  100   1100 3.749575299985104e-02 3.8e+00 1.23e-01  8e-02  1e-01 1:11.0
  119   1309 3.298399436256889e-02 4.1e+00 5.56e-02  3e-02  5e-02 1:24.5
  139   1529 3.055188905356769e-02 4.7e+00 4.99e-02  2e-02  5e-02 1:38.7
  161   1771 2.982607067927920e-02 7.4e+00 4.61e-02  2e-02  6e-02 1:54.4
  184   2024 2.806269692152899e-02 9.4e+00 4.22e-02  1e-02  6e-02 2:10.7
  200   2200 2.452488469868394e-02 1.2e+01 6.99e-02  2e-02  9e-02 2:22.1
  226   2486 2.072327870932040e-02 1.1e+01 5.94e-02  2e-02  7e-02 2:40.6
  253   2783 1.937325159809592e-02 1.2e+01 3.02e-02  8e-03  4e-02 2:59.8
  282   3102 1.809474152523233e-02 1.2e+01 2.95e-02  8e-03  3e-02 3:20.4
  300   3300 1.574813351283316e-02 1.2e+01 1.00e-01  3e-02  1e-01 3:33.1
  331   3641 1.379618289588254e-02 1.3e+01 3.54e-02  1e-02  3e-02 3:55.2
  364   4004 1.315066633977393e-02 1.2e+01 2.37e-02  7e-03  2e-02 4:18.6
  398   4378 1.310286926364417e-02 1.1e+01 8.78e-03  2e-03  6e-03 4:42.8
  400   4400 1.310050713922271e-02 1.1e+01 8.82e-03  2e-03  6e-03 4:44.2
  437   4807 1.307923803923617e-02 1.2e+01 6.63e-03  2e-03  5e-03 5:10.5
  476   5236 1.307191702135583e-02 2.0e+01 2.12e-03  4e-04  2e-03 5:38.2
  500   5500 1.307180103101123e-02 2.1e+01 9.59e-04  2e-04  8e-04 5:55.2
  541   5951 1.307175429634597e-02 2.5e+01 1.69e-04  3e-05  1e-04 6:24.3
  584   6424 1.307175354276079e-02 2.4e+01 1.40e-05  2e-06  9e-06 6:54.9
  600   6600 1.307175354083226e-02 2.4e+01 5.10e-06  7e-07  3e-06 7:06.2
  617   6787 1.307175354070072e-02 2.6e+01 1.96e-06  2e-07  1e-06 7:18.3
termination on tolfun=1e-11 (Wed Nov 25 16:28:34 2020)
final/bestever f-value = 1.307175e-02 1.307175e-02
incumbent solution: [ 2.45928394e+00  2.91584036e+00  1.44301455e+00  9.57771185e-01
 -2.99047084e+00  2.03539909e+00  3.16508191e-07  5.85990301e+00 ...]
std deviations: [2.79780636e-07 4.55267150e-07 2.80956893e-07 2.41839406e-07
 6.88716746e-07 3.00248396e-07 3.04469574e-07 1.12361788e-06 ...]
cma
(6_w,12)-aCMA-ES (mu_w=3.7,w_1=40%) in dimension 17 (seed=431409, Wed Nov 25 16:28:34 2020)
Iterat #Fevals   function value  axis ratio  sigma  min&max std  t[m:s]
    1     12 4.587137976013859e-01 1.0e+00 9.16e-01  9e-01  9e-01 0:00.9
    2     24 2.436681248747141e-01 1.1e+00 8.59e-01  8e-01  9e-01 0:01.8
    3     36 3.201940447367680e-01 1.1e+00 7.96e-01  8e-01  8e-01 0:02.6
    7     84 4.948194055281392e-01 1.3e+00 6.94e-01  7e-01  7e-01 0:06.2
   12    144 3.665138296213984e-01 1.5e+00 6.59e-01  6e-01  7e-01 0:10.6
   18    216 2.524029855535518e-01 1.6e+00 5.14e-01  5e-01  5e-01 0:15.8
   25    300 2.339339308588895e-01 1.8e+00 5.02e-01  5e-01  5e-01 0:22.0
   33    396 1.815170039842788e-01 2.2e+00 4.37e-01  4e-01  5e-01 0:29.2
   43    516 2.665647538681992e-01 2.2e+00 3.87e-01  3e-01  4e-01 0:38.0
   54    648 7.910176173070133e-02 2.4e+00 3.08e-01  3e-01  3e-01 0:47.6
   66    792 9.302602133458275e-02 2.6e+00 2.50e-01  2e-01  3e-01 0:58.2
   79    948 5.830161185951838e-02 2.8e+00 1.48e-01  1e-01  1e-01 1:09.6
   93   1116 5.504344384847566e-02 3.4e+00 1.16e-01  9e-02  1e-01 1:21.9
  100   1200 5.060442347346963e-02 3.5e+00 1.03e-01  8e-02  1e-01 1:28.1
  116   1392 4.627179383818077e-02 3.7e+00 7.49e-02  6e-02  7e-02 1:42.2
  134   1608 3.899133622160294e-02 4.5e+00 7.00e-02  5e-02  7e-02 1:58.0
  153   1836 3.325213743668339e-02 6.8e+00 7.17e-02  5e-02  9e-02 2:14.7
  173   2076 3.063232327732027e-02 7.3e+00 5.16e-02  4e-02  6e-02 2:32.3
  194   2328 2.899988535192749e-02 8.1e+00 4.57e-02  3e-02  5e-02 2:50.8
  200   2400 2.907820471201467e-02 8.3e+00 4.41e-02  3e-02  4e-02 2:56.1
  223   2676 2.818233785745473e-02 1.1e+01 2.94e-02  2e-02  3e-02 3:16.3
  247   2964 2.796717084851518e-02 1.6e+01 1.91e-02  1e-02  3e-02 3:37.4
  273   3276 2.775562733180887e-02 2.1e+01 1.90e-02  9e-03  3e-02 4:00.3
  300   3600 2.729513054247745e-02 3.2e+01 2.38e-02  1e-02  5e-02 4:24.1
  328   3936 2.457362345893697e-02 3.5e+01 7.68e-02  3e-02  2e-01 4:48.7
  357   4284 2.261065420379912e-02 3.1e+01 3.89e-02  1e-02  6e-02 5:14.2
  387   4644 1.983502947615126e-02 2.4e+01 9.46e-02  4e-02  1e-01 5:40.6
  400   4800 2.023333169957064e-02 2.3e+01 1.06e-01  4e-02  1e-01 5:52.0
  432   5184 1.866146745177754e-02 2.1e+01 3.49e-02  1e-02  3e-02 6:20.2
  465   5580 1.801846018687668e-02 2.0e+01 4.44e-02  2e-02  5e-02 6:49.2
  500   6000 1.739575732709935e-02 1.9e+01 5.84e-02  2e-02  6e-02 7:20.0
  536   6432 1.698544398091350e-02 2.0e+01 2.90e-02  9e-03  3e-02 7:51.7
  573   6876 1.676699839086028e-02 2.0e+01 3.25e-02  9e-03  3e-02 8:24.2
  600   7200 1.652255473576690e-02 2.3e+01 4.55e-02  1e-02  4e-02 8:48.0
  639   7668 1.615851104336715e-02 2.0e+01 4.37e-02  1e-02  3e-02 9:22.3
  679   8148 1.559435354824231e-02 2.9e+01 6.73e-02  2e-02  7e-02 9:57.4
  700   8400 1.541819640136531e-02 3.3e+01 3.60e-02  8e-03  4e-02 10:15.9
  743   8916 1.520267047975216e-02 3.3e+01 4.24e-02  8e-03  5e-02 10:53.7
  787   9444 1.489336680722962e-02 2.8e+01 4.93e-02  8e-03  4e-02 11:32.4
  800   9600 1.480939479189290e-02 2.6e+01 3.65e-02  5e-03  2e-02 11:43.9
  846  10152 1.469714775485594e-02 2.9e+01 3.00e-02  3e-03  2e-02 12:24.3
  893  10716 1.452576703271004e-02 3.8e+01 6.73e-02  7e-03  6e-02 13:05.6
  900  10800 1.445906188317657e-02 3.8e+01 6.75e-02  7e-03  6e-02 13:11.8
  949  11388 1.423138553105528e-02 4.7e+01 4.09e-02  4e-03  4e-02 13:54.9
 1000  12000 1.415049333777919e-02 3.9e+01 4.26e-02  5e-03  3e-02 14:39.8
Iterat #Fevals   function value  axis ratio  sigma  min&max std  t[m:s]
 1052  12624 1.412553482390421e-02 4.2e+01 1.34e-02  2e-03  8e-03 15:25.5
 1100  13200 1.412135591432301e-02 5.0e+01 9.40e-03  1e-03  5e-03 16:07.7
 1154  13848 1.412044952684918e-02 4.8e+01 5.26e-03  6e-04  2e-03 16:55.2
 1200  14400 1.412028097694901e-02 6.0e+01 3.03e-03  3e-04  1e-03 17:35.6
 1256  15072 1.412021821640193e-02 7.1e+01 1.43e-03  1e-04  5e-04 18:24.8
 1300  15600 1.412021614847575e-02 7.4e+01 2.48e-04  2e-05  8e-05 19:03.5
 1358  16296 1.412021609660592e-02 8.2e+01 1.24e-05  1e-06  4e-06 19:54.5
 1364  16368 1.412021609655203e-02 8.3e+01 7.55e-06  6e-07  2e-06 19:59.7
termination on tolfun=1e-11 (Wed Nov 25 16:48:36 2020)
final/bestever f-value = 1.412022e-02 1.412022e-02
incumbent solution: [ 3.42315744 -2.40780498 -1.99590499 -0.69047193  1.91130141 -5.35203943
  3.95263375  3.68072527 ...]
std deviations: [7.53160979e-07 1.53871641e-06 7.61623497e-07 1.69353328e-06
 1.04125884e-06 8.34892959e-07 2.17870956e-06 2.10704042e-06 ...]
cma
(6_w,12)-aCMA-ES (mu_w=3.7,w_1=40%) in dimension 17 (seed=397591, Wed Nov 25 16:48:37 2020)
Iterat #Fevals   function value  axis ratio  sigma  min&max std  t[m:s]
    1     12 5.790317102239689e-01 1.0e+00 9.24e-01  9e-01  9e-01 0:00.9
    2     24 4.013275562859914e-01 1.1e+00 9.12e-01  9e-01  9e-01 0:01.8
    3     36 3.837060861942739e-01 1.1e+00 9.31e-01  9e-01  1e+00 0:02.6
    7     84 3.719247375310078e-01 1.4e+00 1.01e+00  1e+00  1e+00 0:06.2
   12    144 4.903927745685884e-01 1.5e+00 1.03e+00  1e+00  1e+00 0:10.6
   18    216 1.110167344997515e-01 1.7e+00 1.06e+00  1e+00  1e+00 0:15.8
   25    300 5.001794949074629e-01 1.8e+00 8.80e-01  8e-01  1e+00 0:22.0
   33    396 2.392483356596807e-01 1.8e+00 7.52e-01  6e-01  9e-01 0:29.0
   43    516 4.384296302637302e-01 2.3e+00 6.84e-01  6e-01  1e+00 0:37.8
   54    648 3.080504651728281e-01 2.7e+00 5.44e-01  5e-01  8e-01 0:47.5
   66    792 2.468224650056696e-01 2.8e+00 3.20e-01  3e-01  5e-01 0:58.0
   79    948 2.156983250840306e-01 2.9e+00 2.48e-01  2e-01  4e-01 1:09.4
   93   1116 1.843907863435845e-01 3.1e+00 1.36e-01  1e-01  2e-01 1:21.6
  100   1200 1.677130177635879e-01 3.1e+00 1.51e-01  1e-01  2e-01 1:27.7
  117   1404 1.293834703380141e-01 3.4e+00 1.25e-01  9e-02  2e-01 1:42.6
  135   1620 7.210571825276596e-02 3.6e+00 1.37e-01  1e-01  2e-01 1:58.3
  154   1848 6.624374293541839e-02 4.3e+00 1.05e-01  8e-02  1e-01 2:15.0
  174   2088 5.986227801464318e-02 4.3e+00 5.92e-02  4e-02  7e-02 2:32.5
  195   2340 5.780596885888072e-02 4.7e+00 3.83e-02  2e-02  4e-02 2:50.8
  200   2400 5.716570188124754e-02 5.2e+00 3.96e-02  3e-02  4e-02 2:55.2
  223   2676 5.460898312941124e-02 7.7e+00 6.93e-02  4e-02  8e-02 3:15.3
  248   2976 4.986284963121847e-02 1.0e+01 4.27e-02  3e-02  6e-02 3:37.2
  274   3288 2.817750841658369e-02 1.2e+01 1.55e-01  9e-02  2e-01 3:59.9
  300   3600 2.442826049592092e-02 1.1e+01 5.87e-02  3e-02  7e-02 4:22.6
  328   3936 2.263921791719085e-02 1.2e+01 3.65e-02  1e-02  4e-02 4:47.1
  357   4284 2.245745996279721e-02 1.3e+01 1.78e-02  6e-03  2e-02 5:12.4
  387   4644 2.229619374404489e-02 1.5e+01 1.79e-02  5e-03  2e-02 5:38.7
  400   4800 2.221348987610373e-02 1.9e+01 2.03e-02  6e-03  2e-02 5:50.1
  433   5196 2.212400457886852e-02 2.7e+01 1.52e-02  4e-03  2e-02 6:18.9
  467   5604 2.207509574868234e-02 3.6e+01 1.16e-02  2e-03  2e-02 6:48.7
  500   6000 2.204495106488872e-02 4.6e+01 9.04e-03  2e-03  1e-02 7:17.6
  536   6432 2.204057869917678e-02 5.2e+01 3.11e-03  5e-04  5e-03 7:49.0
  573   6876 2.203756790989910e-02 6.3e+01 9.46e-03  1e-03  1e-02 8:21.4
  600   7200 2.203259464190074e-02 8.7e+01 9.61e-03  1e-03  2e-02 8:45.0
  639   7668 2.202733745908096e-02 1.1e+02 9.61e-03  1e-03  2e-02 9:19.1
  679   8148 2.201922370697881e-02 1.2e+02 1.22e-02  1e-03  2e-02 9:54.1
  700   8400 2.201811901585992e-02 1.3e+02 8.17e-03  8e-04  2e-02 10:12.5
  743   8916 2.201544645903446e-02 1.7e+02 6.12e-03  5e-04  1e-02 10:50.1
  787   9444 2.201461455226144e-02 2.7e+02 3.11e-03  2e-04  1e-02 11:28.6
  800   9600 2.201454419758460e-02 2.8e+02 2.64e-03  2e-04  8e-03 11:39.9
  846  10152 2.201447496644999e-02 3.4e+02 1.08e-03  6e-05  3e-03 12:20.0
  894  10728 2.201446951568287e-02 3.5e+02 3.26e-04  2e-05  9e-04 13:01.7
  900  10800 2.201446912982139e-02 3.6e+02 2.90e-04  1e-05  8e-04 13:06.8
  951  11412 2.201446859901849e-02 3.9e+02 6.33e-05  2e-06  1e-04 13:50.6
  996  11952 2.201446859463322e-02 4.7e+02 4.82e-06  2e-07  1e-05 14:29.2
/home/adrianps/Universal-Approximator/qibo_sim/classes/ApproximantNN.py:437: RuntimeWarning: More than 20 figures have been opened. Figures created through the pyplot interface (`matplotlib.pyplot.figure`) are retained until explicitly closed and may consume too much memory. (To control this warning, see the rcParam `figure.max_open_warning`).
  fig, axs = plt.subplots()
/home/adrianps/Universal-Approximator/qibo_sim/classes/ApproximantNN.py:452: RuntimeWarning: More than 20 figures have been opened. Figures created through the pyplot interface (`matplotlib.pyplot.figure`) are retained until explicitly closed and may consume too much memory. (To control this warning, see the rcParam `figure.max_open_warning`).
  fig, axs = plt.subplots()
/home/adrianps/Universal-Approximator/qibo_sim/classes/ApproximantNN.py:437: RuntimeWarning: More than 20 figures have been opened. Figures created through the pyplot interface (`matplotlib.pyplot.figure`) are retained until explicitly closed and may consume too much memory. (To control this warning, see the rcParam `figure.max_open_warning`).
  fig, axs = plt.subplots()
/home/adrianps/Universal-Approximator/qibo_sim/classes/ApproximantNN.py:452: RuntimeWarning: More than 20 figures have been opened. Figures created through the pyplot interface (`matplotlib.pyplot.figure`) are retained until explicitly closed and may consume too much memory. (To control this warning, see the rcParam `figure.max_open_warning`).
  fig, axs = plt.subplots()
termination on tolfun=1e-11 (Wed Nov 25 17:03:07 2020)
final/bestever f-value = 2.201447e-02 2.201447e-02
incumbent solution: [ 2.87059026e+00 -2.86442387e-06  5.71553821e+00  4.94249806e+00
 -1.34002544e+00 -3.43412343e+00  3.14158603e+00  1.33430017e+00 ...]
std deviations: [3.83327551e-06 1.72876561e-06 3.37015260e-06 5.18529089e-06
 9.89813128e-06 1.79618203e-06 4.59883357e-06 8.22835933e-06 ...]
