cma
(3_w,6)-aCMA-ES (mu_w=2.0,w_1=63%) in dimension 2 (seed=592427, Fri Nov 27 15:27:04 2020)
Iterat #Fevals   function value  axis ratio  sigma  min&max std  t[m:s]
    1      6 6.430164116547591e-01 1.0e+00 9.67e-01  9e-01  1e+00 0:00.3
    2     12 5.143125821779206e-01 1.1e+00 7.74e-01  6e-01  7e-01 0:00.5
    3     18 4.261807221465153e-01 1.2e+00 7.33e-01  5e-01  7e-01 0:00.8
   15     90 4.253764366451258e-01 1.5e+00 1.57e-01  4e-02  5e-02 0:04.0
   31    186 4.250163719359795e-01 3.8e+00 1.52e-02  9e-04  1e-03 0:08.2
   51    306 4.250161863471831e-01 3.4e+00 1.42e-03  2e-05  3e-05 0:13.4
   73    438 4.250161863168291e-01 2.5e+00 2.05e-05  2e-08  4e-08 0:19.2
termination on tolfun=1e-11 (Fri Nov 27 15:27:23 2020)
final/bestever f-value = 4.250162e-01 4.250162e-01
incumbent solution: [-0.8138758068319307, 1.6343072119520334]
std deviation: [2.0137106437613925e-08, 3.908965484897714e-08]
cma
(3_w,6)-aCMA-ES (mu_w=2.0,w_1=63%) in dimension 2 (seed=544021, Fri Nov 27 15:27:24 2020)
Iterat #Fevals   function value  axis ratio  sigma  min&max std  t[m:s]
    1      6 8.363538265813751e-01 1.0e+00 8.89e-01  8e-01  9e-01 0:00.3
    2     12 4.736467116196589e-01 1.4e+00 1.17e+00  1e+00  1e+00 0:00.5
    3     18 4.847387864179607e-01 2.3e+00 1.21e+00  1e+00  1e+00 0:00.8
   15     90 4.279712333050931e-01 4.1e+00 2.10e-01  7e-02  1e-01 0:03.9
   31    186 4.250162288140502e-01 3.7e+00 1.14e-02  6e-04  1e-03 0:08.1
   51    306 4.250161863171717e-01 1.8e+00 8.56e-04  9e-06  1e-05 0:13.3
   69    414 4.250161863168295e-01 4.9e+00 3.62e-05  8e-08  1e-07 0:18.0
termination on tolfun=1e-11 (Fri Nov 27 15:27:42 2020)
final/bestever f-value = 4.250162e-01 4.250162e-01
incumbent solution: [3.9554684894756473, -1.6343072102365026]
std deviation: [7.946433200690687e-08, 1.4455175306973097e-07]
cma
(4_w,8)-aCMA-ES (mu_w=2.6,w_1=52%) in dimension 5 (seed=574254, Fri Nov 27 15:27:42 2020)
Iterat #Fevals   function value  axis ratio  sigma  min&max std  t[m:s]
    1      8 7.200277235290976e-01 1.0e+00 9.29e-01  9e-01  9e-01 0:00.4
    2     16 1.872291169954215e-01 1.2e+00 1.17e+00  1e+00  1e+00 0:00.8
    3     24 9.066504153222252e-02 1.4e+00 1.09e+00  9e-01  1e+00 0:01.3
   11     88 9.381904320036957e-02 2.1e+00 5.73e-01  3e-01  6e-01 0:04.7
   21    168 7.398632403101570e-02 3.0e+00 4.01e-01  2e-01  4e-01 0:08.9
   34    272 2.453785245954383e-02 3.6e+00 1.71e-01  5e-02  1e-01 0:14.2
   49    392 1.528015356896316e-02 6.4e+00 1.23e-01  3e-02  1e-01 0:20.5
   66    528 1.421384719311153e-02 6.0e+00 4.12e-02  5e-03  2e-02 0:27.5
   86    688 1.411540580681352e-02 6.4e+00 1.57e-02  1e-03  4e-03 0:35.8
  100    800 1.411156577499804e-02 5.5e+00 2.97e-03  2e-04  5e-04 0:41.6
  125   1000 1.411153800694725e-02 7.3e+00 3.90e-04  1e-05  5e-05 0:52.0
  152   1216 1.411153790751342e-02 1.0e+01 1.43e-05  2e-07  8e-07 1:03.2
  160   1280 1.411153790749031e-02 1.0e+01 5.52e-06  6e-08  2e-07 1:06.5
termination on tolfun=1e-11 (Fri Nov 27 15:28:49 2020)
final/bestever f-value = 1.411154e-02 1.411154e-02
incumbent solution: [-0.01605440431521068, -2.3507034631823815, -0.8651926220440268, -2.4910044625996055, 0.8973491188632933]
std deviation: [6.374770969369244e-08, 1.3927932935232112e-07, 5.723386885940105e-08, 7.945290925120376e-08, 2.2066528233074986e-07]
cma
(4_w,8)-aCMA-ES (mu_w=2.6,w_1=52%) in dimension 5 (seed=647495, Fri Nov 27 15:28:49 2020)
Iterat #Fevals   function value  axis ratio  sigma  min&max std  t[m:s]
    1      8 7.505487300888342e-01 1.0e+00 1.01e+00  9e-01  1e+00 0:00.4
    2     16 7.714156871150036e-01 1.4e+00 9.40e-01  9e-01  1e+00 0:00.8
    3     24 1.449971932046264e-01 1.4e+00 9.20e-01  8e-01  1e+00 0:01.3
   11     88 2.074765651608766e-01 2.0e+00 6.02e-01  4e-01  6e-01 0:04.6
   21    168 6.864280010923000e-02 3.2e+00 2.10e-01  8e-02  2e-01 0:08.8
   33    264 3.945084013419978e-02 7.2e+00 1.81e-01  5e-02  2e-01 0:13.8
   48    384 2.762850810965239e-02 7.5e+00 1.01e-01  2e-02  1e-01 0:20.1
   65    520 2.710256247200907e-02 7.0e+00 1.76e-02  2e-03  1e-02 0:27.2
   85    680 2.709921677094913e-02 8.6e+00 1.79e-03  1e-04  5e-04 0:35.5
  100    800 2.709918993095617e-02 7.7e+00 4.21e-04  2e-05  7e-05 0:41.8
  125   1000 2.709918971504617e-02 7.9e+00 4.49e-05  1e-06  5e-06 0:52.2
  150   1200 2.709918971343087e-02 6.5e+00 3.54e-06  5e-08  2e-07 1:02.5
termination on tolfun=1e-11 (Fri Nov 27 15:29:52 2020)
final/bestever f-value = 2.709919e-02 2.709919e-02
incumbent solution: [3.1687643832150405, -2.4095619624152667, 0.8380755239403779, 2.30338819739499, 4.107905007477397]
std deviation: [5.792718702381455e-08, 1.1962369418300675e-07, 4.918945159260391e-08, 9.424577316932864e-08, 1.5749805256880793e-07]
cma
(5_w,10)-aCMA-ES (mu_w=3.2,w_1=45%) in dimension 8 (seed=638031, Fri Nov 27 15:29:52 2020)
Iterat #Fevals   function value  axis ratio  sigma  min&max std  t[m:s]
    1     10 1.833462641101185e-01 1.0e+00 1.07e+00  1e+00  1e+00 0:00.6
    2     20 8.268062491381228e-01 1.2e+00 1.10e+00  1e+00  1e+00 0:01.2
    3     30 4.483104163066151e-01 1.2e+00 1.02e+00  9e-01  1e+00 0:01.8
    8     80 2.267800582282229e-01 1.7e+00 7.23e-01  6e-01  7e-01 0:04.9
   15    150 1.520069023935789e-01 2.0e+00 5.12e-01  4e-01  6e-01 0:09.2
   24    240 6.071590057629683e-02 3.0e+00 4.04e-01  3e-01  4e-01 0:14.6
   34    340 2.141107185442130e-02 3.6e+00 2.10e-01  1e-01  2e-01 0:20.7
   46    460 1.719669763092984e-02 5.0e+00 1.29e-01  7e-02  1e-01 0:28.0
   60    600 1.066380106716228e-02 7.4e+00 6.08e-02  3e-02  6e-02 0:36.5
   75    750 9.943187513092342e-03 8.5e+00 3.00e-02  1e-02  3e-02 0:45.6
   92    920 9.743318128553809e-03 1.3e+01 1.65e-02  5e-03  2e-02 0:55.9
  100   1000 9.709289969435941e-03 1.6e+01 1.67e-02  4e-03  2e-02 1:00.7
  120   1200 9.498781888325900e-03 3.9e+01 2.61e-02  6e-03  5e-02 1:12.9
  142   1420 9.338554826043562e-03 3.1e+01 2.10e-02  4e-03  3e-02 1:26.2
  166   1660 9.101935648732183e-03 4.0e+01 5.95e-02  9e-03  9e-02 1:40.8
  191   1910 8.990427852290270e-03 4.4e+01 4.83e-02  7e-03  6e-02 1:56.0
  200   2000 8.955766281216615e-03 5.0e+01 3.55e-02  5e-03  5e-02 2:01.4
  229   2290 8.424969882500466e-03 3.9e+01 1.03e-01  9e-03  7e-02 2:19.0
  259   2590 8.127673023910232e-03 2.5e+01 6.82e-02  5e-03  2e-02 2:37.3
  291   2910 8.114286933492899e-03 2.2e+01 6.20e-03  3e-04  1e-03 2:56.7
  300   3000 8.114263839625024e-03 1.9e+01 2.99e-03  1e-04  4e-04 3:02.1
  335   3350 8.114257085484040e-03 2.0e+01 1.59e-04  4e-06  1e-05 3:23.3
  368   3680 8.114257078458751e-03 1.9e+01 1.64e-05  3e-07  8e-07 3:43.3
termination on tolfun=1e-11 (Fri Nov 27 15:33:36 2020)
final/bestever f-value = 8.114257e-03 8.114257e-03
incumbent solution: [3.504034645277686, -2.45462355256552, -0.5409639797988183, 0.06444621877885427, 4.6996665177052845, -2.6880912325786017, 1.1729846384442193, 0.7894975711983281]
std deviation: [4.7841119363509e-07, 6.259129700749942e-07, 2.874551271505131e-07, 4.33432597186229e-07, 7.524209437320332e-07, 2.791614429379213e-07, 7.466458126190509e-07, 7.585138776806792e-07]
cma
(5_w,10)-aCMA-ES (mu_w=3.2,w_1=45%) in dimension 8 (seed=513959, Fri Nov 27 15:33:37 2020)
Iterat #Fevals   function value  axis ratio  sigma  min&max std  t[m:s]
    1     10 2.712211309521005e-01 1.0e+00 1.00e+00  1e+00  1e+00 0:00.6
    2     20 7.105907747748726e-01 1.3e+00 9.73e-01  9e-01  1e+00 0:01.2
    3     30 1.883217834426567e-01 1.3e+00 9.69e-01  9e-01  1e+00 0:01.8
    8     80 2.072084599946355e-01 2.0e+00 9.11e-01  8e-01  1e+00 0:04.8
   15    150 9.510004967623356e-02 2.4e+00 5.97e-01  5e-01  7e-01 0:09.1
   24    240 2.049471426920410e-01 3.1e+00 3.22e-01  2e-01  3e-01 0:14.5
   34    340 8.482735400830364e-02 3.5e+00 2.79e-01  2e-01  3e-01 0:20.6
   46    460 5.977222618977456e-02 4.2e+00 2.05e-01  1e-01  2e-01 0:27.9
   60    600 3.717737857522049e-02 5.2e+00 1.81e-01  1e-01  2e-01 0:36.4
   75    750 2.678865071235010e-02 8.6e+00 1.30e-01  7e-02  1e-01 0:45.4
   92    920 2.615329230570158e-02 1.4e+01 5.87e-02  3e-02  6e-02 0:55.8
  100   1000 2.612902707626407e-02 1.9e+01 3.12e-02  1e-02  3e-02 1:00.6
  120   1200 2.612448027469623e-02 2.3e+01 6.95e-03  2e-03  6e-03 1:12.8
  142   1420 2.607611674632739e-02 7.3e+01 3.25e-02  8e-03  6e-02 1:26.2
  166   1660 2.596118059390288e-02 1.1e+02 2.85e-02  5e-03  7e-02 1:40.8
  191   1910 2.588432549029384e-02 1.8e+02 3.19e-02  4e-03  9e-02 1:55.9
  200   2000 2.586825187957853e-02 2.1e+02 3.46e-02  3e-03  9e-02 2:01.4
  228   2280 2.500486165385204e-02 2.0e+02 1.49e-01  1e-02  3e-01 2:18.5
  258   2580 1.549370842892410e-02 5.8e+01 4.62e-01  3e-02  2e-01 2:36.7
  290   2900 9.765099996341443e-03 2.2e+01 2.05e-01  1e-02  4e-02 2:56.1
  300   3000 9.720050021879936e-03 2.2e+01 1.05e-01  4e-03  2e-02 3:02.1
  335   3350 9.619051701461115e-03 3.0e+01 2.16e-01  8e-03  4e-02 3:23.4
  372   3720 8.900139400097063e-03 3.2e+01 3.97e-01  8e-03  6e-02 3:45.8
  400   4000 8.746832785990746e-03 4.1e+01 1.43e-01  2e-03  2e-02 4:02.8
  440   4400 8.743384036840510e-03 3.4e+01 6.43e-03  5e-05  4e-04 4:27.1
  482   4820 8.743382621668690e-03 4.6e+01 3.40e-04  2e-06  1e-05 4:52.6
  500   5000 8.743382620472868e-03 4.1e+01 7.73e-05  3e-07  2e-06 5:03.5
  505   5050 8.743382620441191e-03 4.3e+01 4.89e-05  2e-07  1e-06 5:06.5
termination on tolfun=1e-11 (Fri Nov 27 15:38:44 2020)
final/bestever f-value = 8.743383e-03 8.743383e-03
incumbent solution: [-0.14819861846259305, -2.323666587047945, -0.774911103106802, 2.604982180324559, 4.960601443017945, -0.1836553224469022, 1.3947672173461383, -4.10297723338729]
std deviation: [2.4528490139251737e-07, 2.7495050931249433e-07, 1.9925605872188668e-07, 8.79678227949386e-07, 1.0526628935285363e-06, 1.6331200230375658e-07, 1.0953448100325801e-06, 1.3325569003646842e-06]
cma
(5_w,11)-aCMA-ES (mu_w=3.4,w_1=42%) in dimension 11 (seed=581125, Fri Nov 27 15:38:44 2020)
Iterat #Fevals   function value  axis ratio  sigma  min&max std  t[m:s]
    1     11 6.242772472289034e-01 1.0e+00 9.23e-01  9e-01  9e-01 0:00.8
    2     22 4.737144417306667e-01 1.1e+00 9.37e-01  9e-01  1e+00 0:01.5
    3     33 5.191104953260701e-01 1.2e+00 9.20e-01  9e-01  9e-01 0:02.3
    7     77 4.476436552946927e-01 1.5e+00 9.04e-01  8e-01  1e+00 0:05.4
   13    143 1.821476518178393e-01 1.8e+00 5.23e-01  4e-01  5e-01 0:09.9
   20    220 7.283845123735085e-02 1.8e+00 3.04e-01  2e-01  3e-01 0:15.1
   29    319 4.463929659027365e-02 2.3e+00 2.34e-01  2e-01  2e-01 0:21.8
   39    429 3.060066540663754e-02 2.9e+00 1.36e-01  9e-02  1e-01 0:29.3
   50    550 1.488953161610660e-02 3.3e+00 6.78e-02  4e-02  6e-02 0:37.5
   63    693 1.302527046802182e-02 4.0e+00 5.20e-02  3e-02  5e-02 0:47.3
   77    847 1.163772710619822e-02 5.8e+00 3.93e-02  2e-02  4e-02 0:57.8
   92   1012 1.067457690056704e-02 8.8e+00 4.34e-02  2e-02  6e-02 1:09.0
  100   1100 1.001227786357013e-02 1.1e+01 4.35e-02  2e-02  6e-02 1:15.0
  118   1298 9.218866788540137e-03 1.5e+01 4.40e-02  2e-02  7e-02 1:28.5
  137   1507 7.918004858125795e-03 1.6e+01 5.65e-02  3e-02  8e-02 1:42.7
  157   1727 5.648435868006061e-03 1.9e+01 8.14e-02  3e-02  1e-01 1:57.7
  179   1969 4.886096006002871e-03 2.2e+01 4.54e-02  1e-02  6e-02 2:14.2
  200   2200 4.807705678342479e-03 2.6e+01 2.84e-02  6e-03  4e-02 2:29.9
  225   2475 4.648160142687162e-03 3.2e+01 3.26e-02  5e-03  4e-02 2:48.6
  251   2761 4.562460553288488e-03 3.7e+01 1.71e-02  2e-03  2e-02 3:08.1
  278   3058 4.537159720251148e-03 3.7e+01 7.87e-03  6e-04  8e-03 3:28.3
  300   3300 4.534604634531939e-03 3.8e+01 6.46e-03  5e-04  6e-03 3:44.7
  330   3630 4.534068143618870e-03 6.3e+01 1.33e-03  6e-05  1e-03 4:07.0
  361   3971 4.534054684579158e-03 1.2e+02 6.23e-04  3e-05  7e-04 4:30.1
  394   4334 4.534052633296741e-03 1.6e+02 2.29e-04  7e-06  3e-04 4:54.7
  400   4400 4.534052487168013e-03 1.5e+02 2.53e-04  7e-06  3e-04 4:59.2
  435   4785 4.534048415288533e-03 5.8e+02 1.14e-03  2e-05  4e-03 5:25.3
  472   5192 4.534037398621684e-03 5.7e+02 1.89e-03  3e-05  5e-03 5:52.8
  500   5500 4.534028716666865e-03 5.4e+02 1.49e-03  2e-05  3e-03 6:13.6
  540   5940 4.534010697889054e-03 6.1e+02 3.58e-03  4e-05  7e-03 6:43.4
  581   6391 4.533998407956647e-03 6.5e+02 2.27e-03  2e-05  4e-03 7:14.0
  600   6600 4.533989714778737e-03 6.0e+02 2.61e-03  2e-05  4e-03 7:28.1
  643   7073 4.533970059336926e-03 5.2e+02 2.06e-03  1e-05  2e-03 8:00.2
  688   7568 4.533944083253039e-03 6.4e+02 4.21e-03  3e-05  3e-03 8:33.6
  700   7700 4.533937228674409e-03 6.6e+02 5.18e-03  3e-05  4e-03 8:42.7
  747   8217 4.533902966405356e-03 5.5e+02 5.55e-03  3e-05  4e-03 9:17.7
  796   8756 4.533875167135430e-03 3.5e+02 6.37e-03  3e-05  2e-03 9:54.2
  800   8800 4.533875373588928e-03 3.7e+02 7.02e-03  3e-05  2e-03 9:57.2
  851   9361 4.533834483911343e-03 3.6e+02 1.49e-02  5e-05  4e-03 10:35.3
  900   9900 4.533804730424086e-03 3.6e+02 9.36e-03  2e-05  2e-03 11:11.8
  954  10494 4.533763137474973e-03 4.3e+02 1.95e-02  4e-05  3e-03 11:52.2
 1000  11000 4.533723224566513e-03 2.8e+02 3.28e-02  5e-05  4e-03 12:26.5
Iterat #Fevals   function value  axis ratio  sigma  min&max std  t[m:s]
 1056  11616 4.533665712377738e-03 2.3e+02 4.79e-02  6e-05  3e-03 13:08.7
 1100  12100 4.533604189022598e-03 2.3e+02 3.68e-02  3e-05  2e-03 13:41.8
 1159  12749 4.533517634651507e-03 2.6e+02 8.16e-02  6e-05  3e-03 14:26.3
 1200  13200 4.533452017380648e-03 2.6e+02 1.37e-01  8e-05  4e-03 14:57.3
 1261  13871 4.533318175802609e-03 2.2e+02 1.65e-01  7e-05  4e-03 15:43.3
 1300  14300 4.533247867990144e-03 1.9e+02 2.41e-01  9e-05  5e-03 16:12.7
 1364  15004 4.533033927893403e-03 1.4e+02 3.47e-01  1e-04  5e-03 17:01.0
 1400  15400 4.532923741264833e-03 1.4e+02 2.82e-01  7e-05  3e-03 17:28.1
 1467  16137 4.532662599470277e-03 1.9e+02 4.77e-01  8e-05  4e-03 18:18.7
 1500  16500 4.532531706438992e-03 1.7e+02 5.88e-01  8e-05  5e-03 18:43.7
 1569  17259 4.532037207240758e-03 1.9e+02 1.04e+00  1e-04  7e-03 19:35.9
 1600  17600 4.531817757846466e-03 1.7e+02 1.24e+00  1e-04  7e-03 19:59.4
 1672  18392 4.531410753015355e-03 2.2e+02 1.81e+00  1e-04  1e-02 20:53.8
 1700  18700 4.531032324861096e-03 1.9e+02 2.76e+00  2e-04  1e-02 21:14.9
 1775  19525 4.529879819801148e-03 1.8e+02 2.55e+00  1e-04  8e-03 22:11.4
 1800  19800 4.529514940804840e-03 2.0e+02 5.72e+00  2e-04  2e-02 22:30.3
 1878  20658 4.526369832359186e-03 1.4e+02 1.04e+01  4e-04  1e-02 23:29.0
 1900  20900 4.524833457866908e-03 1.4e+02 2.07e+01  7e-04  2e-02 23:45.6
 1979  21769 4.515101552584964e-03 1.1e+02 2.34e+01  5e-04  1e-02 24:45.8
 2000  22000 4.512072967503227e-03 8.7e+01 2.30e+01  4e-04  9e-03 25:01.8
Iterat #Fevals   function value  axis ratio  sigma  min&max std  t[m:s]
 2082  22902 4.489678190417207e-03 8.1e+01 6.01e+01  1e-03  2e-02 26:04.4
 2100  23100 4.483218124862540e-03 1.1e+02 6.86e+01  1e-03  2e-02 26:18.1
 2184  24024 4.455468791005305e-03 1.4e+02 7.30e+01  1e-03  2e-02 27:22.1
 2200  24200 4.449060875200502e-03 1.4e+02 1.37e+02  2e-03  4e-02 27:34.3
 2287  25157 4.087991928561767e-03 1.1e+02 9.52e+02  1e-02  1e-01 28:40.6
 2300  25300 4.009249690831051e-03 1.0e+02 1.05e+03  1e-02  1e-01 28:50.5
 2390  26290 3.289443381720842e-03 8.1e+01 2.19e+02  6e-04  1e-02 29:59.0
 2400  26400 3.286975301615162e-03 8.0e+01 2.65e+02  7e-04  1e-02 30:06.6
 2493  27423 3.285596974386163e-03 9.6e+01 3.05e+00  4e-06  9e-05 31:17.4
 2500  27500 3.285596938105229e-03 9.7e+01 1.76e+00  2e-06  5e-05 31:22.7
 2539  27929 3.285596931934616e-03 8.2e+01 1.38e-01  1e-07  3e-06 31:52.4
termination on tolfun=1e-11 (Fri Nov 27 16:10:40 2020)
final/bestever f-value = 3.285597e-03 3.285597e-03
incumbent solution: [-0.37633955  2.43557799 -2.75584376 -3.26634905  4.84800167 -2.58312019
  0.14839108 -4.99796958 ...]
std deviations: [1.29859003e-06 6.74927260e-07 4.86445457e-07 5.98988834e-07
 8.23757181e-07 3.71641618e-07 9.42854559e-07 2.05786053e-06 ...]
cma
(5_w,11)-aCMA-ES (mu_w=3.4,w_1=42%) in dimension 11 (seed=606329, Fri Nov 27 16:10:40 2020)
Iterat #Fevals   function value  axis ratio  sigma  min&max std  t[m:s]
    1     11 7.509018627018849e-01 1.0e+00 9.59e-01  9e-01  1e+00 0:00.8
    2     22 3.338637296715833e-01 1.2e+00 9.52e-01  9e-01  1e+00 0:01.5
    3     33 5.905772814624221e-01 1.3e+00 9.73e-01  9e-01  1e+00 0:02.3
    7     77 7.223157511476479e-01 1.6e+00 1.09e+00  1e+00  1e+00 0:05.3
   13    143 1.011827134093495e+00 1.9e+00 1.03e+00  8e-01  1e+00 0:09.9
   20    220 7.383216508897341e-01 2.1e+00 1.00e+00  8e-01  1e+00 0:15.2
   28    308 1.312023340630094e-01 2.3e+00 7.95e-01  6e-01  9e-01 0:21.3
   38    418 4.716676098252507e-02 2.4e+00 6.30e-01  4e-01  7e-01 0:28.9
   49    539 1.540532575622175e-01 2.8e+00 3.83e-01  3e-01  4e-01 0:37.2
   61    671 3.387664900942798e-02 3.3e+00 1.50e-01  8e-02  1e-01 0:46.4
   75    825 2.679848869666221e-02 4.7e+00 6.15e-02  3e-02  6e-02 0:57.0
   90    990 2.619556821046812e-02 6.2e+00 2.56e-02  1e-02  2e-02 1:08.4
  100   1100 2.609930296134271e-02 8.8e+00 3.05e-02  1e-02  3e-02 1:16.0
  118   1298 2.430350360561992e-02 1.5e+01 5.96e-02  2e-02  7e-02 1:29.7
  137   1507 1.796016967367712e-02 1.8e+01 9.19e-02  3e-02  1e-01 1:44.2
  157   1727 6.350783078403426e-03 2.1e+01 1.01e-01  3e-02  1e-01 1:59.4
  179   1969 3.542692219992506e-03 2.3e+01 4.56e-02  1e-02  6e-02 2:16.1
  200   2200 3.023364441750712e-03 2.2e+01 2.18e-02  6e-03  2e-02 2:32.0
  224   2464 2.959372104027062e-03 1.7e+01 1.33e-02  3e-03  1e-02 2:50.3
  250   2750 2.901973846807162e-03 1.9e+01 3.58e-02  1e-02  3e-02 3:10.0
  277   3047 2.760792301455383e-03 3.1e+01 3.03e-02  8e-03  3e-02 3:30.5
  300   3300 2.656347580524543e-03 3.8e+01 3.71e-02  9e-03  4e-02 3:48.0
  329   3619 2.502446721426920e-03 3.4e+01 4.46e-02  7e-03  3e-02 4:10.1
  360   3960 2.433445929546346e-03 3.7e+01 1.47e-02  1e-03  1e-02 4:33.7
  392   4312 2.424245535040255e-03 3.7e+01 8.84e-03  7e-04  5e-03 4:58.0
  400   4400 2.423418504256001e-03 4.1e+01 8.50e-03  6e-04  5e-03 5:04.1
  435   4785 2.423313241760403e-03 3.7e+01 1.02e-03  6e-05  4e-04 5:30.7
  471   5181 2.423311201890771e-03 4.3e+01 1.49e-04  7e-06  5e-05 5:58.1
  500   5500 2.423311177729435e-03 4.9e+01 2.08e-05  7e-07  6e-06 6:20.2
  517   5687 2.423311177435511e-03 4.8e+01 6.56e-06  2e-07  2e-06 6:33.1
termination on tolfun=1e-11 (Fri Nov 27 16:17:14 2020)
final/bestever f-value = 2.423311e-03 2.423311e-03
incumbent solution: [ 4.94466301  2.25478901 -1.8551268   3.42901284  4.2303859   0.33965142
  8.30706948 -4.30186577 ...]
std deviations: [8.99030571e-07 6.99395427e-07 6.63669914e-07 7.33082376e-07
 1.69365402e-06 2.00860454e-07 5.89733443e-07 1.56524617e-06 ...]
cma
(5_w,11)-aCMA-ES (mu_w=3.4,w_1=42%) in dimension 14 (seed=588559, Fri Nov 27 16:17:15 2020)
Iterat #Fevals   function value  axis ratio  sigma  min&max std  t[m:s]
    1     11 4.415948201942652e-01 1.0e+00 1.01e+00  1e+00  1e+00 0:00.8
    2     22 8.138446995917190e-01 1.2e+00 1.04e+00  1e+00  1e+00 0:01.7
    3     33 5.047276683724380e-01 1.3e+00 1.04e+00  1e+00  1e+00 0:02.5
    7     77 5.814976680431696e-01 1.5e+00 1.04e+00  1e+00  1e+00 0:05.9
   12    132 8.732472713763592e-01 1.6e+00 1.00e+00  9e-01  1e+00 0:10.1
   18    198 5.076730425428880e-01 1.8e+00 1.25e+00  1e+00  2e+00 0:15.1
   26    286 5.977237246903319e-01 2.1e+00 1.49e+00  1e+00  2e+00 0:21.8
   35    385 8.584312654795896e-01 2.5e+00 2.36e+00  2e+00  3e+00 0:29.3
   45    495 7.440381258492879e-01 2.6e+00 2.19e+00  2e+00  3e+00 0:37.7
   56    616 5.576927853683663e-01 3.2e+00 1.81e+00  1e+00  3e+00 0:46.9
   68    748 7.166746747541907e-01 3.1e+00 1.98e+00  2e+00  3e+00 0:56.9
   82    902 1.162541571203246e+00 3.8e+00 2.53e+00  2e+00  4e+00 1:08.6
   97   1067 9.302878079282016e-01 4.1e+00 2.21e+00  2e+00  3e+00 1:21.1
  100   1100 7.414191182413733e-01 4.2e+00 2.18e+00  2e+00  3e+00 1:23.6
  117   1287 1.029192744660230e+00 4.5e+00 2.61e+00  2e+00  4e+00 1:37.7
  135   1485 1.080886377524466e+00 5.2e+00 1.99e+00  1e+00  3e+00 1:52.7
  155   1705 1.236480393958997e+00 6.0e+00 2.05e+00  1e+00  4e+00 2:09.4
  176   1936 1.189924000651090e+00 7.1e+00 3.51e+00  3e+00  6e+00 2:26.9
  198   2178 8.806526705811253e-01 1.0e+01 2.75e+00  2e+00  6e+00 2:45.3
  200   2200 1.106418703811461e+00 9.9e+00 2.48e+00  2e+00  5e+00 2:46.9
  224   2464 1.078317294455597e+00 1.2e+01 4.18e+00  3e+00  9e+00 3:07.0
  250   2750 1.095447472950716e+00 1.4e+01 3.86e+00  3e+00  9e+00 3:28.7
  277   3047 1.112122482055019e+00 1.7e+01 5.90e+00  4e+00  1e+01 3:51.1
  300   3300 1.318281060696786e+00 1.8e+01 3.48e+00  2e+00  8e+00 4:10.3
  329   3619 1.124751526895658e+00 1.9e+01 4.91e+00  3e+00  1e+01 4:34.5
  359   3949 1.194883423843616e+00 1.7e+01 4.54e+00  3e+00  9e+00 4:59.5
  391   4301 1.059916840534447e+00 1.7e+01 3.48e+00  2e+00  7e+00 5:26.2
  400   4400 8.449667684577169e-01 1.7e+01 3.83e+00  2e+00  7e+00 5:33.8
  434   4774 1.145988767310172e+00 2.1e+01 5.64e+00  3e+00  1e+01 6:02.1
  469   5159 1.087724374936527e+00 2.2e+01 2.51e+00  1e+00  5e+00 6:31.3
  500   5500 1.003004501740606e+00 2.9e+01 1.56e+00  7e-01  4e+00 6:57.1
  538   5918 7.655181266541540e-01 3.2e+01 3.13e+00  1e+00  8e+00 7:28.7
  575   6325 1.266224644281352e+00 3.3e+01 5.12e+00  2e+00  1e+01 7:59.6
termination on tolstagnation=576 (Fri Nov 27 16:25:16 2020)
final/bestever f-value = 1.325109e+00 7.896408e-02
incumbent solution: [-32.34373628   5.37363743 120.24471443 -56.82930606  58.40642513
  49.64432292  -9.29741228 -28.7778418  ...]
std deviations: [ 3.79077648  3.2588547  11.41009725  4.07620661  3.2210235   9.29079779
  4.16029207  4.31074154 ...]
cma
(5_w,11)-aCMA-ES (mu_w=3.4,w_1=42%) in dimension 14 (seed=536510, Fri Nov 27 16:25:17 2020)
Iterat #Fevals   function value  axis ratio  sigma  min&max std  t[m:s]
    1     11 8.496974325093881e-02 1.0e+00 9.35e-01  9e-01  9e-01 0:00.8
    2     22 5.183247002389384e-01 1.1e+00 8.82e-01  9e-01  9e-01 0:01.7
    3     33 2.338922876795387e-01 1.2e+00 8.27e-01  8e-01  8e-01 0:02.5
    7     77 2.343299577972529e-01 1.3e+00 6.83e-01  6e-01  7e-01 0:05.9
   12    132 2.265896665984292e-01 1.4e+00 5.41e-01  5e-01  5e-01 0:10.0
   18    198 1.880107381696780e-01 1.6e+00 5.47e-01  5e-01  6e-01 0:15.0
   26    286 1.537558970888735e-01 1.8e+00 3.87e-01  3e-01  4e-01 0:21.7
   35    385 1.500648323674099e-01 2.0e+00 4.38e-01  4e-01  5e-01 0:29.2
   45    495 2.017461738004509e-01 2.4e+00 3.83e-01  3e-01  4e-01 0:37.6
   56    616 5.447087489822737e-02 2.9e+00 2.62e-01  2e-01  3e-01 0:46.8
   68    748 5.310155349877914e-02 3.1e+00 1.94e-01  1e-01  2e-01 0:56.8
   82    902 2.577058488513173e-02 3.9e+00 1.40e-01  1e-01  1e-01 1:08.5
   97   1067 1.572814038476346e-02 4.4e+00 9.37e-02  6e-02  1e-01 1:21.1
  100   1100 1.338658991769466e-02 4.6e+00 7.93e-02  5e-02  8e-02 1:23.6
  117   1287 8.099558963494902e-03 5.2e+00 6.34e-02  4e-02  6e-02 1:37.9
  135   1485 6.459749912883034e-03 6.1e+00 3.40e-02  2e-02  4e-02 1:53.0
  155   1705 6.197145356458858e-03 8.6e+00 1.79e-02  9e-03  2e-02 2:09.7
  176   1936 5.830991683823208e-03 1.4e+01 2.21e-02  1e-02  3e-02 2:27.3
  198   2178 5.502622596475409e-03 2.1e+01 1.89e-02  1e-02  4e-02 2:45.8
  200   2200 5.452627604385397e-03 2.1e+01 2.03e-02  1e-02  4e-02 2:47.4
  224   2464 5.338118200552179e-03 2.2e+01 1.02e-02  6e-03  2e-02 3:07.5
  250   2750 5.190888924976474e-03 2.4e+01 1.41e-02  8e-03  2e-02 3:29.2
  277   3047 4.833257034285074e-03 2.7e+01 2.63e-02  1e-02  3e-02 3:51.7
  300   3300 4.703796922406299e-03 2.8e+01 3.16e-02  1e-02  4e-02 4:10.8
  329   3619 3.957757276044711e-03 3.6e+01 4.68e-02  2e-02  7e-02 4:35.0
  360   3960 3.542913034488695e-03 4.6e+01 2.82e-02  1e-02  4e-02 5:00.8
  392   4312 2.921755445945394e-03 4.8e+01 3.43e-02  1e-02  5e-02 5:27.5
  400   4400 2.798442945967251e-03 4.7e+01 2.72e-02  8e-03  4e-02 5:34.1
  434   4774 2.190595359444367e-03 5.4e+01 3.69e-02  9e-03  6e-02 6:02.5
  469   5159 1.882607489292807e-03 6.0e+01 3.35e-02  7e-03  6e-02 6:31.6
  500   5500 1.671229304171271e-03 6.2e+01 3.90e-02  6e-03  6e-02 6:57.5
  538   5918 1.414033258556843e-03 7.1e+01 3.02e-02  4e-03  4e-02 7:29.2
  577   6347 1.314138700312100e-03 7.3e+01 2.35e-02  2e-03  3e-02 8:01.7
  600   6600 1.240189754716740e-03 7.7e+01 3.25e-02  4e-03  4e-02 8:20.9
  641   7051 9.538695964512754e-04 1.3e+02 6.11e-02  6e-03  1e-01 8:55.0
  684   7524 7.968596230503764e-04 1.1e+02 4.58e-02  3e-03  7e-02 9:30.8
  700   7700 7.220049613307769e-04 1.1e+02 7.32e-02  5e-03  1e-01 9:44.1
  745   8195 6.454426433826143e-04 1.0e+02 4.80e-02  2e-03  5e-02 10:21.5
  791   8701 6.064189542952339e-04 9.6e+01 3.88e-02  1e-03  3e-02 10:59.8
  800   8800 5.986367918290993e-04 9.6e+01 3.91e-02  1e-03  3e-02 11:07.3
  849   9339 5.732895158061542e-04 9.6e+01 4.26e-02  1e-03  3e-02 11:48.0
  899   9889 5.558749236626739e-04 1.1e+02 3.22e-02  7e-04  2e-02 12:29.6
  900   9900 5.568662281757132e-04 1.1e+02 3.05e-02  7e-04  2e-02 12:30.4
  952  10472 5.419504582659089e-04 1.2e+02 2.65e-02  5e-04  1e-02 13:13.7
 1000  11000 5.342863780583416e-04 1.4e+02 2.79e-02  5e-04  1e-02 13:53.6
Iterat #Fevals   function value  axis ratio  sigma  min&max std  t[m:s]
 1054  11594 5.281017879355772e-04 1.8e+02 2.82e-02  4e-04  1e-02 14:38.7
 1100  12100 5.260740441469817e-04 1.9e+02 1.66e-02  2e-04  7e-03 15:17.1
 1156  12716 5.238774886586032e-04 1.9e+02 1.88e-02  2e-04  9e-03 16:04.7
 1200  13200 5.228343969288438e-04 2.1e+02 2.33e-02  2e-04  9e-03 16:42.1
 1258  13838 5.220374247438099e-04 2.4e+02 1.46e-02  1e-04  6e-03 17:31.5
 1300  14300 5.216587224650844e-04 2.8e+02 1.45e-02  1e-04  6e-03 18:07.2
 1360  14960 5.213281690908397e-04 2.9e+02 1.67e-02  1e-04  6e-03 18:58.2
 1400  15400 5.210939889664814e-04 2.5e+02 2.37e-02  1e-04  6e-03 19:32.3
 1463  16093 5.203377667959171e-04 2.3e+02 4.82e-02  2e-04  9e-03 20:25.9
 1500  16500 5.191846207691290e-04 1.8e+02 6.82e-02  2e-04  9e-03 20:57.3
 1565  17215 5.159351987719156e-04 1.4e+02 6.58e-02  2e-04  7e-03 21:52.6
 1600  17600 5.145153530290752e-04 1.5e+02 1.12e-01  3e-04  1e-02 22:22.3
 1668  18348 5.118845750879399e-04 2.0e+02 1.12e-01  2e-04  1e-02 23:20.1
 1700  18700 5.108210604368507e-04 2.2e+02 7.87e-02  1e-04  8e-03 23:47.4
 1770  19470 5.087868349821026e-04 2.2e+02 1.11e-01  1e-04  1e-02 24:46.9
 1800  19800 5.078716568376919e-04 2.5e+02 1.43e-01  2e-04  1e-02 25:12.4
 1872  20592 5.066948164638675e-04 2.6e+02 1.12e-01  1e-04  8e-03 26:13.7
 1900  20900 5.060708450503187e-04 3.1e+02 1.64e-01  2e-04  1e-02 26:37.5
 1975  21725 5.047772705543186e-04 2.9e+02 1.43e-01  2e-04  7e-03 27:41.3
 2000  22000 5.043746432451192e-04 3.1e+02 1.52e-01  1e-04  8e-03 28:02.5
Iterat #Fevals   function value  axis ratio  sigma  min&max std  t[m:s]
 2077  22847 5.034431360619843e-04 3.0e+02 9.56e-02  7e-05  4e-03 29:08.0
 2100  23100 5.032775000942128e-04 2.7e+02 1.91e-01  1e-04  6e-03 29:27.6
 2179  23969 5.028997123739258e-04 2.9e+02 1.14e-01  7e-05  3e-03 30:34.8
 2200  24200 5.028474813669390e-04 3.1e+02 1.49e-01  8e-05  3e-03 30:52.6
 2282  25102 5.026664842561438e-04 3.2e+02 3.91e-01  2e-04  7e-03 32:02.4
 2300  25300 5.025370021637209e-04 3.1e+02 2.46e-01  9e-05  4e-03 32:17.7
 2384  26224 5.014134646609081e-04 2.4e+02 8.68e-01  3e-04  1e-02 33:29.2
 2400  26400 5.010550724551001e-04 2.1e+02 6.78e-01  2e-04  9e-03 33:42.8
 2486  27346 5.000684422318748e-04 2.4e+02 5.13e-01  1e-04  5e-03 34:55.9
 2500  27500 4.999711649156302e-04 2.5e+02 3.63e-01  6e-05  3e-03 35:07.8
 2589  28479 4.995668392704718e-04 2.7e+02 2.70e-01  4e-05  2e-03 36:23.5
 2600  28600 4.995504479753687e-04 3.0e+02 3.37e-01  5e-05  3e-03 36:32.9
 2691  29601 4.995078910138795e-04 3.4e+02 4.93e-01  4e-05  3e-03 37:50.3
 2700  29700 4.994906212283094e-04 3.4e+02 4.70e-01  4e-05  3e-03 37:57.9
 2793  30723 4.994245936516088e-04 3.8e+02 1.50e-01  9e-06  8e-04 39:17.0
 2800  30800 4.994244412471714e-04 4.2e+02 1.69e-01  1e-05  9e-04 39:22.9
 2896  31856 4.994241099869338e-04 4.7e+02 6.58e-03  2e-07  3e-05 40:44.5
 2900  31900 4.994241098989729e-04 4.9e+02 5.30e-03  2e-07  2e-05 40:47.9
 2903  31933 4.994241098280578e-04 4.8e+02 5.01e-03  2e-07  2e-05 40:50.5
termination on tolfun=1e-11 (Fri Nov 27 17:06:14 2020)
final/bestever f-value = 4.994241e-04 4.994241e-04
incumbent solution: [-0.12499133  7.69297334  3.27304043  2.93587521  5.32422977 -0.77764702
  0.91611781  3.64947794 ...]
std deviations: [1.39928475e-06 4.47575611e-06 1.78287216e-07 1.61117323e-06
 4.68014247e-06 1.46951100e-06 1.91311674e-05 1.08946244e-05 ...]
cma
(6_w,12)-aCMA-ES (mu_w=3.7,w_1=40%) in dimension 17 (seed=589541, Fri Nov 27 17:06:14 2020)
Iterat #Fevals   function value  axis ratio  sigma  min&max std  t[m:s]
    1     12 6.513074633011366e-01 1.0e+00 9.56e-01  9e-01  1e+00 0:01.0
    2     24 9.526871865580584e-01 1.1e+00 9.02e-01  9e-01  9e-01 0:02.0
    3     36 1.201350867694899e-01 1.2e+00 9.08e-01  9e-01  9e-01 0:03.0
    6     72 4.932874413131197e-01 1.3e+00 8.68e-01  8e-01  9e-01 0:06.0
   10    120 7.595416775420396e-01 1.3e+00 9.01e-01  9e-01  9e-01 0:10.0
   15    180 9.226063662201579e-01 1.5e+00 9.70e-01  9e-01  1e+00 0:15.0
   21    252 5.098944408774054e-01 1.7e+00 9.41e-01  9e-01  1e+00 0:21.1
   28    336 7.437578111020765e-01 1.8e+00 9.34e-01  8e-01  1e+00 0:28.1
   36    432 7.883457547407392e-01 1.9e+00 9.43e-01  8e-01  1e+00 0:36.3
   45    540 5.118177028952633e-01 2.3e+00 8.92e-01  7e-01  1e+00 0:45.4
   55    660 6.225082332054744e-01 2.5e+00 1.09e+00  8e-01  1e+00 0:55.4
   66    792 4.211834831731236e-01 2.4e+00 7.73e-01  6e-01  9e-01 1:06.4
   78    936 6.106594059256826e-01 2.7e+00 7.97e-01  6e-01  9e-01 1:18.5
   91   1092 8.595876863637567e-01 2.9e+00 6.95e-01  5e-01  8e-01 1:31.5
  100   1200 5.889028144448420e-01 3.0e+00 6.10e-01  4e-01  7e-01 1:40.5
  115   1380 5.520583029738573e-01 3.3e+00 3.48e-01  2e-01  4e-01 1:55.6
  131   1572 4.448783469945451e-01 3.8e+00 2.07e-01  1e-01  3e-01 2:11.6
  148   1776 3.915945712294766e-01 3.8e+00 1.55e-01  9e-02  2e-01 2:28.7
  166   1992 3.636029615696204e-01 3.9e+00 1.25e-01  7e-02  1e-01 2:46.7
  185   2220 3.497394296460713e-01 3.9e+00 5.27e-02  3e-02  5e-02 3:05.7
  200   2400 3.488709642138803e-01 4.1e+00 3.69e-02  2e-02  4e-02 3:20.8
  221   2652 3.472641588973374e-01 4.7e+00 2.69e-02  1e-02  3e-02 3:41.8
  243   2916 3.470295979308926e-01 6.0e+00 2.54e-02  1e-02  2e-02 4:03.9
  266   3192 3.467127842650620e-01 6.8e+00 1.41e-02  6e-03  1e-02 4:27.0
  290   3480 3.461389024450004e-01 1.4e+01 2.64e-02  1e-02  4e-02 4:51.1
  300   3600 3.457937243597783e-01 1.6e+01 4.46e-02  2e-02  7e-02 5:01.1
  326   3912 3.431082258775414e-01 1.9e+01 5.75e-02  2e-02  1e-01 5:27.2
  353   4236 3.024782493521966e-01 2.4e+01 1.90e-01  6e-02  4e-01 5:54.3
  381   4572 1.854064767833596e-01 1.9e+01 1.98e-01  8e-02  3e-01 6:22.4
  400   4800 9.738398416646347e-02 1.7e+01 2.54e-01  9e-02  4e-01 6:41.4
  430   5160 2.842333894634329e-02 1.4e+01 1.97e-01  6e-02  2e-01 7:11.5
  461   5532 1.254560964946697e-02 1.3e+01 7.52e-02  2e-02  8e-02 7:42.6
  493   5916 8.130652336146727e-03 1.2e+01 3.56e-02  9e-03  4e-02 8:14.7
  500   6000 7.598040357729898e-03 1.3e+01 3.54e-02  9e-03  4e-02 8:21.7
  534   6408 5.282125768368345e-03 2.1e+01 4.93e-02  1e-02  7e-02 8:55.9
  569   6828 3.819949463486036e-03 2.9e+01 3.39e-02  9e-03  5e-02 9:31.0
  600   7200 3.619349837249968e-03 3.0e+01 2.35e-02  6e-03  3e-02 10:02.1
  637   7644 3.346596556728480e-03 3.4e+01 2.45e-02  6e-03  3e-02 10:39.2
  675   8100 2.415861756000233e-03 3.7e+01 4.31e-02  1e-02  6e-02 11:17.3
  700   8400 1.998675634609561e-03 3.8e+01 3.14e-02  8e-03  4e-02 11:42.4
  740   8880 1.589195751877672e-03 3.4e+01 2.48e-02  6e-03  3e-02 12:22.5
  781   9372 1.361901633484036e-03 3.4e+01 2.14e-02  5e-03  2e-02 13:03.6
  800   9600 1.287610881449738e-03 3.3e+01 2.32e-02  5e-03  2e-02 13:22.6
  844  10128 1.137950958036449e-03 3.5e+01 2.54e-02  4e-03  2e-02 14:06.5
  889  10668 1.014916289224443e-03 4.8e+01 2.70e-02  4e-03  3e-02 14:51.4
  900  10800 9.776569072196782e-04 5.6e+01 2.99e-02  4e-03  3e-02 15:02.3
  947  11364 8.662239255513960e-04 7.1e+01 2.90e-02  4e-03  3e-02 15:49.2
  995  11940 7.862018664224478e-04 6.9e+01 2.42e-02  3e-03  2e-02 16:37.0
 1000  12000 7.711752494710252e-04 7.3e+01 2.61e-02  3e-03  3e-02 16:42.0
Iterat #Fevals   function value  axis ratio  sigma  min&max std  t[m:s]
 1050  12600 5.269807595330876e-04 8.9e+01 4.39e-02  5e-03  5e-02 17:31.8
 1100  13200 4.225600998650422e-04 8.3e+01 2.80e-02  3e-03  3e-02 18:21.6
 1152  13824 3.794668745338997e-04 7.5e+01 2.13e-02  2e-03  2e-02 19:13.4
 1200  14400 3.537196290631418e-04 6.8e+01 1.99e-02  2e-03  1e-02 20:01.3
 1254  15048 3.493227409357911e-04 7.3e+01 5.61e-03  4e-04  3e-03 20:55.1
 1300  15600 3.484680232962093e-04 7.8e+01 6.19e-03  4e-04  3e-03 21:41.0
 1356  16272 3.477093474807859e-04 9.2e+01 6.11e-03  5e-04  3e-03 22:37.0
 1400  16800 3.469265023340063e-04 1.1e+02 1.06e-02  1e-03  5e-03 23:20.3
 1459  17508 3.449389626272405e-04 1.2e+02 1.01e-02  8e-04  5e-03 24:17.7
 1500  18000 3.441971609212647e-04 1.2e+02 8.97e-03  6e-04  4e-03 24:57.5
 1561  18732 3.426849509423831e-04 1.8e+02 1.59e-02  1e-03  9e-03 25:56.9
 1600  19200 3.415246728208134e-04 1.9e+02 2.06e-02  1e-03  1e-02 26:34.8
 1663  19956 3.405654577329472e-04 1.8e+02 1.33e-02  6e-04  6e-03 27:36.1
 1700  20400 3.399467269042413e-04 2.3e+02 1.66e-02  8e-04  8e-03 28:12.1
 1765  21180 3.391764898937607e-04 1.9e+02 1.38e-02  4e-04  5e-03 29:15.2
 1800  21600 3.388931777589092e-04 1.7e+02 1.21e-02  3e-04  4e-03 29:49.1
 1867  22404 3.384487829657707e-04 1.8e+02 1.13e-02  2e-04  3e-03 30:54.2
 1900  22800 3.382236325977209e-04 1.9e+02 1.79e-02  4e-04  5e-03 31:26.2
 1970  23640 3.378366472536348e-04 1.9e+02 1.98e-02  4e-04  4e-03 32:34.1
 2000  24000 3.376004880178366e-04 2.2e+02 1.73e-02  3e-04  4e-03 33:03.2
Iterat #Fevals   function value  axis ratio  sigma  min&max std  t[m:s]
 2071  24852 3.372574347741801e-04 2.9e+02 2.49e-02  4e-04  6e-03 34:12.4
 2100  25200 3.371038784749387e-04 2.7e+02 2.17e-02  3e-04  5e-03 34:40.5
 2173  26076 3.369037756279869e-04 3.0e+02 1.48e-02  2e-04  3e-03 35:51.5
 2200  26400 3.368406340029153e-04 3.1e+02 2.06e-02  2e-04  4e-03 36:17.7
 2276  27312 3.367490481038587e-04 3.2e+02 8.34e-03  8e-05  1e-03 37:31.5
 2300  27600 3.367405527361273e-04 3.6e+02 8.48e-03  9e-05  2e-03 37:54.8
 2378  28536 3.367241715087733e-04 4.9e+02 8.16e-03  1e-04  2e-03 39:10.6
 2400  28800 3.367160964029091e-04 5.0e+02 1.16e-02  1e-04  2e-03 39:31.9
 2480  29760 3.365733235981792e-04 3.7e+02 3.81e-02  3e-04  5e-03 40:49.6
 2500  30000 3.365222606799966e-04 2.8e+02 3.59e-02  3e-04  3e-03 41:09.1
 2582  30984 3.363520648714273e-04 2.2e+02 3.72e-02  3e-04  3e-03 42:28.7
 2600  31200 3.363069914650342e-04 2.5e+02 4.12e-02  3e-04  3e-03 42:46.2
 2684  32208 3.360534040661680e-04 2.8e+02 4.77e-02  3e-04  4e-03 44:07.7
 2700  32400 3.360002597568374e-04 2.8e+02 5.09e-02  3e-04  4e-03 44:23.2
 2786  33432 3.357493176198080e-04 2.8e+02 6.82e-02  3e-04  5e-03 45:46.9
 2800  33600 3.356899064036568e-04 2.7e+02 5.33e-02  2e-04  4e-03 46:00.5
 2888  34656 3.354913409283636e-04 2.6e+02 4.35e-02  1e-04  3e-03 47:25.7
 2900  34800 3.354712953362182e-04 2.9e+02 4.03e-02  1e-04  3e-03 47:37.3
 2991  35892 3.352076516107842e-04 2.9e+02 8.23e-02  2e-04  5e-03 49:05.3
 3000  36000 3.351964453867234e-04 2.8e+02 7.74e-02  2e-04  5e-03 49:14.0
Iterat #Fevals   function value  axis ratio  sigma  min&max std  t[m:s]
 3093  37116 3.349834957411321e-04 2.8e+02 7.54e-02  2e-04  4e-03 50:43.9
 3100  37200 3.349733145872146e-04 3.0e+02 9.15e-02  2e-04  5e-03 50:50.6
 3195  38340 3.348071587449524e-04 2.9e+02 9.83e-02  2e-04  4e-03 52:22.4
 3200  38400 3.348069247260381e-04 2.7e+02 1.11e-01  2e-04  4e-03 52:27.3
 3300  39600 3.345834205326580e-04 2.6e+02 1.79e-01  2e-04  5e-03 53:46.2
 3400  40800 3.344363014327751e-04 2.7e+02 8.95e-02  9e-05  2e-03 55:04.5
 3500  42000 3.341807371008183e-04 2.3e+02 2.36e-01  2e-04  4e-03 56:21.6
 3600  43200 3.337439627717479e-04 2.5e+02 4.15e-01  3e-04  5e-03 57:39.4
 3700  44400 3.330965294633583e-04 2.4e+02 4.34e-01  3e-04  3e-03 58:59.6
 3800  45600 3.309959446124534e-04 2.3e+02 1.54e+00  7e-04  1e-02 60:19.9
 3900  46800 3.258388626060160e-04 2.2e+02 2.33e+00  1e-03  1e-02 61:40.4
 4000  48000 3.189312800069244e-04 2.3e+02 1.95e+00  8e-04  8e-03 63:01.4
Iterat #Fevals   function value  axis ratio  sigma  min&max std  t[m:s]
 4100  49200 3.174532614652129e-04 1.8e+02 8.90e-01  3e-04  3e-03 64:21.1
 4200  50400 3.142700922339570e-04 1.7e+02 2.24e+00  7e-04  8e-03 65:40.7
 4300  51600 3.130520768190234e-04 2.5e+02 1.61e+00  4e-04  6e-03 66:59.3
 4400  52800 3.128257709065058e-04 2.5e+02 5.54e-01  1e-04  2e-03 68:19.7
 4500  54000 3.128237969032372e-04 2.5e+02 4.22e-03  7e-07  9e-06 69:43.7
 4506  54072 3.128237968818628e-04 2.6e+02 3.18e-03  5e-07  7e-06 69:48.6
termination on tolfun=1e-11 (Fri Nov 27 18:16:12 2020)
final/bestever f-value = 3.128238e-04 3.128238e-04
incumbent solution: [ 0.33490044  1.43126838  6.92713205  2.99175369 -3.38480398  1.77436231
  2.56797427 -4.250504   ...]
std deviations: [1.35799694e-06 3.96075215e-06 1.53294928e-06 1.92877606e-06
 6.58715950e-06 1.77403788e-06 9.50758533e-07 3.18105078e-06 ...]
cma
(6_w,12)-aCMA-ES (mu_w=3.7,w_1=40%) in dimension 17 (seed=515501, Fri Nov 27 18:16:13 2020)
Iterat #Fevals   function value  axis ratio  sigma  min&max std  t[m:s]
    1     12 1.655071976034542e-01 1.0e+00 9.38e-01  9e-01  9e-01 0:00.8
    2     24 7.884731669444405e-01 1.1e+00 9.21e-01  9e-01  9e-01 0:01.7
    3     36 9.249485917679067e-01 1.2e+00 9.15e-01  9e-01  9e-01 0:02.7
    7     84 5.546544484817270e-01 1.3e+00 8.85e-01  9e-01  9e-01 0:06.2
   13    156 6.791314730775672e-01 1.5e+00 8.69e-01  8e-01  9e-01 0:10.7
   20    240 7.028870061221111e-01 1.5e+00 7.78e-01  7e-01  8e-01 0:16.5
   28    336 7.636334536000260e-01 2.0e+00 1.02e+00  9e-01  1e+00 0:23.0
   37    444 3.629442527225018e-01 2.2e+00 7.87e-01  7e-01  9e-01 0:30.3
   47    564 1.108724061423820e+00 2.2e+00 6.55e-01  6e-01  7e-01 0:39.1
   58    696 5.440794105049236e-01 2.3e+00 4.48e-01  4e-01  5e-01 0:48.2
   71    852 5.297825539044696e-01 2.5e+00 3.07e-01  3e-01  3e-01 0:58.5
   84   1008 4.191574423203351e-01 2.7e+00 2.86e-01  2e-01  3e-01 1:10.0
  100   1200 3.831007727424103e-01 2.9e+00 1.50e-01  1e-01  2e-01 1:22.6
  117   1404 9.741081320001677e-02 4.7e+00 2.73e-01  2e-01  4e-01 1:36.3
  134   1608 7.523789970137010e-02 4.7e+00 2.73e-01  2e-01  4e-01 1:50.9
  152   1824 2.148546989321125e-02 5.1e+00 1.59e-01  1e-01  2e-01 2:06.5
  173   2076 6.318211764704325e-03 6.1e+00 5.24e-02  3e-02  7e-02 2:23.4
  194   2328 4.299625605447409e-03 7.1e+00 2.63e-02  2e-02  3e-02 2:40.7
  200   2400 4.175988405621859e-03 7.3e+00 2.27e-02  1e-02  3e-02 2:45.9
  224   2688 3.771471165319105e-03 1.0e+01 2.00e-02  1e-02  2e-02 3:05.6
  249   2988 3.325481778897084e-03 1.4e+01 1.79e-02  8e-03  2e-02 3:26.1
  275   3300 3.103851201310761e-03 1.7e+01 1.48e-02  7e-03  2e-02 3:47.4
  300   3600 2.995430440071508e-03 2.5e+01 1.57e-02  7e-03  2e-02 4:08.0
  329   3948 2.728921704465620e-03 3.1e+01 1.85e-02  8e-03  3e-02 4:31.6
  359   4308 2.282665094187662e-03 5.2e+01 1.81e-02  7e-03  4e-02 4:56.0
  390   4680 1.984398221872944e-03 7.7e+01 4.48e-02  2e-02  1e-01 5:21.8
  400   4800 1.778183592234791e-03 8.3e+01 4.21e-02  2e-02  1e-01 5:29.8
  433   5196 1.643487242068849e-03 8.3e+01 1.39e-02  4e-03  3e-02 5:57.4
  468   5616 1.579352400149191e-03 8.3e+01 1.12e-02  3e-03  2e-02 6:26.1
  500   6000 1.435008763002942e-03 9.3e+01 2.55e-02  5e-03  5e-02 6:52.2
  537   6444 1.270990338391393e-03 9.8e+01 2.78e-02  5e-03  6e-02 7:22.7
  575   6900 1.185038573529279e-03 1.0e+02 1.54e-02  3e-03  3e-02 7:54.1
  600   7200 1.138248227005961e-03 1.2e+02 1.69e-02  2e-03  4e-02 8:14.1
  641   7692 1.104002457674376e-03 1.4e+02 1.17e-02  1e-03  3e-02 8:47.7
  683   8196 1.076079483059055e-03 1.6e+02 1.32e-02  2e-03  3e-02 9:22.5
  700   8400 1.062864128948520e-03 1.6e+02 1.94e-02  2e-03  5e-02 9:35.9
  744   8928 9.161859860100353e-04 1.8e+02 4.69e-02  5e-03  1e-01 10:12.2
  790   9480 6.600838505160298e-04 2.0e+02 6.10e-02  7e-03  2e-01 10:49.5
  800   9600 6.791372033601175e-04 2.0e+02 6.24e-02  7e-03  2e-01 10:57.5
  848  10176 5.354744398270025e-04 1.8e+02 2.41e-02  2e-03  6e-02 11:36.9
  897  10764 5.079074534354925e-04 1.9e+02 7.59e-03  5e-04  2e-02 12:16.9
  900  10800 5.074451536860337e-04 1.9e+02 6.72e-03  4e-04  2e-02 12:19.2
  951  11412 4.925585344461925e-04 2.0e+02 1.98e-02  1e-03  4e-02 13:01.4
 1000  12000 4.568009616070525e-04 2.1e+02 1.58e-02  7e-04  3e-02 13:40.5
Iterat #Fevals   function value  axis ratio  sigma  min&max std  t[m:s]
 1054  12648 4.268962558993444e-04 1.6e+02 2.42e-02  1e-03  4e-02 14:25.1
 1100  13200 4.045644272704802e-04 1.1e+02 1.90e-02  7e-04  2e-02 15:02.9
 1157  13884 3.545402322152533e-04 1.4e+02 3.37e-02  1e-03  4e-02 15:49.3
 1200  14400 3.322050326885210e-04 1.5e+02 2.95e-02  1e-03  3e-02 16:24.7
 1258  15096 3.099470753023073e-04 1.4e+02 2.65e-02  8e-04  2e-02 17:12.7
 1300  15600 3.017701578937861e-04 1.3e+02 2.55e-02  7e-04  2e-02 17:47.4
 1360  16320 2.985951903181541e-04 1.3e+02 1.08e-02  2e-04  8e-03 18:37.9
 1400  16800 2.965289723663668e-04 1.5e+02 1.27e-02  2e-04  8e-03 19:10.4
 1464  17568 2.952331319884111e-04 1.8e+02 9.94e-03  2e-04  6e-03 20:02.7
 1500  18000 2.945785008871183e-04 1.6e+02 1.46e-02  3e-04  8e-03 20:32.5
 1569  18828 2.937062154335078e-04 1.4e+02 6.95e-03  1e-04  3e-03 21:26.6
 1600  19200 2.935274418481098e-04 1.7e+02 1.14e-02  1e-04  5e-03 21:49.8
 1700  20400 2.912269515041099e-04 1.6e+02 2.52e-02  2e-04  9e-03 22:32.9
 1800  21600 2.899657521807241e-04 2.1e+02 1.30e-02  9e-05  4e-03 23:17.1
 1900  22800 2.898298506432102e-04 2.4e+02 8.47e-03  5e-05  2e-03 24:01.7
 2000  24000 2.896099248706060e-04 2.9e+02 1.33e-02  6e-05  3e-03 24:46.4
Iterat #Fevals   function value  axis ratio  sigma  min&max std  t[m:s]
 2100  25200 2.895363432450450e-04 3.0e+02 9.98e-03  4e-05  2e-03 25:30.3
 2200  26400 2.891977210837852e-04 2.3e+02 4.00e-02  1e-04  5e-03 26:13.6
 2300  27600 2.888139064791410e-04 3.0e+02 3.72e-02  8e-05  4e-03 26:57.5
 2400  28800 2.885333269312709e-04 3.1e+02 3.93e-02  7e-05  4e-03 27:41.4
 2500  30000 2.881535163241086e-04 2.2e+02 5.21e-02  6e-05  3e-03 28:26.0
 2600  31200 2.877150172270380e-04 2.3e+02 4.26e-02  5e-05  2e-03 29:10.4
 2700  32400 2.875069741203845e-04 3.1e+02 5.87e-02  5e-05  3e-03 29:55.2
 2800  33600 2.872821343008002e-04 2.8e+02 8.38e-02  5e-05  3e-03 30:39.4
 2900  34800 2.868832874161876e-04 2.4e+02 1.36e-01  7e-05  4e-03 31:22.4
 3000  36000 2.864763521834096e-04 2.9e+02 1.41e-01  8e-05  4e-03 32:06.6
Iterat #Fevals   function value  axis ratio  sigma  min&max std  t[m:s]
 3100  37200 2.861443992719785e-04 3.2e+02 1.69e-01  8e-05  4e-03 32:50.7
 3200  38400 2.857621150050610e-04 3.0e+02 2.30e-01  8e-05  5e-03 33:35.0
 3300  39600 2.851855494018469e-04 3.4e+02 3.14e-01  9e-05  6e-03 34:19.7
 3400  40800 2.847337972483667e-04 3.6e+02 3.58e-01  9e-05  7e-03 35:02.8
 3500  42000 2.841815266675115e-04 3.7e+02 4.95e-01  1e-04  9e-03 35:47.0
 3600  43200 2.835616139074255e-04 4.6e+02 6.32e-01  1e-04  1e-02 36:31.1
 3700  44400 2.831974375551290e-04 5.1e+02 4.93e-01  1e-04  8e-03 37:14.0
 3800  45600 2.822372235732311e-04 2.5e+02 1.29e+00  2e-04  1e-02 37:58.2
 3900  46800 2.810536736344263e-04 2.9e+02 1.88e+00  2e-04  1e-02 38:42.7
 4000  48000 2.775231477700543e-04 2.7e+02 3.32e+00  2e-04  2e-02 39:26.7
Iterat #Fevals   function value  axis ratio  sigma  min&max std  t[m:s]
 4100  49200 2.691987914377865e-04 1.9e+02 4.76e+00  3e-04  1e-02 40:10.8
 4200  50400 2.593332306367499e-04 2.0e+02 8.89e+00  4e-04  2e-02 40:55.4
 4300  51600 2.355423320216368e-04 1.8e+02 1.15e+01  4e-04  2e-02 41:38.9
 4400  52800 2.150986727411531e-04 2.0e+02 1.04e+01  4e-04  2e-02 42:23.7
 4500  54000 1.973828503020787e-04 2.3e+02 1.82e+01  5e-04  2e-02 43:07.8
 4600  55200 1.898942445719246e-04 1.8e+02 1.35e+01  3e-04  1e-02 43:51.2
 4700  56400 1.885553299522513e-04 2.0e+02 6.25e-01  1e-05  4e-04 44:35.4
 4796  57552 1.885547237479989e-04 2.3e+02 9.01e-03  1e-07  5e-06 45:19.1
/home/adrianps/Universal-Approximator/qibo_sim/classes/ApproximantNN.py:783: ComplexWarning: Casting complex values to real discards the imaginary part
  params[0, 0] = 1 / period * np.trapz(y, x)
/home/adrianps/Universal-Approximator/qibo_sim/classes/ApproximantNN.py:786: ComplexWarning: Casting complex values to real discards the imaginary part
  params[_, 0] = 2 / period * np.trapz(y * cos, x)
/home/adrianps/Universal-Approximator/qibo_sim/classes/ApproximantNN.py:788: ComplexWarning: Casting complex values to real discards the imaginary part
  params[_, 1] = 2 / period * np.trapz(y * sin, x)
/home/adrianps/Universal-Approximator/qibo_sim/classes/ApproximantNN.py:783: ComplexWarning: Casting complex values to real discards the imaginary part
  params[0, 0] = 1 / period * np.trapz(y, x)
/home/adrianps/Universal-Approximator/qibo_sim/classes/ApproximantNN.py:786: ComplexWarning: Casting complex values to real discards the imaginary part
  params[_, 0] = 2 / period * np.trapz(y * cos, x)
/home/adrianps/Universal-Approximator/qibo_sim/classes/ApproximantNN.py:788: ComplexWarning: Casting complex values to real discards the imaginary part
  params[_, 1] = 2 / period * np.trapz(y * sin, x)
/home/adrianps/Universal-Approximator/qibo_sim/classes/ApproximantNN.py:783: ComplexWarning: Casting complex values to real discards the imaginary part
  params[0, 0] = 1 / period * np.trapz(y, x)
/home/adrianps/Universal-Approximator/qibo_sim/classes/ApproximantNN.py:786: ComplexWarning: Casting complex values to real discards the imaginary part
  params[_, 0] = 2 / period * np.trapz(y * cos, x)
/home/adrianps/Universal-Approximator/qibo_sim/classes/ApproximantNN.py:788: ComplexWarning: Casting complex values to real discards the imaginary part
  params[_, 1] = 2 / period * np.trapz(y * sin, x)
/home/adrianps/Universal-Approximator/qibo_sim/classes/ApproximantNN.py:783: ComplexWarning: Casting complex values to real discards the imaginary part
  params[0, 0] = 1 / period * np.trapz(y, x)
/home/adrianps/Universal-Approximator/qibo_sim/classes/ApproximantNN.py:786: ComplexWarning: Casting complex values to real discards the imaginary part
  params[_, 0] = 2 / period * np.trapz(y * cos, x)
/home/adrianps/Universal-Approximator/qibo_sim/classes/ApproximantNN.py:788: ComplexWarning: Casting complex values to real discards the imaginary part
  params[_, 1] = 2 / period * np.trapz(y * sin, x)
/home/adrianps/Universal-Approximator/qibo_sim/classes/ApproximantNN.py:783: ComplexWarning: Casting complex values to real discards the imaginary part
  params[0, 0] = 1 / period * np.trapz(y, x)
/home/adrianps/Universal-Approximator/qibo_sim/classes/ApproximantNN.py:786: ComplexWarning: Casting complex values to real discards the imaginary part
  params[_, 0] = 2 / period * np.trapz(y * cos, x)
/home/adrianps/Universal-Approximator/qibo_sim/classes/ApproximantNN.py:788: ComplexWarning: Casting complex values to real discards the imaginary part
  params[_, 1] = 2 / period * np.trapz(y * sin, x)
/home/adrianps/Universal-Approximator/qibo_sim/classes/ApproximantNN.py:783: ComplexWarning: Casting complex values to real discards the imaginary part
  params[0, 0] = 1 / period * np.trapz(y, x)
/home/adrianps/Universal-Approximator/qibo_sim/classes/ApproximantNN.py:786: ComplexWarning: Casting complex values to real discards the imaginary part
  params[_, 0] = 2 / period * np.trapz(y * cos, x)
/home/adrianps/Universal-Approximator/qibo_sim/classes/ApproximantNN.py:788: ComplexWarning: Casting complex values to real discards the imaginary part
  params[_, 1] = 2 / period * np.trapz(y * sin, x)
/home/adrianps/Universal-Approximator/qibo_sim/classes/ApproximantNN.py:783: ComplexWarning: Casting complex values to real discards the imaginary part
  params[0, 0] = 1 / period * np.trapz(y, x)
/home/adrianps/Universal-Approximator/qibo_sim/classes/ApproximantNN.py:786: ComplexWarning: Casting complex values to real discards the imaginary part
  params[_, 0] = 2 / period * np.trapz(y * cos, x)
/home/adrianps/Universal-Approximator/qibo_sim/classes/ApproximantNN.py:788: ComplexWarning: Casting complex values to real discards the imaginary part
  params[_, 1] = 2 / period * np.trapz(y * sin, x)
/home/adrianps/Universal-Approximator/qibo_sim/classes/ApproximantNN.py:783: ComplexWarning: Casting complex values to real discards the imaginary part
  params[0, 0] = 1 / period * np.trapz(y, x)
/home/adrianps/Universal-Approximator/qibo_sim/classes/ApproximantNN.py:786: ComplexWarning: Casting complex values to real discards the imaginary part
  params[_, 0] = 2 / period * np.trapz(y * cos, x)
/home/adrianps/Universal-Approximator/qibo_sim/classes/ApproximantNN.py:788: ComplexWarning: Casting complex values to real discards the imaginary part
  params[_, 1] = 2 / period * np.trapz(y * sin, x)
/home/adrianps/Universal-Approximator/qibo_sim/classes/ApproximantNN.py:783: ComplexWarning: Casting complex values to real discards the imaginary part
  params[0, 0] = 1 / period * np.trapz(y, x)
/home/adrianps/Universal-Approximator/qibo_sim/classes/ApproximantNN.py:786: ComplexWarning: Casting complex values to real discards the imaginary part
  params[_, 0] = 2 / period * np.trapz(y * cos, x)
/home/adrianps/Universal-Approximator/qibo_sim/classes/ApproximantNN.py:788: ComplexWarning: Casting complex values to real discards the imaginary part
  params[_, 1] = 2 / period * np.trapz(y * sin, x)
/home/adrianps/Universal-Approximator/qibo_sim/classes/ApproximantNN.py:783: ComplexWarning: Casting complex values to real discards the imaginary part
  params[0, 0] = 1 / period * np.trapz(y, x)
/home/adrianps/Universal-Approximator/qibo_sim/classes/ApproximantNN.py:786: ComplexWarning: Casting complex values to real discards the imaginary part
  params[_, 0] = 2 / period * np.trapz(y * cos, x)
/home/adrianps/Universal-Approximator/qibo_sim/classes/ApproximantNN.py:788: ComplexWarning: Casting complex values to real discards the imaginary part
  params[_, 1] = 2 / period * np.trapz(y * sin, x)
/home/adrianps/Universal-Approximator/qibo_sim/classes/ApproximantNN.py:552: RuntimeWarning: More than 20 figures have been opened. Figures created through the pyplot interface (`matplotlib.pyplot.figure`) are retained until explicitly closed and may consume too much memory. (To control this warning, see the rcParam `figure.max_open_warning`).
  fig, axs = plt.subplots(nrows=2, figsize=(8,10))
/home/adrianps/Universal-Approximator/qibo_sim/classes/ApproximantNN.py:783: ComplexWarning: Casting complex values to real discards the imaginary part
  params[0, 0] = 1 / period * np.trapz(y, x)
/home/adrianps/Universal-Approximator/qibo_sim/classes/ApproximantNN.py:786: ComplexWarning: Casting complex values to real discards the imaginary part
  params[_, 0] = 2 / period * np.trapz(y * cos, x)
/home/adrianps/Universal-Approximator/qibo_sim/classes/ApproximantNN.py:788: ComplexWarning: Casting complex values to real discards the imaginary part
  params[_, 1] = 2 / period * np.trapz(y * sin, x)
/home/adrianps/Universal-Approximator/qibo_sim/classes/ApproximantNN.py:577: RuntimeWarning: More than 20 figures have been opened. Figures created through the pyplot interface (`matplotlib.pyplot.figure`) are retained until explicitly closed and may consume too much memory. (To control this warning, see the rcParam `figure.max_open_warning`).
  fig, axs = plt.subplots(nrows=2, figsize=(8,10))
/home/adrianps/Universal-Approximator/qibo_sim/classes/ApproximantNN.py:552: RuntimeWarning: More than 20 figures have been opened. Figures created through the pyplot interface (`matplotlib.pyplot.figure`) are retained until explicitly closed and may consume too much memory. (To control this warning, see the rcParam `figure.max_open_warning`).
  fig, axs = plt.subplots(nrows=2, figsize=(8,10))
/home/adrianps/Universal-Approximator/qibo_sim/classes/ApproximantNN.py:783: ComplexWarning: Casting complex values to real discards the imaginary part
  params[0, 0] = 1 / period * np.trapz(y, x)
/home/adrianps/Universal-Approximator/qibo_sim/classes/ApproximantNN.py:786: ComplexWarning: Casting complex values to real discards the imaginary part
  params[_, 0] = 2 / period * np.trapz(y * cos, x)
/home/adrianps/Universal-Approximator/qibo_sim/classes/ApproximantNN.py:788: ComplexWarning: Casting complex values to real discards the imaginary part
  params[_, 1] = 2 / period * np.trapz(y * sin, x)
/home/adrianps/Universal-Approximator/qibo_sim/classes/ApproximantNN.py:577: RuntimeWarning: More than 20 figures have been opened. Figures created through the pyplot interface (`matplotlib.pyplot.figure`) are retained until explicitly closed and may consume too much memory. (To control this warning, see the rcParam `figure.max_open_warning`).
  fig, axs = plt.subplots(nrows=2, figsize=(8,10))
termination on tolfun=1e-11 (Fri Nov 27 19:01:40 2020)
final/bestever f-value = 1.885547e-04 1.885547e-04
incumbent solution: [-4.36499435 -2.07250007 -5.41982163  0.82793282 -9.28780712  0.06407894
  3.58643962  5.22736001 ...]
std deviations: [2.01226092e-06 3.82462725e-06 1.05350892e-06 2.77428683e-06
 5.05176700e-06 1.29891235e-07 1.98353022e-06 4.29975817e-06 ...]
