cma
(3_w,6)-aCMA-ES (mu_w=2.0,w_1=63%) in dimension 2 (seed=571062, Fri Nov 27 12:21:15 2020)
Iterat #Fevals   function value  axis ratio  sigma  min&max std  t[m:s]
    1      6 8.085412345368836e-01 1.0e+00 1.02e+00  1e+00  1e+00 0:00.3
    2     12 6.819067673762957e-01 1.1e+00 1.03e+00  1e+00  1e+00 0:00.6
    3     18 6.394817769537029e-01 1.3e+00 7.84e-01  6e-01  7e-01 0:00.8
   14     84 5.143227789185658e-01 3.3e+00 8.41e-01  4e-01  7e-01 0:03.9
   29    174 5.022485267396961e-01 2.4e+00 7.52e-02  7e-03  2e-02 0:08.1
   47    282 5.022454423487694e-01 1.7e+00 2.10e-03  3e-05  5e-05 0:13.2
   69    414 5.022454419515666e-01 1.6e+00 2.36e-04  7e-07  1e-06 0:19.3
   80    480 5.022454419511928e-01 1.9e+00 4.40e-05  5e-08  8e-08 0:22.4
termination on tolfun=1e-11 (Fri Nov 27 12:21:38 2020)
final/bestever f-value = 5.022454e-01 5.022454e-01
incumbent solution: [-1.570796315293159, -2.464987036014688]
std deviation: [4.835519477424713e-08, 8.087618911647078e-08]
cma
(3_w,6)-aCMA-ES (mu_w=2.0,w_1=63%) in dimension 2 (seed=539669, Fri Nov 27 12:21:38 2020)
Iterat #Fevals   function value  axis ratio  sigma  min&max std  t[m:s]
    1      6 1.044801466554601e+00 1.0e+00 8.89e-01  8e-01  9e-01 0:00.3
    2     12 8.822780743154820e-01 1.3e+00 1.31e+00  1e+00  1e+00 0:00.6
    3     18 6.049592023492123e-01 1.4e+00 1.54e+00  1e+00  2e+00 0:00.8
   14     84 5.588630345207721e-01 2.5e+00 5.10e-01  1e-01  3e-01 0:03.9
   29    174 5.544880849308196e-01 2.0e+00 2.73e-02  2e-03  3e-03 0:08.0
   48    288 5.544872626897387e-01 1.1e+00 3.00e-03  5e-05  5e-05 0:13.3
   70    420 5.544872622983087e-01 2.2e+00 8.57e-05  1e-07  2e-07 0:19.4
   75    450 5.544872622983086e-01 1.8e+00 3.11e-05  3e-08  5e-08 0:20.7
termination on tolfun=1e-11 (Fri Nov 27 12:21:59 2020)
final/bestever f-value = 5.544873e-01 5.257892e-01
incumbent solution: [4.7123889960209295, 4.502993408272378]
std deviation: [2.7195067035279767e-08, 4.920011933801619e-08]
cma
(4_w,8)-aCMA-ES (mu_w=2.6,w_1=52%) in dimension 5 (seed=584246, Fri Nov 27 12:21:59 2020)
Iterat #Fevals   function value  axis ratio  sigma  min&max std  t[m:s]
    1      8 6.211404047790304e-01 1.0e+00 8.84e-01  8e-01  9e-01 0:00.4
    2     16 5.630882211598103e-01 1.2e+00 9.60e-01  9e-01  1e+00 0:00.9
    3     24 5.673795164338883e-01 1.4e+00 1.04e+00  9e-01  1e+00 0:01.3
   10     80 5.408954728007265e-01 2.8e+00 7.70e-01  5e-01  1e+00 0:04.4
   20    160 3.270531440196019e-01 5.0e+00 5.43e-01  3e-01  6e-01 0:08.9
   32    256 3.018845724902985e-01 6.5e+00 1.94e-01  6e-02  2e-01 0:14.2
   46    368 2.930860290869192e-01 4.2e+00 4.50e-02  1e-02  3e-02 0:20.4
   62    496 2.928828334792156e-01 5.2e+00 9.79e-03  2e-03  4e-03 0:27.5
   81    648 2.928816457480820e-01 5.9e+00 2.07e-03  2e-04  4e-04 0:35.9
  100    800 2.928816204160387e-01 4.6e+00 2.97e-04  2e-05  4e-05 0:44.3
  123    984 2.928816202234679e-01 4.3e+00 4.07e-05  1e-06  3e-06 0:54.5
  145   1160 2.928816202209951e-01 4.4e+00 1.17e-05  2e-07  5e-07 1:04.2
termination on tolfun=1e-11 (Fri Nov 27 12:23:04 2020)
final/bestever f-value = 2.928816e-01 2.928816e-01
incumbent solution: [1.5707961043193568, 2.6199044193290995, -0.7853981595379701, -3.141592589401497, 1.4970000040546413e-07]
std deviation: [2.4630993080869173e-07, 4.743564917111799e-07, 2.483996412588661e-07, 2.5496849913227893e-07, 4.7456243812908733e-07]
cma
(4_w,8)-aCMA-ES (mu_w=2.6,w_1=52%) in dimension 5 (seed=559974, Fri Nov 27 12:23:04 2020)
Iterat #Fevals   function value  axis ratio  sigma  min&max std  t[m:s]
    1      8 6.568175095583914e-01 1.0e+00 8.65e-01  8e-01  9e-01 0:00.4
    2     16 5.668420441159071e-01 1.2e+00 7.91e-01  7e-01  8e-01 0:00.9
    3     24 5.009799314630653e-01 1.3e+00 6.95e-01  6e-01  7e-01 0:01.3
   10     80 4.969230516212447e-01 1.8e+00 4.30e-01  3e-01  5e-01 0:04.4
   20    160 4.815226197406074e-01 2.5e+00 1.73e-01  1e-01  1e-01 0:08.9
   32    256 4.765011710874947e-01 5.9e+00 6.73e-02  3e-02  5e-02 0:14.2
   46    368 4.762840016979036e-01 9.7e+00 2.58e-02  1e-02  1e-02 0:20.4
   62    496 4.762798962841424e-01 1.7e+01 7.27e-03  3e-03  4e-03 0:27.5
   81    648 4.762793705618482e-01 4.2e+01 8.83e-04  2e-04  6e-04 0:35.9
  100    800 4.762793699069028e-01 9.5e+01 1.08e-04  1e-05  8e-05 0:44.3
  123    984 4.762793699060922e-01 1.4e+02 1.83e-05  9e-07  1e-05 0:54.5
  124    992 4.762793699060644e-01 1.4e+02 1.53e-05  7e-07  9e-06 0:55.0
termination on tolfun=1e-11 (Fri Nov 27 12:23:59 2020)
final/bestever f-value = 4.762794e-01 4.762794e-01
incumbent solution: [2.67024742816983, 3.094141804006264e-08, -0.39621755077080834, 2.0103003516055384, 2.4703251659615106]
std deviation: [8.165354759348787e-06, 7.761904519731866e-07, 6.7750196798958266e-06, 8.83435032361403e-06, 7.323926569616757e-07]
cma
(5_w,10)-aCMA-ES (mu_w=3.2,w_1=45%) in dimension 8 (seed=548052, Fri Nov 27 12:24:00 2020)
Iterat #Fevals   function value  axis ratio  sigma  min&max std  t[m:s]
    1     10 7.208922267870242e-01 1.0e+00 9.63e-01  9e-01  1e+00 0:00.6
    2     20 7.428175749386273e-01 1.2e+00 9.50e-01  9e-01  1e+00 0:01.3
    3     30 8.439834057070095e-01 1.3e+00 9.87e-01  9e-01  1e+00 0:01.9
    8     80 5.837322625869857e-01 1.7e+00 9.28e-01  7e-01  1e+00 0:05.1
   15    150 5.528117331341733e-01 2.0e+00 6.61e-01  5e-01  7e-01 0:09.6
   23    230 3.787352888205222e-01 2.2e+00 4.72e-01  3e-01  4e-01 0:14.7
   33    330 3.520524427858276e-01 2.4e+00 2.38e-01  1e-01  2e-01 0:21.1
   44    440 3.065439175248150e-01 3.5e+00 1.64e-01  8e-02  2e-01 0:28.2
   57    570 2.949689406098072e-01 3.9e+00 7.05e-02  3e-02  6e-02 0:36.5
   72    720 2.929549319673797e-01 4.9e+00 1.70e-02  7e-03  1e-02 0:46.1
   88    880 2.928977220189802e-01 6.6e+00 7.00e-03  3e-03  5e-03 0:56.4
  100   1000 2.928961605257445e-01 9.1e+00 3.91e-03  1e-03  3e-03 1:04.1
  119   1190 2.928929172133317e-01 2.7e+01 1.12e-02  4e-03  1e-02 1:16.2
  140   1400 2.928873017028148e-01 5.5e+01 1.24e-02  5e-03  2e-02 1:29.7
  162   1620 2.928819507168126e-01 9.6e+01 7.42e-03  3e-03  1e-02 1:43.8
  186   1860 2.928816260346211e-01 1.2e+02 2.37e-03  6e-04  4e-03 1:59.2
  200   2000 2.928816205598228e-01 1.6e+02 1.07e-03  2e-04  1e-03 2:08.2
  227   2270 2.928816202253894e-01 2.6e+02 1.14e-04  2e-05  1e-04 2:25.5
  255   2550 2.928816202210016e-01 2.9e+02 1.58e-05  2e-06  2e-05 2:43.5
termination on tolfun=1e-11 (Fri Nov 27 12:26:44 2020)
final/bestever f-value = 2.928816e-01 2.928816e-01
incumbent solution: [2.1232379195736564, -2.619900339150136, 0.1370774297416471, -0.6387820084919515, -4.8888462163833125e-06, -2.469829530762504, 6.167709455189098, -9.418826656661618e-07]
std deviation: [1.4500326861395031e-05, 8.45482979616486e-06, 4.498513502253106e-06, 1.656120888392246e-05, 9.651565433712616e-06, 3.919895075489097e-06, 4.952389801081537e-06, 1.622694683860006e-06]
cma
(5_w,10)-aCMA-ES (mu_w=3.2,w_1=45%) in dimension 8 (seed=528363, Fri Nov 27 12:26:44 2020)
Iterat #Fevals   function value  axis ratio  sigma  min&max std  t[m:s]
    1     10 9.804193539697565e-01 1.0e+00 9.74e-01  9e-01  1e+00 0:00.6
    2     20 8.053898213548387e-01 1.3e+00 9.81e-01  9e-01  1e+00 0:01.3
    3     30 6.931766291806456e-01 1.3e+00 9.84e-01  9e-01  1e+00 0:01.9
    8     80 5.618450453858683e-01 1.7e+00 8.65e-01  7e-01  9e-01 0:05.3
   15    150 5.445453373548819e-01 2.0e+00 6.42e-01  5e-01  7e-01 0:09.8
   23    230 5.010202351672953e-01 2.4e+00 3.68e-01  2e-01  4e-01 0:14.9
   33    330 4.231324012603168e-01 3.0e+00 3.07e-01  2e-01  3e-01 0:21.3
   44    440 2.654936829579299e-01 4.7e+00 4.70e-01  3e-01  5e-01 0:28.4
   57    570 2.459427903980892e-01 4.0e+00 1.97e-01  1e-01  2e-01 0:36.8
   71    710 1.746772625263184e-01 6.1e+00 1.83e-01  7e-02  2e-01 0:45.8
   87    870 1.387481355764164e-01 5.3e+00 1.56e-01  5e-02  1e-01 0:56.1
  100   1000 1.238360141493421e-01 5.9e+00 1.27e-01  4e-02  9e-02 1:04.4
  119   1190 1.213314467566778e-01 7.3e+00 3.31e-02  7e-03  2e-02 1:16.7
  140   1400 1.211169038174416e-01 7.8e+00 9.44e-03  2e-03  5e-03 1:30.2
  162   1620 1.211082811947474e-01 6.7e+00 3.67e-03  5e-04  1e-03 1:44.3
  186   1860 1.211069531111667e-01 1.1e+01 1.08e-03  1e-04  4e-04 1:59.8
  200   2000 1.211069336737667e-01 9.0e+00 3.56e-04  3e-05  1e-04 2:08.8
  227   2270 1.211069326921814e-01 1.1e+01 2.74e-05  1e-06  6e-06 2:26.1
  255   2550 1.211069326877548e-01 1.1e+01 2.50e-06  8e-08  3e-07 2:44.1
termination on tolfun=1e-11 (Fri Nov 27 12:29:28 2020)
final/bestever f-value = 1.211069e-01 1.211069e-01
incumbent solution: [4.71238900291564, -0.962043489890192, 2.1640378727061056, 6.622104036333846e-08, 3.149605795628412, -1.1144198297342265, -1.4397628356786758e-07, 4.053960438112483]
std deviation: [9.93276296677615e-08, 3.147145410212824e-07, 1.2731182903112027e-07, 1.3043450285167494e-07, 2.3054422452918243e-07, 1.0465384422952619e-07, 8.114479036988786e-08, 2.3036263410050576e-07]
cma
(5_w,11)-aCMA-ES (mu_w=3.4,w_1=42%) in dimension 11 (seed=577371, Fri Nov 27 12:29:29 2020)
Iterat #Fevals   function value  axis ratio  sigma  min&max std  t[m:s]
    1     11 5.701003747751083e-01 1.0e+00 9.41e-01  9e-01  1e+00 0:00.8
    2     22 5.786289616607461e-01 1.2e+00 9.36e-01  9e-01  1e+00 0:01.6
    3     33 7.735092530251234e-01 1.2e+00 8.77e-01  8e-01  9e-01 0:02.4
    7     77 3.984825825287005e-01 1.5e+00 9.42e-01  9e-01  1e+00 0:05.6
   13    143 6.503898198306081e-01 1.8e+00 7.53e-01  7e-01  8e-01 0:10.4
   20    220 4.565618723187964e-01 2.0e+00 4.90e-01  4e-01  5e-01 0:16.0
   28    308 3.160088233650320e-01 2.5e+00 2.56e-01  2e-01  3e-01 0:22.4
   37    407 2.312975261445035e-01 2.7e+00 2.36e-01  2e-01  3e-01 0:29.6
   47    517 1.910976717578330e-01 3.0e+00 1.59e-01  1e-01  2e-01 0:37.6
   59    649 1.635512393237565e-01 3.4e+00 1.33e-01  8e-02  1e-01 0:47.2
   72    792 1.466921922388135e-01 4.0e+00 7.95e-02  4e-02  8e-02 0:57.6
   86    946 1.375722895099871e-01 5.7e+00 5.46e-02  3e-02  6e-02 1:08.9
  100   1100 1.336802290392697e-01 7.1e+00 6.35e-02  3e-02  7e-02 1:20.1
  117   1287 1.326854199055438e-01 8.8e+00 2.71e-02  1e-02  3e-02 1:33.7
  135   1485 1.321682279513310e-01 1.0e+01 1.58e-02  6e-03  2e-02 1:48.1
  154   1694 1.319799024604554e-01 1.6e+01 1.70e-02  6e-03  3e-02 2:03.3
  174   1914 1.318887369050511e-01 2.0e+01 6.75e-03  3e-03  1e-02 2:19.3
  196   2156 1.318819508776460e-01 2.1e+01 1.50e-03  5e-04  3e-03 2:36.9
  200   2200 1.318818580556127e-01 2.5e+01 1.51e-03  5e-04  3e-03 2:40.1
  224   2464 1.318816252388549e-01 3.3e+01 3.03e-04  9e-05  5e-04 2:59.3
  249   2739 1.318816153951669e-01 4.1e+01 9.53e-05  2e-05  1e-04 3:19.4
  276   3036 1.318816151014384e-01 4.5e+01 1.62e-05  4e-06  2e-05 3:41.0
  300   3300 1.318816150814034e-01 4.2e+01 4.30e-06  8e-07  5e-06 4:00.2
  316   3476 1.318816150811197e-01 3.9e+01 1.32e-06  2e-07  1e-06 4:13.0
termination on tolfun=1e-11 (Fri Nov 27 12:33:42 2020)
final/bestever f-value = 1.318816e-01 1.318816e-01
incumbent solution: [ 4.11482976 -2.19191041 -1.50250712 -0.74644137  2.92024655 -1.86901411
  3.30159798 -2.43446803 ...]
std deviations: [2.07281795e-07 4.28241742e-07 2.68486165e-07 2.30156374e-07
 8.44109075e-07 4.37486550e-07 3.23051388e-07 1.34636869e-06 ...]
cma
(5_w,11)-aCMA-ES (mu_w=3.4,w_1=42%) in dimension 11 (seed=588098, Fri Nov 27 12:33:43 2020)
Iterat #Fevals   function value  axis ratio  sigma  min&max std  t[m:s]
    1     11 8.800492599000155e-01 1.0e+00 9.35e-01  9e-01  1e+00 0:00.8
    2     22 7.206689552567129e-01 1.2e+00 9.53e-01  9e-01  1e+00 0:01.6
    3     33 7.919224816830611e-01 1.3e+00 9.86e-01  9e-01  1e+00 0:02.4
    7     77 5.007648423323405e-01 1.4e+00 8.43e-01  8e-01  9e-01 0:05.6
   12    132 6.665703911908076e-01 1.5e+00 7.39e-01  7e-01  8e-01 0:09.6
   19    209 7.487702232881974e-01 1.8e+00 7.18e-01  6e-01  8e-01 0:15.2
   27    297 5.142023429583823e-01 1.9e+00 5.64e-01  5e-01  6e-01 0:21.6
   36    396 4.452016259731464e-01 2.4e+00 4.18e-01  3e-01  5e-01 0:28.8
   46    506 2.730479518004876e-01 2.9e+00 1.93e-01  1e-01  2e-01 0:36.9
   58    638 2.521763276856084e-01 4.1e+00 9.74e-02  6e-02  1e-01 0:46.5
   71    781 2.453290441155961e-01 4.5e+00 5.07e-02  2e-02  5e-02 0:56.9
   85    935 2.418654277237849e-01 6.0e+00 5.73e-02  2e-02  7e-02 1:08.1
  100   1100 2.389779855057285e-01 8.7e+00 4.60e-02  1e-02  5e-02 1:20.1
  117   1287 2.349242862608535e-01 1.2e+01 5.30e-02  2e-02  7e-02 1:33.7
  135   1485 2.306945313299044e-01 1.4e+01 4.41e-02  1e-02  6e-02 1:48.2
  154   1694 2.203588885315522e-01 1.4e+01 1.05e-01  3e-02  1e-01 2:03.4
  174   1914 2.043033015483848e-01 1.3e+01 9.76e-02  3e-02  1e-01 2:19.4
  196   2156 1.946190347658782e-01 1.1e+01 7.90e-02  2e-02  8e-02 2:37.1
  200   2200 1.939417881325938e-01 1.1e+01 5.37e-02  1e-02  5e-02 2:40.3
  224   2464 1.909431168290875e-01 1.2e+01 6.33e-02  2e-02  5e-02 2:59.5
  249   2739 1.888761902339919e-01 1.6e+01 3.97e-02  9e-03  3e-02 3:19.6
  276   3036 1.874849387189869e-01 1.9e+01 4.52e-02  8e-03  3e-02 3:41.2
  300   3300 1.871214117308915e-01 1.8e+01 2.97e-02  4e-03  2e-02 4:00.4
  329   3619 1.869712734674930e-01 2.2e+01 1.48e-02  2e-03  1e-02 4:23.7
  360   3960 1.869649832345656e-01 1.9e+01 2.95e-03  2e-04  1e-03 4:48.5
  392   4312 1.869649269374233e-01 2.5e+01 3.59e-04  2e-05  1e-04 5:14.1
  400   4400 1.869649254218776e-01 2.4e+01 2.36e-04  1e-05  1e-04 5:20.5
  434   4774 1.869649247714539e-01 2.8e+01 3.21e-05  1e-06  1e-05 5:47.7
  469   5159 1.869649247662877e-01 3.7e+01 1.92e-06  6e-08  8e-07 6:15.8
  471   5181 1.869649247662819e-01 3.5e+01 1.67e-06  6e-08  8e-07 6:17.4
termination on tolfun=1e-11 (Fri Nov 27 12:40:01 2020)
final/bestever f-value = 1.869649e-01 1.869649e-01
incumbent solution: [ 3.88038808e+00  4.93028128e-08 -1.59284045e+00  4.73246426e+00
  3.78757053e+00 -1.72908398e+00  3.59075053e-08  1.80825646e+00 ...]
std deviations: [6.28165748e-08 8.09145493e-08 7.55197137e-07 6.64651787e-07
 2.97839397e-07 3.11250756e-07 5.50446065e-08 1.88607815e-07 ...]
cma
(5_w,11)-aCMA-ES (mu_w=3.4,w_1=42%) in dimension 14 (seed=550095, Fri Nov 27 12:40:01 2020)
Iterat #Fevals   function value  axis ratio  sigma  min&max std  t[m:s]
    1     11 6.241326729265024e-01 1.0e+00 9.80e-01  1e+00  1e+00 0:00.9
    2     22 6.439402386111175e-01 1.2e+00 9.22e-01  9e-01  9e-01 0:01.8
    3     33 8.824599398856728e-01 1.2e+00 8.91e-01  9e-01  9e-01 0:02.7
    7     77 4.810502858932593e-01 1.3e+00 7.21e-01  7e-01  7e-01 0:06.3
   12    132 5.905249179363572e-01 1.6e+00 6.87e-01  6e-01  7e-01 0:10.7
   18    198 5.492633642765860e-01 1.9e+00 6.62e-01  6e-01  8e-01 0:16.1
   25    275 4.443556365401310e-01 1.9e+00 6.01e-01  5e-01  7e-01 0:22.4
   33    363 3.921114083367672e-01 2.2e+00 5.31e-01  4e-01  6e-01 0:29.5
   42    462 4.089923988652692e-01 2.4e+00 3.43e-01  3e-01  4e-01 0:37.6
   53    583 2.761440212825089e-01 2.5e+00 1.86e-01  1e-01  2e-01 0:47.4
   65    715 2.374349236327772e-01 2.9e+00 1.24e-01  8e-02  1e-01 0:58.2
   78    858 2.000598040436229e-01 3.2e+00 8.68e-02  5e-02  9e-02 1:09.9
   92   1012 1.883630774409052e-01 3.8e+00 6.98e-02  4e-02  8e-02 1:22.4
  100   1100 1.875002292116651e-01 4.5e+00 6.26e-02  3e-02  7e-02 1:29.6
  116   1276 1.836991362236328e-01 5.7e+00 2.63e-02  1e-02  3e-02 1:43.9
  133   1463 1.820851065249546e-01 8.3e+00 2.56e-02  1e-02  4e-02 1:59.1
  151   1661 1.805384391751039e-01 1.2e+01 2.17e-02  9e-03  4e-02 2:15.2
  170   1870 1.799034050555869e-01 1.6e+01 1.43e-02  5e-03  3e-02 2:32.2
  191   2101 1.794552612335886e-01 1.9e+01 1.86e-02  6e-03  4e-02 2:51.1
  200   2200 1.791382175680941e-01 2.0e+01 2.13e-02  8e-03  5e-02 2:59.1
  223   2453 1.785688102724197e-01 2.1e+01 2.04e-02  7e-03  4e-02 3:19.7
  247   2717 1.781128740397964e-01 1.8e+01 1.83e-02  6e-03  3e-02 3:41.2
  272   2992 1.775135822193502e-01 2.0e+01 2.50e-02  7e-03  4e-02 4:03.6
  298   3278 1.764863368013400e-01 2.4e+01 2.36e-02  6e-03  4e-02 4:26.9
  300   3300 1.763747222562344e-01 2.4e+01 2.76e-02  6e-03  4e-02 4:28.7
  328   3608 1.755456964854074e-01 2.7e+01 4.41e-02  1e-02  6e-02 4:53.8
  358   3938 1.732605726848796e-01 3.1e+01 5.56e-02  1e-02  6e-02 5:20.6
  389   4279 1.714534275881354e-01 2.5e+01 4.04e-02  7e-03  4e-02 5:48.4
  400   4400 1.712312469911307e-01 2.2e+01 2.34e-02  4e-03  2e-02 5:58.3
  433   4763 1.711249395216280e-01 2.1e+01 1.28e-02  2e-03  1e-02 6:27.8
  467   5137 1.708250691934335e-01 2.1e+01 3.53e-02  5e-03  3e-02 6:58.3
  500   5500 1.693537509732088e-01 3.3e+01 6.78e-02  1e-02  9e-02 7:27.9
  536   5896 1.589210530340948e-01 3.6e+01 1.84e-01  3e-02  2e-01 8:00.1
  573   6303 1.187625037901086e-01 2.3e+01 1.44e-01  2e-02  1e-01 8:33.3
  600   6600 1.083995675816399e-01 1.5e+01 7.61e-02  1e-02  4e-02 8:57.3
  640   7040 9.990897679799714e-02 1.4e+01 1.16e-01  1e-02  6e-02 9:33.2
  681   7491 9.716898509263830e-02 1.3e+01 5.94e-02  6e-03  2e-02 10:09.9
  700   7700 9.702712817455560e-02 1.4e+01 3.47e-02  3e-03  1e-02 10:26.9
  743   8173 9.593623528800942e-02 1.3e+01 7.86e-02  7e-03  3e-02 11:05.5
  787   8657 9.436805728878132e-02 2.2e+01 8.93e-02  9e-03  3e-02 11:44.9
  800   8800 9.352021320514715e-02 2.6e+01 1.15e-01  1e-02  5e-02 11:56.5
  846   9306 9.264335257143112e-02 2.6e+01 9.53e-02  6e-03  3e-02 12:37.7
  893   9823 9.221347726380343e-02 2.3e+01 7.93e-02  4e-03  2e-02 13:19.9
  900   9900 9.205149601156630e-02 2.4e+01 1.01e-01  5e-03  3e-02 13:26.1
  950  10450 9.154144080162745e-02 2.6e+01 1.16e-01  4e-03  4e-02 14:10.9
 1000  11000 9.131642154368871e-02 2.9e+01 6.23e-02  2e-03  2e-02 14:55.7
Iterat #Fevals   function value  axis ratio  sigma  min&max std  t[m:s]
 1052  11572 9.111696185193899e-02 3.9e+01 8.63e-02  3e-03  3e-02 15:42.3
 1100  12100 9.090115300545357e-02 5.6e+01 1.37e-01  6e-03  5e-02 16:25.3
 1154  12694 9.027002707799552e-02 5.7e+01 1.50e-01  6e-03  4e-02 17:13.7
 1200  13200 9.008211417408149e-02 5.7e+01 6.19e-02  2e-03  2e-02 17:54.9
 1256  13816 9.005585648740048e-02 7.9e+01 2.36e-02  5e-04  7e-03 18:45.0
 1300  14300 9.005448849368368e-02 7.0e+01 1.25e-02  3e-04  3e-03 19:24.4
 1359  14949 9.005431710777979e-02 7.4e+01 9.51e-04  2e-05  2e-04 20:17.3
 1400  15400 9.005431684964052e-02 8.2e+01 1.31e-04  2e-06  2e-05 20:54.0
 1438  15818 9.005431684530045e-02 8.0e+01 1.35e-05  1e-07  2e-06 21:28.0
termination on tolfun=1e-11 (Fri Nov 27 13:01:31 2020)
final/bestever f-value = 9.005432e-02 9.005432e-02
incumbent solution: [ 2.86066095  2.5584672  -1.27551018 -2.60555602  3.97079479 -5.6545871
 -3.36205002  3.27192395 ...]
std deviations: [2.45230130e-07 2.90050661e-07 1.72708597e-07 2.16119047e-07
 1.28372536e-06 2.72267654e-07 4.31052234e-07 1.99306859e-06 ...]
cma
(5_w,11)-aCMA-ES (mu_w=3.4,w_1=42%) in dimension 14 (seed=529378, Fri Nov 27 13:01:32 2020)
Iterat #Fevals   function value  axis ratio  sigma  min&max std  t[m:s]
    1     11 5.961286266884405e-01 1.0e+00 9.06e-01  9e-01  9e-01 0:00.9
    2     22 8.650733975713548e-01 1.1e+00 8.60e-01  8e-01  9e-01 0:01.8
    3     33 6.149295095384218e-01 1.2e+00 8.08e-01  8e-01  8e-01 0:02.7
    7     77 4.427495849394492e-01 1.3e+00 6.72e-01  6e-01  7e-01 0:06.3
   12    132 4.550213679767215e-01 1.5e+00 6.47e-01  6e-01  7e-01 0:10.7
   18    198 6.058507434626550e-01 2.0e+00 7.19e-01  6e-01  8e-01 0:16.1
   25    275 3.663560437058276e-01 2.3e+00 5.04e-01  4e-01  6e-01 0:22.4
   33    363 2.737051752263848e-01 2.7e+00 4.22e-01  3e-01  5e-01 0:29.6
   42    462 2.234949031656915e-01 3.4e+00 3.79e-01  3e-01  4e-01 0:37.6
   53    583 1.675198740705218e-01 3.5e+00 2.24e-01  2e-01  2e-01 0:47.5
   65    715 1.811552346327940e-01 4.2e+00 2.18e-01  2e-01  2e-01 0:58.2
   78    858 1.386480459797715e-01 4.5e+00 1.40e-01  1e-01  2e-01 1:09.9
   92   1012 1.326541600434200e-01 5.1e+00 9.06e-02  6e-02  1e-01 1:22.4
  100   1100 1.274304240010921e-01 5.3e+00 6.61e-02  4e-02  8e-02 1:29.6
  116   1276 1.228251036125977e-01 6.2e+00 4.89e-02  3e-02  5e-02 1:43.9
  133   1463 1.220164116744259e-01 7.2e+00 3.43e-02  2e-02  4e-02 1:59.1
  151   1661 1.215774546967613e-01 1.0e+01 3.18e-02  1e-02  4e-02 2:15.3
  170   1870 1.211303458466715e-01 1.2e+01 1.81e-02  8e-03  2e-02 2:32.3
  191   2101 1.209801326154319e-01 1.4e+01 1.20e-02  5e-03  1e-02 2:51.1
  200   2200 1.208518576928107e-01 1.4e+01 1.73e-02  7e-03  2e-02 2:59.2
  223   2453 1.202202368619888e-01 2.2e+01 2.61e-02  9e-03  4e-02 3:19.8
  247   2717 1.129518012493324e-01 2.3e+01 5.50e-02  2e-02  8e-02 3:41.3
  272   2992 5.282152975507761e-02 2.0e+01 1.58e-01  5e-02  3e-01 4:03.7
  298   3278 4.508565686785436e-02 1.5e+01 6.44e-02  2e-02  9e-02 4:26.9
  300   3300 4.399163107845070e-02 1.5e+01 6.11e-02  2e-02  8e-02 4:28.7
  328   3608 4.323068713200143e-02 1.3e+01 1.89e-02  5e-03  2e-02 4:53.8
  358   3938 4.308772661823708e-02 1.3e+01 1.01e-02  2e-03  7e-03 5:20.7
  389   4279 4.306690706638224e-02 1.5e+01 6.22e-03  1e-03  5e-03 5:48.5
  400   4400 4.306354800067661e-02 1.6e+01 3.16e-03  5e-04  2e-03 5:58.3
  433   4763 4.305970538849030e-02 2.2e+01 1.86e-03  2e-04  2e-03 6:27.9
  467   5137 4.305493965408177e-02 2.8e+01 3.11e-03  3e-04  3e-03 6:58.2
  500   5500 4.304194260328979e-02 6.2e+01 1.13e-02  8e-04  2e-02 7:27.7
  536   5896 4.295992451232636e-02 1.2e+02 2.33e-02  2e-03  7e-02 7:60.0
  573   6303 4.273257060854961e-02 1.4e+02 2.66e-02  2e-03  8e-02 8:33.1
  600   6600 4.262402764487890e-02 1.3e+02 2.56e-02  2e-03  7e-02 8:57.2
  640   7040 4.255503945683697e-02 1.2e+02 2.31e-02  2e-03  5e-02 9:33.0
  681   7491 4.242819793006475e-02 9.0e+01 2.64e-02  2e-03  5e-02 10:09.7
  700   7700 4.240509522597630e-02 9.4e+01 1.87e-02  1e-03  3e-02 10:26.7
  743   8173 4.239062149774875e-02 9.2e+01 6.00e-03  2e-04  9e-03 11:05.2
  787   8657 4.238956727746470e-02 8.8e+01 4.70e-03  2e-04  6e-03 11:44.5
  800   8800 4.238891887432184e-02 9.5e+01 6.81e-03  2e-04  8e-03 11:56.2
  846   9306 4.238557463636380e-02 1.2e+02 1.15e-02  3e-04  2e-02 12:37.3
  893   9823 4.238466463479994e-02 1.2e+02 5.02e-03  9e-05  6e-03 13:19.4
  900   9900 4.238459302550286e-02 1.3e+02 5.40e-03  9e-05  6e-03 13:25.7
  950  10450 4.238435605531206e-02 2.3e+02 4.96e-03  6e-05  8e-03 14:10.4
 1000  11000 4.237968467756478e-02 5.3e+02 3.18e-02  4e-04  7e-02 14:55.2
Iterat #Fevals   function value  axis ratio  sigma  min&max std  t[m:s]
 1052  11572 4.233194031907660e-02 3.8e+02 8.60e-02  1e-03  1e-01 15:41.8
 1100  12100 4.226911897445857e-02 2.3e+02 9.74e-02  1e-03  9e-02 16:24.8
 1154  12694 4.221655144255967e-02 2.7e+02 1.06e-01  1e-03  1e-01 17:13.2
 1200  13200 4.217833988357052e-02 1.9e+02 6.39e-02  6e-04  4e-02 17:54.4
 1256  13816 4.215718249457840e-02 1.7e+02 4.39e-02  4e-04  2e-02 18:44.6
 1300  14300 4.215120912700529e-02 1.5e+02 4.44e-02  3e-04  2e-02 19:24.0
 1359  14949 4.212824096668659e-02 1.4e+02 1.27e-01  9e-04  3e-02 20:16.8
 1400  15400 4.211248825134910e-02 9.9e+01 9.22e-02  6e-04  2e-02 20:53.6
 1461  16071 4.210537040588201e-02 8.1e+01 4.06e-02  3e-04  4e-03 21:48.2
 1500  16500 4.210211037601921e-02 9.7e+01 9.84e-02  7e-04  1e-02 22:23.2
 1563  17193 4.210143463410366e-02 1.2e+02 2.23e-02  1e-04  2e-03 23:19.6
 1600  17600 4.210141250862032e-02 1.2e+02 3.83e-03  2e-05  4e-04 23:52.8
 1665  18315 4.210141183759407e-02 1.4e+02 2.09e-04  9e-07  2e-05 24:51.0
 1690  18590 4.210141183716415e-02 1.4e+02 5.29e-05  2e-07  4e-06 25:13.4
termination on tolfun=1e-11 (Fri Nov 27 13:26:48 2020)
final/bestever f-value = 4.210141e-02 4.210141e-02
incumbent solution: [ 1.57079649 -0.56885119  2.06873595  3.1415929   1.27156152  0.71966811
  3.14159287  4.63606408 ...]
std deviations: [5.01156890e-07 1.75965173e-06 1.87846378e-06 9.43176677e-07
 1.21787331e-06 1.83820962e-06 9.13200282e-07 3.58011084e-06 ...]
cma
(6_w,12)-aCMA-ES (mu_w=3.7,w_1=40%) in dimension 17 (seed=627982, Fri Nov 27 13:26:48 2020)
Iterat #Fevals   function value  axis ratio  sigma  min&max std  t[m:s]
    1     12 6.570189815091944e-01 1.0e+00 9.40e-01  9e-01  9e-01 0:01.1
    2     24 7.496649038122729e-01 1.1e+00 9.34e-01  9e-01  1e+00 0:02.2
    3     36 8.087486014404762e-01 1.2e+00 9.27e-01  9e-01  1e+00 0:03.2
    6     72 6.187652922014192e-01 1.3e+00 8.76e-01  8e-01  9e-01 0:06.5
   10    120 9.745736473387848e-01 1.4e+00 8.22e-01  8e-01  9e-01 0:10.8
   15    180 5.520955005486984e-01 1.6e+00 7.65e-01  7e-01  8e-01 0:16.2
   21    252 4.854734350461968e-01 1.8e+00 9.82e-01  9e-01  1e+00 0:22.7
   28    336 8.777696052225628e-01 2.0e+00 9.51e-01  9e-01  1e+00 0:30.3
   36    432 7.107679463558393e-01 2.0e+00 9.32e-01  8e-01  1e+00 0:38.9
   45    540 6.617054727035492e-01 2.3e+00 8.68e-01  7e-01  1e+00 0:48.6
   55    660 7.816801714530366e-01 2.6e+00 7.87e-01  7e-01  1e+00 0:59.5
   66    792 6.079272923476227e-01 2.7e+00 5.75e-01  5e-01  7e-01 1:11.4
   78    936 3.782990928871702e-01 2.7e+00 4.93e-01  4e-01  6e-01 1:24.3
   91   1092 2.582840804819120e-01 2.6e+00 3.08e-01  2e-01  3e-01 1:38.4
  100   1200 1.063842700283911e-01 2.5e+00 1.86e-01  1e-01  2e-01 1:48.1
  114   1368 1.131022685956748e-01 2.7e+00 1.45e-01  1e-01  2e-01 2:03.3
  129   1548 6.481281979876677e-02 2.9e+00 7.55e-02  5e-02  8e-02 2:19.5
  145   1740 5.939215336778481e-02 3.8e+00 3.53e-02  2e-02  4e-02 2:36.8
  162   1944 5.689960667721272e-02 4.5e+00 3.40e-02  2e-02  3e-02 2:55.2
  180   2160 5.024784207818026e-02 5.2e+00 4.06e-02  3e-02  4e-02 3:14.6
  199   2388 4.339299125196532e-02 8.4e+00 4.43e-02  3e-02  5e-02 3:35.2
  200   2400 4.248669007537562e-02 8.4e+00 4.43e-02  3e-02  6e-02 3:36.3
  221   2652 3.761010479729016e-02 8.9e+00 3.92e-02  2e-02  5e-02 3:59.0
  243   2916 3.312020084243252e-02 1.1e+01 3.49e-02  2e-02  5e-02 4:22.8
  266   3192 2.938714758126798e-02 1.2e+01 2.87e-02  1e-02  4e-02 4:47.7
  290   3480 2.683004777582318e-02 1.1e+01 3.27e-02  2e-02  5e-02 5:13.6
  300   3600 2.603036445425788e-02 1.2e+01 3.60e-02  2e-02  5e-02 5:24.4
  325   3900 2.499130219570011e-02 1.3e+01 1.81e-02  8e-03  2e-02 5:51.4
  351   4212 2.371669024491371e-02 1.5e+01 2.68e-02  1e-02  3e-02 6:19.5
  378   4536 1.964955183536666e-02 1.7e+01 3.84e-02  2e-02  4e-02 6:48.6
  400   4800 1.828875489113453e-02 1.6e+01 2.14e-02  9e-03  2e-02 7:01.3
  456   5472 1.803142879112474e-02 1.7e+01 5.00e-03  2e-03  4e-03 7:32.8
  500   6000 1.801206094256654e-02 1.8e+01 2.74e-03  9e-04  3e-03 7:57.4
  559   6708 1.800606479158038e-02 2.7e+01 1.37e-03  4e-04  2e-03 8:30.6
  600   7200 1.800528177284736e-02 4.0e+01 9.99e-04  3e-04  2e-03 8:53.6
  663   7956 1.800515826037514e-02 5.1e+01 1.64e-04  4e-05  3e-04 9:28.9
  700   8400 1.800515567232652e-02 5.5e+01 4.43e-05  1e-05  7e-05 9:49.6
  767   9204 1.800515560874696e-02 6.4e+01 1.50e-06  2e-07  2e-06 10:27.2
  774   9288 1.800515560870837e-02 6.6e+01 1.06e-06  2e-07  1e-06 10:31.1
termination on tolfun=1e-11 (Fri Nov 27 13:37:20 2020)
final/bestever f-value = 1.800516e-02 1.800516e-02
incumbent solution: [-2.59207083 -3.17879024 -5.20290914 -2.73330414  5.16762323  0.9406916
 -3.72208769 -2.50286031 ...]
std deviations: [1.75517985e-07 4.11647236e-07 2.65402582e-07 2.81971986e-07
 9.67241951e-07 3.87344387e-07 1.92508324e-07 4.00046646e-07 ...]
cma
(6_w,12)-aCMA-ES (mu_w=3.7,w_1=40%) in dimension 17 (seed=582759, Fri Nov 27 13:37:20 2020)
Iterat #Fevals   function value  axis ratio  sigma  min&max std  t[m:s]
    1     12 1.027115878252112e+00 1.0e+00 9.46e-01  9e-01  1e+00 0:00.6
    2     24 6.267468088707374e-01 1.1e+00 9.47e-01  9e-01  1e+00 0:01.1
    3     36 8.075846863597809e-01 1.2e+00 9.65e-01  9e-01  1e+00 0:01.7
    9    108 8.640354039713330e-01 1.5e+00 9.26e-01  9e-01  1e+00 0:05.0
   17    204 9.438654346676151e-01 1.7e+00 1.04e+00  1e+00  1e+00 0:09.5
   26    312 6.267106989719929e-01 1.8e+00 1.01e+00  9e-01  1e+00 0:14.6
   37    444 8.369584168382830e-01 2.0e+00 8.74e-01  7e-01  9e-01 0:20.7
   50    600 6.107005441709952e-01 2.2e+00 8.36e-01  7e-01  9e-01 0:28.0
   65    780 6.460528088019593e-01 2.3e+00 6.60e-01  5e-01  8e-01 0:36.4
   82    984 6.140250005941900e-01 2.6e+00 5.70e-01  4e-01  6e-01 0:45.9
  100   1200 5.769795202605807e-01 2.7e+00 4.63e-01  4e-01  5e-01 0:56.0
  120   1440 2.870236583911671e-01 3.3e+00 2.44e-01  2e-01  3e-01 1:07.2
  142   1704 2.232643954115153e-01 3.9e+00 1.27e-01  9e-02  1e-01 1:19.5
  166   1992 1.457325218732784e-01 4.8e+00 1.33e-01  1e-01  1e-01 1:32.9
  192   2304 1.124873401461261e-01 5.4e+00 7.37e-02  5e-02  7e-02 1:47.5
  200   2400 1.021496027118033e-01 5.7e+00 6.23e-02  4e-02  6e-02 1:52.0
  229   2748 9.496418971607659e-02 7.1e+00 3.22e-02  2e-02  4e-02 2:08.2
  260   3120 8.430502781986779e-02 1.0e+01 6.93e-02  4e-02  9e-02 2:25.7
  293   3516 7.321896377162576e-02 1.2e+01 5.00e-02  3e-02  7e-02 2:44.2
  300   3600 7.189641028710149e-02 1.2e+01 3.99e-02  2e-02  5e-02 2:48.1
  336   4032 6.997717115690255e-02 1.1e+01 2.01e-02  9e-03  2e-02 3:08.2
  374   4488 6.977769962603603e-02 1.1e+01 7.02e-03  3e-03  7e-03 3:29.5
  400   4800 6.970765976395057e-02 1.2e+01 7.26e-03  3e-03  7e-03 3:44.1
  441   5292 6.960271719554124e-02 2.1e+01 6.89e-03  2e-03  1e-02 4:07.2
  484   5808 6.956900323237010e-02 3.2e+01 2.64e-03  8e-04  5e-03 4:31.4
  500   6000 6.956685677963777e-02 3.3e+01 1.55e-03  4e-04  3e-03 4:40.3
  547   6564 6.956592200683194e-02 3.4e+01 1.01e-03  2e-04  2e-03 5:06.8
  596   7152 6.956337499400726e-02 5.9e+01 2.38e-03  5e-04  5e-03 5:34.2
  600   7200 6.956317230094299e-02 6.8e+01 3.07e-03  6e-04  7e-03 5:36.4
  653   7836 6.954547151981823e-02 9.0e+01 5.20e-03  1e-03  1e-02 6:06.0
  700   8400 6.953132646914989e-02 7.2e+01 4.43e-03  8e-04  9e-03 6:32.2
  756   9072 6.951841310072257e-02 1.1e+02 5.37e-03  9e-04  2e-02 7:03.4
  800   9600 6.951145993410618e-02 1.4e+02 4.74e-03  7e-04  2e-02 7:27.9
  860  10320 6.950254829249393e-02 1.8e+02 3.90e-03  5e-04  1e-02 8:01.4
  900  10800 6.949807989845350e-02 2.4e+02 5.51e-03  6e-04  2e-02 8:23.7
  963  11556 6.949239913598687e-02 2.8e+02 4.94e-03  4e-04  2e-02 8:58.9
 1000  12000 6.948897421008668e-02 3.0e+02 3.88e-03  3e-04  2e-02 9:19.7
Iterat #Fevals   function value  axis ratio  sigma  min&max std  t[m:s]
 1067  12804 6.948259802801912e-02 3.1e+02 6.84e-03  6e-04  3e-02 9:57.2
 1100  13200 6.947829333670243e-02 3.1e+02 4.77e-03  4e-04  2e-02 10:15.6
 1170  14040 6.946627855934588e-02 2.4e+02 8.46e-03  6e-04  2e-02 10:54.9
 1200  14400 6.945354202861448e-02 1.9e+02 1.46e-02  9e-04  3e-02 11:11.7
 1273  15276 6.940893389242013e-02 9.7e+01 2.21e-02  1e-03  2e-02 11:52.7
 1300  15600 6.934228721969449e-02 9.3e+01 2.87e-02  1e-03  2e-02 12:07.9
 1377  16524 5.939901296652422e-02 1.7e+02 2.36e-01  1e-02  3e-01 12:51.1
 1400  16800 5.620633269915464e-02 1.2e+02 2.82e-01  1e-02  3e-01 13:04.1
 1481  17772 4.796529245014942e-02 4.4e+01 2.36e-01  1e-02  9e-02 13:49.8
 1500  18000 4.714942429719163e-02 3.7e+01 3.33e-01  1e-02  1e-01 14:00.4
 1584  19008 4.240940718673528e-02 2.5e+01 1.75e-01  7e-03  3e-02 14:47.6
 1600  19200 4.212794614878770e-02 2.4e+01 1.33e-01  5e-03  2e-02 14:56.6
 1688  20256 4.194628274318707e-02 2.4e+01 5.84e-02  2e-03  9e-03 15:45.8
 1700  20400 4.191187900313508e-02 3.2e+01 1.06e-01  3e-03  2e-02 15:52.6
 1791  21492 4.130481452422095e-02 4.6e+01 1.80e-01  5e-03  3e-02 16:43.7
 1800  21600 4.122177789347986e-02 4.6e+01 1.54e-01  4e-03  2e-02 16:48.7
 1895  22740 4.098285554783056e-02 3.8e+01 6.72e-02  2e-03  7e-03 17:42.2
 1900  22800 4.097809504292265e-02 3.7e+01 7.93e-02  2e-03  8e-03 17:45.0
 1999  23988 4.092458923956159e-02 5.5e+01 2.00e-02  4e-04  3e-03 18:40.4
 2000  24000 4.092460747157073e-02 5.7e+01 1.90e-02  4e-04  3e-03 18:41.0
Iterat #Fevals   function value  axis ratio  sigma  min&max std  t[m:s]
 2100  25200 4.092437148714120e-02 6.2e+01 6.62e-04  1e-05  8e-05 19:37.3
 2184  26208 4.092437138693324e-02 6.0e+01 1.86e-05  2e-07  2e-06 20:24.5
/home/adrianps/Universal-Approximator/qibo_sim/classes/ApproximantNN.py:783: ComplexWarning: Casting complex values to real discards the imaginary part
  params[0, 0] = 1 / period * np.trapz(y, x)
/home/adrianps/Universal-Approximator/qibo_sim/classes/ApproximantNN.py:786: ComplexWarning: Casting complex values to real discards the imaginary part
  params[_, 0] = 2 / period * np.trapz(y * cos, x)
/home/adrianps/Universal-Approximator/qibo_sim/classes/ApproximantNN.py:788: ComplexWarning: Casting complex values to real discards the imaginary part
  params[_, 1] = 2 / period * np.trapz(y * sin, x)
/home/adrianps/Universal-Approximator/qibo_sim/classes/ApproximantNN.py:783: ComplexWarning: Casting complex values to real discards the imaginary part
  params[0, 0] = 1 / period * np.trapz(y, x)
/home/adrianps/Universal-Approximator/qibo_sim/classes/ApproximantNN.py:786: ComplexWarning: Casting complex values to real discards the imaginary part
  params[_, 0] = 2 / period * np.trapz(y * cos, x)
/home/adrianps/Universal-Approximator/qibo_sim/classes/ApproximantNN.py:788: ComplexWarning: Casting complex values to real discards the imaginary part
  params[_, 1] = 2 / period * np.trapz(y * sin, x)
/home/adrianps/Universal-Approximator/qibo_sim/classes/ApproximantNN.py:783: ComplexWarning: Casting complex values to real discards the imaginary part
  params[0, 0] = 1 / period * np.trapz(y, x)
/home/adrianps/Universal-Approximator/qibo_sim/classes/ApproximantNN.py:786: ComplexWarning: Casting complex values to real discards the imaginary part
  params[_, 0] = 2 / period * np.trapz(y * cos, x)
/home/adrianps/Universal-Approximator/qibo_sim/classes/ApproximantNN.py:788: ComplexWarning: Casting complex values to real discards the imaginary part
  params[_, 1] = 2 / period * np.trapz(y * sin, x)
/home/adrianps/Universal-Approximator/qibo_sim/classes/ApproximantNN.py:783: ComplexWarning: Casting complex values to real discards the imaginary part
  params[0, 0] = 1 / period * np.trapz(y, x)
/home/adrianps/Universal-Approximator/qibo_sim/classes/ApproximantNN.py:786: ComplexWarning: Casting complex values to real discards the imaginary part
  params[_, 0] = 2 / period * np.trapz(y * cos, x)
/home/adrianps/Universal-Approximator/qibo_sim/classes/ApproximantNN.py:788: ComplexWarning: Casting complex values to real discards the imaginary part
  params[_, 1] = 2 / period * np.trapz(y * sin, x)
/home/adrianps/Universal-Approximator/qibo_sim/classes/ApproximantNN.py:783: ComplexWarning: Casting complex values to real discards the imaginary part
  params[0, 0] = 1 / period * np.trapz(y, x)
/home/adrianps/Universal-Approximator/qibo_sim/classes/ApproximantNN.py:786: ComplexWarning: Casting complex values to real discards the imaginary part
  params[_, 0] = 2 / period * np.trapz(y * cos, x)
/home/adrianps/Universal-Approximator/qibo_sim/classes/ApproximantNN.py:788: ComplexWarning: Casting complex values to real discards the imaginary part
  params[_, 1] = 2 / period * np.trapz(y * sin, x)
/home/adrianps/Universal-Approximator/qibo_sim/classes/ApproximantNN.py:783: ComplexWarning: Casting complex values to real discards the imaginary part
  params[0, 0] = 1 / period * np.trapz(y, x)
/home/adrianps/Universal-Approximator/qibo_sim/classes/ApproximantNN.py:786: ComplexWarning: Casting complex values to real discards the imaginary part
  params[_, 0] = 2 / period * np.trapz(y * cos, x)
/home/adrianps/Universal-Approximator/qibo_sim/classes/ApproximantNN.py:788: ComplexWarning: Casting complex values to real discards the imaginary part
  params[_, 1] = 2 / period * np.trapz(y * sin, x)
/home/adrianps/Universal-Approximator/qibo_sim/classes/ApproximantNN.py:783: ComplexWarning: Casting complex values to real discards the imaginary part
  params[0, 0] = 1 / period * np.trapz(y, x)
/home/adrianps/Universal-Approximator/qibo_sim/classes/ApproximantNN.py:786: ComplexWarning: Casting complex values to real discards the imaginary part
  params[_, 0] = 2 / period * np.trapz(y * cos, x)
/home/adrianps/Universal-Approximator/qibo_sim/classes/ApproximantNN.py:788: ComplexWarning: Casting complex values to real discards the imaginary part
  params[_, 1] = 2 / period * np.trapz(y * sin, x)
/home/adrianps/Universal-Approximator/qibo_sim/classes/ApproximantNN.py:783: ComplexWarning: Casting complex values to real discards the imaginary part
  params[0, 0] = 1 / period * np.trapz(y, x)
/home/adrianps/Universal-Approximator/qibo_sim/classes/ApproximantNN.py:786: ComplexWarning: Casting complex values to real discards the imaginary part
  params[_, 0] = 2 / period * np.trapz(y * cos, x)
/home/adrianps/Universal-Approximator/qibo_sim/classes/ApproximantNN.py:788: ComplexWarning: Casting complex values to real discards the imaginary part
  params[_, 1] = 2 / period * np.trapz(y * sin, x)
/home/adrianps/Universal-Approximator/qibo_sim/classes/ApproximantNN.py:783: ComplexWarning: Casting complex values to real discards the imaginary part
  params[0, 0] = 1 / period * np.trapz(y, x)
/home/adrianps/Universal-Approximator/qibo_sim/classes/ApproximantNN.py:786: ComplexWarning: Casting complex values to real discards the imaginary part
  params[_, 0] = 2 / period * np.trapz(y * cos, x)
/home/adrianps/Universal-Approximator/qibo_sim/classes/ApproximantNN.py:788: ComplexWarning: Casting complex values to real discards the imaginary part
  params[_, 1] = 2 / period * np.trapz(y * sin, x)
/home/adrianps/Universal-Approximator/qibo_sim/classes/ApproximantNN.py:783: ComplexWarning: Casting complex values to real discards the imaginary part
  params[0, 0] = 1 / period * np.trapz(y, x)
/home/adrianps/Universal-Approximator/qibo_sim/classes/ApproximantNN.py:786: ComplexWarning: Casting complex values to real discards the imaginary part
  params[_, 0] = 2 / period * np.trapz(y * cos, x)
/home/adrianps/Universal-Approximator/qibo_sim/classes/ApproximantNN.py:788: ComplexWarning: Casting complex values to real discards the imaginary part
  params[_, 1] = 2 / period * np.trapz(y * sin, x)
/home/adrianps/Universal-Approximator/qibo_sim/classes/ApproximantNN.py:552: RuntimeWarning: More than 20 figures have been opened. Figures created through the pyplot interface (`matplotlib.pyplot.figure`) are retained until explicitly closed and may consume too much memory. (To control this warning, see the rcParam `figure.max_open_warning`).
  fig, axs = plt.subplots(nrows=2, figsize=(8,10))
/home/adrianps/Universal-Approximator/qibo_sim/classes/ApproximantNN.py:783: ComplexWarning: Casting complex values to real discards the imaginary part
  params[0, 0] = 1 / period * np.trapz(y, x)
/home/adrianps/Universal-Approximator/qibo_sim/classes/ApproximantNN.py:786: ComplexWarning: Casting complex values to real discards the imaginary part
  params[_, 0] = 2 / period * np.trapz(y * cos, x)
/home/adrianps/Universal-Approximator/qibo_sim/classes/ApproximantNN.py:788: ComplexWarning: Casting complex values to real discards the imaginary part
  params[_, 1] = 2 / period * np.trapz(y * sin, x)
/home/adrianps/Universal-Approximator/qibo_sim/classes/ApproximantNN.py:577: RuntimeWarning: More than 20 figures have been opened. Figures created through the pyplot interface (`matplotlib.pyplot.figure`) are retained until explicitly closed and may consume too much memory. (To control this warning, see the rcParam `figure.max_open_warning`).
  fig, axs = plt.subplots(nrows=2, figsize=(8,10))
/home/adrianps/Universal-Approximator/qibo_sim/classes/ApproximantNN.py:552: RuntimeWarning: More than 20 figures have been opened. Figures created through the pyplot interface (`matplotlib.pyplot.figure`) are retained until explicitly closed and may consume too much memory. (To control this warning, see the rcParam `figure.max_open_warning`).
  fig, axs = plt.subplots(nrows=2, figsize=(8,10))
/home/adrianps/Universal-Approximator/qibo_sim/classes/ApproximantNN.py:783: ComplexWarning: Casting complex values to real discards the imaginary part
  params[0, 0] = 1 / period * np.trapz(y, x)
/home/adrianps/Universal-Approximator/qibo_sim/classes/ApproximantNN.py:786: ComplexWarning: Casting complex values to real discards the imaginary part
  params[_, 0] = 2 / period * np.trapz(y * cos, x)
/home/adrianps/Universal-Approximator/qibo_sim/classes/ApproximantNN.py:788: ComplexWarning: Casting complex values to real discards the imaginary part
  params[_, 1] = 2 / period * np.trapz(y * sin, x)
/home/adrianps/Universal-Approximator/qibo_sim/classes/ApproximantNN.py:577: RuntimeWarning: More than 20 figures have been opened. Figures created through the pyplot interface (`matplotlib.pyplot.figure`) are retained until explicitly closed and may consume too much memory. (To control this warning, see the rcParam `figure.max_open_warning`).
  fig, axs = plt.subplots(nrows=2, figsize=(8,10))
termination on tolfun=1e-11 (Fri Nov 27 13:57:47 2020)
final/bestever f-value = 4.092437e-02 4.092437e-02
incumbent solution: [ 4.49858437 -1.44169471 -4.54245036  4.95990687  6.38007733 -1.42300599
 -9.25525012 -2.09204826 ...]
std deviations: [2.41826725e-07 3.08641335e-07 4.71427441e-07 5.44411690e-07
 1.32745785e-06 6.89256774e-07 2.66055238e-07 6.86178034e-07 ...]
