cma
(3_w,6)-aCMA-ES (mu_w=2.0,w_1=63%) in dimension 2 (seed=433211, Wed Nov 25 15:55:24 2020)
Iterat #Fevals   function value  axis ratio  sigma  min&max std  t[m:s]
    1      6 2.980325233339303e-01 1.0e+00 1.13e+00  1e+00  1e+00 0:00.2
    2     12 1.014558690543156e-01 1.4e+00 1.03e+00  9e-01  1e+00 0:00.4
    3     18 3.429832474922061e-02 1.3e+00 1.01e+00  8e-01  9e-01 0:00.5
   21    126 2.297578635157553e-02 1.7e+00 9.40e-02  2e-02  2e-02 0:03.7
   45    270 2.266413096214822e-02 1.3e+00 1.78e-03  3e-05  4e-05 0:07.9
   73    438 2.266413043105956e-02 1.5e+00 5.14e-05  8e-08  1e-07 0:12.7
termination on tolfun=1e-11 (Wed Nov 25 15:55:37 2020)
final/bestever f-value = 2.266413e-02 2.266413e-02
incumbent solution: [-2.3516488451832096, 1.5987746570489219]
std deviation: [8.33562093244157e-08, 1.3165848707806186e-07]
cma
(3_w,6)-aCMA-ES (mu_w=2.0,w_1=63%) in dimension 2 (seed=414981, Wed Nov 25 15:55:37 2020)
Iterat #Fevals   function value  axis ratio  sigma  min&max std  t[m:s]
    1      6 1.142587061196738e-01 1.0e+00 1.39e+00  1e+00  1e+00 0:00.2
    2     12 3.109507182579845e-01 1.1e+00 1.39e+00  1e+00  2e+00 0:00.3
    3     18 1.563158217945340e-01 1.5e+00 1.59e+00  1e+00  2e+00 0:00.5
   21    126 2.269543471692556e-02 1.2e+00 1.07e-01  2e-02  2e-02 0:03.6
   45    270 2.266413093299029e-02 2.6e+00 2.13e-03  3e-05  7e-05 0:07.8
   70    420 2.266413043105969e-02 2.1e+00 5.72e-05  1e-07  2e-07 0:12.1
termination on tolfun=1e-11 (Wed Nov 25 15:55:49 2020)
final/bestever f-value = 2.266413e-02 2.266413e-02
incumbent solution: [3.931536391274947, 1.5987747398462944]
std deviation: [1.0761737971214936e-07, 1.7505227078954162e-07]
cma
(4_w,8)-aCMA-ES (mu_w=2.6,w_1=52%) in dimension 5 (seed=423962, Wed Nov 25 15:55:49 2020)
Iterat #Fevals   function value  axis ratio  sigma  min&max std  t[m:s]
    1      8 3.626981180121123e-01 1.0e+00 9.37e-01  9e-01  9e-01 0:00.3
    2     16 3.558629616134445e-01 1.2e+00 8.44e-01  8e-01  9e-01 0:00.6
    3     24 4.575589693663586e-01 1.4e+00 9.42e-01  9e-01  1e+00 0:00.9
   13    104 6.929530683804394e-02 2.3e+00 4.08e-01  3e-01  4e-01 0:03.9
   27    216 2.354297093823543e-02 3.1e+00 1.35e-01  4e-02  1e-01 0:08.2
   44    352 2.267810306708615e-02 6.5e+00 2.57e-02  5e-03  2e-02 0:13.3
   64    512 2.266447430283484e-02 2.0e+01 7.21e-03  7e-04  9e-03 0:19.3
   88    704 2.266413091939322e-02 5.7e+01 7.05e-04  3e-05  9e-04 0:26.6
  100    800 2.266413047174406e-02 1.2e+02 3.09e-04  8e-06  5e-04 0:30.2
  130   1040 2.266413043107221e-02 4.4e+02 3.79e-05  4e-07  8e-05 0:39.3
  133   1064 2.266413043109825e-02 5.1e+02 3.74e-05  3e-07  9e-05 0:40.2
termination on tolfun=1e-11 (Wed Nov 25 15:56:30 2020)
final/bestever f-value = 2.266413e-02 2.266413e-02
incumbent solution: [2.3516486315905634, -1.5987743456476224, -1.2010767452895004, 3.9384193723702896e-07, -3.195731194167208e-07]
std deviation: [3.138346900593029e-07, 4.944314616740618e-07, 9.283826768049387e-05, 6.6320616622751e-07, 9.854226816116816e-07]
cma
(4_w,8)-aCMA-ES (mu_w=2.6,w_1=52%) in dimension 5 (seed=388197, Wed Nov 25 15:56:30 2020)
Iterat #Fevals   function value  axis ratio  sigma  min&max std  t[m:s]
    1      8 1.724101430863411e-01 1.0e+00 8.64e-01  8e-01  9e-01 0:00.3
    2     16 3.032098023418077e-01 1.2e+00 8.52e-01  8e-01  9e-01 0:00.6
    3     24 1.192159207811926e-01 1.3e+00 8.15e-01  7e-01  8e-01 0:00.9
   13    104 5.112083992098736e-02 3.5e+00 5.36e-01  4e-01  6e-01 0:03.9
   27    216 2.280718718543429e-02 8.3e+00 2.00e-01  1e-01  2e-01 0:08.2
   44    352 2.267261432434185e-02 3.6e+01 7.26e-02  3e-02  9e-02 0:13.3
   64    512 2.266448063434527e-02 8.5e+01 2.11e-02  5e-03  3e-02 0:19.3
   88    704 2.266413058909869e-02 2.3e+02 3.48e-03  3e-04  4e-03 0:26.6
  100    800 2.266413044877244e-02 3.5e+02 1.40e-03  6e-05  2e-03 0:30.2
  130   1040 2.266413043108340e-02 1.5e+03 1.21e-04  1e-06  2e-04 0:39.3
  136   1088 2.266413043106398e-02 2.2e+03 6.30e-05  6e-07  8e-05 0:41.1
termination on tolfun=1e-11 (Wed Nov 25 15:57:11 2020)
final/bestever f-value = 2.266413e-02 2.266413e-02
incumbent solution: [1.335854455390941, -1.9234921774609586, 3.9947612765896766e-07, 2.5956819896747074, 3.522266958930943]
std deviation: [6.92417298057234e-05, 8.226607606070706e-05, 5.666495630683544e-07, 6.923825238290412e-05, 8.22576622197072e-05]
cma
(5_w,10)-aCMA-ES (mu_w=3.2,w_1=45%) in dimension 8 (seed=389372, Wed Nov 25 15:57:12 2020)
Iterat #Fevals   function value  axis ratio  sigma  min&max std  t[m:s]
    1     10 2.141744466669764e-01 1.0e+00 9.81e-01  9e-01  1e+00 0:00.5
    2     20 4.304112676811710e-01 1.2e+00 8.96e-01  9e-01  9e-01 0:00.9
    3     30 2.421078128381786e-01 1.3e+00 8.62e-01  8e-01  9e-01 0:01.4
   10    100 1.190084877428463e-01 1.5e+00 7.22e-01  6e-01  8e-01 0:04.6
   19    190 2.514484944792864e-02 2.5e+00 6.93e-01  6e-01  8e-01 0:08.8
   30    300 3.482624066733812e-02 3.7e+00 3.87e-01  2e-01  5e-01 0:13.9
   43    430 2.362583307724745e-02 5.3e+00 2.10e-01  9e-02  2e-01 0:19.9
   59    590 1.580997456626636e-02 9.3e+00 2.16e-01  9e-02  3e-01 0:27.4
   77    770 4.072495403109929e-03 8.3e+00 2.56e-01  9e-02  3e-01 0:35.8
   96    960 1.823695514169890e-03 1.2e+01 9.76e-02  3e-02  8e-02 0:44.8
  100   1000 1.750204700817853e-03 1.4e+01 7.03e-02  3e-02  6e-02 0:46.7
  124   1240 1.631436573890220e-03 2.0e+01 3.42e-02  1e-02  3e-02 0:58.1
  150   1500 1.526498405435257e-03 2.4e+01 5.27e-02  1e-02  3e-02 1:10.5
  178   1780 1.482523350507127e-03 4.6e+01 5.01e-02  1e-02  3e-02 1:23.8
  200   2000 1.458560435982062e-03 5.2e+01 4.95e-02  8e-03  3e-02 1:34.3
  232   2320 1.442725520662547e-03 4.2e+01 3.40e-02  6e-03  1e-02 1:49.5
  266   2660 1.438337437429299e-03 9.0e+01 2.72e-02  4e-03  1e-02 2:05.6
  300   3000 1.436547148563049e-03 8.0e+01 5.95e-02  5e-03  2e-02 2:21.7
  338   3380 1.435942095091415e-03 9.6e+01 1.80e-02  1e-03  4e-03 2:39.8
  379   3790 1.435934782784315e-03 1.6e+02 1.41e-03  5e-05  3e-04 2:59.2
  400   4000 1.435934759320152e-03 1.8e+02 1.92e-04  6e-06  3e-05 3:09.2
  418   4180 1.435934759167409e-03 2.3e+02 5.43e-05  1e-06  6e-06 3:17.7
termination on tolfun=1e-11 (Wed Nov 25 16:00:30 2020)
final/bestever f-value = 1.435935e-03 1.435935e-03
incumbent solution: [-0.7686940087010214, 1.3802417667924964, 1.1963419235445378, 1.4752102255532118, -2.1267960701295934, -5.227699412600349, 1.5313414084914672, -0.42394123028594904]
std deviation: [1.4681698688497936e-06, 2.378076968165469e-06, 1.1617705403848243e-06, 6.231079079484456e-06, 5.443006743603992e-06, 1.9859925532587467e-06, 4.502655370396834e-06, 4.134727449292152e-06]
cma
(5_w,10)-aCMA-ES (mu_w=3.2,w_1=45%) in dimension 8 (seed=443211, Wed Nov 25 16:00:30 2020)
Iterat #Fevals   function value  axis ratio  sigma  min&max std  t[m:s]
    1     10 2.307902789327612e-01 1.0e+00 9.21e-01  9e-01  1e+00 0:00.5
    2     20 3.300393058455965e-01 1.2e+00 8.95e-01  8e-01  9e-01 0:00.9
    3     30 3.499629930191916e-01 1.3e+00 8.51e-01  8e-01  9e-01 0:01.4
   10    100 3.390534444602873e-01 1.8e+00 9.17e-01  8e-01  1e+00 0:04.7
   19    190 1.742626905615810e-01 2.3e+00 5.76e-01  5e-01  6e-01 0:09.0
   30    300 3.102904749437016e-02 3.2e+00 1.97e-01  1e-01  2e-01 0:14.2
   43    430 1.368065719089075e-02 4.7e+00 1.57e-01  1e-01  2e-01 0:20.4
   58    580 7.736511304036835e-03 6.9e+00 1.59e-01  9e-02  2e-01 0:27.5
   75    750 2.428125115130670e-03 8.1e+00 1.58e-01  7e-02  2e-01 0:35.5
   94    940 1.465417672412638e-03 7.6e+00 6.22e-02  2e-02  5e-02 0:44.5
  100   1000 1.463425002970996e-03 8.8e+00 3.60e-02  1e-02  3e-02 0:47.4
  124   1240 1.449510522929731e-03 2.1e+01 2.63e-02  7e-03  2e-02 0:58.7
  150   1500 1.438743780852903e-03 4.0e+01 3.51e-02  7e-03  2e-02 1:11.1
  178   1780 1.437440480916814e-03 6.3e+01 1.29e-02  3e-03  8e-03 1:24.3
  200   2000 1.436559844282157e-03 8.7e+01 2.85e-02  5e-03  2e-02 1:34.8
  232   2320 1.435974249773699e-03 7.3e+01 8.57e-03  9e-04  3e-03 1:49.9
  266   2660 1.435935720798140e-03 1.4e+02 3.44e-03  3e-04  1e-03 2:06.1
  300   3000 1.435934762220066e-03 1.6e+02 2.52e-04  2e-05  7e-05 2:22.2
  325   3250 1.435934759185862e-03 1.8e+02 4.23e-05  2e-06  8e-06 2:34.1
termination on tolfun=1e-11 (Wed Nov 25 16:03:04 2020)
final/bestever f-value = 1.435935e-03 1.435935e-03
incumbent solution: [-0.7686947751445902, 1.3802448728605228, 1.9452534117348677, 1.666389069478889, 2.126795179059407, 1.0554858643305698, 1.6102458561739053, 0.42394395459144957]
std deviation: [1.9818261049433512e-06, 3.110227735886297e-06, 1.887459405727532e-06, 7.826607102589037e-06, 7.906365968845498e-06, 2.725806325399572e-06, 5.596259258913836e-06, 5.674967769045157e-06]
cma
(5_w,11)-aCMA-ES (mu_w=3.4,w_1=42%) in dimension 11 (seed=441601, Wed Nov 25 16:03:05 2020)
Iterat #Fevals   function value  axis ratio  sigma  min&max std  t[m:s]
    1     11 3.789852780933239e-02 1.0e+00 9.24e-01  9e-01  9e-01 0:00.6
    2     22 2.901771359280227e-01 1.2e+00 8.93e-01  9e-01  9e-01 0:01.2
    3     33 8.978890032086788e-02 1.3e+00 8.61e-01  8e-01  9e-01 0:01.9
    8     88 2.964553318936735e-01 1.5e+00 7.96e-01  7e-01  9e-01 0:05.0
   15    165 2.063404736852544e-01 1.8e+00 6.47e-01  6e-01  7e-01 0:09.3
   24    264 4.240092231335837e-02 2.3e+00 3.49e-01  3e-01  4e-01 0:14.9
   34    374 3.622137000037874e-02 2.7e+00 2.79e-01  2e-01  3e-01 0:21.2
   46    506 2.634835092248248e-02 3.7e+00 1.62e-01  1e-01  2e-01 0:28.6
   59    649 7.050623558419936e-03 5.4e+00 1.57e-01  1e-01  2e-01 0:36.7
   74    814 2.355732902623686e-03 6.1e+00 9.41e-02  6e-02  1e-01 0:46.0
   91   1001 1.727257509198841e-03 7.1e+00 5.56e-02  3e-02  6e-02 0:56.6
  100   1100 1.529996359705769e-03 8.7e+00 3.69e-02  2e-02  4e-02 1:02.2
  120   1320 1.455510017571753e-03 1.3e+01 2.76e-02  1e-02  3e-02 1:14.6
  141   1551 1.417238900496016e-03 2.2e+01 2.30e-02  1e-02  3e-02 1:27.6
  164   1804 1.395850313039146e-03 4.0e+01 2.96e-02  1e-02  3e-02 1:41.9
  189   2079 1.370269399068984e-03 6.2e+01 4.34e-02  2e-02  5e-02 1:57.4
  200   2200 1.299016173399489e-03 7.5e+01 7.72e-02  4e-02  1e-01 2:04.2
  228   2508 1.206377965909453e-03 6.5e+01 3.01e-02  1e-02  3e-02 2:21.7
  257   2827 1.178270871151996e-03 6.8e+01 1.59e-02  4e-03  2e-02 2:39.7
  288   3168 1.154865648682446e-03 7.7e+01 2.71e-02  6e-03  3e-02 2:58.9
  300   3300 1.136265345663265e-03 7.4e+01 4.46e-02  9e-03  4e-02 3:06.4
  334   3674 7.381031197922391e-04 5.9e+01 1.99e-01  4e-02  2e-01 3:27.5
  370   4070 5.168540040895623e-04 5.0e+01 1.04e-01  2e-02  7e-02 3:49.9
  400   4400 4.586233200604652e-04 3.9e+01 4.22e-02  6e-03  2e-02 4:08.5
  439   4829 4.029714239672678e-04 9.0e+01 8.74e-02  1e-02  6e-02 4:32.7
  480   5280 3.236618989525743e-04 1.3e+02 1.20e-01  1e-02  7e-02 4:58.2
  500   5500 2.999271670203048e-04 1.4e+02 1.32e-01  1e-02  7e-02 5:10.6
  544   5984 2.944211273729926e-04 2.0e+02 1.80e-02  9e-04  7e-03 5:37.9
  590   6490 2.943220287593649e-04 2.2e+02 1.26e-02  4e-04  4e-03 6:06.5
  600   6600 2.942313378538943e-04 2.2e+02 1.55e-02  5e-04  5e-03 6:12.7
  649   7139 2.881061267678110e-04 1.2e+02 1.98e-01  5e-03  5e-02 6:43.1
  699   7689 2.760891488161473e-04 1.0e+02 1.23e-01  2e-03  2e-02 7:14.2
  700   7700 2.767293021434533e-04 1.0e+02 1.18e-01  2e-03  2e-02 7:14.8
  754   8294 2.586436343700835e-04 9.2e+01 2.20e-01  3e-03  3e-02 7:48.3
  800   8800 2.446567442946966e-04 1.0e+02 2.78e-01  3e-03  3e-02 8:16.9
  857   9427 2.388288079033480e-04 1.2e+02 1.55e-01  1e-03  1e-02 8:52.3
  900   9900 2.364182321150616e-04 1.4e+02 2.74e-01  2e-03  2e-02 9:19.0
  960  10560 2.348095247927345e-04 1.4e+02 2.03e-01  1e-03  9e-03 9:56.2
 1000  11000 2.342915150383461e-04 1.6e+02 2.18e-01  8e-04  9e-03 10:21.1
Iterat #Fevals   function value  axis ratio  sigma  min&max std  t[m:s]
 1063  11693 2.338588807899780e-04 2.2e+02 1.85e-01  6e-04  7e-03 11:00.2
 1100  12100 2.337380521651298e-04 3.9e+02 1.92e-01  7e-04  8e-03 11:23.2
 1167  12837 2.336983301117585e-04 3.9e+02 1.14e-01  3e-04  3e-03 12:04.8
 1200  13200 2.336960257158160e-04 5.0e+02 5.01e-02  1e-04  2e-03 12:25.3
 1252  13772 2.336958621256420e-04 4.9e+02 1.25e-03  1e-06  2e-05 12:57.6
termination on tolfun=1e-11 (Wed Nov 25 16:16:04 2020)
final/bestever f-value = 2.336959e-04 2.336959e-04
incumbent solution: [ 0.26403329 -5.9738196   0.20051392  1.40854219  3.99238491 -2.36607874
 -1.43312071 -1.87196875 ...]
std deviations: [4.88333939e-06 1.74888013e-05 1.47822429e-06 1.57904615e-05
 2.28822619e-05 8.43729284e-06 1.00450935e-05 1.36979951e-05 ...]
cma
(5_w,11)-aCMA-ES (mu_w=3.4,w_1=42%) in dimension 11 (seed=408693, Wed Nov 25 16:16:04 2020)
Iterat #Fevals   function value  axis ratio  sigma  min&max std  t[m:s]
    1     11 2.226390357046404e-01 1.0e+00 9.65e-01  9e-01  1e+00 0:00.6
    2     22 4.111012164830744e-01 1.2e+00 9.63e-01  9e-01  1e+00 0:01.2
    3     33 1.054436896515019e-01 1.3e+00 1.00e+00  1e+00  1e+00 0:01.9
    8     88 4.869363403248612e-02 1.5e+00 8.04e-01  7e-01  9e-01 0:04.9
   15    165 2.726862423421672e-01 2.1e+00 8.02e-01  7e-01  1e+00 0:09.3
   24    264 1.400117130682874e-01 2.4e+00 6.21e-01  5e-01  6e-01 0:14.8
   34    374 8.238963732292234e-02 2.7e+00 4.13e-01  3e-01  4e-01 0:21.0
   46    506 1.665582567887693e-02 2.9e+00 2.42e-01  2e-01  3e-01 0:28.4
   59    649 2.906747122566347e-03 3.4e+00 1.77e-01  1e-01  2e-01 0:36.5
   74    814 1.559887314331430e-03 5.0e+00 9.53e-02  6e-02  1e-01 0:45.7
   91   1001 1.457959121153643e-03 7.6e+00 3.36e-02  2e-02  3e-02 0:56.2
  100   1100 1.441871176525660e-03 1.1e+01 2.44e-02  1e-02  2e-02 1:01.8
  120   1320 1.422339597994699e-03 1.5e+01 1.11e-02  5e-03  1e-02 1:14.2
  142   1562 1.404713454762923e-03 2.6e+01 3.70e-02  1e-02  4e-02 1:27.7
  165   1815 1.324414343847904e-03 3.0e+01 3.56e-02  1e-02  4e-02 1:42.0
  190   2090 1.215423865337986e-03 4.5e+01 4.21e-02  1e-02  6e-02 1:57.4
  200   2200 1.178308260872305e-03 5.0e+01 6.87e-02  2e-02  9e-02 2:03.6
  228   2508 8.953712739828558e-04 4.8e+01 5.19e-02  1e-02  7e-02 2:20.9
  258   2838 6.196937418149743e-04 6.2e+01 5.87e-02  1e-02  7e-02 2:39.4
  289   3179 3.003237854089755e-04 4.8e+01 7.41e-02  1e-02  7e-02 2:58.6
  300   3300 2.880198478890580e-04 5.2e+01 8.45e-02  2e-02  8e-02 3:05.4
  334   3674 2.627198426477033e-04 5.4e+01 1.72e-02  2e-03  1e-02 3:26.4
  370   4070 2.608982246490318e-04 9.8e+01 1.23e-02  2e-03  1e-02 3:48.4
  400   4400 2.602463135495426e-04 1.3e+02 1.37e-02  1e-03  2e-02 4:06.8
  440   4840 2.596995087138873e-04 1.6e+02 8.41e-03  7e-04  9e-03 4:31.4
  481   5291 2.595330063298143e-04 1.9e+02 6.50e-03  4e-04  7e-03 4:56.5
  500   5500 2.595061693924058e-04 2.6e+02 6.45e-03  5e-04  8e-03 5:08.1
  545   5995 2.594726285570960e-04 5.5e+02 8.61e-03  7e-04  2e-02 5:35.7
  591   6501 2.573978469008326e-04 4.5e+02 6.73e-02  4e-03  8e-02 6:03.9
  600   6600 2.560824566730647e-04 4.0e+02 8.42e-02  6e-03  9e-02 6:09.4
  649   7139 2.390850686212605e-04 3.2e+02 9.87e-02  5e-03  6e-02 6:39.5
  700   7700 2.269224340156148e-04 1.9e+02 6.90e-02  2e-03  2e-02 7:10.7
  753   8283 2.261341130527832e-04 1.2e+02 7.18e-02  1e-03  1e-02 7:43.2
  800   8800 2.259248808623944e-04 1.5e+02 2.45e-02  3e-04  3e-03 8:12.0
  856   9416 2.258467728960375e-04 1.7e+02 5.46e-02  7e-04  5e-03 8:46.3
  900   9900 2.258327821613159e-04 1.6e+02 8.39e-03  7e-05  6e-04 9:13.3
  959  10549 2.258326398373822e-04 1.7e+02 2.24e-04  1e-06  1e-05 9:49.4
  962  10582 2.258326398435915e-04 1.8e+02 1.78e-04  1e-06  8e-06 9:51.3
termination on tolfun=1e-11 (Wed Nov 25 16:25:57 2020)
final/bestever f-value = 2.258326e-04 2.258326e-04
incumbent solution: [ 2.44082052  1.2620316   1.9214899   2.0030656   4.32131764 -2.07488054
 -0.0758764   4.5030066  ...]
std deviations: [1.06377078e-06 2.86562222e-06 2.12486578e-06 3.86518497e-06
 6.99413077e-06 1.15775697e-06 2.17924302e-06 5.58159868e-06 ...]
cma
(5_w,11)-aCMA-ES (mu_w=3.4,w_1=42%) in dimension 14 (seed=419363, Wed Nov 25 16:25:57 2020)
Iterat #Fevals   function value  axis ratio  sigma  min&max std  t[m:s]
    1     11 4.801108812408462e-01 1.0e+00 9.38e-01  9e-01  9e-01 0:00.7
    2     22 2.942550683332694e-02 1.1e+00 8.51e-01  8e-01  9e-01 0:01.4
    3     33 1.043489179390203e-01 1.2e+00 8.18e-01  8e-01  8e-01 0:02.1
    8     88 9.549797588292064e-02 1.4e+00 8.26e-01  8e-01  9e-01 0:05.7
   14    154 4.150928211703308e-01 1.6e+00 7.51e-01  7e-01  8e-01 0:09.9
   21    231 2.024139412998067e-01 1.7e+00 8.65e-01  8e-01  1e+00 0:14.9
   30    330 4.124082457672752e-02 1.9e+00 6.39e-01  5e-01  7e-01 0:21.3
   40    440 4.702574665585731e-02 2.1e+00 4.39e-01  3e-01  5e-01 0:28.4
   52    572 3.634049958864726e-02 2.2e+00 4.30e-01  3e-01  4e-01 0:36.9
   65    715 1.618572949934053e-02 2.6e+00 2.72e-01  2e-01  3e-01 0:46.2
   80    880 4.844644019417134e-03 2.8e+00 1.44e-01  1e-01  1e-01 0:56.8
   96   1056 1.774465363726007e-03 3.3e+00 8.36e-02  5e-02  8e-02 1:08.2
  100   1100 1.687765149866705e-03 3.6e+00 7.17e-02  4e-02  7e-02 1:11.0
  119   1309 1.461010197350887e-03 5.3e+00 4.24e-02  2e-02  4e-02 1:24.5
  139   1529 1.438709704996868e-03 7.8e+00 2.16e-02  1e-02  2e-02 1:38.7
  161   1771 1.411273814393518e-03 1.2e+01 1.76e-02  1e-02  2e-02 1:54.3
  184   2024 1.393654566419738e-03 2.0e+01 2.29e-02  1e-02  3e-02 2:10.6
  200   2200 1.383295426323512e-03 2.7e+01 1.52e-02  9e-03  2e-02 2:21.9
  226   2486 1.369841580943544e-03 4.2e+01 1.91e-02  1e-02  2e-02 2:40.4
  253   2783 1.344135365339770e-03 6.2e+01 1.71e-02  1e-02  3e-02 2:59.6
  282   3102 1.310916627970945e-03 9.4e+01 1.78e-02  1e-02  4e-02 3:20.1
  300   3300 1.281479141542024e-03 1.1e+02 1.95e-02  1e-02  4e-02 3:32.9
  332   3652 1.191617581195286e-03 1.3e+02 2.19e-02  1e-02  5e-02 3:55.6
  365   4015 1.132507352695209e-03 1.1e+02 2.98e-02  1e-02  5e-02 4:19.0
  399   4389 1.103364994799667e-03 9.0e+01 1.73e-02  7e-03  2e-02 4:43.1
  400   4400 1.103732520484052e-03 8.9e+01 1.77e-02  7e-03  2e-02 4:43.9
  437   4807 9.274648347396543e-04 1.0e+02 6.24e-02  2e-02  1e-01 5:10.1
  476   5236 7.103621912614360e-04 9.7e+01 5.58e-02  2e-02  9e-02 5:37.8
  500   5500 4.547663346379892e-04 8.7e+01 9.20e-02  2e-02  1e-01 5:54.8
  541   5951 2.281913585793049e-04 5.6e+01 6.90e-02  2e-02  7e-02 6:23.9
  584   6424 1.903948921965485e-04 5.0e+01 4.00e-02  8e-03  3e-02 6:54.5
  600   6600 1.851638230002613e-04 4.7e+01 2.51e-02  5e-03  2e-02 7:05.8
  646   7106 1.720523140362513e-04 4.9e+01 2.71e-02  4e-03  1e-02 7:38.4
  693   7623 1.461643036252308e-04 7.3e+01 4.40e-02  7e-03  3e-02 8:11.8
  700   7700 1.421714928730272e-04 7.6e+01 3.53e-02  6e-03  3e-02 8:16.7
  750   8250 1.219785487656557e-04 1.0e+02 6.13e-02  1e-02  5e-02 8:52.2
  800   8800 1.044788256676340e-04 1.4e+02 3.35e-02  4e-03  2e-02 9:27.7
  853   9383 1.029068794837902e-04 1.3e+02 5.61e-03  6e-04  3e-03 10:05.3
  900   9900 1.028908858530369e-04 1.2e+02 9.83e-04  8e-05  4e-04 10:38.6
  955  10505 1.028779708172512e-04 2.1e+02 5.80e-03  4e-04  3e-03 11:17.7
 1000  11000 1.028297836623257e-04 2.8e+02 9.62e-03  5e-04  6e-03 11:49.6
Iterat #Fevals   function value  axis ratio  sigma  min&max std  t[m:s]
 1058  11638 1.027479847252325e-04 2.3e+02 7.73e-03  3e-04  4e-03 12:30.8
 1100  12100 1.026886875893120e-04 2.7e+02 9.29e-03  3e-04  4e-03 13:00.5
 1161  12771 1.026070630765499e-04 2.0e+02 9.66e-03  3e-04  3e-03 13:43.8
 1200  13200 1.025657011956993e-04 2.4e+02 1.47e-02  4e-04  5e-03 14:11.5
 1264  13904 1.025083358449197e-04 2.6e+02 2.00e-02  5e-04  6e-03 14:56.9
 1300  14300 1.024823590078159e-04 2.3e+02 1.22e-02  2e-04  3e-03 15:22.4
 1367  15037 1.024545741933321e-04 2.9e+02 1.20e-02  2e-04  3e-03 16:10.0
 1400  15400 1.024485461323633e-04 3.3e+02 9.92e-03  2e-04  2e-03 16:33.4
 1470  16170 1.024427660595780e-04 3.9e+02 5.18e-03  6e-05  1e-03 17:23.1
 1500  16500 1.024423274837559e-04 4.4e+02 3.50e-03  4e-05  9e-04 17:44.4
 1572  17292 1.024422388568703e-04 5.7e+02 2.65e-04  2e-06  6e-05 18:35.5
 1585  17435 1.024422387063797e-04 6.6e+02 1.38e-04  1e-06  3e-05 18:44.7
termination on tolfun=1e-11 (Wed Nov 25 16:44:44 2020)
final/bestever f-value = 1.024422e-04 1.024422e-04
incumbent solution: [-0.75865335  0.37141397 -1.36785924  2.63603041 -3.75841804 -2.02545624
 -1.93156771 -3.07555708 ...]
std deviations: [6.10301125e-06 2.74124462e-06 2.96985358e-05 3.19720447e-05
 2.20539448e-05 1.69454960e-06 1.04640479e-06 3.97424847e-06 ...]
cma
(5_w,11)-aCMA-ES (mu_w=3.4,w_1=42%) in dimension 14 (seed=370345, Wed Nov 25 16:44:45 2020)
Iterat #Fevals   function value  axis ratio  sigma  min&max std  t[m:s]
    1     11 1.429803006294848e-01 1.0e+00 9.49e-01  9e-01  1e+00 0:00.7
    2     22 6.663461572652432e-02 1.1e+00 9.41e-01  9e-01  1e+00 0:01.4
    3     33 1.449250007229151e-01 1.2e+00 9.01e-01  9e-01  9e-01 0:02.1
    8     88 1.661391231700926e-01 1.4e+00 9.80e-01  9e-01  1e+00 0:05.7
   14    154 3.163099039870068e-01 1.9e+00 1.39e+00  1e+00  2e+00 0:09.9
   22    242 6.093159284443503e-01 2.3e+00 1.98e+00  2e+00  3e+00 0:15.6
   31    341 4.659361052265012e-01 2.5e+00 2.51e+00  2e+00  3e+00 0:22.0
   41    451 6.150075475588822e-01 2.6e+00 3.75e+00  3e+00  5e+00 0:29.1
   53    583 3.479435084706434e-01 3.0e+00 6.57e+00  6e+00  9e+00 0:37.6
   66    726 7.406231126373836e-01 3.4e+00 7.54e+00  6e+00  1e+01 0:46.9
   81    891 7.137312884511222e-01 3.4e+00 5.48e+00  4e+00  7e+00 0:57.5
   97   1067 6.047935056789844e-01 4.0e+00 4.86e+00  4e+00  6e+00 1:08.9
  100   1100 5.400779300961704e-01 4.0e+00 5.11e+00  4e+00  7e+00 1:11.0
  119   1309 7.707076578712925e-01 6.8e+00 1.13e+01  9e+00  2e+01 1:24.5
  139   1529 6.803123736756641e-01 7.9e+00 1.33e+01  1e+01  3e+01 1:38.7
  161   1771 8.968791047489658e-01 8.3e+00 1.21e+01  1e+01  2e+01 1:54.4
  184   2024 5.326005121947341e-01 9.1e+00 1.58e+01  1e+01  3e+01 2:10.7
  200   2200 7.745532849003561e-01 9.5e+00 1.53e+01  1e+01  3e+01 2:22.1
  226   2486 7.920101266613384e-01 1.0e+01 3.98e+01  3e+01  8e+01 2:40.6
  253   2783 7.462166385620884e-01 1.0e+01 2.88e+01  2e+01  6e+01 2:59.7
  282   3102 8.581722607489454e-01 1.5e+01 3.21e+01  3e+01  8e+01 3:20.4
  300   3300 5.901771149864333e-01 1.5e+01 2.69e+01  2e+01  6e+01 3:33.2
  331   3641 6.892641274137998e-01 1.7e+01 3.19e+01  2e+01  6e+01 3:55.2
  364   4004 6.522016642624762e-01 1.6e+01 4.17e+01  3e+01  8e+01 4:18.6
  398   4378 6.772685009159721e-01 1.8e+01 2.65e+01  2e+01  4e+01 4:42.8
  400   4400 7.128895887913506e-01 1.8e+01 2.77e+01  2e+01  5e+01 4:44.2
  437   4807 6.030846537159791e-01 1.9e+01 2.22e+01  1e+01  4e+01 5:10.4
  476   5236 2.401249482019980e-01 2.0e+01 1.42e+01  8e+00  2e+01 5:38.0
  500   5500 7.182004953425597e-01 2.5e+01 1.44e+01  8e+00  2e+01 5:54.9
  542   5962 6.263553874827749e-01 2.5e+01 1.60e+01  9e+00  3e+01 6:24.6
  585   6435 8.402596301171559e-01 3.1e+01 3.74e+01  2e+01  7e+01 6:55.1
termination on tolstagnation=576 (Wed Nov 25 16:51:40 2020)
final/bestever f-value = 1.079829e+00 6.663462e-02
incumbent solution: [ 193.81330116 -160.61991025   96.55374599 -118.26376813 -200.19456204
  275.02495224 -466.23702815  455.93005393 ...]
std deviations: [60.73453587 48.92459338 50.6147406  53.30024341 37.99653103 46.40307577
 53.44904205 67.08749854 ...]
cma
(6_w,12)-aCMA-ES (mu_w=3.7,w_1=40%) in dimension 17 (seed=393854, Wed Nov 25 16:51:41 2020)
Iterat #Fevals   function value  axis ratio  sigma  min&max std  t[m:s]
    1     12 2.109305708267981e-01 1.0e+00 9.22e-01  9e-01  9e-01 0:00.9
    2     24 1.214449639977648e-01 1.1e+00 8.93e-01  9e-01  9e-01 0:01.7
    3     36 1.844780454552733e-01 1.2e+00 8.60e-01  8e-01  9e-01 0:02.6
    7     84 1.499280015763110e-01 1.2e+00 6.39e-01  6e-01  7e-01 0:06.1
   12    144 8.589068363764922e-02 1.3e+00 5.32e-01  5e-01  5e-01 0:10.5
   18    216 4.604545554862541e-02 1.6e+00 5.26e-01  5e-01  6e-01 0:15.8
   25    300 1.068880536068513e-01 1.7e+00 5.52e-01  5e-01  6e-01 0:21.9
   33    396 8.583591281989257e-02 1.8e+00 5.32e-01  5e-01  6e-01 0:28.9
   43    516 3.670837492745424e-02 2.0e+00 4.99e-01  4e-01  5e-01 0:37.6
   54    648 7.386141672213940e-02 2.3e+00 4.16e-01  3e-01  4e-01 0:47.3
   66    792 3.289735640160935e-02 2.7e+00 3.73e-01  3e-01  4e-01 0:57.8
   79    948 7.349782730281280e-03 3.1e+00 2.13e-01  2e-01  2e-01 1:09.2
   93   1116 2.266647837962476e-03 3.4e+00 1.31e-01  9e-02  1e-01 1:21.4
  100   1200 3.372897546784158e-03 3.8e+00 1.06e-01  7e-02  1e-01 1:27.5
  116   1392 2.401284763564073e-03 4.4e+00 8.42e-02  6e-02  9e-02 1:41.6
  134   1608 2.008242144315046e-03 5.4e+00 7.50e-02  5e-02  8e-02 1:57.3
  153   1836 1.804475604330130e-03 7.1e+00 5.34e-02  3e-02  6e-02 2:13.9
  173   2076 1.700929415979770e-03 8.9e+00 4.65e-02  3e-02  6e-02 2:31.5
  194   2328 1.561120539427387e-03 1.1e+01 4.33e-02  3e-02  6e-02 2:49.9
  200   2400 1.565828863158413e-03 1.1e+01 3.86e-02  2e-02  5e-02 2:55.1
  223   2676 1.480156301146614e-03 1.7e+01 2.42e-02  1e-02  3e-02 3:15.3
  247   2964 1.426183054493177e-03 2.4e+01 3.20e-02  2e-02  5e-02 3:36.3
  273   3276 1.386684471654381e-03 3.4e+01 2.54e-02  1e-02  4e-02 3:59.1
  300   3600 1.343500481213996e-03 4.6e+01 1.71e-02  9e-03  3e-02 4:22.7
  328   3936 1.326541563664127e-03 6.2e+01 1.64e-02  9e-03  4e-02 4:47.2
  357   4284 1.305231941716423e-03 7.7e+01 1.91e-02  1e-02  5e-02 5:12.6
  387   4644 1.242562588969388e-03 7.4e+01 2.38e-02  1e-02  5e-02 5:38.9
  400   4800 1.211599450378547e-03 7.1e+01 2.66e-02  1e-02  5e-02 5:50.3
  432   5184 1.018543244352981e-03 8.8e+01 3.28e-02  2e-02  7e-02 6:18.3
  466   5592 6.535256032202791e-04 8.7e+01 3.78e-02  2e-02  8e-02 6:48.1
  500   6000 3.910746753186368e-04 7.2e+01 2.85e-02  1e-02  5e-02 7:17.9
  536   6432 3.580323595714780e-04 5.8e+01 2.39e-02  9e-03  4e-02 7:49.4
  573   6876 3.203870427403168e-04 4.8e+01 2.61e-02  1e-02  3e-02 8:21.8
  600   7200 3.093194556559615e-04 4.6e+01 1.89e-02  7e-03  2e-02 8:35.2
  674   8088 2.983712816676119e-04 8.5e+01 7.16e-03  2e-03  1e-02 9:09.4
  700   8400 2.973746011370633e-04 7.6e+01 7.72e-03  2e-03  1e-02 9:21.5
  778   9336 2.928958817947517e-04 1.2e+02 1.24e-02  4e-03  2e-02 9:57.8
  800   9600 2.918692282902230e-04 1.2e+02 1.28e-02  4e-03  2e-02 10:08.1
  882  10584 2.876443719289060e-04 2.2e+02 1.11e-02  3e-03  3e-02 10:46.1
  900  10800 2.867476329922357e-04 2.7e+02 1.51e-02  4e-03  4e-02 10:54.5
  986  11832 2.843791838218277e-04 3.3e+02 9.65e-03  2e-03  2e-02 11:34.6
 1000  12000 2.842233692947689e-04 3.6e+02 1.23e-02  2e-03  3e-02 11:41.1
Iterat #Fevals   function value  axis ratio  sigma  min&max std  t[m:s]
 1091  13092 2.824810216092010e-04 3.8e+02 1.26e-02  2e-03  3e-02 12:23.4
 1100  13200 2.823439398914887e-04 4.0e+02 1.43e-02  2e-03  3e-02 12:27.6
 1195  14340 2.657294736558713e-04 3.6e+02 4.62e-02  4e-03  7e-02 13:11.6
 1200  14400 2.644820312772370e-04 3.6e+02 3.82e-02  4e-03  6e-02 13:13.9
 1300  15600 2.053222256041109e-04 2.1e+02 5.43e-02  4e-03  5e-02 14:00.3
 1400  16800 1.637423316260503e-04 1.3e+02 5.17e-02  3e-03  3e-02 14:46.6
 1500  18000 1.323386869463147e-04 1.4e+02 1.24e-01  6e-03  7e-02 15:32.8
 1600  19200 1.086969595248649e-04 2.0e+02 4.70e-02  2e-03  3e-02 16:19.2
 1700  20400 1.064933848715693e-04 2.5e+02 3.44e-02  9e-04  2e-02 17:05.6
 1800  21600 1.060219235321660e-04 3.1e+02 2.33e-02  7e-04  1e-02 17:51.8
 1900  22800 1.059177007112737e-04 5.5e+02 3.84e-02  1e-03  2e-02 18:38.2
 2000  24000 1.055674105889498e-04 6.5e+02 3.53e-02  9e-04  1e-02 19:24.6
Iterat #Fevals   function value  axis ratio  sigma  min&max std  t[m:s]
 2100  25200 1.053794837120519e-04 6.3e+02 3.87e-02  9e-04  1e-02 20:10.7
 2200  26400 1.052966297473100e-04 7.6e+02 7.80e-02  1e-03  2e-02 20:57.0
 2300  27600 1.051263442770683e-04 9.3e+02 5.52e-02  1e-03  1e-02 21:43.2
 2400  28800 1.050073516572170e-04 9.6e+02 7.22e-02  8e-04  1e-02 22:29.5
 2500  30000 1.049118098640490e-04 8.1e+02 5.96e-02  5e-04  6e-03 23:16.9
 2600  31200 1.048265981867373e-04 8.0e+02 1.01e-01  8e-04  1e-02 24:03.8
 2700  32400 1.047572108693304e-04 6.2e+02 6.74e-02  4e-04  5e-03 24:50.4
 2800  33600 1.047003563465347e-04 6.6e+02 7.09e-02  3e-04  4e-03 25:37.5
 2900  34800 1.046608383201108e-04 5.1e+02 1.11e-01  3e-04  4e-03 26:24.5
 3000  36000 1.046349481978579e-04 5.3e+02 8.71e-02  2e-04  3e-03 27:11.8
Iterat #Fevals   function value  axis ratio  sigma  min&max std  t[m:s]
 3100  37200 1.046085528497182e-04 4.3e+02 1.17e-01  2e-04  3e-03 27:58.8
 3200  38400 1.045825528998338e-04 3.3e+02 8.10e-02  1e-04  2e-03 28:45.9
 3300  39600 1.045452112499817e-04 3.5e+02 2.86e-01  4e-04  5e-03 29:32.9
 3400  40800 1.044413001598954e-04 4.4e+02 4.49e-01  5e-04  7e-03 30:20.4
 3500  42000 1.043400256835197e-04 5.0e+02 3.41e-01  3e-04  6e-03 31:07.7
 3600  43200 1.042597291720730e-04 4.8e+02 5.47e-01  4e-04  8e-03 31:54.9
 3700  44400 1.041984614023421e-04 3.3e+02 3.72e-01  2e-04  3e-03 32:41.9
 3800  45600 1.041654371525107e-04 4.8e+02 3.55e-01  2e-04  3e-03 33:29.2
 3900  46800 1.041360966535739e-04 5.5e+02 7.68e-01  3e-04  7e-03 34:16.1
 4000  48000 1.041025638841509e-04 4.2e+02 1.06e+00  3e-04  6e-03 35:03.2
Iterat #Fevals   function value  axis ratio  sigma  min&max std  t[m:s]
 4100  49200 1.040079457991730e-04 5.0e+02 1.76e+00  5e-04  9e-03 35:50.2
 4200  50400 1.039467765015371e-04 6.1e+02 1.64e+00  4e-04  7e-03 36:37.4
 4300  51600 1.038024681202360e-04 6.7e+02 3.85e+00  9e-04  2e-02 37:24.4
 4400  52800 1.036490550153466e-04 8.5e+02 5.20e+00  1e-03  2e-02 38:11.4
 4500  54000 1.033151987116894e-04 5.7e+02 3.91e+00  7e-04  1e-02 38:58.4
 4600  55200 1.028339239952999e-04 5.3e+02 6.27e+00  6e-04  1e-02 39:45.6
 4700  56400 1.023013462737784e-04 3.7e+02 6.06e+00  5e-04  9e-03 40:32.6
 4800  57600 1.021424818968078e-04 4.1e+02 4.78e+00  4e-04  7e-03 41:19.6
 4900  58800 1.020275738314788e-04 5.4e+02 1.29e+01  8e-04  2e-02 42:06.6
 5000  60000 1.019581660302711e-04 6.1e+02 9.42e-01  4e-05  9e-04 42:53.8
Iterat #Fevals   function value  axis ratio  sigma  min&max std  t[m:s]
 5100  61200 1.019580869230485e-04 8.0e+02 4.15e-01  1e-05  3e-04 43:41.1
 5200  62400 1.019579726323613e-04 1.7e+03 3.28e-01  1e-05  4e-04 44:28.3
 5235  62820 1.019579706793175e-04 1.9e+03 7.08e-02  2e-06  9e-05 44:44.7
termination on tolfun=1e-11 (Wed Nov 25 17:36:32 2020)
final/bestever f-value = 1.019580e-04 1.019580e-04
incumbent solution: [  1.68532111   0.6880773   -1.72646707  -1.21259867  -3.91877304
  -3.29420837   4.8564094  -13.91819396 ...]
std deviations: [2.01901062e-06 6.47654892e-06 4.33979170e-06 1.21227437e-05
 3.79032716e-05 2.06308252e-06 2.00197312e-05 8.94956114e-05 ...]
cma
(6_w,12)-aCMA-ES (mu_w=3.7,w_1=40%) in dimension 17 (seed=385433, Wed Nov 25 17:36:32 2020)
Iterat #Fevals   function value  axis ratio  sigma  min&max std  t[m:s]
    1     12 5.626723566781353e-01 1.0e+00 9.17e-01  9e-01  9e-01 0:00.5
    2     24 2.433990505660904e-01 1.1e+00 8.59e-01  8e-01  9e-01 0:00.9
    3     36 6.365420753361330e-02 1.1e+00 8.09e-01  8e-01  8e-01 0:01.4
   10    120 5.062174602854548e-01 1.4e+00 7.25e-01  7e-01  8e-01 0:04.5
   19    228 3.032960203881057e-01 1.5e+00 8.15e-01  7e-01  9e-01 0:08.9
   30    360 5.416147683238745e-01 1.8e+00 8.99e-01  8e-01  1e+00 0:14.0
   43    516 4.986707132556824e-01 2.0e+00 9.44e-01  8e-01  1e+00 0:20.3
   59    708 2.716344129356792e-01 2.2e+00 1.08e+00  1e+00  1e+00 0:27.6
   76    912 1.453081446946465e-01 2.3e+00 7.54e-01  6e-01  8e-01 0:35.6
   96   1152 4.512551834311172e-02 2.6e+00 5.27e-01  4e-01  6e-01 0:45.0
  100   1200 1.115485121902559e-01 2.6e+00 5.15e-01  4e-01  6e-01 0:46.9
  124   1488 2.740246179399659e-02 2.9e+00 3.88e-01  3e-01  4e-01 0:58.1
  150   1800 6.335867650295491e-03 3.2e+00 1.98e-01  1e-01  2e-01 1:10.3
  179   2148 1.964866432582473e-03 4.4e+00 9.91e-02  6e-02  1e-01 1:23.8
  200   2400 2.318152274663967e-03 5.9e+00 6.86e-02  4e-02  8e-02 1:33.7
  232   2784 1.660888460009356e-03 8.8e+00 3.29e-02  2e-02  4e-02 1:48.8
  267   3204 1.431628171335430e-03 1.9e+01 3.89e-02  2e-02  5e-02 2:05.1
  300   3600 1.128399205192045e-03 2.7e+01 4.29e-02  2e-02  7e-02 2:20.7
  339   4068 9.138725190331252e-04 2.9e+01 3.91e-02  2e-02  5e-02 2:39.0
  380   4560 6.052771304281512e-04 3.2e+01 3.44e-02  2e-02  4e-02 2:58.4
  400   4800 4.099240234209363e-04 3.3e+01 6.74e-02  3e-02  8e-02 3:07.8
  446   5352 2.569303452209918e-04 3.8e+01 2.60e-02  1e-02  3e-02 3:29.1
  493   5916 2.500558687192888e-04 4.1e+01 3.76e-03  1e-03  4e-03 3:51.4
  500   6000 2.499737806311097e-04 4.4e+01 3.95e-03  2e-03  4e-03 3:54.6
  552   6624 2.488370724489986e-04 7.1e+01 8.39e-03  3e-03  9e-03 4:18.9
  600   7200 2.456186376897606e-04 1.5e+02 1.33e-02  5e-03  2e-02 4:41.3
  656   7872 2.387227198828250e-04 1.3e+02 1.82e-02  6e-03  2e-02 5:07.8
  700   8400 2.335653852087463e-04 1.6e+02 1.71e-02  6e-03  2e-02 5:28.4
  761   9132 2.305287774813744e-04 2.0e+02 1.97e-02  6e-03  2e-02 5:56.9
  800   9600 2.296997307629885e-04 2.2e+02 7.79e-03  2e-03  8e-03 6:15.2
  865  10380 2.282381558037683e-04 2.5e+02 2.42e-02  8e-03  2e-02 6:45.7
  900  10800 2.277206805175808e-04 2.5e+02 1.27e-02  4e-03  1e-02 7:02.0
  968  11616 2.241427286654329e-04 2.5e+02 2.72e-02  8e-03  3e-02 7:34.1
 1000  12000 2.223583694851351e-04 3.0e+02 2.54e-02  6e-03  3e-02 7:48.8
Iterat #Fevals   function value  axis ratio  sigma  min&max std  t[m:s]
 1073  12876 2.164046804092873e-04 4.5e+02 2.34e-02  5e-03  3e-02 8:23.3
 1100  13200 2.141672810645489e-04 3.9e+02 2.20e-02  5e-03  3e-02 8:35.6
 1177  14124 2.098241545057755e-04 3.8e+02 2.44e-02  5e-03  3e-02 9:11.8
 1200  14400 2.085814469718582e-04 4.2e+02 2.90e-02  5e-03  3e-02 9:22.3
 1281  15372 2.012980950050573e-04 4.2e+02 4.75e-02  8e-03  4e-02 10:00.4
 1300  15600 1.989436179594286e-04 3.8e+02 3.31e-02  5e-03  2e-02 10:09.3
 1386  16632 1.726452138691555e-04 2.7e+02 6.49e-02  6e-03  3e-02 10:49.7
 1400  16800 1.657579427344060e-04 2.5e+02 7.47e-02  6e-03  3e-02 10:56.1
 1490  17880 1.451655001462259e-04 2.1e+02 6.57e-02  4e-03  2e-02 11:38.2
 1500  18000 1.434846953427485e-04 2.0e+02 5.16e-02  3e-03  2e-02 11:43.0
 1595  19140 1.363373885222469e-04 2.4e+02 5.85e-02  3e-03  2e-02 12:27.2
 1600  19200 1.357971471996990e-04 2.4e+02 5.70e-02  3e-03  2e-02 12:29.7
 1699  20388 1.312300509594500e-04 2.7e+02 7.29e-02  3e-03  3e-02 13:16.1
 1700  20400 1.313551340152813e-04 2.7e+02 7.48e-02  3e-03  3e-02 13:16.6
 1800  21600 1.270421038594028e-04 2.6e+02 4.90e-02  2e-03  2e-02 14:03.5
 1900  22800 1.250510843772636e-04 2.6e+02 4.33e-02  1e-03  9e-03 14:50.1
 2000  24000 1.245230819892093e-04 3.0e+02 6.82e-02  2e-03  1e-02 15:37.4
Iterat #Fevals   function value  axis ratio  sigma  min&max std  t[m:s]
 2100  25200 1.230247416010847e-04 2.6e+02 1.15e-01  3e-03  2e-02 16:24.4
 2200  26400 1.211929223130458e-04 1.8e+02 9.89e-02  1e-03  1e-02 17:11.4
 2300  27600 1.198713620761215e-04 3.0e+02 8.97e-02  1e-03  1e-02 17:58.2
 2400  28800 1.194533350892302e-04 2.8e+02 1.18e-01  1e-03  1e-02 18:44.9
 2500  30000 1.188539577343804e-04 3.1e+02 1.12e-01  1e-03  1e-02 19:31.8
 2600  31200 1.164483582787207e-04 4.1e+02 4.19e-01  3e-03  4e-02 20:18.4
 2700  32400 1.106272955736092e-04 2.4e+02 5.13e-01  2e-03  2e-02 21:05.5
 2800  33600 9.108682410584494e-05 2.2e+02 1.37e+00  5e-03  5e-02 21:52.1
 2900  34800 5.394315056322257e-05 2.3e+02 9.31e-01  4e-03  3e-02 22:39.8
 3000  36000 5.155850870225728e-05 1.8e+02 3.66e-01  1e-03  8e-03 23:26.5
Iterat #Fevals   function value  axis ratio  sigma  min&max std  t[m:s]
 3100  37200 4.875692905244497e-05 1.7e+02 1.05e+00  3e-03  2e-02 24:13.3
 3200  38400 4.835664768485061e-05 1.7e+02 1.01e-01  2e-04  1e-03 25:00.1
 3300  39600 4.834928932505248e-05 2.7e+02 1.70e-01  5e-04  2e-03 25:46.9
 3400  40800 4.834263745516432e-05 5.8e+02 3.92e-02  8e-05  8e-04 26:33.3
 3472  41664 4.834258069664578e-05 6.7e+02 1.33e-03  2e-06  2e-05 27:07.5
/home/adrianps/Universal-Approximator/qibo_sim/classes/ApproximantNN.py:437: RuntimeWarning: More than 20 figures have been opened. Figures created through the pyplot interface (`matplotlib.pyplot.figure`) are retained until explicitly closed and may consume too much memory. (To control this warning, see the rcParam `figure.max_open_warning`).
  fig, axs = plt.subplots()
/home/adrianps/Universal-Approximator/qibo_sim/classes/ApproximantNN.py:452: RuntimeWarning: More than 20 figures have been opened. Figures created through the pyplot interface (`matplotlib.pyplot.figure`) are retained until explicitly closed and may consume too much memory. (To control this warning, see the rcParam `figure.max_open_warning`).
  fig, axs = plt.subplots()
/home/adrianps/Universal-Approximator/qibo_sim/classes/ApproximantNN.py:437: RuntimeWarning: More than 20 figures have been opened. Figures created through the pyplot interface (`matplotlib.pyplot.figure`) are retained until explicitly closed and may consume too much memory. (To control this warning, see the rcParam `figure.max_open_warning`).
  fig, axs = plt.subplots()
/home/adrianps/Universal-Approximator/qibo_sim/classes/ApproximantNN.py:452: RuntimeWarning: More than 20 figures have been opened. Figures created through the pyplot interface (`matplotlib.pyplot.figure`) are retained until explicitly closed and may consume too much memory. (To control this warning, see the rcParam `figure.max_open_warning`).
  fig, axs = plt.subplots()
termination on tolfun=1e-11 (Wed Nov 25 18:03:44 2020)
final/bestever f-value = 4.834258e-05 4.834258e-05
incumbent solution: [ 1.74462636  1.50767199  1.40892375  2.44298635  6.80302588 -2.65884302
 -3.13780597  4.69089667 ...]
std deviations: [5.45485000e-06 1.44469980e-05 7.44699963e-06 6.57603373e-06
 6.56596676e-06 3.69125719e-06 2.39747620e-06 4.58316259e-06 ...]
