cma
(3_w,6)-aCMA-ES (mu_w=2.0,w_1=63%) in dimension 2 (seed=536117, Fri Nov 27 12:21:15 2020)
Iterat #Fevals   function value  axis ratio  sigma  min&max std  t[m:s]
    1      6 8.516386135550771e-01 1.0e+00 1.27e+00  1e+00  2e+00 0:00.3
    2     12 8.286448929245921e-01 1.4e+00 1.74e+00  2e+00  3e+00 0:00.6
    3     18 7.833257903246981e-01 1.7e+00 1.60e+00  1e+00  2e+00 0:00.9
   14     84 4.694821367170627e-01 2.2e+00 3.88e-01  1e-01  2e-01 0:04.1
   28    168 4.624968217067013e-01 1.8e+00 5.35e-02  4e-03  1e-02 0:08.1
   46    276 4.624944627455314e-01 1.8e+00 2.82e-03  5e-05  9e-05 0:13.3
   67    402 4.624944622518284e-01 2.1e+00 1.11e-04  3e-07  6e-07 0:19.4
   72    432 4.624944622518124e-01 1.3e+00 3.77e-05  7e-08  7e-08 0:20.9
termination on tolfun=1e-11 (Fri Nov 27 12:21:36 2020)
final/bestever f-value = 4.624945e-01 4.624945e-01
incumbent solution: [1.5818573600674272e-08, 2.6075639809603794]
std deviation: [6.702325128092106e-08, 6.839174808672226e-08]
cma
(3_w,6)-aCMA-ES (mu_w=2.0,w_1=63%) in dimension 2 (seed=608718, Fri Nov 27 12:21:36 2020)
Iterat #Fevals   function value  axis ratio  sigma  min&max std  t[m:s]
    1      6 9.928514988801939e-01 1.0e+00 1.03e+00  9e-01  1e+00 0:00.3
    2     12 5.610160743222263e-01 1.5e+00 1.38e+00  1e+00  2e+00 0:00.6
    3     18 6.762847559712430e-01 1.4e+00 1.10e+00  9e-01  1e+00 0:00.9
   14     84 4.630425330173359e-01 1.9e+00 2.48e-01  7e-02  1e-01 0:04.0
   29    174 4.624970801699794e-01 2.5e+00 4.85e-02  4e-03  8e-03 0:08.3
   47    282 4.624944627607593e-01 2.5e+00 3.38e-03  5e-05  1e-04 0:13.4
   68    408 4.624944622518473e-01 2.2e+00 1.61e-04  4e-07  7e-07 0:19.4
   74    444 4.624944622518223e-01 2.7e+00 6.85e-05  8e-08  2e-07 0:21.2
termination on tolfun=1e-11 (Fri Nov 27 12:21:58 2020)
final/bestever f-value = 4.624945e-01 4.624945e-01
incumbent solution: [1.1086681607108372e-07, 2.607564181899727]
std deviation: [8.087097093548418e-08, 2.2323702976267485e-07]
cma
(4_w,8)-aCMA-ES (mu_w=2.6,w_1=52%) in dimension 5 (seed=626047, Fri Nov 27 12:21:58 2020)
Iterat #Fevals   function value  axis ratio  sigma  min&max std  t[m:s]
    1      8 1.172260319442672e+00 1.0e+00 9.01e-01  8e-01  1e+00 0:00.5
    2     16 1.507960655263928e+00 1.3e+00 8.83e-01  8e-01  9e-01 0:00.9
    3     24 7.739663065107287e-01 1.6e+00 8.94e-01  8e-01  9e-01 0:01.4
   10     80 3.169946428347981e-01 2.2e+00 1.00e+00  8e-01  1e+00 0:04.5
   19    152 1.616510063198389e-01 3.4e+00 6.26e-01  4e-01  6e-01 0:08.6
   31    248 1.095300831831746e-01 3.2e+00 2.87e-01  1e-01  2e-01 0:14.1
   45    360 9.148641153690903e-02 5.1e+00 1.35e-01  4e-02  1e-01 0:20.4
   61    488 7.833918576348300e-02 8.5e+00 1.80e-01  3e-02  2e-01 0:27.7
   79    632 7.726640783652113e-02 6.9e+00 4.10e-02  5e-03  2e-02 0:35.9
   99    792 7.725143427300138e-02 8.0e+00 6.80e-03  4e-04  2e-03 0:45.0
  100    800 7.725136805711626e-02 7.9e+00 6.14e-03  4e-04  1e-03 0:45.4
  125   1000 7.725128502516115e-02 1.0e+01 4.49e-04  1e-05  6e-05 0:56.8
  152   1216 7.725128472529527e-02 6.9e+00 1.76e-05  2e-07  8e-07 1:09.0
  162   1296 7.725128472514879e-02 9.5e+00 9.07e-06  7e-08  4e-07 1:13.6
termination on tolfun=1e-11 (Fri Nov 27 12:23:12 2020)
final/bestever f-value = 7.725128e-02 7.725128e-02
incumbent solution: [3.1415925919507277, 2.267191369932183, -2.383748938418063, -7.746647325043262e-10, -0.13189418461083618]
std deviation: [1.4872886762393344e-07, 3.1675047297895276e-07, 7.120589763838192e-08, 1.605784342995904e-07, 3.570793654231738e-07]
cma
(4_w,8)-aCMA-ES (mu_w=2.6,w_1=52%) in dimension 5 (seed=561191, Fri Nov 27 12:23:12 2020)
Iterat #Fevals   function value  axis ratio  sigma  min&max std  t[m:s]
    1      8 5.014408397874920e-01 1.0e+00 1.04e+00  1e+00  1e+00 0:00.5
    2     16 5.206256750967014e-01 1.4e+00 9.35e-01  8e-01  1e+00 0:00.9
    3     24 4.106757270529700e-01 1.5e+00 9.99e-01  9e-01  1e+00 0:01.4
   10     80 2.847077077355432e-01 2.2e+00 8.00e-01  6e-01  8e-01 0:04.5
   19    152 1.410500481320519e-01 2.6e+00 3.19e-01  2e-01  3e-01 0:08.6
   31    248 8.292828604309521e-02 2.6e+00 1.98e-01  7e-02  2e-01 0:14.1
   45    360 7.730030184793506e-02 3.7e+00 7.51e-02  2e-02  4e-02 0:20.4
   61    488 7.725193827523374e-02 5.9e+00 2.44e-02  3e-03  1e-02 0:27.7
   79    632 7.725144362999797e-02 9.4e+00 3.70e-03  3e-04  2e-03 0:35.9
   99    792 7.725128648576639e-02 6.5e+00 5.56e-04  3e-05  1e-04 0:44.9
  100    800 7.725128527284113e-02 6.6e+00 5.15e-04  3e-05  1e-04 0:45.4
  125   1000 7.725128472664314e-02 7.0e+00 4.61e-05  9e-07  4e-06 0:56.7
  146   1168 7.725128472517515e-02 6.3e+00 7.80e-06  1e-07  4e-07 1:06.2
termination on tolfun=1e-11 (Fri Nov 27 12:24:19 2020)
final/bestever f-value = 7.725128e-02 7.725128e-02
incumbent solution: [3.141592679508628, -2.2671910598873177, 2.3837489549115762, 3.141592692750923, 0.13189452052019265]
std deviation: [1.6838590770415621e-07, 3.9724030620254996e-07, 9.525062858182408e-08, 1.8792163350286448e-07, 3.995594491903458e-07]
cma
(5_w,10)-aCMA-ES (mu_w=3.2,w_1=45%) in dimension 8 (seed=599022, Fri Nov 27 12:24:19 2020)
Iterat #Fevals   function value  axis ratio  sigma  min&max std  t[m:s]
    1     10 3.263378045779426e-01 1.0e+00 9.51e-01  9e-01  1e+00 0:00.7
    2     20 2.681644678874626e-01 1.2e+00 9.41e-01  9e-01  1e+00 0:01.3
    3     30 9.900966831446438e-01 1.3e+00 9.42e-01  9e-01  1e+00 0:02.0
    8     80 4.510243741755545e-01 1.7e+00 6.90e-01  6e-01  7e-01 0:05.2
   15    150 2.097127852843223e-01 2.5e+00 6.49e-01  5e-01  9e-01 0:09.8
   23    230 1.825540508563349e-01 3.0e+00 5.29e-01  4e-01  6e-01 0:15.0
   33    330 1.138417808685282e-01 3.5e+00 5.17e-01  4e-01  6e-01 0:21.6
   44    440 1.028230071156200e-01 3.9e+00 2.52e-01  1e-01  3e-01 0:28.8
   57    570 9.772300102209582e-02 6.1e+00 1.98e-01  1e-01  2e-01 0:37.3
   71    710 9.172357700655696e-02 7.6e+00 1.37e-01  8e-02  1e-01 0:46.4
   87    870 7.961733831093389e-02 1.1e+01 1.42e-01  6e-02  1e-01 0:56.9
  100   1000 7.747101732446708e-02 1.3e+01 5.74e-02  2e-02  5e-02 1:05.4
  119   1190 7.725319029918186e-02 1.6e+01 8.99e-03  2e-03  7e-03 1:17.8
  139   1390 7.725136331574438e-02 3.0e+01 2.73e-03  8e-04  2e-03 1:30.9
  161   1610 7.725128669374802e-02 5.4e+01 7.51e-04  1e-04  9e-04 1:45.3
  184   1840 7.725128474831081e-02 6.8e+01 1.51e-04  2e-05  2e-04 2:00.4
  200   2000 7.725128472813994e-02 1.3e+02 5.47e-05  5e-06  8e-05 2:10.8
  226   2260 7.725128472515269e-02 3.3e+02 7.34e-06  4e-07  1e-05 2:27.8
  229   2290 7.725128472515531e-02 3.3e+02 5.10e-06  2e-07  9e-06 2:29.8
termination on tolfun=1e-11 (Fri Nov 27 12:26:49 2020)
final/bestever f-value = 7.725128e-02 7.725128e-02
incumbent solution: [1.8060876563016393, -2.2671916765990914, 0.5041287473400917, -1.2656531520477459, 1.825344034122918e-07, -0.7765065673069531, 2.4069902600947013, -0.1318941691611372]
std deviation: [2.3313648152054154e-06, 3.20433085777896e-07, 6.888057752189887e-06, 7.980241842630108e-06, 2.4736435695273714e-07, 2.904726363760586e-06, 9.066979474280384e-06, 3.043218832203556e-07]
cma
(5_w,10)-aCMA-ES (mu_w=3.2,w_1=45%) in dimension 8 (seed=524955, Fri Nov 27 12:26:50 2020)
Iterat #Fevals   function value  axis ratio  sigma  min&max std  t[m:s]
    1     10 6.319914755690650e-01 1.0e+00 9.21e-01  9e-01  9e-01 0:00.7
    2     20 3.939614794884792e-01 1.2e+00 1.01e+00  1e+00  1e+00 0:01.3
    3     30 2.081487039069255e-01 1.4e+00 1.08e+00  1e+00  1e+00 0:02.0
    8     80 1.222485994955956e+00 1.7e+00 9.97e-01  9e-01  1e+00 0:05.2
   15    150 4.676419238127069e-01 2.1e+00 1.16e+00  1e+00  1e+00 0:09.8
   23    230 3.141988343078521e-01 2.5e+00 8.26e-01  6e-01  9e-01 0:15.0
   33    330 6.547287025518774e-01 3.1e+00 8.44e-01  6e-01  9e-01 0:21.6
   44    440 1.096353139104842e-01 3.9e+00 4.00e-01  2e-01  4e-01 0:28.8
   57    570 8.235052059731958e-02 5.9e+00 1.83e-01  9e-02  2e-01 0:37.3
   71    710 7.775268748904346e-02 7.2e+00 8.31e-02  4e-02  7e-02 0:46.4
   87    870 7.732532828108069e-02 1.0e+01 3.50e-02  2e-02  3e-02 0:56.9
  100   1000 7.726162932385562e-02 1.4e+01 2.70e-02  1e-02  2e-02 1:05.4
  119   1190 7.725162579751860e-02 2.1e+01 7.45e-03  3e-03  7e-03 1:17.8
  139   1390 7.725130700141115e-02 3.0e+01 2.17e-03  6e-04  2e-03 1:30.9
  161   1610 7.725128505617820e-02 4.0e+01 3.89e-04  7e-05  3e-04 1:45.3
  184   1840 7.725128471996479e-02 6.0e+01 3.88e-05  5e-06  3e-05 2:00.3
  200   2000 7.725128471910565e-02 9.5e+01 1.40e-05  1e-06  1e-05 2:10.8
  211   2110 7.725128471869792e-02 1.4e+02 9.93e-06  8e-07  9e-06 2:18.0
termination on tolfun=1e-11 (Fri Nov 27 12:29:08 2020)
final/bestever f-value = 7.725128e-02 7.725128e-02
incumbent solution: [2.7392854812699653e-05, -2.2671839667047102, 3.89941864349888, 0.8089884544660002, 0.24920018311560033, 2.6151325494089656e-05, -0.8089682701558878, -0.11730015593939161]
std deviation: [1.388622234982698e-06, 7.9782035265515e-07, 9.065586403322986e-07, 6.121344538127502e-06, 9.167673051825777e-06, 1.348137793549502e-06, 6.156013097681508e-06, 9.19724556238004e-06]
cma
(5_w,11)-aCMA-ES (mu_w=3.4,w_1=42%) in dimension 11 (seed=569891, Fri Nov 27 12:29:09 2020)
Iterat #Fevals   function value  axis ratio  sigma  min&max std  t[m:s]
    1     11 1.097748005394689e+00 1.0e+00 9.28e-01  9e-01  9e-01 0:00.8
    2     22 6.614568729684860e-01 1.2e+00 8.27e-01  8e-01  8e-01 0:01.6
    3     33 5.206437102368365e-01 1.2e+00 7.84e-01  7e-01  8e-01 0:02.4
    7     77 6.938647838468369e-01 1.3e+00 7.05e-01  7e-01  7e-01 0:05.7
   12    132 6.802830224803794e-01 1.9e+00 8.07e-01  7e-01  9e-01 0:09.8
   19    209 8.628824530522015e-01 2.4e+00 8.42e-01  7e-01  1e+00 0:15.5
   27    297 6.049341176008568e-01 2.8e+00 7.60e-01  7e-01  9e-01 0:22.0
   36    396 7.498657236468152e-02 3.0e+00 4.20e-01  3e-01  4e-01 0:29.4
   46    506 6.550160413249033e-02 3.3e+00 2.24e-01  2e-01  2e-01 0:37.5
   58    638 3.805561298799848e-02 3.8e+00 9.25e-02  7e-02  9e-02 0:47.3
   71    781 3.434572425971379e-02 4.8e+00 5.20e-02  3e-02  5e-02 0:58.0
   85    935 3.279704171823773e-02 7.2e+00 5.49e-02  3e-02  6e-02 1:09.4
  100   1100 3.244419810150607e-02 9.0e+00 3.62e-02  2e-02  4e-02 1:21.6
  116   1276 3.173513576646050e-02 1.0e+01 1.79e-02  7e-03  2e-02 1:34.7
  134   1474 3.163226615030130e-02 1.2e+01 1.13e-02  4e-03  1e-02 1:49.4
  153   1683 3.142832769796945e-02 2.6e+01 2.53e-02  9e-03  3e-02 2:04.9
  173   1903 3.106651200604183e-02 4.0e+01 6.28e-02  3e-02  1e-01 2:21.3
  194   2134 3.054870636190139e-02 3.2e+01 5.18e-02  2e-02  7e-02 2:38.4
  200   2200 3.049556460823899e-02 3.2e+01 5.49e-02  2e-02  7e-02 2:43.3
  224   2464 2.973003481818975e-02 3.3e+01 7.00e-02  2e-02  8e-02 3:02.9
  249   2739 2.808582224957802e-02 3.8e+01 5.76e-02  1e-02  7e-02 3:23.3
  275   3025 2.602417857947386e-02 3.7e+01 2.41e-01  4e-02  2e-01 3:44.6
  300   3300 2.036567864286575e-02 2.8e+01 1.71e-01  2e-02  1e-01 4:05.0
  329   3619 1.690412257999071e-02 4.4e+01 1.15e-01  1e-02  1e-01 4:28.7
  359   3949 1.291275188555383e-02 4.9e+01 1.62e-01  2e-02  2e-01 4:53.2
  390   4290 1.131346631136226e-02 3.1e+01 1.10e-01  1e-02  8e-02 5:18.5
  400   4400 1.113592740860871e-02 2.7e+01 1.09e-01  9e-03  7e-02 5:26.6
  434   4774 1.091870498776209e-02 2.8e+01 1.81e-02  1e-03  1e-02 5:54.4
  469   5159 1.091739227869270e-02 3.1e+01 1.26e-03  5e-05  5e-04 6:23.0
  500   5500 1.091738766193216e-02 3.1e+01 2.65e-04  8e-06  9e-05 6:48.3
  537   5907 1.091738749348281e-02 2.6e+01 2.67e-05  7e-07  6e-06 7:18.5
  561   6171 1.091738749269221e-02 2.6e+01 3.79e-06  8e-08  7e-07 7:38.1
termination on tolfun=1e-11 (Fri Nov 27 12:36:47 2020)
final/bestever f-value = 1.091739e-02 1.091739e-02
incumbent solution: [ 1.93803733 -2.532514   -0.93609361 -2.42749954  5.03806454 -4.15842608
 -0.31423221 -4.94787866 ...]
std deviations: [2.14083484e-07 1.71045681e-07 1.80435211e-07 3.46925849e-07
 3.10123878e-07 1.16133395e-07 2.45124879e-07 3.77784521e-07 ...]
cma
(5_w,11)-aCMA-ES (mu_w=3.4,w_1=42%) in dimension 11 (seed=597788, Fri Nov 27 12:36:48 2020)
Iterat #Fevals   function value  axis ratio  sigma  min&max std  t[m:s]
    1     11 6.670119557710725e-01 1.0e+00 8.79e-01  8e-01  9e-01 0:00.8
    2     22 4.245747422711198e-01 1.1e+00 8.21e-01  8e-01  8e-01 0:01.6
    3     33 6.496536127391245e-01 1.2e+00 7.32e-01  7e-01  7e-01 0:02.4
    7     77 3.400905778360619e-01 1.4e+00 6.88e-01  6e-01  7e-01 0:05.7
   12    132 5.546166047972607e-01 1.7e+00 5.12e-01  4e-01  5e-01 0:09.8
   19    209 2.129900643076317e-01 2.1e+00 3.88e-01  3e-01  4e-01 0:15.5
   27    297 1.069804680049581e-01 2.5e+00 2.41e-01  2e-01  3e-01 0:22.0
   36    396 8.593170075688682e-02 2.8e+00 1.38e-01  1e-01  1e-01 0:29.3
   46    506 8.655437740272562e-02 3.3e+00 1.18e-01  8e-02  1e-01 0:37.5
   58    638 8.004370482359321e-02 4.0e+00 7.87e-02  5e-02  8e-02 0:47.3
   71    781 7.801847930134526e-02 5.2e+00 4.85e-02  3e-02  5e-02 0:57.9
   85    935 7.733007158089852e-02 8.7e+00 3.72e-02  2e-02  4e-02 1:09.3
  100   1100 7.727081435814970e-02 1.1e+01 1.21e-02  7e-03  1e-02 1:21.6
  116   1276 7.725476945517366e-02 1.6e+01 6.19e-03  3e-03  6e-03 1:34.6
  134   1474 7.725145188828843e-02 1.9e+01 2.26e-03  1e-03  2e-03 1:49.3
  153   1683 7.725098985949873e-02 3.2e+01 1.69e-03  1e-03  2e-03 2:04.8
  173   1903 7.724922874350949e-02 7.6e+01 5.95e-03  4e-03  1e-02 2:21.1
  194   2134 7.724299256195402e-02 9.6e+01 7.34e-03  5e-03  2e-02 2:38.3
  200   2200 7.723838669808204e-02 1.0e+02 9.99e-03  7e-03  3e-02 2:43.2
  224   2464 7.717801520258066e-02 1.4e+02 1.59e-02  9e-03  4e-02 3:02.8
  249   2739 7.692777276357639e-02 1.5e+02 3.55e-02  2e-02  8e-02 3:23.2
  275   3025 7.665967606654303e-02 1.2e+02 3.03e-02  1e-02  5e-02 3:44.4
  300   3300 7.643764802552672e-02 9.7e+01 5.88e-02  2e-02  6e-02 4:04.8
  329   3619 7.553381990840917e-02 7.3e+01 1.33e-01  4e-02  1e-01 4:28.4
  359   3949 6.650991578907804e-02 5.6e+01 2.29e-01  6e-02  1e-01 4:52.9
  390   4290 6.013628421760973e-02 4.4e+01 1.33e-01  3e-02  7e-02 5:18.2
  400   4400 5.904376416405498e-02 3.8e+01 2.78e-01  5e-02  1e-01 5:26.4
  434   4774 4.291036080180257e-02 3.2e+01 3.19e-01  3e-02  1e-01 5:54.1
  469   5159 3.042512633241008e-02 3.6e+01 4.68e-01  3e-02  2e-01 6:22.7
  500   5500 2.024623257456250e-02 3.2e+01 1.98e-01  1e-02  6e-02 6:48.0
  537   5907 1.975273806431670e-02 2.3e+01 7.76e-02  3e-03  2e-02 7:18.2
  575   6325 1.974063667530080e-02 2.6e+01 1.44e-02  4e-04  2e-03 7:49.2
  600   6600 1.974032838610574e-02 2.5e+01 2.72e-03  6e-05  3e-04 8:09.6
  641   7051 1.974032173767664e-02 2.6e+01 2.08e-04  3e-06  2e-05 8:43.1
  682   7502 1.974032172233805e-02 3.7e+01 1.98e-05  2e-07  2e-06 9:16.6
termination on tolfun=1e-11 (Fri Nov 27 12:46:05 2020)
final/bestever f-value = 1.974032e-02 1.974032e-02
incumbent solution: [ 1.81730184e+00  3.74564422e+00 -9.93729360e-01  7.90088481e-01
 -1.39087948e-07 -1.81092650e+00 -9.91304742e-01  4.95148424e+00 ...]
std deviations: [1.60218233e-06 9.13128358e-07 7.34253822e-07 6.48601050e-07
 8.79356830e-07 7.48790980e-07 1.37834734e-06 9.89471135e-07 ...]
cma
(5_w,11)-aCMA-ES (mu_w=3.4,w_1=42%) in dimension 14 (seed=566096, Fri Nov 27 12:46:06 2020)
Iterat #Fevals   function value  axis ratio  sigma  min&max std  t[m:s]
    1     11 3.968726430069421e-01 1.0e+00 9.69e-01  1e+00  1e+00 0:00.9
    2     22 7.147220321404135e-01 1.2e+00 8.89e-01  9e-01  9e-01 0:01.8
    3     33 1.293950458520688e+00 1.2e+00 8.90e-01  9e-01  9e-01 0:02.7
    7     77 2.471172658479650e-01 1.4e+00 1.00e+00  9e-01  1e+00 0:06.4
   12    132 1.129767127185857e+00 1.6e+00 9.37e-01  9e-01  1e+00 0:10.9
   18    198 4.133372151345862e-01 1.7e+00 8.49e-01  8e-01  1e+00 0:16.4
   25    275 8.430592979096390e-01 1.9e+00 1.12e+00  1e+00  1e+00 0:22.8
   33    363 7.991659663414502e-01 2.1e+00 1.02e+00  9e-01  1e+00 0:30.1
   42    462 7.951068223397680e-01 2.3e+00 1.35e+00  1e+00  2e+00 0:38.3
   52    572 6.190449342390321e-01 2.5e+00 9.41e-01  7e-01  1e+00 0:47.5
   63    693 6.729283875270898e-01 2.6e+00 7.06e-01  5e-01  8e-01 0:57.5
   76    836 4.295208447392151e-01 3.2e+00 6.73e-01  5e-01  7e-01 1:09.4
   90    990 5.985216366312258e-01 3.6e+00 5.15e-01  4e-01  6e-01 1:22.1
  100   1100 3.099356385691233e-01 3.8e+00 3.59e-01  3e-01  4e-01 1:31.3
  116   1276 1.116649291896115e-01 4.6e+00 2.46e-01  2e-01  3e-01 1:45.9
  133   1463 7.462083523245741e-02 5.5e+00 1.36e-01  8e-02  2e-01 2:01.4
  151   1661 5.560251084106200e-02 5.6e+00 7.70e-02  4e-02  8e-02 2:17.9
  170   1870 5.050008256241399e-02 6.0e+00 5.38e-02  2e-02  6e-02 2:35.2
  190   2090 4.061868436996268e-02 6.8e+00 7.37e-02  3e-02  9e-02 2:53.5
  200   2200 3.721075605982202e-02 8.0e+00 9.21e-02  3e-02  1e-01 3:02.6
  222   2442 3.110545150391536e-02 8.9e+00 1.00e-01  4e-02  1e-01 3:22.7
  245   2695 2.362026146942839e-02 1.2e+01 7.69e-02  2e-02  9e-02 3:43.7
  270   2970 2.083655444056705e-02 1.2e+01 4.66e-02  1e-02  5e-02 4:06.5
  296   3256 2.042418552214447e-02 1.3e+01 3.49e-02  8e-03  4e-02 4:30.3
  300   3300 2.027537524550122e-02 1.3e+01 3.72e-02  8e-03  4e-02 4:33.9
  328   3608 1.934228435322268e-02 1.8e+01 3.85e-02  7e-03  5e-02 4:59.5
  357   3927 1.901272913892269e-02 2.5e+01 3.23e-02  5e-03  4e-02 5:26.0
  387   4257 1.889862501912476e-02 3.4e+01 1.75e-02  2e-03  3e-02 5:53.4
  400   4400 1.887835107341611e-02 3.6e+01 1.24e-02  2e-03  2e-02 6:05.3
  432   4752 1.886244657900980e-02 3.7e+01 5.11e-03  5e-04  7e-03 6:34.5
  465   5115 1.885504385703429e-02 6.3e+01 9.57e-03  9e-04  2e-02 7:04.6
  499   5489 1.884935678964721e-02 6.0e+01 5.43e-03  5e-04  7e-03 7:35.7
  500   5500 1.884941807234791e-02 5.9e+01 5.22e-03  4e-04  7e-03 7:36.6
  537   5907 1.884361391126130e-02 6.8e+01 5.19e-03  3e-04  6e-03 8:10.4
  575   6325 1.883696206973573e-02 7.0e+01 7.08e-03  4e-04  8e-03 8:45.1
  600   6600 1.883038144796463e-02 8.3e+01 1.10e-02  6e-04  1e-02 9:07.9
  640   7040 1.881983622530525e-02 7.8e+01 8.23e-03  4e-04  8e-03 9:44.4
  681   7491 1.881401148179546e-02 8.0e+01 7.10e-03  3e-04  6e-03 10:21.8
  700   7700 1.881159446849365e-02 8.2e+01 7.28e-03  3e-04  6e-03 10:39.2
  743   8173 1.880274609134540e-02 9.4e+01 1.50e-02  6e-04  2e-02 11:18.4
  787   8657 1.879346736755040e-02 1.0e+02 1.25e-02  4e-04  1e-02 11:58.6
  800   8800 1.879116385789049e-02 1.2e+02 1.42e-02  5e-04  1e-02 12:10.5
  847   9317 1.878446777770625e-02 1.3e+02 2.27e-02  7e-04  2e-02 12:53.4
  895   9845 1.877364992819011e-02 1.1e+02 2.16e-02  7e-04  1e-02 13:37.2
  900   9900 1.877293887764655e-02 1.2e+02 2.67e-02  8e-04  2e-02 13:41.7
  950  10450 1.875968748870957e-02 1.2e+02 1.85e-02  5e-04  1e-02 14:27.4
 1000  11000 1.874801705990608e-02 1.8e+02 1.66e-02  4e-04  1e-02 15:13.0
Iterat #Fevals   function value  axis ratio  sigma  min&max std  t[m:s]
 1052  11572 1.874287470130037e-02 1.7e+02 1.48e-02  3e-04  8e-03 16:00.5
 1100  12100 1.872589194658957e-02 1.1e+02 4.25e-02  7e-04  2e-02 16:44.3
 1154  12694 1.870497907182329e-02 9.6e+01 4.86e-02  6e-04  1e-02 17:33.6
 1200  13200 1.867866789788457e-02 9.4e+01 5.83e-02  7e-04  2e-02 18:15.6
 1256  13816 1.860653277131788e-02 9.2e+01 8.89e-02  1e-03  3e-02 19:06.7
 1300  14300 1.854940593341071e-02 1.2e+02 7.42e-02  7e-04  3e-02 19:46.9
 1359  14949 1.843040648157672e-02 1.7e+02 1.23e-01  1e-03  6e-02 20:40.7
 1400  15400 1.839833906323372e-02 1.5e+02 1.22e-01  9e-04  5e-02 21:18.2
 1461  16071 1.838575951706182e-02 1.3e+02 4.48e-02  3e-04  1e-02 22:13.8
 1500  16500 1.838559055228794e-02 1.2e+02 4.35e-03  2e-05  1e-03 22:49.4
 1563  17193 1.838558948770735e-02 9.7e+01 9.68e-05  4e-07  1e-05 23:47.0
 1589  17479 1.838558948739422e-02 1.1e+02 1.79e-05  7e-08  2e-06 24:10.7
termination on tolfun=1e-11 (Fri Nov 27 13:10:19 2020)
final/bestever f-value = 1.838559e-02 1.838559e-02
incumbent solution: [ 3.16154622e-08 -2.55352196e+00 -5.06029324e+00 -4.12624268e+00
  1.02359860e+01 -4.00496880e+00  6.05763554e+00  1.85412798e-07 ...]
std deviations: [6.90541716e-08 3.41115679e-07 1.27662946e-07 4.45390056e-07
 1.55098601e-06 2.23564468e-07 1.09625392e-07 1.40842719e-07 ...]
cma
(5_w,11)-aCMA-ES (mu_w=3.4,w_1=42%) in dimension 14 (seed=571720, Fri Nov 27 13:10:20 2020)
Iterat #Fevals   function value  axis ratio  sigma  min&max std  t[m:s]
    1     11 4.709772668350092e-01 1.0e+00 8.96e-01  9e-01  9e-01 0:00.9
    2     22 5.679412940576325e-01 1.1e+00 8.71e-01  8e-01  9e-01 0:01.8
    3     33 5.153778875238030e-01 1.2e+00 8.87e-01  9e-01  9e-01 0:02.7
    7     77 8.127723799769179e-01 1.3e+00 7.51e-01  7e-01  8e-01 0:06.4
   12    132 5.762975065229683e-01 1.4e+00 5.66e-01  5e-01  6e-01 0:11.0
   18    198 2.577836102760955e-01 1.7e+00 5.64e-01  5e-01  6e-01 0:16.4
   25    275 2.629145744306736e-01 1.9e+00 4.54e-01  4e-01  5e-01 0:22.8
   33    363 1.697595555551982e-01 2.1e+00 4.05e-01  3e-01  4e-01 0:30.1
   42    462 3.266390742820594e-01 2.3e+00 3.74e-01  3e-01  4e-01 0:38.4
   52    572 1.109053610376659e-01 2.4e+00 2.03e-01  2e-01  2e-01 0:47.5
   63    693 8.764517705746705e-02 2.9e+00 1.46e-01  1e-01  1e-01 0:57.5
   76    836 8.525187834141722e-02 3.6e+00 6.79e-02  5e-02  7e-02 1:09.4
   90    990 7.744576789047447e-02 4.6e+00 6.73e-02  4e-02  8e-02 1:22.2
  100   1100 7.113445514822456e-02 5.8e+00 7.74e-02  5e-02  1e-01 1:31.3
  116   1276 5.803563159815152e-02 8.0e+00 7.57e-02  5e-02  1e-01 1:45.9
  133   1463 5.139916479175386e-02 9.7e+00 1.04e-01  6e-02  2e-01 2:01.5
  151   1661 4.094376488411554e-02 9.2e+00 6.77e-02  4e-02  1e-01 2:17.9
  170   1870 3.623790463486358e-02 9.6e+00 4.06e-02  2e-02  5e-02 2:35.3
  190   2090 3.418721155060907e-02 1.2e+01 5.59e-02  3e-02  7e-02 2:53.5
  200   2200 3.361290226486350e-02 1.3e+01 4.14e-02  2e-02  6e-02 3:02.7
  222   2442 3.185871733950980e-02 1.4e+01 3.50e-02  1e-02  5e-02 3:22.8
  245   2695 3.049944802836866e-02 1.5e+01 3.60e-02  1e-02  5e-02 3:43.8
  270   2970 2.750379097080214e-02 1.8e+01 7.21e-02  3e-02  1e-01 4:06.6
  296   3256 2.139519263069907e-02 1.9e+01 1.00e-01  3e-02  1e-01 4:30.4
  300   3300 1.985150285242060e-02 2.0e+01 8.79e-02  3e-02  1e-01 4:34.0
  328   3608 1.681575633393543e-02 1.8e+01 5.79e-02  2e-02  6e-02 4:59.6
  357   3927 1.567208151111760e-02 1.6e+01 3.44e-02  8e-03  3e-02 5:26.0
  387   4257 1.540045873954824e-02 1.8e+01 2.53e-02  6e-03  2e-02 5:53.4
  400   4400 1.531570882122150e-02 1.5e+01 2.10e-02  4e-03  2e-02 6:05.3
  432   4752 1.514109268899414e-02 1.9e+01 2.14e-02  5e-03  2e-02 6:34.6
  465   5115 1.449593777692629e-02 3.5e+01 4.49e-02  1e-02  7e-02 7:04.7
  499   5489 1.360649087739397e-02 4.1e+01 6.04e-02  1e-02  1e-01 7:35.8
  500   5500 1.342081383076296e-02 4.1e+01 6.01e-02  1e-02  1e-01 7:36.7
  537   5907 1.251833494267041e-02 3.5e+01 6.25e-02  1e-02  8e-02 8:10.4
  575   6325 1.207333355205947e-02 3.3e+01 3.78e-02  6e-03  4e-02 8:45.1
  600   6600 1.197658695634993e-02 3.0e+01 3.18e-02  5e-03  3e-02 9:08.0
  640   7040 1.150514223510737e-02 2.7e+01 5.74e-02  9e-03  5e-02 9:44.5
  681   7491 1.114271399569637e-02 2.7e+01 4.21e-02  7e-03  3e-02 10:22.0
  700   7700 1.113209714483660e-02 2.6e+01 1.71e-02  2e-03  9e-03 10:39.4
  743   8173 1.112631187542580e-02 2.6e+01 1.41e-03  2e-04  6e-04 11:18.7
  787   8657 1.112630096652416e-02 2.3e+01 1.36e-04  1e-05  4e-05 11:58.9
  800   8800 1.112630089836245e-02 2.3e+01 7.25e-05  7e-06  2e-05 12:10.7
  846   9306 1.112630086805731e-02 2.5e+01 3.89e-06  3e-07  1e-06 12:52.8
  861   9471 1.112630086802918e-02 2.5e+01 1.61e-06  1e-07  4e-07 13:06.5
termination on tolfun=1e-11 (Fri Nov 27 13:23:27 2020)
final/bestever f-value = 1.112630e-02 1.112630e-02
incumbent solution: [ 1.74956377 -1.21360635  1.17394364  4.00635111 -3.51839531  2.07619885
  1.5760117  -5.80963846 ...]
std deviations: [1.31121357e-07 2.38098150e-07 1.31169238e-07 1.76583530e-07
 2.73719395e-07 1.09128091e-07 1.16617972e-07 3.85773479e-07 ...]
cma
(6_w,12)-aCMA-ES (mu_w=3.7,w_1=40%) in dimension 17 (seed=541940, Fri Nov 27 13:23:28 2020)
Iterat #Fevals   function value  axis ratio  sigma  min&max std  t[m:s]
    1     12 2.595235206112994e-01 1.0e+00 9.52e-01  9e-01  1e+00 0:01.1
    2     24 6.639256138901021e-01 1.1e+00 8.99e-01  9e-01  9e-01 0:02.2
    3     36 5.605482881653451e-01 1.2e+00 8.49e-01  8e-01  9e-01 0:03.3
    6     72 6.107285259455495e-01 1.2e+00 7.04e-01  7e-01  7e-01 0:06.6
   10    120 9.886849624952582e-01 1.4e+00 7.62e-01  7e-01  8e-01 0:11.0
   15    180 1.095274119885628e+00 1.5e+00 6.82e-01  6e-01  7e-01 0:16.5
   21    252 4.918049957426850e-01 1.6e+00 5.10e-01  5e-01  5e-01 0:23.1
   28    336 4.719262627228987e-01 1.7e+00 4.23e-01  4e-01  5e-01 0:30.8
   36    432 3.820963315047768e-01 2.0e+00 5.67e-01  5e-01  6e-01 0:39.6
   45    540 3.156411854697277e-01 2.3e+00 4.24e-01  4e-01  5e-01 0:49.5
   55    660 1.205799553540367e-01 2.5e+00 3.51e-01  3e-01  4e-01 1:00.5
   65    780 1.459720257313984e-01 2.8e+00 3.14e-01  3e-01  4e-01 1:11.5
   76    912 1.426158388915428e-01 3.1e+00 2.31e-01  2e-01  3e-01 1:23.6
   88   1056 3.888877933790614e-02 3.3e+00 1.73e-01  1e-01  2e-01 1:36.8
  100   1200 4.572606829782640e-02 3.7e+00 1.59e-01  1e-01  2e-01 1:50.0
  114   1368 3.924975343759605e-02 4.1e+00 1.32e-01  1e-01  1e-01 2:05.4
  129   1548 2.721895861277102e-02 4.5e+00 8.29e-02  6e-02  9e-02 2:21.9
  145   1740 1.968740743921117e-02 4.9e+00 3.94e-02  3e-02  4e-02 2:39.5
  162   1944 1.949161504476719e-02 6.1e+00 2.11e-02  1e-02  2e-02 2:58.2
  180   2160 1.926966799640577e-02 7.4e+00 1.70e-02  1e-02  2e-02 3:18.0
  199   2388 1.909571769937685e-02 9.0e+00 1.13e-02  7e-03  1e-02 3:38.9
  200   2400 1.908603201976455e-02 9.0e+00 1.24e-02  8e-03  1e-02 3:40.0
  221   2652 1.890535873989463e-02 1.2e+01 1.85e-02  1e-02  3e-02 4:03.1
  242   2904 1.810091756203006e-02 2.0e+01 3.36e-02  2e-02  7e-02 4:26.2
  264   3168 1.608282126201092e-02 2.4e+01 5.09e-02  3e-02  1e-01 4:50.5
  287   3444 1.545622777551305e-02 2.3e+01 3.93e-02  2e-02  7e-02 5:15.8
  300   3600 1.535006977138129e-02 2.4e+01 3.52e-02  2e-02  7e-02 5:30.1
  325   3900 1.515237921729263e-02 2.7e+01 1.65e-02  8e-03  3e-02 5:57.6
  351   4212 1.509869496217818e-02 3.1e+01 9.31e-03  4e-03  2e-02 6:26.1
  378   4536 1.506440477542638e-02 3.3e+01 1.10e-02  4e-03  2e-02 6:55.9
  400   4800 1.504659447860105e-02 3.9e+01 7.89e-03  3e-03  1e-02 7:20.1
  429   5148 1.502661535096478e-02 5.6e+01 6.16e-03  2e-03  1e-02 7:52.0
  459   5508 1.497762743315463e-02 8.3e+01 1.56e-02  4e-03  3e-02 8:25.0
  490   5880 1.485953223864040e-02 1.2e+02 2.38e-02  6e-03  7e-02 8:59.0
  500   6000 1.482015909415298e-02 1.2e+02 2.32e-02  6e-03  7e-02 9:10.0
  532   6384 1.467208263588804e-02 1.2e+02 3.70e-02  9e-03  9e-02 9:45.3
  565   6780 1.435796602143379e-02 9.3e+01 5.07e-02  1e-02  1e-01 10:21.4
  599   7188 1.397448333925458e-02 9.6e+01 3.63e-02  7e-03  7e-02 10:58.4
  600   7200 1.391920447068404e-02 9.6e+01 3.55e-02  7e-03  7e-02 10:59.5
  636   7632 1.369715036686297e-02 1.1e+02 3.21e-02  6e-03  7e-02 11:38.7
  673   8076 1.297323319621435e-02 1.5e+02 6.83e-02  1e-02  2e-01 12:19.0
  700   8400 1.066715801843958e-02 1.4e+02 1.25e-01  3e-02  3e-01 12:48.5
  739   8868 9.311637515626671e-03 1.0e+02 8.61e-02  1e-02  1e-01 13:31.0
  779   9348 7.628687106080779e-03 9.2e+01 9.43e-02  1e-02  1e-01 14:14.6
  800   9600 7.073564154881505e-03 1.1e+02 1.06e-01  1e-02  2e-01 14:37.5
  842  10104 5.555470909083162e-03 1.3e+02 6.13e-02  6e-03  9e-02 15:23.3
  885  10620 5.031677152283183e-03 9.9e+01 8.52e-02  6e-03  1e-01 16:10.2
  900  10800 4.917860543786935e-03 9.9e+01 5.75e-02  4e-03  7e-02 16:26.5
  945  11340 4.492531856783419e-03 8.8e+01 8.82e-02  5e-03  1e-01 17:15.5
  991  11892 4.239939037397155e-03 7.6e+01 5.87e-02  3e-03  6e-02 18:05.5
 1000  12000 4.212246106771123e-03 7.5e+01 3.88e-02  2e-03  4e-02 18:15.3
Iterat #Fevals   function value  axis ratio  sigma  min&max std  t[m:s]
 1048  12576 4.094147249502710e-03 6.4e+01 5.63e-02  2e-03  4e-02 19:07.2
 1097  13164 3.749098480745413e-03 1.2e+02 1.00e-01  4e-03  1e-01 20:00.2
 1100  13200 3.752677199801761e-03 1.3e+02 1.06e-01  4e-03  1e-01 20:03.4
 1150  13800 3.451947742300171e-03 1.4e+02 4.33e-02  1e-03  4e-02 20:57.5
 1200  14400 3.398644065728968e-03 1.5e+02 4.38e-02  1e-03  3e-02 21:51.5
 1252  15024 3.294118392818509e-03 1.5e+02 7.08e-02  2e-03  6e-02 22:47.7
 1300  15600 3.264894379044459e-03 1.5e+02 1.84e-02  4e-04  1e-02 23:39.6
 1354  16248 3.263671912926047e-03 1.5e+02 2.40e-03  5e-05  1e-03 24:38.0
 1400  16800 3.263659401742721e-03 1.8e+02 4.61e-04  9e-06  3e-04 25:27.7
 1456  17472 3.263659215947028e-03 2.2e+02 2.24e-05  4e-07  1e-05 26:28.2
 1478  17736 3.263659215641776e-03 2.2e+02 6.82e-06  1e-07  3e-06 26:52.0
termination on tolfun=1e-11 (Fri Nov 27 13:50:22 2020)
final/bestever f-value = 3.263659e-03 3.263659e-03
incumbent solution: [ 2.87266455e-07 -8.50652981e+00 -3.86153339e-01 -3.14159252e+00
 -6.23687935e+00  1.93113364e-01  3.14159178e+00  9.65488048e+00 ...]
std deviations: [3.10432851e-07 1.31766710e-06 2.38461999e-07 4.64698306e-07
 1.63837236e-06 1.01514095e-07 5.50882420e-07 2.79732803e-06 ...]
cma
(6_w,12)-aCMA-ES (mu_w=3.7,w_1=40%) in dimension 17 (seed=561480, Fri Nov 27 13:50:23 2020)
Iterat #Fevals   function value  axis ratio  sigma  min&max std  t[m:s]
    1     12 7.322207091346592e-01 1.0e+00 9.53e-01  9e-01  1e+00 0:01.1
    2     24 6.786737334562970e-01 1.1e+00 9.54e-01  9e-01  1e+00 0:02.2
    3     36 7.557163019175557e-01 1.2e+00 9.66e-01  9e-01  1e+00 0:03.2
    6     72 7.465591570694670e-01 1.3e+00 9.91e-01  1e+00  1e+00 0:06.5
   10    120 6.685429006832502e-01 1.5e+00 1.08e+00  1e+00  1e+00 0:10.8
   15    180 6.312135524618632e-01 1.6e+00 9.89e-01  9e-01  1e+00 0:16.2
   21    252 6.987611696703534e-01 1.7e+00 7.95e-01  7e-01  8e-01 0:22.7
   28    336 6.103686317539597e-01 1.8e+00 6.86e-01  6e-01  7e-01 0:30.3
   36    432 6.071798828998171e-01 1.9e+00 6.47e-01  6e-01  7e-01 0:39.0
   45    540 3.282792611425656e-01 2.1e+00 4.08e-01  3e-01  4e-01 0:48.7
   55    660 3.134235417909190e-01 2.2e+00 4.03e-01  3e-01  4e-01 0:59.6
   66    792 1.269264336686498e-01 2.4e+00 3.16e-01  3e-01  3e-01 1:11.5
   78    936 8.272259686190647e-02 2.4e+00 3.08e-01  2e-01  3e-01 1:24.6
   90   1080 6.283623076884258e-02 2.7e+00 2.24e-01  2e-01  2e-01 1:37.6
  100   1200 5.490883413533257e-02 3.3e+00 1.77e-01  1e-01  2e-01 1:48.5
  114   1368 3.496223898764423e-02 3.9e+00 1.23e-01  8e-02  1e-01 2:03.7
  129   1548 2.895140007776908e-02 4.8e+00 6.50e-02  4e-02  7e-02 2:19.9
  145   1740 2.900992949579224e-02 5.9e+00 4.77e-02  3e-02  6e-02 2:37.3
  162   1944 2.725030041792484e-02 6.6e+00 2.60e-02  1e-02  3e-02 2:55.8
  180   2160 2.685390354508596e-02 7.6e+00 2.60e-02  1e-02  3e-02 3:15.4
  199   2388 2.654574210010234e-02 1.0e+01 1.63e-02  7e-03  2e-02 3:36.0
  200   2400 2.655977251661988e-02 1.0e+01 1.66e-02  7e-03  2e-02 3:37.1
  221   2652 2.616314101898700e-02 1.3e+01 1.89e-02  7e-03  3e-02 3:59.9
  243   2916 2.466030330416331e-02 2.4e+01 3.60e-02  1e-02  6e-02 4:23.8
  266   3192 2.449535086382607e-02 2.4e+01 1.48e-02  4e-03  3e-02 4:48.8
  290   3480 2.442181648001015e-02 2.4e+01 7.82e-03  2e-03  1e-02 5:14.8
  300   3600 2.441747388534540e-02 2.5e+01 7.43e-03  2e-03  1e-02 5:25.7
  325   3900 2.439343119421573e-02 2.7e+01 8.39e-03  2e-03  2e-02 5:52.8
  351   4212 2.432846384170150e-02 4.6e+01 1.09e-02  2e-03  3e-02 6:21.0
  378   4536 2.429971280813055e-02 7.1e+01 6.95e-03  1e-03  3e-02 6:50.4
  400   4800 2.429115990570174e-02 8.8e+01 4.96e-03  8e-04  2e-02 7:14.2
  429   5148 2.428296395669030e-02 1.2e+02 8.34e-03  1e-03  4e-02 7:45.7
  459   5508 2.425048178944929e-02 1.2e+02 8.78e-03  1e-03  3e-02 8:18.1
  490   5880 2.395765728717102e-02 1.2e+02 2.76e-02  5e-03  9e-02 8:51.6
  500   6000 2.370222779376038e-02 1.2e+02 3.31e-02  5e-03  1e-01 9:02.4
  533   6396 2.242351096169961e-02 7.5e+01 6.49e-02  1e-02  2e-01 9:38.1
  567   6804 1.960162697293500e-02 5.5e+01 6.19e-02  9e-03  1e-01 10:14.9
  600   7200 1.425841359758579e-02 4.6e+01 8.13e-02  1e-02  1e-01 10:50.6
  636   7632 9.526135591366480e-03 4.9e+01 6.08e-02  1e-02  9e-02 11:29.5
  673   8076 8.241938382814338e-03 5.0e+01 7.28e-02  1e-02  1e-01 12:09.5
  700   8400 6.236572369286758e-03 6.1e+01 1.09e-01  2e-02  2e-01 12:38.7
  739   8868 4.680371912814375e-03 5.8e+01 5.62e-02  7e-03  8e-02 13:20.4
  779   9348 3.768669328951990e-03 6.0e+01 7.54e-02  8e-03  1e-01 14:03.0
  800   9600 3.363476233113043e-03 7.3e+01 7.68e-02  7e-03  1e-01 14:25.5
  842  10104 2.547190303273347e-03 1.1e+02 1.30e-01  1e-02  3e-01 15:09.9
  885  10620 2.285299216258154e-03 8.8e+01 4.99e-02  4e-03  8e-02 15:55.4
  900  10800 2.245234046572343e-03 8.1e+01 3.56e-02  3e-03  5e-02 16:11.3
  945  11340 2.195731403171848e-03 7.6e+01 1.75e-02  1e-03  2e-02 16:58.9
  991  11892 2.178672156568148e-03 8.4e+01 1.55e-02  8e-04  1e-02 17:47.6
 1000  12000 2.177120145336277e-03 9.5e+01 1.47e-02  7e-04  1e-02 17:57.1
Iterat #Fevals   function value  axis ratio  sigma  min&max std  t[m:s]
 1048  12576 2.170145976105640e-03 1.4e+02 1.44e-02  6e-04  2e-02 18:47.9
 1097  13164 2.158212791440660e-03 1.6e+02 2.39e-02  9e-04  2e-02 19:39.7
 1100  13200 2.156021840386247e-03 1.6e+02 2.48e-02  9e-04  3e-02 19:42.9
 1151  13812 2.131358116434350e-03 2.4e+02 3.55e-02  1e-03  5e-02 20:36.9
 1200  14400 2.070415516523648e-03 3.2e+02 5.92e-02  2e-03  1e-01 21:28.6
 1253  15036 1.886497442810463e-03 3.1e+02 1.12e-01  3e-03  2e-01 22:24.4
 1300  15600 1.488113396549599e-03 2.8e+02 1.12e-01  3e-03  2e-01 23:13.8
 1355  16260 9.505447116658231e-04 2.8e+02 1.20e-01  3e-03  1e-01 24:11.7
 1400  16800 9.023098590717189e-04 2.3e+02 3.84e-02  9e-04  3e-02 24:59.0
 1457  17484 8.997844111058267e-04 1.9e+02 2.33e-03  4e-05  2e-03 25:58.9
 1500  18000 8.997820940158823e-04 1.7e+02 2.41e-04  4e-06  1e-04 26:44.2
 1558  18696 8.997820432396563e-04 1.6e+02 9.06e-06  1e-07  4e-06 27:45.2
 1566  18792 8.997820431772543e-04 1.7e+02 7.79e-06  9e-08  3e-06 27:53.6
/home/adrianps/Universal-Approximator/qibo_sim/classes/ApproximantNN.py:783: ComplexWarning: Casting complex values to real discards the imaginary part
  params[0, 0] = 1 / period * np.trapz(y, x)
/home/adrianps/Universal-Approximator/qibo_sim/classes/ApproximantNN.py:786: ComplexWarning: Casting complex values to real discards the imaginary part
  params[_, 0] = 2 / period * np.trapz(y * cos, x)
/home/adrianps/Universal-Approximator/qibo_sim/classes/ApproximantNN.py:788: ComplexWarning: Casting complex values to real discards the imaginary part
  params[_, 1] = 2 / period * np.trapz(y * sin, x)
/home/adrianps/Universal-Approximator/qibo_sim/classes/ApproximantNN.py:783: ComplexWarning: Casting complex values to real discards the imaginary part
  params[0, 0] = 1 / period * np.trapz(y, x)
/home/adrianps/Universal-Approximator/qibo_sim/classes/ApproximantNN.py:786: ComplexWarning: Casting complex values to real discards the imaginary part
  params[_, 0] = 2 / period * np.trapz(y * cos, x)
/home/adrianps/Universal-Approximator/qibo_sim/classes/ApproximantNN.py:788: ComplexWarning: Casting complex values to real discards the imaginary part
  params[_, 1] = 2 / period * np.trapz(y * sin, x)
/home/adrianps/Universal-Approximator/qibo_sim/classes/ApproximantNN.py:783: ComplexWarning: Casting complex values to real discards the imaginary part
  params[0, 0] = 1 / period * np.trapz(y, x)
/home/adrianps/Universal-Approximator/qibo_sim/classes/ApproximantNN.py:786: ComplexWarning: Casting complex values to real discards the imaginary part
  params[_, 0] = 2 / period * np.trapz(y * cos, x)
/home/adrianps/Universal-Approximator/qibo_sim/classes/ApproximantNN.py:788: ComplexWarning: Casting complex values to real discards the imaginary part
  params[_, 1] = 2 / period * np.trapz(y * sin, x)
/home/adrianps/Universal-Approximator/qibo_sim/classes/ApproximantNN.py:783: ComplexWarning: Casting complex values to real discards the imaginary part
  params[0, 0] = 1 / period * np.trapz(y, x)
/home/adrianps/Universal-Approximator/qibo_sim/classes/ApproximantNN.py:786: ComplexWarning: Casting complex values to real discards the imaginary part
  params[_, 0] = 2 / period * np.trapz(y * cos, x)
/home/adrianps/Universal-Approximator/qibo_sim/classes/ApproximantNN.py:788: ComplexWarning: Casting complex values to real discards the imaginary part
  params[_, 1] = 2 / period * np.trapz(y * sin, x)
/home/adrianps/Universal-Approximator/qibo_sim/classes/ApproximantNN.py:783: ComplexWarning: Casting complex values to real discards the imaginary part
  params[0, 0] = 1 / period * np.trapz(y, x)
/home/adrianps/Universal-Approximator/qibo_sim/classes/ApproximantNN.py:786: ComplexWarning: Casting complex values to real discards the imaginary part
  params[_, 0] = 2 / period * np.trapz(y * cos, x)
/home/adrianps/Universal-Approximator/qibo_sim/classes/ApproximantNN.py:788: ComplexWarning: Casting complex values to real discards the imaginary part
  params[_, 1] = 2 / period * np.trapz(y * sin, x)
/home/adrianps/Universal-Approximator/qibo_sim/classes/ApproximantNN.py:783: ComplexWarning: Casting complex values to real discards the imaginary part
  params[0, 0] = 1 / period * np.trapz(y, x)
/home/adrianps/Universal-Approximator/qibo_sim/classes/ApproximantNN.py:786: ComplexWarning: Casting complex values to real discards the imaginary part
  params[_, 0] = 2 / period * np.trapz(y * cos, x)
/home/adrianps/Universal-Approximator/qibo_sim/classes/ApproximantNN.py:788: ComplexWarning: Casting complex values to real discards the imaginary part
  params[_, 1] = 2 / period * np.trapz(y * sin, x)
/home/adrianps/Universal-Approximator/qibo_sim/classes/ApproximantNN.py:783: ComplexWarning: Casting complex values to real discards the imaginary part
  params[0, 0] = 1 / period * np.trapz(y, x)
/home/adrianps/Universal-Approximator/qibo_sim/classes/ApproximantNN.py:786: ComplexWarning: Casting complex values to real discards the imaginary part
  params[_, 0] = 2 / period * np.trapz(y * cos, x)
/home/adrianps/Universal-Approximator/qibo_sim/classes/ApproximantNN.py:788: ComplexWarning: Casting complex values to real discards the imaginary part
  params[_, 1] = 2 / period * np.trapz(y * sin, x)
/home/adrianps/Universal-Approximator/qibo_sim/classes/ApproximantNN.py:783: ComplexWarning: Casting complex values to real discards the imaginary part
  params[0, 0] = 1 / period * np.trapz(y, x)
/home/adrianps/Universal-Approximator/qibo_sim/classes/ApproximantNN.py:786: ComplexWarning: Casting complex values to real discards the imaginary part
  params[_, 0] = 2 / period * np.trapz(y * cos, x)
/home/adrianps/Universal-Approximator/qibo_sim/classes/ApproximantNN.py:788: ComplexWarning: Casting complex values to real discards the imaginary part
  params[_, 1] = 2 / period * np.trapz(y * sin, x)
/home/adrianps/Universal-Approximator/qibo_sim/classes/ApproximantNN.py:783: ComplexWarning: Casting complex values to real discards the imaginary part
  params[0, 0] = 1 / period * np.trapz(y, x)
/home/adrianps/Universal-Approximator/qibo_sim/classes/ApproximantNN.py:786: ComplexWarning: Casting complex values to real discards the imaginary part
  params[_, 0] = 2 / period * np.trapz(y * cos, x)
/home/adrianps/Universal-Approximator/qibo_sim/classes/ApproximantNN.py:788: ComplexWarning: Casting complex values to real discards the imaginary part
  params[_, 1] = 2 / period * np.trapz(y * sin, x)
/home/adrianps/Universal-Approximator/qibo_sim/classes/ApproximantNN.py:783: ComplexWarning: Casting complex values to real discards the imaginary part
  params[0, 0] = 1 / period * np.trapz(y, x)
/home/adrianps/Universal-Approximator/qibo_sim/classes/ApproximantNN.py:786: ComplexWarning: Casting complex values to real discards the imaginary part
  params[_, 0] = 2 / period * np.trapz(y * cos, x)
/home/adrianps/Universal-Approximator/qibo_sim/classes/ApproximantNN.py:788: ComplexWarning: Casting complex values to real discards the imaginary part
  params[_, 1] = 2 / period * np.trapz(y * sin, x)
/home/adrianps/Universal-Approximator/qibo_sim/classes/ApproximantNN.py:552: RuntimeWarning: More than 20 figures have been opened. Figures created through the pyplot interface (`matplotlib.pyplot.figure`) are retained until explicitly closed and may consume too much memory. (To control this warning, see the rcParam `figure.max_open_warning`).
  fig, axs = plt.subplots(nrows=2, figsize=(8,10))
/home/adrianps/Universal-Approximator/qibo_sim/classes/ApproximantNN.py:783: ComplexWarning: Casting complex values to real discards the imaginary part
  params[0, 0] = 1 / period * np.trapz(y, x)
/home/adrianps/Universal-Approximator/qibo_sim/classes/ApproximantNN.py:786: ComplexWarning: Casting complex values to real discards the imaginary part
  params[_, 0] = 2 / period * np.trapz(y * cos, x)
/home/adrianps/Universal-Approximator/qibo_sim/classes/ApproximantNN.py:788: ComplexWarning: Casting complex values to real discards the imaginary part
  params[_, 1] = 2 / period * np.trapz(y * sin, x)
/home/adrianps/Universal-Approximator/qibo_sim/classes/ApproximantNN.py:577: RuntimeWarning: More than 20 figures have been opened. Figures created through the pyplot interface (`matplotlib.pyplot.figure`) are retained until explicitly closed and may consume too much memory. (To control this warning, see the rcParam `figure.max_open_warning`).
  fig, axs = plt.subplots(nrows=2, figsize=(8,10))
/home/adrianps/Universal-Approximator/qibo_sim/classes/ApproximantNN.py:552: RuntimeWarning: More than 20 figures have been opened. Figures created through the pyplot interface (`matplotlib.pyplot.figure`) are retained until explicitly closed and may consume too much memory. (To control this warning, see the rcParam `figure.max_open_warning`).
  fig, axs = plt.subplots(nrows=2, figsize=(8,10))
/home/adrianps/Universal-Approximator/qibo_sim/classes/ApproximantNN.py:783: ComplexWarning: Casting complex values to real discards the imaginary part
  params[0, 0] = 1 / period * np.trapz(y, x)
/home/adrianps/Universal-Approximator/qibo_sim/classes/ApproximantNN.py:786: ComplexWarning: Casting complex values to real discards the imaginary part
  params[_, 0] = 2 / period * np.trapz(y * cos, x)
/home/adrianps/Universal-Approximator/qibo_sim/classes/ApproximantNN.py:788: ComplexWarning: Casting complex values to real discards the imaginary part
  params[_, 1] = 2 / period * np.trapz(y * sin, x)
/home/adrianps/Universal-Approximator/qibo_sim/classes/ApproximantNN.py:577: RuntimeWarning: More than 20 figures have been opened. Figures created through the pyplot interface (`matplotlib.pyplot.figure`) are retained until explicitly closed and may consume too much memory. (To control this warning, see the rcParam `figure.max_open_warning`).
  fig, axs = plt.subplots(nrows=2, figsize=(8,10))
termination on tolfun=1e-11 (Fri Nov 27 14:18:19 2020)
final/bestever f-value = 8.997820e-04 8.997820e-04
incumbent solution: [ 4.18698972e-08  6.23532866e+00  4.64464187e-01  6.28318583e+00
  5.37907643e+00  3.34912815e+00  3.14159368e+00 -5.75926664e+00 ...]
std deviations: [1.69233003e-07 5.47373659e-07 1.31723716e-07 4.33761895e-07
 1.16497799e-06 1.20832441e-07 7.99922594e-07 1.56328485e-06 ...]
