cma
(3_w,6)-aCMA-ES (mu_w=2.0,w_1=63%) in dimension 2 (seed=396694, Wed Nov 25 15:55:24 2020)
Iterat #Fevals   function value  axis ratio  sigma  min&max std  t[m:s]
    1      6 1.216744795782080e+00 1.0e+00 9.88e-01  8e-01  1e+00 0:00.2
    2     12 2.412722868365072e-01 1.4e+00 1.11e+00  8e-01  1e+00 0:00.4
    3     18 3.037103694202613e-01 1.9e+00 9.19e-01  5e-01  1e+00 0:00.5
   27    162 3.180800984464776e-02 2.1e+00 1.04e-01  9e-03  2e-02 0:03.5
   66    396 3.178237793424661e-02 2.4e+00 2.17e-04  5e-07  9e-07 0:07.6
   72    432 3.178237793423823e-02 1.9e+00 1.16e-04  2e-07  3e-07 0:08.2
termination on tolfun=1e-11 (Wed Nov 25 15:55:32 2020)
final/bestever f-value = 3.178238e-02 3.178238e-02
incumbent solution: [-1.5707963636723064, 2.3050214736775474]
std deviation: [1.6337281156384386e-07, 2.74129120849515e-07]
cma
(3_w,6)-aCMA-ES (mu_w=2.0,w_1=63%) in dimension 2 (seed=403933, Wed Nov 25 15:55:32 2020)
Iterat #Fevals   function value  axis ratio  sigma  min&max std  t[m:s]
    1      6 8.852162122887443e-01 1.0e+00 7.88e-01  7e-01  7e-01 0:00.1
    2     12 1.484728470777330e-01 1.2e+00 1.03e+00  7e-01  1e+00 0:00.2
    3     18 1.954766649585602e-01 1.8e+00 9.17e-01  5e-01  1e+00 0:00.3
   33    198 3.178240793050811e-02 2.3e+00 9.37e-03  3e-04  8e-04 0:03.4
   69    414 3.178237793423823e-02 2.0e+00 3.01e-05  4e-08  9e-08 0:07.0
termination on tolfun=1e-11 (Wed Nov 25 15:55:39 2020)
final/bestever f-value = 3.178238e-02 3.178238e-02
incumbent solution: [1.5707963357915367, -2.3050214695853457]
std deviation: [3.834279976774291e-08, 8.539243677645781e-08]
cma
(4_w,8)-aCMA-ES (mu_w=2.6,w_1=52%) in dimension 5 (seed=410138, Wed Nov 25 15:55:40 2020)
Iterat #Fevals   function value  axis ratio  sigma  min&max std  t[m:s]
    1      8 2.378403022501575e-01 1.0e+00 8.15e-01  7e-01  8e-01 0:00.2
    2     16 3.448105456190954e-01 1.3e+00 7.04e-01  6e-01  7e-01 0:00.3
    3     24 1.663549080061924e-01 1.5e+00 7.04e-01  6e-01  7e-01 0:00.5
   21    168 3.687750998260464e-02 3.9e+00 4.24e-01  3e-01  4e-01 0:03.6
   45    360 3.178368080527622e-02 2.4e+01 3.67e-02  2e-02  3e-02 0:07.8
   74    592 3.178238572927485e-02 1.5e+02 6.05e-03  2e-03  8e-03 0:12.8
  100    800 3.178237794477233e-02 3.2e+02 7.45e-04  8e-05  7e-04 0:17.3
  129   1032 3.178237793424551e-02 1.5e+03 1.17e-04  5e-06  2e-04 0:22.3
termination on tolfun=1e-11 (Wed Nov 25 15:56:02 2020)
final/bestever f-value = 3.178238e-02 3.178238e-02
incumbent solution: [0.04622625339378477, -0.20321269853586213, -3.141592574616477, -1.5245701684918966, 2.1018086966764984]
std deviation: [6.772902177701474e-05, 0.00018647732969294989, 4.5838258677276165e-06, 6.774521955427852e-05, 0.0001863557399109399]
cma
(4_w,8)-aCMA-ES (mu_w=2.6,w_1=52%) in dimension 5 (seed=429590, Wed Nov 25 15:56:02 2020)
Iterat #Fevals   function value  axis ratio  sigma  min&max std  t[m:s]
    1      8 4.456706057401563e-02 1.0e+00 7.88e-01  7e-01  8e-01 0:00.2
    2     16 4.258184364721825e-01 1.2e+00 7.46e-01  7e-01  7e-01 0:00.3
    3     24 2.865543010624479e-01 1.3e+00 8.69e-01  8e-01  1e+00 0:00.5
   21    168 3.408654059277364e-02 3.4e+00 2.04e-01  1e-01  2e-01 0:03.6
   45    360 3.178713174681921e-02 8.1e+00 3.12e-02  5e-03  3e-02 0:07.8
   74    592 3.178244408817712e-02 1.9e+01 2.61e-03  1e-04  2e-03 0:12.8
  100    800 3.178237795039337e-02 3.6e+01 3.83e-04  1e-05  4e-04 0:17.3
  133   1064 3.178237793424491e-02 1.8e+02 1.42e-05  9e-08  2e-05 0:23.0
termination on tolfun=1e-11 (Wed Nov 25 15:56:25 2020)
final/bestever f-value = 3.178238e-02 3.178238e-02
incumbent solution: [3.141592548289849, 2.721585996532238e-07, 1.5808080609631132, 1.5707962970915277, 2.3050213824573507]
std deviation: [1.9628264285913126e-07, 3.3399986224716467e-07, 1.6502252444458548e-05, 8.957641030662847e-08, 1.8976359534451894e-07]
cma
(5_w,10)-aCMA-ES (mu_w=3.2,w_1=45%) in dimension 8 (seed=476175, Wed Nov 25 15:56:25 2020)
Iterat #Fevals   function value  axis ratio  sigma  min&max std  t[m:s]
    1     10 3.298122214805507e-01 1.0e+00 8.97e-01  9e-01  9e-01 0:00.3
    2     20 3.124325312875825e-01 1.1e+00 8.17e-01  8e-01  8e-01 0:00.5
    3     30 2.229675044618948e-01 1.3e+00 7.73e-01  7e-01  8e-01 0:00.8
   15    150 7.866052691795494e-02 1.7e+00 7.43e-01  6e-01  8e-01 0:03.9
   31    310 1.902748969691185e-02 2.8e+00 3.03e-01  2e-01  3e-01 0:08.1
   51    510 2.167952188406754e-03 4.2e+00 2.00e-01  7e-02  2e-01 0:13.3
   75    750 2.495456169798757e-04 1.0e+01 4.38e-02  9e-03  4e-02 0:19.6
  100   1000 1.022474472532718e-04 2.5e+01 5.37e-02  1e-02  8e-02 0:26.1
  131   1310 7.701365237806109e-05 2.6e+01 1.29e-02  1e-03  1e-02 0:34.2
  166   1660 7.676925679474214e-05 2.9e+01 7.58e-04  6e-05  5e-04 0:43.3
  200   2000 7.676883994748348e-05 2.7e+01 5.00e-05  2e-06  2e-05 0:52.2
  222   2220 7.676883890551844e-05 3.0e+01 9.82e-06  4e-07  3e-06 0:57.9
termination on tolfun=1e-11 (Wed Nov 25 15:57:24 2020)
final/bestever f-value = 7.676884e-05 7.676884e-05
incumbent solution: [1.5707964624486728, -2.2464748009344766, 1.7929004468416767, -5.003142651407421e-08, 4.7006540849219585, -0.5246206646577898, 5.839041242271315e-08, -4.777778224509975]
std deviation: [3.8867935963892734e-07, 8.762941000525157e-07, 1.589486524902419e-06, 1.198932570364543e-06, 2.690730009210731e-06, 4.1223613841809537e-07, 6.901891324455039e-07, 2.6410417068196053e-06]
cma
(5_w,10)-aCMA-ES (mu_w=3.2,w_1=45%) in dimension 8 (seed=372864, Wed Nov 25 15:57:24 2020)
Iterat #Fevals   function value  axis ratio  sigma  min&max std  t[m:s]
    1     10 3.021989413113619e-01 1.0e+00 8.52e-01  8e-01  9e-01 0:00.3
    2     20 1.752772095833584e-01 1.1e+00 8.04e-01  7e-01  8e-01 0:00.5
    3     30 3.395270851276094e-01 1.2e+00 7.93e-01  7e-01  8e-01 0:00.8
   15    150 3.992575107062449e-02 2.4e+00 5.84e-01  4e-01  7e-01 0:03.9
   31    310 3.585198950678313e-02 4.8e+00 3.39e-01  3e-01  3e-01 0:08.1
   51    510 3.235360317899742e-02 1.1e+01 2.54e-01  2e-01  3e-01 0:13.3
   74    740 3.184853065871418e-02 3.1e+01 9.38e-02  6e-02  1e-01 0:19.3
   92    920 3.159046193283262e-02 4.9e+01 9.22e-02  7e-02  2e-01 0:26.6
  100   1000 3.142059329111063e-02 8.3e+01 1.26e-01  1e-01  3e-01 0:30.4
  119   1190 3.045824907704099e-02 5.4e+01 8.44e-02  5e-02  1e-01 0:39.6
  140   1400 2.971221705618692e-02 3.2e+01 8.84e-02  4e-02  7e-02 0:49.8
  163   1630 2.928822175298209e-02 5.3e+01 4.06e-02  1e-02  5e-02 1:00.9
  188   1880 2.914035565122735e-02 5.8e+01 4.10e-02  7e-03  5e-02 1:13.0
  200   2000 2.892266808848831e-02 4.4e+01 7.67e-02  1e-02  8e-02 1:18.9
  229   2290 2.204576733502821e-02 2.0e+01 3.40e-01  4e-02  2e-01 1:32.9
  260   2600 9.739206488340474e-03 1.9e+01 8.79e-01  8e-02  3e-01 1:47.9
  294   2940 1.168482136770897e-03 7.3e+00 3.80e-01  2e-02  6e-02 2:04.4
  300   3000 1.150921756547265e-03 7.4e+00 3.45e-01  2e-02  6e-02 2:07.3
  338   3380 1.072410594689487e-03 1.2e+01 4.82e-02  2e-03  5e-03 2:25.7
  378   3780 1.072215978766406e-03 1.7e+01 4.66e-03  1e-04  4e-04 2:45.0
  400   4000 1.072215443575493e-03 2.1e+01 1.02e-03  2e-05  8e-05 2:55.7
  440   4400 1.072215423443356e-03 4.3e+01 4.51e-05  3e-07  4e-06 3:15.0
termination on tolfun=1e-11 (Wed Nov 25 16:00:39 2020)
final/bestever f-value = 1.072215e-03 1.072215e-03
incumbent solution: [-0.965328106917923, 2.720130111303957e-07, -1.4162025890606507, 1.789682199615505, 4.749663741960425, -1.8966153563424069, 3.1415929901480277, 2.374832238429411]
std deviation: [7.846661314626042e-07, 3.6447134808452854e-07, 2.5265471839790846e-06, 3.5381097847835817e-06, 8.355795733639439e-07, 7.23595737457975e-07, 3.4969885859590827e-07, 6.019959012998917e-07]
cma
(5_w,11)-aCMA-ES (mu_w=3.4,w_1=42%) in dimension 11 (seed=365153, Wed Nov 25 16:00:40 2020)
Iterat #Fevals   function value  axis ratio  sigma  min&max std  t[m:s]
    1     11 1.832873917960260e-01 1.0e+00 8.97e-01  9e-01  9e-01 0:00.6
    2     22 3.840978365814158e-01 1.1e+00 8.46e-01  8e-01  9e-01 0:01.3
    3     33 6.638324951400402e-01 1.2e+00 8.58e-01  8e-01  9e-01 0:01.9
    8     88 4.529713412148024e-01 1.6e+00 9.61e-01  9e-01  1e+00 0:05.1
   15    165 2.202785515086833e-01 1.8e+00 1.33e+00  1e+00  1e+00 0:09.5
   23    253 3.730113518146363e-01 2.4e+00 1.88e+00  2e+00  2e+00 0:14.5
   33    363 3.586301251048379e-01 2.6e+00 1.74e+00  1e+00  2e+00 0:20.9
   45    495 4.444282912153433e-01 3.2e+00 1.94e+00  2e+00  2e+00 0:28.5
   58    638 2.318650035285602e-01 3.6e+00 1.97e+00  2e+00  2e+00 0:36.7
   73    803 7.898302489106301e-02 3.9e+00 1.16e+00  8e-01  1e+00 0:46.2
   89    979 3.070318825529333e-01 4.2e+00 6.64e-01  5e-01  8e-01 0:56.3
  100   1100 4.823345879312787e-02 3.6e+00 3.65e-01  2e-01  4e-01 1:03.2
  119   1309 3.533354777046695e-02 3.9e+00 1.88e-01  1e-01  2e-01 1:15.3
  140   1540 3.042522070353763e-02 6.4e+00 1.26e-01  6e-02  1e-01 1:28.5
  163   1793 6.609273883679256e-03 1.1e+01 2.19e-01  1e-01  2e-01 1:43.1
  187   2057 1.036413102319437e-03 8.9e+00 8.97e-02  4e-02  7e-02 1:58.3
  200   2200 8.693202331292506e-04 9.8e+00 5.41e-02  2e-02  4e-02 2:06.5
  227   2497 7.022587747386708e-04 1.2e+01 7.45e-02  2e-02  5e-02 2:23.6
  256   2816 2.636090445708905e-04 2.4e+01 1.43e-01  4e-02  2e-01 2:41.9
  287   3157 1.434121747640443e-04 3.0e+01 1.16e-01  3e-02  1e-01 3:01.5
  300   3300 7.487716791697700e-05 3.2e+01 8.20e-02  2e-02  7e-02 3:09.8
  334   3674 4.747292626726030e-05 3.2e+01 3.03e-02  3e-03  2e-02 3:31.3
  369   4059 4.264643756320319e-05 4.7e+01 2.14e-02  2e-03  2e-02 3:53.4
  400   4400 3.634832324689659e-05 1.3e+02 4.20e-02  5e-03  5e-02 4:13.1
  438   4818 3.244807283810339e-05 1.4e+02 3.59e-02  3e-03  4e-02 4:37.1
  478   5258 1.949783141558661e-05 1.5e+02 1.10e-01  8e-03  1e-01 5:02.4
  500   5500 1.171113778603418e-05 1.3e+02 8.62e-02  6e-03  7e-02 5:16.3
  543   5973 3.514372650539150e-06 2.1e+02 9.91e-02  4e-03  8e-02 5:43.6
  588   6468 1.647163328796603e-06 2.6e+02 2.31e-02  8e-04  1e-02 6:12.0
  600   6600 1.622463204041290e-06 2.7e+02 1.80e-02  6e-04  9e-03 6:19.6
  648   7128 1.594158832444541e-06 3.4e+02 6.10e-03  1e-04  2e-03 6:50.0
  697   7667 1.593772202097446e-06 4.0e+02 2.56e-04  4e-06  6e-05 7:21.0
  700   7700 1.593772104069621e-06 4.0e+02 2.13e-04  3e-06  5e-05 7:22.9
  715   7865 1.593771893989958e-06 4.2e+02 7.01e-05  9e-07  2e-05 7:32.4
termination on tolfun=1e-11 (Wed Nov 25 16:08:13 2020)
final/bestever f-value = 1.593772e-06 1.593772e-06
incumbent solution: [ 3.14159234e+00  4.54336322e+00  9.13839772e-01 -7.52458270e-07
 -4.35275563e+00 -2.44596532e+00  3.14159317e+00 -4.32104294e+00 ...]
std deviations: [8.97035007e-07 1.51515490e-05 6.67319733e-06 2.35573985e-06
 1.38071555e-05 3.46554291e-06 2.58512209e-06 1.09363698e-05 ...]
cma
(5_w,11)-aCMA-ES (mu_w=3.4,w_1=42%) in dimension 11 (seed=474693, Wed Nov 25 16:08:13 2020)
Iterat #Fevals   function value  axis ratio  sigma  min&max std  t[m:s]
    1     11 1.608377637774342e-01 1.0e+00 9.13e-01  9e-01  9e-01 0:00.6
    2     22 1.178727228116011e-01 1.1e+00 8.63e-01  8e-01  9e-01 0:01.3
    3     33 2.965692804179272e-01 1.2e+00 8.52e-01  8e-01  9e-01 0:01.9
    8     88 5.251248738815381e-01 1.5e+00 7.05e-01  6e-01  8e-01 0:05.0
   15    165 4.340358448943029e-02 1.8e+00 4.49e-01  4e-01  5e-01 0:09.5
   23    253 4.464071971826469e-02 2.4e+00 3.01e-01  2e-01  3e-01 0:14.5
   33    363 3.245693048207881e-02 3.1e+00 2.06e-01  1e-01  2e-01 0:20.8
   45    495 3.257585937453169e-02 3.9e+00 1.23e-01  8e-02  1e-01 0:28.4
   58    638 3.192153027766041e-02 6.0e+00 9.21e-02  6e-02  1e-01 0:36.6
   73    803 2.886933416711073e-02 1.0e+01 9.34e-02  6e-02  1e-01 0:46.0
   89    979 1.096193091715999e-02 1.3e+01 1.60e-01  1e-01  3e-01 0:56.1
  100   1100 9.095908494561548e-03 1.3e+01 1.54e-01  9e-02  2e-01 1:03.0
  120   1320 1.761173388969492e-03 1.1e+01 7.70e-02  3e-02  9e-02 1:15.6
  141   1551 1.290795668776782e-03 9.6e+00 5.07e-02  2e-02  4e-02 1:28.9
  164   1804 8.527902988163907e-04 1.5e+01 5.98e-02  3e-02  5e-02 1:43.4
  188   2068 7.890278632119102e-04 1.8e+01 2.71e-02  9e-03  2e-02 1:58.5
  200   2200 7.244372159513794e-04 1.9e+01 4.83e-02  1e-02  4e-02 2:06.1
  227   2497 2.476958726870640e-04 2.7e+01 1.26e-01  2e-02  1e-01 2:23.1
  256   2816 1.091655171634505e-04 3.6e+01 4.13e-02  6e-03  4e-02 2:41.4
  287   3157 7.832980769078267e-05 5.4e+01 2.48e-02  3e-03  2e-02 3:00.9
  300   3300 7.702317149439986e-05 5.9e+01 1.17e-02  1e-03  1e-02 3:09.1
  334   3674 7.677475294245947e-05 6.0e+01 3.01e-03  2e-04  2e-03 3:30.5
  369   4059 7.676889736719838e-05 7.2e+01 5.17e-04  3e-05  4e-04 3:52.6
  400   4400 7.676884128419425e-05 1.0e+02 9.13e-05  4e-06  6e-05 4:12.2
  433   4763 7.676883890724914e-05 1.3e+02 1.35e-05  4e-07  9e-06 4:33.0
termination on tolfun=1e-11 (Wed Nov 25 16:12:47 2020)
final/bestever f-value = 7.676884e-05 7.676884e-05
incumbent solution: [ 1.57079675e+00  2.24647442e+00 -1.79290273e+00  1.88939933e+00
 -4.70065187e+00  1.87740994e+00  5.48887560e-01  1.85107608e-07 ...]
std deviations: [3.65859566e-07 1.05288947e-06 1.48069429e-06 2.93807164e-06
 3.23227288e-06 9.17909991e-06 2.19747957e-06 1.06819757e-06 ...]
cma
(5_w,11)-aCMA-ES (mu_w=3.4,w_1=42%) in dimension 14 (seed=361573, Wed Nov 25 16:12:47 2020)
Iterat #Fevals   function value  axis ratio  sigma  min&max std  t[m:s]
    1     11 8.146846365153321e-02 1.0e+00 9.58e-01  9e-01  1e+00 0:00.7
    2     22 2.075907046040293e-01 1.1e+00 9.11e-01  9e-01  9e-01 0:01.5
    3     33 2.463028071357544e-01 1.2e+00 8.46e-01  8e-01  9e-01 0:02.2
    8     88 1.442619750540690e-01 1.3e+00 7.77e-01  7e-01  8e-01 0:05.8
   14    154 1.205659918205709e-01 1.6e+00 5.81e-01  5e-01  6e-01 0:10.2
   21    231 1.605565665499236e-01 1.7e+00 3.59e-01  3e-01  4e-01 0:15.3
   30    330 3.659416604813683e-02 2.2e+00 3.98e-01  3e-01  4e-01 0:21.9
   40    440 5.049433639072040e-02 2.6e+00 3.52e-01  3e-01  4e-01 0:29.2
   51    561 3.866119153519761e-02 3.4e+00 1.90e-01  2e-01  2e-01 0:37.2
   64    704 3.321913097469616e-02 4.4e+00 1.82e-01  1e-01  2e-01 0:46.7
   78    858 1.580952347054967e-02 5.8e+00 1.82e-01  1e-01  2e-01 0:56.9
   94   1034 2.323953163443053e-03 7.0e+00 1.87e-01  1e-01  2e-01 1:08.6
  100   1100 2.747840508738734e-03 7.0e+00 1.35e-01  1e-01  2e-01 1:13.0
  118   1298 1.123841355780243e-03 6.6e+00 6.97e-02  4e-02  8e-02 1:26.1
  138   1518 9.091423360547935e-04 7.5e+00 4.72e-02  3e-02  5e-02 1:40.7
  159   1749 8.126694692752469e-04 1.1e+01 4.96e-02  3e-02  6e-02 1:56.0
  181   1991 6.730743394408653e-04 1.4e+01 4.08e-02  2e-02  5e-02 2:12.0
  200   2200 5.186431860693701e-04 1.6e+01 4.83e-02  3e-02  6e-02 2:25.9
  225   2475 3.171187776361632e-04 2.3e+01 4.14e-02  2e-02  6e-02 2:44.1
  252   2772 1.752804755619470e-04 2.7e+01 5.11e-02  2e-02  7e-02 3:03.8
  280   3080 1.130845279509507e-04 3.3e+01 3.06e-02  1e-02  4e-02 3:24.2
  300   3300 1.053885579911140e-04 3.8e+01 2.03e-02  7e-03  2e-02 3:38.8
  331   3641 9.763624535492328e-05 5.0e+01 1.64e-02  6e-03  2e-02 4:01.4
  363   3993 6.845210055644140e-05 1.2e+02 2.89e-02  9e-03  9e-02 4:24.7
  396   4356 5.314346190882724e-05 1.2e+02 5.00e-02  1e-02  1e-01 4:48.7
  400   4400 4.871833702944590e-05 1.1e+02 3.90e-02  1e-02  1e-01 4:51.7
  436   4796 4.096535423780228e-05 1.1e+02 2.22e-02  4e-03  5e-02 5:17.9
  474   5214 2.465984746293508e-05 1.3e+02 4.13e-02  5e-03  8e-02 5:45.5
  500   5500 9.947616795713454e-06 1.8e+02 3.52e-02  4e-03  8e-02 6:04.5
  540   5940 5.429863412637996e-06 2.2e+02 2.30e-02  2e-03  5e-02 6:33.6
  582   6402 5.208608524895370e-06 2.4e+02 2.43e-03  2e-04  4e-03 7:03.9
  600   6600 5.205141471514611e-06 2.5e+02 1.43e-03  1e-04  2e-03 7:16.9
  645   7095 5.201668417461299e-06 2.7e+02 1.75e-03  1e-04  2e-03 7:49.3
  691   7601 5.177668547141044e-06 3.3e+02 7.23e-03  4e-04  7e-03 8:22.4
  700   7700 5.174116710750530e-06 3.6e+02 7.47e-03  4e-04  8e-03 8:28.9
  749   8239 5.117794893868595e-06 4.4e+02 8.83e-03  4e-04  8e-03 9:04.2
  799   8789 5.077488971249913e-06 5.1e+02 9.77e-03  4e-04  9e-03 9:40.3
  800   8800 5.075495923003453e-06 5.0e+02 9.31e-03  4e-04  8e-03 9:41.0
  853   9383 5.041073523155449e-06 6.0e+02 7.61e-03  2e-04  7e-03 10:19.1
  900   9900 5.017251993966631e-06 7.6e+02 8.25e-03  2e-04  9e-03 10:53.0
  956  10516 4.990282132324247e-06 6.7e+02 9.29e-03  2e-04  7e-03 11:33.3
 1000  11000 4.958694728477378e-06 4.0e+02 1.13e-02  2e-04  6e-03 12:05.0
Iterat #Fevals   function value  axis ratio  sigma  min&max std  t[m:s]
 1059  11649 4.905181055953204e-06 4.0e+02 2.72e-02  5e-04  1e-02 12:47.5
 1100  12100 4.883089698773653e-06 3.4e+02 8.50e-03  1e-04  4e-03 13:17.0
 1162  12782 4.839917160189201e-06 3.9e+02 1.86e-02  3e-04  8e-03 14:01.7
 1200  13200 4.813554186426149e-06 4.7e+02 2.07e-02  3e-04  9e-03 14:29.1
 1264  13904 4.764820175109597e-06 4.9e+02 4.17e-02  4e-04  2e-02 15:15.2
 1300  14300 4.733336456730094e-06 4.4e+02 2.80e-02  2e-04  9e-03 15:41.1
 1367  15037 4.714686645829678e-06 5.4e+02 2.42e-02  2e-04  7e-03 16:29.3
 1400  15400 4.707447400017578e-06 5.1e+02 2.80e-02  2e-04  7e-03 16:53.1
 1470  16170 4.628363519255162e-06 3.6e+02 7.34e-02  4e-04  1e-02 17:43.5
 1500  16500 4.592991846280989e-06 3.7e+02 6.44e-02  3e-04  8e-03 18:05.1
 1573  17303 4.548530659662506e-06 5.5e+02 3.29e-02  1e-04  4e-03 18:57.6
 1600  17600 4.542260822444393e-06 5.5e+02 3.19e-02  1e-04  3e-03 19:17.1
 1675  18425 4.534688753521573e-06 4.9e+02 4.62e-02  2e-04  4e-03 20:11.1
 1700  18700 4.527930699357824e-06 5.7e+02 5.22e-02  2e-04  4e-03 20:29.1
 1778  19558 4.473116320972114e-06 5.3e+02 1.10e-01  2e-04  7e-03 21:25.2
 1800  19800 4.460216001412890e-06 5.2e+02 9.60e-02  2e-04  6e-03 21:41.0
 1881  20691 4.446730117331552e-06 5.5e+02 5.02e-02  8e-05  3e-03 22:39.3
 1900  20900 4.443866765215836e-06 5.1e+02 9.86e-02  1e-04  5e-03 22:53.0
 1984  21824 4.409605537891065e-06 4.2e+02 1.35e-01  2e-04  4e-03 23:53.4
 2000  22000 4.406372413930085e-06 4.5e+02 9.61e-02  1e-04  3e-03 24:04.9
Iterat #Fevals   function value  axis ratio  sigma  min&max std  t[m:s]
 2087  22957 4.397172018145138e-06 3.4e+02 1.75e-01  1e-04  4e-03 25:07.5
 2100  23100 4.396356323044944e-06 4.1e+02 1.76e-01  2e-04  4e-03 25:16.8
 2189  24079 4.383908858370565e-06 4.3e+02 1.23e-01  8e-05  3e-03 26:20.8
 2200  24200 4.383433123863298e-06 4.3e+02 1.86e-01  1e-04  4e-03 26:28.7
 2292  25212 4.379790468148679e-06 4.1e+02 9.41e-02  5e-05  1e-03 27:34.8
 2300  25300 4.379704224835644e-06 4.1e+02 8.54e-02  4e-05  1e-03 27:40.6
 2393  26323 4.379528796921790e-06 5.0e+02 3.72e-03  1e-06  4e-05 28:47.4
termination on tolfun=1e-11 (Wed Nov 25 16:41:38 2020)
final/bestever f-value = 4.379529e-06 4.379529e-06
incumbent solution: [ 0.49985275 -4.75506985 -4.50460827 -2.25636586  4.44356054 -2.96719389
  1.25072051  4.09060595 ...]
std deviations: [2.52171929e-05 2.78473541e-05 4.13534863e-05 1.98377560e-05
 1.88950726e-05 2.51128287e-06 3.71604206e-05 3.16031470e-05 ...]
cma
(5_w,11)-aCMA-ES (mu_w=3.4,w_1=42%) in dimension 14 (seed=396119, Wed Nov 25 16:41:38 2020)
Iterat #Fevals   function value  axis ratio  sigma  min&max std  t[m:s]
    1     11 4.646561654651105e-01 1.0e+00 9.53e-01  9e-01  1e+00 0:00.7
    2     22 4.619709084981630e-01 1.1e+00 9.70e-01  9e-01  1e+00 0:01.4
    3     33 2.035860900377590e-01 1.2e+00 1.04e+00  1e+00  1e+00 0:02.2
    8     88 8.091796430911158e-02 1.6e+00 1.48e+00  1e+00  2e+00 0:05.7
   14    154 1.885032891765952e-01 1.7e+00 1.52e+00  1e+00  2e+00 0:10.0
   21    231 5.234278468324487e-01 1.8e+00 1.69e+00  2e+00  2e+00 0:15.1
   30    330 9.849977119344393e-02 2.2e+00 1.36e+00  1e+00  2e+00 0:21.6
   40    440 5.856612426714002e-02 2.4e+00 1.23e+00  1e+00  2e+00 0:28.8
   52    572 7.032812458350469e-01 2.5e+00 1.22e+00  1e+00  1e+00 0:37.4
   65    715 7.750244990604868e-01 2.7e+00 1.53e+00  1e+00  2e+00 0:46.7
   79    869 5.549608736246008e-01 3.0e+00 1.60e+00  1e+00  2e+00 0:56.7
   95   1045 3.026788693485996e-01 3.4e+00 1.75e+00  1e+00  2e+00 1:08.2
  100   1100 1.529256442005238e-01 3.4e+00 1.62e+00  1e+00  2e+00 1:11.8
  119   1309 7.689904726128111e-01 3.6e+00 2.79e+00  2e+00  4e+00 1:25.4
  139   1529 7.728022767714744e-01 4.0e+00 2.80e+00  2e+00  4e+00 1:39.7
  160   1760 6.864245640418933e-01 5.0e+00 2.55e+00  2e+00  4e+00 1:54.8
  183   2013 2.464402077551906e-01 5.2e+00 2.67e+00  2e+00  4e+00 2:11.3
  200   2200 8.409008542528477e-01 6.2e+00 2.09e+00  1e+00  3e+00 2:23.5
  226   2486 6.903721436714838e-01 8.2e+00 1.87e+00  1e+00  3e+00 2:42.1
  253   2783 2.846397177869575e-01 9.8e+00 2.31e+00  2e+00  4e+00 3:01.5
  281   3091 7.129461685388127e-01 1.1e+01 1.74e+00  1e+00  3e+00 3:21.5
  300   3300 8.770114705697455e-01 1.3e+01 2.55e+00  2e+00  4e+00 3:35.1
  331   3641 9.627646206326566e-01 1.4e+01 1.84e+00  1e+00  3e+00 3:57.4
  364   4004 7.432110516895997e-01 1.8e+01 4.64e+00  3e+00  8e+00 4:21.0
  398   4378 7.858266645687428e-01 1.7e+01 1.12e+01  7e+00  2e+01 4:45.4
  400   4400 5.781943127738935e-01 1.8e+01 1.19e+01  8e+00  2e+01 4:46.9
  437   4807 8.593317728696311e-01 1.9e+01 1.09e+01  7e+00  2e+01 5:13.4
  475   5225 7.256283576613107e-01 2.3e+01 8.20e+00  5e+00  1e+01 5:40.7
  500   5500 9.028927694215622e-01 2.9e+01 8.55e+00  5e+00  1e+01 5:58.6
  541   5951 7.018163168108804e-01 3.0e+01 5.70e+00  3e+00  8e+00 6:28.0
  583   6413 7.486662391268034e-01 3.9e+01 4.26e+00  2e+00  7e+00 6:58.1
  600   6600 7.738579372473116e-01 4.1e+01 3.63e+00  2e+00  6e+00 7:10.3
  645   7095 6.178218777042968e-01 4.8e+01 4.76e+00  2e+00  8e+00 7:42.6
termination on tolstagnation=576 (Wed Nov 25 16:49:22 2020)
final/bestever f-value = 9.104339e-01 5.856612e-02
incumbent solution: [-21.39199553  23.53674929  58.56793956 101.23890829  10.53972173
  23.9037073  158.21290845 -37.05040437 ...]
std deviations: [2.73549263 2.59341932 3.93564429 4.47650814 2.34433211 3.77877007
 7.83957027 2.64217244 ...]
cma
(6_w,12)-aCMA-ES (mu_w=3.7,w_1=40%) in dimension 17 (seed=418366, Wed Nov 25 16:49:22 2020)
Iterat #Fevals   function value  axis ratio  sigma  min&max std  t[m:s]
    1     12 1.082135163004146e-01 1.0e+00 9.58e-01  9e-01  1e+00 0:00.9
    2     24 2.845743688260879e-01 1.1e+00 9.46e-01  9e-01  1e+00 0:01.8
    3     36 1.444551639187408e-01 1.2e+00 9.51e-01  9e-01  1e+00 0:02.6
    7     84 3.114235421996709e-01 1.4e+00 1.03e+00  1e+00  1e+00 0:06.2
   12    144 5.180052684248229e-01 1.5e+00 9.55e-01  9e-01  1e+00 0:10.6
   18    216 7.587487512163410e-01 1.7e+00 1.14e+00  1e+00  1e+00 0:15.8
   25    300 3.384044258523657e-01 1.7e+00 9.78e-01  9e-01  1e+00 0:22.0
   33    396 4.534150071841297e-01 1.8e+00 8.14e-01  7e-01  9e-01 0:29.0
   43    516 2.095161363269753e-01 2.0e+00 5.58e-01  5e-01  6e-01 0:37.8
   54    648 9.923144058134190e-02 2.4e+00 5.93e-01  5e-01  6e-01 0:47.5
   66    792 1.339259428551099e-01 2.6e+00 5.14e-01  4e-01  5e-01 0:58.0
   79    948 6.036757500137514e-02 2.9e+00 3.56e-01  3e-01  4e-01 1:09.4
   93   1116 4.029943150319298e-02 3.3e+00 1.83e-01  1e-01  2e-01 1:21.7
  100   1200 3.195518249510574e-02 3.7e+00 1.80e-01  1e-01  2e-01 1:27.9
  116   1392 2.994985080156307e-02 5.1e+00 1.12e-01  9e-02  1e-01 1:41.9
  134   1608 2.826162628191108e-02 7.2e+00 1.05e-01  8e-02  1e-01 1:57.7
  153   1836 1.502770675991789e-03 9.2e+00 1.85e-01  1e-01  2e-01 2:14.4
  173   2076 8.729666204846074e-04 1.1e+01 1.28e-01  8e-02  2e-01 2:32.0
  194   2328 2.249148476934157e-04 1.1e+01 7.48e-02  4e-02  9e-02 2:50.4
  200   2400 2.494235873161714e-04 1.2e+01 8.88e-02  5e-02  1e-01 2:55.7
  223   2676 1.554310886407018e-04 1.3e+01 4.70e-02  3e-02  5e-02 3:15.9
  247   2964 9.882658543564974e-05 1.8e+01 3.40e-02  2e-02  4e-02 3:36.9
  273   3276 3.677905595531188e-05 2.3e+01 3.08e-02  2e-02  4e-02 3:59.8
  300   3600 2.438938079267606e-05 2.9e+01 1.60e-02  8e-03  2e-02 4:23.5
  328   3936 1.836105322248127e-05 3.8e+01 1.04e-02  5e-03  1e-02 4:48.0
  357   4284 1.458874276651893e-05 5.2e+01 7.89e-03  3e-03  1e-02 5:13.5
  387   4644 1.370790483396916e-05 6.9e+01 7.65e-03  3e-03  1e-02 5:39.8
  400   4800 1.311469717614199e-05 8.7e+01 1.01e-02  4e-03  2e-02 5:51.2
  432   5184 1.260647625358644e-05 1.1e+02 7.36e-03  2e-03  1e-02 6:19.4
  466   5592 1.217147675381050e-05 1.3e+02 5.32e-03  2e-03  1e-02 6:49.2
  500   6000 1.147647277730597e-05 1.3e+02 7.27e-03  2e-03  1e-02 7:19.1
  536   6432 1.079387716197693e-05 1.2e+02 8.61e-03  3e-03  2e-02 7:50.6
  573   6876 1.023700763849304e-05 1.2e+02 9.75e-03  3e-03  2e-02 8:23.1
  600   7200 9.722032201808598e-06 1.3e+02 7.84e-03  2e-03  1e-02 8:46.8
  639   7668 9.141735005730169e-06 1.3e+02 1.59e-02  4e-03  3e-02 9:21.1
  679   8148 8.445090975815439e-06 1.1e+02 8.50e-03  2e-03  1e-02 9:56.2
  700   8400 8.190003999505247e-06 1.0e+02 1.05e-02  3e-03  1e-02 10:14.7
  743   8916 7.743751265800495e-06 1.3e+02 9.24e-03  2e-03  1e-02 10:52.3
  787   9444 7.373196450500272e-06 1.7e+02 9.43e-03  2e-03  1e-02 11:30.6
  800   9600 7.324008044763475e-06 1.8e+02 7.81e-03  2e-03  1e-02 11:41.9
  847  10164 7.204450289763454e-06 1.8e+02 5.94e-03  1e-03  7e-03 12:22.7
  895  10740 7.137682305899399e-06 2.3e+02 3.78e-03  8e-04  4e-03 13:04.2
  900  10800 7.133835402322644e-06 2.3e+02 3.35e-03  7e-04  3e-03 13:08.6
  950  11400 7.097291731077855e-06 2.6e+02 5.84e-03  1e-03  6e-03 13:51.8
 1000  12000 7.005926260363356e-06 3.2e+02 7.84e-03  1e-03  9e-03 14:34.8
Iterat #Fevals   function value  axis ratio  sigma  min&max std  t[m:s]
 1053  12636 6.887756377985384e-06 4.5e+02 1.20e-02  2e-03  1e-02 15:20.5
 1100  13200 6.698931155811679e-06 6.0e+02 1.26e-02  2e-03  2e-02 16:01.0
 1155  13860 6.379482853606602e-06 6.4e+02 2.17e-02  3e-03  3e-02 16:48.4
 1200  14400 5.891117417904985e-06 8.9e+02 2.19e-02  3e-03  4e-02 17:27.1
 1257  15084 4.647060832127939e-06 1.1e+03 4.11e-02  5e-03  8e-02 18:16.2
 1300  15600 4.082816859515231e-06 9.7e+02 3.14e-02  3e-03  5e-02 18:53.3
 1360  16320 3.891569786108820e-06 8.8e+02 8.29e-03  5e-04  1e-02 19:45.0
 1400  16800 3.780949400670819e-06 7.9e+02 1.47e-02  8e-04  2e-02 20:19.5
 1462  17544 3.178241620831817e-06 8.3e+02 4.23e-02  2e-03  5e-02 21:13.0
 1500  18000 2.381497639689941e-06 7.5e+02 5.23e-02  3e-03  5e-02 21:45.7
 1564  18768 2.049658374212164e-06 5.3e+02 3.70e-02  1e-03  2e-02 22:40.9
 1600  19200 1.800138608527337e-06 4.0e+02 4.99e-02  2e-03  2e-02 23:11.9
 1667  20004 1.257129932500546e-06 3.5e+02 4.83e-02  1e-03  2e-02 24:09.7
 1700  20400 1.159299732570335e-06 3.5e+02 2.53e-02  7e-04  1e-02 24:38.2
 1769  21228 1.030338293970732e-06 4.2e+02 3.20e-02  7e-04  1e-02 25:37.6
 1800  21600 9.693751376394056e-07 5.7e+02 3.43e-02  7e-04  1e-02 26:04.3
 1871  22452 8.847302587134485e-07 4.7e+02 3.03e-02  5e-04  9e-03 27:05.5
 1900  22800 8.728731498224186e-07 4.4e+02 1.24e-02  2e-04  3e-03 27:30.5
 1974  23688 8.634759390410373e-07 6.4e+02 2.71e-02  4e-04  9e-03 28:34.1
 2000  24000 8.560200698591355e-07 6.4e+02 2.02e-02  3e-04  6e-03 28:56.4
Iterat #Fevals   function value  axis ratio  sigma  min&max std  t[m:s]
 2076  24912 8.379772959178606e-07 5.4e+02 3.02e-02  3e-04  7e-03 30:01.5
 2100  25200 8.336517792109241e-07 5.6e+02 2.29e-02  2e-04  5e-03 30:22.1
 2179  26148 8.263243768385612e-07 9.1e+02 2.53e-02  2e-04  6e-03 31:29.7
 2200  26400 8.251881053068934e-07 9.1e+02 2.20e-02  2e-04  5e-03 31:47.8
 2281  27372 8.204392387720681e-07 1.2e+03 1.04e-02  6e-05  3e-03 32:57.1
 2300  27600 8.198942961260006e-07 1.5e+03 1.38e-02  8e-05  4e-03 33:13.4
 2383  28596 8.167822042436355e-07 1.4e+03 1.71e-02  1e-04  4e-03 34:24.5
 2400  28800 8.165350609248223e-07 1.5e+03 1.80e-02  1e-04  4e-03 34:39.0
 2486  29832 8.156434910864225e-07 3.4e+03 1.43e-02  6e-05  6e-03 35:52.7
 2500  30000 8.155710929648579e-07 3.5e+03 1.42e-02  6e-05  6e-03 36:04.7
 2588  31056 8.151161357381502e-07 5.0e+03 8.37e-03  3e-05  4e-03 37:20.1
 2600  31200 8.151052657690805e-07 5.0e+03 9.59e-03  3e-05  4e-03 37:30.4
 2690  32280 8.149934793825600e-07 6.2e+03 3.52e-03  8e-06  2e-03 38:47.5
 2700  32400 8.149916766140608e-07 6.3e+03 2.86e-03  7e-06  1e-03 38:56.0
 2726  32712 8.149890240556185e-07 1.0e+04 2.92e-03  6e-06  2e-03 39:18.3
termination on tolfun=1e-11 (Wed Nov 25 17:28:45 2020)
final/bestever f-value = 8.149889e-07 8.149889e-07
incumbent solution: [ 0.21716728  1.3056071  -0.07742391  0.0376795   0.26663571 -7.65833071
  2.86435548 -4.95103853 ...]
std deviations: [6.90523594e-05 1.78711626e-03 1.01035184e-04 6.78208502e-05
 1.82123860e-03 7.95041627e-05 3.06594475e-05 1.46324182e-04 ...]
cma
(6_w,12)-aCMA-ES (mu_w=3.7,w_1=40%) in dimension 17 (seed=448463, Wed Nov 25 17:28:45 2020)
Iterat #Fevals   function value  axis ratio  sigma  min&max std  t[m:s]
    1     12 6.411811925628543e-01 1.0e+00 9.73e-01  1e+00  1e+00 0:00.9
    2     24 5.274736536055716e-01 1.2e+00 9.34e-01  9e-01  1e+00 0:01.7
    3     36 4.739263521924851e-01 1.2e+00 9.03e-01  9e-01  9e-01 0:02.6
    7     84 7.676907238729554e-01 1.2e+00 8.01e-01  8e-01  8e-01 0:06.0
   12    144 2.857998912350007e-01 1.3e+00 7.08e-01  7e-01  7e-01 0:10.3
   18    216 1.472926219763168e-01 1.6e+00 6.78e-01  6e-01  7e-01 0:15.4
   26    312 1.895656016978794e-01 1.7e+00 6.57e-01  6e-01  7e-01 0:22.2
   35    420 8.770551256631404e-02 1.9e+00 4.24e-01  4e-01  4e-01 0:29.9
   45    540 9.997340340800903e-02 2.0e+00 3.67e-01  3e-01  4e-01 0:38.5
   56    672 3.703362398514456e-02 2.4e+00 3.17e-01  3e-01  3e-01 0:47.9
   68    816 3.956047349079240e-02 2.8e+00 1.93e-01  2e-01  2e-01 0:58.2
   81    972 1.601793583061912e-03 3.3e+00 1.23e-01  1e-01  1e-01 1:09.3
   96   1152 1.131193390534758e-03 4.0e+00 7.26e-02  5e-02  8e-02 1:22.1
  100   1200 1.166790279209820e-03 4.1e+00 7.34e-02  5e-02  9e-02 1:25.6
  117   1404 9.747333175310258e-04 5.2e+00 5.93e-02  4e-02  8e-02 1:40.1
  135   1620 7.586056982853899e-04 7.0e+00 2.95e-02  2e-02  4e-02 1:55.5
  154   1848 5.940826220940934e-04 8.4e+00 3.68e-02  3e-02  5e-02 2:11.8
  174   2088 4.480956960762100e-04 1.1e+01 5.60e-02  4e-02  7e-02 2:28.9
  196   2352 2.704540350945913e-04 1.4e+01 3.44e-02  2e-02  4e-02 2:47.7
  200   2400 2.199148675158650e-04 1.4e+01 3.27e-02  2e-02  4e-02 2:51.1
  224   2688 1.323658742081095e-04 2.0e+01 3.68e-02  2e-02  5e-02 3:11.6
  249   2988 6.520692845796939e-05 2.4e+01 2.64e-02  2e-02  4e-02 3:33.0
  275   3300 5.554012360663646e-05 2.6e+01 1.66e-02  1e-02  2e-02 3:55.2
  300   3600 5.358765867631570e-05 2.9e+01 6.27e-03  3e-03  8e-03 4:16.7
  329   3948 5.334443704624954e-05 3.6e+01 1.65e-03  7e-04  2e-03 4:41.5
  359   4308 5.302249927804658e-05 5.7e+01 3.96e-03  2e-03  6e-03 5:07.2
  390   4680 5.222692514053959e-05 1.2e+02 7.18e-03  3e-03  2e-02 5:33.8
  400   4800 5.197367637494823e-05 1.2e+02 4.39e-03  1e-03  9e-03 5:42.3
  433   5196 5.168565679375229e-05 1.7e+02 4.03e-03  1e-03  1e-02 6:10.5
  467   5604 5.151101643286552e-05 2.2e+02 2.24e-03  5e-04  7e-03 6:39.7
  500   6000 5.147038303735947e-05 2.8e+02 2.09e-03  4e-04  7e-03 7:07.9
  537   6444 5.145704319690383e-05 2.6e+02 7.96e-04  1e-04  2e-03 7:39.6
  575   6900 5.143056914256763e-05 2.9e+02 2.05e-03  3e-04  5e-03 8:12.1
  600   7200 5.127655879653531e-05 3.9e+02 6.17e-03  9e-04  2e-02 8:33.5
  640   7680 5.099316940568981e-05 4.3e+02 4.56e-03  6e-04  1e-02 9:07.7
  681   8172 5.052631583166073e-05 4.9e+02 6.40e-03  8e-04  2e-02 9:42.8
  700   8400 5.033072296407161e-05 5.4e+02 9.85e-03  1e-03  3e-02 9:59.1
  744   8928 4.723525250415483e-05 6.1e+02 2.11e-02  2e-03  8e-02 10:36.8
  789   9468 4.323463402484276e-05 4.4e+02 2.29e-02  2e-03  7e-02 11:15.3
  800   9600 4.159173064175398e-05 4.3e+02 2.63e-02  2e-03  8e-02 11:24.7
  847  10164 3.597394483940737e-05 4.0e+02 2.73e-02  2e-03  7e-02 12:05.0
  895  10740 3.098058420540076e-05 2.7e+02 2.21e-02  2e-03  4e-02 12:46.1
  900  10800 3.034682248890247e-05 2.7e+02 1.78e-02  1e-03  3e-02 12:50.3
  951  11412 2.314330484666662e-05 2.9e+02 3.70e-02  3e-03  7e-02 13:34.0
 1000  12000 1.371168928131207e-05 3.1e+02 2.79e-02  2e-03  5e-02 14:15.8
Iterat #Fevals   function value  axis ratio  sigma  min&max std  t[m:s]
 1053  12636 6.556257124820714e-06 3.4e+02 2.63e-02  2e-03  5e-02 15:01.0
 1100  13200 2.562452770896021e-06 4.4e+02 2.48e-02  3e-03  5e-02 15:41.0
 1156  13872 9.730458557525211e-07 5.6e+02 1.57e-02  2e-03  4e-02 16:28.8
 1200  14400 6.690442813912174e-07 5.0e+02 8.60e-03  1e-03  2e-02 17:06.3
 1258  15096 5.717045354649921e-07 4.5e+02 7.36e-03  6e-04  1e-02 17:55.8
 1300  15600 5.164370900666736e-07 4.3e+02 5.84e-03  5e-04  9e-03 18:31.6
 1360  16320 4.810528485660356e-07 4.3e+02 4.75e-03  3e-04  6e-03 19:22.8
 1400  16800 4.775581794778910e-07 4.7e+02 3.43e-03  2e-04  3e-03 19:56.8
 1463  17556 4.547989779699796e-07 4.8e+02 1.50e-02  8e-04  1e-02 20:50.6
 1500  18000 4.370172274971370e-07 4.7e+02 1.06e-02  4e-04  7e-03 21:22.2
 1565  18780 4.230765708872804e-07 6.0e+02 1.01e-02  3e-04  6e-03 22:17.6
 1600  19200 4.185996874646069e-07 7.7e+02 8.24e-03  2e-04  5e-03 22:47.5
 1667  20004 4.169246030739537e-07 9.6e+02 2.59e-03  6e-05  1e-03 23:44.5
 1700  20400 4.168684456818459e-07 1.0e+03 8.02e-04  2e-05  4e-04 24:12.7
 1770  21240 4.166819825517633e-07 1.3e+03 3.77e-03  9e-05  2e-03 25:12.3
 1800  21600 4.164715159609784e-07 2.1e+03 4.86e-03  1e-04  4e-03 25:37.9
 1872  22464 4.160366949628942e-07 3.0e+03 4.41e-03  1e-04  5e-03 26:39.2
 1900  22800 4.158724558308676e-07 3.4e+03 8.53e-03  2e-04  1e-02 27:03.1
 1974  23688 4.104093949112463e-07 3.2e+03 3.04e-02  4e-04  3e-02 28:06.2
 2000  24000 4.095187194221633e-07 2.9e+03 2.17e-02  3e-04  2e-02 28:28.4
Iterat #Fevals   function value  axis ratio  sigma  min&max std  t[m:s]
 2077  24924 4.020985770115284e-07 2.9e+03 5.20e-02  8e-04  4e-02 29:34.0
 2100  25200 3.975793687678363e-07 2.9e+03 5.16e-02  8e-04  3e-02 29:53.5
 2179  26148 3.550305313616659e-07 1.8e+03 9.17e-02  1e-03  3e-02 31:00.9
 2200  26400 3.255459476763414e-07 1.9e+03 1.04e-01  1e-03  4e-02 31:18.8
 2281  27372 2.233033075196220e-07 2.0e+03 8.94e-02  1e-03  3e-02 32:27.8
 2300  27600 2.021551878349789e-07 2.6e+03 1.59e-01  2e-03  7e-02 32:44.1
 2384  28608 1.243927794582982e-07 2.5e+03 1.86e-01  2e-03  9e-02 33:55.7
 2400  28800 1.122123467246805e-07 2.6e+03 1.36e-01  1e-03  6e-02 34:09.3
 2487  29844 6.776505419008021e-08 3.6e+03 7.96e-02  5e-04  5e-02 35:22.6
 2500  30000 6.181400121820652e-08 3.7e+03 1.49e-01  9e-04  8e-02 35:33.3
 2591  31092 4.371389940481481e-08 2.8e+03 1.38e-01  5e-04  5e-02 36:48.5
 2600  31200 4.289554514456154e-08 2.7e+03 1.82e-01  6e-04  7e-02 36:55.9
 2694  32328 3.661150825762185e-08 2.6e+03 1.40e-02  4e-05  4e-03 38:13.5
 2700  32400 3.660694522673429e-08 2.6e+03 1.25e-02  3e-05  3e-03 38:18.5
 2753  33036 3.660076813293668e-08 2.7e+03 9.13e-04  2e-06  2e-04 39:02.3
/home/adrianps/Universal-Approximator/qibo_sim/classes/ApproximantNN.py:437: RuntimeWarning: More than 20 figures have been opened. Figures created through the pyplot interface (`matplotlib.pyplot.figure`) are retained until explicitly closed and may consume too much memory. (To control this warning, see the rcParam `figure.max_open_warning`).
  fig, axs = plt.subplots()
/home/adrianps/Universal-Approximator/qibo_sim/classes/ApproximantNN.py:452: RuntimeWarning: More than 20 figures have been opened. Figures created through the pyplot interface (`matplotlib.pyplot.figure`) are retained until explicitly closed and may consume too much memory. (To control this warning, see the rcParam `figure.max_open_warning`).
  fig, axs = plt.subplots()
/home/adrianps/Universal-Approximator/qibo_sim/classes/ApproximantNN.py:437: RuntimeWarning: More than 20 figures have been opened. Figures created through the pyplot interface (`matplotlib.pyplot.figure`) are retained until explicitly closed and may consume too much memory. (To control this warning, see the rcParam `figure.max_open_warning`).
  fig, axs = plt.subplots()
/home/adrianps/Universal-Approximator/qibo_sim/classes/ApproximantNN.py:452: RuntimeWarning: More than 20 figures have been opened. Figures created through the pyplot interface (`matplotlib.pyplot.figure`) are retained until explicitly closed and may consume too much memory. (To control this warning, see the rcParam `figure.max_open_warning`).
  fig, axs = plt.subplots()
termination on tolfun=1e-11 (Wed Nov 25 18:07:52 2020)
final/bestever f-value = 3.660077e-08 3.660077e-08
incumbent solution: [ 4.20995441e+00  2.13498791e-05  1.12482759e+00  9.67797244e-01
  4.15409640e+00 -2.31284939e+00  2.07216464e-01 -3.28220774e-04 ...]
std deviations: [1.14410378e-05 7.04982183e-06 6.84502465e-06 2.25262278e-05
 5.41862386e-05 8.08118620e-06 1.55192405e-05 9.65337162e-05 ...]
