cma
(3_w,6)-aCMA-ES (mu_w=2.0,w_1=63%) in dimension 2 (seed=534984, Fri Nov 27 15:27:04 2020)
Iterat #Fevals   function value  axis ratio  sigma  min&max std  t[m:s]
    1      6 1.066632874083582e+00 1.0e+00 9.87e-01  8e-01  1e+00 0:00.3
    2     12 6.562377450178916e-01 1.3e+00 1.08e+00  9e-01  1e+00 0:00.5
    3     18 3.292589355908707e-01 1.7e+00 1.31e+00  1e+00  2e+00 0:00.8
   15     90 3.304186520700543e-01 2.9e+00 3.79e-01  1e-01  3e-01 0:04.1
   30    180 3.262276376817126e-01 2.9e+00 9.47e-02  8e-03  2e-02 0:08.2
   49    294 3.262058661918447e-01 1.6e+00 1.79e-02  4e-04  7e-04 0:13.3
   72    432 3.262058172826884e-01 1.8e+00 5.30e-04  2e-06  3e-06 0:19.6
   85    510 3.262058172819411e-01 2.6e+00 1.20e-04  1e-07  2e-07 0:23.2
termination on tolfun=1e-11 (Fri Nov 27 15:27:27 2020)
final/bestever f-value = 3.262058e-01 3.262058e-01
incumbent solution: [-3.1415926125213898, -2.501064711359634]
std deviation: [1.0516554068677207e-07, 2.180955492469888e-07]
cma
(3_w,6)-aCMA-ES (mu_w=2.0,w_1=63%) in dimension 2 (seed=647032, Fri Nov 27 15:27:27 2020)
Iterat #Fevals   function value  axis ratio  sigma  min&max std  t[m:s]
    1      6 4.054332651685318e-01 1.0e+00 8.72e-01  8e-01  9e-01 0:00.3
    2     12 5.329949860929254e-01 1.4e+00 1.04e+00  1e+00  1e+00 0:00.5
    3     18 3.450746030058482e-01 1.5e+00 1.17e+00  1e+00  1e+00 0:00.8
   15     90 3.304207023277873e-01 2.7e+00 2.62e-01  6e-02  1e-01 0:04.1
   30    180 3.301853131800318e-01 3.4e+00 2.70e-02  1e-03  4e-03 0:08.2
   49    294 3.301851859503437e-01 3.1e+00 4.40e-03  5e-05  1e-04 0:13.3
   72    432 3.301851853306826e-01 2.9e+00 1.16e-04  2e-07  4e-07 0:19.6
   77    462 3.301851853306646e-01 2.3e+00 6.53e-05  7e-08  2e-07 0:20.9
termination on tolfun=1e-11 (Fri Nov 27 15:27:49 2020)
final/bestever f-value = 3.301852e-01 3.297677e-01
incumbent solution: [1.9076531506758946e-08, 1.3238619895773684]
std deviation: [6.796942515123949e-08, 1.5450055047503508e-07]
cma
(4_w,8)-aCMA-ES (mu_w=2.6,w_1=52%) in dimension 5 (seed=598670, Fri Nov 27 15:27:49 2020)
Iterat #Fevals   function value  axis ratio  sigma  min&max std  t[m:s]
    1      8 1.061639534608780e+00 1.0e+00 9.37e-01  9e-01  1e+00 0:00.4
    2     16 7.454663674253821e-01 1.3e+00 9.62e-01  9e-01  1e+00 0:00.9
    3     24 7.007001770262274e-01 1.5e+00 8.80e-01  8e-01  1e+00 0:01.3
   10     80 2.292657026079975e-01 2.8e+00 5.07e-01  4e-01  6e-01 0:04.3
   20    160 1.813152031361345e-01 4.0e+00 2.79e-01  2e-01  3e-01 0:08.7
   32    256 1.686685132090691e-01 5.6e+00 1.94e-01  6e-02  2e-01 0:13.9
   46    368 1.556328554189592e-01 8.6e+00 1.46e-01  3e-02  2e-01 0:20.0
   63    504 1.540347227436409e-01 1.1e+01 4.92e-02  7e-03  4e-02 0:27.4
   82    656 1.539501204465013e-01 9.7e+00 7.43e-03  8e-04  3e-03 0:35.6
  100    800 1.539493236933752e-01 9.0e+00 1.21e-03  7e-05  3e-04 0:43.5
  123    984 1.539493187959948e-01 1.0e+01 9.87e-05  3e-06  1e-05 0:53.5
  149   1192 1.539493187898020e-01 7.5e+00 9.98e-06  1e-07  5e-07 1:04.8
  150   1200 1.539493187898088e-01 7.2e+00 8.37e-06  1e-07  4e-07 1:05.2
termination on tolfun=1e-11 (Fri Nov 27 15:28:54 2020)
final/bestever f-value = 1.539493e-01 1.539493e-01
incumbent solution: [1.570796474605586, 2.877720411791052, -0.6774132334839887, -1.5707964785050235, -1.4106379179649347]
std deviation: [1.2267942621246394e-07, 4.0306346350664315e-07, 1.192994509443257e-07, 1.4090362970575408e-07, 3.059352886042152e-07]
cma
(4_w,8)-aCMA-ES (mu_w=2.6,w_1=52%) in dimension 5 (seed=587713, Fri Nov 27 15:28:55 2020)
Iterat #Fevals   function value  axis ratio  sigma  min&max std  t[m:s]
    1      8 8.400695558030714e-01 1.0e+00 9.62e-01  9e-01  1e+00 0:00.4
    2     16 1.318990966719163e+00 1.3e+00 9.39e-01  9e-01  1e+00 0:00.8
    3     24 5.551263741451302e-01 1.5e+00 1.11e+00  1e+00  1e+00 0:01.3
   10     80 7.291158757246368e-01 2.3e+00 1.15e+00  1e+00  1e+00 0:04.3
   20    160 2.910970900668652e-01 3.6e+00 8.52e-01  7e-01  9e-01 0:08.7
   32    256 1.643769467370395e-01 3.3e+00 5.18e-01  2e-01  5e-01 0:13.9
   46    368 1.593880770704594e-01 6.2e+00 1.95e-01  6e-02  2e-01 0:20.0
   63    504 1.533900944137010e-01 1.1e+01 1.05e-01  2e-02  9e-02 0:27.3
   82    656 1.531869471158477e-01 1.1e+01 1.54e-02  2e-03  9e-03 0:35.6
  100    800 1.531804430567368e-01 8.8e+00 5.55e-03  3e-04  2e-03 0:43.4
  124    992 1.531803858635848e-01 6.3e+00 6.09e-04  2e-05  8e-05 0:53.8
  150   1200 1.531803851476991e-01 6.2e+00 9.09e-05  1e-06  6e-06 1:05.1
  170   1360 1.531803851446381e-01 7.0e+00 1.75e-05  2e-07  6e-07 1:13.7
termination on tolfun=1e-11 (Fri Nov 27 15:30:09 2020)
final/bestever f-value = 1.531804e-01 1.531804e-01
incumbent solution: [1.570796317074506, -4.155480236649514, 3.764978369001083, 1.5707963969764984, -1.9988787654966607]
std deviation: [2.9608330777331437e-07, 6.14907423879907e-07, 1.5045844708773217e-07, 3.420663088767114e-07, 5.676319925087922e-07]
cma
(5_w,10)-aCMA-ES (mu_w=3.2,w_1=45%) in dimension 8 (seed=652456, Fri Nov 27 15:30:09 2020)
Iterat #Fevals   function value  axis ratio  sigma  min&max std  t[m:s]
    1     10 5.489511336018008e-01 1.0e+00 9.07e-01  9e-01  9e-01 0:00.6
    2     20 4.974232891840456e-01 1.3e+00 9.29e-01  9e-01  1e+00 0:01.3
    3     30 4.232885347240747e-01 1.4e+00 9.27e-01  9e-01  1e+00 0:01.9
    8     80 5.982142813880994e-01 1.7e+00 1.01e+00  8e-01  1e+00 0:05.0
   15    150 3.158595730667745e-01 1.8e+00 6.21e-01  5e-01  6e-01 0:09.5
   23    230 2.303248940877231e-01 2.1e+00 4.31e-01  3e-01  4e-01 0:14.5
   33    330 1.698371905704571e-01 3.3e+00 3.12e-01  2e-01  3e-01 0:20.8
   45    450 1.675961788983040e-01 4.1e+00 2.02e-01  1e-01  2e-01 0:28.4
   58    580 1.544251494636074e-01 5.9e+00 8.64e-02  4e-02  7e-02 0:36.6
   73    730 1.538868279864787e-01 1.1e+01 4.26e-02  2e-02  4e-02 0:46.1
   89    890 1.523266771120098e-01 1.9e+01 1.06e-01  6e-02  1e-01 0:56.2
  100   1000 1.503028680466980e-01 1.3e+01 1.37e-01  7e-02  1e-01 1:03.1
  120   1200 1.016784478090165e-01 1.6e+01 5.16e-01  1e-01  5e-01 1:15.6
  141   1410 7.547451066617451e-02 1.3e+01 2.89e-01  4e-02  2e-01 1:28.7
  164   1640 7.174884111280276e-02 1.3e+01 7.52e-02  8e-03  4e-02 1:43.1
  188   1880 7.166497251714593e-02 1.9e+01 1.10e-02  9e-04  6e-03 1:58.2
  200   2000 7.166410233613200e-02 2.5e+01 4.40e-03  3e-04  2e-03 2:05.7
  228   2280 7.166399394649986e-02 5.8e+01 5.76e-04  3e-05  4e-04 2:23.1
  257   2570 7.166399288069780e-02 8.9e+01 7.17e-05  2e-06  5e-05 2:41.2
  287   2870 7.166399287826566e-02 1.5e+02 9.14e-06  2e-07  7e-06 2:59.9
termination on tolfun=1e-11 (Fri Nov 27 15:33:10 2020)
final/bestever f-value = 7.166399e-02 7.166399e-02
incumbent solution: [1.166784716697812, 3.4391671051058283e-07, -0.5712206437612267, 0.47019642686019575, -4.296661404986043, -0.8877879323597824, 1.5707964016173404, 3.202770347186106]
std deviation: [5.569255559777783e-06, 5.547611631383822e-07, 1.53431189515539e-06, 6.6061430964514235e-06, 7.177310747039041e-07, 2.0954292367003914e-07, 1.7036963280896673e-07, 2.841986956371723e-07]
cma
(5_w,10)-aCMA-ES (mu_w=3.2,w_1=45%) in dimension 8 (seed=543336, Fri Nov 27 15:33:10 2020)
Iterat #Fevals   function value  axis ratio  sigma  min&max std  t[m:s]
    1     10 8.622236919256560e-01 1.0e+00 8.56e-01  8e-01  9e-01 0:00.6
    2     20 8.479879755062419e-01 1.2e+00 8.60e-01  7e-01  9e-01 0:01.2
    3     30 6.477344712965800e-01 1.4e+00 7.46e-01  6e-01  8e-01 0:01.9
    8     80 4.038048035799549e-01 1.7e+00 8.47e-01  7e-01  9e-01 0:05.0
   15    150 5.334953905582211e-01 2.2e+00 5.92e-01  4e-01  8e-01 0:09.4
   23    230 2.011267335591659e-01 2.8e+00 3.46e-01  2e-01  4e-01 0:14.4
   33    330 1.992827186269318e-01 3.3e+00 1.69e-01  1e-01  2e-01 0:20.7
   45    450 1.915027371714406e-01 4.3e+00 1.37e-01  7e-02  1e-01 0:28.2
   58    580 1.788122160724779e-01 6.2e+00 9.02e-02  3e-02  1e-01 0:36.3
   73    730 1.705830763839975e-01 7.5e+00 1.02e-01  2e-02  1e-01 0:45.6
   90    900 1.652688042402895e-01 9.1e+00 5.04e-02  9e-03  5e-02 0:56.2
  100   1000 1.644143052992129e-01 9.4e+00 4.49e-02  8e-03  5e-02 1:02.5
  120   1200 1.632829692265892e-01 9.8e+00 3.02e-02  5e-03  3e-02 1:15.1
  141   1410 1.628717507189614e-01 1.9e+01 2.75e-02  4e-03  3e-02 1:28.3
  164   1640 1.628551260390790e-01 2.0e+01 6.32e-03  7e-04  7e-03 1:42.7
  188   1880 1.628546409141905e-01 2.5e+01 9.93e-04  7e-05  9e-04 1:57.8
  200   2000 1.628546282834644e-01 2.3e+01 3.80e-04  3e-05  3e-04 2:05.3
  228   2280 1.628546259841792e-01 2.7e+01 3.44e-05  2e-06  2e-05 2:22.8
  257   2570 1.628546259804744e-01 2.9e+01 2.12e-06  6e-08  7e-07 2:40.9
  261   2610 1.628546259804687e-01 2.9e+01 1.48e-06  4e-08  4e-07 2:43.4
termination on tolfun=1e-11 (Fri Nov 27 15:35:54 2020)
final/bestever f-value = 1.628546e-01 1.628546e-01
incumbent solution: [1.5707963525619266, -0.22944233403522515, 1.9726815404998996, 3.1415927763426335, 3.400325884463003, -1.7871196283974917, 1.5707963355784706, -2.41413875710594]
std deviation: [9.434663445524172e-08, 2.4032158356481496e-07, 4.621147054463084e-08, 2.307196436767787e-07, 4.466064303622755e-07, 4.7621116897924405e-08, 3.5321576032540307e-08, 9.599215415525691e-08]
cma
(5_w,11)-aCMA-ES (mu_w=3.4,w_1=42%) in dimension 11 (seed=606842, Fri Nov 27 15:35:54 2020)
Iterat #Fevals   function value  axis ratio  sigma  min&max std  t[m:s]
    1     11 7.904588753093015e-01 1.0e+00 8.86e-01  9e-01  9e-01 0:00.8
    2     22 5.111220896940214e-01 1.1e+00 8.57e-01  8e-01  9e-01 0:01.6
    3     33 3.945872113407128e-01 1.2e+00 7.93e-01  7e-01  8e-01 0:02.4
    7     77 4.553003014826441e-01 1.4e+00 6.91e-01  6e-01  7e-01 0:05.5
   13    143 4.166891891858012e-01 1.6e+00 5.50e-01  5e-01  6e-01 0:10.3
   20    220 4.871339775892578e-01 1.7e+00 5.62e-01  5e-01  6e-01 0:15.8
   28    308 2.920706048874319e-01 1.9e+00 2.88e-01  2e-01  3e-01 0:22.1
   37    407 2.255490771245344e-01 2.6e+00 2.63e-01  2e-01  3e-01 0:29.1
   48    528 1.769122405742359e-01 3.7e+00 4.05e-01  3e-01  5e-01 0:37.8
   60    660 1.800383417334816e-01 3.6e+00 3.69e-01  2e-01  4e-01 0:47.2
   73    803 1.205826434679723e-01 4.2e+00 2.41e-01  1e-01  2e-01 0:57.5
   87    957 1.122583935970528e-01 5.6e+00 1.55e-01  8e-02  2e-01 1:08.5
  100   1100 1.069103705129607e-01 6.4e+00 7.85e-02  4e-02  8e-02 1:18.7
  117   1287 1.040733577450390e-01 6.1e+00 6.46e-02  3e-02  6e-02 1:32.1
  135   1485 1.026844408859730e-01 8.8e+00 4.13e-02  2e-02  4e-02 1:46.3
  155   1705 1.020086577671547e-01 1.2e+01 3.09e-02  1e-02  3e-02 2:02.0
  176   1936 1.017173541348509e-01 1.9e+01 2.86e-02  9e-03  3e-02 2:18.5
  198   2178 1.016273893106595e-01 2.1e+01 1.34e-02  3e-03  2e-02 2:35.8
  200   2200 1.016277546130432e-01 2.1e+01 1.41e-02  3e-03  2e-02 2:37.4
  225   2475 1.014864025989551e-01 2.4e+01 3.47e-02  6e-03  4e-02 2:57.1
  251   2761 1.006475766973538e-01 3.0e+01 6.61e-02  1e-02  7e-02 3:17.5
  278   3058 9.937332353081779e-02 2.8e+01 7.05e-02  1e-02  6e-02 3:38.8
  300   3300 9.742564074692096e-02 2.4e+01 7.93e-02  2e-02  6e-02 3:56.1
  330   3630 8.116103771111814e-02 1.7e+01 2.50e-01  5e-02  1e-01 4:19.7
  361   3971 7.046740517910803e-02 1.2e+01 1.23e-01  2e-02  5e-02 4:44.1
  393   4323 6.870190627328020e-02 1.1e+01 8.72e-02  1e-02  3e-02 5:09.3
  400   4400 6.836904937632289e-02 1.0e+01 7.96e-02  9e-03  2e-02 5:14.8
  435   4785 6.659517964144898e-02 1.7e+01 1.62e-01  1e-02  6e-02 5:42.3
  471   5181 6.614948240219899e-02 1.9e+01 9.57e-02  6e-03  3e-02 6:10.6
  500   5500 6.578786499970214e-02 2.1e+01 8.23e-02  4e-03  2e-02 6:33.4
  539   5929 6.572540817047480e-02 2.6e+01 1.79e-02  8e-04  5e-03 7:03.9
  579   6369 6.572444507614440e-02 2.8e+01 1.23e-03  4e-05  3e-04 7:35.4
  600   6600 6.572444426024178e-02 2.9e+01 3.28e-04  9e-06  6e-05 7:51.9
  642   7062 6.572444410449768e-02 2.8e+01 2.48e-05  5e-07  3e-06 8:24.9
  660   7260 6.572444410418468e-02 2.8e+01 7.96e-06  1e-07  8e-07 8:39.0
termination on tolfun=1e-11 (Fri Nov 27 15:44:34 2020)
final/bestever f-value = 6.572444e-02 6.572444e-02
incumbent solution: [ 2.35184658  2.00173099 -1.54255258 -2.15153106 -3.24321007 -4.71876949
  2.97367545  2.30504434 ...]
std deviations: [1.63588245e-07 4.22281373e-07 2.16012611e-07 1.95120694e-07
 5.92064641e-07 3.48512213e-07 1.44118493e-07 7.89146377e-07 ...]
cma
(5_w,11)-aCMA-ES (mu_w=3.4,w_1=42%) in dimension 11 (seed=538137, Fri Nov 27 15:44:35 2020)
Iterat #Fevals   function value  axis ratio  sigma  min&max std  t[m:s]
    1     11 6.386333934840426e-01 1.0e+00 9.02e-01  9e-01  9e-01 0:00.8
    2     22 6.506161798142219e-01 1.1e+00 8.65e-01  8e-01  9e-01 0:01.5
    3     33 7.657369517853451e-01 1.2e+00 9.20e-01  9e-01  1e+00 0:02.3
    7     77 4.501954152683110e-01 1.5e+00 8.29e-01  8e-01  9e-01 0:05.4
   13    143 7.236193928306544e-01 1.7e+00 1.15e+00  1e+00  1e+00 0:10.1
   20    220 7.271618505417905e-01 2.2e+00 1.14e+00  1e+00  1e+00 0:15.5
   28    308 5.010208603645330e-01 2.7e+00 1.25e+00  1e+00  2e+00 0:21.8
   38    418 2.490126344854785e-01 3.1e+00 1.12e+00  9e-01  2e+00 0:29.5
   49    539 6.565102632938044e-01 4.5e+00 1.30e+00  1e+00  2e+00 0:38.0
   61    671 6.999277331185829e-01 5.2e+00 1.18e+00  1e+00  2e+00 0:47.2
   74    814 4.533806026484944e-01 5.6e+00 6.60e-01  5e-01  9e-01 0:57.3
   89    979 4.440191792328946e-01 6.1e+00 4.47e-01  3e-01  6e-01 1:08.9
  100   1100 3.947052274805918e-01 5.7e+00 4.57e-01  3e-01  5e-01 1:17.4
  117   1287 2.013034831466294e-01 5.3e+00 3.53e-01  2e-01  3e-01 1:30.5
  136   1496 1.532711864796723e-01 5.1e+00 3.47e-01  2e-01  3e-01 1:45.1
  156   1716 1.195547871466970e-01 4.9e+00 1.49e-01  7e-02  1e-01 2:00.6
  177   1947 1.018575612877666e-01 6.3e+00 9.61e-02  4e-02  7e-02 2:16.8
  200   2200 8.961935813591522e-02 7.2e+00 9.41e-02  4e-02  7e-02 2:34.5
  224   2464 8.800497315334284e-02 8.1e+00 3.74e-02  9e-03  3e-02 2:53.0
  249   2739 8.787265717040593e-02 1.1e+01 1.95e-02  4e-03  1e-02 3:12.3
  275   3025 8.771445450381712e-02 2.3e+01 2.13e-02  4e-03  2e-02 3:32.4
  300   3300 8.744436065188139e-02 5.0e+01 5.56e-02  9e-03  1e-01 3:51.6
  329   3619 8.521757623975451e-02 4.0e+01 1.14e-01  1e-02  1e-01 4:14.0
  359   3949 6.726280679285765e-02 2.2e+01 1.87e-01  2e-02  2e-01 4:37.2
  391   4301 6.581314328473165e-02 1.6e+01 6.28e-02  5e-03  4e-02 5:01.8
  400   4400 6.565728702062595e-02 1.7e+01 8.64e-02  6e-03  5e-02 5:08.8
  434   4774 6.509214287950144e-02 1.5e+01 7.14e-02  6e-03  3e-02 5:35.0
  470   5170 6.499267783147868e-02 2.0e+01 1.77e-02  2e-03  8e-03 6:02.7
  500   5500 6.499037264738836e-02 2.2e+01 2.99e-03  2e-04  1e-03 6:25.8
  538   5918 6.499033519006454e-02 2.3e+01 2.19e-04  1e-05  6e-05 6:55.1
  577   6347 6.499033506270448e-02 2.4e+01 1.51e-05  6e-07  3e-06 7:25.2
  599   6589 6.499033506223099e-02 2.3e+01 2.89e-06  1e-07  5e-07 7:42.1
termination on tolfun=1e-11 (Fri Nov 27 15:52:17 2020)
final/bestever f-value = 6.499034e-02 6.499034e-02
incumbent solution: [ 0.30696196 -1.60115385  5.27695545  1.6522968  -3.50849064  1.75425852
  0.27635493  2.76481699 ...]
std deviations: [9.93162619e-08 2.66520635e-07 1.16413013e-07 1.40516580e-07
 4.82949749e-07 1.08424219e-07 1.28079707e-07 4.50096305e-07 ...]
cma
(5_w,11)-aCMA-ES (mu_w=3.4,w_1=42%) in dimension 14 (seed=573417, Fri Nov 27 15:52:18 2020)
Iterat #Fevals   function value  axis ratio  sigma  min&max std  t[m:s]
    1     11 7.719314109967985e-01 1.0e+00 8.94e-01  9e-01  9e-01 0:00.9
    2     22 6.392652877360868e-01 1.1e+00 8.57e-01  8e-01  9e-01 0:01.8
    3     33 6.453389217834296e-01 1.1e+00 8.89e-01  9e-01  9e-01 0:02.6
    7     77 4.088286259995221e-01 1.4e+00 7.60e-01  7e-01  8e-01 0:06.1
   12    132 4.731871004631432e-01 1.6e+00 8.93e-01  8e-01  1e+00 0:10.5
   18    198 4.213443978019545e-01 1.7e+00 8.17e-01  7e-01  9e-01 0:15.7
   25    275 4.667044028683943e-01 1.8e+00 7.60e-01  7e-01  9e-01 0:21.8
   34    374 7.915222974466736e-01 2.5e+00 1.04e+00  9e-01  1e+00 0:29.7
   44    484 1.276981949505739e+00 3.1e+00 1.31e+00  1e+00  2e+00 0:38.5
   55    605 1.073297498393667e+00 3.0e+00 1.49e+00  1e+00  2e+00 0:48.1
   67    737 4.460249608190613e-01 3.0e+00 1.40e+00  1e+00  2e+00 0:58.6
   80    880 4.210002074577880e-01 3.1e+00 1.42e+00  1e+00  2e+00 1:10.0
   94   1034 1.020554910680229e+00 3.4e+00 1.64e+00  1e+00  2e+00 1:22.2
  100   1100 8.343979940307102e-01 3.6e+00 1.93e+00  2e+00  2e+00 1:27.5
  116   1276 7.938133377914317e-01 3.7e+00 2.15e+00  2e+00  3e+00 1:41.5
  134   1474 9.823456850462754e-01 4.3e+00 2.95e+00  2e+00  4e+00 1:57.2
  153   1683 9.088783294969319e-01 4.4e+00 2.89e+00  2e+00  4e+00 2:13.9
  173   1903 1.139990847767681e+00 5.0e+00 3.11e+00  2e+00  4e+00 2:31.4
  194   2134 9.125099030323122e-01 5.2e+00 3.16e+00  2e+00  4e+00 2:49.8
  200   2200 8.433440902443080e-01 5.5e+00 3.58e+00  3e+00  5e+00 2:55.0
  223   2453 9.779423260662701e-01 5.4e+00 3.81e+00  3e+00  5e+00 3:15.2
  247   2717 1.060167414643511e+00 6.3e+00 3.33e+00  2e+00  5e+00 3:36.2
  273   3003 1.052217390810733e+00 8.3e+00 2.58e+00  2e+00  4e+00 3:59.0
  300   3300 9.671278155454014e-01 9.1e+00 7.77e+00  5e+00  1e+01 4:22.6
  328   3608 8.977561970260767e-01 8.9e+00 5.34e+00  3e+00  7e+00 4:47.1
  357   3927 1.157851751147307e+00 1.3e+01 3.85e+00  3e+00  6e+00 5:12.5
  387   4257 1.268443224877551e+00 1.5e+01 2.27e+00  1e+00  3e+00 5:38.8
  400   4400 1.033873387198086e+00 1.4e+01 2.10e+00  1e+00  3e+00 5:50.2
  432   4752 1.162751563424988e+00 1.9e+01 2.87e+00  2e+00  5e+00 6:18.2
  466   5126 1.039311338319167e+00 2.0e+01 1.67e+00  9e-01  3e+00 6:48.0
  500   5500 8.665789544655492e-01 2.2e+01 5.68e-01  3e-01  8e-01 7:17.8
  536   5896 5.162426329738146e-01 1.4e+01 2.11e-01  9e-02  2e-01 7:49.3
  573   6303 4.024296934045933e-01 1.0e+01 1.13e-01  4e-02  7e-02 8:21.7
  600   6600 3.839198715602694e-01 8.6e+00 9.43e-02  3e-02  5e-02 8:45.4
  639   7029 3.720560075668300e-01 7.2e+00 4.38e-02  1e-02  2e-02 9:19.5
  679   7469 3.697767014597919e-01 5.4e+00 2.71e-02  5e-03  1e-02 9:54.6
  700   7700 3.692960866613003e-01 6.3e+00 2.58e-02  4e-03  1e-02 10:13.1
  743   8173 3.689873216306492e-01 7.8e+00 1.17e-02  1e-03  5e-03 10:50.9
  787   8657 3.689591613068492e-01 8.7e+00 2.88e-03  3e-04  1e-03 11:29.0
  800   8800 3.689586711071488e-01 9.2e+00 1.46e-03  2e-04  6e-04 11:40.3
  847   9317 3.689585345709206e-01 9.8e+00 7.60e-05  6e-06  2e-05 12:21.0
  895   9845 3.689585344314331e-01 1.2e+01 7.44e-06  5e-07  2e-06 13:02.6
  900   9900 3.689585344304678e-01 1.2e+01 5.12e-06  3e-07  1e-06 13:06.9
  924  10164 3.689585344299496e-01 1.2e+01 1.58e-06  8e-08  4e-07 13:27.7
termination on tolfun=1e-11 (Fri Nov 27 16:05:47 2020)
final/bestever f-value = 3.689585e-01 3.068332e-01
incumbent solution: [ 74.55334749 -22.06709061  -7.32636594   2.95193091 -85.78273584
  23.61482569 -21.15953395 -31.308765   ...]
std deviations: [1.51524587e-07 2.51053264e-07 1.16947744e-07 1.68507129e-07
 2.76368354e-07 8.22213129e-08 2.53973755e-07 4.09492113e-07 ...]
cma
(5_w,11)-aCMA-ES (mu_w=3.4,w_1=42%) in dimension 14 (seed=585485, Fri Nov 27 16:05:48 2020)
Iterat #Fevals   function value  axis ratio  sigma  min&max std  t[m:s]
    1     11 7.456265068897548e-01 1.0e+00 9.21e-01  9e-01  9e-01 0:00.9
    2     22 5.675512404812879e-01 1.1e+00 8.82e-01  9e-01  9e-01 0:01.7
    3     33 2.850948318023808e-01 1.2e+00 8.23e-01  8e-01  8e-01 0:02.6
    7     77 6.383968740228865e-01 1.3e+00 7.96e-01  7e-01  8e-01 0:06.1
   12    132 3.281044127964358e-01 1.5e+00 6.74e-01  6e-01  7e-01 0:10.4
   18    198 4.152002124007720e-01 1.6e+00 5.26e-01  5e-01  5e-01 0:15.6
   25    275 3.065177990563671e-01 1.7e+00 3.96e-01  3e-01  4e-01 0:21.6
   34    374 1.611195496154009e-01 2.2e+00 3.77e-01  3e-01  4e-01 0:29.4
   44    484 1.742448297705252e-01 2.5e+00 2.57e-01  2e-01  3e-01 0:38.1
   55    605 1.054464566155529e-01 3.0e+00 2.28e-01  2e-01  2e-01 0:47.6
   67    737 9.737915107071457e-02 3.3e+00 1.33e-01  1e-01  1e-01 0:58.0
   80    880 7.805321201504105e-02 3.4e+00 9.82e-02  7e-02  1e-01 1:09.2
   94   1034 7.494505114963068e-02 3.8e+00 5.38e-02  4e-02  6e-02 1:21.4
  100   1100 7.399507218532533e-02 4.0e+00 4.94e-02  3e-02  5e-02 1:26.6
  117   1287 7.282834713795576e-02 4.7e+00 3.41e-02  2e-02  3e-02 1:41.3
  135   1485 7.230385487031164e-02 6.4e+00 2.30e-02  1e-02  2e-02 1:56.9
  154   1694 7.125847111359172e-02 1.1e+01 2.75e-02  2e-02  4e-02 2:13.3
  174   1914 7.101709589567130e-02 1.4e+01 1.70e-02  9e-03  3e-02 2:30.6
  195   2145 7.075607358203770e-02 2.0e+01 1.64e-02  1e-02  3e-02 2:48.8
  200   2200 7.075597061676696e-02 2.0e+01 1.45e-02  9e-03  2e-02 2:53.2
  224   2464 7.063871405841399e-02 2.7e+01 1.08e-02  6e-03  2e-02 3:13.9
  249   2739 7.053343158798241e-02 4.6e+01 1.21e-02  6e-03  3e-02 3:35.6
  275   3025 7.046595704546256e-02 5.6e+01 8.35e-03  4e-03  2e-02 3:58.1
  300   3300 7.043560723285652e-02 5.6e+01 1.50e-02  7e-03  3e-02 4:19.7
  328   3608 7.041619949264491e-02 6.5e+01 1.17e-02  5e-03  2e-02 4:44.0
  357   3927 7.038428229753570e-02 6.9e+01 1.71e-02  6e-03  3e-02 5:09.1
  388   4268 7.033722354303636e-02 8.3e+01 1.78e-02  5e-03  4e-02 5:35.9
  400   4400 7.032576576107701e-02 8.4e+01 1.41e-02  4e-03  3e-02 5:46.3
  433   4763 7.031373632699819e-02 1.0e+02 5.53e-03  1e-03  1e-02 6:14.9
  467   5137 7.030919396521970e-02 1.5e+02 6.23e-03  1e-03  2e-02 6:44.4
  500   5500 7.030001332382942e-02 1.4e+02 1.27e-02  2e-03  3e-02 7:13.0
  536   5896 7.029171631642452e-02 1.6e+02 8.19e-03  1e-03  2e-02 7:44.2
  573   6303 7.029091527941266e-02 2.0e+02 3.97e-03  4e-04  7e-03 8:16.2
  600   6600 7.029015266288793e-02 2.3e+02 7.71e-03  7e-04  2e-02 8:39.6
  640   7040 7.028774200162907e-02 2.4e+02 1.40e-02  1e-03  3e-02 9:14.3
  681   7491 7.028582537373104e-02 2.2e+02 7.67e-03  6e-04  1e-02 9:49.8
  700   7700 7.028504915711029e-02 2.0e+02 1.15e-02  8e-04  2e-02 10:06.3
  743   8173 7.028387124281950e-02 2.8e+02 9.60e-03  6e-04  2e-02 10:43.6
  787   8657 7.028322466405319e-02 3.0e+02 9.48e-03  5e-04  2e-02 11:21.8
  800   8800 7.028310210681769e-02 2.8e+02 7.57e-03  4e-04  1e-02 11:33.0
  847   9317 7.028281016600811e-02 3.3e+02 5.01e-03  2e-04  7e-03 12:13.7
  895   9845 7.028259910390404e-02 3.3e+02 7.21e-03  3e-04  9e-03 12:55.2
  900   9900 7.028255459214773e-02 3.4e+02 7.31e-03  3e-04  9e-03 12:59.5
  950  10450 7.028149418563297e-02 3.2e+02 1.46e-02  4e-04  1e-02 13:42.7
 1000  11000 7.028092917047553e-02 2.9e+02 1.40e-02  4e-04  8e-03 14:26.0
Iterat #Fevals   function value  axis ratio  sigma  min&max std  t[m:s]
 1052  11572 7.028065325273207e-02 3.3e+02 3.86e-03  8e-05  2e-03 15:11.0
 1100  12100 7.028057441483031e-02 4.1e+02 9.06e-03  2e-04  4e-03 15:52.5
 1155  12705 7.028048402551919e-02 3.6e+02 9.99e-03  1e-04  5e-03 16:40.1
 1200  13200 7.028045846777327e-02 4.1e+02 5.31e-03  6e-05  3e-03 17:19.0
 1257  13827 7.028045502066770e-02 5.0e+02 7.32e-04  6e-06  4e-04 18:08.4
 1300  14300 7.028045499029691e-02 4.9e+02 1.97e-04  1e-06  8e-05 18:45.6
 1320  14520 7.028045498947755e-02 5.4e+02 8.93e-05  6e-07  3e-05 19:02.9
termination on tolfun=1e-11 (Fri Nov 27 16:24:52 2020)
final/bestever f-value = 7.028045e-02 7.028045e-02
incumbent solution: [-1.570809   -0.29642819  2.81314313  3.14157648  0.62422781  0.30034523
  3.14159697  2.16563789 ...]
std deviations: [2.21985939e-05 1.19620476e-05 8.40758303e-06 3.17372464e-05
 1.18088179e-05 8.25508013e-06 9.37168314e-06 1.47894645e-05 ...]
cma
(6_w,12)-aCMA-ES (mu_w=3.7,w_1=40%) in dimension 17 (seed=617351, Fri Nov 27 16:24:53 2020)
Iterat #Fevals   function value  axis ratio  sigma  min&max std  t[m:s]
    1     12 3.279199138816998e-01 1.0e+00 9.12e-01  9e-01  9e-01 0:01.1
    2     24 5.705108362528997e-01 1.1e+00 8.45e-01  8e-01  9e-01 0:02.1
    3     36 4.646990732040895e-01 1.1e+00 8.03e-01  8e-01  8e-01 0:03.2
    6     72 4.902652119919580e-01 1.2e+00 6.60e-01  6e-01  7e-01 0:06.4
   10    120 4.260597583582931e-01 1.3e+00 6.43e-01  6e-01  6e-01 0:10.6
   15    180 3.109598247364878e-01 1.5e+00 5.21e-01  5e-01  5e-01 0:15.9
   21    252 3.595336102228612e-01 1.6e+00 4.50e-01  4e-01  5e-01 0:22.2
   28    336 2.416172501524478e-01 1.9e+00 4.52e-01  4e-01  5e-01 0:29.6
   36    432 2.689953734987400e-01 2.0e+00 4.95e-01  4e-01  6e-01 0:38.1
   45    540 2.047012223158663e-01 2.2e+00 3.58e-01  3e-01  4e-01 0:47.6
   55    660 1.686441701072903e-01 2.3e+00 3.02e-01  2e-01  4e-01 0:58.2
   66    792 1.154778764248655e-01 2.6e+00 1.96e-01  2e-01  2e-01 1:09.8
   78    936 8.534827425037603e-02 2.8e+00 1.02e-01  7e-02  1e-01 1:22.5
   91   1092 7.330050877216356e-02 3.2e+00 8.70e-02  6e-02  1e-01 1:36.3
  100   1200 5.412645432487601e-02 3.4e+00 8.73e-02  6e-02  1e-01 1:45.8
  115   1380 4.785548449132222e-02 3.7e+00 6.16e-02  4e-02  7e-02 2:01.7
  131   1572 4.237312629424560e-02 4.1e+00 3.00e-02  2e-02  3e-02 2:18.6
  148   1776 3.802743837372480e-02 5.1e+00 3.93e-02  3e-02  4e-02 2:36.6
  166   1992 2.948344563103659e-02 6.8e+00 6.24e-02  4e-02  8e-02 2:55.6
  184   2208 2.576005993592939e-02 7.0e+00 3.61e-02  2e-02  4e-02 3:14.7
  200   2400 2.417643790840392e-02 7.5e+00 3.68e-02  2e-02  4e-02 3:31.6
  220   2640 2.324392455608683e-02 7.9e+00 2.50e-02  1e-02  3e-02 3:52.7
  241   2892 2.264743930954196e-02 9.0e+00 1.98e-02  1e-02  2e-02 4:15.0
  263   3156 2.229900581525939e-02 1.1e+01 1.30e-02  7e-03  1e-02 4:38.3
  286   3432 2.211382804176608e-02 1.2e+01 9.92e-03  5e-03  1e-02 5:02.6
  300   3600 2.204463706556890e-02 1.3e+01 1.20e-02  5e-03  1e-02 5:17.4
  325   3900 2.192981891203231e-02 2.1e+01 9.45e-03  4e-03  2e-02 5:43.8
  351   4212 2.181783069160522e-02 3.4e+01 1.35e-02  5e-03  3e-02 6:11.3
  378   4536 2.157615732535810e-02 5.5e+01 2.07e-02  8e-03  7e-02 6:39.8
  400   4800 2.122615170090924e-02 6.4e+01 1.76e-02  6e-03  7e-02 7:03.0
  429   5148 2.103603596587168e-02 6.4e+01 1.43e-02  5e-03  5e-02 7:33.7
  459   5508 2.088351727453718e-02 6.2e+01 1.49e-02  5e-03  4e-02 8:05.4
  490   5880 2.074950694428312e-02 5.7e+01 1.52e-02  5e-03  3e-02 8:38.1
  500   6000 2.070158045623930e-02 5.3e+01 1.71e-02  5e-03  4e-02 8:48.7
  533   6396 2.054296555502852e-02 4.9e+01 1.32e-02  4e-03  2e-02 9:23.6
  567   6804 2.045024155884275e-02 4.1e+01 1.20e-02  3e-03  2e-02 9:59.1
  600   7200 2.037459561739063e-02 4.3e+01 1.34e-02  4e-03  1e-02 10:33.5
  636   7632 2.030342225804277e-02 5.6e+01 1.53e-02  4e-03  2e-02 11:11.0
  673   8076 2.021205679576462e-02 6.1e+01 1.93e-02  5e-03  2e-02 11:49.5
  700   8400 2.011960028730020e-02 5.6e+01 1.90e-02  5e-03  2e-02 12:17.6
  739   8868 1.992221718081321e-02 4.7e+01 3.20e-02  8e-03  3e-02 12:58.2
  779   9348 1.980759221655142e-02 4.3e+01 1.42e-02  3e-03  1e-02 13:39.9
  800   9600 1.974592847791444e-02 4.3e+01 1.78e-02  4e-03  1e-02 14:01.8
  842  10104 1.958780928032722e-02 4.5e+01 1.93e-02  4e-03  1e-02 14:45.5
  885  10620 1.942456809856552e-02 6.5e+01 2.02e-02  4e-03  2e-02 15:30.3
  900  10800 1.937650966736135e-02 6.8e+01 2.26e-02  4e-03  2e-02 15:45.9
  945  11340 1.928610159659163e-02 6.6e+01 2.28e-02  4e-03  3e-02 16:32.7
  991  11892 1.883996506841090e-02 7.6e+01 4.24e-02  7e-03  6e-02 17:20.6
 1000  12000 1.848757844326545e-02 7.7e+01 5.08e-02  8e-03  7e-02 17:29.9
Iterat #Fevals   function value  axis ratio  sigma  min&max std  t[m:s]
 1048  12576 1.611711968505776e-02 5.5e+01 9.01e-02  1e-02  9e-02 18:19.9
 1097  13164 1.519349178247682e-02 3.2e+01 5.91e-02  6e-03  3e-02 19:10.9
 1100  13200 1.518785152297306e-02 3.1e+01 5.12e-02  5e-03  3e-02 19:14.0
 1150  13800 1.472916437810850e-02 2.3e+01 6.13e-02  5e-03  2e-02 20:06.2
 1200  14400 1.443270317333068e-02 2.3e+01 4.47e-02  3e-03  1e-02 20:58.4
 1252  15024 1.435170525889815e-02 2.4e+01 1.96e-02  1e-03  6e-03 21:52.8
 1300  15600 1.433657113496732e-02 2.8e+01 8.96e-03  4e-04  2e-03 22:42.9
 1354  16248 1.431580370997028e-02 4.9e+01 3.33e-02  1e-03  1e-02 23:39.3
 1400  16800 1.427418827749723e-02 9.5e+01 3.08e-02  1e-03  2e-02 24:27.4
 1456  17472 1.426728310918352e-02 1.2e+02 1.59e-02  5e-04  1e-02 25:25.9
 1500  18000 1.425751930956239e-02 1.9e+02 2.75e-02  8e-04  2e-02 26:11.9
 1558  18696 1.424237670091709e-02 2.3e+02 4.11e-02  1e-03  3e-02 27:12.5
 1600  19200 1.416538052837415e-02 2.1e+02 8.98e-02  2e-03  6e-02 27:56.4
 1660  19920 1.382106409045668e-02 1.0e+02 1.35e-01  3e-03  5e-02 28:59.1
 1700  20400 1.342090998998749e-02 8.1e+01 1.90e-01  4e-03  5e-02 29:40.9
 1762  21144 1.286555745104174e-02 6.1e+01 2.15e-01  5e-03  4e-02 30:45.7
 1800  21600 1.261056549832235e-02 5.3e+01 1.38e-01  3e-03  2e-02 31:25.4
 1864  22368 1.257632676113861e-02 3.7e+01 3.46e-02  7e-04  4e-03 32:32.3
 1900  22800 1.256982590821914e-02 3.3e+01 5.10e-02  1e-03  5e-03 33:10.0
 1966  23592 1.256510086779549e-02 5.3e+01 1.14e-02  2e-04  1e-03 34:18.9
 2000  24000 1.256507299821345e-02 5.3e+01 2.73e-03  4e-05  3e-04 34:54.5
Iterat #Fevals   function value  axis ratio  sigma  min&max std  t[m:s]
 2067  24804 1.256507116363288e-02 5.6e+01 9.83e-05  1e-06  8e-06 36:04.5
 2100  25200 1.256507116192157e-02 5.9e+01 1.99e-05  2e-07  2e-06 36:38.9
 2101  25212 1.256507116190677e-02 6.0e+01 1.82e-05  2e-07  1e-06 36:40.0
termination on tolfun=1e-11 (Fri Nov 27 17:01:36 2020)
final/bestever f-value = 1.256507e-02 1.256507e-02
incumbent solution: [ 1.08217985  2.36904074 -0.58321409 -1.52071881 -4.87253819 -5.19042382
 -0.37583495 -2.12288232 ...]
std deviations: [5.13041501e-07 6.87182544e-07 2.97463054e-07 6.98625474e-07
 1.41626056e-06 9.17107169e-07 4.64643742e-07 8.73442336e-07 ...]
cma
(6_w,12)-aCMA-ES (mu_w=3.7,w_1=40%) in dimension 17 (seed=557610, Fri Nov 27 17:01:37 2020)
Iterat #Fevals   function value  axis ratio  sigma  min&max std  t[m:s]
    1     12 6.346602891872676e-01 1.0e+00 9.19e-01  9e-01  9e-01 0:01.0
    2     24 4.951187299395079e-01 1.1e+00 8.61e-01  8e-01  9e-01 0:02.1
    3     36 5.652150827483531e-01 1.1e+00 8.19e-01  8e-01  8e-01 0:03.1
    6     72 9.573003015193200e-01 1.2e+00 7.36e-01  7e-01  8e-01 0:06.2
   10    120 7.740211048152259e-01 1.3e+00 6.46e-01  6e-01  7e-01 0:10.4
   15    180 9.233497110096889e-01 1.5e+00 5.99e-01  6e-01  6e-01 0:15.6
   21    252 2.418687391871620e-01 1.7e+00 5.12e-01  5e-01  5e-01 0:21.9
   28    336 2.292180216608349e-01 1.7e+00 4.30e-01  4e-01  4e-01 0:29.2
   36    432 2.428148276760330e-01 1.9e+00 4.52e-01  4e-01  5e-01 0:37.5
   45    540 2.405982701054416e-01 2.1e+00 3.54e-01  3e-01  4e-01 0:46.9
   55    660 2.000134928454156e-01 2.4e+00 3.24e-01  3e-01  3e-01 0:57.3
   66    792 1.736728613549458e-01 2.6e+00 2.50e-01  2e-01  3e-01 1:08.8
   78    936 1.559448652438473e-01 2.9e+00 1.81e-01  1e-01  2e-01 1:21.3
   91   1092 1.282782487130461e-01 3.4e+00 1.30e-01  1e-01  1e-01 1:34.8
  100   1200 1.184431539019342e-01 3.8e+00 1.02e-01  7e-02  1e-01 1:44.2
  115   1380 9.994926032739176e-02 4.3e+00 9.25e-02  7e-02  9e-02 1:59.8
  131   1572 9.520554767079702e-02 4.7e+00 5.20e-02  4e-02  5e-02 2:16.5
  148   1776 9.175943738489419e-02 5.1e+00 3.29e-02  2e-02  3e-02 2:34.2
  166   1992 8.999590552977177e-02 6.2e+00 4.05e-02  3e-02  4e-02 2:53.0
  185   2220 8.975436516360220e-02 7.3e+00 2.99e-02  2e-02  3e-02 3:12.8
  200   2400 8.875748694690853e-02 9.5e+00 2.33e-02  1e-02  3e-02 3:28.4
  221   2652 8.813310732426427e-02 1.2e+01 1.69e-02  9e-03  2e-02 3:50.3
  243   2916 8.759796747620961e-02 2.0e+01 2.23e-02  1e-02  4e-02 4:13.2
  266   3192 8.741056553645732e-02 2.1e+01 1.50e-02  8e-03  3e-02 4:37.2
  290   3480 8.733000285320665e-02 2.4e+01 1.03e-02  5e-03  2e-02 5:02.2
  300   3600 8.732257345286130e-02 2.4e+01 6.94e-03  3e-03  1e-02 5:12.6
  325   3900 8.730337736865100e-02 3.0e+01 5.90e-03  3e-03  1e-02 5:38.6
  351   4212 8.729662578443245e-02 3.2e+01 2.62e-03  1e-03  4e-03 6:05.7
  378   4536 8.728921747228492e-02 4.8e+01 4.11e-03  1e-03  8e-03 6:33.8
  400   4800 8.727615706556631e-02 6.2e+01 6.27e-03  2e-03  1e-02 6:56.8
  429   5148 8.725835846627740e-02 6.9e+01 7.48e-03  2e-03  2e-02 7:27.0
  459   5508 8.722624282395790e-02 8.4e+01 8.61e-03  2e-03  2e-02 7:58.2
  490   5880 8.719306072189156e-02 1.1e+02 9.93e-03  3e-03  3e-02 8:30.5
  500   6000 8.718150728931517e-02 1.1e+02 1.11e-02  3e-03  4e-02 8:40.9
  533   6396 8.713256031773435e-02 1.0e+02 1.29e-02  3e-03  4e-02 9:15.3
  567   6804 8.709130387626780e-02 8.3e+01 1.04e-02  2e-03  2e-02 9:50.8
  600   7200 8.706625692566997e-02 7.0e+01 1.18e-02  3e-03  2e-02 10:25.2
  636   7632 8.702194387692506e-02 6.0e+01 1.63e-02  3e-03  2e-02 11:02.7
  673   8076 8.700150603706183e-02 6.5e+01 1.44e-02  3e-03  2e-02 11:41.3
  700   8400 8.699557214156979e-02 7.2e+01 3.26e-03  6e-04  4e-03 12:09.4
  739   8868 8.699483093746097e-02 8.6e+01 1.73e-03  3e-04  3e-03 12:50.1
  779   9348 8.699478384869923e-02 8.2e+01 7.63e-04  1e-04  1e-03 13:31.7
  800   9600 8.699477655456626e-02 9.3e+01 5.35e-04  9e-05  7e-04 13:53.6
  842  10104 8.699475099867654e-02 1.4e+02 1.47e-03  2e-04  3e-03 14:37.4
  885  10620 8.699466565614435e-02 3.0e+02 1.69e-03  2e-04  6e-03 15:22.2
  900  10800 8.699461500166718e-02 3.5e+02 2.57e-03  3e-04  1e-02 15:37.8
  945  11340 8.699437226114910e-02 4.0e+02 3.08e-03  3e-04  2e-02 16:24.7
  991  11892 8.699420219646570e-02 4.2e+02 2.93e-03  2e-04  1e-02 17:12.6
 1000  12000 8.699416977462764e-02 4.3e+02 2.88e-03  2e-04  1e-02 17:22.0
Iterat #Fevals   function value  axis ratio  sigma  min&max std  t[m:s]
 1048  12576 8.699392518021985e-02 5.4e+02 2.93e-03  2e-04  1e-02 18:12.0
 1097  13164 8.699362591772024e-02 4.9e+02 5.88e-03  3e-04  3e-02 19:03.0
 1100  13200 8.699365198880983e-02 4.8e+02 6.27e-03  3e-04  3e-02 19:06.2
 1150  13800 8.699314698819424e-02 4.3e+02 5.66e-03  2e-04  2e-02 19:58.2
 1200  14400 8.699270572257188e-02 4.1e+02 4.90e-03  2e-04  1e-02 20:50.4
 1252  15024 8.699199855146793e-02 2.7e+02 6.87e-03  3e-04  1e-02 21:44.6
 1300  15600 8.699063281614022e-02 2.0e+02 1.33e-02  5e-04  2e-02 22:34.7
 1354  16248 8.698836495722219e-02 1.4e+02 1.60e-02  5e-04  9e-03 23:31.0
 1400  16800 8.698502038877760e-02 1.6e+02 1.70e-02  5e-04  8e-03 24:19.0
 1456  17472 8.697584880554124e-02 3.1e+02 3.38e-02  2e-03  3e-02 25:17.3
 1500  18000 8.696839445767608e-02 2.7e+02 2.04e-02  9e-04  1e-02 26:03.2
 1558  18696 8.696483666897907e-02 3.0e+02 1.38e-02  6e-04  9e-03 27:03.6
 1600  19200 8.696359610890915e-02 2.6e+02 2.13e-02  8e-04  1e-02 27:47.2
 1661  19932 8.696043730955354e-02 2.3e+02 4.68e-02  2e-03  2e-02 28:49.4
 1700  20400 8.695850030632687e-02 1.9e+02 2.84e-02  1e-03  1e-02 29:29.2
 1763  21156 8.695809818657144e-02 1.7e+02 1.27e-02  4e-04  3e-03 30:33.5
 1800  21600 8.695804805070263e-02 1.6e+02 6.39e-03  2e-04  1e-03 31:11.2
 1865  22380 8.695802573143921e-02 1.9e+02 1.53e-03  3e-05  3e-04 32:17.5
 1900  22800 8.695802554575582e-02 1.9e+02 3.92e-04  8e-06  6e-05 32:53.2
 1947  23364 8.695802553841114e-02 2.0e+02 7.25e-05  1e-06  1e-05 33:41.0
/home/adrianps/Universal-Approximator/qibo_sim/classes/ApproximantNN.py:783: ComplexWarning: Casting complex values to real discards the imaginary part
  params[0, 0] = 1 / period * np.trapz(y, x)
/home/adrianps/Universal-Approximator/qibo_sim/classes/ApproximantNN.py:786: ComplexWarning: Casting complex values to real discards the imaginary part
  params[_, 0] = 2 / period * np.trapz(y * cos, x)
/home/adrianps/Universal-Approximator/qibo_sim/classes/ApproximantNN.py:788: ComplexWarning: Casting complex values to real discards the imaginary part
  params[_, 1] = 2 / period * np.trapz(y * sin, x)
/home/adrianps/Universal-Approximator/qibo_sim/classes/ApproximantNN.py:783: ComplexWarning: Casting complex values to real discards the imaginary part
  params[0, 0] = 1 / period * np.trapz(y, x)
/home/adrianps/Universal-Approximator/qibo_sim/classes/ApproximantNN.py:786: ComplexWarning: Casting complex values to real discards the imaginary part
  params[_, 0] = 2 / period * np.trapz(y * cos, x)
/home/adrianps/Universal-Approximator/qibo_sim/classes/ApproximantNN.py:788: ComplexWarning: Casting complex values to real discards the imaginary part
  params[_, 1] = 2 / period * np.trapz(y * sin, x)
/home/adrianps/Universal-Approximator/qibo_sim/classes/ApproximantNN.py:783: ComplexWarning: Casting complex values to real discards the imaginary part
  params[0, 0] = 1 / period * np.trapz(y, x)
/home/adrianps/Universal-Approximator/qibo_sim/classes/ApproximantNN.py:786: ComplexWarning: Casting complex values to real discards the imaginary part
  params[_, 0] = 2 / period * np.trapz(y * cos, x)
/home/adrianps/Universal-Approximator/qibo_sim/classes/ApproximantNN.py:788: ComplexWarning: Casting complex values to real discards the imaginary part
  params[_, 1] = 2 / period * np.trapz(y * sin, x)
/home/adrianps/Universal-Approximator/qibo_sim/classes/ApproximantNN.py:783: ComplexWarning: Casting complex values to real discards the imaginary part
  params[0, 0] = 1 / period * np.trapz(y, x)
/home/adrianps/Universal-Approximator/qibo_sim/classes/ApproximantNN.py:786: ComplexWarning: Casting complex values to real discards the imaginary part
  params[_, 0] = 2 / period * np.trapz(y * cos, x)
/home/adrianps/Universal-Approximator/qibo_sim/classes/ApproximantNN.py:788: ComplexWarning: Casting complex values to real discards the imaginary part
  params[_, 1] = 2 / period * np.trapz(y * sin, x)
/home/adrianps/Universal-Approximator/qibo_sim/classes/ApproximantNN.py:783: ComplexWarning: Casting complex values to real discards the imaginary part
  params[0, 0] = 1 / period * np.trapz(y, x)
/home/adrianps/Universal-Approximator/qibo_sim/classes/ApproximantNN.py:786: ComplexWarning: Casting complex values to real discards the imaginary part
  params[_, 0] = 2 / period * np.trapz(y * cos, x)
/home/adrianps/Universal-Approximator/qibo_sim/classes/ApproximantNN.py:788: ComplexWarning: Casting complex values to real discards the imaginary part
  params[_, 1] = 2 / period * np.trapz(y * sin, x)
/home/adrianps/Universal-Approximator/qibo_sim/classes/ApproximantNN.py:783: ComplexWarning: Casting complex values to real discards the imaginary part
  params[0, 0] = 1 / period * np.trapz(y, x)
/home/adrianps/Universal-Approximator/qibo_sim/classes/ApproximantNN.py:786: ComplexWarning: Casting complex values to real discards the imaginary part
  params[_, 0] = 2 / period * np.trapz(y * cos, x)
/home/adrianps/Universal-Approximator/qibo_sim/classes/ApproximantNN.py:788: ComplexWarning: Casting complex values to real discards the imaginary part
  params[_, 1] = 2 / period * np.trapz(y * sin, x)
/home/adrianps/Universal-Approximator/qibo_sim/classes/ApproximantNN.py:783: ComplexWarning: Casting complex values to real discards the imaginary part
  params[0, 0] = 1 / period * np.trapz(y, x)
/home/adrianps/Universal-Approximator/qibo_sim/classes/ApproximantNN.py:786: ComplexWarning: Casting complex values to real discards the imaginary part
  params[_, 0] = 2 / period * np.trapz(y * cos, x)
/home/adrianps/Universal-Approximator/qibo_sim/classes/ApproximantNN.py:788: ComplexWarning: Casting complex values to real discards the imaginary part
  params[_, 1] = 2 / period * np.trapz(y * sin, x)
/home/adrianps/Universal-Approximator/qibo_sim/classes/ApproximantNN.py:783: ComplexWarning: Casting complex values to real discards the imaginary part
  params[0, 0] = 1 / period * np.trapz(y, x)
/home/adrianps/Universal-Approximator/qibo_sim/classes/ApproximantNN.py:786: ComplexWarning: Casting complex values to real discards the imaginary part
  params[_, 0] = 2 / period * np.trapz(y * cos, x)
/home/adrianps/Universal-Approximator/qibo_sim/classes/ApproximantNN.py:788: ComplexWarning: Casting complex values to real discards the imaginary part
  params[_, 1] = 2 / period * np.trapz(y * sin, x)
/home/adrianps/Universal-Approximator/qibo_sim/classes/ApproximantNN.py:783: ComplexWarning: Casting complex values to real discards the imaginary part
  params[0, 0] = 1 / period * np.trapz(y, x)
/home/adrianps/Universal-Approximator/qibo_sim/classes/ApproximantNN.py:786: ComplexWarning: Casting complex values to real discards the imaginary part
  params[_, 0] = 2 / period * np.trapz(y * cos, x)
/home/adrianps/Universal-Approximator/qibo_sim/classes/ApproximantNN.py:788: ComplexWarning: Casting complex values to real discards the imaginary part
  params[_, 1] = 2 / period * np.trapz(y * sin, x)
/home/adrianps/Universal-Approximator/qibo_sim/classes/ApproximantNN.py:783: ComplexWarning: Casting complex values to real discards the imaginary part
  params[0, 0] = 1 / period * np.trapz(y, x)
/home/adrianps/Universal-Approximator/qibo_sim/classes/ApproximantNN.py:786: ComplexWarning: Casting complex values to real discards the imaginary part
  params[_, 0] = 2 / period * np.trapz(y * cos, x)
/home/adrianps/Universal-Approximator/qibo_sim/classes/ApproximantNN.py:788: ComplexWarning: Casting complex values to real discards the imaginary part
  params[_, 1] = 2 / period * np.trapz(y * sin, x)
/home/adrianps/Universal-Approximator/qibo_sim/classes/ApproximantNN.py:552: RuntimeWarning: More than 20 figures have been opened. Figures created through the pyplot interface (`matplotlib.pyplot.figure`) are retained until explicitly closed and may consume too much memory. (To control this warning, see the rcParam `figure.max_open_warning`).
  fig, axs = plt.subplots(nrows=2, figsize=(8,10))
/home/adrianps/Universal-Approximator/qibo_sim/classes/ApproximantNN.py:783: ComplexWarning: Casting complex values to real discards the imaginary part
  params[0, 0] = 1 / period * np.trapz(y, x)
/home/adrianps/Universal-Approximator/qibo_sim/classes/ApproximantNN.py:786: ComplexWarning: Casting complex values to real discards the imaginary part
  params[_, 0] = 2 / period * np.trapz(y * cos, x)
/home/adrianps/Universal-Approximator/qibo_sim/classes/ApproximantNN.py:788: ComplexWarning: Casting complex values to real discards the imaginary part
  params[_, 1] = 2 / period * np.trapz(y * sin, x)
/home/adrianps/Universal-Approximator/qibo_sim/classes/ApproximantNN.py:577: RuntimeWarning: More than 20 figures have been opened. Figures created through the pyplot interface (`matplotlib.pyplot.figure`) are retained until explicitly closed and may consume too much memory. (To control this warning, see the rcParam `figure.max_open_warning`).
  fig, axs = plt.subplots(nrows=2, figsize=(8,10))
/home/adrianps/Universal-Approximator/qibo_sim/classes/ApproximantNN.py:552: RuntimeWarning: More than 20 figures have been opened. Figures created through the pyplot interface (`matplotlib.pyplot.figure`) are retained until explicitly closed and may consume too much memory. (To control this warning, see the rcParam `figure.max_open_warning`).
  fig, axs = plt.subplots(nrows=2, figsize=(8,10))
/home/adrianps/Universal-Approximator/qibo_sim/classes/ApproximantNN.py:783: ComplexWarning: Casting complex values to real discards the imaginary part
  params[0, 0] = 1 / period * np.trapz(y, x)
/home/adrianps/Universal-Approximator/qibo_sim/classes/ApproximantNN.py:786: ComplexWarning: Casting complex values to real discards the imaginary part
  params[_, 0] = 2 / period * np.trapz(y * cos, x)
/home/adrianps/Universal-Approximator/qibo_sim/classes/ApproximantNN.py:788: ComplexWarning: Casting complex values to real discards the imaginary part
  params[_, 1] = 2 / period * np.trapz(y * sin, x)
/home/adrianps/Universal-Approximator/qibo_sim/classes/ApproximantNN.py:577: RuntimeWarning: More than 20 figures have been opened. Figures created through the pyplot interface (`matplotlib.pyplot.figure`) are retained until explicitly closed and may consume too much memory. (To control this warning, see the rcParam `figure.max_open_warning`).
  fig, axs = plt.subplots(nrows=2, figsize=(8,10))
termination on tolfun=1e-11 (Fri Nov 27 17:35:21 2020)
final/bestever f-value = 8.695803e-02 8.695803e-02
incumbent solution: [ 3.14159238  1.11932593  0.4056257  -3.14157831  0.9537645  -0.49491989
  3.14153423  0.94066742 ...]
std deviations: [2.49266615e-06 9.77371955e-06 5.01430399e-06 6.67885166e-06
 8.23190321e-06 4.88110518e-06 9.81659456e-06 8.00207873e-06 ...]
