Classical CF = 0.41547001514503695
      fun: 0.02266413058298041
 hess_inv: <2x2 LbfgsInvHessProduct with dtype=float64>
      jac: array([-7.74137698e-06,  7.57553742e-06])
  message: b'CONVERGENCE: NORM_OF_PROJECTED_GRADIENT_<=_PGTOL'
     nfev: 24
      nit: 7
   status: 0
  success: True
        x: array([-2.35166205,  1.59880135])
Classical CF = 0.41547001514503695
      fun: 0.02266413043111748
 hess_inv: <2x2 LbfgsInvHessProduct with dtype=float64>
      jac: array([3.61863317e-07, 1.39818712e-07])
  message: b'CONVERGENCE: NORM_OF_PROJECTED_GRADIENT_<=_PGTOL'
     nfev: 27
      nit: 8
   status: 0
  success: True
        x: array([ 2.35164915, -1.59877457])
Classical CF = 0.41547001514503695
      fun: 0.022664130433540573
 hess_inv: <2x2 LbfgsInvHessProduct with dtype=float64>
      jac: array([-1.84227633e-06, -1.29167510e-06])
  message: b'CONVERGENCE: NORM_OF_PROJECTED_GRADIENT_<=_PGTOL'
     nfev: 30
      nit: 9
   status: 0
  success: True
        x: array([ 2.35164785, -1.59877709])
Classical CF = 0.41547001514503695
      fun: 0.022664130460169865
 hess_inv: <2x2 LbfgsInvHessProduct with dtype=float64>
      jac: array([-2.89698820e-06, -4.95783969e-06])
  message: b'CONVERGENCE: NORM_OF_PROJECTED_GRADIENT_<=_PGTOL'
     nfev: 51
      nit: 11
   status: 0
  success: True
        x: array([-3.93153603, -1.59878669])
Classical CF = 0.41547001514503695
      fun: 0.02266413043109937
 hess_inv: <2x2 LbfgsInvHessProduct with dtype=float64>
      jac: array([ 2.60902411e-07, -3.12250226e-08])
  message: b'CONVERGENCE: NORM_OF_PROJECTED_GRADIENT_<=_PGTOL'
     nfev: 27
      nit: 8
   status: 0
  success: True
        x: array([ 2.35164916, -1.59877498])
Classical CF = 0.41547001514503695
      fun: 0.846850045297789
 hess_inv: <2x2 LbfgsInvHessProduct with dtype=float64>
      jac: array([ 2.99760217e-07, -5.32907052e-07])
  message: b'CONVERGENCE: NORM_OF_PROJECTED_GRADIENT_<=_PGTOL'
     nfev: 48
      nit: 11
   status: 0
  success: True
        x: array([-4.70590473,  6.00872104])
Classical CF = 0.41547001514503695
      fun: 0.022664130431114714
 hess_inv: <2x2 LbfgsInvHessProduct with dtype=float64>
      jac: array([2.46330734e-07, 2.09207651e-07])
  message: b'CONVERGENCE: NORM_OF_PROJECTED_GRADIENT_<=_PGTOL'
     nfev: 48
      nit: 10
   status: 0
  success: True
        x: array([ 8.63483429, -1.59877429])
Classical CF = 0.41547001514503695
      fun: 0.022664130431168255
 hess_inv: <2x2 LbfgsInvHessProduct with dtype=float64>
      jac: array([-1.67921232e-07,  2.22738494e-07])
  message: b'CONVERGENCE: NORM_OF_PROJECTED_GRADIENT_<=_PGTOL'
     nfev: 33
      nit: 8
   status: 0
  success: True
        x: array([-2.3516492 ,  1.59877545])
Classical CF = 0.3678709947858731
      fun: 0.022664130437121302
 hess_inv: <5x5 LbfgsInvHessProduct with dtype=float64>
      jac: array([-3.86496390e-07, -1.67470204e-06, -7.39339145e-07, -3.86149446e-07,
       -1.67470204e-06])
  message: b'CONVERGENCE: NORM_OF_PROJECTED_GRADIENT_<=_PGTOL'
     nfev: 66
      nit: 9
   status: 0
  success: True
        x: array([ 1.81747932e+00, -6.38032762e-01, -6.69618595e-06,  5.34170298e-01,
       -9.60746405e-01])
Classical CF = 0.3678709947858731
      fun: 0.022664130431734965
 hess_inv: <5x5 LbfgsInvHessProduct with dtype=float64>
      jac: array([ 6.65786870e-07,  6.33521013e-07, -2.33146835e-07,  6.66133815e-07,
        6.33867958e-07])
  message: b'CONVERGENCE: NORM_OF_PROJECTED_GRADIENT_<=_PGTOL'
     nfev: 54
      nit: 7
   status: 0
  success: True
        x: array([ 1.71505521e+00, -3.58817535e-02, -1.51252358e-06,  2.21648147e+00,
        1.63465779e+00])
Classical CF = 0.3678709947858731
      fun: 0.022664130442807007
 hess_inv: <5x5 LbfgsInvHessProduct with dtype=float64>
      jac: array([-8.41687831e-07, -2.08721929e-06,  0.00000000e+00,  1.53939361e-06,
        1.79023463e-07])
  message: b'CONVERGENCE: NORM_OF_PROJECTED_GRADIENT_<=_PGTOL'
     nfev: 90
      nit: 14
   status: 0
  success: True
        x: array([ 2.35165104e+00, -1.59878023e+00, -1.74865097e+00,  9.09847294e-06,
       -1.13697786e-06])
Classical CF = 0.3678709947858731
      fun: 0.022664130479283395
 hess_inv: <5x5 LbfgsInvHessProduct with dtype=float64>
      jac: array([-1.48839274e-06, -7.68829445e-07, -6.93889390e-10,  4.81906182e-07,
        1.24414368e-06])
  message: b'CONVERGENCE: NORM_OF_PROJECTED_GRADIENT_<=_PGTOL'
     nfev: 120
      nit: 18
   status: 0
  success: True
        x: array([-6.86372586e-05,  5.15005217e-05, -2.83413690e+00,  2.35158309e+00,
       -1.59872245e+00])
Classical CF = 0.3678709947858731
      fun: 0.02266413043412432
 hess_inv: <5x5 LbfgsInvHessProduct with dtype=float64>
      jac: array([-1.78711212e-06, -1.00301711e-06, -5.73846526e-07,  1.79786741e-06,
        1.00440489e-06])
  message: b'CONVERGENCE: NORM_OF_PROJECTED_GRADIENT_<=_PGTOL'
     nfev: 78
      nit: 10
   status: 0
  success: True
        x: array([-1.61567362,  2.91643706,  3.14158841, -5.54720889,  1.31766395])
Classical CF = 0.3678709947858731
      fun: 0.02266413054824624
 hess_inv: <5x5 LbfgsInvHessProduct with dtype=float64>
      jac: array([-2.17881269e-06, -2.29712083e-06, -2.42861287e-09, -5.79050696e-07,
       -7.04471204e-06])
  message: b'CONVERGENCE: NORM_OF_PROJECTED_GRADIENT_<=_PGTOL'
     nfev: 96
      nit: 14
   status: 0
  success: True
        x: array([-1.49267192e-05,  3.85956042e-05, -9.36681644e-01,  2.35166194e+00,
       -1.59881702e+00])
Classical CF = 0.3678709947858731
      fun: 0.022664130433188007
 hess_inv: <5x5 LbfgsInvHessProduct with dtype=float64>
      jac: array([-8.74300632e-07, -7.20257187e-07,  6.12010442e-07,  8.84708973e-07,
        7.25808302e-07])
  message: b'CONVERGENCE: NORM_OF_PROJECTED_GRADIENT_<=_PGTOL'
     nfev: 72
      nit: 11
   status: 0
  success: True
        x: array([ 1.32750311, -0.93528633,  3.14159734, -1.02414535,  0.66348982])
Classical CF = 0.3678709947858731
      fun: 0.0226641304321681
 hess_inv: <5x5 LbfgsInvHessProduct with dtype=float64>
      jac: array([-1.36418654e-06, -5.03763697e-07, -2.48759346e-07, -1.36279876e-06,
       -5.03763697e-07])
  message: b'CONVERGENCE: NORM_OF_PROJECTED_GRADIENT_<=_PGTOL'
     nfev: 114
      nit: 13
   status: 0
  success: True
        x: array([-1.72951629e+00,  8.60881524e-01, -2.06170781e-06, -2.20202121e+00,
       -2.45965672e+00])
Classical CF = 0.3447411797147334
      fun: 0.022664089045890984
 hess_inv: <8x8 LbfgsInvHessProduct with dtype=float64>
      jac: array([ 3.81326914e-06, -7.73686670e-08, -2.61596300e-06,  3.81014664e-06,
       -2.98372438e-08,  3.53363172e-06,  3.24497373e-06, -2.95943825e-07])
  message: b'CONVERGENCE: NORM_OF_PROJECTED_GRADIENT_<=_PGTOL'
     nfev: 90
      nit: 9
   status: 0
  success: True
        x: array([ 1.77562816,  0.00443982,  0.01118688,  0.49223084, -0.31871374,
       -0.01523058,  0.08383237, -1.28453769])
Classical CF = 0.3447411797147334
      fun: 0.0014370743474139745
 hess_inv: <8x8 LbfgsInvHessProduct with dtype=float64>
      jac: array([ 4.06619183e-06,  1.22694606e-05,  2.22825230e-07,  1.36141098e-05,
        3.02037041e-07, -2.63233445e-06, -8.88839783e-06, -8.31546203e-06])
  message: b'CONVERGENCE: REL_REDUCTION_OF_F_<=_FACTR*EPSMCH'
     nfev: 423
      nit: 42
   status: 0
  success: True
        x: array([ 1.51465454,  0.50618948,  1.0997552 ,  1.79347948,  2.03259058,
       -1.16937242,  0.79676604, -1.43456453])
Classical CF = 0.3447411797147334
      fun: 0.0014359425336293744
 hess_inv: <8x8 LbfgsInvHessProduct with dtype=float64>
      jac: array([-7.77607145e-06, -2.91108283e-06, -7.60741296e-06,  4.23242170e-06,
        2.38348837e-06,  8.83542371e-06, -8.22178697e-06, -1.53629279e-06])
  message: b'CONVERGENCE: NORM_OF_PROJECTED_GRADIENT_<=_PGTOL'
     nfev: 1269
      nit: 123
   status: 0
  success: True
        x: array([ 1.5379275 , -0.42711199,  2.08532138, -1.46655849,  2.12463253,
       -1.19389739,  0.76953778, -1.38355643])
Classical CF = 0.3447411797147334
      fun: 0.0014386256519964727
 hess_inv: <8x8 LbfgsInvHessProduct with dtype=float64>
      jac: array([ 7.01912486e-06,  2.60728938e-07,  6.83398650e-06,  5.84931409e-06,
       -5.95799451e-06, -2.68621930e-06, -7.81789997e-06,  3.92342409e-06])
  message: b'CONVERGENCE: NORM_OF_PROJECTED_GRADIENT_<=_PGTOL'
     nfev: 513
      nit: 53
   status: 0
  success: True
        x: array([-1.3494163 ,  0.29178347, -2.10943656,  1.75258602, -2.31526256,
       -1.9296196 ,  0.73054968, -1.3180653 ])
Classical CF = 0.3447411797147334
      fun: 0.0014359403359730924
 hess_inv: <8x8 LbfgsInvHessProduct with dtype=float64>
      jac: array([ 9.99903285e-06, -8.08619664e-07, -2.42549036e-06,  4.48605996e-06,
        2.56457182e-07,  6.40822031e-06,  8.51580091e-06,  3.23315593e-06])
  message: b'CONVERGENCE: NORM_OF_PROJECTED_GRADIENT_<=_PGTOL'
     nfev: 837
      nit: 77
   status: 0
  success: True
        x: array([ 0.76841344, -1.38186018,  1.94632806, -4.81045656, -2.13058295,
       -1.05479057,  1.53337139, -0.42219344])
Classical CF = 0.3447411797147334
      fun: 0.0015288872979900838
 hess_inv: <8x8 LbfgsInvHessProduct with dtype=float64>
      jac: array([-3.39396480e-06,  1.01069327e-07,  1.33424088e-06, -2.98248839e-06,
       -1.65943648e-06,  8.41297518e-06,  5.83708429e-06,  6.30467900e-06])
  message: b'CONVERGENCE: NORM_OF_PROJECTED_GRADIENT_<=_PGTOL'
     nfev: 585
      nit: 57
   status: 0
  success: True
        x: array([ 0.96782297, -0.86600908, -1.48886237,  1.96054632, -1.70875152,
       -1.68010402, -0.98561627,  0.83947975])
Classical CF = 0.3447411797147334
      fun: 0.0014359358340850104
 hess_inv: <8x8 LbfgsInvHessProduct with dtype=float64>
      jac: array([ 8.37763019e-06,  4.86583430e-06,  3.24660004e-06, -4.88153355e-06,
       -3.21927814e-06,  9.16931461e-07, -4.51394564e-06, -3.20934685e-06])
  message: b'CONVERGENCE: NORM_OF_PROJECTED_GRADIENT_<=_PGTOL'
     nfev: 1062
      nit: 102
   status: 0
  success: True
        x: array([ 1.52918507, -0.42308022,  2.0869946 , -1.47823404,  2.12791192,
        1.94510377, -0.76822096,  1.37891401])
Classical CF = 0.3447411797147334
      fun: 0.0014359605895427918
 hess_inv: <8x8 LbfgsInvHessProduct with dtype=float64>
      jac: array([ 9.20335856e-06, -3.37143508e-06,  6.62306581e-06, -9.88788044e-06,
        1.22438951e-06, -1.10219993e-06,  4.52155674e-07, -3.05521667e-06])
  message: b'CONVERGENCE: NORM_OF_PROJECTED_GRADIENT_<=_PGTOL'
     nfev: 909
      nit: 88
   status: 0
  success: True
        x: array([ 1.5993992 ,  0.42671046,  2.08475251,  1.45972851, -2.12461759,
        1.94794947,  3.91135857, -1.38605972])
Classical CF = 0.3338924029626258
      fun: 0.0002672460385484136
 hess_inv: <11x11 LbfgsInvHessProduct with dtype=float64>
      jac: array([-1.13206428e-06, -4.62783024e-06, -1.97920022e-06, -1.86740814e-06,
       -1.12054463e-06, -9.89207631e-06,  2.21822343e-07,  2.25818171e-06,
        1.07475335e-06,  8.61306469e-07, -5.46712198e-06])
  message: b'CONVERGENCE: NORM_OF_PROJECTED_GRADIENT_<=_PGTOL'
     nfev: 2784
      nit: 192
   status: 0
  success: True
        x: array([ 2.13623573, -1.792093  , -2.23051283,  0.83631048, -3.9540937 ,
        1.90485833, -1.15756554, -2.00207903,  1.15221073,  2.18902659,
       -1.61566996])
Classical CF = 0.3338924029626258
      fun: 0.00019950404431580548
 hess_inv: <11x11 LbfgsInvHessProduct with dtype=float64>
      jac: array([ 5.54802515e-07,  7.62877175e-07, -8.63420663e-07,  3.13199445e-06,
        3.00475519e-06, -2.11946888e-06, -4.57433028e-07, -4.02802791e-07,
        5.85588977e-06,  7.03105109e-09,  6.04759840e-07])
  message: b'CONVERGENCE: NORM_OF_PROJECTED_GRADIENT_<=_PGTOL'
     nfev: 4308
      nit: 295
   status: 0
  success: True
        x: array([ 2.2007692 ,  1.40250556,  1.94840609,  2.37263684,  3.84314344,
       -2.0770113 ,  1.80974258, -4.51773544,  2.84313165, -0.29923189,
       -5.10994523])
Classical CF = 0.3338924029626258
      fun: 0.0014341135846960306
 hess_inv: <11x11 LbfgsInvHessProduct with dtype=float64>
      jac: array([ 4.66595079e-06, -2.73203769e-06, -4.36521479e-07, -4.47719119e-06,
        1.57684196e-06, -3.36182904e-06,  2.89026615e-06, -3.36514670e-06,
       -3.48640387e-06, -1.52623140e-06, -2.63140204e-06])
  message: b'CONVERGENCE: NORM_OF_PROJECTED_GRADIENT_<=_PGTOL'
     nfev: 636
      nit: 48
   status: 0
  success: True
        x: array([ 1.31418534,  0.13336106, -0.96538421, -1.75002291,  1.04387952,
       -2.94245808,  2.49050669, -1.43901058,  1.26324391, -0.75455551,
        1.30560948])
Classical CF = 0.3338924029626258
      fun: 0.0002378289691464288
 hess_inv: <11x11 LbfgsInvHessProduct with dtype=float64>
      jac: array([ 1.73375312e-06, -1.36902208e-07, -1.79043575e-05,  2.48921977e-06,
        6.40202409e-07, -4.35489318e-06, -4.53423920e-06, -5.85143912e-08,
       -2.85745548e-06,  1.33403217e-06,  2.45660697e-06])
  message: b'CONVERGENCE: REL_REDUCTION_OF_F_<=_FACTR*EPSMCH'
     nfev: 2460
      nit: 169
   status: 0
  success: True
        x: array([ 0.38306059, -6.34394584, -3.00158619,  2.72326792, -5.44549852,
       -1.37922953, -0.26305929, -2.68536587, -1.47690016, -0.84070081,
        0.63385114])
Classical CF = 0.3338924029626258
      fun: 0.00019951296192691732
 hess_inv: <11x11 LbfgsInvHessProduct with dtype=float64>
      jac: array([ 3.97250863e-06,  4.13993926e-06,  1.87668620e-06,  1.90772962e-06,
        8.34168888e-07,  5.06190955e-06, -6.13097897e-06, -1.33720346e-06,
       -6.20062541e-06, -6.54333900e-06,  3.46258937e-07])
  message: b'CONVERGENCE: NORM_OF_PROJECTED_GRADIENT_<=_PGTOL'
     nfev: 3624
      nit: 248
   status: 0
  success: True
        x: array([ 5.34315099,  1.40416887,  1.19373438,  0.76697319, -3.84041398,
       -2.07612864,  1.33302272,  4.518996  ,  0.29849179,  2.84041777,
       -5.10891386])
Classical CF = 0.3338924029626258
      fun: 0.0002879791278575446
 hess_inv: <11x11 LbfgsInvHessProduct with dtype=float64>
      jac: array([ 1.59688506e-05,  1.36931536e-05,  9.24851558e-06,  6.06159545e-06,
        2.70354485e-06, -1.07086757e-05, -1.13254187e-05, -5.26771010e-06,
       -2.28179021e-06,  5.15750637e-06,  8.55045201e-07])
  message: b'CONVERGENCE: REL_REDUCTION_OF_F_<=_FACTR*EPSMCH'
     nfev: 2724
      nit: 185
   status: 0
  success: True
        x: array([-0.7900084 ,  4.48609178, -0.40360518,  1.58462399, -2.99761208,
       -2.32242327,  1.6389301 ,  3.03587239, -2.37055669, -1.49043008,
        3.09784681])
Classical CF = 0.3338924029626258
      fun: 0.00023494777354490285
 hess_inv: <11x11 LbfgsInvHessProduct with dtype=float64>
      jac: array([-9.69210064e-06, -6.72276633e-06,  2.76175838e-06, -1.37880972e-06,
       -7.00000767e-06,  4.37253586e-06, -8.00104069e-06, -3.15028494e-06,
        1.32497149e-05, -3.12137469e-06, -8.52017025e-06])
  message: b'CONVERGENCE: REL_REDUCTION_OF_F_<=_FACTR*EPSMCH'
     nfev: 4248
      nit: 300
   status: 0
  success: True
        x: array([ 2.08505521, -1.47631397,  1.64643084, -1.56807772, -2.02595896,
        2.44246038, -1.89691343,  4.04263351,  0.18441122,  0.26899966,
       -6.19450938])
Classical CF = 0.3338924029626258
      fun: 0.0014360079891167989
 hess_inv: <11x11 LbfgsInvHessProduct with dtype=float64>
      jac: array([ 2.90093470e-06,  1.05625144e-06, -2.75829706e-06,  3.13898213e-06,
        1.06854629e-06,  1.64265303e-06,  6.66812525e-06,  1.66821851e-06,
        1.78117070e-06, -4.72042110e-06, -4.38247529e-06])
  message: b'CONVERGENCE: NORM_OF_PROJECTED_GRADIENT_<=_PGTOL'
     nfev: 1116
      nit: 83
   status: 0
  success: True
        x: array([-0.58892385,  0.67219297,  0.00632543, -1.79240091, -2.03768234,
        1.93496338,  1.51943289, -2.15715775,  2.0962529 ,  1.64128983,
        0.39810581])
Classical CF = 0.32667103275816994
      fun: 0.00012485736192817073
 hess_inv: <14x14 LbfgsInvHessProduct with dtype=float64>
      jac: array([-4.68504359e-06, -8.56360067e-06,  1.89046099e-06,  2.72955757e-06,
        4.73010032e-06, -1.77450150e-05,  1.31501797e-06,  4.98654937e-06,
        4.84197101e-06,  2.07091289e-06, -1.25872078e-06, -8.65830302e-07,
        3.71488322e-07,  3.45681600e-07])
  message: b'CONVERGENCE: REL_REDUCTION_OF_F_<=_FACTR*EPSMCH'
     nfev: 12255
      nit: 701
   status: 0
  success: True
        x: array([ 3.67921654, -6.92323197, -2.89876415,  3.10094814, -5.52721373,
        0.38292153, -1.80335251, -2.54554259,  1.54501544, -0.30751566,
       -2.85648851,  1.56948036,  0.85693209, -0.36033255])
Classical CF = 0.32667103275816994
      fun: 0.00026613132049989183
 hess_inv: <14x14 LbfgsInvHessProduct with dtype=float64>
      jac: array([-5.44789908e-07, -1.71262201e-06,  1.59372840e-06,  1.96738242e-06,
       -1.22283368e-06, -1.39820338e-06,  1.69241249e-06, -9.31459770e-07,
        2.34830059e-06,  2.49847343e-06, -6.67082492e-07, -2.38852449e-06,
       -4.85538259e-07,  1.00638898e-06])
  message: b'CONVERGENCE: NORM_OF_PROJECTED_GRADIENT_<=_PGTOL'
     nfev: 3840
      nit: 219
   status: 0
  success: True
        x: array([ 1.55990875,  0.62815979,  1.73720216,  3.24658494,  2.66924725,
       -2.33486711,  0.89163793, -2.23340992, -0.03111125,  0.54934724,
       -1.64307361,  1.97300919,  0.86156608, -1.42418298])/home/adrianps/Universal-Approximator/qibo_sim/classes/ApproximantNN.py:397: RuntimeWarning: More than 20 figures have been opened. Figures created through the pyplot interface (`matplotlib.pyplot.figure`) are retained until explicitly closed and may consume too much memory. (To control this warning, see the rcParam `figure.max_open_warning`).
  fig, axs = plt.subplots()
/home/adrianps/Universal-Approximator/qibo_sim/classes/ApproximantNN.py:397: RuntimeWarning: More than 20 figures have been opened. Figures created through the pyplot interface (`matplotlib.pyplot.figure`) are retained until explicitly closed and may consume too much memory. (To control this warning, see the rcParam `figure.max_open_warning`).
  fig, axs = plt.subplots()
/home/adrianps/Universal-Approximator/qibo_sim/classes/ApproximantNN.py:397: RuntimeWarning: More than 20 figures have been opened. Figures created through the pyplot interface (`matplotlib.pyplot.figure`) are retained until explicitly closed and may consume too much memory. (To control this warning, see the rcParam `figure.max_open_warning`).
  fig, axs = plt.subplots()
/home/adrianps/Universal-Approximator/qibo_sim/classes/ApproximantNN.py:397: RuntimeWarning: More than 20 figures have been opened. Figures created through the pyplot interface (`matplotlib.pyplot.figure`) are retained until explicitly closed and may consume too much memory. (To control this warning, see the rcParam `figure.max_open_warning`).
  fig, axs = plt.subplots()
/home/adrianps/Universal-Approximator/qibo_sim/classes/ApproximantNN.py:397: RuntimeWarning: More than 20 figures have been opened. Figures created through the pyplot interface (`matplotlib.pyplot.figure`) are retained until explicitly closed and may consume too much memory. (To control this warning, see the rcParam `figure.max_open_warning`).
  fig, axs = plt.subplots()
/home/adrianps/Universal-Approximator/qibo_sim/classes/ApproximantNN.py:397: RuntimeWarning: More than 20 figures have been opened. Figures created through the pyplot interface (`matplotlib.pyplot.figure`) are retained until explicitly closed and may consume too much memory. (To control this warning, see the rcParam `figure.max_open_warning`).
  fig, axs = plt.subplots()
/home/adrianps/Universal-Approximator/qibo_sim/classes/ApproximantNN.py:397: RuntimeWarning: More than 20 figures have been opened. Figures created through the pyplot interface (`matplotlib.pyplot.figure`) are retained until explicitly closed and may consume too much memory. (To control this warning, see the rcParam `figure.max_open_warning`).
  fig, axs = plt.subplots()
/home/adrianps/Universal-Approximator/qibo_sim/classes/ApproximantNN.py:397: RuntimeWarning: More than 20 figures have been opened. Figures created through the pyplot interface (`matplotlib.pyplot.figure`) are retained until explicitly closed and may consume too much memory. (To control this warning, see the rcParam `figure.max_open_warning`).
  fig, axs = plt.subplots()
/home/adrianps/Universal-Approximator/qibo_sim/classes/ApproximantNN.py:397: RuntimeWarning: More than 20 figures have been opened. Figures created through the pyplot interface (`matplotlib.pyplot.figure`) are retained until explicitly closed and may consume too much memory. (To control this warning, see the rcParam `figure.max_open_warning`).
  fig, axs = plt.subplots()
/home/adrianps/Universal-Approximator/qibo_sim/classes/ApproximantNN.py:397: RuntimeWarning: More than 20 figures have been opened. Figures created through the pyplot interface (`matplotlib.pyplot.figure`) are retained until explicitly closed and may consume too much memory. (To control this warning, see the rcParam `figure.max_open_warning`).
  fig, axs = plt.subplots()
/home/adrianps/Universal-Approximator/qibo_sim/classes/ApproximantNN.py:397: RuntimeWarning: More than 20 figures have been opened. Figures created through the pyplot interface (`matplotlib.pyplot.figure`) are retained until explicitly closed and may consume too much memory. (To control this warning, see the rcParam `figure.max_open_warning`).
  fig, axs = plt.subplots()
/home/adrianps/Universal-Approximator/qibo_sim/classes/ApproximantNN.py:397: RuntimeWarning: More than 20 figures have been opened. Figures created through the pyplot interface (`matplotlib.pyplot.figure`) are retained until explicitly closed and may consume too much memory. (To control this warning, see the rcParam `figure.max_open_warning`).
  fig, axs = plt.subplots()
/home/adrianps/Universal-Approximator/qibo_sim/classes/ApproximantNN.py:397: RuntimeWarning: More than 20 figures have been opened. Figures created through the pyplot interface (`matplotlib.pyplot.figure`) are retained until explicitly closed and may consume too much memory. (To control this warning, see the rcParam `figure.max_open_warning`).
  fig, axs = plt.subplots()
/home/adrianps/Universal-Approximator/qibo_sim/classes/ApproximantNN.py:397: RuntimeWarning: More than 20 figures have been opened. Figures created through the pyplot interface (`matplotlib.pyplot.figure`) are retained until explicitly closed and may consume too much memory. (To control this warning, see the rcParam `figure.max_open_warning`).
  fig, axs = plt.subplots()
/home/adrianps/Universal-Approximator/qibo_sim/classes/ApproximantNN.py:397: RuntimeWarning: More than 20 figures have been opened. Figures created through the pyplot interface (`matplotlib.pyplot.figure`) are retained until explicitly closed and may consume too much memory. (To control this warning, see the rcParam `figure.max_open_warning`).
  fig, axs = plt.subplots()
/home/adrianps/Universal-Approximator/qibo_sim/classes/ApproximantNN.py:397: RuntimeWarning: More than 20 figures have been opened. Figures created through the pyplot interface (`matplotlib.pyplot.figure`) are retained until explicitly closed and may consume too much memory. (To control this warning, see the rcParam `figure.max_open_warning`).
  fig, axs = plt.subplots()
/home/adrianps/Universal-Approximator/qibo_sim/classes/ApproximantNN.py:397: RuntimeWarning: More than 20 figures have been opened. Figures created through the pyplot interface (`matplotlib.pyplot.figure`) are retained until explicitly closed and may consume too much memory. (To control this warning, see the rcParam `figure.max_open_warning`).
  fig, axs = plt.subplots()
/home/adrianps/Universal-Approximator/qibo_sim/classes/ApproximantNN.py:397: RuntimeWarning: More than 20 figures have been opened. Figures created through the pyplot interface (`matplotlib.pyplot.figure`) are retained until explicitly closed and may consume too much memory. (To control this warning, see the rcParam `figure.max_open_warning`).
  fig, axs = plt.subplots()
/home/adrianps/Universal-Approximator/qibo_sim/classes/ApproximantNN.py:397: RuntimeWarning: More than 20 figures have been opened. Figures created through the pyplot interface (`matplotlib.pyplot.figure`) are retained until explicitly closed and may consume too much memory. (To control this warning, see the rcParam `figure.max_open_warning`).
  fig, axs = plt.subplots()
/home/adrianps/Universal-Approximator/qibo_sim/classes/ApproximantNN.py:397: RuntimeWarning: More than 20 figures have been opened. Figures created through the pyplot interface (`matplotlib.pyplot.figure`) are retained until explicitly closed and may consume too much memory. (To control this warning, see the rcParam `figure.max_open_warning`).
  fig, axs = plt.subplots()
/home/adrianps/Universal-Approximator/qibo_sim/classes/ApproximantNN.py:397: RuntimeWarning: More than 20 figures have been opened. Figures created through the pyplot interface (`matplotlib.pyplot.figure`) are retained until explicitly closed and may consume too much memory. (To control this warning, see the rcParam `figure.max_open_warning`).
  fig, axs = plt.subplots()
/home/adrianps/Universal-Approximator/qibo_sim/classes/ApproximantNN.py:397: RuntimeWarning: More than 20 figures have been opened. Figures created through the pyplot interface (`matplotlib.pyplot.figure`) are retained until explicitly closed and may consume too much memory. (To control this warning, see the rcParam `figure.max_open_warning`).
  fig, axs = plt.subplots()

Classical CF = 0.32667103275816994
      fun: 0.00027580241705767313
 hess_inv: <14x14 LbfgsInvHessProduct with dtype=float64>
      jac: array([ 7.49717671e-06,  4.21207665e-06,  4.15929769e-06,  5.02958677e-06,
        6.29442245e-06, -1.00863870e-06,  8.79756879e-06, -1.45467405e-07,
       -3.13261244e-06, -2.16492406e-06, -4.38904555e-06,  8.09443658e-07,
        1.49096230e-06,  1.35360473e-06])
  message: b'CONVERGENCE: NORM_OF_PROJECTED_GRADIENT_<=_PGTOL'
     nfev: 3120
      nit: 167
   status: 0
  success: True
        x: array([ 0.45005959,  0.64140209, -0.29153774, -2.23708894,  1.53195265,
       -1.71335101,  2.24123133, -1.52071834,  1.73796166, -1.07687745,
        3.38449204, -0.91915428, -0.95530064, -1.69407777])
Classical CF = 0.32667103275816994
      fun: 0.00013388025972431778
 hess_inv: <14x14 LbfgsInvHessProduct with dtype=float64>
      jac: array([-1.14558428e-06,  3.47449391e-06, -8.21638222e-07,  5.26377986e-06,
        1.63631587e-06, -6.10053457e-06, -3.04051218e-06, -2.95984483e-07,
        1.37130704e-06, -1.00527768e-06,  2.37847394e-06, -4.63143250e-06,
        3.69422917e-07,  5.36269163e-06])
  message: b'CONVERGENCE: NORM_OF_PROJECTED_GRADIENT_<=_PGTOL'
     nfev: 8970
      nit: 510
   status: 0
  success: True
        x: array([ -1.91280625,  -1.364813  ,  -2.06705399,  -0.50727152,
        -1.42342669,  -2.38296526,   1.99879041, -10.50614903,
        -0.32790324,  -0.9695276 ,   4.36764977,   4.78271106,
        -0.82730802,   1.57751335])
Classical CF = 0.32667103275816994
      fun: 0.0002619173614065438
 hess_inv: <14x14 LbfgsInvHessProduct with dtype=float64>
      jac: array([ 7.01077651e-07,  9.25955818e-06,  7.09506238e-06,  4.53309265e-06,
       -1.77798314e-06,  9.23793377e-06, -4.23291502e-06, -4.40521643e-06,
        1.14642670e-05,  6.20055222e-08,  5.96853296e-07, -8.77805315e-06,
       -1.04863871e-05, -8.00103256e-07])
  message: b'CONVERGENCE: REL_REDUCTION_OF_F_<=_FACTR*EPSMCH'
     nfev: 3990
      nit: 231
   status: 0
  success: True
        x: array([ 1.84889749, -0.24354372,  0.97803832, -1.29532689,  2.93660608,
       -1.4419958 ,  0.56142083, -2.53952326, -1.95105737, -0.80751118,
       -2.39756099,  1.87235479,  1.34937614,  1.7799622 ])
Classical CF = 0.32667103275816994
      fun: 0.0003172258221782258
 hess_inv: <14x14 LbfgsInvHessProduct with dtype=float64>
      jac: array([ 8.22741398e-06,  1.94403413e-06,  1.84380506e-06, -4.90113592e-08,
        2.23394437e-07,  2.80469549e-06, -6.00238175e-06, -5.46107213e-06,
        9.51409090e-07, -6.25224698e-06, -3.07749160e-06,  1.03030323e-05,
       -4.61407713e-06, -3.64848126e-06])
  message: b'CONVERGENCE: REL_REDUCTION_OF_F_<=_FACTR*EPSMCH'
     nfev: 3195
      nit: 176
   status: 0
  success: True
        x: array([ 1.78843203,  3.47598787, -0.31426217, -0.20851926, -2.82639732,
       -1.96625125, -1.5306685 ,  4.38432464, -1.86943326, -1.43127026,
        1.17821983,  0.17025524,  0.72200372,  0.29497217])
Classical CF = 0.32667103275816994
      fun: 0.00027122636542181776
 hess_inv: <14x14 LbfgsInvHessProduct with dtype=float64>
      jac: array([ 3.95407448e-06,  2.21553461e-06,  2.47447462e-07,  6.98882683e-06,
       -5.19434214e-06,  2.11928999e-07, -5.81561709e-06,  3.86666068e-06,
        1.63029312e-06, -2.11606449e-06,  6.37044128e-06, -4.24815890e-06,
        8.43053925e-07, -2.34924927e-06])
  message: b'CONVERGENCE: NORM_OF_PROJECTED_GRADIENT_<=_PGTOL'
     nfev: 8790
      nit: 489
   status: 0
  success: True
        x: array([ 1.45066546, -1.0120676 ,  1.22859864,  0.03713869, -2.70002961,
        2.8595266 , -1.65611509, -6.91631991, -0.8754097 , -0.49835852,
       -1.25173914, -0.35586103, -0.44784373,  2.38888434])
Classical CF = 0.32667103275816994
      fun: 0.0002651835186710655
 hess_inv: <14x14 LbfgsInvHessProduct with dtype=float64>
      jac: array([-5.63310791e-06, -1.68043205e-06, -1.62044857e-07, -3.97914666e-06,
       -3.80921423e-06, -3.61089197e-06,  4.27046094e-06, -3.58462717e-06,
        5.44747624e-06, -2.77339458e-06,  3.59793033e-06,  3.56323044e-06,
       -3.90997456e-06, -3.39186687e-06])
  message: b'CONVERGENCE: NORM_OF_PROJECTED_GRADIENT_<=_PGTOL'
     nfev: 3045
      nit: 170
   status: 0
  success: True
        x: array([-0.1221462 ,  0.05496918, -0.83134778, -1.46270687, -2.73275278,
        2.09395549,  1.83492116, -2.55401937,  1.98492784, -1.36587449,
        3.01177673,  2.23129894, -2.29216597,  1.59493233])
Classical CF = 0.3225969957882776
      fun: 0.000280451331473101
 hess_inv: <17x17 LbfgsInvHessProduct with dtype=float64>
      jac: array([ 4.82304084e-06,  1.58155281e-06,  1.35092133e-06, -1.24665903e-06,
        4.38188440e-06, -7.62145338e-07,  7.55859134e-06,  3.92663332e-06,
       -6.70945504e-06,  2.51276322e-06,  3.59922053e-06,  5.76437769e-06,
        3.23954188e-07,  2.99495671e-06, -2.57009583e-06,  2.56552592e-06,
        2.27360448e-06])
  message: b'CONVERGENCE: NORM_OF_PROJECTED_GRADIENT_<=_PGTOL'
     nfev: 6894
      nit: 323
   status: 0
  success: True
        x: array([ 0.84593572, -1.47639858,  1.99087691, -0.07180607, -4.35175053,
        0.61660457,  1.03294428, -2.89688607,  0.29760686,  1.73780722,
        1.29028918,  0.33253361,  2.08214288,  1.27097586,  1.188235  ,
       -1.2533601 ,  1.0978761 ])
Classical CF = 0.3225969957882776
      fun: 0.0002694698476401546
 hess_inv: <17x17 LbfgsInvHessProduct with dtype=float64>
      jac: array([-6.65461609e-07,  1.73029451e-06, -2.35982024e-07, -2.82493755e-06,
       -5.28820152e-06, -1.16267673e-06,  1.12995550e-07,  5.51051175e-07,
       -1.19620026e-06,  4.38890460e-07,  1.25879667e-06,  2.42147882e-06,
        3.32195209e-06,  4.93577618e-07, -1.01340377e-07,  4.09091164e-06,
        4.07358067e-06])
  message: b'CONVERGENCE: NORM_OF_PROJECTED_GRADIENT_<=_PGTOL'
     nfev: 2916
      nit: 137
   status: 0
  success: True
        x: array([ 0.97656666,  1.73744725,  2.22492071,  2.20648321,  3.7410191 ,
       -1.38895127,  0.97883509, -1.0825825 ,  0.05471117,  0.61792545,
       -0.77406008,  1.44125735,  0.88599461,  0.23054403,  0.63298029,
        0.12184248,  1.62694873])
Classical CF = 0.3225969957882776
      fun: 0.0002640545889601026
 hess_inv: <17x17 LbfgsInvHessProduct with dtype=float64>
      jac: array([-2.48884084e-05, -1.33068144e-05, -2.02758220e-05, -1.18987502e-05,
       -5.26081999e-06, -1.69155380e-05,  1.66779351e-05,  1.05504147e-05,
        1.77385613e-05, -1.29499981e-05, -9.02294732e-06,  1.39808250e-05,
       -1.95714755e-07, -4.44922961e-06,  4.65014312e-08, -2.22389923e-06,
        7.19864706e-06])
  message: b'CONVERGENCE: REL_REDUCTION_OF_F_<=_FACTR*EPSMCH'
     nfev: 5004
      nit: 236
   status: 0
  success: True
        x: array([ 2.00113311, -1.79667129, -0.96361407, -0.85245198,  1.85414228,
       -2.04750027,  2.97770583, -0.12329973, -2.27406864, -0.11113283,
        1.83139744, -1.319509  , -1.07748878, -2.02265497,  1.26554344,
       -1.11800607, -1.84503018])
Classical CF = 0.3225969957882776
      fun: 0.00010808713853650814
 hess_inv: <17x17 LbfgsInvHessProduct with dtype=float64>
      jac: array([-8.71321380e-06, -9.77101429e-06,  7.28282045e-06,  1.69862361e-06,
        4.38178953e-07, -9.80521003e-06,  1.57037333e-06,  3.00097539e-06,
       -6.32554854e-06, -6.13760074e-07, -2.60726228e-06, -1.73727135e-07,
        6.96148868e-06, -7.75306875e-06,  5.70633764e-06,  3.39631480e-06,
       -6.10377092e-06])
  message: b'CONVERGENCE: NORM_OF_PROJECTED_GRADIENT_<=_PGTOL'
     nfev: 9936
      nit: 481
   status: 0
  success: True
        x: array([ 0.37997166, -2.68323607, -1.50690369, -0.32935884, -1.35776657,
       -1.34230761,  1.3932924 , -5.30429624, -1.99826767, -3.28219142,
       -3.59855093,  3.97279506, -0.81308183,  0.52317728,  0.89634119,
       -0.62328743, -1.65299121])
Classical CF = 0.3225969957882776
      fun: 0.0002606716562971805
 hess_inv: <17x17 LbfgsInvHessProduct with dtype=float64>
      jac: array([-1.84559941e-06, -5.89184192e-06,  3.28423269e-06, -2.26924057e-06,
       -6.05292184e-06,  3.96926415e-06, -3.95243191e-06,  8.26709578e-07,
       -4.61053721e-06,  6.64177372e-06,  5.02275630e-06,  6.90992402e-06,
       -9.00684692e-07, -4.62053356e-06, -1.52541825e-07, -3.58960366e-06,
       -4.22587854e-06])
  message: b'CONVERGENCE: NORM_OF_PROJECTED_GRADIENT_<=_PGTOL'
     nfev: 2628
      nit: 127
   status: 0
  success: True
        x: array([ 2.90048819, -0.17983542, -0.04267592, -1.16759027, -2.34082119,
       -1.34368887,  1.5213393 , -2.81524042,  2.52734589,  1.06690185,
       -3.65767944,  4.36384992,  0.60673209,  1.05382291, -0.75543395,
       -0.16901044, -0.26847059])
Classical CF = 0.3225969957882776
      fun: 0.00026936926246714745
 hess_inv: <17x17 LbfgsInvHessProduct with dtype=float64>
      jac: array([ 3.93864086e-05,  2.44072178e-05,  1.87644225e-05,  3.80255018e-05,
        3.23081460e-05, -3.43025033e-05,  4.14651278e-05,  2.30208485e-05,
       -6.82399178e-05, -2.28291886e-05,  2.58348030e-06, -3.82484571e-05,
        7.67232198e-05,  4.45019781e-05, -2.75675966e-05,  6.59733227e-05,
        5.30933316e-05])
  message: b'CONVERGENCE: REL_REDUCTION_OF_F_<=_FACTR*EPSMCH'
     nfev: 6102
      nit: 288
   status: 0
  success: True
        x: array([-0.78904293,  0.48227368, -0.67465168,  2.75582717, -2.37511308,
       -1.11481625, -0.79147482,  3.51017142, -2.03124081, -1.51205602,
        1.61955457,  1.17445942,  1.30545835,  1.58015588, -0.91495605,
       -0.69759315,  0.85107987])
Classical CF = 0.3225969957882776
      fun: 0.0014362033757522109
 hess_inv: <17x17 LbfgsInvHessProduct with dtype=float64>
      jac: array([-4.40934182e-06, -3.29916216e-06, -1.02785402e-05,  9.14940866e-06,
        1.11479402e-05, -1.06627814e-05,  1.21118176e-05,  3.62398913e-06,
       -6.06129730e-06,  1.26384580e-05,  4.55293355e-06, -4.75322906e-06,
        1.05685209e-05,  1.34161779e-05,  1.31574439e-05, -1.32228863e-05,
       -9.97888838e-06])
  message: b'CONVERGENCE: REL_REDUCTION_OF_F_<=_FACTR*EPSMCH'
     nfev: 1386
      nit: 70
   status: 0
  success: True
        x: array([ 0.80958736,  0.06644058,  2.45635349, -0.79574775, -0.19741328,
        1.42545405, -0.89433464, -0.78125194,  0.11656685, -0.30169822,
       -1.60716359, -0.07088493, -0.63603277,  0.03421221, -1.16240619,
       -0.7095001 ,  1.33405681])
Classical CF = 0.3225969957882776
      fun: 0.00026048474051524077
 hess_inv: <17x17 LbfgsInvHessProduct with dtype=float64>
      jac: array([-6.70000622e-06, -4.51857518e-06,  1.41326837e-06,  2.53934243e-06,
       -2.22141099e-06, -1.70727148e-06,  3.39661567e-06, -4.07198147e-06,
        3.64670859e-06,  6.78992995e-06,  7.51299522e-06, -1.05342709e-06,
        9.95536119e-07,  1.72355619e-06,  3.47984987e-06, -5.14739076e-06,
       -4.79404927e-06])
  message: b'CONVERGENCE: NORM_OF_PROJECTED_GRADIENT_<=_PGTOL'
     nfev: 2916
      nit: 146
   status: 0
  success: True
        x: array([-0.14149773,  0.82568728,  0.6746214 , -0.98040308, -2.64322637,
        1.44534389,  1.80632872, -2.04004539,  1.35439779, -0.61780176,
        3.30098522,  1.96366903, -1.32473285,  1.26399756,  0.74311953,
       -0.80644249,  0.63514256])
Classical CF = 0.3195611697343606
      fun: 0.000260959156077249
 hess_inv: <20x20 LbfgsInvHessProduct with dtype=float64>
      jac: array([ 4.90205749e-06,  8.52600868e-06, -3.52360827e-06, -5.39877388e-06,
        1.38941593e-06,  1.75146898e-06, -8.78130576e-06, -2.81612841e-06,
        8.09895770e-06, -2.72369475e-06, -7.54729395e-07,  1.53961045e-06,
       -6.33056433e-06, -2.20188451e-06,  6.36486848e-06, -6.65800423e-06,
       -3.93020577e-06, -2.66471415e-06, -1.00855197e-06,  1.48087380e-06])
  message: b'CONVERGENCE: NORM_OF_PROJECTED_GRADIENT_<=_PGTOL'
     nfev: 6258
      nit: 254
   status: 0
  success: True
        x: array([ 1.70285611, -0.72495686, -1.47595482, -0.22482717, -0.39671278,
       -0.45599293,  0.14695427, -2.10939326,  0.98614367,  1.21148509,
       -2.17605198, -0.23307887,  1.21995029, -1.39258019, -0.17548831,
       -1.21597529, -0.80171448, -0.95799055, -0.71007958,  1.70492416])
Classical CF = 0.3195611697343606
      fun: 0.0002704470070049385
 hess_inv: <20x20 LbfgsInvHessProduct with dtype=float64>
      jac: array([-6.07817833e-06, -7.54496292e-08,  3.99767567e-06, -9.74690706e-06,
       -5.40961048e-06,  4.87071321e-06,  5.11340644e-06,  4.48623343e-06,
        1.68984293e-06,  7.49626056e-06,  5.62700385e-06,  3.55866053e-06,
        3.33920717e-06,  3.88905488e-06,  8.53041054e-06, -3.45697863e-08,
       -3.46467646e-07,  1.22164648e-06, -6.26788660e-06, -4.92073287e-06])
  message: b'CONVERGENCE: NORM_OF_PROJECTED_GRADIENT_<=_PGTOL'
     nfev: 2940
      nit: 115
   status: 0
  success: True
        x: array([ 1.56505953,  0.20960385,  0.99603255,  1.45182009,  2.1332282 ,
       -1.85093676,  0.72914847, -1.11698372,  0.16613916,  0.28857826,
       -0.6810606 ,  2.15281063,  0.30667769,  0.69671467,  0.99675862,
        0.14519929,  1.8216491 , -0.94016929,  0.06933029, -2.2087001 ])
Classical CF = 0.3195611697343606
      fun: 0.00023176371917159173
 hess_inv: <20x20 LbfgsInvHessProduct with dtype=float64>
      jac: array([-3.47590609e-06,  4.02853478e-06,  9.32655103e-06, -5.21921373e-06,
       -4.96547519e-06, -6.49978389e-06,  5.17100197e-06,  4.71169870e-06,
       -1.04284365e-05,  6.23879475e-06,  1.13941435e-05, -1.16851922e-05,
        3.72961482e-06, -2.91990553e-06,  1.18404906e-06,  8.58877314e-06,
       -2.44474851e-06,  3.48558801e-06,  8.70897050e-06, -4.77613283e-06])
  message: b'CONVERGENCE: REL_REDUCTION_OF_F_<=_FACTR*EPSMCH'
     nfev: 6867
      nit: 291
   status: 0
  success: True
        x: array([ 2.5169399 , -2.11454889, -1.68367573, -2.3056383 ,  1.0714626 ,
       -3.27746514,  0.98871756, -2.30947415, -0.62456043, -0.74378493,
        2.27697752, -1.5926834 , -0.79592962, -1.72316722,  1.0691459 ,
       -2.54960962, -1.29460771, -0.95893772, -0.03482272,  2.09719047])
Classical CF = 0.3195611697343606
      fun: 0.00023183710043216617
 hess_inv: <20x20 LbfgsInvHessProduct with dtype=float64>
      jac: array([ 1.64676757e-07,  1.21261779e-06,  9.77746259e-06, -2.89122838e-06,
        3.21747024e-06, -1.16898407e-06, -2.69145329e-06,  3.33773536e-06,
       -1.19055427e-06, -5.42170746e-06, -4.26926289e-07, -2.09736200e-07,
        5.04601515e-06,  6.95569904e-08, -6.00555304e-06,  1.65911664e-06,
       -2.59948313e-06, -5.03369048e-06,  6.89614923e-07,  4.52265721e-06])
  message: b'CONVERGENCE: NORM_OF_PROJECTED_GRADIENT_<=_PGTOL'
     nfev: 8169
      nit: 340
   status: 0
  success: True
        x: array([-0.82678678,  1.91645943, -0.85276272,  1.13663886, -2.63515477,
       -0.01881246,  0.82844799, -2.28305494, -0.88193359, -0.06478163,
        1.77365154,  3.05253929, -0.80551041, -1.64054701,  0.77583341,
       -0.92802196,  3.52917858,  1.03863425,  0.43371336, -0.95324361])
Classical CF = 0.3195611697343606
      fun: 0.00011363505180934298
 hess_inv: <20x20 LbfgsInvHessProduct with dtype=float64>
      jac: array([-4.24067519e-06, -7.99299320e-06, -4.77319329e-06, -5.33264703e-06,
       -5.01092088e-06,  2.93897529e-06, -1.18257861e-06,  1.48525804e-06,
        1.63036902e-07,  3.98005468e-06, -4.90476258e-06,  4.12794798e-06,
       -8.67020350e-06, -9.77177866e-08, -8.61012379e-07, -5.02835078e-06,
        2.20085316e-06,  8.37646467e-07, -7.28117246e-06, -6.69335870e-06])
  message: b'CONVERGENCE: NORM_OF_PROJECTED_GRADIENT_<=_PGTOL'
     nfev: 10689
      nit: 431
   status: 0
  success: True
        x: array([ 2.48794156,  3.10174141,  0.64823891, -4.60155176,  1.50546536,
       -1.04633384, -0.38665856, -3.06714372,  2.16286621,  0.04055177,
       -3.00524484, -2.20745142,  0.21811861, -1.47230505,  0.27438035,
        1.40527823, -3.17406514, -2.08904965,  1.4587217 , -2.21897127])
Classical CF = 0.3195611697343606
      fun: 0.0002626197370000054
 hess_inv: <20x20 LbfgsInvHessProduct with dtype=float64>
      jac: array([-9.85029116e-06,  7.36214475e-06, -2.04962295e-05, -1.38192897e-05,
        4.08696514e-06,  5.91665931e-06, -2.24428766e-06, -6.06787298e-06,
       -6.85719927e-06, -3.55214989e-06, -5.30278404e-06, -9.41088570e-06,
       -6.32765325e-06, -6.26061160e-06, -3.88877298e-06, -4.77717367e-06,
       -7.67981056e-06, -9.59095542e-06, -1.48633276e-06,  8.49753211e-06])
  message: b'CONVERGENCE: REL_REDUCTION_OF_F_<=_FACTR*EPSMCH'
     nfev: 7014
      nit: 282
   status: 0
  success: True
        x: array([-0.10591934,  2.66939344, -0.65626228,  0.83689358, -4.5202066 ,
       -1.5980892 , -1.01484863,  1.17687187,  0.29805092, -0.63029062,
        0.72596365, -0.63706171,  0.94368092, -0.42631641, -0.15362915,
       -0.07642596,  0.79181691,  2.22351553,  2.32955086, -0.52252205])
Classical CF = 0.3195611697343606
      fun: 0.00026592164672701387
 hess_inv: <20x20 LbfgsInvHessProduct with dtype=float64>
      jac: array([ 2.53060322e-05,  1.83539761e-05,  6.19535348e-06, -2.51399487e-05,
       -1.93188239e-05, -1.70529281e-06, -2.71672333e-06,  6.31750511e-06,
        2.83969083e-05, -3.61597145e-06,  4.82580013e-06,  1.09780945e-05,
        5.48253391e-06,  6.92503780e-06,  5.11254450e-06,  1.81685775e-05,
        3.46522398e-06,  5.99530733e-06,  1.67155135e-05,  1.96660179e-06])
  message: b'CONVERGENCE: REL_REDUCTION_OF_F_<=_FACTR*EPSMCH'
     nfev: 6636
      nit: 262
   status: 0
  success: True
        x: array([ 0.60196173,  0.77503296,  2.99773753, -0.93584592, -1.76894014,
        1.96448076, -0.78092299, -1.46150035,  0.27246578, -0.27537101,
       -1.65238904, -0.82883238, -0.40181449,  0.66670338, -1.51130059,
       -1.11173766,  2.33006059,  1.10111388, -0.94381618, -1.33660684])
Classical CF = 0.3195611697343606
      fun: 0.00026025566899016007
 hess_inv: <20x20 LbfgsInvHessProduct with dtype=float64>
      jac: array([-7.13186021e-06, -5.89507826e-07, -2.04600876e-06,  2.54267636e-06,
        7.39362998e-06,  6.66991961e-06,  3.04024384e-06,  1.99921460e-06,
        6.23742052e-06,  5.20548773e-06,  2.28171974e-06,  8.14802869e-06,
        7.96783971e-06,  3.39262581e-06, -8.08619664e-07,  7.89261777e-06,
        3.32677679e-06,  4.06401800e-06, -1.63626166e-06,  5.16707445e-06])
  message: b'CONVERGENCE: NORM_OF_PROJECTED_GRADIENT_<=_PGTOL'
     nfev: 1449
      nit: 63
   status: 0
  success: True
        x: array([-0.46570513,  1.22968855,  0.67324784, -0.74971839, -1.63819669,
        2.07878847,  1.57590563, -1.69124437,  1.94411802, -1.06449741,
        2.87777795,  2.14896252, -1.29191359,  1.89118809, -0.02336974,
       -0.70883188,  0.69749927, -0.88262217,  0.84591187,  1.14295855])
Classical CF = 0.31781766985696724
      fun: 0.00026537845657570447
 hess_inv: <23x23 LbfgsInvHessProduct with dtype=float64>
      jac: array([ 1.02460683e-05,  9.30955074e-06, -2.17166237e-06, -4.81172177e-06,
       -2.15458619e-06,  8.13330523e-07, -5.54328176e-06, -5.69232704e-06,
        7.02661128e-06, -4.46494512e-06,  1.59648228e-06,  4.42458570e-06,
       -4.72417244e-06,  1.50856432e-06, -1.39378526e-06, -6.96882873e-06,
        2.99007780e-06, -2.21647245e-06, -3.08815473e-06, -5.93462996e-06,
        2.87627452e-06, -3.31839048e-06,  3.69230471e-07])
  message: b'CONVERGENCE: REL_REDUCTION_OF_F_<=_FACTR*EPSMCH'
     nfev: 4992
      nit: 171
   status: 0
  success: True
        x: array([ 1.79089776e+00, -1.29884639e+00, -1.49891920e+00,  5.29208500e-01,
       -9.91772070e-01, -1.01624589e+00,  3.16836929e-01, -2.37188497e+00,
        1.56745505e+00,  7.46526434e-01, -1.01910588e+00, -2.57871404e-02,
        8.10802728e-01, -7.93668764e-01, -1.36965211e+00, -1.31690311e+00,
        1.76021611e-01,  9.21303565e-01, -1.83734548e-03, -2.27861436e+00,
        1.40381739e+00,  1.60424517e-01,  2.84920112e-01])
Classical CF = 0.31781766985696724
      fun: 0.00026321811923541105
 hess_inv: <23x23 LbfgsInvHessProduct with dtype=float64>
      jac: array([ 4.19995527e-06,  7.37804999e-07,  5.97717947e-06, -1.18842653e-06,
       -9.04262559e-07, -1.48341083e-06, -5.82282161e-06, -6.46179074e-07,
        8.64174184e-07, -5.99538865e-06, -6.98605670e-08,  1.58697925e-06,
        4.55907014e-06,  1.40386834e-06, -1.37036107e-06,  3.45584021e-06,
        4.07443176e-08,  2.35309819e-07,  6.49687010e-06,  2.34030460e-06,
        1.80538635e-06, -6.84589104e-06, -2.37910277e-06])
  message: b'CONVERGENCE: NORM_OF_PROJECTED_GRADIENT_<=_PGTOL'
     nfev: 5256
      nit: 195
   status: 0
  success: True
        x: array([ 1.47129096,  0.19841164,  1.06903859,  1.83931455,  2.26185355,
       -2.04411664,  0.96531374, -0.80143044,  0.34445049,  0.33586552,
       -0.44525191,  2.40028227,  0.51762829,  1.13106208,  1.15444332,
        0.14914172,  2.61612106, -0.63453541, -0.17503725, -1.03661941,
       -3.67908536, -0.2044902 ,  1.05353089])
Classical CF = 0.31781766985696724
      fun: 9.444661705562639e-05
 hess_inv: <23x23 LbfgsInvHessProduct with dtype=float64>
      jac: array([ 6.80766370e-05,  3.06669878e-05, -2.23933895e-05, -1.23197432e-05,
       -4.23487471e-06, -6.50869156e-05, -3.12335742e-05, -8.81913086e-06,
        2.01491832e-05, -3.94758309e-05, -3.03158025e-05, -3.86280404e-05,
       -5.91501335e-05, -2.60951837e-05, -5.22175822e-05, -5.86336440e-05,
       -2.57255792e-05,  3.69085703e-05, -6.66353989e-05, -3.22726912e-05,
        6.06778232e-05, -1.18318183e-05,  4.21008714e-06])
  message: b'STOP: TOTAL NO. of f AND g EVALUATIONS EXCEEDS LIMIT'
     nfev: 15024
      nit: 536
   status: 1
  success: False
        x: array([ 0.84677106, -4.47157377, -1.75890703, -0.65565906,  2.76709988,
       -1.1287988 ,  2.55572834, -1.21204327, -4.31460258, -0.13899375,
        2.67658318, -1.48086605,  0.51484258, -1.31819659,  1.05397367,
       -0.86662481, -1.47519405, -0.2491043 ,  0.46272381, -3.00075519,
       -1.37342162,  1.34116009,  2.07070076])
Classical CF = 0.31781766985696724
      fun: 0.00025926983387052397
 hess_inv: <23x23 LbfgsInvHessProduct with dtype=float64>
      jac: array([-3.31300200e-06, -5.49228089e-06,  1.10380726e-05,  4.29718110e-06,
        3.64545091e-06, -4.66232413e-06, -4.45873265e-06, -4.14892730e-06,
       -3.29389836e-06, -2.28180647e-06, -4.81338060e-06, -6.18217500e-07,
        5.71103494e-08,  7.24485576e-07,  2.95609891e-06, -5.12649818e-06,
       -2.43907542e-07,  5.55224811e-06,  8.83401967e-06,  5.76636178e-06,
        2.41478929e-06, -1.00818063e-05, -3.93440163e-06])
  message: b'CONVERGENCE: REL_REDUCTION_OF_F_<=_FACTR*EPSMCH'
     nfev: 7104
      nit: 252
   status: 0
  success: True
        x: array([-1.57174467, -2.08909997, -2.55737029,  2.92505055, -2.9680307 ,
       -2.60824108, -0.15416419, -0.35379857, -1.70315647, -0.08779094,
        0.4926368 ,  2.62942249,  0.76295183, -3.1390308 ,  0.29915623,
        0.57508796, -1.07444028,  1.07729714, -0.918491  ,  0.65221592,
       -3.32445186,  0.01987889, -0.92484179])
Classical CF = 0.31781766985696724
      fun: 0.00023576783228455977
 hess_inv: <23x23 LbfgsInvHessProduct with dtype=float64>
      jac: array([-9.15234685e-07, -8.46769486e-06, -3.59369923e-06, -8.66190800e-07,
       -8.69912866e-06, -3.05557988e-07, -1.17645965e-06, -6.06497274e-07,
       -8.82098214e-06,  8.59093612e-06,  3.61117928e-07, -1.68563080e-06,
       -2.71608365e-06, -8.35254988e-06,  5.15586922e-06, -3.23410461e-06,
       -7.74844056e-06, -1.49395741e-06, -2.79568306e-06,  8.39827340e-06,
        9.77132871e-06,  6.91761373e-06, -4.02352305e-06])
  message: b'CONVERGENCE: NORM_OF_PROJECTED_GRADIENT_<=_PGTOL'
     nfev: 6144
      nit: 217
   status: 0
  success: True
        x: array([ 2.07607786, -0.32887115,  0.11340438, -1.62083013, -0.95799194,
       -0.74564768,  0.44610292, -1.22704381, -0.32719488,  0.14700881,
       -1.7697507 ,  0.63435367,  0.84912875,  2.51292852,  0.03241411,
       -0.42050421,  0.655135  , -1.65254963,  0.48189567, -1.70901073,
       -1.56546617, -1.35378663,  2.05569651])
Classical CF = 0.31781766985696724
      fun: 0.0002654278671943177
 hess_inv: <23x23 LbfgsInvHessProduct with dtype=float64>
      jac: array([ 7.67159773e-07, -4.22368304e-06,  1.59491561e-07, -2.30497045e-06,
       -1.69265643e-06, -4.16252319e-07, -1.36536832e-06,  2.81622056e-06,
        2.57397727e-06, -1.58493552e-06,  1.67129765e-07, -2.20608037e-07,
       -3.50023829e-07,  2.05905171e-06,  1.81429307e-06, -1.61259894e-06,
        2.16987886e-06, -5.73216062e-06,  3.30916934e-06,  3.61029024e-06,
       -1.00382539e-05, -2.48230798e-06,  4.50728864e-06])
  message: b'CONVERGENCE: REL_REDUCTION_OF_F_<=_FACTR*EPSMCH'
     nfev: 3960
      nit: 138
   status: 0
  success: True
        x: array([-0.06839516,  1.96539579, -0.9144518 , -0.09095519, -2.50132191,
       -2.23533338, -1.80605927,  0.84314054,  0.45668337, -2.02108335,
        1.00833045, -0.45846037, -0.29227643,  0.72262705, -0.60641149,
        0.43814609,  1.06189815,  1.95646631,  0.96700812, -0.80362009,
       -0.84840829,  0.32829662,  0.86245412])
Classical CF = 0.31781766985696724
      fun: 0.00023060902897692785
 hess_inv: <23x23 LbfgsInvHessProduct with dtype=float64>
      jac: array([ 4.66242713e-06,  7.50987272e-06, -7.95679711e-07, -1.61578921e-06,
       -8.06522275e-06,  3.43516990e-06,  3.60503728e-06, -8.11953586e-07,
        8.39917870e-06,  1.87646123e-06, -1.78603876e-06,  1.51081404e-06,
       -5.65823159e-06, -9.58007274e-06,  5.25839680e-06,  1.28066503e-06,
        8.68077311e-07, -1.36254398e-07,  2.15694975e-06, -6.66944256e-07,
        5.69536551e-06,  8.29598976e-06,  2.83249444e-06])
  message: b'CONVERGENCE: NORM_OF_PROJECTED_GRADIENT_<=_PGTOL'
     nfev: 11280
      nit: 387
   status: 0
  success: True
        x: array([-1.17900803, -0.9884024 ,  2.69507057,  0.01160668,  1.09285919,
        2.37490761, -2.43309316,  1.18126539,  0.63763122, -1.37136294,
        0.37814826,  0.9600633 ,  0.34587698,  0.39524974, -1.16526051,
        0.2692051 ,  4.43243926,  2.93061734, -1.29852574,  3.58122644,
       -2.48951776, -1.02027921, -2.18296399])/home/adrianps/Universal-Approximator/qibo_sim/classes/ApproximantNN.py:397: RuntimeWarning: More than 20 figures have been opened. Figures created through the pyplot interface (`matplotlib.pyplot.figure`) are retained until explicitly closed and may consume too much memory. (To control this warning, see the rcParam `figure.max_open_warning`).
  fig, axs = plt.subplots()
/home/adrianps/Universal-Approximator/qibo_sim/classes/ApproximantNN.py:397: RuntimeWarning: More than 20 figures have been opened. Figures created through the pyplot interface (`matplotlib.pyplot.figure`) are retained until explicitly closed and may consume too much memory. (To control this warning, see the rcParam `figure.max_open_warning`).
  fig, axs = plt.subplots()
/home/adrianps/Universal-Approximator/qibo_sim/classes/ApproximantNN.py:397: RuntimeWarning: More than 20 figures have been opened. Figures created through the pyplot interface (`matplotlib.pyplot.figure`) are retained until explicitly closed and may consume too much memory. (To control this warning, see the rcParam `figure.max_open_warning`).
  fig, axs = plt.subplots()
/home/adrianps/Universal-Approximator/qibo_sim/classes/ApproximantNN.py:397: RuntimeWarning: More than 20 figures have been opened. Figures created through the pyplot interface (`matplotlib.pyplot.figure`) are retained until explicitly closed and may consume too much memory. (To control this warning, see the rcParam `figure.max_open_warning`).
  fig, axs = plt.subplots()
/home/adrianps/Universal-Approximator/qibo_sim/classes/ApproximantNN.py:397: RuntimeWarning: More than 20 figures have been opened. Figures created through the pyplot interface (`matplotlib.pyplot.figure`) are retained until explicitly closed and may consume too much memory. (To control this warning, see the rcParam `figure.max_open_warning`).
  fig, axs = plt.subplots()
/home/adrianps/Universal-Approximator/qibo_sim/classes/ApproximantNN.py:397: RuntimeWarning: More than 20 figures have been opened. Figures created through the pyplot interface (`matplotlib.pyplot.figure`) are retained until explicitly closed and may consume too much memory. (To control this warning, see the rcParam `figure.max_open_warning`).
  fig, axs = plt.subplots()
/home/adrianps/Universal-Approximator/qibo_sim/classes/ApproximantNN.py:397: RuntimeWarning: More than 20 figures have been opened. Figures created through the pyplot interface (`matplotlib.pyplot.figure`) are retained until explicitly closed and may consume too much memory. (To control this warning, see the rcParam `figure.max_open_warning`).
  fig, axs = plt.subplots()
/home/adrianps/Universal-Approximator/qibo_sim/classes/ApproximantNN.py:397: RuntimeWarning: More than 20 figures have been opened. Figures created through the pyplot interface (`matplotlib.pyplot.figure`) are retained until explicitly closed and may consume too much memory. (To control this warning, see the rcParam `figure.max_open_warning`).
  fig, axs = plt.subplots()
/home/adrianps/Universal-Approximator/qibo_sim/classes/ApproximantNN.py:397: RuntimeWarning: More than 20 figures have been opened. Figures created through the pyplot interface (`matplotlib.pyplot.figure`) are retained until explicitly closed and may consume too much memory. (To control this warning, see the rcParam `figure.max_open_warning`).
  fig, axs = plt.subplots()
/home/adrianps/Universal-Approximator/qibo_sim/classes/ApproximantNN.py:397: RuntimeWarning: More than 20 figures have been opened. Figures created through the pyplot interface (`matplotlib.pyplot.figure`) are retained until explicitly closed and may consume too much memory. (To control this warning, see the rcParam `figure.max_open_warning`).
  fig, axs = plt.subplots()
/home/adrianps/Universal-Approximator/qibo_sim/classes/ApproximantNN.py:397: RuntimeWarning: More than 20 figures have been opened. Figures created through the pyplot interface (`matplotlib.pyplot.figure`) are retained until explicitly closed and may consume too much memory. (To control this warning, see the rcParam `figure.max_open_warning`).
  fig, axs = plt.subplots()
/home/adrianps/Universal-Approximator/qibo_sim/classes/ApproximantNN.py:397: RuntimeWarning: More than 20 figures have been opened. Figures created through the pyplot interface (`matplotlib.pyplot.figure`) are retained until explicitly closed and may consume too much memory. (To control this warning, see the rcParam `figure.max_open_warning`).
  fig, axs = plt.subplots()
/home/adrianps/Universal-Approximator/qibo_sim/classes/ApproximantNN.py:397: RuntimeWarning: More than 20 figures have been opened. Figures created through the pyplot interface (`matplotlib.pyplot.figure`) are retained until explicitly closed and may consume too much memory. (To control this warning, see the rcParam `figure.max_open_warning`).
  fig, axs = plt.subplots()
/home/adrianps/Universal-Approximator/qibo_sim/classes/ApproximantNN.py:397: RuntimeWarning: More than 20 figures have been opened. Figures created through the pyplot interface (`matplotlib.pyplot.figure`) are retained until explicitly closed and may consume too much memory. (To control this warning, see the rcParam `figure.max_open_warning`).
  fig, axs = plt.subplots()
/home/adrianps/Universal-Approximator/qibo_sim/classes/ApproximantNN.py:397: RuntimeWarning: More than 20 figures have been opened. Figures created through the pyplot interface (`matplotlib.pyplot.figure`) are retained until explicitly closed and may consume too much memory. (To control this warning, see the rcParam `figure.max_open_warning`).
  fig, axs = plt.subplots()
/home/adrianps/Universal-Approximator/qibo_sim/classes/ApproximantNN.py:397: RuntimeWarning: More than 20 figures have been opened. Figures created through the pyplot interface (`matplotlib.pyplot.figure`) are retained until explicitly closed and may consume too much memory. (To control this warning, see the rcParam `figure.max_open_warning`).
  fig, axs = plt.subplots()
/home/adrianps/Universal-Approximator/qibo_sim/classes/ApproximantNN.py:397: RuntimeWarning: More than 20 figures have been opened. Figures created through the pyplot interface (`matplotlib.pyplot.figure`) are retained until explicitly closed and may consume too much memory. (To control this warning, see the rcParam `figure.max_open_warning`).
  fig, axs = plt.subplots()
/home/adrianps/Universal-Approximator/qibo_sim/classes/ApproximantNN.py:397: RuntimeWarning: More than 20 figures have been opened. Figures created through the pyplot interface (`matplotlib.pyplot.figure`) are retained until explicitly closed and may consume too much memory. (To control this warning, see the rcParam `figure.max_open_warning`).
  fig, axs = plt.subplots()
/home/adrianps/Universal-Approximator/qibo_sim/classes/ApproximantNN.py:397: RuntimeWarning: More than 20 figures have been opened. Figures created through the pyplot interface (`matplotlib.pyplot.figure`) are retained until explicitly closed and may consume too much memory. (To control this warning, see the rcParam `figure.max_open_warning`).
  fig, axs = plt.subplots()
/home/adrianps/Universal-Approximator/qibo_sim/classes/ApproximantNN.py:397: RuntimeWarning: More than 20 figures have been opened. Figures created through the pyplot interface (`matplotlib.pyplot.figure`) are retained until explicitly closed and may consume too much memory. (To control this warning, see the rcParam `figure.max_open_warning`).
  fig, axs = plt.subplots()
/home/adrianps/Universal-Approximator/qibo_sim/classes/ApproximantNN.py:397: RuntimeWarning: More than 20 figures have been opened. Figures created through the pyplot interface (`matplotlib.pyplot.figure`) are retained until explicitly closed and may consume too much memory. (To control this warning, see the rcParam `figure.max_open_warning`).
  fig, axs = plt.subplots()
/home/adrianps/Universal-Approximator/qibo_sim/classes/ApproximantNN.py:397: RuntimeWarning: More than 20 figures have been opened. Figures created through the pyplot interface (`matplotlib.pyplot.figure`) are retained until explicitly closed and may consume too much memory. (To control this warning, see the rcParam `figure.max_open_warning`).
  fig, axs = plt.subplots()

Classical CF = 0.31781766985696724
      fun: 0.00028048217450623377
 hess_inv: <23x23 LbfgsInvHessProduct with dtype=float64>
      jac: array([-8.01975131e-06, -7.34909637e-06,  9.85541401e-06, -3.52945212e-06,
       -6.46698407e-06,  3.22949133e-05, -1.90658524e-05, -9.75163960e-07,
       -4.14511632e-06,  3.29377151e-05,  1.49515057e-05,  4.86514583e-06,
        3.00166955e-05,  1.50812468e-05,  4.22289157e-06,  3.29557020e-05,
        9.06650514e-06, -1.67352568e-06,  3.91992862e-05,  1.35992183e-05,
        1.55222460e-05,  3.85507706e-05,  1.35448835e-05])
  message: b'CONVERGENCE: REL_REDUCTION_OF_F_<=_FACTR*EPSMCH'
     nfev: 3288
      nit: 120
   status: 0
  success: True
        x: array([-0.63171546,  0.82606348,  0.08298948, -1.13629894, -2.30149157,
        1.8445822 ,  1.26036963, -1.55486365,  1.7692671 , -1.01526111,
        2.76820759,  0.21468084, -0.72115655,  1.27130809,  0.68886747,
        0.25623877, -0.64729305, -0.21857316,  0.73796515,  0.07604206,
        0.03578505,  2.33733298, -2.22721442])
Classical CF = 0.31643428884847624
      fun: 0.0002626203898459847
 hess_inv: <26x26 LbfgsInvHessProduct with dtype=float64>
      jac: array([-4.42736668e-06,  1.56718714e-06,  5.45218167e-06,  9.08702367e-07,
        1.59032401e-06,  9.94994018e-06,  2.48931735e-06,  2.25459300e-06,
       -3.40493692e-07, -1.12648064e-06, -3.42106443e-06,  1.51476596e-06,
       -1.04449869e-06, -3.57546566e-06,  4.70146383e-06, -1.04733388e-06,
       -3.45270145e-06,  1.44772974e-06, -2.29074030e-06, -2.58221721e-06,
        2.28072769e-06, -2.55818587e-06, -4.47522878e-06,  5.77706286e-07,
        1.84929112e-06, -3.17859346e-06])
  message: b'CONVERGENCE: NORM_OF_PROJECTED_GRADIENT_<=_PGTOL'
     nfev: 4563
      nit: 150
   status: 0
  success: True
        x: array([ 1.75340529, -0.20361076, -1.0646062 ,  0.61677803, -0.65149649,
       -0.1715842 ,  0.30591788, -1.66225185,  1.25463615,  0.77436194,
       -1.12758812, -0.04353152,  0.73677619, -0.65024045,  0.06094787,
       -1.16652197,  0.21114811,  0.34590972,  0.37662478, -1.89142725,
        1.04768368,  0.10542033, -1.08485836,  1.60362038, -0.02541967,
       -1.61522847])
Classical CF = 0.31643428884847624
      fun: 0.00010383554129526921
 hess_inv: <26x26 LbfgsInvHessProduct with dtype=float64>
      jac: array([ 1.18931815e-05,  8.48864436e-06, -1.50039757e-06,  1.40242337e-05,
        1.36622674e-05,  5.48755377e-06,  1.16440494e-05,  1.27053804e-05,
        1.02546688e-06,  1.54024973e-05,  1.47374829e-05,  5.80380606e-06,
       -4.04529383e-07, -2.49920120e-06,  1.48352291e-05, -5.68373202e-06,
       -1.30114425e-06, -5.31455305e-06,  1.11934550e-05,  8.03173175e-06,
       -3.89754147e-06, -1.16689237e-05, -6.64030463e-06,  4.95215170e-06,
        1.06122806e-05,  6.79915380e-06])
  message: b'CONVERGENCE: REL_REDUCTION_OF_F_<=_FACTR*EPSMCH'
     nfev: 14661
      nit: 458
   status: 0
  success: True
        x: array([ 1.32310077,  3.04038944, -1.10466294,  1.32121828,  2.84382567,
       -0.84164787,  0.8197513 , -1.13972609,  0.32693923, -0.01283638,
       -1.38892106,  1.7601353 ,  1.88040704, -1.02681774,  0.59056062,
        2.15118579,  0.21397511,  2.67237789,  0.75182214, -1.93135284,
       -3.41255857,  0.46774216,  1.85673957, -2.43244259,  1.81940464,
       -1.78712142])
Classical CF = 0.31643428884847624
      fun: 9.95900669785828e-05
 hess_inv: <26x26 LbfgsInvHessProduct with dtype=float64>
      jac: array([-9.14129747e-06, -1.51637465e-06,  1.42833770e-05, -1.66832043e-05,
       -1.22902963e-05, -3.98422614e-06,  1.33634355e-05,  1.05245456e-05,
       -6.62150727e-06, -1.02103723e-05, -1.85442888e-06,  7.13199302e-06,
        8.94794221e-06, -8.06815823e-07,  7.56856464e-06,  2.73186692e-06,
        4.84909015e-06, -6.84253544e-08,  2.70736938e-06,  4.88277767e-06,
       -3.87926589e-06,  4.63751216e-06,  2.05553483e-06, -1.12854970e-05,
        7.24144459e-06,  1.56026315e-06])
  message: b'CONVERGENCE: REL_REDUCTION_OF_F_<=_FACTR*EPSMCH'
     nfev: 12474
      nit: 383
   status: 0
  success: True
        x: array([ 3.69920383, -1.40460026, -1.26924489, -1.86386718,  1.12887557,
       -3.47142037,  1.76037787, -0.70615648,  2.33714412, -0.30292311,
        2.36706536, -2.41578223,  0.59014355,  0.3581079 ,  1.54886808,
       -1.33525845,  2.31001323,  0.04443985, -0.03579726,  2.74462694,
       -0.89291412,  0.42803224,  2.33053431, -1.00607761,  1.31951101,
       -1.21363389])
Classical CF = 0.31643428884847624
      fun: 0.000259598698852479
 hess_inv: <26x26 LbfgsInvHessProduct with dtype=float64>
      jac: array([-5.49765311e-06,  6.59010607e-07, -5.33336396e-06, -5.09244339e-07,
       -1.87523608e-06,  3.31440604e-07, -2.47753749e-06, -2.61707431e-06,
        1.86311470e-06, -3.77262241e-06,  4.59696300e-07,  3.75648948e-07,
       -2.72660583e-06,  5.51121648e-07, -2.20340239e-06,  4.40489659e-07,
       -1.12380266e-06,  1.48680439e-06,  3.47448307e-06,  2.22427328e-06,
       -4.53639405e-06,  2.99933689e-06,  2.51031292e-06,  3.99631500e-07,
        9.81647489e-07,  1.59520292e-06])
  message: b'CONVERGENCE: NORM_OF_PROJECTED_GRADIENT_<=_PGTOL'
     nfev: 11934
      nit: 376
   status: 0
  success: True
        x: array([-2.10984028,  0.15310074, -1.74173683,  1.38324675, -2.02645975,
        0.86433737, -0.03563374, -2.14046722, -0.62926969, -1.08934145,
        0.46687207,  1.6422415 ,  0.7776381 , -0.98616023,  0.75423731,
       -0.86592781,  0.16831609,  0.99702988, -1.66674317, -2.15115624,
       -1.60586949, -0.89405983,  1.42666329, -0.22531476, -0.98804464,
        0.92388397])
Classical CF = 0.31643428884847624
      fun: 0.00024799048796446887
 hess_inv: <26x26 LbfgsInvHessProduct with dtype=float64>
      jac: array([ 8.29772449e-06,  3.21318493e-06,  1.94446022e-05,  1.03913568e-05,
        2.06928658e-06,  2.90951074e-07,  1.39194103e-05,  4.91452040e-06,
       -4.97120791e-06,  1.71603183e-05,  3.71126740e-06,  1.06013885e-05,
        2.99315314e-05,  2.75907227e-06, -6.71099461e-07,  2.38856461e-05,
       -6.48997999e-07,  2.30596792e-06, -1.95168317e-05, -1.52824259e-06,
       -5.40507309e-07, -2.22521166e-05, -6.10763610e-06, -1.39695655e-06,
       -2.28738090e-05, -6.74215458e-06])
  message: b'CONVERGENCE: REL_REDUCTION_OF_F_<=_FACTR*EPSMCH'
     nfev: 4941
      nit: 151
   status: 0
  success: True
        x: array([ 2.03881513, -0.39294386,  0.20708099, -1.79182475, -1.19599176,
       -0.36220403,  0.24112354, -1.20416973, -0.65921487,  0.06966964,
       -1.64806367,  0.60543784,  1.04580896,  2.34194317, -0.69804576,
       -0.17379485,  0.07065434, -1.60095553,  0.82252722, -2.01441827,
       -1.33042427, -0.45458596,  2.17238973,  0.23852733, -1.27878907,
        0.04050951])
Classical CF = 0.31643428884847624
      fun: 0.00023906497171812715
 hess_inv: <26x26 LbfgsInvHessProduct with dtype=float64>
      jac: array([-6.76592029e-06,  5.83172833e-06, -5.40299522e-05, -2.49802620e-06,
       -8.06559680e-07, -2.91768535e-05, -2.12636874e-05, -1.15546380e-05,
       -1.74311005e-05,  7.39635404e-06, -5.72552260e-06,  4.88259606e-06,
        1.48451618e-05, -1.37057520e-06, -3.38332362e-05, -3.45897302e-05,
       -1.43587101e-05, -1.56678029e-05,  4.50821238e-05,  1.37552215e-05,
       -9.61075566e-06,  2.45889897e-05, -1.80031500e-06, -7.76480388e-06,
       -3.83534187e-05, -1.70598290e-05])
  message: b'CONVERGENCE: REL_REDUCTION_OF_F_<=_FACTR*EPSMCH'
     nfev: 9045
      nit: 286
   status: 0
  success: True
        x: array([-1.13690505, -0.89847118, -1.46160662, -0.11349862, -2.45951141,
       -1.03886539, -0.55960853,  0.95337197,  0.80102522, -1.11620401,
        1.11497799,  0.18127882,  0.49499945,  0.86934434, -1.6888661 ,
       -0.05329786, -3.30985463,  2.5968478 ,  0.5972393 ,  0.16481816,
       -1.34860995,  0.40550764, -0.95861633, -1.78794099,  2.59867937,
       -0.25779358])
Classical CF = 0.31643428884847624
      fun: 0.00010258196510083655
 hess_inv: <26x26 LbfgsInvHessProduct with dtype=float64>
      jac: array([ 5.09608035e-05,  1.76799479e-05,  3.93185403e-05, -9.24323389e-05,
       -3.49579781e-05,  4.60767614e-05, -8.67588621e-05, -4.03279190e-05,
        3.85721660e-05, -7.05868645e-05, -3.06805823e-05, -1.64135280e-05,
       -1.16664938e-05, -1.39986045e-05, -8.50186837e-05,  3.40926153e-05,
        9.94905520e-06, -4.71141314e-05,  5.36406897e-05,  1.91894027e-05,
       -1.70087401e-05,  2.13273870e-05,  8.47957772e-06,  3.47447819e-05,
       -7.16530649e-06,  1.04553641e-05])
  message: b'CONVERGENCE: REL_REDUCTION_OF_F_<=_FACTR*EPSMCH'
     nfev: 13149
      nit: 420
   status: 0
  success: True
        x: array([-0.19473793,  1.28651539,  2.53034137, -0.86720365, -0.84011875,
        0.66225124, -0.72610367, -1.67414226, -0.40138049, -0.02657166,
       -2.30918901, -0.8195505 , -1.34643397,  1.11394315, -1.26700642,
       -1.56489846,  0.89872724,  1.861582  , -1.23352436, -2.71683664,
       -0.61752431, -1.1293431 , -2.45057511, -1.15950836,  0.77472209,
        1.48443636])