cma
(3_w,6)-aCMA-ES (mu_w=2.0,w_1=63%) in dimension 2 (seed=581138, Fri Nov 27 15:27:04 2020)
Iterat #Fevals   function value  axis ratio  sigma  min&max std  t[m:s]
    1      6 9.458316822903937e-01 1.0e+00 8.17e-01  7e-01  7e-01 0:00.3
    2     12 8.475471708542218e-01 1.0e+00 8.06e-01  6e-01  8e-01 0:00.5
    3     18 7.927337907042121e-01 1.4e+00 1.32e+00  1e+00  1e+00 0:00.8
   15     90 4.349174892232363e-01 2.2e+00 4.25e-01  1e-01  3e-01 0:04.0
   31    186 4.340625482724946e-01 2.3e+00 1.77e-02  8e-04  2e-03 0:08.2
   51    306 4.340623132718602e-01 2.9e+00 1.56e-03  1e-05  4e-05 0:13.4
   74    444 4.340623132229073e-01 1.9e+00 6.03e-05  7e-08  1e-07 0:19.5
   79    474 4.340623132229068e-01 2.1e+00 3.09e-05  3e-08  4e-08 0:20.8
termination on tolfun=1e-11 (Fri Nov 27 15:27:25 2020)
final/bestever f-value = 4.340623e-01 4.340623e-01
incumbent solution: [-3.707137755467321e-09, 2.5010645666882088]
std deviation: [2.5083237456915866e-08, 3.989376819500162e-08]
cma
(3_w,6)-aCMA-ES (mu_w=2.0,w_1=63%) in dimension 2 (seed=648103, Fri Nov 27 15:27:25 2020)
Iterat #Fevals   function value  axis ratio  sigma  min&max std  t[m:s]
    1      6 1.463545231940959e+00 1.0e+00 7.58e-01  6e-01  7e-01 0:00.3
    2     12 1.215217727265696e+00 1.2e+00 5.51e-01  4e-01  6e-01 0:00.5
    3     18 9.813637272382640e-01 1.6e+00 6.11e-01  4e-01  7e-01 0:00.8
   15     90 4.576114081841136e-01 2.4e+00 1.71e+00  1e+00  1e+00 0:03.9
   31    186 4.382850251669316e-01 4.7e+00 3.15e-01  3e-02  1e-01 0:08.1
   51    306 4.380418836076012e-01 2.2e+00 4.18e-02  1e-03  2e-03 0:13.3
   74    444 4.380416812733404e-01 4.7e+00 1.02e-03  2e-06  8e-06 0:19.3
   90    540 4.380416812716336e-01 3.8e+00 1.13e-04  6e-08  2e-07 0:23.6
termination on tolfun=1e-11 (Fri Nov 27 15:27:49 2020)
final/bestever f-value = 4.380417e-01 4.380417e-01
incumbent solution: [3.141592663696628, -1.3238621577875473]
std deviation: [6.317614765776236e-08, 1.991820791071678e-07]
cma
(4_w,8)-aCMA-ES (mu_w=2.6,w_1=52%) in dimension 5 (seed=610900, Fri Nov 27 15:27:49 2020)
Iterat #Fevals   function value  axis ratio  sigma  min&max std  t[m:s]
    1      8 4.016103103062456e-01 1.0e+00 9.58e-01  9e-01  1e+00 0:00.4
    2     16 5.255137985712779e-01 1.3e+00 9.12e-01  8e-01  1e+00 0:00.8
    3     24 3.783869233028280e-01 1.5e+00 9.41e-01  7e-01  1e+00 0:01.2
   11     88 8.461660268119081e-02 2.8e+00 5.16e-01  4e-01  5e-01 0:04.6
   21    168 5.553527759913051e-02 2.5e+00 1.68e-01  9e-02  1e-01 0:08.7
   34    272 5.379001184717248e-02 2.5e+00 8.01e-02  2e-02  5e-02 0:14.1
   49    392 4.987758627821116e-02 8.6e+00 1.06e-01  2e-02  9e-02 0:20.3
   66    528 3.392812499057409e-02 7.0e+00 3.05e-01  5e-02  2e-01 0:27.3
   86    688 3.178792439547364e-02 7.5e+00 4.30e-02  3e-03  2e-02 0:35.7
  100    800 3.178283935613088e-02 6.4e+00 7.42e-03  3e-04  2e-03 0:41.5
  125   1000 3.178237905482794e-02 7.5e+00 1.56e-03  4e-05  2e-04 0:51.8
  152   1216 3.178237793637801e-02 6.6e+00 1.07e-04  1e-06  5e-06 1:03.0
  175   1400 3.178237793424411e-02 6.9e+00 1.23e-05  7e-08  3e-07 1:12.7
termination on tolfun=1e-11 (Fri Nov 27 15:29:02 2020)
final/bestever f-value = 3.178238e-02 3.178238e-02
incumbent solution: [3.1415925743449247, 2.3050215342730316, -0.7853981738959998, -3.141592568978266, 7.845253282358077e-08]
std deviation: [1.6343868557351845e-07, 2.7997107173116403e-07, 6.570713377384995e-08, 1.6889722159970696e-07, 2.9608659512006987e-07]
cma
(4_w,8)-aCMA-ES (mu_w=2.6,w_1=52%) in dimension 5 (seed=551394, Fri Nov 27 15:29:03 2020)
Iterat #Fevals   function value  axis ratio  sigma  min&max std  t[m:s]
    1      8 5.120960215928962e-01 1.0e+00 1.08e+00  1e+00  1e+00 0:00.4
    2     16 1.420376958994782e-01 1.4e+00 1.26e+00  1e+00  2e+00 0:00.8
    3     24 5.024506034335415e-01 1.6e+00 1.18e+00  1e+00  1e+00 0:01.3
   11     88 6.642898280963924e-02 1.9e+00 6.42e-01  5e-01  6e-01 0:04.6
   21    168 3.709992789507460e-02 3.1e+00 1.96e-01  1e-01  2e-01 0:08.8
   33    264 3.306865466529351e-02 4.4e+00 1.01e-01  3e-02  8e-02 0:13.8
   48    384 3.181077124212953e-02 4.6e+00 2.48e-02  5e-03  1e-02 0:20.0
   65    520 3.178254346338256e-02 6.4e+00 2.96e-03  3e-04  1e-03 0:27.2
   85    680 3.178237859466773e-02 5.9e+00 3.21e-04  2e-05  6e-05 0:35.5
  100    800 3.178237803891957e-02 6.1e+00 1.39e-04  6e-06  2e-05 0:41.7
  125   1000 3.178237793430458e-02 7.0e+00 1.45e-05  3e-07  1e-06 0:52.1
  139   1112 3.178237793424062e-02 6.8e+00 2.77e-06  3e-08  1e-07 0:58.1
termination on tolfun=1e-11 (Fri Nov 27 15:30:01 2020)
final/bestever f-value = 3.178238e-02 3.178238e-02
incumbent solution: [1.6770489255497858e-08, -2.30502150679373, 3.9269908232455175, 8.139890778719406e-09, -3.213801645486508e-08]
std deviation: [6.628474882852215e-08, 1.3720743118239655e-07, 3.180015548733111e-08, 6.191468979671312e-08, 1.47709608340987e-07]
cma
(5_w,10)-aCMA-ES (mu_w=3.2,w_1=45%) in dimension 8 (seed=568440, Fri Nov 27 15:30:01 2020)
Iterat #Fevals   function value  axis ratio  sigma  min&max std  t[m:s]
    1     10 3.092061498091680e-01 1.0e+00 9.60e-01  9e-01  1e+00 0:00.6
    2     20 9.268964118096646e-01 1.2e+00 9.14e-01  9e-01  1e+00 0:01.2
    3     30 4.915185027867788e-01 1.3e+00 8.87e-01  8e-01  9e-01 0:01.8
    8     80 4.765888837028002e-01 1.7e+00 6.59e-01  5e-01  8e-01 0:04.8
   15    150 9.928645094821835e-02 2.3e+00 4.06e-01  3e-01  5e-01 0:09.1
   24    240 5.700424242910157e-02 3.2e+00 2.33e-01  2e-01  3e-01 0:14.6
   34    340 5.521626012347502e-02 3.9e+00 1.32e-01  8e-02  1e-01 0:20.6
   46    460 4.962166941525495e-02 5.6e+00 9.71e-02  5e-02  1e-01 0:27.9
   60    600 3.456162168570080e-02 1.0e+01 1.43e-01  7e-02  2e-01 0:36.4
   75    750 1.550023818865619e-02 1.4e+01 1.38e-01  6e-02  2e-01 0:45.5
   92    920 1.200068454032466e-02 1.5e+01 7.49e-02  3e-02  1e-01 0:55.8
  100   1000 1.198143070574875e-02 1.3e+01 6.27e-02  2e-02  8e-02 1:00.7
  120   1200 1.186636699785952e-02 2.2e+01 2.04e-02  6e-03  2e-02 1:12.8
  142   1420 1.186191513040875e-02 4.2e+01 2.98e-03  7e-04  3e-03 1:26.2
  166   1660 1.186184096142264e-02 5.5e+01 2.03e-03  3e-04  2e-03 1:40.7
  191   1910 1.186130911811559e-02 2.2e+02 8.58e-03  9e-04  2e-02 1:55.9
  200   2000 1.186061950246728e-02 2.8e+02 1.24e-02  1e-03  3e-02 2:01.4
  228   2280 1.185368938071205e-02 2.6e+02 3.02e-02  2e-03  5e-02 2:18.4
  258   2580 1.184410600931193e-02 1.7e+02 5.22e-02  3e-03  5e-02 2:36.5
  290   2900 1.178999223789563e-02 8.2e+01 8.19e-02  3e-03  3e-02 2:55.9
  300   3000 1.176653099319340e-02 6.1e+01 1.28e-01  5e-03  5e-02 3:02.0
  335   3350 1.164081872505451e-02 7.1e+01 1.86e-01  5e-03  5e-02 3:23.2
  372   3720 9.817349212544076e-03 9.4e+01 9.02e-01  2e-02  2e-01 3:45.6
  400   4000 4.945420023510524e-03 1.1e+02 1.04e+00  2e-02  3e-01 4:02.5
  440   4400 2.422588990383673e-03 4.2e+01 7.37e-01  6e-03  9e-02 4:26.8
  482   4820 2.193496442415981e-03 4.1e+01 1.36e-01  7e-04  1e-02 4:52.3
  500   5000 2.192733099238247e-03 5.2e+01 4.85e-02  2e-04  3e-03 5:03.2
  545   5450 2.192668439110095e-03 4.0e+01 1.74e-03  4e-06  5e-05 5:30.6
  585   5850 2.192668416833185e-03 3.6e+01 4.06e-05  4e-08  7e-07 5:54.9
termination on tolfun=1e-11 (Fri Nov 27 15:35:57 2020)
final/bestever f-value = 2.192668e-03 2.192668e-03
incumbent solution: [-2.8632185310060156e-07, 7.15993611327138, -2.942538611141265, -2.0870024809312006e-07, 4.833815806922954, -2.1998257426907193, 3.141592708347405, -4.259096581240066]
std deviation: [2.3727798053378708e-07, 6.721677053120184e-07, 4.9068176565718406e-08, 2.3469884791562597e-07, 5.574581884228554e-07, 4.4455838157235916e-08, 7.522158578990588e-08, 3.3550349319146753e-07]
cma
(5_w,10)-aCMA-ES (mu_w=3.2,w_1=45%) in dimension 8 (seed=579564, Fri Nov 27 15:35:57 2020)
Iterat #Fevals   function value  axis ratio  sigma  min&max std  t[m:s]
    1     10 6.102278402718820e-01 1.0e+00 8.97e-01  9e-01  9e-01 0:00.6
    2     20 8.262716105332593e-01 1.1e+00 8.51e-01  8e-01  9e-01 0:01.2
    3     30 3.930014162440021e-01 1.3e+00 8.69e-01  8e-01  9e-01 0:01.8
    8     80 3.155886291082987e-01 1.9e+00 7.28e-01  6e-01  8e-01 0:04.8
   15    150 5.549217489549193e-02 2.4e+00 5.47e-01  4e-01  6e-01 0:09.1
   24    240 6.799098542868927e-02 3.0e+00 3.59e-01  2e-01  4e-01 0:14.5
   34    340 4.773969951051498e-02 3.8e+00 2.34e-01  1e-01  3e-01 0:20.6
   46    460 2.724968300585191e-02 5.7e+00 1.50e-01  7e-02  2e-01 0:27.9
   60    600 1.035402443957052e-02 8.8e+00 1.53e-01  6e-02  2e-01 0:36.4
   75    750 7.997858031720803e-03 8.0e+00 8.19e-02  3e-02  9e-02 0:45.5
   92    920 6.584085864790203e-03 9.1e+00 5.55e-02  1e-02  6e-02 0:55.8
  100   1000 5.810318616016514e-03 1.2e+01 4.82e-02  1e-02  5e-02 1:00.6
  120   1200 1.866285904971580e-03 1.9e+01 1.31e-01  3e-02  2e-01 1:12.8
  142   1420 7.448443842446037e-04 1.8e+01 5.48e-02  9e-03  5e-02 1:26.1
  166   1660 6.984769656048112e-04 2.0e+01 2.05e-02  2e-03  2e-02 1:40.7
  191   1910 6.876299275262232e-04 2.8e+01 6.64e-03  6e-04  4e-03 1:55.8
  200   2000 6.872851368107274e-04 2.7e+01 3.60e-03  3e-04  2e-03 2:01.3
  229   2290 6.872141032602939e-04 2.1e+01 2.59e-04  1e-05  8e-05 2:18.9
  259   2590 6.872138569469206e-04 3.0e+01 2.83e-05  9e-07  6e-06 2:37.1
  281   2810 6.872138563503271e-04 3.5e+01 7.03e-06  2e-07  1e-06 2:50.5
termination on tolfun=1e-11 (Fri Nov 27 15:38:48 2020)
final/bestever f-value = 6.872139e-04 6.872139e-04
incumbent solution: [3.14159282413813, -3.2782837650638927, -0.806266662213353, -1.222004242754761e-07, 4.365559343004727, -2.187817382540827, 3.141592908785586, 2.3125065676054546]
std deviation: [2.11179161769134e-07, 1.0042541506712416e-06, 3.779375066757877e-07, 2.4011532891827827e-07, 1.43988922124936e-06, 1.9781001279175236e-07, 1.7596099362728576e-07, 7.968115003723145e-07]
cma
(5_w,11)-aCMA-ES (mu_w=3.4,w_1=42%) in dimension 11 (seed=553920, Fri Nov 27 15:38:49 2020)
Iterat #Fevals   function value  axis ratio  sigma  min&max std  t[m:s]
    1     11 5.553299650090141e-01 1.0e+00 9.40e-01  9e-01  1e+00 0:00.8
    2     22 2.628921987876197e-01 1.2e+00 8.17e-01  8e-01  8e-01 0:01.5
    3     33 1.949272371971285e-01 1.2e+00 7.70e-01  7e-01  8e-01 0:02.3
    8     88 2.346454215402218e-01 1.5e+00 6.29e-01  5e-01  7e-01 0:06.0
   14    154 4.432739418163875e-01 1.9e+00 4.70e-01  4e-01  5e-01 0:10.5
   21    231 2.636805971886571e-01 2.6e+00 5.07e-01  4e-01  6e-01 0:15.7
   30    330 7.652944829958494e-02 3.3e+00 2.82e-01  2e-01  3e-01 0:22.5
   40    440 5.183559484176941e-02 3.9e+00 1.76e-01  1e-01  2e-01 0:30.0
   51    561 3.384460592466310e-02 4.3e+00 1.19e-01  8e-02  1e-01 0:38.2
   64    704 2.080736388270733e-02 6.9e+00 1.61e-01  1e-01  2e-01 0:47.9
   78    858 1.515222285238430e-02 9.9e+00 1.16e-01  7e-02  2e-01 0:58.4
   93   1023 1.226385780482259e-02 1.2e+01 4.99e-02  3e-02  7e-02 1:09.7
  100   1100 1.210199844277000e-02 1.3e+01 4.47e-02  2e-02  6e-02 1:14.9
  118   1298 1.184691051839507e-02 1.5e+01 1.64e-02  9e-03  2e-02 1:28.4
  137   1507 1.170486920824313e-02 2.1e+01 3.13e-02  2e-02  4e-02 1:42.6
  157   1727 1.147713763324490e-02 2.1e+01 2.35e-02  1e-02  3e-02 1:57.6
  179   1969 1.121929560400804e-02 2.9e+01 2.51e-02  1e-02  3e-02 2:14.1
  200   2200 1.087901389263431e-02 3.1e+01 3.18e-02  1e-02  3e-02 2:29.8
  225   2475 1.055528395986178e-02 3.3e+01 2.48e-02  8e-03  2e-02 2:48.5
  251   2761 1.029914185656416e-02 3.9e+01 3.33e-02  1e-02  3e-02 3:08.0
  278   3058 1.021616026475662e-02 3.5e+01 2.10e-02  5e-03  2e-02 3:28.2
  300   3300 1.009290475012668e-02 3.7e+01 2.82e-02  7e-03  2e-02 3:44.6
  330   3630 9.630823702901817e-03 3.9e+01 6.55e-02  2e-02  5e-02 4:06.9
  361   3971 8.791611405563176e-03 3.6e+01 6.94e-02  1e-02  5e-02 4:30.0
  394   4334 7.908895702864580e-03 3.0e+01 7.84e-02  1e-02  6e-02 4:54.7
  400   4400 7.851377041551153e-03 3.0e+01 9.16e-02  1e-02  6e-02 4:59.1
  435   4785 7.597080991652420e-03 3.0e+01 5.68e-02  5e-03  3e-02 5:25.2
  472   5192 7.390333338871236e-03 3.3e+01 1.01e-01  7e-03  5e-02 5:52.7
  500   5500 7.129302489395914e-03 3.9e+01 1.20e-01  9e-03  5e-02 6:13.6
  539   5929 6.908274419927645e-03 3.4e+01 7.13e-02  4e-03  2e-02 6:42.6
  580   6380 6.507799011582954e-03 3.4e+01 1.52e-01  8e-03  4e-02 7:13.1
  600   6600 6.404407390032450e-03 3.9e+01 1.41e-01  7e-03  4e-02 7:28.0
  643   7073 5.957973874185983e-03 3.3e+01 2.46e-01  9e-03  4e-02 8:00.1
  688   7568 5.282497080820868e-03 3.6e+01 4.38e-01  1e-02  6e-02 8:33.7
  700   7700 5.091883034770604e-03 3.7e+01 3.81e-01  8e-03  5e-02 8:42.6
  747   8217 3.955554110102506e-03 5.6e+01 1.43e+00  2e-02  2e-01 9:17.7
  796   8756 1.774749350869189e-03 4.8e+01 7.25e-01  5e-03  9e-02 9:54.2
  800   8800 1.753740194764509e-03 4.8e+01 6.80e-01  5e-03  8e-02 9:57.1
  851   9361 1.457286478407407e-03 4.2e+01 4.69e-01  2e-03  4e-02 10:35.2
  900   9900 1.440502637021760e-03 5.2e+01 3.67e-02  2e-04  2e-03 11:11.7
  954  10494 1.440432701934146e-03 4.9e+01 9.89e-04  3e-06  3e-05 11:52.2
  990  10890 1.440432698880836e-03 6.4e+01 1.03e-04  2e-07  3e-06 12:19.0
termination on tolfun=1e-11 (Fri Nov 27 15:51:09 2020)
final/bestever f-value = 1.440433e-03 1.440433e-03
incumbent solution: [ 1.4281491  -2.38498752 -2.77521834 -1.980118   -4.77631084 -2.20474845
  2.79420993  4.93194858 ...]
std deviations: [2.84118542e-06 6.91071564e-07 7.60313128e-07 3.35712730e-06
 1.05237289e-06 9.68310682e-07 9.87474107e-07 1.69535118e-06 ...]
cma
(5_w,11)-aCMA-ES (mu_w=3.4,w_1=42%) in dimension 11 (seed=600663, Fri Nov 27 15:51:09 2020)
Iterat #Fevals   function value  axis ratio  sigma  min&max std  t[m:s]
    1     11 4.375210684491970e-01 1.0e+00 9.14e-01  9e-01  9e-01 0:00.7
    2     22 7.886897250652546e-01 1.2e+00 8.83e-01  9e-01  9e-01 0:01.5
    3     33 2.174016717387516e-01 1.2e+00 8.43e-01  8e-01  9e-01 0:02.2
    7     77 4.509362325727828e-01 1.4e+00 8.14e-01  7e-01  9e-01 0:05.3
   13    143 4.299605515647501e-01 1.7e+00 7.97e-01  7e-01  9e-01 0:09.8
   20    220 3.323869279567578e-01 1.9e+00 6.07e-01  5e-01  7e-01 0:15.1
   28    308 1.320704185530527e-01 2.4e+00 4.30e-01  4e-01  5e-01 0:21.1
   38    418 4.887179476354023e-02 2.9e+00 2.67e-01  2e-01  3e-01 0:28.6
   49    539 3.624610363861080e-02 3.1e+00 2.13e-01  1e-01  2e-01 0:36.9
   61    671 2.427286403673225e-02 4.3e+00 2.07e-01  1e-01  2e-01 0:46.0
   75    825 1.437559015278343e-02 5.1e+00 7.95e-02  5e-02  8e-02 0:56.5
   90    990 1.230124909563492e-02 6.1e+00 5.81e-02  3e-02  6e-02 1:07.8
  100   1100 1.208896670365082e-02 7.3e+00 4.86e-02  2e-02  5e-02 1:15.3
  118   1298 1.177307551582164e-02 1.0e+01 2.77e-02  1e-02  3e-02 1:28.9
  137   1507 1.141212031437370e-02 1.6e+01 5.08e-02  2e-02  6e-02 1:43.3
  157   1727 1.087760134809725e-02 1.8e+01 4.50e-02  2e-02  5e-02 1:58.3
  179   1969 1.024388910493112e-02 1.8e+01 4.40e-02  1e-02  5e-02 2:14.9
  200   2200 9.833826937224522e-03 2.1e+01 3.11e-02  8e-03  3e-02 2:30.7
  224   2464 9.706615003157164e-03 3.1e+01 2.76e-02  6e-03  4e-02 2:48.8
  250   2750 9.411740817074171e-03 3.3e+01 6.41e-02  1e-02  7e-02 3:08.5
  277   3047 8.877686735788589e-03 3.2e+01 5.42e-02  9e-03  6e-02 3:28.8
  300   3300 8.481127174511357e-03 3.7e+01 6.97e-02  9e-03  7e-02 3:46.2
  330   3630 7.563998493692876e-03 5.2e+01 9.91e-02  1e-02  1e-01 4:08.8
  361   3971 5.900262330873057e-03 5.4e+01 9.66e-02  1e-02  1e-01 4:32.2
  393   4323 5.557901616495022e-03 4.3e+01 8.52e-02  7e-03  6e-02 4:56.3
  400   4400 5.501234203328837e-03 4.2e+01 7.45e-02  6e-03  5e-02 5:01.6
  435   4785 5.467324602783406e-03 5.4e+01 2.15e-02  1e-03  2e-02 5:28.1
  471   5181 5.454987935770029e-03 9.7e+01 2.84e-02  1e-03  2e-02 5:55.2
  500   5500 5.420873468978591e-03 8.8e+01 5.75e-02  2e-03  3e-02 6:17.2
  539   5929 5.371069975149205e-03 1.0e+02 7.19e-02  2e-03  5e-02 6:46.7
  579   6369 5.340033860917355e-03 1.1e+02 3.58e-02  9e-04  2e-02 7:17.0
  600   6600 5.332556664736269e-03 9.0e+01 7.71e-02  2e-03  3e-02 7:32.9
  643   7073 5.312884526075434e-03 6.8e+01 5.74e-02  1e-03  1e-02 8:05.4
  687   7557 5.306427794256643e-03 7.7e+01 4.39e-02  8e-04  9e-03 8:38.7
  700   7700 5.305830259543921e-03 8.0e+01 2.92e-02  5e-04  6e-03 8:48.5
  747   8217 5.304003589959533e-03 1.8e+02 6.56e-02  7e-04  2e-02 9:24.0
  795   8745 5.303455570555009e-03 2.0e+02 1.42e-02  1e-04  3e-03 10:00.2
  800   8800 5.303451991534033e-03 2.0e+02 1.02e-02  8e-05  2e-03 10:03.9
  851   9361 5.303440332147790e-03 3.4e+02 1.67e-03  9e-06  4e-04 10:42.3
  900   9900 5.303440219130412e-03 3.7e+02 7.42e-05  3e-07  1e-05 11:19.2
  905   9955 5.303440219088641e-03 3.6e+02 5.35e-05  2e-07  8e-06 11:23.0
termination on tolfun=1e-11 (Fri Nov 27 16:02:34 2020)
final/bestever f-value = 5.303440e-03 5.303440e-03
incumbent solution: [ 3.14159265e+00 -1.22406819e+00 -7.89306346e-01 -3.35443938e-08
 -9.77375059e-01  1.14759043e+00  3.14159270e+00  4.32232833e+00 ...]
std deviations: [2.51604792e-07 7.58917787e-06 5.99768361e-06 1.81040151e-07
 7.80141944e-06 6.92651877e-06 3.70475701e-07 3.69833469e-06 ...]
cma
(5_w,11)-aCMA-ES (mu_w=3.4,w_1=42%) in dimension 14 (seed=620266, Fri Nov 27 16:02:34 2020)
Iterat #Fevals   function value  axis ratio  sigma  min&max std  t[m:s]
    1     11 5.620136453613125e-01 1.0e+00 9.33e-01  9e-01  9e-01 0:00.9
    2     22 7.118386313474604e-01 1.1e+00 8.81e-01  9e-01  9e-01 0:01.7
    3     33 6.363264387767578e-01 1.1e+00 8.05e-01  8e-01  8e-01 0:02.6
    7     77 2.415571194125697e-01 1.3e+00 6.79e-01  6e-01  7e-01 0:06.0
   12    132 4.260381028154583e-01 1.5e+00 7.17e-01  6e-01  8e-01 0:10.2
   18    198 5.341026176757240e-01 1.7e+00 5.36e-01  5e-01  6e-01 0:15.4
   26    286 5.949212907099343e-01 2.0e+00 4.95e-01  4e-01  5e-01 0:22.2
   35    385 1.165565723770603e-01 2.2e+00 3.85e-01  3e-01  5e-01 0:29.9
   45    495 1.682647311620172e-01 2.9e+00 3.99e-01  3e-01  5e-01 0:38.4
   56    616 6.904881755739752e-02 3.0e+00 3.11e-01  2e-01  4e-01 0:47.8
   68    748 2.370344500202805e-02 3.2e+00 1.88e-01  1e-01  2e-01 0:58.1
   81    891 1.580746945126089e-02 4.0e+00 1.17e-01  8e-02  1e-01 1:09.2
   96   1056 1.441226327301257e-02 5.0e+00 7.83e-02  5e-02  1e-01 1:22.0
  100   1100 1.084742716797465e-02 5.3e+00 6.95e-02  4e-02  9e-02 1:25.4
  117   1287 1.001917424999891e-02 6.5e+00 3.94e-02  2e-02  5e-02 1:39.9
  135   1485 9.510932146345677e-03 8.1e+00 2.80e-02  1e-02  4e-02 1:55.3
  154   1694 9.199273949027875e-03 9.1e+00 1.56e-02  7e-03  2e-02 2:11.5
  174   1914 9.079379939223982e-03 1.1e+01 1.39e-02  5e-03  2e-02 2:28.6
  196   2156 8.369534681529759e-03 1.7e+01 3.45e-02  1e-02  5e-02 2:47.4
  200   2200 8.565252646863974e-03 1.7e+01 3.98e-02  1e-02  6e-02 2:50.8
  224   2464 7.662570338365333e-03 1.7e+01 4.03e-02  1e-02  6e-02 3:11.3
  249   2739 6.512496336763911e-03 2.2e+01 9.13e-02  3e-02  1e-01 3:32.7
  275   3025 3.560233698427481e-03 2.2e+01 7.36e-02  2e-02  1e-01 3:54.9
  300   3300 2.695893800186513e-03 2.3e+01 4.27e-02  1e-02  7e-02 4:16.3
  329   3619 2.121550840233366e-03 2.3e+01 1.86e-02  4e-03  3e-02 4:41.0
  359   3949 2.045757483730501e-03 3.3e+01 1.15e-02  3e-03  2e-02 5:06.6
  390   4290 2.019875347539594e-03 3.6e+01 9.72e-03  2e-03  1e-02 5:33.0
  400   4400 2.014071117464928e-03 4.0e+01 8.18e-03  1e-03  1e-02 5:41.5
  433   4763 1.970090370986865e-03 4.4e+01 1.95e-02  3e-03  3e-02 6:09.6
  468   5148 1.921491188902090e-03 4.9e+01 1.63e-02  2e-03  2e-02 6:39.5
  500   5500 1.870147510604632e-03 5.2e+01 2.96e-02  4e-03  3e-02 7:06.8
  537   5907 1.796558240703824e-03 6.5e+01 1.80e-02  2e-03  2e-02 7:38.3
  575   6325 1.695135732584913e-03 6.9e+01 2.24e-02  3e-03  2e-02 8:10.7
  600   6600 1.599916830759240e-03 6.6e+01 2.42e-02  3e-03  3e-02 8:32.0
  640   7040 1.406693752757823e-03 7.6e+01 2.98e-02  3e-03  3e-02 9:06.1
  682   7502 1.265323577566756e-03 7.4e+01 3.60e-02  3e-03  4e-02 9:41.9
  700   7700 1.210974080103805e-03 6.7e+01 3.78e-02  3e-03  4e-02 9:57.3
  744   8184 1.047897445321958e-03 6.1e+01 4.89e-02  4e-03  4e-02 10:34.8
  789   8679 7.639710328031507e-04 6.2e+01 1.35e-01  9e-03  9e-02 11:13.2
  800   8800 6.957184384674011e-04 6.4e+01 8.53e-02  6e-03  6e-02 11:22.6
  847   9317 4.321035874502743e-04 1.0e+02 1.12e-01  6e-03  1e-01 12:02.7
  896   9856 3.587833257817122e-04 1.5e+02 5.06e-02  2e-03  6e-02 12:44.5
  900   9900 3.587104751246083e-04 1.6e+02 5.46e-02  2e-03  7e-02 12:47.9
  951  10461 3.256036591234137e-04 2.1e+02 2.71e-02  1e-03  3e-02 13:31.4
 1000  11000 3.238470490258330e-04 2.1e+02 3.20e-03  8e-05  3e-03 14:13.2
Iterat #Fevals   function value  axis ratio  sigma  min&max std  t[m:s]
 1054  11594 3.238426399439126e-04 2.2e+02 1.33e-04  3e-06  9e-05 14:58.9
 1095  12045 3.238426315191794e-04 2.2e+02 1.52e-05  2e-07  8e-06 15:33.2
termination on tolfun=1e-11 (Fri Nov 27 16:18:09 2020)
final/bestever f-value = 3.238426e-04 3.238426e-04
incumbent solution: [ 3.14159200e+00 -4.48490134e+00 -4.60514507e-01 -2.64630586e+00
  1.04879702e+01  3.42171432e-01  1.74929102e+00  2.23242271e-06 ...]
std deviations: [5.69203428e-07 4.82330076e-06 4.83359479e-07 2.58781909e-06
 8.31764890e-06 4.92190606e-07 1.98477643e-06 2.26305110e-06 ...]
cma
(5_w,11)-aCMA-ES (mu_w=3.4,w_1=42%) in dimension 14 (seed=667144, Fri Nov 27 16:18:09 2020)
Iterat #Fevals   function value  axis ratio  sigma  min&max std  t[m:s]
    1     11 3.527965475869260e-01 1.0e+00 9.60e-01  1e+00  1e+00 0:00.8
    2     22 5.267313826197999e-01 1.1e+00 9.47e-01  9e-01  1e+00 0:01.7
    3     33 4.021620518660453e-01 1.2e+00 9.79e-01  9e-01  1e+00 0:02.5
    7     77 5.456902241002032e-01 1.4e+00 8.67e-01  8e-01  9e-01 0:05.8
   12    132 6.413064712368994e-01 1.7e+00 1.12e+00  1e+00  1e+00 0:10.0
   19    209 5.959213287346927e-01 1.9e+00 1.20e+00  1e+00  1e+00 0:15.8
   27    297 8.495169694817363e-01 2.2e+00 1.57e+00  2e+00  2e+00 0:22.5
   36    396 7.806067160970073e-01 2.4e+00 1.33e+00  1e+00  2e+00 0:30.0
   46    506 8.712052844455890e-01 2.5e+00 1.06e+00  9e-01  1e+00 0:38.3
   57    627 6.163082694337103e-01 2.6e+00 7.38e-01  6e-01  9e-01 0:47.5
   69    759 2.882530772658304e-01 3.0e+00 5.47e-01  4e-01  7e-01 0:57.5
   83    913 1.362169974438354e-01 3.3e+00 2.21e-01  2e-01  3e-01 1:09.2
   98   1078 7.737420888167947e-02 3.1e+00 1.14e-01  8e-02  1e-01 1:21.7
  100   1100 5.256835245568518e-02 3.2e+00 1.02e-01  7e-02  1e-01 1:23.3
  117   1287 3.495395006522020e-02 3.3e+00 5.18e-02  3e-02  5e-02 1:37.5
  135   1485 3.114219834348041e-02 3.8e+00 2.89e-02  2e-02  3e-02 1:52.5
  155   1705 2.807581393485405e-02 5.3e+00 6.78e-02  4e-02  7e-02 2:09.2
  176   1936 1.730097351797975e-02 6.4e+00 3.94e-02  3e-02  4e-02 2:26.7
  198   2178 1.146268367181970e-02 9.5e+00 6.22e-02  4e-02  8e-02 2:45.1
  200   2200 1.051199661211277e-02 9.8e+00 6.00e-02  3e-02  8e-02 2:46.7
  225   2475 6.745792223096173e-03 9.7e+00 3.74e-02  2e-02  5e-02 3:07.6
  251   2761 6.196894313052180e-03 1.5e+01 2.16e-02  9e-03  3e-02 3:29.3
  278   3058 5.894682617673060e-03 2.1e+01 2.17e-02  8e-03  3e-02 3:51.8
  300   3300 5.381240637103209e-03 3.0e+01 2.67e-02  9e-03  6e-02 4:10.1
  329   3619 4.685916694516988e-03 3.3e+01 3.36e-02  9e-03  8e-02 4:34.3
  359   3949 4.377702701083561e-03 3.2e+01 1.94e-02  4e-03  4e-02 4:59.3
  391   4301 3.902363966907201e-03 5.3e+01 4.24e-02  7e-03  1e-01 5:26.0
  400   4400 3.343973551628120e-03 5.9e+01 6.26e-02  1e-02  2e-01 5:33.5
  434   4774 2.679914685996522e-03 5.1e+01 3.12e-02  4e-03  9e-02 6:01.8
  469   5159 2.578038124118436e-03 4.7e+01 7.20e-03  8e-04  2e-02 6:31.0
  500   5500 2.566210134112947e-03 4.8e+01 8.26e-03  9e-04  1e-02 6:56.8
  538   5918 2.562988291217411e-03 5.3e+01 2.76e-03  2e-04  4e-03 7:28.6
  577   6347 2.561323980967538e-03 1.1e+02 4.08e-03  3e-04  8e-03 8:01.2
  600   6600 2.560798670040835e-03 1.5e+02 3.07e-03  2e-04  6e-03 8:20.5
  641   7051 2.559999334335173e-03 2.7e+02 4.15e-03  2e-04  1e-02 8:54.9
  683   7513 2.558858598386009e-03 2.3e+02 5.77e-03  3e-04  1e-02 9:30.2
  700   7700 2.557620160918015e-03 2.2e+02 7.76e-03  4e-04  2e-02 9:44.4
  745   8195 2.532199802177775e-03 1.4e+02 2.38e-02  1e-03  3e-02 10:22.1
  791   8701 2.404826066045442e-03 9.3e+01 4.54e-02  3e-03  4e-02 11:00.5
  800   8800 2.350485082993064e-03 8.6e+01 4.35e-02  3e-03  4e-02 11:08.0
  849   9339 2.255551070209025e-03 8.2e+01 2.18e-02  2e-03  2e-02 11:48.8
  899   9889 2.250918870194928e-03 7.2e+01 9.60e-03  5e-04  6e-03 12:30.4
  900   9900 2.250804976291913e-03 7.2e+01 9.31e-03  5e-04  5e-03 12:31.2
  952  10472 2.247895406077050e-03 1.2e+02 4.63e-03  2e-04  3e-03 13:14.5
 1000  11000 2.247784673416397e-03 1.3e+02 2.74e-03  7e-05  1e-03 13:54.6
Iterat #Fevals   function value  axis ratio  sigma  min&max std  t[m:s]
 1054  11594 2.247312249038176e-03 2.4e+02 9.55e-03  2e-04  8e-03 14:39.6
 1100  12100 2.246773429158067e-03 2.2e+02 8.86e-03  2e-04  5e-03 15:18.0
 1157  12727 2.246425261128699e-03 2.6e+02 6.93e-03  1e-04  4e-03 16:05.4
 1200  13200 2.246226597984265e-03 2.5e+02 8.19e-03  1e-04  5e-03 16:41.2
 1259  13849 2.246057202755797e-03 2.4e+02 4.09e-03  5e-05  2e-03 17:30.2
 1300  14300 2.245979591058333e-03 2.9e+02 6.17e-03  6e-05  3e-03 18:04.4
 1362  14982 2.245883142575635e-03 3.0e+02 6.57e-03  5e-05  3e-03 18:55.9
 1400  15400 2.245860191230145e-03 3.1e+02 5.44e-03  4e-05  2e-03 19:27.5
 1464  16104 2.245843238218108e-03 3.6e+02 1.99e-03  1e-05  7e-04 20:20.8
 1500  16500 2.245841016427790e-03 5.5e+02 2.96e-03  2e-05  1e-03 20:50.7
 1567  17237 2.245840407340718e-03 6.0e+02 2.53e-04  1e-06  1e-04 21:46.5
 1600  17600 2.245840406153083e-03 6.4e+02 5.95e-05  2e-07  2e-05 22:14.0
 1603  17633 2.245840406126318e-03 6.5e+02 4.52e-05  1e-07  2e-05 22:16.5
termination on tolfun=1e-11 (Fri Nov 27 16:40:31 2020)
final/bestever f-value = 2.245840e-03 2.245840e-03
incumbent solution: [ 4.76907135  0.57121259  4.21169956  6.17060709  1.2273883  -5.73986129
  8.85232748 -8.57952148 ...]
std deviations: [5.20566149e-07 1.06637080e-05 1.57106981e-05 2.97485545e-06
 1.20110583e-05 1.58321824e-05 2.05105035e-06 1.33066993e-05 ...]
cma
(6_w,12)-aCMA-ES (mu_w=3.7,w_1=40%) in dimension 17 (seed=584947, Fri Nov 27 16:40:31 2020)
Iterat #Fevals   function value  axis ratio  sigma  min&max std  t[m:s]
    1     12 4.458771868923374e-01 1.0e+00 9.13e-01  9e-01  9e-01 0:01.0
    2     24 6.607578810128329e-01 1.1e+00 8.23e-01  8e-01  8e-01 0:02.1
    3     36 5.194750787638563e-01 1.1e+00 8.03e-01  8e-01  8e-01 0:03.1
    6     72 4.807360571927844e-01 1.3e+00 9.00e-01  8e-01  9e-01 0:06.2
   10    120 1.026357416313882e-01 1.4e+00 7.58e-01  7e-01  8e-01 0:10.3
   15    180 6.371474760559317e-01 1.5e+00 6.43e-01  6e-01  7e-01 0:15.4
   21    252 4.014189047191726e-01 1.6e+00 4.92e-01  5e-01  5e-01 0:21.6
   28    336 2.310902731624374e-01 1.8e+00 3.96e-01  3e-01  4e-01 0:28.8
   36    432 9.922874520824498e-02 2.0e+00 3.85e-01  3e-01  4e-01 0:37.0
   45    540 1.263801409880175e-01 2.3e+00 3.92e-01  3e-01  4e-01 0:46.3
   55    660 7.785517581909919e-02 2.6e+00 2.53e-01  2e-01  3e-01 0:56.6
   66    792 6.282391952778908e-02 2.9e+00 2.04e-01  2e-01  2e-01 1:07.9
   78    936 3.397131969962790e-02 3.1e+00 1.14e-01  9e-02  1e-01 1:20.2
   91   1092 1.949009105845979e-02 3.5e+00 8.09e-02  6e-02  8e-02 1:33.5
  100   1200 1.142520305962190e-02 4.0e+00 6.02e-02  5e-02  6e-02 1:42.8
  115   1380 1.096302711188235e-02 4.5e+00 5.11e-02  4e-02  6e-02 1:58.2
  131   1572 1.011703405736376e-02 5.9e+00 3.35e-02  2e-02  4e-02 2:14.7
  148   1776 9.851571610753850e-03 6.8e+00 1.91e-02  1e-02  2e-02 2:32.1
  166   1992 9.645741405622894e-03 9.5e+00 1.59e-02  1e-02  2e-02 2:50.6
  185   2220 9.456212479458652e-03 1.0e+01 1.56e-02  8e-03  2e-02 3:10.2
  200   2400 9.151826126282707e-03 1.5e+01 3.03e-02  2e-02  4e-02 3:25.6
  221   2652 8.491084804121727e-03 2.0e+01 3.32e-02  2e-02  5e-02 3:47.2
  243   2916 7.576085055048191e-03 2.2e+01 3.28e-02  2e-02  5e-02 4:09.8
  266   3192 5.015388106302777e-03 2.8e+01 6.58e-02  4e-02  1e-01 4:33.4
  290   3480 4.595744840545532e-03 2.6e+01 3.27e-02  2e-02  5e-02 4:58.1
  300   3600 4.087664321373884e-03 2.6e+01 1.95e-02  9e-03  3e-02 5:08.4
  326   3912 3.770008984338422e-03 2.5e+01 1.88e-02  7e-03  3e-02 5:35.1
  353   4236 3.310571163673312e-03 2.6e+01 1.86e-02  7e-03  2e-02 6:02.8
  381   4572 2.941644221222088e-03 2.6e+01 1.72e-02  7e-03  2e-02 6:31.6
  400   4800 2.674880361179902e-03 2.9e+01 1.68e-02  7e-03  2e-02 6:51.1
  430   5160 2.310961828876801e-03 2.8e+01 2.81e-02  1e-02  3e-02 7:21.9
  461   5532 2.103613709300194e-03 3.0e+01 2.22e-02  8e-03  2e-02 7:53.8
  493   5916 1.774501827409579e-03 2.9e+01 2.34e-02  9e-03  2e-02 8:26.7
  500   6000 1.734435988493613e-03 2.9e+01 1.50e-02  6e-03  1e-02 8:33.9
  534   6408 1.626002077025771e-03 3.6e+01 1.41e-02  5e-03  1e-02 9:08.8
  569   6828 1.500098372248314e-03 4.3e+01 1.71e-02  5e-03  2e-02 9:44.8
  600   7200 1.373155140900266e-03 5.4e+01 1.95e-02  5e-03  3e-02 10:16.6
  636   7632 1.321608354781633e-03 6.7e+01 1.02e-02  2e-03  2e-02 10:53.6
  673   8076 1.288336872956306e-03 9.2e+01 1.78e-02  4e-03  4e-02 11:31.7
  700   8400 1.256508204393922e-03 7.8e+01 1.30e-02  3e-03  2e-02 11:59.4
  739   8868 1.181105877880619e-03 7.4e+01 2.54e-02  6e-03  3e-02 12:39.5
  779   9348 1.097402677303699e-03 6.8e+01 3.33e-02  8e-03  4e-02 13:20.6
  800   9600 1.056090655738229e-03 6.2e+01 1.87e-02  4e-03  2e-02 13:42.2
  842  10104 1.003354768574072e-03 6.1e+01 1.83e-02  3e-03  2e-02 14:25.4
  885  10620 9.682205219539652e-04 5.7e+01 2.14e-02  3e-03  2e-02 15:09.6
  900  10800 9.581163518454597e-04 5.8e+01 1.88e-02  3e-03  2e-02 15:25.0
  945  11340 8.111792622847916e-04 6.2e+01 5.12e-02  7e-03  4e-02 16:11.3
  991  11892 6.718843454962590e-04 5.7e+01 3.68e-02  5e-03  3e-02 16:58.6
 1000  12000 6.446737204206367e-04 5.6e+01 4.08e-02  6e-03  3e-02 17:07.8
Iterat #Fevals   function value  axis ratio  sigma  min&max std  t[m:s]
 1048  12576 4.363549932775658e-04 6.7e+01 5.09e-02  7e-03  4e-02 17:57.2
 1097  13164 2.295701254882037e-04 8.0e+01 3.60e-02  4e-03  3e-02 18:47.5
 1100  13200 2.295352076901969e-04 7.8e+01 2.98e-02  3e-03  2e-02 18:50.6
 1151  13812 2.042478016683858e-04 7.3e+01 2.49e-02  3e-03  1e-02 19:43.0
 1200  14400 1.820980438729630e-04 8.3e+01 3.07e-02  3e-03  2e-02 20:33.3
 1253  15036 1.756226301563683e-04 1.1e+02 2.88e-02  2e-03  2e-02 21:27.8
 1300  15600 1.659228742999941e-04 9.7e+01 3.35e-02  2e-03  2e-02 22:16.1
 1355  16260 1.539149048265988e-04 7.7e+01 3.47e-02  2e-03  2e-02 23:12.6
 1400  16800 1.418344451746042e-04 6.7e+01 2.77e-02  1e-03  9e-03 23:58.9
 1457  17484 1.226997644541019e-04 7.1e+01 4.05e-02  2e-03  1e-02 24:57.4
 1500  18000 1.150972021182335e-04 7.1e+01 2.31e-02  1e-03  7e-03 25:41.6
 1560  18720 1.102553814253095e-04 1.2e+02 2.40e-02  8e-04  9e-03 26:42.0
 1600  19200 1.095656003135474e-04 1.2e+02 1.01e-02  3e-04  4e-03 27:22.2
 1662  19944 1.062792193602264e-04 1.3e+02 5.38e-02  1e-03  2e-02 28:24.3
 1700  20400 1.023756914763646e-04 1.4e+02 4.43e-02  7e-04  2e-02 29:02.4
 1764  21168 8.999001110309513e-05 2.0e+02 9.10e-02  1e-03  4e-02 30:06.6
 1800  21600 8.161973414806205e-05 2.0e+02 8.67e-02  1e-03  4e-02 30:42.7
 1866  22392 6.312444124153158e-05 2.4e+02 1.09e-01  1e-03  4e-02 31:48.9
 1900  22800 5.151499959556369e-05 2.4e+02 1.17e-01  1e-03  4e-02 32:23.0
 1968  23616 4.387945605420126e-05 2.0e+02 9.80e-02  7e-04  2e-02 33:31.2
 2000  24000 4.257286791509546e-05 1.9e+02 3.11e-02  2e-04  6e-03 34:03.3
Iterat #Fevals   function value  axis ratio  sigma  min&max std  t[m:s]
 2070  24840 4.060887662903605e-05 1.9e+02 6.98e-02  4e-04  1e-02 35:13.6
 2100  25200 3.976690542027430e-05 1.9e+02 6.49e-02  3e-04  1e-02 35:43.7
 2172  26064 3.902427899270784e-05 2.9e+02 5.20e-02  2e-04  1e-02 36:55.9
 2200  26400 3.877459710897499e-05 3.1e+02 5.15e-02  2e-04  1e-02 37:24.0
 2274  27288 3.792957274575369e-05 3.3e+02 4.33e-02  1e-04  9e-03 38:38.1
 2300  27600 3.770274344156684e-05 3.8e+02 3.53e-02  1e-04  8e-03 39:04.2
 2377  28524 3.735539495555633e-05 5.1e+02 3.61e-02  9e-05  8e-03 40:21.0
 2400  28800 3.726520498679603e-05 5.6e+02 4.39e-02  1e-04  1e-02 40:43.9
 2479  29748 3.719320553486682e-05 4.6e+02 1.69e-02  3e-05  3e-03 42:02.6
 2500  30000 3.717285843765003e-05 4.9e+02 3.08e-02  5e-05  6e-03 42:23.6
 2581  30972 3.689627451845177e-05 5.1e+02 4.96e-02  7e-05  9e-03 43:44.3
 2600  31200 3.683476028539870e-05 5.7e+02 8.76e-02  1e-04  2e-02 44:03.2
 2683  32196 3.648347064364664e-05 6.8e+02 9.53e-02  1e-04  2e-02 45:25.9
 2700  32400 3.642551410146636e-05 6.3e+02 1.00e-01  1e-04  2e-02 45:42.9
 2785  33420 3.594721749221740e-05 6.7e+02 1.42e-01  1e-04  2e-02 47:07.8
 2800  33600 3.586312477046717e-05 6.9e+02 1.56e-01  1e-04  3e-02 47:22.8
 2887  34644 3.541724644062284e-05 7.3e+02 1.11e-01  9e-05  2e-02 48:49.6
 2900  34800 3.537952929089426e-05 7.3e+02 9.97e-02  8e-05  2e-02 49:02.2
 2991  35892 3.525333261004031e-05 9.2e+02 7.07e-02  4e-05  1e-02 50:30.7
 3000  36000 3.523395047913742e-05 9.2e+02 1.19e-01  6e-05  2e-02 50:39.5
Iterat #Fevals   function value  axis ratio  sigma  min&max std  t[m:s]
 3093  37116 3.487953849213491e-05 6.5e+02 1.49e-01  7e-05  1e-02 52:09.9
 3100  37200 3.485216355661021e-05 6.1e+02 1.72e-01  8e-05  1e-02 52:16.7
 3195  38340 3.459070632111393e-05 6.9e+02 1.84e-01  7e-05  1e-02 53:49.2
 3200  38400 3.457476401090677e-05 6.6e+02 1.74e-01  7e-05  1e-02 53:54.0
 3297  39564 3.431558969255865e-05 9.6e+02 2.52e-01  8e-05  2e-02 55:28.3
 3300  39600 3.432486113615797e-05 9.7e+02 2.57e-01  8e-05  2e-02 55:31.2
 3399  40788 3.415276060032080e-05 1.1e+03 2.67e-01  6e-05  2e-02 57:07.3
 3400  40800 3.414755180595797e-05 1.1e+03 2.65e-01  6e-05  2e-02 57:08.3
 3500  42000 3.407453767898491e-05 1.3e+03 2.37e-01  4e-05  1e-02 58:45.3
 3600  43200 3.380777283539567e-05 1.1e+03 4.36e-01  6e-05  2e-02 60:22.7
 3700  44400 3.361381020438398e-05 9.3e+02 4.15e-01  5e-05  1e-02 61:59.9
 3800  45600 3.332532956886828e-05 6.3e+02 7.02e-01  7e-05  1e-02 63:36.9
 3900  46800 3.303751072260210e-05 9.0e+02 9.44e-01  8e-05  2e-02 65:14.1
 4000  48000 3.263606698665885e-05 8.9e+02 1.17e+00  8e-05  2e-02 66:51.3
Iterat #Fevals   function value  axis ratio  sigma  min&max std  t[m:s]
 4100  49200 3.212495130764425e-05 7.6e+02 1.50e+00  1e-04  2e-02 68:28.4
 4200  50400 3.151897997803032e-05 7.5e+02 1.31e+00  1e-04  1e-02 70:05.4
 4300  51600 3.093034287586319e-05 6.5e+02 1.51e+00  1e-04  1e-02 71:42.7
 4400  52800 2.994768502457451e-05 6.7e+02 3.39e+00  3e-04  2e-02 73:19.5
 4500  54000 2.901464126049094e-05 6.6e+02 3.08e+00  2e-04  1e-02 74:56.2
 4600  55200 2.848474569430117e-05 6.2e+02 3.67e+00  3e-04  1e-02 76:32.8
 4700  56400 2.830193631867613e-05 5.5e+02 2.53e+00  2e-04  6e-03 78:09.5
 4800  57600 2.825148760717598e-05 6.2e+02 2.21e+00  1e-04  5e-03 79:28.0
 4900  58800 2.822695075308321e-05 8.6e+02 1.33e-01  4e-06  3e-04 80:46.3
 4950  59400 2.822694447808503e-05 9.7e+02 1.04e-02  3e-07  2e-05 81:25.1
termination on tolfun=1e-11 (Fri Nov 27 18:02:06 2020)
final/bestever f-value = 2.822694e-05 2.822694e-05
incumbent solution: [ 3.14159290e+00  2.19689699e+00  7.15837251e-01 -1.65849975e-07
 -5.88914911e+00 -2.41965070e+00 -3.14159263e+00 -5.92099842e+00 ...]
std deviations: [4.07678548e-07 5.41485214e-06 3.76004428e-06 4.37041732e-07
 1.35189215e-05 2.17111787e-06 2.94836381e-07 2.18851751e-05 ...]
cma
(6_w,12)-aCMA-ES (mu_w=3.7,w_1=40%) in dimension 17 (seed=531599, Fri Nov 27 18:02:07 2020)
Iterat #Fevals   function value  axis ratio  sigma  min&max std  t[m:s]
    1     12 7.365357012335453e-01 1.0e+00 9.37e-01  9e-01  9e-01 0:00.8
    2     24 3.587968584785056e-01 1.1e+00 8.80e-01  9e-01  9e-01 0:01.5
    3     36 3.693568362483677e-01 1.1e+00 8.53e-01  8e-01  9e-01 0:02.3
    7     84 5.754949467830784e-01 1.3e+00 7.78e-01  7e-01  8e-01 0:05.3
   13    156 6.698756397067541e-01 1.5e+00 6.37e-01  6e-01  7e-01 0:09.8
   20    240 3.603189799637753e-01 1.6e+00 6.10e-01  5e-01  6e-01 0:15.1
   28    336 1.730138803760975e-01 1.9e+00 8.17e-01  7e-01  1e+00 0:21.6
   38    456 5.389143658557402e-01 2.1e+00 5.60e-01  5e-01  7e-01 0:29.2
   49    588 3.049716457469080e-01 2.3e+00 4.87e-01  4e-01  6e-01 0:37.6
   61    732 2.621052994597405e-01 2.7e+00 5.33e-01  4e-01  7e-01 0:46.9
   74    888 7.276895481266568e-02 3.0e+00 3.22e-01  2e-01  4e-01 0:56.9
   89   1068 3.288345863416750e-02 3.4e+00 1.53e-01  1e-01  2e-01 1:08.7
  100   1200 1.804717786728284e-02 3.5e+00 7.92e-02  5e-02  9e-02 1:17.9
  118   1416 1.068855761713208e-02 4.3e+00 5.32e-02  4e-02  6e-02 1:31.6
  137   1644 8.326379124638968e-03 5.8e+00 3.14e-02  2e-02  4e-02 1:46.0
  157   1884 7.047941184434412e-03 7.1e+00 2.49e-02  1e-02  3e-02 2:01.6
  178   2136 6.457553793144574e-03 9.9e+00 2.34e-02  1e-02  3e-02 2:17.8
  200   2400 5.547412347355403e-03 2.0e+01 3.86e-02  2e-02  9e-02 2:34.8
  222   2664 4.352121534460369e-03 2.6e+01 4.86e-02  2e-02  1e-01 2:52.9
  245   2940 3.528695629888405e-03 3.1e+01 4.59e-02  2e-02  1e-01 3:12.4
  271   3252 2.514653918368440e-03 3.4e+01 2.49e-02  1e-02  7e-02 3:32.9
  298   3576 2.029873554791091e-03 4.6e+01 2.93e-02  1e-02  9e-02 3:54.4
  300   3600 2.090591598348906e-03 4.7e+01 3.15e-02  1e-02  1e-01 3:56.0
  328   3936 1.251104261010300e-03 6.7e+01 3.78e-02  1e-02  1e-01 4:19.4
  359   4308 5.910526727730213e-04 8.6e+01 3.17e-02  8e-03  1e-01 4:43.6
  390   4680 3.471241432554270e-04 8.5e+01 2.11e-02  5e-03  8e-02 5:08.9
  400   4800 2.986231988947578e-04 8.5e+01 2.00e-02  4e-03  8e-02 5:16.5
  434   5208 1.579591182463017e-04 8.7e+01 1.34e-02  3e-03  4e-02 5:43.6
  467   5604 1.135852935268871e-04 8.4e+01 9.28e-03  2e-03  3e-02 6:12.0
  500   6000 7.955045487437520e-05 9.1e+01 1.20e-02  3e-03  3e-02 6:38.8
  539   6468 5.191748888390300e-05 9.9e+01 8.07e-03  2e-03  2e-02 7:09.4
  580   6960 4.144251242355046e-05 1.2e+02 6.92e-03  2e-03  2e-02 7:41.0
  600   7200 3.986977388966420e-05 1.2e+02 5.10e-03  1e-03  1e-02 7:57.3
  641   7692 3.772386164551381e-05 1.5e+02 4.20e-03  8e-04  9e-03 8:30.5
  685   8220 3.557843688100931e-05 2.7e+02 6.57e-03  1e-03  2e-02 9:05.1
  700   8400 3.430951502491793e-05 4.1e+02 1.27e-02  2e-03  5e-02 9:18.1
  746   8952 3.116624808123411e-05 5.8e+02 6.73e-03  7e-04  3e-02 9:54.3
  793   9516 3.045083341133188e-05 6.7e+02 2.84e-03  2e-04  1e-02 10:31.5
  800   9600 3.038246794423612e-05 7.1e+02 2.97e-03  2e-04  1e-02 10:37.1
  851  10212 2.767350388268374e-05 1.6e+03 9.50e-03  5e-04  8e-02 11:16.9
  900  10800 2.396801562654456e-05 1.4e+03 9.30e-03  4e-04  6e-02 11:55.6
  951  11412 1.937162053269838e-05 1.5e+03 7.78e-03  3e-04  5e-02 12:37.6
 1000  12000 1.758668059430899e-05 1.3e+03 9.64e-03  3e-04  6e-02 13:18.5
Iterat #Fevals   function value  axis ratio  sigma  min&max std  t[m:s]
 1052  12624 1.576424593430863e-05 1.5e+03 1.53e-02  4e-04  9e-02 14:02.2
 1100  13200 1.462953809127937e-05 1.6e+03 9.46e-03  2e-04  5e-02 14:42.1
 1155  13860 1.266804819497227e-05 1.6e+03 2.61e-02  6e-04  1e-01 15:27.3
 1200  14400 1.162588035775696e-05 1.5e+03 1.75e-02  5e-04  7e-02 16:05.0
 1257  15084 1.102734566133237e-05 1.5e+03 1.14e-02  3e-04  4e-02 16:52.0
 1300  15600 1.065467202015621e-05 1.6e+03 1.25e-02  3e-04  4e-02 17:27.6
 1360  16320 9.707297919413510e-06 1.6e+03 2.03e-02  3e-04  5e-02 18:16.8
 1400  16800 8.807308438415832e-06 1.7e+03 2.53e-02  3e-04  7e-02 18:49.7
 1463  17556 8.086187733536252e-06 1.7e+03 1.33e-02  2e-04  3e-02 19:41.2
 1500  18000 7.990826143909903e-06 1.7e+03 1.01e-02  1e-04  2e-02 20:12.0
 1566  18792 7.249441015988398e-06 2.1e+03 4.18e-02  5e-04  9e-02 21:05.6
 1600  19200 6.759317124720769e-06 2.1e+03 2.38e-02  2e-04  5e-02 21:33.8
 1667  20004 5.763154230182378e-06 2.1e+03 2.55e-02  2e-04  5e-02 22:28.9
 1700  20400 5.349659200108912e-06 2.0e+03 3.66e-02  2e-04  7e-02 22:55.8
 1770  21240 4.512927510612806e-06 1.9e+03 2.39e-02  1e-04  3e-02 23:53.0
 1800  21600 4.316162278146220e-06 1.7e+03 3.07e-02  1e-04  4e-02 24:17.6
 1872  22464 4.055270213892778e-06 1.3e+03 1.84e-02  8e-05  1e-02 25:17.0
 1900  22800 3.988053082167434e-06 1.3e+03 2.29e-02  1e-04  2e-02 25:39.4
 1975  23700 3.588281282222812e-06 1.3e+03 5.89e-02  3e-04  3e-02 26:40.9
 2000  24000 3.290047372650931e-06 1.3e+03 7.84e-02  3e-04  4e-02 27:01.2
Iterat #Fevals   function value  axis ratio  sigma  min&max std  t[m:s]
 2078  24936 2.415965933056394e-06 1.5e+03 7.10e-02  2e-04  4e-02 28:04.5
 2100  25200 1.997079710203879e-06 1.5e+03 7.33e-02  2e-04  4e-02 28:22.0
 2179  26148 1.452778482189279e-06 1.7e+03 5.80e-02  2e-04  3e-02 29:27.6
 2200  26400 1.369634946867856e-06 1.7e+03 3.66e-02  1e-04  2e-02 29:44.1
 2282  27384 1.159460136054858e-06 1.7e+03 4.17e-02  1e-04  2e-02 30:51.6
 2300  27600 1.107001793002377e-06 1.6e+03 5.79e-02  1e-04  2e-02 31:06.4
 2384  28608 8.403298141367487e-07 1.3e+03 6.80e-02  1e-04  2e-02 32:16.0
 2400  28800 8.154567513681635e-07 1.3e+03 4.33e-02  8e-05  1e-02 32:29.7
 2488  29856 7.417425086321978e-07 1.4e+03 1.00e-02  2e-05  2e-03 33:41.4
 2500  30000 7.412906754002732e-07 1.4e+03 9.90e-03  2e-05  2e-03 33:51.5
 2590  31080 7.393540611690233e-07 2.4e+03 3.20e-03  6e-06  7e-04 35:05.5
 2600  31200 7.393467594711865e-07 2.7e+03 2.82e-03  5e-06  7e-04 35:13.4
 2653  31836 7.393358664247492e-07 3.0e+03 2.42e-04  4e-07  5e-05 35:53.1
/home/adrianps/Universal-Approximator/qibo_sim/classes/ApproximantNN.py:783: ComplexWarning: Casting complex values to real discards the imaginary part
  params[0, 0] = 1 / period * np.trapz(y, x)
/home/adrianps/Universal-Approximator/qibo_sim/classes/ApproximantNN.py:786: ComplexWarning: Casting complex values to real discards the imaginary part
  params[_, 0] = 2 / period * np.trapz(y * cos, x)
/home/adrianps/Universal-Approximator/qibo_sim/classes/ApproximantNN.py:788: ComplexWarning: Casting complex values to real discards the imaginary part
  params[_, 1] = 2 / period * np.trapz(y * sin, x)
/home/adrianps/Universal-Approximator/qibo_sim/classes/ApproximantNN.py:783: ComplexWarning: Casting complex values to real discards the imaginary part
  params[0, 0] = 1 / period * np.trapz(y, x)
/home/adrianps/Universal-Approximator/qibo_sim/classes/ApproximantNN.py:786: ComplexWarning: Casting complex values to real discards the imaginary part
  params[_, 0] = 2 / period * np.trapz(y * cos, x)
/home/adrianps/Universal-Approximator/qibo_sim/classes/ApproximantNN.py:788: ComplexWarning: Casting complex values to real discards the imaginary part
  params[_, 1] = 2 / period * np.trapz(y * sin, x)
/home/adrianps/Universal-Approximator/qibo_sim/classes/ApproximantNN.py:783: ComplexWarning: Casting complex values to real discards the imaginary part
  params[0, 0] = 1 / period * np.trapz(y, x)
/home/adrianps/Universal-Approximator/qibo_sim/classes/ApproximantNN.py:786: ComplexWarning: Casting complex values to real discards the imaginary part
  params[_, 0] = 2 / period * np.trapz(y * cos, x)
/home/adrianps/Universal-Approximator/qibo_sim/classes/ApproximantNN.py:788: ComplexWarning: Casting complex values to real discards the imaginary part
  params[_, 1] = 2 / period * np.trapz(y * sin, x)
/home/adrianps/Universal-Approximator/qibo_sim/classes/ApproximantNN.py:783: ComplexWarning: Casting complex values to real discards the imaginary part
  params[0, 0] = 1 / period * np.trapz(y, x)
/home/adrianps/Universal-Approximator/qibo_sim/classes/ApproximantNN.py:786: ComplexWarning: Casting complex values to real discards the imaginary part
  params[_, 0] = 2 / period * np.trapz(y * cos, x)
/home/adrianps/Universal-Approximator/qibo_sim/classes/ApproximantNN.py:788: ComplexWarning: Casting complex values to real discards the imaginary part
  params[_, 1] = 2 / period * np.trapz(y * sin, x)
/home/adrianps/Universal-Approximator/qibo_sim/classes/ApproximantNN.py:783: ComplexWarning: Casting complex values to real discards the imaginary part
  params[0, 0] = 1 / period * np.trapz(y, x)
/home/adrianps/Universal-Approximator/qibo_sim/classes/ApproximantNN.py:786: ComplexWarning: Casting complex values to real discards the imaginary part
  params[_, 0] = 2 / period * np.trapz(y * cos, x)
/home/adrianps/Universal-Approximator/qibo_sim/classes/ApproximantNN.py:788: ComplexWarning: Casting complex values to real discards the imaginary part
  params[_, 1] = 2 / period * np.trapz(y * sin, x)
/home/adrianps/Universal-Approximator/qibo_sim/classes/ApproximantNN.py:783: ComplexWarning: Casting complex values to real discards the imaginary part
  params[0, 0] = 1 / period * np.trapz(y, x)
/home/adrianps/Universal-Approximator/qibo_sim/classes/ApproximantNN.py:786: ComplexWarning: Casting complex values to real discards the imaginary part
  params[_, 0] = 2 / period * np.trapz(y * cos, x)
/home/adrianps/Universal-Approximator/qibo_sim/classes/ApproximantNN.py:788: ComplexWarning: Casting complex values to real discards the imaginary part
  params[_, 1] = 2 / period * np.trapz(y * sin, x)
/home/adrianps/Universal-Approximator/qibo_sim/classes/ApproximantNN.py:783: ComplexWarning: Casting complex values to real discards the imaginary part
  params[0, 0] = 1 / period * np.trapz(y, x)
/home/adrianps/Universal-Approximator/qibo_sim/classes/ApproximantNN.py:786: ComplexWarning: Casting complex values to real discards the imaginary part
  params[_, 0] = 2 / period * np.trapz(y * cos, x)
/home/adrianps/Universal-Approximator/qibo_sim/classes/ApproximantNN.py:788: ComplexWarning: Casting complex values to real discards the imaginary part
  params[_, 1] = 2 / period * np.trapz(y * sin, x)
/home/adrianps/Universal-Approximator/qibo_sim/classes/ApproximantNN.py:783: ComplexWarning: Casting complex values to real discards the imaginary part
  params[0, 0] = 1 / period * np.trapz(y, x)
/home/adrianps/Universal-Approximator/qibo_sim/classes/ApproximantNN.py:786: ComplexWarning: Casting complex values to real discards the imaginary part
  params[_, 0] = 2 / period * np.trapz(y * cos, x)
/home/adrianps/Universal-Approximator/qibo_sim/classes/ApproximantNN.py:788: ComplexWarning: Casting complex values to real discards the imaginary part
  params[_, 1] = 2 / period * np.trapz(y * sin, x)
/home/adrianps/Universal-Approximator/qibo_sim/classes/ApproximantNN.py:783: ComplexWarning: Casting complex values to real discards the imaginary part
  params[0, 0] = 1 / period * np.trapz(y, x)
/home/adrianps/Universal-Approximator/qibo_sim/classes/ApproximantNN.py:786: ComplexWarning: Casting complex values to real discards the imaginary part
  params[_, 0] = 2 / period * np.trapz(y * cos, x)
/home/adrianps/Universal-Approximator/qibo_sim/classes/ApproximantNN.py:788: ComplexWarning: Casting complex values to real discards the imaginary part
  params[_, 1] = 2 / period * np.trapz(y * sin, x)
/home/adrianps/Universal-Approximator/qibo_sim/classes/ApproximantNN.py:783: ComplexWarning: Casting complex values to real discards the imaginary part
  params[0, 0] = 1 / period * np.trapz(y, x)
/home/adrianps/Universal-Approximator/qibo_sim/classes/ApproximantNN.py:786: ComplexWarning: Casting complex values to real discards the imaginary part
  params[_, 0] = 2 / period * np.trapz(y * cos, x)
/home/adrianps/Universal-Approximator/qibo_sim/classes/ApproximantNN.py:788: ComplexWarning: Casting complex values to real discards the imaginary part
  params[_, 1] = 2 / period * np.trapz(y * sin, x)
/home/adrianps/Universal-Approximator/qibo_sim/classes/ApproximantNN.py:552: RuntimeWarning: More than 20 figures have been opened. Figures created through the pyplot interface (`matplotlib.pyplot.figure`) are retained until explicitly closed and may consume too much memory. (To control this warning, see the rcParam `figure.max_open_warning`).
  fig, axs = plt.subplots(nrows=2, figsize=(8,10))
/home/adrianps/Universal-Approximator/qibo_sim/classes/ApproximantNN.py:783: ComplexWarning: Casting complex values to real discards the imaginary part
  params[0, 0] = 1 / period * np.trapz(y, x)
/home/adrianps/Universal-Approximator/qibo_sim/classes/ApproximantNN.py:786: ComplexWarning: Casting complex values to real discards the imaginary part
  params[_, 0] = 2 / period * np.trapz(y * cos, x)
/home/adrianps/Universal-Approximator/qibo_sim/classes/ApproximantNN.py:788: ComplexWarning: Casting complex values to real discards the imaginary part
  params[_, 1] = 2 / period * np.trapz(y * sin, x)
/home/adrianps/Universal-Approximator/qibo_sim/classes/ApproximantNN.py:577: RuntimeWarning: More than 20 figures have been opened. Figures created through the pyplot interface (`matplotlib.pyplot.figure`) are retained until explicitly closed and may consume too much memory. (To control this warning, see the rcParam `figure.max_open_warning`).
  fig, axs = plt.subplots(nrows=2, figsize=(8,10))
/home/adrianps/Universal-Approximator/qibo_sim/classes/ApproximantNN.py:552: RuntimeWarning: More than 20 figures have been opened. Figures created through the pyplot interface (`matplotlib.pyplot.figure`) are retained until explicitly closed and may consume too much memory. (To control this warning, see the rcParam `figure.max_open_warning`).
  fig, axs = plt.subplots(nrows=2, figsize=(8,10))
/home/adrianps/Universal-Approximator/qibo_sim/classes/ApproximantNN.py:783: ComplexWarning: Casting complex values to real discards the imaginary part
  params[0, 0] = 1 / period * np.trapz(y, x)
/home/adrianps/Universal-Approximator/qibo_sim/classes/ApproximantNN.py:786: ComplexWarning: Casting complex values to real discards the imaginary part
  params[_, 0] = 2 / period * np.trapz(y * cos, x)
/home/adrianps/Universal-Approximator/qibo_sim/classes/ApproximantNN.py:788: ComplexWarning: Casting complex values to real discards the imaginary part
  params[_, 1] = 2 / period * np.trapz(y * sin, x)
/home/adrianps/Universal-Approximator/qibo_sim/classes/ApproximantNN.py:577: RuntimeWarning: More than 20 figures have been opened. Figures created through the pyplot interface (`matplotlib.pyplot.figure`) are retained until explicitly closed and may consume too much memory. (To control this warning, see the rcParam `figure.max_open_warning`).
  fig, axs = plt.subplots(nrows=2, figsize=(8,10))
termination on tolfun=1e-11 (Fri Nov 27 18:38:04 2020)
final/bestever f-value = 7.393358e-07 7.393358e-07
incumbent solution: [ 3.14159224e+00 -1.20973665e+01  2.60878536e-02  2.90974264e-07
  1.54829112e+01  2.69539623e+00  1.79074390e-06 -3.15256124e+00 ...]
std deviations: [6.07879535e-06 4.22326342e-05 3.93950231e-07 5.87755812e-06
 4.41481003e-05 3.77819671e-06 2.14776945e-06 1.90809755e-05 ...]
