cma
(3_w,6)-aCMA-ES (mu_w=2.0,w_1=63%) in dimension 2 (seed=611772, Fri Nov 27 15:27:04 2020)
Iterat #Fevals   function value  axis ratio  sigma  min&max std  t[m:s]
    1      6 9.420547574682632e-01 1.0e+00 9.68e-01  9e-01  1e+00 0:00.3
    2     12 5.160940846785264e-01 1.1e+00 1.12e+00  1e+00  1e+00 0:00.5
    3     18 6.586628381421568e-01 1.5e+00 9.08e-01  8e-01  9e-01 0:00.8
   15     90 5.072968539850055e-01 2.2e+00 3.41e-01  2e-01  2e-01 0:04.1
   30    180 5.055826358384213e-01 5.4e+00 7.49e-02  1e-02  2e-02 0:08.1
   49    294 5.055819372724087e-01 2.5e+00 4.11e-03  1e-04  2e-04 0:13.3
   72    432 5.055819332165975e-01 3.4e+00 2.64e-04  1e-06  2e-06 0:19.6
   81    486 5.055819332165880e-01 3.3e+00 4.45e-05  8e-08  9e-08 0:22.0
termination on tolfun=1e-11 (Fri Nov 27 15:27:26 2020)
final/bestever f-value = 5.055819e-01 5.055819e-01
incumbent solution: [-2.327716880363483, -1.6343071974380385]
std deviation: [8.244633892599271e-08, 9.057301811853755e-08]
cma
(3_w,6)-aCMA-ES (mu_w=2.0,w_1=63%) in dimension 2 (seed=646427, Fri Nov 27 15:27:26 2020)
Iterat #Fevals   function value  axis ratio  sigma  min&max std  t[m:s]
    1      6 1.490196142620646e+00 1.0e+00 9.78e-01  9e-01  1e+00 0:00.3
    2     12 5.949690680762899e-01 1.4e+00 1.07e+00  1e+00  1e+00 0:00.5
    3     18 5.701182210184536e-01 1.4e+00 1.27e+00  1e+00  2e+00 0:00.8
   15     90 5.089906408330547e-01 2.1e+00 4.16e-01  2e-01  2e-01 0:04.0
   30    180 5.055833890793100e-01 3.2e+00 7.15e-02  1e-02  1e-02 0:08.1
   49    294 5.055819334566519e-01 2.2e+00 4.60e-03  7e-05  2e-04 0:13.2
   72    432 5.055819332165947e-01 3.5e+00 7.02e-05  1e-07  2e-07 0:19.4
   77    462 5.055819332165880e-01 3.1e+00 4.15e-05  5e-08  7e-08 0:20.8
termination on tolfun=1e-11 (Fri Nov 27 15:27:47 2020)
final/bestever f-value = 5.055819e-01 5.055819e-01
incumbent solution: [-0.8138758559653795, 1.6343072804053764]
std deviation: [5.131089429532323e-08, 7.315570328951121e-08]
cma
(4_w,8)-aCMA-ES (mu_w=2.6,w_1=52%) in dimension 5 (seed=533787, Fri Nov 27 15:27:48 2020)
Iterat #Fevals   function value  axis ratio  sigma  min&max std  t[m:s]
    1      8 5.974678236860383e-01 1.0e+00 9.49e-01  9e-01  1e+00 0:00.4
    2     16 6.774508828030690e-01 1.3e+00 9.16e-01  8e-01  1e+00 0:00.9
    3     24 3.565619333498774e-01 1.3e+00 1.06e+00  1e+00  1e+00 0:01.3
   11     88 1.178882202634550e-01 2.4e+00 4.54e-01  3e-01  5e-01 0:04.7
   21    168 8.898871553610299e-02 3.3e+00 2.07e-01  1e-01  2e-01 0:09.0
   33    264 5.762717519048156e-02 6.5e+00 1.97e-01  7e-02  2e-01 0:14.1
   48    384 5.640543377336581e-02 7.6e+00 3.38e-02  7e-03  3e-02 0:20.5
   65    520 5.631004112167587e-02 7.9e+00 1.61e-02  2e-03  9e-03 0:27.8
   84    672 5.630275147797966e-02 7.4e+00 2.17e-03  1e-04  7e-04 0:35.9
  100    800 5.630270359969220e-02 7.1e+00 5.53e-04  3e-05  1e-04 0:42.8
  124    992 5.630270331248586e-02 9.9e+00 7.61e-05  2e-06  1e-05 0:53.0
  150   1200 5.630270330596953e-02 6.9e+00 7.53e-06  8e-08  4e-07 1:04.2
termination on tolfun=1e-11 (Fri Nov 27 15:28:52 2020)
final/bestever f-value = 5.630270e-02 5.630270e-02
incumbent solution: [-0.016045250062029448, -2.470620025948232, -2.2346467234009046, -0.6638538841631662, -1.0290026824390848]
std deviation: [1.0890247338248626e-07, 2.345535320257462e-07, 7.957538365822047e-08, 1.453814249043808e-07, 3.990156575787392e-07]
cma
(4_w,8)-aCMA-ES (mu_w=2.6,w_1=52%) in dimension 5 (seed=595012, Fri Nov 27 15:28:52 2020)
Iterat #Fevals   function value  axis ratio  sigma  min&max std  t[m:s]
    1      8 5.997157903359610e-01 1.0e+00 9.89e-01  9e-01  1e+00 0:00.4
    2     16 4.627644486580473e-01 1.2e+00 9.38e-01  9e-01  1e+00 0:00.9
    3     24 2.251682487476152e-01 1.3e+00 8.68e-01  8e-01  9e-01 0:01.3
   10     80 1.648330255293141e-01 1.8e+00 4.59e-01  3e-01  5e-01 0:04.3
   20    160 1.489420911864391e-01 2.6e+00 2.46e-01  1e-01  3e-01 0:08.6
   32    256 1.164163527757204e-01 4.9e+00 9.34e-02  3e-02  9e-02 0:13.7
   47    376 1.113645254193489e-01 1.3e+01 9.31e-02  2e-02  1e-01 0:20.1
   64    512 9.845904485472617e-02 1.2e+01 1.45e-01  2e-02  1e-01 0:27.4
   83    664 5.768681630096289e-02 7.4e+00 2.56e-01  3e-02  1e-01 0:35.5
  100    800 5.634353044011310e-02 6.9e+00 6.28e-02  5e-03  2e-02 0:42.8
  124    992 5.630285625088018e-02 9.6e+00 7.83e-03  3e-04  1e-03 0:53.0
  150   1200 5.630270337018497e-02 7.2e+00 4.42e-04  1e-05  4e-05 1:04.1
  178   1424 5.630270330597763e-02 7.1e+00 2.15e-05  2e-07  8e-07 1:16.1
  185   1480 5.630270330595833e-02 6.0e+00 1.20e-05  8e-08  3e-07 1:19.2
termination on tolfun=1e-11 (Fri Nov 27 15:30:12 2020)
final/bestever f-value = 5.630270e-02 5.630270e-02
incumbent solution: [3.1255473646370744, -2.4706199640375752, 2.2346466449916633, 2.4777389196237514, -1.0290026655343845]
std deviation: [1.0399780473171408e-07, 1.7138805246470546e-07, 8.117448525610567e-08, 1.271182894167259e-07, 3.4178256693237414e-07]
cma
(5_w,10)-aCMA-ES (mu_w=3.2,w_1=45%) in dimension 8 (seed=605218, Fri Nov 27 15:30:12 2020)
Iterat #Fevals   function value  axis ratio  sigma  min&max std  t[m:s]
    1     10 8.955483010601258e-01 1.0e+00 9.73e-01  9e-01  1e+00 0:00.6
    2     20 5.267849326969041e-01 1.2e+00 1.08e+00  1e+00  1e+00 0:01.2
    3     30 2.890557498910130e-01 1.4e+00 1.09e+00  1e+00  1e+00 0:01.9
    8     80 3.230071658930769e-01 1.9e+00 1.05e+00  9e-01  1e+00 0:05.0
   15    150 1.495886287433739e-01 2.2e+00 7.26e-01  6e-01  8e-01 0:09.3
   24    240 2.014185302515957e-01 2.4e+00 4.70e-01  3e-01  5e-01 0:15.0
   34    340 7.906030717217351e-02 3.0e+00 2.28e-01  1e-01  2e-01 0:21.2
   46    460 5.102358703893432e-02 4.4e+00 2.47e-01  1e-01  3e-01 0:28.7
   59    590 4.112846159060773e-02 5.2e+00 1.25e-01  5e-02  1e-01 0:36.8
   74    740 3.541027305222982e-02 7.5e+00 7.32e-02  2e-02  7e-02 0:46.1
   91    910 3.398799825790501e-02 7.5e+00 2.21e-02  4e-03  2e-02 0:56.7
  100   1000 3.393514599292089e-02 6.6e+00 2.02e-02  4e-03  1e-02 1:02.3
  120   1200 3.389876392000107e-02 7.8e+00 5.18e-03  8e-04  3e-03 1:14.8
  141   1410 3.389683459417998e-02 7.7e+00 7.92e-04  8e-05  4e-04 1:27.9
  164   1640 3.389681864826704e-02 8.3e+00 6.64e-05  5e-06  2e-05 1:42.3
  189   1890 3.389681860501192e-02 1.1e+01 1.06e-05  6e-07  3e-06 1:57.8
  200   2000 3.389681860345058e-02 9.0e+00 6.05e-06  3e-07  1e-06 2:04.6
  207   2070 3.389681860324166e-02 8.4e+00 3.20e-06  1e-07  5e-07 2:09.0
termination on tolfun=1e-11 (Fri Nov 27 15:32:22 2020)
final/bestever f-value = 3.389682e-02 3.389682e-02
incumbent solution: [-0.3830805909315676, 2.014546585006568, -1.788924956722074, 0.21618906020897088, 3.9477761590900275, -4.107667830324737, -0.24639497415268705, 0.8273898815493704]
std deviation: [1.453735626158176e-07, 3.7009000466015314e-07, 2.1788723048448218e-07, 3.3546259053505476e-07, 4.870567069877775e-07, 2.2118447963896872e-07, 2.133406624943888e-07, 5.244133280007953e-07]
cma
(5_w,10)-aCMA-ES (mu_w=3.2,w_1=45%) in dimension 8 (seed=568419, Fri Nov 27 15:32:22 2020)
Iterat #Fevals   function value  axis ratio  sigma  min&max std  t[m:s]
    1     10 1.674569929810666e-01 1.0e+00 9.71e-01  9e-01  1e+00 0:00.6
    2     20 2.067608819624343e-01 1.2e+00 9.24e-01  9e-01  9e-01 0:01.2
    3     30 1.003249578827689e+00 1.2e+00 8.89e-01  8e-01  9e-01 0:01.9
    8     80 3.463662217687066e-01 1.6e+00 7.86e-01  7e-01  8e-01 0:04.9
   15    150 3.842022521273964e-01 2.6e+00 9.17e-01  7e-01  1e+00 0:09.3
   24    240 2.107137623988595e-01 3.0e+00 5.74e-01  3e-01  7e-01 0:14.8
   34    340 1.067049691262990e-01 4.5e+00 4.00e-01  2e-01  6e-01 0:21.0
   46    460 5.286701178740692e-02 5.4e+00 1.90e-01  9e-02  3e-01 0:28.5
   59    590 4.559664931178824e-02 6.4e+00 7.72e-02  3e-02  1e-01 0:36.5
   74    740 4.314124294739932e-02 8.1e+00 5.00e-02  2e-02  6e-02 0:45.8
   91    910 4.177021146634827e-02 1.3e+01 8.35e-02  3e-02  1e-01 0:56.3
  100   1000 4.093114399977276e-02 1.3e+01 5.10e-02  1e-02  5e-02 1:01.9
  120   1200 3.834518645580267e-02 1.5e+01 1.15e-01  2e-02  1e-01 1:14.2
  142   1420 3.722173403013802e-02 1.5e+01 7.76e-02  1e-02  6e-02 1:27.8
  165   1650 3.562344002298704e-02 1.8e+01 1.04e-01  1e-02  8e-02 1:42.1
  190   1900 2.999741005755575e-02 2.8e+01 1.86e-01  2e-02  2e-01 1:57.5
  200   2000 2.918907125109202e-02 2.2e+01 1.64e-01  2e-02  1e-01 2:03.7
  228   2280 2.866586299847736e-02 1.6e+01 4.15e-02  3e-03  2e-02 2:21.2
  257   2570 2.865320821197581e-02 1.4e+01 6.78e-03  4e-04  2e-03 2:39.2
  288   2880 2.865301331144039e-02 1.4e+01 3.30e-04  1e-05  5e-05 2:58.5
  300   3000 2.865301324264694e-02 1.3e+01 1.48e-04  4e-06  2e-05 3:05.9
  334   3340 2.865301322325345e-02 1.4e+01 1.42e-05  3e-07  1e-06 3:27.2
  342   3420 2.865301322320960e-02 1.3e+01 7.47e-06  1e-07  4e-07 3:32.2
termination on tolfun=1e-11 (Fri Nov 27 15:35:55 2020)
final/bestever f-value = 2.865301e-02 2.865301e-02
incumbent solution: [-0.0017383990501995297, 2.577384249132092, -0.8238101079814295, 3.1429295798351786, -5.268971514804708, -4.67491602630652, 0.7421167646839157, 1.073098160233041]
std deviation: [1.5001523999082635e-07, 3.185517421670643e-07, 1.4864403530619133e-07, 1.8164906522332906e-07, 4.305411391798733e-07, 1.4138651875328254e-07, 1.6649074823245564e-07, 2.9505095223439614e-07]
cma
(5_w,11)-aCMA-ES (mu_w=3.4,w_1=42%) in dimension 11 (seed=557148, Fri Nov 27 15:35:55 2020)
Iterat #Fevals   function value  axis ratio  sigma  min&max std  t[m:s]
    1     11 3.510938553717469e-01 1.0e+00 9.28e-01  9e-01  1e+00 0:00.8
    2     22 7.882361234042859e-01 1.1e+00 8.67e-01  8e-01  9e-01 0:01.6
    3     33 1.148592934707520e-01 1.2e+00 7.77e-01  7e-01  8e-01 0:02.3
    7     77 1.617097132403365e-01 1.4e+00 6.92e-01  6e-01  7e-01 0:05.5
   13    143 3.065252919686361e-01 1.7e+00 5.02e-01  4e-01  5e-01 0:10.2
   20    220 1.650169532574624e-01 2.0e+00 4.58e-01  4e-01  5e-01 0:15.6
   28    308 2.327567116950082e-01 2.6e+00 4.29e-01  3e-01  5e-01 0:21.9
   37    407 1.078420967447762e-01 2.9e+00 1.97e-01  1e-01  2e-01 0:28.9
   48    528 7.619083854986503e-02 3.8e+00 1.24e-01  8e-02  1e-01 0:37.5
   60    660 6.517887430147414e-02 5.3e+00 1.12e-01  8e-02  1e-01 0:46.9
   73    803 5.674598575546767e-02 7.1e+00 9.24e-02  6e-02  1e-01 0:57.0
   88    968 5.584137464747919e-02 8.2e+00 3.45e-02  2e-02  3e-02 1:08.7
  100   1100 5.562335846259250e-02 9.8e+00 2.04e-02  1e-02  2e-02 1:18.1
  117   1287 5.548930343664410e-02 1.2e+01 1.14e-02  6e-03  1e-02 1:31.4
  135   1485 5.535021674761414e-02 2.3e+01 2.21e-02  1e-02  3e-02 1:45.5
  155   1705 5.527332236342633e-02 3.7e+01 1.54e-02  6e-03  2e-02 2:01.1
  176   1936 5.521500304657966e-02 4.9e+01 2.36e-02  1e-02  4e-02 2:17.5
  198   2178 5.449045971362301e-02 9.3e+01 5.79e-02  3e-02  1e-01 2:34.7
  200   2200 5.423354956820225e-02 9.3e+01 6.77e-02  3e-02  2e-01 2:36.3
  225   2475 5.104955119764164e-02 7.2e+01 1.09e-01  3e-02  2e-01 2:55.8
  251   2761 4.581293000750643e-02 5.3e+01 1.01e-01  2e-02  1e-01 3:16.1
  278   3058 4.331551532291435e-02 6.7e+01 6.37e-02  8e-03  1e-01 3:37.2
  300   3300 4.296546981531650e-02 5.5e+01 2.69e-02  3e-03  4e-02 3:54.4
  330   3630 4.276882106276547e-02 5.0e+01 5.04e-02  4e-03  5e-02 4:17.8
  361   3971 4.268860405702091e-02 5.3e+01 1.58e-02  8e-04  1e-02 4:42.0
  394   4334 4.268281291221889e-02 5.6e+01 1.01e-02  4e-04  6e-03 5:07.8
  400   4400 4.268008656181440e-02 6.5e+01 1.59e-02  6e-04  9e-03 5:12.5
  435   4785 4.266051771922590e-02 8.2e+01 2.21e-02  7e-04  1e-02 5:39.8
  471   5181 4.264725015529561e-02 8.5e+01 3.17e-02  8e-04  1e-02 6:07.9
  500   5500 4.263763841160004e-02 1.0e+02 3.39e-02  7e-04  1e-02 6:30.3
  539   5929 4.262440752727903e-02 1.0e+02 3.19e-02  5e-04  1e-02 7:00.3
  580   6380 4.259933847214423e-02 7.3e+01 8.26e-02  1e-03  2e-02 7:31.9
  600   6600 4.258417543979626e-02 7.6e+01 3.65e-02  4e-04  7e-03 7:47.3
  643   7073 4.251214773898068e-02 1.2e+02 1.52e-01  2e-03  4e-02 8:20.5
  688   7568 4.239593759849300e-02 1.5e+02 2.63e-01  2e-03  9e-02 8:55.1
  700   7700 4.233385112910322e-02 1.9e+02 2.36e-01  2e-03  1e-01 9:04.4
  747   8217 3.438539848624617e-02 1.7e+02 3.22e+00  3e-02  9e-01 9:40.6
  796   8756 2.073315300994844e-02 5.6e+01 1.18e+00  8e-03  1e-01 10:18.3
  800   8800 2.082514463659666e-02 5.6e+01 8.95e-01  6e-03  9e-02 10:21.4
  851   9361 1.993431579769896e-02 5.2e+01 6.00e-01  3e-03  4e-02 11:00.9
  900   9900 1.982674410485351e-02 4.3e+01 2.13e-01  8e-04  9e-03 11:39.0
  953  10483 1.976929270849091e-02 8.8e+01 5.87e-01  2e-03  4e-02 12:20.2
 1000  11000 1.940269518626460e-02 6.0e+01 2.01e+00  4e-03  7e-02 12:56.8
Iterat #Fevals   function value  axis ratio  sigma  min&max std  t[m:s]
 1056  11616 1.910899689119326e-02 4.2e+01 4.66e-01  9e-04  8e-03 13:40.3
 1100  12100 1.910494660064608e-02 4.0e+01 6.53e-02  1e-04  9e-04 14:14.5
 1159  12749 1.910493911874125e-02 3.5e+01 1.13e-03  1e-06  9e-06 15:00.2
 1188  13068 1.910493911726255e-02 3.6e+01 1.65e-04  1e-07  1e-06 15:22.7
termination on tolfun=1e-11 (Fri Nov 27 15:51:19 2020)
final/bestever f-value = 1.910494e-02 1.910494e-02
incumbent solution: [  3.14576949  -8.48072202  -3.39918681  -0.02540352 -10.08837138
  -2.4065071    3.18251212  -5.19562815 ...]
std deviations: [5.33184012e-07 1.01142324e-06 1.22563608e-07 5.18444053e-07
 1.13265199e-06 4.45085480e-07 2.93166909e-07 1.06668867e-06 ...]
cma
(5_w,11)-aCMA-ES (mu_w=3.4,w_1=42%) in dimension 11 (seed=579457, Fri Nov 27 15:51:20 2020)
Iterat #Fevals   function value  axis ratio  sigma  min&max std  t[m:s]
    1     11 7.464963648641929e-01 1.0e+00 1.01e+00  1e+00  1e+00 0:00.8
    2     22 2.589910339229888e-01 1.3e+00 1.04e+00  1e+00  1e+00 0:01.6
    3     33 5.687843317128191e-01 1.4e+00 1.06e+00  1e+00  1e+00 0:02.3
    7     77 1.528099273194830e-01 1.7e+00 9.77e-01  9e-01  1e+00 0:05.4
   13    143 3.228727500499798e-01 2.0e+00 8.41e-01  7e-01  9e-01 0:10.1
   20    220 3.342100784312332e-01 2.0e+00 6.76e-01  6e-01  7e-01 0:15.5
   28    308 1.363036876117611e-01 2.2e+00 4.40e-01  3e-01  5e-01 0:21.6
   38    418 1.114569921098392e-01 2.8e+00 3.46e-01  2e-01  4e-01 0:29.4
   49    539 7.795715774582945e-02 3.5e+00 2.17e-01  1e-01  2e-01 0:37.9
   61    671 5.828047228439515e-02 4.8e+00 1.22e-01  7e-02  1e-01 0:47.2
   74    814 5.514830939863950e-02 6.2e+00 5.63e-02  3e-02  6e-02 0:57.2
   89    979 5.478280286970323e-02 7.6e+00 3.56e-02  2e-02  4e-02 1:08.8
  100   1100 5.464552533225495e-02 1.0e+01 2.77e-02  1e-02  3e-02 1:17.3
  117   1287 5.302961218483913e-02 1.5e+01 6.06e-02  2e-02  7e-02 1:30.4
  136   1496 5.131204395437822e-02 1.9e+01 4.18e-02  1e-02  5e-02 1:45.1
  156   1716 4.801131327828119e-02 2.8e+01 9.98e-02  3e-02  1e-01 2:00.6
  177   1947 4.695938287977287e-02 4.0e+01 1.32e-01  3e-02  2e-01 2:16.8
  199   2189 4.019628679118793e-02 5.0e+01 1.12e-01  2e-02  2e-01 2:33.8
  200   2200 4.038885134995292e-02 5.0e+01 1.11e-01  2e-02  2e-01 2:34.6
  225   2475 3.735081165465277e-02 4.3e+01 7.31e-02  1e-02  1e-01 2:53.9
  251   2761 3.418373316229043e-02 4.1e+01 1.24e-01  2e-02  2e-01 3:14.1
  278   3058 3.145831920405695e-02 4.1e+01 8.12e-02  1e-02  1e-01 3:35.2
  300   3300 2.928237584010936e-02 6.1e+01 1.31e-01  2e-02  3e-01 3:52.3
  330   3630 2.788665946024185e-02 3.5e+01 2.90e-02  3e-03  3e-02 4:15.7
  361   3971 2.785352595203510e-02 3.2e+01 1.06e-02  1e-03  8e-03 4:39.9
  394   4334 2.781903865391750e-02 3.3e+01 2.41e-02  2e-03  2e-02 5:05.6
  400   4400 2.780778063130911e-02 3.4e+01 3.06e-02  3e-03  2e-02 5:10.3
  435   4785 2.775443940305843e-02 4.5e+01 4.76e-02  3e-03  2e-02 5:37.6
  471   5181 2.770013207385144e-02 4.7e+01 3.17e-02  2e-03  1e-02 6:05.7
  500   5500 2.766711115394670e-02 5.7e+01 4.49e-02  2e-03  2e-02 6:28.3
  539   5929 2.763624147071897e-02 8.5e+01 2.12e-02  9e-04  1e-02 6:58.7
  579   6369 2.760161896179800e-02 1.7e+02 8.63e-02  3e-03  9e-02 7:29.9
  600   6600 2.756589122565647e-02 1.5e+02 6.37e-02  2e-03  5e-02 7:46.2
  643   7073 2.752621464675060e-02 1.8e+02 8.01e-02  2e-03  6e-02 8:19.8
  687   7557 2.743442686417768e-02 1.1e+02 1.38e-01  2e-03  5e-02 8:54.1
  700   7700 2.740492224834861e-02 8.1e+01 1.37e-01  2e-03  3e-02 9:04.2
  747   8217 2.709265935821670e-02 5.7e+01 2.25e-01  3e-03  3e-02 9:40.9
  795   8745 2.678677119638071e-02 1.1e+02 2.11e-01  3e-03  5e-02 10:18.3
  800   8800 2.678174308342956e-02 1.0e+02 1.66e-01  2e-03  4e-02 10:22.2
  850   9350 2.671419659814092e-02 9.1e+01 4.56e-01  4e-03  7e-02 11:01.2
  900   9900 2.540996723110652e-02 7.6e+01 1.75e+00  1e-02  2e-01 11:40.2
  953  10483 2.205929685102987e-02 3.5e+01 2.14e+00  1e-02  9e-02 12:21.6
 1000  11000 1.594609456165242e-02 4.7e+01 1.66e+00  7e-03  7e-02 12:58.3
Iterat #Fevals   function value  axis ratio  sigma  min&max std  t[m:s]
 1056  11616 1.527793483849812e-02 3.6e+01 6.04e-01  2e-03  2e-02 13:42.0
 1100  12100 1.527333058168250e-02 3.8e+01 4.55e-02  8e-05  8e-04 14:16.4
 1158  12738 1.527331462510510e-02 3.8e+01 8.96e-04  9e-07  1e-05 15:01.7
 1188  13068 1.527331462366818e-02 4.0e+01 1.15e-04  1e-07  1e-06 15:25.1
termination on tolfun=1e-11 (Fri Nov 27 16:06:47 2020)
final/bestever f-value = 1.527331e-02 1.527331e-02
incumbent solution: [ 0.03437866 -4.96008328  0.63106485 -0.04466059  7.98213548 -4.97709709
  3.13369818  3.91525663 ...]
std deviations: [2.27976071e-07 6.71444356e-07 1.92786378e-07 2.93788014e-07
 9.55458601e-07 1.45423835e-07 2.42481084e-07 8.02621639e-07 ...]
cma
(5_w,11)-aCMA-ES (mu_w=3.4,w_1=42%) in dimension 14 (seed=586817, Fri Nov 27 16:06:47 2020)
Iterat #Fevals   function value  axis ratio  sigma  min&max std  t[m:s]
    1     11 1.148197271739941e-01 1.0e+00 8.83e-01  9e-01  9e-01 0:00.9
    2     22 6.162081700447908e-01 1.1e+00 8.17e-01  8e-01  8e-01 0:01.7
    3     33 7.561109924270040e-01 1.2e+00 7.47e-01  7e-01  8e-01 0:02.6
    7     77 6.443608283709259e-01 1.3e+00 7.03e-01  7e-01  7e-01 0:06.0
   12    132 3.812153944208111e-01 1.4e+00 5.60e-01  5e-01  6e-01 0:10.3
   18    198 2.886791938210487e-01 1.6e+00 4.33e-01  4e-01  4e-01 0:15.5
   25    275 1.754790507446032e-01 1.9e+00 4.38e-01  4e-01  5e-01 0:21.6
   34    374 9.727549577335108e-02 2.1e+00 3.17e-01  3e-01  3e-01 0:29.3
   44    484 7.638180407693694e-02 2.3e+00 2.11e-01  2e-01  2e-01 0:38.0
   55    605 7.376670899501371e-02 2.7e+00 1.59e-01  1e-01  2e-01 0:47.5
   67    737 7.140629284940933e-02 3.1e+00 8.69e-02  6e-02  9e-02 0:57.8
   80    880 5.872498148202781e-02 3.6e+00 6.67e-02  5e-02  7e-02 1:09.0
   94   1034 5.515031279832797e-02 5.1e+00 5.21e-02  4e-02  5e-02 1:21.1
  100   1100 5.161483260069415e-02 5.4e+00 6.29e-02  4e-02  6e-02 1:26.3
  117   1287 4.457785817138789e-02 8.4e+00 5.76e-02  4e-02  7e-02 1:41.0
  135   1485 3.923762362284063e-02 1.1e+01 5.09e-02  3e-02  6e-02 1:56.5
  154   1694 3.612132287761976e-02 1.4e+01 5.19e-02  3e-02  8e-02 2:12.9
  174   1914 3.185612443021183e-02 1.7e+01 5.86e-02  3e-02  1e-01 2:30.1
  195   2145 2.829342211647371e-02 1.7e+01 3.92e-02  2e-02  6e-02 2:48.2
  200   2200 2.774109293977462e-02 1.7e+01 3.98e-02  2e-02  6e-02 2:52.5
  224   2464 2.485250892341409e-02 1.6e+01 5.07e-02  2e-02  6e-02 3:13.2
  249   2739 2.350243625255514e-02 1.7e+01 2.57e-02  9e-03  3e-02 3:34.8
  275   3025 2.314192245018741e-02 1.7e+01 1.27e-02  4e-03  2e-02 3:57.2
  300   3300 2.309843997995497e-02 2.0e+01 4.13e-03  1e-03  6e-03 4:18.8
  328   3608 2.308187336148538e-02 2.2e+01 7.05e-03  2e-03  9e-03 4:42.9
  357   3927 2.302602425917659e-02 3.0e+01 1.32e-02  4e-03  2e-02 5:08.0
  388   4268 2.290746308357871e-02 5.5e+01 2.44e-02  9e-03  5e-02 5:34.7
  400   4400 2.275146267454730e-02 5.5e+01 3.17e-02  1e-02  7e-02 5:45.1
  433   4763 2.165943022871791e-02 4.7e+01 5.28e-02  2e-02  9e-02 6:13.5
  467   5137 2.129480776299022e-02 3.7e+01 5.64e-02  2e-02  7e-02 6:42.9
  500   5500 1.993794080714306e-02 4.6e+01 3.46e-02  8e-03  4e-02 7:11.3
  536   5896 1.949310831873275e-02 4.9e+01 4.49e-02  7e-03  5e-02 7:42.4
  574   6314 1.915188655508970e-02 4.7e+01 6.33e-02  8e-03  6e-02 8:15.2
  600   6600 1.873705250692889e-02 4.4e+01 5.42e-02  6e-03  5e-02 8:37.7
  640   7040 1.816889454427008e-02 5.5e+01 6.36e-02  6e-03  6e-02 9:12.2
  681   7491 1.735054321516746e-02 4.6e+01 8.84e-02  7e-03  7e-02 9:47.6
  700   7700 1.709460357136728e-02 5.2e+01 4.47e-02  3e-03  4e-02 10:04.1
  743   8173 1.616519828150513e-02 5.2e+01 9.83e-02  6e-03  8e-02 10:41.2
  788   8668 1.559644373509141e-02 4.3e+01 1.01e-01  5e-03  7e-02 11:20.0
  800   8800 1.550373510253765e-02 4.6e+01 7.46e-02  3e-03  5e-02 11:30.4
  847   9317 1.541389607618387e-02 5.6e+01 2.02e-02  8e-04  1e-02 12:10.9
  895   9845 1.540664908308050e-02 6.4e+01 7.44e-03  3e-04  4e-03 12:52.3
  900   9900 1.540665011523486e-02 6.3e+01 5.70e-03  2e-04  3e-03 12:56.6
  950  10450 1.540642921108392e-02 7.1e+01 2.84e-04  8e-06  1e-04 13:39.7
 1000  11000 1.540642905449925e-02 8.2e+01 1.32e-05  3e-07  5e-06 14:22.8
Iterat #Fevals   function value  axis ratio  sigma  min&max std  t[m:s]
 1022  11242 1.540642905435131e-02 9.3e+01 3.10e-06  6e-08  1e-06 14:41.7
termination on tolfun=1e-11 (Fri Nov 27 16:21:31 2020)
final/bestever f-value = 1.540643e-02 1.540643e-02
incumbent solution: [ 1.83032295  5.28125432 -2.54494042 -2.93808886  9.89267668 -5.68079913
  1.37833832 -2.1486687  ...]
std deviations: [1.83901305e-07 4.52240154e-07 1.03061194e-07 5.31304708e-07
 1.06024239e-06 1.48715517e-07 4.94372135e-07 8.34920360e-07 ...]
cma
(5_w,11)-aCMA-ES (mu_w=3.4,w_1=42%) in dimension 14 (seed=608244, Fri Nov 27 16:21:31 2020)
Iterat #Fevals   function value  axis ratio  sigma  min&max std  t[m:s]
    1     11 5.593044110599332e-01 1.0e+00 9.86e-01  1e+00  1e+00 0:00.9
    2     22 3.968923542490462e-01 1.2e+00 9.44e-01  9e-01  1e+00 0:01.7
    3     33 8.942951770715578e-01 1.2e+00 9.23e-01  9e-01  9e-01 0:02.6
    7     77 3.959582943090811e-01 1.4e+00 9.85e-01  9e-01  1e+00 0:06.0
   12    132 3.478332088866965e-01 1.6e+00 9.52e-01  9e-01  1e+00 0:10.3
   18    198 6.888020985536447e-01 1.9e+00 8.02e-01  7e-01  1e+00 0:15.5
   25    275 2.321547461426985e-01 2.0e+00 8.59e-01  7e-01  1e+00 0:21.5
   34    374 6.378727274177934e-01 2.2e+00 1.05e+00  9e-01  1e+00 0:29.3
   44    484 3.408250422758720e-01 2.3e+00 9.04e-01  7e-01  1e+00 0:37.9
   55    605 4.464711694534902e-01 2.8e+00 7.31e-01  6e-01  9e-01 0:47.3
   67    737 3.670977208728000e-01 2.8e+00 4.56e-01  3e-01  5e-01 0:57.7
   80    880 1.700883224832153e-01 3.3e+00 5.63e-01  4e-01  6e-01 1:08.9
   94   1034 1.972884565338690e-01 3.3e+00 3.71e-01  2e-01  4e-01 1:20.9
  100   1100 1.181976742669364e-01 3.3e+00 3.07e-01  2e-01  3e-01 1:26.1
  117   1287 4.943383647425755e-02 3.7e+00 1.99e-01  1e-01  2e-01 1:40.7
  135   1485 5.747562794801461e-02 4.1e+00 1.75e-01  1e-01  2e-01 1:56.2
  154   1694 4.795862719197903e-02 5.1e+00 1.00e-01  6e-02  1e-01 2:12.6
  174   1914 3.715566269266481e-02 6.8e+00 7.03e-02  4e-02  7e-02 2:29.8
  195   2145 3.209450898989761e-02 9.2e+00 6.78e-02  4e-02  7e-02 2:47.9
  200   2200 3.167776067586144e-02 9.2e+00 5.93e-02  3e-02  6e-02 2:52.2
  224   2464 2.396854555090270e-02 1.1e+01 1.05e-01  5e-02  1e-01 3:12.9
  249   2739 2.024352186612019e-02 1.5e+01 6.18e-02  3e-02  1e-01 3:34.4
  275   3025 1.824187314415926e-02 1.7e+01 3.54e-02  1e-02  5e-02 3:56.8
  300   3300 1.706448765753326e-02 2.0e+01 3.61e-02  1e-02  5e-02 4:18.4
  328   3608 1.627884645367614e-02 2.2e+01 2.81e-02  7e-03  4e-02 4:42.5
  357   3927 1.553949079802387e-02 3.7e+01 2.73e-02  6e-03  6e-02 5:07.5
  388   4268 1.451554969004383e-02 4.1e+01 8.75e-02  2e-02  2e-01 5:34.2
  400   4400 1.428082037887115e-02 3.8e+01 6.77e-02  1e-02  1e-01 5:44.6
  433   4763 1.308021531203709e-02 3.5e+01 4.87e-02  1e-02  7e-02 6:13.0
  467   5137 1.177487740663035e-02 3.8e+01 5.97e-02  1e-02  1e-01 6:42.3
  500   5500 1.072058426055436e-02 5.0e+01 4.93e-02  8e-03  8e-02 7:10.8
  536   5896 1.047735835161807e-02 4.8e+01 1.89e-02  3e-03  3e-02 7:41.8
  574   6314 1.041752531678259e-02 4.5e+01 1.01e-02  1e-03  1e-02 8:14.5
  600   6600 1.041498960647248e-02 5.0e+01 2.94e-03  3e-04  3e-03 8:36.9
  640   7040 1.041482670793021e-02 5.2e+01 1.77e-04  2e-05  2e-04 9:11.4
  681   7491 1.041482627479076e-02 5.4e+01 1.65e-05  1e-06  1e-05 9:46.8
  700   7700 1.041482627284853e-02 5.8e+01 4.93e-06  4e-07  4e-06 10:03.2
  718   7898 1.041482627278645e-02 5.6e+01 1.26e-06  1e-07  8e-07 10:18.7
termination on tolfun=1e-11 (Fri Nov 27 16:31:51 2020)
final/bestever f-value = 1.041483e-02 1.041483e-02
incumbent solution: [ 0.51582329  2.15896644 -5.12631573  2.12086701  5.05058982 -9.93405225
 -3.5306455   9.55521455 ...]
std deviations: [1.19797535e-07 1.89261386e-07 1.18821660e-07 1.97933590e-07
 6.41453235e-07 1.68703865e-07 2.30453829e-07 7.60879231e-07 ...]
cma
(6_w,12)-aCMA-ES (mu_w=3.7,w_1=40%) in dimension 17 (seed=648189, Fri Nov 27 16:31:51 2020)
Iterat #Fevals   function value  axis ratio  sigma  min&max std  t[m:s]
    1     12 7.306453093543159e-01 1.0e+00 9.45e-01  9e-01  1e+00 0:01.1
    2     24 3.971340173652081e-01 1.1e+00 8.91e-01  9e-01  9e-01 0:02.1
    3     36 3.678197409364922e-01 1.2e+00 8.28e-01  8e-01  8e-01 0:03.2
    6     72 8.264629184535468e-01 1.2e+00 8.12e-01  8e-01  8e-01 0:06.3
   10    120 5.947243588745634e-01 1.5e+00 1.04e+00  1e+00  1e+00 0:10.5
   15    180 1.030137495706623e+00 1.7e+00 1.22e+00  1e+00  1e+00 0:15.7
   21    252 8.607734537237959e-01 1.8e+00 1.44e+00  1e+00  2e+00 0:22.0
   28    336 5.882835123538430e-01 1.8e+00 1.67e+00  2e+00  2e+00 0:29.4
   36    432 1.026627936455282e+00 2.1e+00 1.66e+00  2e+00  2e+00 0:37.8
   45    540 6.372156968993351e-01 2.2e+00 1.48e+00  1e+00  2e+00 0:47.3
   55    660 8.697451624720510e-01 2.4e+00 1.45e+00  1e+00  2e+00 0:57.8
   66    792 9.702309487110840e-01 2.3e+00 1.09e+00  1e+00  1e+00 1:09.4
   78    936 7.818120666863217e-01 2.6e+00 8.28e-01  7e-01  1e+00 1:22.0
   91   1092 7.092382020063662e-01 2.8e+00 5.59e-01  5e-01  7e-01 1:35.6
  100   1200 6.370232704976909e-01 2.8e+00 4.32e-01  3e-01  5e-01 1:45.1
  115   1380 4.821337678173095e-01 3.0e+00 3.40e-01  3e-01  4e-01 2:00.7
  131   1572 3.353449712767300e-01 3.5e+00 3.17e-01  2e-01  4e-01 2:17.3
  148   1776 2.476662702526605e-01 3.6e+00 1.59e-01  1e-01  2e-01 2:34.9
  166   1992 1.278726642490748e-01 3.8e+00 2.14e-01  1e-01  3e-01 2:53.6
  185   2220 7.694366479781063e-02 4.5e+00 1.83e-01  1e-01  3e-01 3:13.3
  200   2400 3.744742991639834e-02 4.6e+00 9.36e-02  5e-02  1e-01 3:28.8
  221   2652 2.733899956404552e-02 4.9e+00 5.70e-02  3e-02  6e-02 3:50.6
  243   2916 2.286736614469953e-02 5.5e+00 4.17e-02  2e-02  4e-02 4:13.5
  266   3192 2.121329821635781e-02 6.6e+00 2.96e-02  1e-02  3e-02 4:37.3
  290   3480 1.980503433051096e-02 8.6e+00 2.27e-02  1e-02  3e-02 5:02.2
  300   3600 1.942867688777393e-02 9.1e+00 1.67e-02  7e-03  2e-02 5:12.6
  326   3912 1.889615421755690e-02 1.3e+01 1.76e-02  6e-03  2e-02 5:39.6
  353   4236 1.841792310094083e-02 1.8e+01 1.35e-02  4e-03  3e-02 6:07.6
  381   4572 1.799133084963696e-02 2.2e+01 2.00e-02  6e-03  5e-02 6:36.6
  400   4800 1.782512872780565e-02 2.4e+01 1.58e-02  5e-03  4e-02 6:56.3
  429   5148 1.773025610157208e-02 2.7e+01 8.49e-03  2e-03  2e-02 7:26.4
  459   5508 1.768592595908192e-02 2.4e+01 7.52e-03  2e-03  1e-02 7:57.5
  490   5880 1.754022603154401e-02 4.1e+01 1.44e-02  3e-03  4e-02 8:29.6
  500   6000 1.749105962269791e-02 5.1e+01 1.92e-02  4e-03  6e-02 8:40.0
  533   6396 1.709410740627451e-02 4.3e+01 2.54e-02  5e-03  5e-02 9:14.3
  567   6804 1.687767753213693e-02 3.8e+01 1.60e-02  3e-03  3e-02 9:49.7
  600   7200 1.676467686169858e-02 4.7e+01 1.53e-02  3e-03  3e-02 10:24.0
  636   7632 1.669617152541455e-02 6.2e+01 1.23e-02  2e-03  3e-02 11:01.4
  673   8076 1.666986210411336e-02 6.0e+01 6.74e-03  1e-03  2e-02 11:39.9
  700   8400 1.665808392054906e-02 8.2e+01 8.71e-03  1e-03  2e-02 12:07.9
  739   8868 1.665061121675636e-02 9.5e+01 2.53e-03  3e-04  7e-03 12:48.5
  779   9348 1.665025348343295e-02 1.2e+02 6.02e-04  7e-05  2e-03 13:30.1
  800   9600 1.665023943487716e-02 1.1e+02 3.05e-04  3e-05  8e-04 13:51.9
  842  10104 1.665023728229273e-02 1.2e+02 6.19e-05  6e-06  2e-04 14:35.6
  885  10620 1.665023716341373e-02 1.4e+02 9.11e-06  8e-07  2e-05 15:20.3
  900  10800 1.665023716241795e-02 1.4e+02 3.62e-06  3e-07  8e-06 15:35.9
  919  11028 1.665023716226261e-02 1.4e+02 1.50e-06  1e-07  3e-06 15:55.7
termination on tolfun=1e-11 (Fri Nov 27 16:47:48 2020)
final/bestever f-value = 1.665024e-02 1.665024e-02
incumbent solution: [-6.29882939  2.77884409 -2.32899219 -3.20881542  5.63062635  4.64128686
 -0.95851597 -9.25013963 ...]
std deviations: [2.10915253e-07 4.40817472e-07 1.65085125e-07 3.60528429e-07
 8.83754552e-07 2.68221895e-07 3.64048925e-07 8.85838666e-07 ...]
cma
(6_w,12)-aCMA-ES (mu_w=3.7,w_1=40%) in dimension 17 (seed=532679, Fri Nov 27 16:47:49 2020)
Iterat #Fevals   function value  axis ratio  sigma  min&max std  t[m:s]
    1     12 2.988628907183704e-01 1.0e+00 9.18e-01  9e-01  9e-01 0:01.0
    2     24 7.466509779141888e-01 1.1e+00 8.77e-01  9e-01  9e-01 0:02.1
    3     36 5.699106374715190e-01 1.1e+00 8.39e-01  8e-01  9e-01 0:03.1
    6     72 8.227105427461926e-01 1.2e+00 8.08e-01  8e-01  8e-01 0:06.2
   10    120 7.376129264435076e-01 1.4e+00 6.84e-01  6e-01  7e-01 0:10.4
   15    180 3.977398062994564e-01 1.5e+00 6.32e-01  6e-01  6e-01 0:15.6
   21    252 9.288770341366160e-01 1.6e+00 6.85e-01  6e-01  7e-01 0:21.8
   28    336 3.937822696519007e-01 1.7e+00 5.44e-01  5e-01  6e-01 0:29.1
   36    432 2.757169806056020e-01 1.9e+00 4.56e-01  4e-01  5e-01 0:37.4
   45    540 1.467564688632804e-01 2.2e+00 4.14e-01  3e-01  4e-01 0:46.8
   55    660 1.686293683009106e-01 2.3e+00 4.02e-01  3e-01  4e-01 0:57.2
   66    792 1.367636719074245e-01 2.6e+00 3.43e-01  3e-01  4e-01 1:08.6
   78    936 1.052769994264449e-01 3.1e+00 2.66e-01  2e-01  3e-01 1:21.1
   91   1092 8.263355889446580e-02 3.6e+00 2.10e-01  2e-01  2e-01 1:34.6
  100   1200 6.940677714059633e-02 3.9e+00 1.63e-01  1e-01  2e-01 1:44.0
  115   1380 6.043503873403242e-02 4.6e+00 1.11e-01  8e-02  1e-01 1:59.6
  131   1572 5.689725684629603e-02 5.5e+00 6.32e-02  4e-02  7e-02 2:16.2
  148   1776 5.523203418133089e-02 7.2e+00 3.08e-02  2e-02  4e-02 2:33.9
  166   1992 5.502040667424727e-02 8.7e+00 2.79e-02  2e-02  3e-02 2:52.6
  185   2220 5.445646082254858e-02 1.3e+01 3.27e-02  2e-02  4e-02 3:12.4
  200   2400 5.415950441146914e-02 1.7e+01 3.18e-02  2e-02  4e-02 3:28.0
  221   2652 5.384476635614401e-02 1.8e+01 2.19e-02  1e-02  3e-02 3:49.8
  243   2916 5.226671612308281e-02 2.2e+01 4.08e-02  3e-02  5e-02 4:12.7
  266   3192 5.101772820653520e-02 2.9e+01 4.42e-02  3e-02  6e-02 4:36.7
  290   3480 4.896955498834368e-02 2.9e+01 5.51e-02  3e-02  9e-02 5:01.6
  300   3600 4.869644973515586e-02 2.8e+01 6.46e-02  4e-02  1e-01 5:12.0
  325   3900 4.296402858364196e-02 2.3e+01 5.06e-02  3e-02  7e-02 5:38.0
  351   4212 3.821436893346158e-02 2.8e+01 4.79e-02  2e-02  7e-02 6:05.1
  378   4536 3.675858810678427e-02 2.7e+01 3.71e-02  1e-02  5e-02 6:33.2
  400   4800 3.586844486925939e-02 2.8e+01 4.31e-02  1e-02  5e-02 6:56.1
  429   5148 3.248024224325372e-02 4.2e+01 7.64e-02  2e-02  1e-01 7:26.3
  459   5508 2.624882331320826e-02 4.9e+01 1.16e-01  3e-02  3e-01 7:57.5
  490   5880 2.035235209219293e-02 4.1e+01 8.72e-02  2e-02  2e-01 8:29.8
  500   6000 2.040765257959470e-02 3.9e+01 7.70e-02  2e-02  1e-01 8:40.2
  533   6396 1.850562370696197e-02 2.9e+01 4.32e-02  9e-03  6e-02 9:14.5
  567   6804 1.800522972967674e-02 2.5e+01 2.07e-02  4e-03  2e-02 9:49.9
  600   7200 1.702041983102253e-02 3.1e+01 4.80e-02  9e-03  6e-02 10:24.3
  636   7632 1.557181926348323e-02 3.8e+01 3.94e-02  8e-03  5e-02 11:01.7
  673   8076 1.496643687089533e-02 3.7e+01 3.48e-02  5e-03  4e-02 11:40.2
  700   8400 1.476379739555690e-02 3.7e+01 3.26e-02  5e-03  4e-02 12:08.3
  739   8868 1.451542411435712e-02 3.8e+01 3.96e-02  5e-03  4e-02 12:48.9
  779   9348 1.404481819833796e-02 3.3e+01 3.93e-02  5e-03  4e-02 13:30.5
  800   9600 1.373238756281921e-02 3.9e+01 5.58e-02  8e-03  6e-02 13:52.3
  842  10104 1.245731461745743e-02 5.5e+01 6.35e-02  8e-03  9e-02 14:36.0
  885  10620 1.183726565147499e-02 5.3e+01 4.95e-02  5e-03  6e-02 15:20.8
  900  10800 1.138746946086204e-02 6.4e+01 7.91e-02  8e-03  1e-01 15:36.4
  945  11340 1.118951733216930e-02 5.5e+01 2.56e-02  2e-03  2e-02 16:23.2
  991  11892 1.113796745391862e-02 5.3e+01 3.39e-02  3e-03  3e-02 17:11.1
 1000  12000 1.111979610465119e-02 5.3e+01 3.85e-02  3e-03  3e-02 17:20.4
Iterat #Fevals   function value  axis ratio  sigma  min&max std  t[m:s]
 1048  12576 1.097881055483267e-02 4.8e+01 4.70e-02  3e-03  3e-02 18:10.3
 1097  13164 1.068709182930560e-02 6.1e+01 6.12e-02  4e-03  4e-02 19:01.3
 1100  13200 1.071017426977157e-02 6.5e+01 5.54e-02  4e-03  3e-02 19:04.4
 1151  13812 1.055507438334218e-02 6.6e+01 2.55e-02  2e-03  2e-02 19:57.4
 1200  14400 1.045125467809166e-02 6.3e+01 6.03e-02  3e-03  4e-02 20:48.3
 1253  15036 9.755201321342286e-03 7.4e+01 1.55e-01  7e-03  1e-01 21:43.3
 1300  15600 9.042803916852402e-03 6.5e+01 7.10e-02  3e-03  4e-02 22:32.1
 1354  16248 8.788516263769593e-03 8.8e+01 7.81e-02  3e-03  6e-02 23:28.1
 1400  16800 8.697407209832857e-03 9.6e+01 7.07e-02  2e-03  5e-02 24:15.8
 1456  17472 8.561280407498508e-03 9.0e+01 9.92e-02  3e-03  6e-02 25:13.9
 1500  18000 8.262163713278108e-03 8.6e+01 1.06e-01  3e-03  7e-02 25:59.6
 1558  18696 8.069988277098530e-03 8.8e+01 6.15e-02  1e-03  3e-02 26:59.8
 1600  19200 8.003552454701799e-03 8.7e+01 5.56e-02  1e-03  2e-02 27:43.4
 1660  19920 7.972485607605747e-03 8.4e+01 3.25e-02  5e-04  1e-02 28:45.6
 1700  20400 7.970455590184626e-03 8.5e+01 8.51e-03  1e-04  3e-03 29:27.1
 1762  21144 7.970344349619605e-03 8.3e+01 7.12e-04  8e-06  2e-04 30:31.4
 1800  21600 7.970344171540612e-03 8.1e+01 1.09e-04  1e-06  3e-05 31:10.9
 1845  22140 7.970344168981378e-03 9.2e+01 7.93e-06  7e-08  2e-06 31:57.5
/home/adrianps/Universal-Approximator/qibo_sim/classes/ApproximantNN.py:783: ComplexWarning: Casting complex values to real discards the imaginary part
  params[0, 0] = 1 / period * np.trapz(y, x)
/home/adrianps/Universal-Approximator/qibo_sim/classes/ApproximantNN.py:786: ComplexWarning: Casting complex values to real discards the imaginary part
  params[_, 0] = 2 / period * np.trapz(y * cos, x)
/home/adrianps/Universal-Approximator/qibo_sim/classes/ApproximantNN.py:788: ComplexWarning: Casting complex values to real discards the imaginary part
  params[_, 1] = 2 / period * np.trapz(y * sin, x)
/home/adrianps/Universal-Approximator/qibo_sim/classes/ApproximantNN.py:783: ComplexWarning: Casting complex values to real discards the imaginary part
  params[0, 0] = 1 / period * np.trapz(y, x)
/home/adrianps/Universal-Approximator/qibo_sim/classes/ApproximantNN.py:786: ComplexWarning: Casting complex values to real discards the imaginary part
  params[_, 0] = 2 / period * np.trapz(y * cos, x)
/home/adrianps/Universal-Approximator/qibo_sim/classes/ApproximantNN.py:788: ComplexWarning: Casting complex values to real discards the imaginary part
  params[_, 1] = 2 / period * np.trapz(y * sin, x)
/home/adrianps/Universal-Approximator/qibo_sim/classes/ApproximantNN.py:783: ComplexWarning: Casting complex values to real discards the imaginary part
  params[0, 0] = 1 / period * np.trapz(y, x)
/home/adrianps/Universal-Approximator/qibo_sim/classes/ApproximantNN.py:786: ComplexWarning: Casting complex values to real discards the imaginary part
  params[_, 0] = 2 / period * np.trapz(y * cos, x)
/home/adrianps/Universal-Approximator/qibo_sim/classes/ApproximantNN.py:788: ComplexWarning: Casting complex values to real discards the imaginary part
  params[_, 1] = 2 / period * np.trapz(y * sin, x)
/home/adrianps/Universal-Approximator/qibo_sim/classes/ApproximantNN.py:783: ComplexWarning: Casting complex values to real discards the imaginary part
  params[0, 0] = 1 / period * np.trapz(y, x)
/home/adrianps/Universal-Approximator/qibo_sim/classes/ApproximantNN.py:786: ComplexWarning: Casting complex values to real discards the imaginary part
  params[_, 0] = 2 / period * np.trapz(y * cos, x)
/home/adrianps/Universal-Approximator/qibo_sim/classes/ApproximantNN.py:788: ComplexWarning: Casting complex values to real discards the imaginary part
  params[_, 1] = 2 / period * np.trapz(y * sin, x)
/home/adrianps/Universal-Approximator/qibo_sim/classes/ApproximantNN.py:783: ComplexWarning: Casting complex values to real discards the imaginary part
  params[0, 0] = 1 / period * np.trapz(y, x)
/home/adrianps/Universal-Approximator/qibo_sim/classes/ApproximantNN.py:786: ComplexWarning: Casting complex values to real discards the imaginary part
  params[_, 0] = 2 / period * np.trapz(y * cos, x)
/home/adrianps/Universal-Approximator/qibo_sim/classes/ApproximantNN.py:788: ComplexWarning: Casting complex values to real discards the imaginary part
  params[_, 1] = 2 / period * np.trapz(y * sin, x)
/home/adrianps/Universal-Approximator/qibo_sim/classes/ApproximantNN.py:783: ComplexWarning: Casting complex values to real discards the imaginary part
  params[0, 0] = 1 / period * np.trapz(y, x)
/home/adrianps/Universal-Approximator/qibo_sim/classes/ApproximantNN.py:786: ComplexWarning: Casting complex values to real discards the imaginary part
  params[_, 0] = 2 / period * np.trapz(y * cos, x)
/home/adrianps/Universal-Approximator/qibo_sim/classes/ApproximantNN.py:788: ComplexWarning: Casting complex values to real discards the imaginary part
  params[_, 1] = 2 / period * np.trapz(y * sin, x)
/home/adrianps/Universal-Approximator/qibo_sim/classes/ApproximantNN.py:783: ComplexWarning: Casting complex values to real discards the imaginary part
  params[0, 0] = 1 / period * np.trapz(y, x)
/home/adrianps/Universal-Approximator/qibo_sim/classes/ApproximantNN.py:786: ComplexWarning: Casting complex values to real discards the imaginary part
  params[_, 0] = 2 / period * np.trapz(y * cos, x)
/home/adrianps/Universal-Approximator/qibo_sim/classes/ApproximantNN.py:788: ComplexWarning: Casting complex values to real discards the imaginary part
  params[_, 1] = 2 / period * np.trapz(y * sin, x)
/home/adrianps/Universal-Approximator/qibo_sim/classes/ApproximantNN.py:783: ComplexWarning: Casting complex values to real discards the imaginary part
  params[0, 0] = 1 / period * np.trapz(y, x)
/home/adrianps/Universal-Approximator/qibo_sim/classes/ApproximantNN.py:786: ComplexWarning: Casting complex values to real discards the imaginary part
  params[_, 0] = 2 / period * np.trapz(y * cos, x)
/home/adrianps/Universal-Approximator/qibo_sim/classes/ApproximantNN.py:788: ComplexWarning: Casting complex values to real discards the imaginary part
  params[_, 1] = 2 / period * np.trapz(y * sin, x)
/home/adrianps/Universal-Approximator/qibo_sim/classes/ApproximantNN.py:783: ComplexWarning: Casting complex values to real discards the imaginary part
  params[0, 0] = 1 / period * np.trapz(y, x)
/home/adrianps/Universal-Approximator/qibo_sim/classes/ApproximantNN.py:786: ComplexWarning: Casting complex values to real discards the imaginary part
  params[_, 0] = 2 / period * np.trapz(y * cos, x)
/home/adrianps/Universal-Approximator/qibo_sim/classes/ApproximantNN.py:788: ComplexWarning: Casting complex values to real discards the imaginary part
  params[_, 1] = 2 / period * np.trapz(y * sin, x)
/home/adrianps/Universal-Approximator/qibo_sim/classes/ApproximantNN.py:783: ComplexWarning: Casting complex values to real discards the imaginary part
  params[0, 0] = 1 / period * np.trapz(y, x)
/home/adrianps/Universal-Approximator/qibo_sim/classes/ApproximantNN.py:786: ComplexWarning: Casting complex values to real discards the imaginary part
  params[_, 0] = 2 / period * np.trapz(y * cos, x)
/home/adrianps/Universal-Approximator/qibo_sim/classes/ApproximantNN.py:788: ComplexWarning: Casting complex values to real discards the imaginary part
  params[_, 1] = 2 / period * np.trapz(y * sin, x)
/home/adrianps/Universal-Approximator/qibo_sim/classes/ApproximantNN.py:552: RuntimeWarning: More than 20 figures have been opened. Figures created through the pyplot interface (`matplotlib.pyplot.figure`) are retained until explicitly closed and may consume too much memory. (To control this warning, see the rcParam `figure.max_open_warning`).
  fig, axs = plt.subplots(nrows=2, figsize=(8,10))
/home/adrianps/Universal-Approximator/qibo_sim/classes/ApproximantNN.py:783: ComplexWarning: Casting complex values to real discards the imaginary part
  params[0, 0] = 1 / period * np.trapz(y, x)
/home/adrianps/Universal-Approximator/qibo_sim/classes/ApproximantNN.py:786: ComplexWarning: Casting complex values to real discards the imaginary part
  params[_, 0] = 2 / period * np.trapz(y * cos, x)
/home/adrianps/Universal-Approximator/qibo_sim/classes/ApproximantNN.py:788: ComplexWarning: Casting complex values to real discards the imaginary part
  params[_, 1] = 2 / period * np.trapz(y * sin, x)
/home/adrianps/Universal-Approximator/qibo_sim/classes/ApproximantNN.py:577: RuntimeWarning: More than 20 figures have been opened. Figures created through the pyplot interface (`matplotlib.pyplot.figure`) are retained until explicitly closed and may consume too much memory. (To control this warning, see the rcParam `figure.max_open_warning`).
  fig, axs = plt.subplots(nrows=2, figsize=(8,10))
/home/adrianps/Universal-Approximator/qibo_sim/classes/ApproximantNN.py:552: RuntimeWarning: More than 20 figures have been opened. Figures created through the pyplot interface (`matplotlib.pyplot.figure`) are retained until explicitly closed and may consume too much memory. (To control this warning, see the rcParam `figure.max_open_warning`).
  fig, axs = plt.subplots(nrows=2, figsize=(8,10))
/home/adrianps/Universal-Approximator/qibo_sim/classes/ApproximantNN.py:783: ComplexWarning: Casting complex values to real discards the imaginary part
  params[0, 0] = 1 / period * np.trapz(y, x)
/home/adrianps/Universal-Approximator/qibo_sim/classes/ApproximantNN.py:786: ComplexWarning: Casting complex values to real discards the imaginary part
  params[_, 0] = 2 / period * np.trapz(y * cos, x)
/home/adrianps/Universal-Approximator/qibo_sim/classes/ApproximantNN.py:788: ComplexWarning: Casting complex values to real discards the imaginary part
  params[_, 1] = 2 / period * np.trapz(y * sin, x)
/home/adrianps/Universal-Approximator/qibo_sim/classes/ApproximantNN.py:577: RuntimeWarning: More than 20 figures have been opened. Figures created through the pyplot interface (`matplotlib.pyplot.figure`) are retained until explicitly closed and may consume too much memory. (To control this warning, see the rcParam `figure.max_open_warning`).
  fig, axs = plt.subplots(nrows=2, figsize=(8,10))
termination on tolfun=1e-11 (Fri Nov 27 17:19:49 2020)
final/bestever f-value = 7.970344e-03 7.970344e-03
incumbent solution: [ 5.46716096 -9.52338115  2.82729438  2.18711741 -9.37992057 -1.76547307
  2.14858236  2.19502363 ...]
std deviations: [3.00937623e-07 1.03086109e-06 1.17363115e-07 5.73185900e-07
 1.71480170e-06 4.01707527e-07 1.10222158e-07 2.79588895e-07 ...]
