Classical CF = 0.2526543919780234
      fun: 0.547177667895291
 hess_inv: <2x2 LbfgsInvHessProduct with dtype=float64>
      jac: array([8.43769499e-07, 5.32907052e-07])
  message: b'CONVERGENCE: NORM_OF_PROJECTED_GRADIENT_<=_PGTOL'
     nfev: 30
      nit: 8
   status: 0
  success: True
        x: array([4.50174229e+00, 8.55032967e-07])
Classical CF = 0.2526543919780234
      fun: 0.5471776678961136
 hess_inv: <2x2 LbfgsInvHessProduct with dtype=float64>
      jac: array([ 1.39888101e-06, -9.54791801e-07])
  message: b'CONVERGENCE: NORM_OF_PROJECTED_GRADIENT_<=_PGTOL'
     nfev: 21
      nit: 5
   status: 0
  success: True
        x: array([ 1.78144418e+00, -1.50158701e-06])
Classical CF = 0.2526543919780234
      fun: 0.5471776678953676
 hess_inv: <2x2 LbfgsInvHessProduct with dtype=float64>
      jac: array([-1.23234756e-06,  3.10862447e-07])
  message: b'CONVERGENCE: NORM_OF_PROJECTED_GRADIENT_<=_PGTOL'
     nfev: 24
      nit: 6
   status: 0
  success: True
        x: array([1.78144279e+00, 4.61800242e-07])
Classical CF = 0.2526543919780234
      fun: 0.5471776678948935
 hess_inv: <2x2 LbfgsInvHessProduct with dtype=float64>
      jac: array([-4.44089210e-08, -2.22044605e-08])
  message: b'CONVERGENCE: NORM_OF_PROJECTED_GRADIENT_<=_PGTOL'
     nfev: 27
      nit: 6
   status: 0
  success: True
        x: array([-1.78144348e+00, -7.94235048e-08])
Classical CF = 0.2526543919780234
      fun: 0.5471776678949871
 hess_inv: <2x2 LbfgsInvHessProduct with dtype=float64>
      jac: array([-5.99520433e-07, -9.99200722e-08])
  message: b'CONVERGENCE: NORM_OF_PROJECTED_GRADIENT_<=_PGTOL'
     nfev: 24
      nit: 5
   status: 0
  success: True
        x: array([ 1.78144314e+00, -1.14548334e-07])
Classical CF = 0.2526543919780234
      fun: 0.29288162022370484
 hess_inv: <2x2 LbfgsInvHessProduct with dtype=float64>
      jac: array([1.84297022e-06, 7.54951657e-07])
  message: b'CONVERGENCE: NORM_OF_PROJECTED_GRADIENT_<=_PGTOL'
     nfev: 54
      nit: 10
   status: 0
  success: True
        x: array([3.14159446, 2.61990733])
Classical CF = 0.2526543919780234
      fun: 0.5471776678949248
 hess_inv: <2x2 LbfgsInvHessProduct with dtype=float64>
      jac: array([-2.44249065e-07, -1.44328993e-07])
  message: b'CONVERGENCE: NORM_OF_PROJECTED_GRADIENT_<=_PGTOL'
     nfev: 30
      nit: 7
   status: 0
  success: True
        x: array([ 1.78144332e+00, -2.46093947e-07])
Classical CF = 0.2526543919780234
      fun: 0.29288162022929604
 hess_inv: <2x2 LbfgsInvHessProduct with dtype=float64>
      jac: array([1.55431223e-07, 2.05946371e-06])
  message: b'CONVERGENCE: NORM_OF_PROJECTED_GRADIENT_<=_PGTOL'
     nfev: 36
      nit: 8
   status: 0
  success: True
        x: array([-3.14159249,  2.61991248])
Classical CF = 0.23449038865615587
      fun: 0.16473571786986377
 hess_inv: <5x5 LbfgsInvHessProduct with dtype=float64>
      jac: array([-1.10189635e-06, -1.04916076e-06,  3.26960681e-06, -2.05668815e-06,
       -8.04911693e-07])
  message: b'CONVERGENCE: NORM_OF_PROJECTED_GRADIENT_<=_PGTOL'
     nfev: 264
      nit: 28
   status: 0
  success: True
        x: array([ 3.14159665e+00, -2.09610885e+00,  1.12578685e+00, -6.72203898e-06,
       -2.09609265e+00])
Classical CF = 0.23449038865615587
      fun: 0.28163690397808777
 hess_inv: <5x5 LbfgsInvHessProduct with dtype=float64>
      jac: array([-9.93649607e-07,  6.66133815e-07,  3.33066907e-08, -7.77156117e-07,
       -4.71844785e-07])
  message: b'CONVERGENCE: NORM_OF_PROJECTED_GRADIENT_<=_PGTOL'
     nfev: 96
      nit: 15
   status: 0
  success: True
        x: array([1.07085380e+00, 2.31755657e-05, 6.93682762e-01, 2.18847122e+00,
       2.75780340e+00])
Classical CF = 0.23449038865615587
      fun: 0.16473571787723443
 hess_inv: <5x5 LbfgsInvHessProduct with dtype=float64>
      jac: array([-1.34059430e-06,  2.74502643e-06,  1.45994328e-06,  9.32587341e-07,
       -2.54518628e-06])
  message: b'CONVERGENCE: NORM_OF_PROJECTED_GRADIENT_<=_PGTOL'
     nfev: 228
      nit: 31
   status: 0
  success: True
        x: array([ 3.14158931e+00, -2.09608530e+00, -2.01580791e+00, -1.39706290e-06,
        2.09609766e+00])
Classical CF = 0.23449038865615587
      fun: 0.16473571802620415
 hess_inv: <5x5 LbfgsInvHessProduct with dtype=float64>
      jac: array([-5.00433028e-06,  2.57571742e-06,  1.02501341e-05,  9.08439990e-06,
       -2.58681965e-06])
  message: b'CONVERGENCE: REL_REDUCTION_OF_F_<=_FACTR*EPSMCH'
     nfev: 240
      nit: 32
   status: 0
  success: True
        x: array([ 1.68347174e-05,  2.09610426e+00, -2.01579717e+00,  3.14162159e+00,
       -2.09610551e+00])
Classical CF = 0.23449038865615587
      fun: 0.49776839877230833
 hess_inv: <5x5 LbfgsInvHessProduct with dtype=float64>
      jac: array([-3.88578059e-07, -2.60902411e-07, -9.65894031e-07, -3.46389584e-06,
        4.54081217e-06])
  message: b'CONVERGENCE: NORM_OF_PROJECTED_GRADIENT_<=_PGTOL'
     nfev: 132
      nit: 15
   status: 0
  success: True
        x: array([ -4.71239281,  13.70115261,  14.21286534, -20.42035662,
         0.70894076])
Classical CF = 0.23449038865615587
      fun: 0.16473571792391248
 hess_inv: <5x5 LbfgsInvHessProduct with dtype=float64>
      jac: array([-3.80806497e-06, -2.73669976e-06,  7.02771175e-06,  3.16413562e-06,
        1.87072580e-06])
  message: b'CONVERGENCE: NORM_OF_PROJECTED_GRADIENT_<=_PGTOL'
     nfev: 282
      nit: 34
   status: 0
  success: True
        x: array([-6.57418590e-06,  2.09606484e+00, -2.01580098e+00,  3.14159207e+00,
       -2.09611966e+00])
Classical CF = 0.23449038865615587
      fun: 0.5471776678949827
 hess_inv: <5x5 LbfgsInvHessProduct with dtype=float64>
      jac: array([-1.66533454e-07, -4.44089210e-08, -8.88178420e-08,  1.55431223e-07,
        1.66533454e-07])
  message: b'CONVERGENCE: NORM_OF_PROJECTED_GRADIENT_<=_PGTOL'
     nfev: 72
      nit: 11
   status: 0
  success: True
        x: array([ 1.09825025e+00,  7.36734984e-07,  2.37854649e+00, -8.84077340e-01,
        1.13331138e-06])
Classical CF = 0.23449038865615587
      fun: 0.2816369039648913
 hess_inv: <5x5 LbfgsInvHessProduct with dtype=float64>
      jac: array([-1.26010313e-06,  1.16573418e-07, -2.88657986e-07, -1.06581410e-06,
       -2.55351296e-07])
  message: b'CONVERGENCE: NORM_OF_PROJECTED_GRADIENT_<=_PGTOL'
     nfev: 126
      nit: 17
   status: 0
  success: True
        x: array([-1.27244555e+00,  6.35214284e-06,  6.27419479e-01, -1.93383990e+00,
       -2.75784439e+00])
Classical CF = 0.15578027704940423
      fun: 0.16381108207953893
 hess_inv: <8x8 LbfgsInvHessProduct with dtype=float64>
      jac: array([-5.55944180e-06,  5.68156633e-06, -5.34849942e-06, -1.11299858e-06,
        4.25492974e-06, -6.00353101e-06, -1.28452804e-05,  3.96627176e-06])
  message: b'CONVERGENCE: REL_REDUCTION_OF_F_<=_FACTR*EPSMCH'
     nfev: 882
      nit: 76
   status: 0
  success: True
        x: array([ 3.14156374e+00, -1.40543623e+00,  6.42517125e-01,  9.63894822e-05,
       -1.29101726e+00,  6.43309247e-01, -9.82435040e-05, -1.40686849e+00])
Classical CF = 0.15578027704940423
      fun: 0.1644650137516715
 hess_inv: <8x8 LbfgsInvHessProduct with dtype=float64>
      jac: array([ 2.68951528e-06, -4.69069228e-07, -3.49720253e-07,  2.61179967e-06,
       -4.16333634e-07,  1.46271883e-06, -2.99205105e-06,  4.41036097e-06])
  message: b'CONVERGENCE: NORM_OF_PROJECTED_GRADIENT_<=_PGTOL'
     nfev: 342
      nit: 32
   status: 0
  success: True
        x: array([ 1.57086276e+00,  4.35040486e-01,  5.86816933e-01,  1.65641028e+00,
        3.71473274e+00, -1.70263748e+00,  5.78773328e-01,  2.60409510e-05])
Classical CF = 0.15578027704940423
      fun: 0.16473570742339233
 hess_inv: <8x8 LbfgsInvHessProduct with dtype=float64>
      jac: array([-6.43096687e-06, -2.60902411e-07,  4.06064071e-06, -1.19904087e-06,
       -1.19348975e-06,  9.65894031e-06,  1.08246745e-06,  1.04360964e-06])
  message: b'CONVERGENCE: NORM_OF_PROJECTED_GRADIENT_<=_PGTOL'
     nfev: 288
      nit: 28
   status: 0
  success: True
        x: array([-1.82792860e-04,  2.09612183e+00, -1.12577393e+00, -1.37904540e+00,
        2.25250833e+00, -3.14142073e+00,  1.76245334e+00,  1.56438949e-01])
Classical CF = 0.15578027704940423
      fun: 0.16446501383549653
 hess_inv: <8x8 LbfgsInvHessProduct with dtype=float64>
      jac: array([ 6.24778007e-06,  1.71529457e-06, -5.21804822e-07, -4.99600361e-07,
        2.86159985e-06,  8.88455975e-06,  1.94289029e-08,  1.40165657e-06])
  message: b'CONVERGENCE: NORM_OF_PROJECTED_GRADIENT_<=_PGTOL'
     nfev: 378
      nit: 35
   status: 0
  success: True
        x: array([-5.86841645e-01,  3.55551732e-05, -1.77475701e+00,  1.43677151e+00,
       -3.71465134e+00, -5.86810958e-01,  1.57091233e+00, -4.35097126e-01])
Classical CF = 0.15578027704940423
      fun: 0.16473571720302074
 hess_inv: <8x8 LbfgsInvHessProduct with dtype=float64>
      jac: array([-2.57571742e-06, -1.41553436e-07,  3.13082893e-06, -2.44526621e-06,
       -1.38777878e-07, -3.78030940e-06, -1.21846977e-06, -1.93178806e-06])
  message: b'CONVERGENCE: NORM_OF_PROJECTED_GRADIENT_<=_PGTOL'
     nfev: 279
      nit: 25
   status: 0
  success: True
        x: array([-1.56077166e+00, -9.68580250e-01, -4.81350241e-05, -4.72240131e+00,
       -1.12746390e+00, -1.12578717e+00, -3.14163425e+00, -2.09615773e+00])
Classical CF = 0.15578027704940423
      fun: 0.16381108073039427
 hess_inv: <8x8 LbfgsInvHessProduct with dtype=float64>
      jac: array([-4.46032100e-06,  5.38458167e-07,  2.17881269e-06, -1.22124533e-07,
       -1.37390099e-06,  1.52933222e-06, -3.49165141e-06,  9.21485110e-07])
  message: b'CONVERGENCE: NORM_OF_PROJECTED_GRADIENT_<=_PGTOL'
     nfev: 522
      nit: 48
   status: 0
  success: True
        x: array([ 1.57071418,  0.64571392, -2.49861621,  3.14154413, -2.81191425,
       -2.49861772, -1.57075632,  0.64573489])
Classical CF = 0.15578027704940423
      fun: 0.16446501487007975
 hess_inv: <8x8 LbfgsInvHessProduct with dtype=float64>
      jac: array([ 2.39613884e-05,  1.83575377e-05, -1.04749542e-05,  2.08749684e-05,
        5.42621503e-06,  1.49213975e-05,  2.92293967e-05,  6.28386232e-06])
  message: b'CONVERGENCE: REL_REDUCTION_OF_F_<=_FACTR*EPSMCH'
     nfev: 450
      nit: 39
   status: 0
  success: True
        x: array([ 5.93081269e-01,  2.82354762e-05,  1.32614773e+00, -1.73264020e+00,
       -3.71446188e+00,  5.86850673e-01, -1.57075464e+00, -4.35284965e-01])
Classical CF = 0.15578027704940423
      fun: 0.16381108073996983
 hess_inv: <8x8 LbfgsInvHessProduct with dtype=float64>
      jac: array([-1.44606549e-06,  2.93376434e-06,  4.95159469e-06, -2.32036612e-06,
       -2.22599716e-06, -3.49165141e-06, -3.25017790e-06, -3.62765373e-06])
  message: b'CONVERGENCE: NORM_OF_PROJECTED_GRADIENT_<=_PGTOL'
     nfev: 819
      nit: 75
   status: 0
  success: True
        x: array([-2.90927126e-05,  1.40597540e+00, -2.49851633e+00, -3.14160582e+00,
       -1.29157854e+00, -6.42912782e-01, -1.56286262e-05, -1.40582160e+00])
Classical CF = 0.10952734487429565
      fun: 0.16377020647291504
 hess_inv: <11x11 LbfgsInvHessProduct with dtype=float64>
      jac: array([-1.27731159e-05, -8.66529071e-06, -7.60502772e-07, -2.58126853e-07,
        1.75137682e-06, -7.38298311e-07,  2.74780199e-06, -5.52335955e-07,
        1.16295862e-05,  8.68471961e-06, -1.16573418e-06])
  message: b'CONVERGENCE: REL_REDUCTION_OF_F_<=_FACTR*EPSMCH'
     nfev: 1116
      nit: 82
   status: 0
  success: True
        x: array([ 1.46032248, -0.32102207, -0.34387782,  0.16004611, -0.6389612 ,
       -0.3148981 , -0.04717208, -2.45161662,  0.6553072 ,  1.5678715 ,
       -0.67561893])
Classical CF = 0.10952734487429565
      fun: 0.16381108764478694
 hess_inv: <11x11 LbfgsInvHessProduct with dtype=float64>
      jac: array([ 1.61842761e-05,  8.74300632e-06,  1.56569202e-05,  1.61815006e-05,
        8.75410855e-06,  1.12992948e-05, -2.15188978e-05, -7.86870569e-06,
        1.70002901e-05, -1.80994109e-05, -4.10227408e-06])
  message: b'CONVERGENCE: REL_REDUCTION_OF_F_<=_FACTR*EPSMCH'
     nfev: 756
      nit: 56
   status: 0
  success: True
        x: array([ 1.49747079e+00,  1.13623964e-01, -1.39689372e-04,  1.64381483e+00,
        1.29199005e+00, -2.49801679e+00, -4.52115917e-04, -1.29373616e+00,
        6.43009576e-01,  1.21259194e-04, -1.40411770e+00])
Classical CF = 0.10952734487429565
      fun: 0.16473527809309485
 hess_inv: <11x11 LbfgsInvHessProduct with dtype=float64>
      jac: array([ 5.64548408e-06,  1.36002321e-07,  1.19626531e-06, -3.54161145e-06,
        9.43689571e-08,  1.35169653e-06,  2.75890422e-06, -1.95676808e-06,
        2.69229083e-07,  3.51108032e-06, -5.88418203e-07])
  message: b'CONVERGENCE: NORM_OF_PROJECTED_GRADIENT_<=_PGTOL'
     nfev: 480
      nit: 32
   status: 0
  success: True
        x: array([ 1.47408271, -1.27624632, -0.00415235, -1.98865333, -0.8280506 ,
       -2.35219574,  2.666041  , -0.00805228,  1.8285559 , -0.37268035,
        2.09029758])
Classical CF = 0.10952734487429565
      fun: 0.163774924257815
 hess_inv: <11x11 LbfgsInvHessProduct with dtype=float64>
      jac: array([ 8.70692407e-06,  1.52378110e-06,  5.03208586e-06,  1.01391118e-05,
        3.60822483e-08, -1.49436019e-05,  8.90953977e-06,  1.05471187e-07,
        9.51738688e-06, -1.49436019e-05, -7.05546732e-06])
  message: b'CONVERGENCE: REL_REDUCTION_OF_F_<=_FACTR*EPSMCH'
     nfev: 1176
      nit: 90
   status: 0
  success: True
        x: array([ 2.80462838e-01,  3.75736536e-04, -2.13525438e+00,  1.72241832e+00,
       -8.69282193e-01, -4.17965713e-01,  1.04783734e-03, -2.55157886e+00,
       -2.48847714e+00, -1.57121459e+00,  6.70475505e-01])
Classical CF = 0.10952734487429565
      fun: 0.05294567832846436
 hess_inv: <11x11 LbfgsInvHessProduct with dtype=float64>
      jac: array([-2.67008637e-06,  7.41073869e-06,  3.08503223e-06, -1.93040028e-06,
       -4.79893902e-06, -7.29624694e-06, -4.99184027e-06, -3.54091756e-06,
        4.28199143e-06, -1.25087440e-05, -1.09072473e-05])
  message: b'CONVERGENCE: REL_REDUCTION_OF_F_<=_FACTR*EPSMCH'
     nfev: 1800
      nit: 124
   status: 0
  success: True
        x: array([ 1.21474284,  1.36904339,  2.20000503, -3.4939759 , -2.62410648,
        0.85095197, -0.35249378, -2.62583055,  0.94322551, -1.21595872,
       -1.37057422])
Classical CF = 0.10952734487429565
      fun: 0.16377492148618653
 hess_inv: <11x11 LbfgsInvHessProduct with dtype=float64>
      jac: array([ 3.01980663e-06,  4.17166302e-06,  3.65818487e-06,  6.29774011e-06,
       -3.43614026e-06,  2.08999484e-06, -1.09356968e-06,  9.52016244e-07,
       -5.17086374e-06, -4.19941859e-06, -2.47857290e-06])
  message: b'CONVERGENCE: NORM_OF_PROJECTED_GRADIENT_<=_PGTOL'
     nfev: 1524
      nit: 109
   status: 0
  success: True
        x: array([ 4.69000374e-01,  2.74955732e-04, -5.39655879e-01,  1.16065183e+00,
       -8.67031196e-01, -3.56100735e+00, -3.02223612e-04,  2.55474143e+00,
        6.52930921e-01, -1.57064631e+00,  6.70005488e-01])
Classical CF = 0.10952734487429565
      fun: 0.16377031147637183
 hess_inv: <11x11 LbfgsInvHessProduct with dtype=float64>
      jac: array([ 9.64783808e-06, -3.20576898e-06,  1.10689236e-05, -4.89330798e-06,
        7.88258347e-07, -1.75193193e-05, -1.14158683e-05,  5.56776847e-06,
       -2.59681165e-05, -5.25968158e-06,  6.79734047e-06])
  message: b'CONVERGENCE: REL_REDUCTION_OF_F_<=_FACTR*EPSMCH'
     nfev: 1920
      nit: 133
   status: 0
  success: True
        x: array([ 1.56774569,  0.67199503,  2.48767554,  0.03517313, -2.49254912,
        0.34802393, -0.15349371, -0.65281963,  0.30914702, -1.45546364,
       -0.26979754])
Classical CF = 0.10952734487429565
      fun: 0.052484854632303575
 hess_inv: <11x11 LbfgsInvHessProduct with dtype=float64>
      jac: array([ 4.71914174e-06,  3.17246229e-06, -2.76167977e-06,  3.49373308e-06,
       -1.32602263e-06,  7.96238075e-06,  9.53404022e-06,  5.54140067e-06,
       -3.17176840e-06, -5.96467320e-06, -1.45716772e-06])
  message: b'CONVERGENCE: NORM_OF_PROJECTED_GRADIENT_<=_PGTOL'
     nfev: 1248
      nit: 92
   status: 0
  success: True
        x: array([-1.57078445e+00, -1.58467388e+00,  7.65682808e-01, -1.52307214e-04,
       -2.38195201e+00,  1.07448615e+00,  3.14176306e+00, -2.38175334e+00,
        2.37541220e+00,  1.57081482e+00,  1.58449097e+00])
Classical CF = 0.0821926318186407
      fun: 0.16372070972964345
 hess_inv: <14x14 LbfgsInvHessProduct with dtype=float64>
      jac: array([-8.44047054e-06, -5.20139487e-06,  7.11652959e-06, -1.51822999e-06,
        1.24900090e-06,  4.68791672e-06, -7.05269176e-06, -1.53099755e-05,
       -3.06699111e-06, -6.86117829e-06, -5.01265696e-06, -4.63518113e-06,
       -8.44324610e-06, -7.11930515e-06])
  message: b'CONVERGENCE: REL_REDUCTION_OF_F_<=_FACTR*EPSMCH'
     nfev: 2985
      nit: 182
   status: 0
  success: True
        x: array([ 1.48981949, -0.3211804 , -0.34687712,  0.11728519, -0.69636334,
       -0.32727958, -0.03368273, -2.12314531,  0.42531816,  0.69059227,
       -0.93029311,  0.31732228,  0.90213724, -0.00274454])/home/adrianps/Universal-Approximator/qibo_sim/classes/ApproximantNN.py:397: RuntimeWarning: More than 20 figures have been opened. Figures created through the pyplot interface (`matplotlib.pyplot.figure`) are retained until explicitly closed and may consume too much memory. (To control this warning, see the rcParam `figure.max_open_warning`).
  fig, axs = plt.subplots()
/home/adrianps/Universal-Approximator/qibo_sim/classes/ApproximantNN.py:397: RuntimeWarning: More than 20 figures have been opened. Figures created through the pyplot interface (`matplotlib.pyplot.figure`) are retained until explicitly closed and may consume too much memory. (To control this warning, see the rcParam `figure.max_open_warning`).
  fig, axs = plt.subplots()
/home/adrianps/Universal-Approximator/qibo_sim/classes/ApproximantNN.py:397: RuntimeWarning: More than 20 figures have been opened. Figures created through the pyplot interface (`matplotlib.pyplot.figure`) are retained until explicitly closed and may consume too much memory. (To control this warning, see the rcParam `figure.max_open_warning`).
  fig, axs = plt.subplots()
/home/adrianps/Universal-Approximator/qibo_sim/classes/ApproximantNN.py:397: RuntimeWarning: More than 20 figures have been opened. Figures created through the pyplot interface (`matplotlib.pyplot.figure`) are retained until explicitly closed and may consume too much memory. (To control this warning, see the rcParam `figure.max_open_warning`).
  fig, axs = plt.subplots()
/home/adrianps/Universal-Approximator/qibo_sim/classes/ApproximantNN.py:397: RuntimeWarning: More than 20 figures have been opened. Figures created through the pyplot interface (`matplotlib.pyplot.figure`) are retained until explicitly closed and may consume too much memory. (To control this warning, see the rcParam `figure.max_open_warning`).
  fig, axs = plt.subplots()
/home/adrianps/Universal-Approximator/qibo_sim/classes/ApproximantNN.py:397: RuntimeWarning: More than 20 figures have been opened. Figures created through the pyplot interface (`matplotlib.pyplot.figure`) are retained until explicitly closed and may consume too much memory. (To control this warning, see the rcParam `figure.max_open_warning`).
  fig, axs = plt.subplots()
/home/adrianps/Universal-Approximator/qibo_sim/classes/ApproximantNN.py:397: RuntimeWarning: More than 20 figures have been opened. Figures created through the pyplot interface (`matplotlib.pyplot.figure`) are retained until explicitly closed and may consume too much memory. (To control this warning, see the rcParam `figure.max_open_warning`).
  fig, axs = plt.subplots()
/home/adrianps/Universal-Approximator/qibo_sim/classes/ApproximantNN.py:397: RuntimeWarning: More than 20 figures have been opened. Figures created through the pyplot interface (`matplotlib.pyplot.figure`) are retained until explicitly closed and may consume too much memory. (To control this warning, see the rcParam `figure.max_open_warning`).
  fig, axs = plt.subplots()
/home/adrianps/Universal-Approximator/qibo_sim/classes/ApproximantNN.py:397: RuntimeWarning: More than 20 figures have been opened. Figures created through the pyplot interface (`matplotlib.pyplot.figure`) are retained until explicitly closed and may consume too much memory. (To control this warning, see the rcParam `figure.max_open_warning`).
  fig, axs = plt.subplots()
/home/adrianps/Universal-Approximator/qibo_sim/classes/ApproximantNN.py:397: RuntimeWarning: More than 20 figures have been opened. Figures created through the pyplot interface (`matplotlib.pyplot.figure`) are retained until explicitly closed and may consume too much memory. (To control this warning, see the rcParam `figure.max_open_warning`).
  fig, axs = plt.subplots()
/home/adrianps/Universal-Approximator/qibo_sim/classes/ApproximantNN.py:397: RuntimeWarning: More than 20 figures have been opened. Figures created through the pyplot interface (`matplotlib.pyplot.figure`) are retained until explicitly closed and may consume too much memory. (To control this warning, see the rcParam `figure.max_open_warning`).
  fig, axs = plt.subplots()
/home/adrianps/Universal-Approximator/qibo_sim/classes/ApproximantNN.py:397: RuntimeWarning: More than 20 figures have been opened. Figures created through the pyplot interface (`matplotlib.pyplot.figure`) are retained until explicitly closed and may consume too much memory. (To control this warning, see the rcParam `figure.max_open_warning`).
  fig, axs = plt.subplots()
/home/adrianps/Universal-Approximator/qibo_sim/classes/ApproximantNN.py:397: RuntimeWarning: More than 20 figures have been opened. Figures created through the pyplot interface (`matplotlib.pyplot.figure`) are retained until explicitly closed and may consume too much memory. (To control this warning, see the rcParam `figure.max_open_warning`).
  fig, axs = plt.subplots()
/home/adrianps/Universal-Approximator/qibo_sim/classes/ApproximantNN.py:397: RuntimeWarning: More than 20 figures have been opened. Figures created through the pyplot interface (`matplotlib.pyplot.figure`) are retained until explicitly closed and may consume too much memory. (To control this warning, see the rcParam `figure.max_open_warning`).
  fig, axs = plt.subplots()
/home/adrianps/Universal-Approximator/qibo_sim/classes/ApproximantNN.py:397: RuntimeWarning: More than 20 figures have been opened. Figures created through the pyplot interface (`matplotlib.pyplot.figure`) are retained until explicitly closed and may consume too much memory. (To control this warning, see the rcParam `figure.max_open_warning`).
  fig, axs = plt.subplots()
/home/adrianps/Universal-Approximator/qibo_sim/classes/ApproximantNN.py:397: RuntimeWarning: More than 20 figures have been opened. Figures created through the pyplot interface (`matplotlib.pyplot.figure`) are retained until explicitly closed and may consume too much memory. (To control this warning, see the rcParam `figure.max_open_warning`).
  fig, axs = plt.subplots()
/home/adrianps/Universal-Approximator/qibo_sim/classes/ApproximantNN.py:397: RuntimeWarning: More than 20 figures have been opened. Figures created through the pyplot interface (`matplotlib.pyplot.figure`) are retained until explicitly closed and may consume too much memory. (To control this warning, see the rcParam `figure.max_open_warning`).
  fig, axs = plt.subplots()
/home/adrianps/Universal-Approximator/qibo_sim/classes/ApproximantNN.py:397: RuntimeWarning: More than 20 figures have been opened. Figures created through the pyplot interface (`matplotlib.pyplot.figure`) are retained until explicitly closed and may consume too much memory. (To control this warning, see the rcParam `figure.max_open_warning`).
  fig, axs = plt.subplots()
/home/adrianps/Universal-Approximator/qibo_sim/classes/ApproximantNN.py:397: RuntimeWarning: More than 20 figures have been opened. Figures created through the pyplot interface (`matplotlib.pyplot.figure`) are retained until explicitly closed and may consume too much memory. (To control this warning, see the rcParam `figure.max_open_warning`).
  fig, axs = plt.subplots()
/home/adrianps/Universal-Approximator/qibo_sim/classes/ApproximantNN.py:397: RuntimeWarning: More than 20 figures have been opened. Figures created through the pyplot interface (`matplotlib.pyplot.figure`) are retained until explicitly closed and may consume too much memory. (To control this warning, see the rcParam `figure.max_open_warning`).
  fig, axs = plt.subplots()
/home/adrianps/Universal-Approximator/qibo_sim/classes/ApproximantNN.py:397: RuntimeWarning: More than 20 figures have been opened. Figures created through the pyplot interface (`matplotlib.pyplot.figure`) are retained until explicitly closed and may consume too much memory. (To control this warning, see the rcParam `figure.max_open_warning`).
  fig, axs = plt.subplots()
/home/adrianps/Universal-Approximator/qibo_sim/classes/ApproximantNN.py:397: RuntimeWarning: More than 20 figures have been opened. Figures created through the pyplot interface (`matplotlib.pyplot.figure`) are retained until explicitly closed and may consume too much memory. (To control this warning, see the rcParam `figure.max_open_warning`).
  fig, axs = plt.subplots()

Classical CF = 0.0821926318186407
      fun: 0.05206482940771357
 hess_inv: <14x14 LbfgsInvHessProduct with dtype=float64>
      jac: array([ 1.08323073e-05, -4.10227408e-06,  1.77614867e-05, -6.26415586e-05,
       -1.91756333e-05,  2.92467439e-05,  4.92446361e-05,  1.66935910e-05,
        1.40797096e-05,  5.06802933e-05,  1.24913968e-05,  3.70453668e-05,
        6.04204187e-05,  2.33937869e-05])
  message: b'CONVERGENCE: REL_REDUCTION_OF_F_<=_FACTR*EPSMCH'
     nfev: 1815
      nit: 111
   status: 0
  success: True
        x: array([ 2.65641323e-01, -1.23944554e-04,  1.40607564e+00,  1.52588997e+00,
        2.43845639e+00, -2.33849630e+00, -1.97182207e-04, -1.94842655e+00,
        9.13464563e-01, -8.68308760e-06, -2.09657340e+00,  6.32189630e-01,
        1.57076794e+00, -1.36965623e+00])
Classical CF = 0.0821926318186407
      fun: 0.020226991001073277
 hess_inv: <14x14 LbfgsInvHessProduct with dtype=float64>
      jac: array([ 1.24414368e-05, -1.37910516e-06,  1.03736464e-07,  2.57110305e-05,
       -1.18641208e-05,  2.60208521e-08,  2.13582624e-05, -1.64659952e-05,
       -1.81635956e-05,  9.82963710e-06, -2.89837598e-06, -1.75984227e-05,
       -2.79533341e-06,  3.56104035e-06])
  message: b'CONVERGENCE: REL_REDUCTION_OF_F_<=_FACTR*EPSMCH'
     nfev: 5205
      nit: 292
   status: 0
  success: True
        x: array([ 1.96344033, -1.52900309,  1.1864282 ,  1.30034439,  6.40859745,
       -1.1169162 ,  3.37339593,  2.6208775 ,  1.36182264,  1.05047858,
        2.56140309, -2.1130499 , -2.40178734, -1.21956585])
Classical CF = 0.0821926318186407
      fun: 0.16377492574545313
 hess_inv: <14x14 LbfgsInvHessProduct with dtype=float64>
      jac: array([ 7.48290319e-06,  2.63122857e-06, -1.21458399e-05, -2.31981101e-05,
       -9.19542220e-06,  1.44634305e-05, -1.80605531e-05, -4.05786516e-06,
        1.40637502e-05,  2.47274423e-05,  5.24580379e-07,  6.29218899e-06,
       -2.83995050e-05,  6.96664948e-07])
  message: b'CONVERGENCE: REL_REDUCTION_OF_F_<=_FACTR*EPSMCH'
     nfev: 1695
      nit: 100
   status: 0
  success: True
        x: array([ 3.99382897e-01, -8.20459601e-04, -2.50199465e+00,  1.89888690e+00,
       -8.67361551e-01, -4.19526587e-01,  7.03582752e-01, -2.55488596e+00,
       -2.05613767e+00, -6.79958973e-01, -3.81026260e-04,  2.46539113e+00,
        4.13421351e-01, -6.70255533e-01])
Classical CF = 0.0821926318186407
      fun: 0.051943964722605374
 hess_inv: <14x14 LbfgsInvHessProduct with dtype=float64>
      jac: array([ 8.16756385e-05, -1.18509369e-05, -3.76844389e-05, -5.66977021e-05,
        1.69184111e-05, -1.73486225e-05, -3.57755492e-05,  2.66196787e-05,
        1.61606839e-05, -5.87412063e-05,  2.07243944e-05,  2.29642694e-05,
        7.35793371e-05, -2.12732609e-05])
  message: b'CONVERGENCE: REL_REDUCTION_OF_F_<=_FACTR*EPSMCH'
     nfev: 3900
      nit: 233
   status: 0
  success: True
        x: array([ 1.86570798e+00,  9.88234263e-01, -2.45268033e+00,  1.39996778e-04,
       -1.94786013e+00,  6.86674458e-01, -2.55088896e+00, -1.96311199e+00,
       -6.86670612e-01, -3.76766584e-03, -1.94133679e+00,  2.45306935e+00,
        1.86323577e+00,  9.84035124e-01])
Classical CF = 0.0821926318186407
      fun: 0.16378795619694092
 hess_inv: <14x14 LbfgsInvHessProduct with dtype=float64>
      jac: array([ 5.13478149e-06,  1.14741550e-05,  1.94566585e-06,  1.20237154e-05,
       -1.06414877e-05,  1.66089364e-05, -6.07569550e-06, -2.57849297e-06,
       -1.84463556e-05, -1.33726363e-05,  9.54514245e-06, -1.20514709e-05,
       -1.21014310e-06,  6.25888230e-06])
  message: b'CONVERGENCE: REL_REDUCTION_OF_F_<=_FACTR*EPSMCH'
     nfev: 2160
      nit: 128
   status: 0
  success: True
        x: array([ 0.01569237,  0.04972122, -1.59466102,  0.51685682, -1.45168691,
       -2.75815357, -2.12016709,  0.15541841, -0.34989691, -0.5733463 ,
        1.14132067, -0.59352847,  0.02095933,  1.33872677])
Classical CF = 0.0821926318186407
      fun: 0.16379092899879208
 hess_inv: <14x14 LbfgsInvHessProduct with dtype=float64>
      jac: array([ 3.31679129e-05,  1.96787031e-06,  2.40168996e-05, -3.25739435e-05,
       -3.71924713e-06, -9.65616476e-06, -4.03621581e-05, -2.03448369e-06,
       -1.06192832e-05, -2.91489055e-05, -9.79771819e-07,  3.23630012e-06,
       -6.50285381e-05, -4.03288514e-06])
  message: b'CONVERGENCE: REL_REDUCTION_OF_F_<=_FACTR*EPSMCH'
     nfev: 1725
      nit: 105
   status: 0
  success: True
        x: array([ 1.39079815e+00,  1.34159891e+00,  3.06238377e+00, -1.63460794e+00,
       -1.65956475e-02,  5.96358307e-01, -1.41475172e-01, -1.22724356e+00,
        6.26805672e-01,  1.53725903e-03, -1.54454798e+00, -8.93156627e-01,
       -1.09190336e-04,  5.79825377e-02])
Classical CF = 0.0821926318186407
      fun: 0.027864776116216027
 hess_inv: <14x14 LbfgsInvHessProduct with dtype=float64>
      jac: array([-6.73835987e-06,  8.07791334e-06, -5.14692455e-06, -9.05282793e-06,
       -7.77745923e-06, -6.56037724e-06, -3.01182690e-06,  4.96686026e-06,
       -6.52949916e-07,  5.95530569e-06, -4.44574932e-06,  1.28334843e-05,
       -7.27924665e-06, -8.15146561e-06])
  message: b'CONVERGENCE: REL_REDUCTION_OF_F_<=_FACTR*EPSMCH'
     nfev: 2955
      nit: 174
   status: 0
  success: True
        x: array([-1.57079198e+00,  1.29336874e+00,  1.34736645e+00, -1.33713754e-03,
       -5.07186102e+00,  6.38388372e-01,  4.11843759e-03, -1.92566989e+00,
        3.70028413e+00,  6.12887515e-03,  1.84355202e+00,  5.88195528e-01,
       -1.57414130e+00,  9.12702011e-01])
Classical CF = 0.06617376461107986
      fun: 0.010980216191254057
 hess_inv: <17x17 LbfgsInvHessProduct with dtype=float64>
      jac: array([-3.23010715e-05, -9.40462985e-06, -3.97321065e-06, -1.98372568e-05,
       -4.72052952e-06, -1.63480340e-06, -1.56402669e-06, -1.32546751e-05,
       -2.46035831e-06, -1.29757316e-06, -3.02310260e-06, -7.24108273e-06,
       -1.68051337e-05, -6.98000685e-06,  1.36697945e-05, -1.80083379e-05,
       -7.42808592e-06])
  message: b'CONVERGENCE: REL_REDUCTION_OF_F_<=_FACTR*EPSMCH'
     nfev: 11646
      nit: 566
   status: 0
  success: True
        x: array([ 3.13406672e+00, -2.87450550e+00, -2.61751848e-01,  4.21005754e-03,
       -4.05740314e+00, -6.68072631e-01,  3.47465836e-03, -1.90192156e+00,
        1.75567427e+00,  1.30857971e-03,  1.61763003e+00,  1.81032217e+00,
        2.06465039e-03, -3.94895672e+00, -2.06170672e+00,  1.04857844e-03,
        2.17745696e+00])
Classical CF = 0.06617376461107986
      fun: 0.01982555981467542
 hess_inv: <17x17 LbfgsInvHessProduct with dtype=float64>
      jac: array([ 2.57259491e-06,  4.65599781e-06,  2.91433544e-07, -9.24607613e-07,
        5.35543832e-06, -1.10397802e-06, -5.37972444e-06,  2.30475361e-06,
       -5.31207023e-06, -9.19021803e-06,  5.30929467e-06,  6.92848556e-07,
       -3.88335197e-06,  5.77246584e-06,  6.60339838e-06, -7.60017049e-06,
        3.39520079e-06])
  message: b'CONVERGENCE: NORM_OF_PROJECTED_GRADIENT_<=_PGTOL'
     nfev: 5454
      nit: 275
   status: 0
  success: True
        x: array([ 1.96873649, -1.5258532 ,  1.17216819,  1.27269835,  6.03893944,
       -0.84863513,  0.1096964 ,  1.8748908 , -0.95077522,  0.26186595,
        1.74668719,  2.23108532,  2.09834652, -1.81075094,  0.83010035,
       -2.19711027, -1.04768193])
Classical CF = 0.06617376461107986
      fun: 0.05206521918213523
 hess_inv: <17x17 LbfgsInvHessProduct with dtype=float64>
      jac: array([-1.07087950e-05, -4.47558657e-07, -1.27189925e-05,  1.85351734e-05,
       -6.07985884e-06, -2.39461229e-06, -3.92533228e-06, -9.45285517e-06,
        2.07819872e-06, -3.28209682e-06, -4.37566650e-06,  8.54177840e-06,
       -6.77929934e-07,  8.41965386e-06, -2.32452946e-07, -7.80625564e-07,
        2.97539771e-06])
  message: b'CONVERGENCE: REL_REDUCTION_OF_F_<=_FACTR*EPSMCH'
     nfev: 4644
      nit: 222
   status: 0
  success: True
        x: array([ 1.56993707e+00, -1.37734829e+00,  2.50660175e+00,  1.48169924e-02,
        2.09839768e+00, -9.21088925e-01,  1.01864913e+00, -1.37513687e-01,
        1.35575929e-02, -1.02906413e+00,  2.08442088e+00, -3.94167807e+00,
       -2.38987370e+00, -2.43226265e+00,  3.51270330e-01,  8.49448560e-01,
        2.25536795e-03])
Classical CF = 0.06617376461107986
      fun: 0.16379255643843824
 hess_inv: <17x17 LbfgsInvHessProduct with dtype=float64>
      jac: array([-7.55784324e-06, -1.85962357e-07, -6.24222896e-06, -7.91033905e-07,
        4.32709424e-06,  1.30728761e-06, -4.57966998e-07, -8.45157277e-06,
       -7.60502772e-07, -1.38777878e-07, -6.87783164e-06, -1.56819002e-06,
        4.99600361e-08,  2.28428387e-06,  1.24594779e-05,  3.46944695e-06,
        1.11022302e-06])
  message: b'CONVERGENCE: REL_REDUCTION_OF_F_<=_FACTR*EPSMCH'
     nfev: 2664
      nit: 132
   status: 0
  success: True
        x: array([ 3.00786833e-03, -7.85393375e-02, -2.61185118e+00,  2.11039878e+00,
       -1.55177744e+00,  4.21987104e-01,  1.65968853e+00, -7.77343056e-03,
       -2.56445051e+00,  2.96928007e-01, -2.17643445e-02,  3.09323218e+00,
       -4.49141203e-01, -1.25672969e+00,  6.13980886e-01,  2.54801916e-03,
       -1.36799815e+00])
Classical CF = 0.06617376461107986
      fun: 0.022019402269017777
 hess_inv: <17x17 LbfgsInvHessProduct with dtype=float64>
      jac: array([-8.20281343e-06, -7.75768338e-06,  6.42853826e-06,  1.18672433e-05,
        1.02799713e-06, -3.17107451e-06,  9.45077350e-06,  1.16427701e-05,
        2.03378980e-06,  1.28577704e-05,  5.10147480e-06, -1.84796622e-05,
       -2.68101513e-05,  1.42039158e-06,  7.09154957e-06, -3.56988744e-05,
       -7.58247631e-06])
  message: b'CONVERGENCE: REL_REDUCTION_OF_F_<=_FACTR*EPSMCH'
     nfev: 5022
      nit: 240
   status: 0
  success: True
        x: array([ 1.10483859,  0.91814178, -2.50618609, -2.6160838 , -0.04524447,
        0.32970692, -0.93613636, -1.65475853, -0.52821916, -0.0055677 ,
       -4.7610711 ,  1.90088916,  3.14175488, -2.45239446,  1.06803051,
       -1.57135658,  3.96400049])
Classical CF = 0.06617376461107986
      fun: 0.010406402840609228
 hess_inv: <17x17 LbfgsInvHessProduct with dtype=float64>
      jac: array([ 2.57297655e-05, -6.93802654e-06, -3.24497373e-06, -1.00863762e-05,
        3.05207248e-06,  1.10900872e-06, -3.41620829e-05, -1.29913441e-06,
        1.15605442e-05, -3.53711851e-05, -1.71217207e-07, -1.56357566e-05,
       -9.59649027e-07,  1.18892743e-05, -8.28625363e-06,  2.26095184e-05,
       -3.88578059e-08])
  message: b'CONVERGENCE: REL_REDUCTION_OF_F_<=_FACTR*EPSMCH'
     nfev: 8676
      nit: 407
   status: 0
  success: True
        x: array([ 0.66696209, -2.39793879, -1.8139928 ,  2.5296858 ,  2.30236533,
       -1.1884549 ,  0.0182024 ,  5.28800054,  0.57475915, -1.32711248,
        2.90303014,  1.52209578, -4.03722505, -6.14857336, -2.23118758,
       -5.54033855, -4.55741323])
Classical CF = 0.06617376461107986
      fun: 0.16372863360131895
 hess_inv: <17x17 LbfgsInvHessProduct with dtype=float64>
      jac: array([ 2.65759637e-05,  2.89629432e-05,  1.11716192e-05, -3.70120601e-05,
       -2.02809991e-05,  1.91513472e-05, -3.68621800e-05, -1.60316205e-05,
        1.12743148e-05, -3.37702089e-05, -3.66290331e-05,  2.78971291e-05,
       -3.65318886e-05, -2.16576757e-05,  1.51129109e-05,  1.42219569e-05,
        2.86493052e-05])
  message: b'CONVERGENCE: REL_REDUCTION_OF_F_<=_FACTR*EPSMCH'
     nfev: 3312
      nit: 158
   status: 0
  success: True
        x: array([ 0.55418712,  1.09354836,  2.69605073, -1.15691486, -0.00672964,
        0.23009619, -1.47057216, -0.91257552,  0.50689507, -0.725037  ,
       -1.01763615, -0.11484638,  0.57603931,  0.04779747, -2.62060071,
       -0.16002763,  1.09550808])
Classical CF = 0.06617376461107986
      fun: 0.016316044028985136
 hess_inv: <17x17 LbfgsInvHessProduct with dtype=float64>
      jac: array([ 9.46048795e-06, -1.38881961e-06, -1.83082716e-06,  5.39152056e-06,
        4.44158599e-06,  9.29777089e-06,  4.74550954e-06,  4.46968851e-06,
       -3.29701544e-06, -1.36987643e-05, -1.07726328e-06, -1.42722639e-05,
       -1.50116031e-05,  6.54164223e-06, -5.15316956e-06,  5.27598798e-06,
       -2.81129287e-06])
  message: b'CONVERGENCE: REL_REDUCTION_OF_F_<=_FACTR*EPSMCH'
     nfev: 4320
      nit: 209
   status: 0
  success: True
        x: array([-1.57161180e+00,  9.46581526e-01,  1.45096333e+00, -2.17822107e+00,
       -3.42195544e+00, -6.58057560e-03,  2.17056720e+00, -6.80426290e-01,
        3.89807415e+00, -9.88192740e-03,  4.80819997e+00, -8.77130409e-01,
        2.23831048e-03,  2.63743677e+00,  2.16057049e+00, -1.57082934e+00,
       -1.35758641e+00])
Classical CF = 0.05592971187101972
      fun: 0.016288570250084112
 hess_inv: <20x20 LbfgsInvHessProduct with dtype=float64>
      jac: array([-4.63032390e-06, -4.02802791e-07, -4.14598911e-07,  6.01983741e-06,
       -1.11848031e-05, -8.82974249e-07,  9.03027653e-06, -1.41275880e-06,
        5.71868941e-06, -6.52429499e-06,  5.39741862e-06, -5.64687186e-06,
        3.30256655e-06, -3.53883589e-06, -1.89105676e-05,  1.39759732e-05,
       -4.68305950e-06, -2.86229374e-06,  3.97147593e-06, -5.43905199e-06])
  message: b'CONVERGENCE: REL_REDUCTION_OF_F_<=_FACTR*EPSMCH'
     nfev: 14217
      nit: 602
   status: 0
  success: True
        x: array([ 1.53938333,  1.40404539, -2.39578376,  0.54145595, -2.66678749,
        0.79286931,  0.2367818 , -2.39673709,  0.8919258 ,  1.87053873,
       -2.4116996 ,  2.43163216,  0.85200976,  1.91999002, -1.33047941,
       -0.35971442,  1.80497823,  2.12679455, -0.61374997, -1.22242652])
Classical CF = 0.05592971187101972
      fun: 0.027188795180654073
 hess_inv: <20x20 LbfgsInvHessProduct with dtype=float64>
      jac: array([-8.72218964e-07,  2.15071017e-06,  4.16472412e-06, -3.08329751e-06,
        1.54806723e-06, -7.13595849e-06,  1.86829718e-06,  9.20097332e-07,
       -6.55968335e-06,  5.32456024e-06,  4.38364622e-06, -3.21895288e-06,
       -2.03725925e-06,  2.29989638e-06, -6.37788433e-06, -5.77662918e-07,
       -5.66109659e-06, -9.22560639e-06, -1.38989514e-05,  3.72792075e-06])
  message: b'CONVERGENCE: REL_REDUCTION_OF_F_<=_FACTR*EPSMCH'
     nfev: 7014
      nit: 309
   status: 0
  success: True
        x: array([ 1.41531399e+00, -7.18348431e-01, -3.87639306e-03,  3.11368628e+00,
        4.04160840e+00, -3.30623518e+00,  1.71021443e+00,  6.99367761e-03,
       -4.74403478e-01, -3.59938583e-01, -2.09141242e+00,  2.14797673e+00,
        8.02726590e-04,  1.68411453e+00, -1.16326504e+00, -2.63041778e-03,
        1.70762249e+00,  2.22601521e+00, -3.63142342e-03, -1.96722818e+00])
Classical CF = 0.05592971187101972
      fun: 0.1638111900561498
 hess_inv: <20x20 LbfgsInvHessProduct with dtype=float64>
      jac: array([-3.00037772e-06,  4.27435864e-06,  3.28626015e-06, -4.09672296e-06,
        5.59829960e-06,  6.00353101e-06, -5.52335955e-07,  1.75193193e-05,
       -7.21644966e-08, -8.99280650e-07,  1.76775261e-05,  1.34475764e-05,
       -2.89490654e-06, -5.40123501e-06,  7.79931675e-06, -1.14103171e-05,
        2.38142839e-06, -5.66213743e-06,  5.19861931e-06,  1.98729921e-06])
  message: b'CONVERGENCE: REL_REDUCTION_OF_F_<=_FACTR*EPSMCH'
     nfev: 2709
      nit: 121
   status: 0
  success: True
        x: array([ 2.1171533 , -0.63480297, -0.14627743, -0.45799097, -0.00590311,
       -2.37133111,  1.5952907 ,  0.256119  ,  0.00351091, -0.39133539,
        2.5727498 , -2.2597996 , -0.71394022,  0.00625278,  1.07409886,
       -1.96265512, -0.00316443, -1.49130394, -0.24584882,  0.63760542])
Classical CF = 0.05592971187101972
      fun: 0.027397814730484225
 hess_inv: <20x20 LbfgsInvHessProduct with dtype=float64>
      jac: array([-5.53827817e-06,  9.89139326e-06,  2.09790518e-05,  5.93275429e-06,
       -7.38992201e-06,  2.78693735e-05, -9.54306079e-06,  3.87155585e-06,
        3.28913979e-05, -1.66394676e-06, -1.50417873e-05,  6.99440506e-07,
       -1.93300237e-05, -1.06109566e-05,  2.54973126e-05, -1.45938817e-05,
       -1.07004683e-05,  2.67435379e-05,  1.68594305e-05,  1.85823579e-06])
  message: b'CONVERGENCE: REL_REDUCTION_OF_F_<=_FACTR*EPSMCH'
     nfev: 8085
      nit: 334
   status: 0
  success: True
        x: array([-2.07553730e+00,  1.12295373e+00, -2.36147665e+00,  8.39738578e-01,
       -2.22662904e+00, -2.19620156e+00, -2.96558672e-01,  2.11102242e+00,
       -2.05841018e+00, -2.94059560e-01, -2.11206005e+00,  9.43906449e-01,
       -8.81495116e-01, -2.22691688e+00,  1.03897339e+00, -1.02555597e-01,
       -1.14334550e-03,  2.88245910e+00, -1.19378658e+00,  1.11997478e+00])
Classical CF = 0.05592971187101972
      fun: 0.027207080994961726
 hess_inv: <20x20 LbfgsInvHessProduct with dtype=float64>
      jac: array([-6.93785307e-06, -1.66758968e-05, -4.40411596e-06,  3.00766356e-06,
        1.59806196e-05,  1.74027459e-05,  4.68861061e-06, -1.14887266e-05,
        3.24983096e-06, -4.38191150e-07, -5.18474152e-06, -7.21332716e-06,
        3.71994102e-06,  2.79672119e-06, -1.85754190e-06, -3.34489381e-06,
       -6.55413224e-06, -1.09634524e-06,  2.74745504e-06, -3.83373888e-07])
  message: b'CONVERGENCE: REL_REDUCTION_OF_F_<=_FACTR*EPSMCH'
     nfev: 6804
      nit: 286
   status: 0
  success: True
        x: array([ 2.43622344e+00, -1.26418870e-03,  2.56662448e+00, -2.18923477e+00,
        2.46680840e+00, -2.36077968e+00,  3.76141909e-03, -2.34376569e+00,
        7.07801943e-01,  1.08612249e+00, -4.04929315e+00, -1.05003293e+00,
        9.69530752e-01,  4.06198703e-03,  8.78749209e-01,  1.46462257e+00,
       -1.30748745e+00, -2.08877233e+00, -1.57617650e+00,  5.80152123e-01])
Classical CF = 0.05592971187101972
      fun: 0.05193640038975134
 hess_inv: <20x20 LbfgsInvHessProduct with dtype=float64>
      jac: array([-9.33350619e-06, -3.98223121e-06, -8.68194405e-06,  5.20417043e-07,
       -9.45771239e-07,  2.57141530e-05, -1.31075706e-06, -1.38652978e-05,
        4.76771400e-06, -1.74325832e-05,  1.00433550e-05, -1.64847302e-05,
       -1.68025316e-05,  4.04259959e-06, -2.66314748e-06, -6.24500451e-07,
        7.12555015e-06,  9.47228407e-06, -1.45931878e-05, -3.18564619e-06])
  message: b'CONVERGENCE: REL_REDUCTION_OF_F_<=_FACTR*EPSMCH'
     nfev: 7266
      nit: 306
   status: 0
  success: True
        x: array([ 1.86403515e+00,  9.66987563e-01, -2.46112372e+00, -8.09300361e-04,
       -1.91965447e+00, -2.45992940e+00, -5.61361224e-01,  1.96542767e+00,
        6.87679009e-01, -1.09788859e+00,  1.84589034e+00,  2.98698341e-02,
       -2.19847896e-01,  1.12326915e-01, -1.89650101e+00,  7.21676667e-01,
       -4.76661680e-02,  1.95769568e+00,  2.80125584e-01,  9.92209878e-01])
Classical CF = 0.05592971187101972
      fun: 0.05187690980126476
 hess_inv: <20x20 LbfgsInvHessProduct with dtype=float64>
      jac: array([-6.05557271e-06, -9.74220704e-06, -1.19196319e-05,  8.23438540e-06,
        8.57369731e-06, -8.45920556e-06,  9.63187863e-06,  1.43315915e-05,
        4.54011828e-06,  4.83085794e-06,  2.19622931e-05, -2.13024043e-06,
        4.32986980e-07,  1.84345594e-05, -4.45338211e-06, -7.66817165e-06,
       -1.18682841e-05, -4.50750548e-06, -8.46822612e-06, -1.81278603e-05])
  message: b'CONVERGENCE: REL_REDUCTION_OF_F_<=_FACTR*EPSMCH'
     nfev: 4599
      nit: 197
   status: 0
  success: True
        x: array([ 5.11383754e-01,  8.35784869e-01,  2.19736129e+00, -6.63850525e-01,
        9.31598933e-04,  1.42825501e+00, -7.93859571e-01, -1.87411241e+00,
        5.31382155e-01, -4.19984057e-01, -2.37541238e+00, -4.74664746e-01,
        2.49875807e-01, -2.71630199e-03, -2.15921454e+00, -2.27180412e-01,
        1.87993932e+00,  7.75118425e-01, -1.56949578e+00,  8.35316230e-01])
Classical CF = 0.05592971187101972
      fun: 0.05169160718237235
 hess_inv: <20x20 LbfgsInvHessProduct with dtype=float64>
      jac: array([-1.20452259e-05,  7.39130979e-06,  6.94097557e-06, -8.13585310e-06,
        1.65145675e-07, -4.60603777e-06,  1.57512892e-06, -1.59941504e-06,
        4.55885329e-06, -9.45840628e-06,  1.98938088e-06, -5.75650638e-06,
       -1.48374368e-05,  3.26405569e-06, -5.91054983e-06, -9.41607903e-06,
        3.11695114e-06, -1.69246561e-05, -2.70825029e-06, -6.08887940e-06])
  message: b'CONVERGENCE: REL_REDUCTION_OF_F_<=_FACTR*EPSMCH'
     nfev: 10542
      nit: 465
   status: 0
  success: True
        x: array([-1.56935342e+00, -5.30740121e-01,  5.19197787e-01, -4.12677805e-03,
       -1.12787338e+00,  4.43499744e-01,  3.14546602e+00, -1.32349993e+00,
        2.81354571e+00,  4.92603804e-03,  1.59794723e+00, -3.26411270e-01,
       -3.10837192e-03,  1.39854982e+00, -4.56103462e-01, -2.25743001e-03,
        1.18579605e+00, -5.41076900e-01,  1.57240868e+00,  5.53546479e-01])
Classical CF = 0.04916504836069577
      fun: 0.010914588660718462
 hess_inv: <23x23 LbfgsInvHessProduct with dtype=float64>
      jac: array([ 1.54704374e-05, -5.73534276e-06,  1.71007306e-05, -3.66113390e-05,
        9.11562492e-06,  2.46110424e-05,  9.21034082e-06, -1.64288722e-05,
       -1.26537669e-05,  1.34232903e-05, -1.09046452e-05, -1.50381443e-05,
       -2.48256277e-06, -1.73226017e-05, -1.11582618e-05, -3.30690336e-06,
        1.60396002e-05, -2.02478659e-05,  2.04343487e-05, -1.33832181e-05,
        2.75127143e-07, -9.51842771e-06,  3.20509244e-05])
  message: b'STOP: TOTAL NO. of f AND g EVALUATIONS EXCEEDS LIMIT'
     nfev: 15024
      nit: 560
   status: 1
  success: False
        x: array([ 3.13975394e+00,  1.75630465e+00, -1.22151665e+00, -1.82767497e-03,
        1.75833480e+00,  2.05763110e+00, -2.37961120e-01, -4.29096025e+00,
        5.17624859e-02,  2.16948325e-01, -1.68289093e+00, -6.72876643e-01,
        3.70024211e-02, -1.53322548e+00,  2.19963689e+00,  3.23636450e-02,
        1.46820955e+00,  2.25596323e+00,  3.74030336e-02, -1.71096140e+00,
        2.56161281e+00,  2.37483486e-02,  2.28581603e+00])
Classical CF = 0.04916504836069577
      fun: 0.010971030975960817
 hess_inv: <23x23 LbfgsInvHessProduct with dtype=float64>
      jac: array([ 9.55983556e-05, -1.14960125e-05, -4.10553536e-05,  4.95567129e-05,
       -1.65922831e-05, -3.32688738e-05,  3.86753130e-05, -5.34804839e-05,
        4.67629407e-06,  6.14232623e-05,  1.18453858e-05, -2.18599444e-05,
        3.77428991e-05,  6.00856170e-05,  1.89299965e-05, -5.63764313e-05,
       -5.54816609e-05,  3.57528243e-05,  4.00441832e-05,  5.85012941e-05,
        7.26649643e-05, -6.92052318e-05, -3.37599740e-05])
  message: b'STOP: TOTAL NO. of f AND g EVALUATIONS EXCEEDS LIMIT'
     nfev: 15024
      nit: 545
   status: 1
  success: False
        x: array([ 3.12662060e+00,  2.18369314e+00,  1.08356641e+00,  3.17080359e+00,
        3.90052653e+00, -5.00078536e+00, -5.57680453e-01,  1.57801968e+00,
       -1.41209978e+00,  1.00596434e+00,  4.86549729e-03, -6.35408185e-01,
        2.08987944e+00, -1.83356705e+00,  2.43533276e+00,  3.01274540e+00,
        3.49133483e+00,  3.28829072e+00,  2.81795135e+00, -1.16766322e+00,
       -3.28397090e+00, -2.30308982e-01,  2.39984396e+00])
Classical CF = 0.04916504836069577
      fun: 0.05175796193017912
 hess_inv: <23x23 LbfgsInvHessProduct with dtype=float64>
      jac: array([ 3.53189700e-07,  6.31439345e-07, -9.93510829e-06,  1.06629983e-05,
        6.63288868e-06,  6.78901380e-06, -1.00613962e-07,  4.14737689e-06,
       -1.37695411e-05, -6.95624114e-06,  4.77048956e-06,  1.95836403e-05,
        1.73472348e-07, -4.87110352e-07, -5.61842239e-06, -2.91849878e-06,
        2.82412982e-07, -2.59375854e-06, -7.57657825e-06,  4.43811654e-06,
       -2.84286483e-06, -4.54775106e-06,  3.69843045e-06])
  message: b'CONVERGENCE: REL_REDUCTION_OF_F_<=_FACTR*EPSMCH'
     nfev: 7488
      nit: 275
   status: 0
  success: True
        x: array([ 1.82067145, -0.7773774 , -2.59550955, -0.13388067,  1.55803507,
       -2.571665  ,  2.74841325, -1.55839132,  2.61106217,  0.3684184 ,
        1.54599963, -3.69886052, -0.56306081, -1.54576296,  0.41195336,
       -2.08423464,  0.0308575 , -1.39329601, -0.54967518, -0.01657271,
       -1.02593072,  1.71359245,  0.80382743])
Classical CF = 0.04916504836069577
      fun: 0.003696071776100266
 hess_inv: <23x23 LbfgsInvHessProduct with dtype=float64>
      jac: array([-1.67825389e-04, -8.10098082e-05,  6.80983048e-05, -3.58106730e-04,
       -1.23926910e-05, -2.62276572e-04, -1.41787797e-04, -1.75350619e-05,
       -2.25619827e-04,  1.81272098e-04,  2.90906188e-04,  1.40240597e-04,
        4.40537797e-05,  8.70242680e-05,  2.14546740e-04,  3.45790670e-05,
        7.56872429e-05, -3.91114875e-04, -8.02917325e-04,  1.49996161e-04,
        2.86536983e-04, -7.47120161e-04,  1.99509636e-04])
  message: b'STOP: TOTAL NO. of f AND g EVALUATIONS EXCEEDS LIMIT'
     nfev: 15048
      nit: 549
   status: 1
  success: False
        x: array([-1.69370606, -2.16885667, -4.92788344,  0.39918016, -6.38876388,
        1.70219377,  1.24414377,  0.46222828, -2.41743774, -0.24455867,
       -2.56568491,  1.37864033,  1.92419407, -5.97998579, -1.92224897,
        0.86914848,  2.62723308,  1.70887375,  1.88079653,  3.80871352,
       -0.3134775 , -3.24851827,  3.03696372])/home/adrianps/Universal-Approximator/qibo_sim/classes/ApproximantNN.py:397: RuntimeWarning: More than 20 figures have been opened. Figures created through the pyplot interface (`matplotlib.pyplot.figure`) are retained until explicitly closed and may consume too much memory. (To control this warning, see the rcParam `figure.max_open_warning`).
  fig, axs = plt.subplots()
/home/adrianps/Universal-Approximator/qibo_sim/classes/ApproximantNN.py:397: RuntimeWarning: More than 20 figures have been opened. Figures created through the pyplot interface (`matplotlib.pyplot.figure`) are retained until explicitly closed and may consume too much memory. (To control this warning, see the rcParam `figure.max_open_warning`).
  fig, axs = plt.subplots()
/home/adrianps/Universal-Approximator/qibo_sim/classes/ApproximantNN.py:397: RuntimeWarning: More than 20 figures have been opened. Figures created through the pyplot interface (`matplotlib.pyplot.figure`) are retained until explicitly closed and may consume too much memory. (To control this warning, see the rcParam `figure.max_open_warning`).
  fig, axs = plt.subplots()
/home/adrianps/Universal-Approximator/qibo_sim/classes/ApproximantNN.py:397: RuntimeWarning: More than 20 figures have been opened. Figures created through the pyplot interface (`matplotlib.pyplot.figure`) are retained until explicitly closed and may consume too much memory. (To control this warning, see the rcParam `figure.max_open_warning`).
  fig, axs = plt.subplots()
/home/adrianps/Universal-Approximator/qibo_sim/classes/ApproximantNN.py:397: RuntimeWarning: More than 20 figures have been opened. Figures created through the pyplot interface (`matplotlib.pyplot.figure`) are retained until explicitly closed and may consume too much memory. (To control this warning, see the rcParam `figure.max_open_warning`).
  fig, axs = plt.subplots()
/home/adrianps/Universal-Approximator/qibo_sim/classes/ApproximantNN.py:397: RuntimeWarning: More than 20 figures have been opened. Figures created through the pyplot interface (`matplotlib.pyplot.figure`) are retained until explicitly closed and may consume too much memory. (To control this warning, see the rcParam `figure.max_open_warning`).
  fig, axs = plt.subplots()
/home/adrianps/Universal-Approximator/qibo_sim/classes/ApproximantNN.py:397: RuntimeWarning: More than 20 figures have been opened. Figures created through the pyplot interface (`matplotlib.pyplot.figure`) are retained until explicitly closed and may consume too much memory. (To control this warning, see the rcParam `figure.max_open_warning`).
  fig, axs = plt.subplots()
/home/adrianps/Universal-Approximator/qibo_sim/classes/ApproximantNN.py:397: RuntimeWarning: More than 20 figures have been opened. Figures created through the pyplot interface (`matplotlib.pyplot.figure`) are retained until explicitly closed and may consume too much memory. (To control this warning, see the rcParam `figure.max_open_warning`).
  fig, axs = plt.subplots()
/home/adrianps/Universal-Approximator/qibo_sim/classes/ApproximantNN.py:397: RuntimeWarning: More than 20 figures have been opened. Figures created through the pyplot interface (`matplotlib.pyplot.figure`) are retained until explicitly closed and may consume too much memory. (To control this warning, see the rcParam `figure.max_open_warning`).
  fig, axs = plt.subplots()
/home/adrianps/Universal-Approximator/qibo_sim/classes/ApproximantNN.py:397: RuntimeWarning: More than 20 figures have been opened. Figures created through the pyplot interface (`matplotlib.pyplot.figure`) are retained until explicitly closed and may consume too much memory. (To control this warning, see the rcParam `figure.max_open_warning`).
  fig, axs = plt.subplots()
/home/adrianps/Universal-Approximator/qibo_sim/classes/ApproximantNN.py:397: RuntimeWarning: More than 20 figures have been opened. Figures created through the pyplot interface (`matplotlib.pyplot.figure`) are retained until explicitly closed and may consume too much memory. (To control this warning, see the rcParam `figure.max_open_warning`).
  fig, axs = plt.subplots()
/home/adrianps/Universal-Approximator/qibo_sim/classes/ApproximantNN.py:397: RuntimeWarning: More than 20 figures have been opened. Figures created through the pyplot interface (`matplotlib.pyplot.figure`) are retained until explicitly closed and may consume too much memory. (To control this warning, see the rcParam `figure.max_open_warning`).
  fig, axs = plt.subplots()
/home/adrianps/Universal-Approximator/qibo_sim/classes/ApproximantNN.py:397: RuntimeWarning: More than 20 figures have been opened. Figures created through the pyplot interface (`matplotlib.pyplot.figure`) are retained until explicitly closed and may consume too much memory. (To control this warning, see the rcParam `figure.max_open_warning`).
  fig, axs = plt.subplots()
/home/adrianps/Universal-Approximator/qibo_sim/classes/ApproximantNN.py:397: RuntimeWarning: More than 20 figures have been opened. Figures created through the pyplot interface (`matplotlib.pyplot.figure`) are retained until explicitly closed and may consume too much memory. (To control this warning, see the rcParam `figure.max_open_warning`).
  fig, axs = plt.subplots()
/home/adrianps/Universal-Approximator/qibo_sim/classes/ApproximantNN.py:397: RuntimeWarning: More than 20 figures have been opened. Figures created through the pyplot interface (`matplotlib.pyplot.figure`) are retained until explicitly closed and may consume too much memory. (To control this warning, see the rcParam `figure.max_open_warning`).
  fig, axs = plt.subplots()
/home/adrianps/Universal-Approximator/qibo_sim/classes/ApproximantNN.py:397: RuntimeWarning: More than 20 figures have been opened. Figures created through the pyplot interface (`matplotlib.pyplot.figure`) are retained until explicitly closed and may consume too much memory. (To control this warning, see the rcParam `figure.max_open_warning`).
  fig, axs = plt.subplots()
/home/adrianps/Universal-Approximator/qibo_sim/classes/ApproximantNN.py:397: RuntimeWarning: More than 20 figures have been opened. Figures created through the pyplot interface (`matplotlib.pyplot.figure`) are retained until explicitly closed and may consume too much memory. (To control this warning, see the rcParam `figure.max_open_warning`).
  fig, axs = plt.subplots()
/home/adrianps/Universal-Approximator/qibo_sim/classes/ApproximantNN.py:397: RuntimeWarning: More than 20 figures have been opened. Figures created through the pyplot interface (`matplotlib.pyplot.figure`) are retained until explicitly closed and may consume too much memory. (To control this warning, see the rcParam `figure.max_open_warning`).
  fig, axs = plt.subplots()
/home/adrianps/Universal-Approximator/qibo_sim/classes/ApproximantNN.py:397: RuntimeWarning: More than 20 figures have been opened. Figures created through the pyplot interface (`matplotlib.pyplot.figure`) are retained until explicitly closed and may consume too much memory. (To control this warning, see the rcParam `figure.max_open_warning`).
  fig, axs = plt.subplots()
/home/adrianps/Universal-Approximator/qibo_sim/classes/ApproximantNN.py:397: RuntimeWarning: More than 20 figures have been opened. Figures created through the pyplot interface (`matplotlib.pyplot.figure`) are retained until explicitly closed and may consume too much memory. (To control this warning, see the rcParam `figure.max_open_warning`).
  fig, axs = plt.subplots()
/home/adrianps/Universal-Approximator/qibo_sim/classes/ApproximantNN.py:397: RuntimeWarning: More than 20 figures have been opened. Figures created through the pyplot interface (`matplotlib.pyplot.figure`) are retained until explicitly closed and may consume too much memory. (To control this warning, see the rcParam `figure.max_open_warning`).
  fig, axs = plt.subplots()
/home/adrianps/Universal-Approximator/qibo_sim/classes/ApproximantNN.py:397: RuntimeWarning: More than 20 figures have been opened. Figures created through the pyplot interface (`matplotlib.pyplot.figure`) are retained until explicitly closed and may consume too much memory. (To control this warning, see the rcParam `figure.max_open_warning`).
  fig, axs = plt.subplots()

Classical CF = 0.04916504836069577
      fun: 0.016064415203509465
 hess_inv: <23x23 LbfgsInvHessProduct with dtype=float64>
      jac: array([ 2.22419305e-05, -2.53015664e-04,  3.91353963e-04,  1.29405861e-04,
       -6.94107966e-05, -5.29432401e-04,  2.99399394e-05, -8.72361211e-05,
       -3.97332861e-04,  2.18082497e-04, -3.01875192e-04, -1.48493717e-04,
       -5.79057288e-04,  3.69451345e-04, -8.45934434e-05,  6.23861726e-04,
       -3.95377134e-04,  5.22991372e-05,  6.24968827e-04, -4.21669991e-04,
        1.37295730e-04, -6.00633432e-04,  3.74840783e-04])
  message: b'STOP: TOTAL NO. of f AND g EVALUATIONS EXCEEDS LIMIT'
     nfev: 15024
      nit: 567
   status: 1
  success: False
        x: array([ 1.55311723,  0.86563711, -2.14398924,  0.01936574, -2.92980963,
       -0.47707569, -0.05820005, -1.14668352, -1.04547928,  0.02694487,
       -1.47514822,  2.11685069,  0.00688838,  1.53588609,  2.57912868,
       -0.04769106, -1.88827017, -0.30938574,  3.20618632, -2.52458271,
       -2.77055838,  1.58262233,  1.17766806])
Classical CF = 0.04916504836069577
      fun: 0.007575377640652515
 hess_inv: <23x23 LbfgsInvHessProduct with dtype=float64>
      jac: array([ 9.85591816e-06, -3.95119701e-05,  1.28507448e-05, -4.85296699e-05,
        1.78763254e-06,  1.89386701e-05, -2.89073453e-05,  2.22047207e-05,
        6.86045838e-05, -1.13205452e-05,  1.80293280e-05,  2.17673102e-06,
        6.18069831e-05,  3.01947703e-05, -1.84802694e-05, -5.17681384e-05,
       -3.44961906e-05, -3.99732331e-06, -4.73994975e-05, -3.68333836e-05,
        2.55082414e-05,  8.99627595e-05,  2.68838771e-05])
  message: b'STOP: TOTAL NO. of f AND g EVALUATIONS EXCEEDS LIMIT'
     nfev: 15024
      nit: 563
   status: 1
  success: False
        x: array([-2.01182043, -1.42843528,  1.58111601,  2.54471252,  2.69730035,
       -5.42611453, -2.05657793,  2.7126319 ,  1.05290552, -1.40802737,
        2.69746131,  1.00363265, -3.21123329,  5.06246862, -2.2235253 ,
       -0.78189757, -1.7963491 ,  0.92330342, -0.53163599, -1.85829794,
       -2.2904377 ,  0.67235705,  1.8756382 ])
Classical CF = 0.04916504836069577
      fun: 0.16377167635275133
 hess_inv: <23x23 LbfgsInvHessProduct with dtype=float64>
      jac: array([ 3.19633209e-05,  2.39697151e-05,  3.96904731e-06, -2.07833750e-05,
       -2.45164999e-05,  7.58837437e-06, -1.42524881e-05,  1.75193193e-05,
        5.22526467e-05, -1.33282274e-05,  1.31283873e-05,  3.09308135e-05,
       -1.33837386e-05,  1.85157445e-05,  3.07642800e-05,  1.21097576e-05,
       -7.20534743e-06, -1.04166675e-05, -1.23234756e-06,  1.81493709e-05,
       -1.42968970e-05, -1.03778097e-05,  6.20892227e-06])
  message: b'CONVERGENCE: REL_REDUCTION_OF_F_<=_FACTR*EPSMCH'
     nfev: 5112
      nit: 193
   status: 0
  success: True
        x: array([-1.22305027e-01, -1.68481694e-02,  2.84737131e+00,  8.74181814e-02,
       -3.36454310e-03,  2.35840227e+00, -1.25379947e+00, -1.89817158e-01,
        4.84369070e-01, -1.41534657e-01, -7.41997280e-01, -5.29284551e-01,
       -3.65923910e-02, -1.18911662e-03, -2.26284435e+00, -1.01194336e+00,
        2.48044428e+00,  2.52725387e+00, -1.94209461e+00,  5.75715875e-03,
       -5.98468035e-01, -4.93388404e-01, -6.78326134e-01])
Classical CF = 0.04916504836069577
      fun: 0.016134137275630307
 hess_inv: <23x23 LbfgsInvHessProduct with dtype=float64>
      jac: array([-4.60558675e-05, -3.52804591e-05,  1.00076197e-05, -4.34371289e-05,
       -3.66623398e-05,  1.35610273e-05, -4.74720957e-05, -3.24296145e-05,
       -2.05113704e-05,  5.23369542e-05,  4.04589556e-05, -1.23685784e-05,
        3.93008542e-05,  2.53956578e-05,  4.55926963e-05, -2.19040064e-05,
        2.05377382e-05,  4.97532571e-05,  3.12264103e-05,  2.31210884e-05,
       -1.16722604e-05, -3.51732532e-06, -1.71765380e-05])
  message: b'CONVERGENCE: REL_REDUCTION_OF_F_<=_FACTR*EPSMCH'
     nfev: 10224
      nit: 378
   status: 0
  success: True
        x: array([-0.82493307, -0.10495346,  0.32350956, -1.1153128 , -2.77334255,
        0.30097041, -2.11346287, -0.39080483,  2.99207482, -2.42985672,
        2.52051161,  0.81237713, -0.0206901 ,  1.83751027, -1.92543205,
       -0.01163974, -1.66027287, -2.04817848,  0.00365671,  3.56511581,
        2.17639969,  1.57497453, -0.79996382])
Classical CF = 0.044427885452369476
      fun: 0.027014818685616376
 hess_inv: <26x26 LbfgsInvHessProduct with dtype=float64>
      jac: array([-1.01127440e-05, -1.13346832e-06, -2.24681385e-05, -5.14137344e-06,
       -2.02858563e-06,  4.12482548e-06, -5.38770417e-06,  1.04787706e-05,
       -7.13283599e-06, -3.61724539e-06, -1.26322564e-06, -7.21644966e-08,
        1.12642534e-05,  6.30190344e-06,  2.00329336e-05,  1.87315441e-06,
       -6.32896513e-06,  9.95696581e-06,  5.21215016e-06,  1.36484574e-05,
        1.66946318e-05,  6.55725474e-06,  9.70161451e-06, -5.97091820e-06,
        6.81156520e-06, -8.35546909e-06])
  message: b'CONVERGENCE: REL_REDUCTION_OF_F_<=_FACTR*EPSMCH'
     nfev: 12636
      nit: 428
   status: 0
  success: True
        x: array([ 2.23466644, -1.34313078,  0.01972972,  0.93827286, -1.38277948,
        0.26498119, -0.06008261, -1.59642454,  0.48656013,  0.07646385,
       -1.26518983,  0.7093324 ,  0.67937839, -1.31053725,  0.41391685,
       -1.08824983,  0.23092962,  0.56623301,  0.43307764, -1.21359143,
        0.74660571,  0.09523717, -1.21039987,  0.57427512, -0.01802803,
       -1.53335219])
Classical CF = 0.044427885452369476
      fun: 0.027145796016142393
 hess_inv: <26x26 LbfgsInvHessProduct with dtype=float64>
      jac: array([ 5.91159066e-06, -1.04846687e-06, -6.03683770e-08,  3.65818487e-06,
        2.94417268e-06, -1.31433059e-05,  4.82218432e-06, -1.97238059e-06,
       -8.06507638e-06,  5.16670040e-06, -2.61943245e-07, -2.03032036e-06,
       -7.44161677e-06, -4.63205863e-06,  1.90774480e-05, -1.04048714e-05,
       -2.22634411e-06,  6.27276009e-06,  1.04048714e-06, -6.15306417e-06,
        6.55725474e-06, -1.20389809e-07,  1.18845905e-05, -7.27681804e-06,
        3.56277507e-06, -1.61631125e-05])
  message: b'CONVERGENCE: REL_REDUCTION_OF_F_<=_FACTR*EPSMCH'
     nfev: 7830
      nit: 256
   status: 0
  success: True
        x: array([ 2.01234447,  0.9143192 , -0.64836361,  2.35785309,  1.94461722,
       -0.45716916,  0.79427106, -0.16364907, -0.03968662,  0.28832306,
        0.08487407,  0.91027002,  1.0155951 ,  1.75465284,  0.86054685,
        0.02434266,  1.67311776, -2.27711398,  0.40246717, -1.74085117,
       -2.39220275, -0.75547417,  1.86227296, -2.48083693,  1.99591642,
       -0.94522039])
Classical CF = 0.044427885452369476
      fun: 0.027032122886111908
 hess_inv: <26x26 LbfgsInvHessProduct with dtype=float64>
      jac: array([ 7.01036451e-06,  1.34676992e-05, -1.18047933e-05, -1.56610835e-06,
       -8.99211261e-06,  5.29853939e-06, -9.35536371e-06, -2.67598443e-06,
        3.22519789e-06,  9.10660436e-06,  9.67836922e-06,  3.99853761e-06,
        3.16413562e-07, -1.65180369e-05,  2.71484224e-06,  1.06713249e-05,
        2.34118280e-06, -9.53022383e-06,  3.68663433e-06,  3.06941972e-06,
       -6.77444212e-06,  1.36002321e-06,  8.29197822e-08, -4.74863204e-06,
        3.82957555e-06,  3.08329751e-06])
  message: b'CONVERGENCE: REL_REDUCTION_OF_F_<=_FACTR*EPSMCH'
     nfev: 9666
      nit: 321
   status: 0
  success: True
        x: array([ 1.57126774e+00, -6.21588991e-01,  2.01964167e+00,  6.94596207e-04,
        1.37949880e+00, -3.89747523e+00,  3.14077263e+00, -3.32601117e+00,
        2.75434525e+00,  2.79205206e-01,  1.37453559e+00, -2.02026095e+00,
        1.21932932e-01,  2.67239133e-03,  1.59370886e+00, -2.37574130e-01,
        1.29098336e+00, -4.41873128e-01, -2.93319257e-02,  1.32826429e+00,
       -4.10538652e-01,  1.00723212e+00,  1.30969614e+00, -3.46611224e-01,
        6.06837138e-01,  1.01799754e-02])
Classical CF = 0.044427885452369476
      fun: 0.0046161303603422235
 hess_inv: <26x26 LbfgsInvHessProduct with dtype=float64>
      jac: array([ 2.33232704e-05,  2.16848241e-05, -4.12819952e-05, -2.54253216e-05,
       -1.77916709e-05,  2.53124778e-05, -5.72689465e-05,  3.70088508e-05,
        1.70001166e-05, -1.94861488e-06,  5.04952850e-05, -1.88789956e-05,
       -3.12715999e-05, -8.79088469e-06,  4.42187086e-05, -5.39751403e-05,
        1.96106152e-05, -8.22101935e-05,  6.30212896e-05, -1.89382364e-05,
        2.66332963e-05, -4.92596415e-05,  1.05471187e-05, -3.99965651e-05,
        4.91228586e-05, -1.05590883e-05])
  message: b'STOP: TOTAL NO. of f AND g EVALUATIONS EXCEEDS LIMIT'
     nfev: 15012
      nit: 495
   status: 1
  success: False
        x: array([ 2.82810049e+00,  1.89068747e+00, -3.24264413e+00,  5.91725654e+00,
       -3.63224375e+00,  3.54106325e+00, -3.16770634e+00,  3.36069087e+00,
       -3.83736194e-01,  3.11433930e+00,  2.57457912e+00, -1.67301499e+00,
       -5.88514468e-03, -1.80212665e+00,  1.60625042e+00,  2.54208784e-02,
       -3.95960266e+00,  2.04577613e+00,  1.06346837e-01,  3.94133964e+00,
       -2.74840643e+00,  1.18576323e+00, -1.25537320e+00, -3.13431184e+00,
        1.09803632e+00,  2.30226068e-01])