cma
(3_w,6)-aCMA-ES (mu_w=2.0,w_1=63%) in dimension 2 (seed=598707, Fri Nov 27 12:21:15 2020)
Iterat #Fevals   function value  axis ratio  sigma  min&max std  t[m:s]
    1      6 5.772546044985981e-01 1.0e+00 1.12e+00  1e+00  1e+00 0:00.3
    2     12 6.213285481841738e-01 1.4e+00 1.24e+00  1e+00  1e+00 0:00.6
    3     18 6.766455894323741e-01 1.4e+00 9.41e-01  7e-01  1e+00 0:00.9
   14     84 5.468370393255543e-01 1.5e+00 3.08e-01  1e-01  1e-01 0:04.0
   29    174 5.462232536055511e-01 2.9e+00 1.16e-02  5e-04  1e-03 0:08.2
   47    282 5.462232403773865e-01 1.2e+00 8.45e-04  1e-05  1e-05 0:13.4
   68    408 5.462232403474746e-01 2.0e+00 2.00e-05  3e-08  4e-08 0:19.3
termination on tolfun=1e-11 (Fri Nov 27 12:21:34 2020)
final/bestever f-value = 5.462232e-01 5.462232e-01
incumbent solution: [-1.5707963150317952, 2.464987007261555]
std deviation: [3.155393590045481e-08, 4.2038520935969755e-08]
cma
(3_w,6)-aCMA-ES (mu_w=2.0,w_1=63%) in dimension 2 (seed=536188, Fri Nov 27 12:21:35 2020)
Iterat #Fevals   function value  axis ratio  sigma  min&max std  t[m:s]
    1      6 7.847624349273772e-01 1.0e+00 1.18e+00  1e+00  1e+00 0:00.3
    2     12 6.763161861306781e-01 1.5e+00 1.51e+00  1e+00  2e+00 0:00.6
    3     18 5.901399436448769e-01 1.6e+00 1.57e+00  2e+00  2e+00 0:00.8
   14     84 5.480535664519486e-01 2.6e+00 3.86e-01  1e-01  3e-01 0:03.9
   29    174 5.462666100063028e-01 1.7e+00 1.06e-01  1e-02  2e-02 0:08.1
   47    282 5.462232465944551e-01 1.8e+00 3.79e-03  7e-05  1e-04 0:13.2
   69    414 5.462232403475598e-01 2.4e+00 2.32e-04  6e-07  1e-06 0:19.4
   80    480 5.462232403474748e-01 2.0e+00 2.88e-05  3e-08  4e-08 0:22.4
termination on tolfun=1e-11 (Fri Nov 27 12:21:57 2020)
final/bestever f-value = 5.462232e-01 5.462232e-01
incumbent solution: [4.712388999531423, 2.464987009700779]
std deviation: [2.6605094780376943e-08, 4.427386720476018e-08]
cma
(4_w,8)-aCMA-ES (mu_w=2.6,w_1=52%) in dimension 5 (seed=529053, Fri Nov 27 12:21:58 2020)
Iterat #Fevals   function value  axis ratio  sigma  min&max std  t[m:s]
    1      8 5.181956218375892e-01 1.0e+00 8.76e-01  8e-01  9e-01 0:00.4
    2     16 6.241205604544030e-01 1.2e+00 1.05e+00  1e+00  1e+00 0:00.9
    3     24 4.991691403811503e-01 1.5e+00 1.26e+00  1e+00  2e+00 0:01.3
   10     80 6.928181902854672e-01 2.9e+00 9.05e-01  8e-01  1e+00 0:04.5
   19    152 2.522994733329277e-01 2.2e+00 7.06e-01  5e-01  7e-01 0:08.5
   31    248 1.444286939360166e-01 2.7e+00 2.27e-01  1e-01  2e-01 0:13.9
   45    360 1.296729126067729e-01 2.6e+00 9.03e-02  3e-02  5e-02 0:20.2
   61    488 1.283483677865574e-01 3.4e+00 3.03e-02  5e-03  1e-02 0:27.4
   79    632 1.283409339108334e-01 4.9e+00 4.55e-03  5e-04  1e-03 0:35.4
  100    800 1.283405895870230e-01 4.1e+00 8.46e-04  4e-05  1e-04 0:44.8
  123    984 1.283405879018117e-01 3.3e+00 8.97e-05  3e-06  7e-06 0:55.2
  148   1184 1.283405878984697e-01 2.6e+00 1.06e-05  2e-07  4e-07 1:06.4
  150   1200 1.283405878984875e-01 2.6e+00 9.44e-06  2e-07  3e-07 1:07.3
termination on tolfun=1e-11 (Fri Nov 27 12:23:05 2020)
final/bestever f-value = 1.283406e-01 1.283406e-01
incumbent solution: [3.8382085500486767, -1.6606944202259126, 1.3985986286310361, 1.1452051133818784, -2.0435076731822166]
std deviation: [1.5157580776924946e-07, 2.5862742271695526e-07, 2.175892800542575e-07, 1.9708164020128013e-07, 3.139661383263915e-07]
cma
(4_w,8)-aCMA-ES (mu_w=2.6,w_1=52%) in dimension 5 (seed=569481, Fri Nov 27 12:23:06 2020)
Iterat #Fevals   function value  axis ratio  sigma  min&max std  t[m:s]
    1      8 2.252402379326988e-01 1.0e+00 1.06e+00  1e+00  1e+00 0:00.4
    2     16 5.239073856863000e-01 1.4e+00 1.06e+00  1e+00  1e+00 0:00.9
    3     24 3.302911980206248e-01 1.5e+00 1.17e+00  1e+00  1e+00 0:01.3
   10     80 4.794493970057028e-01 2.6e+00 1.66e+00  1e+00  2e+00 0:04.5
   19    152 4.939911200905105e-01 3.5e+00 7.73e-01  6e-01  8e-01 0:08.5
   31    248 1.557921808774508e-01 2.6e+00 3.69e-01  2e-01  3e-01 0:13.9
   45    360 1.306284991411652e-01 3.6e+00 1.06e-01  2e-02  7e-02 0:20.1
   61    488 1.284279677048869e-01 4.0e+00 3.45e-02  6e-03  2e-02 0:27.3
   79    632 1.283476393131330e-01 3.4e+00 1.13e-02  1e-03  3e-03 0:35.3
  100    800 1.283406090220249e-01 3.6e+00 2.10e-03  1e-04  4e-04 0:44.7
  123    984 1.283405879514984e-01 2.4e+00 1.95e-04  7e-06  2e-05 0:55.0
  148   1184 1.283405878989256e-01 2.9e+00 2.58e-05  5e-07  1e-06 1:06.2
  159   1272 1.283405878984647e-01 4.0e+00 9.02e-06  1e-07  3e-07 1:11.2
termination on tolfun=1e-11 (Fri Nov 27 12:24:17 2020)
final/bestever f-value = 1.283406e-01 1.283406e-01
incumbent solution: [5.586569229663208, 1.6606942863679002, 1.3985984816970205, 5.137980177494226, 2.0435072721374468]
std deviation: [1.3489513871533268e-07, 2.2569222548737921e-07, 2.8204138847616387e-07, 1.7559083730662655e-07, 2.92663218527076e-07]
cma
(5_w,10)-aCMA-ES (mu_w=3.2,w_1=45%) in dimension 8 (seed=494524, Fri Nov 27 12:24:18 2020)
Iterat #Fevals   function value  axis ratio  sigma  min&max std  t[m:s]
    1     10 6.768668094478152e-01 1.0e+00 9.98e-01  9e-01  1e+00 0:00.6
    2     20 5.768346541082655e-01 1.3e+00 1.02e+00  9e-01  1e+00 0:01.3
    3     30 6.302608633311048e-01 1.4e+00 1.02e+00  9e-01  1e+00 0:01.9
    8     80 3.560370854346218e-01 1.8e+00 7.72e-01  6e-01  9e-01 0:05.2
   15    150 2.430025922821763e-01 2.1e+00 4.55e-01  3e-01  5e-01 0:09.7
   23    230 1.604008610007457e-01 2.5e+00 4.01e-01  3e-01  4e-01 0:14.9
   33    330 1.529190747969618e-01 3.3e+00 2.24e-01  1e-01  2e-01 0:21.4
   44    440 1.257661144166402e-01 3.7e+00 8.88e-02  5e-02  9e-02 0:28.5
   57    570 1.210350813849542e-01 7.0e+00 9.28e-02  6e-02  9e-02 0:36.9
   71    710 1.190452340735126e-01 8.0e+00 5.38e-02  3e-02  5e-02 0:46.0
   87    870 1.184934300775417e-01 1.1e+01 4.14e-02  2e-02  4e-02 0:56.3
  100   1000 1.183453288662925e-01 1.6e+01 3.03e-02  1e-02  3e-02 1:04.7
  119   1190 1.182550932134057e-01 2.2e+01 9.93e-03  2e-03  9e-03 1:17.0
  140   1400 1.181992530163447e-01 3.0e+01 2.56e-02  5e-03  3e-02 1:30.6
  162   1620 1.161292140716128e-01 3.3e+01 1.26e-01  2e-02  1e-01 1:44.8
  186   1860 9.775899566610925e-02 2.4e+01 2.74e-01  4e-02  2e-01 2:00.4
  200   2000 8.911434978996326e-02 1.7e+01 3.09e-01  4e-02  1e-01 2:09.4
  227   2270 8.596788042266748e-02 7.5e+00 4.89e-01  4e-02  9e-02 2:26.9
  255   2550 8.193572698805707e-02 6.0e+00 8.80e-02  5e-03  1e-02 2:45.1
  285   2850 8.185887140756783e-02 7.6e+00 1.21e-02  5e-04  1e-03 3:04.5
  300   3000 8.185861091727649e-02 7.4e+00 4.12e-03  1e-04  3e-04 3:14.2
  333   3330 8.185856395358562e-02 6.8e+00 5.81e-04  1e-05  3e-05 3:35.6
  367   3670 8.185856378774908e-02 7.0e+00 2.27e-05  3e-07  7e-07 3:57.6
  379   3790 8.185856378757361e-02 7.5e+00 7.48e-06  7e-08  2e-07 4:05.3
termination on tolfun=1e-11 (Fri Nov 27 12:28:23 2020)
final/bestever f-value = 8.185856e-02 8.185856e-02
incumbent solution: [4.7902106143767265, 1.217374182333056, 1.9553054512672903, 1.2050196036910195, 3.723585840500442, -1.1784868496098584, 0.5641699665176813, -2.8038263180320713]
std deviation: [6.560530920188581e-08, 1.4454355631435325e-07, 1.2526272951004602e-07, 1.576338594792631e-07, 1.7038393451970829e-07, 8.313076742155234e-08, 8.096760681986756e-08, 1.8820208087501757e-07]
cma
(5_w,10)-aCMA-ES (mu_w=3.2,w_1=45%) in dimension 8 (seed=545931, Fri Nov 27 12:28:24 2020)
Iterat #Fevals   function value  axis ratio  sigma  min&max std  t[m:s]
    1     10 5.017330166803448e-01 1.0e+00 9.24e-01  9e-01  9e-01 0:00.6
    2     20 7.968246869105402e-01 1.2e+00 8.82e-01  8e-01  1e+00 0:01.3
    3     30 3.436051515753799e-01 1.3e+00 9.29e-01  8e-01  1e+00 0:01.9
    8     80 2.305246325764407e-01 2.0e+00 7.41e-01  6e-01  8e-01 0:05.2
   15    150 3.078249933418841e-01 2.4e+00 5.36e-01  4e-01  6e-01 0:09.7
   23    230 1.903655278636404e-01 3.1e+00 4.23e-01  3e-01  5e-01 0:14.9
   33    330 1.807763172345417e-01 4.4e+00 3.08e-01  2e-01  3e-01 0:21.4
   44    440 1.259307552293414e-01 5.4e+00 1.53e-01  9e-02  2e-01 0:28.5
   57    570 1.195091136134859e-01 7.1e+00 8.75e-02  5e-02  8e-02 0:36.9
   71    710 1.158891244539548e-01 7.2e+00 8.36e-02  4e-02  7e-02 0:46.0
   87    870 1.141698517029806e-01 7.2e+00 6.39e-02  2e-02  6e-02 0:56.4
  100   1000 1.129095821678049e-01 1.1e+01 5.81e-02  2e-02  5e-02 1:04.8
  119   1190 1.109988071277866e-01 1.5e+01 5.76e-02  2e-02  6e-02 1:17.2
  140   1400 1.098415451569272e-01 2.1e+01 6.25e-02  2e-02  7e-02 1:30.8
  162   1620 1.072648738912242e-01 3.0e+01 8.29e-02  1e-02  7e-02 1:45.0
  186   1860 1.040548561529876e-01 2.6e+01 1.81e-01  3e-02  1e-01 2:00.6
  200   2000 1.004980637193070e-01 2.4e+01 3.09e-01  7e-02  2e-01 2:09.7
  227   2270 9.356714796799251e-02 1.5e+01 2.03e-01  3e-02  7e-02 2:27.2
  255   2550 9.128562752759807e-02 1.7e+01 2.23e-01  2e-02  6e-02 2:45.3
  285   2850 9.054471534323627e-02 1.9e+01 1.49e-01  1e-02  3e-02 3:04.8
  300   3000 9.044435329315820e-02 1.7e+01 9.53e-02  7e-03  2e-02 3:14.5
  333   3330 9.041957537076255e-02 2.5e+01 1.14e-02  6e-04  2e-03 3:35.9
  367   3670 9.041949307551420e-02 1.9e+01 1.26e-03  4e-05  1e-04 3:58.0
  400   4000 9.041949297531875e-02 3.4e+01 1.42e-04  3e-06  9e-06 4:19.4
  421   4210 9.041949297252452e-02 2.8e+01 2.57e-05  4e-07  1e-06 4:33.0
termination on tolfun=1e-11 (Fri Nov 27 12:32:57 2020)
final/bestever f-value = 9.041949e-02 9.041949e-02
incumbent solution: [-0.3572533413330749, 2.275877979635108, -1.724987327582293, 0.4619066262160299, 1.670622292207495, -2.276506459363241, -1.6007846153547023, -0.5848873311011142]
std deviation: [4.394134715644489e-07, 1.3599429897831288e-06, 8.088469108401391e-07, 5.631171204619768e-07, 8.571010531375878e-07, 8.397466459208811e-07, 8.36100772646892e-07, 1.0395350649244823e-06]
cma
(5_w,11)-aCMA-ES (mu_w=3.4,w_1=42%) in dimension 11 (seed=568851, Fri Nov 27 12:32:58 2020)
Iterat #Fevals   function value  axis ratio  sigma  min&max std  t[m:s]
    1     11 3.543668559015755e-01 1.0e+00 9.30e-01  9e-01  9e-01 0:00.8
    2     22 5.081968918646020e-01 1.1e+00 9.22e-01  9e-01  9e-01 0:01.6
    3     33 6.241203960330080e-01 1.2e+00 8.58e-01  8e-01  9e-01 0:02.4
    7     77 5.879391773317005e-01 1.5e+00 1.05e+00  1e+00  1e+00 0:05.7
   12    132 8.393046919189289e-01 1.8e+00 9.51e-01  9e-01  1e+00 0:09.7
   19    209 5.854075700392658e-01 1.9e+00 8.53e-01  7e-01  1e+00 0:15.4
   27    297 2.891720537062982e-01 2.1e+00 5.40e-01  4e-01  6e-01 0:22.0
   36    396 2.067803308964234e-01 2.7e+00 4.17e-01  3e-01  5e-01 0:29.3
   46    506 1.800737782209673e-01 2.9e+00 2.75e-01  2e-01  3e-01 0:37.4
   58    638 1.329160204619512e-01 4.3e+00 2.33e-01  1e-01  3e-01 0:47.2
   71    781 1.056330728389828e-01 5.0e+00 1.50e-01  7e-02  2e-01 0:57.8
   85    935 9.398428452594743e-02 5.7e+00 6.77e-02  3e-02  8e-02 1:09.1
  100   1100 9.174918327377196e-02 7.4e+00 3.76e-02  1e-02  4e-02 1:21.3
  116   1276 9.140256044444739e-02 1.1e+01 2.99e-02  1e-02  3e-02 1:34.4
  134   1474 9.101299889690719e-02 1.3e+01 2.28e-02  7e-03  2e-02 1:49.0
  153   1683 9.070432171187301e-02 1.8e+01 3.17e-02  8e-03  3e-02 2:04.5
  173   1903 9.040646836091451e-02 2.7e+01 4.33e-02  1e-02  6e-02 2:20.7
  194   2134 8.971377923971582e-02 2.7e+01 6.61e-02  2e-02  8e-02 2:37.8
  200   2200 8.956899713069562e-02 2.4e+01 5.04e-02  1e-02  5e-02 2:42.7
  224   2464 8.877083595964562e-02 2.3e+01 2.64e-02  6e-03  3e-02 3:02.2
  249   2739 8.753280868022634e-02 2.3e+01 9.01e-02  3e-02  1e-01 3:22.6
  275   3025 8.667206737790846e-02 3.0e+01 7.05e-02  2e-02  9e-02 3:43.8
  300   3300 8.607521954386366e-02 3.2e+01 6.60e-02  1e-02  8e-02 4:04.1
  329   3619 8.581638812938083e-02 2.5e+01 4.43e-02  9e-03  3e-02 4:27.7
  359   3949 8.563442019384486e-02 2.8e+01 6.58e-02  1e-02  4e-02 4:52.1
  390   4290 8.541699529150708e-02 3.2e+01 4.76e-02  6e-03  2e-02 5:17.3
  400   4400 8.536620296264055e-02 3.1e+01 9.26e-02  1e-02  4e-02 5:25.5
  434   4774 8.495638633862967e-02 3.4e+01 9.31e-02  1e-02  4e-02 5:53.1
  469   5159 8.478476721861865e-02 3.1e+01 5.16e-02  6e-03  2e-02 6:21.6
  500   5500 8.465083777786712e-02 3.4e+01 8.72e-02  8e-03  3e-02 6:46.8
  537   5907 8.454531249733190e-02 3.5e+01 8.84e-02  6e-03  2e-02 7:16.9
  576   6336 8.447909278805964e-02 4.7e+01 5.03e-02  2e-03  1e-02 7:48.7
  600   6600 8.446097564725216e-02 5.4e+01 7.95e-02  4e-03  2e-02 8:08.2
  641   7051 8.439193440711820e-02 4.6e+01 6.26e-02  2e-03  1e-02 8:41.5
  683   7513 8.435304187984356e-02 6.0e+01 1.34e-01  4e-03  3e-02 9:15.7
  700   7700 8.432978357029683e-02 6.4e+01 1.90e-01  5e-03  3e-02 9:29.5
  745   8195 8.430541687899300e-02 5.2e+01 7.16e-02  2e-03  9e-03 10:06.1
  791   8701 8.427017503863776e-02 6.5e+01 2.95e-01  6e-03  3e-02 10:43.5
  800   8800 8.426035573503077e-02 6.4e+01 2.29e-01  5e-03  2e-02 10:50.8
  848   9328 8.421053190339994e-02 6.6e+01 1.90e-01  3e-03  1e-02 11:29.8
  898   9878 8.402657762182601e-02 5.0e+01 5.85e-01  8e-03  3e-02 12:10.5
  900   9900 8.400937565033870e-02 4.8e+01 5.56e-01  7e-03  3e-02 12:12.1
  952  10472 8.289041426800282e-02 5.2e+01 1.65e+00  2e-02  7e-02 12:54.4
 1000  11000 7.883171748160225e-02 4.4e+01 4.43e+00  3e-02  1e-01 13:33.4
Iterat #Fevals   function value  axis ratio  sigma  min&max std  t[m:s]
 1055  11605 3.603715497151824e-02 2.1e+01 4.55e+00  3e-02  7e-02 14:18.1
 1100  12100 3.271753573725630e-02 1.4e+01 2.90e+00  1e-02  3e-02 14:54.6
 1157  12727 3.221373109126672e-02 1.6e+01 2.50e+00  8e-03  3e-02 15:41.0
 1200  13200 3.169874202848852e-02 2.6e+01 3.24e+00  8e-03  4e-02 16:15.9
 1260  13860 3.153918850012697e-02 2.4e+01 1.67e-01  3e-04  1e-03 17:04.6
 1300  14300 3.153914114838422e-02 2.7e+01 1.38e-02  2e-05  8e-05 17:37.1
 1361  14971 3.153914094196031e-02 3.0e+01 2.47e-04  2e-07  8e-07 18:26.7
termination on tolfun=1e-11 (Fri Nov 27 12:51:26 2020)
final/bestever f-value = 3.153914e-02 3.153914e-02
incumbent solution: [ 2.6854752  -1.85880126  4.38124922 -6.16534337 -3.3034605  -8.33683285
  3.49098292 -3.45318719 ...]
std deviations: [1.89951615e-07 7.77297910e-07 3.36169490e-07 2.95232413e-07
 4.76565193e-07 2.33626048e-07 1.66888525e-07 3.42239032e-07 ...]
cma
(5_w,11)-aCMA-ES (mu_w=3.4,w_1=42%) in dimension 11 (seed=543866, Fri Nov 27 12:51:27 2020)
Iterat #Fevals   function value  axis ratio  sigma  min&max std  t[m:s]
    1     11 2.776438769448297e-01 1.0e+00 8.97e-01  9e-01  9e-01 0:00.8
    2     22 2.675326709760787e-01 1.1e+00 8.71e-01  8e-01  9e-01 0:01.6
    3     33 4.893277947590580e-01 1.2e+00 8.79e-01  9e-01  9e-01 0:02.4
    7     77 3.425741618729161e-01 1.5e+00 7.05e-01  6e-01  7e-01 0:05.7
   12    132 3.970641975143714e-01 1.5e+00 6.72e-01  6e-01  7e-01 0:09.7
   19    209 4.736530156444326e-01 2.0e+00 7.25e-01  6e-01  8e-01 0:15.4
   27    297 2.098998568088857e-01 2.4e+00 4.77e-01  3e-01  5e-01 0:21.8
   36    396 2.479798722568218e-01 2.8e+00 3.63e-01  2e-01  4e-01 0:29.1
   46    506 1.723866496814951e-01 3.4e+00 2.38e-01  1e-01  3e-01 0:37.2
   58    638 1.409443268480081e-01 3.9e+00 1.52e-01  9e-02  2e-01 0:46.9
   71    781 1.149148558755931e-01 5.9e+00 2.26e-01  1e-01  3e-01 0:57.5
   85    935 9.727563108012795e-02 6.5e+00 1.05e-01  4e-02  1e-01 1:08.8
  100   1100 9.325206730678129e-02 6.9e+00 5.61e-02  2e-02  6e-02 1:20.9
  117   1287 9.204614969565286e-02 7.9e+00 4.93e-02  2e-02  6e-02 1:34.7
  135   1485 9.030912877591436e-02 1.0e+01 5.23e-02  2e-02  6e-02 1:49.3
  154   1694 8.512756000929256e-02 1.2e+01 8.52e-02  3e-02  1e-01 2:04.7
  174   1914 8.466754278053885e-02 1.4e+01 2.29e-02  7e-03  3e-02 2:20.9
  195   2145 8.452576239602977e-02 2.0e+01 1.56e-02  4e-03  2e-02 2:37.9
  200   2200 8.447093030498477e-02 2.2e+01 1.89e-02  5e-03  2e-02 2:41.9
  224   2464 8.432127275355036e-02 3.8e+01 1.91e-02  5e-03  3e-02 3:01.4
  249   2739 8.423762323795836e-02 4.9e+01 3.24e-02  9e-03  6e-02 3:21.6
  275   3025 8.410695915061499e-02 4.7e+01 1.56e-02  4e-03  2e-02 3:42.7
  300   3300 8.401989888580026e-02 4.9e+01 3.00e-02  7e-03  4e-02 4:02.9
  329   3619 8.378906062051264e-02 6.0e+01 4.97e-02  1e-02  5e-02 4:26.4
  359   3949 8.307796297803396e-02 4.9e+01 5.79e-02  1e-02  5e-02 4:50.7
  390   4290 8.148841180370617e-02 3.2e+01 1.10e-01  2e-02  6e-02 5:15.8
  400   4400 7.923885052371883e-02 4.2e+01 2.15e-01  3e-02  1e-01 5:23.9
  434   4774 6.575306148114055e-02 2.9e+01 3.12e-01  5e-02  1e-01 5:51.4
  469   5159 4.411446205343256e-02 1.4e+01 3.10e-01  4e-02  8e-02 6:19.7
  500   5500 3.522239817661343e-02 1.6e+01 2.07e-01  2e-02  5e-02 6:44.9
  538   5918 3.361930095816825e-02 1.3e+01 1.22e-01  1e-02  2e-02 7:15.6
  577   6347 3.223169466243928e-02 1.9e+01 2.61e-01  1e-02  5e-02 7:47.2
  600   6600 3.166154154950265e-02 2.7e+01 2.31e-01  1e-02  6e-02 8:05.8
  641   7051 3.154024217455600e-02 3.0e+01 3.17e-02  1e-03  6e-03 8:39.1
  683   7513 3.153914270195006e-02 3.1e+01 1.69e-03  4e-05  2e-04 9:13.1
  700   7700 3.153914107411779e-02 2.7e+01 5.34e-04  1e-05  6e-05 9:26.8
  745   8195 3.153914094195081e-02 3.1e+01 1.40e-05  2e-07  1e-06 10:03.3
  752   8272 3.153914094196082e-02 3.1e+01 9.48e-06  1e-07  7e-07 10:08.9
termination on tolfun=1e-11 (Fri Nov 27 13:01:37 2020)
final/bestever f-value = 3.153914e-02 3.153914e-02
incumbent solution: [ 0.45611757  1.85880055 -1.90193599  3.02375096  3.30346013 -4.22953747
  2.79220237  3.45318743 ...]
std deviations: [1.41869738e-07 7.09284036e-07 2.72689836e-07 2.50087253e-07
 3.68538159e-07 1.77101004e-07 1.51951072e-07 2.50562878e-07 ...]
cma
(5_w,11)-aCMA-ES (mu_w=3.4,w_1=42%) in dimension 14 (seed=548902, Fri Nov 27 13:01:37 2020)
Iterat #Fevals   function value  axis ratio  sigma  min&max std  t[m:s]
    1     11 7.773483159627755e-01 1.0e+00 9.35e-01  9e-01  9e-01 0:00.9
    2     22 5.212200141910185e-01 1.1e+00 9.22e-01  9e-01  9e-01 0:01.8
    3     33 4.612780363145771e-01 1.2e+00 9.12e-01  9e-01  9e-01 0:02.7
    7     77 6.608603966841811e-01 1.4e+00 7.11e-01  6e-01  7e-01 0:06.3
   12    132 3.106034097857630e-01 1.6e+00 5.86e-01  5e-01  6e-01 0:10.9
   18    198 2.740975317682202e-01 1.6e+00 4.99e-01  4e-01  5e-01 0:16.3
   25    275 1.614027985467905e-01 1.7e+00 3.80e-01  3e-01  4e-01 0:22.7
   33    363 2.446960007395667e-01 2.0e+00 2.68e-01  2e-01  3e-01 0:29.9
   42    462 1.698035462910920e-01 2.2e+00 2.01e-01  1e-01  2e-01 0:38.1
   52    572 1.412776729018772e-01 2.7e+00 2.07e-01  1e-01  2e-01 0:47.1
   64    704 1.206648673673953e-01 3.5e+00 1.46e-01  9e-02  2e-01 0:58.0
   77    847 1.187643707507946e-01 4.7e+00 1.10e-01  8e-02  1e-01 1:09.8
   91   1001 1.146335735893783e-01 5.6e+00 7.75e-02  5e-02  8e-02 1:22.5
  100   1100 1.139601249579177e-01 5.9e+00 5.02e-02  3e-02  5e-02 1:30.7
  116   1276 1.128561866513307e-01 7.2e+00 3.37e-02  2e-02  4e-02 1:45.1
  133   1463 1.119969837263463e-01 1.0e+01 2.49e-02  2e-02  3e-02 2:00.6
  151   1661 1.112612848521400e-01 1.5e+01 2.81e-02  2e-02  4e-02 2:16.9
  170   1870 1.099909544754292e-01 1.8e+01 3.74e-02  2e-02  5e-02 2:34.1
  190   2090 1.072045563598463e-01 1.8e+01 5.62e-02  3e-02  7e-02 2:52.2
  200   2200 1.014520886729028e-01 2.3e+01 8.55e-02  4e-02  1e-01 3:01.3
  223   2453 8.027429871129987e-02 2.5e+01 1.35e-01  7e-02  2e-01 3:22.2
  247   2717 6.665912738735119e-02 2.0e+01 5.96e-02  3e-02  8e-02 3:43.9
  272   2992 6.354716899471569e-02 1.6e+01 4.82e-02  2e-02  5e-02 4:06.6
  298   3278 5.951140511862115e-02 1.4e+01 6.61e-02  3e-02  6e-02 4:30.1
  300   3300 5.911944700791148e-02 1.4e+01 6.43e-02  3e-02  6e-02 4:31.9
  328   3608 5.626165846268646e-02 1.4e+01 4.74e-02  2e-02  4e-02 4:57.3
  357   3927 4.996316466777954e-02 1.5e+01 8.82e-02  3e-02  7e-02 5:23.6
  387   4257 3.291132969136602e-02 1.9e+01 1.02e-01  3e-02  9e-02 5:50.8
  400   4400 2.735859843866412e-02 1.8e+01 1.42e-01  4e-02  1e-01 6:02.6
  432   4752 2.471716770721494e-02 1.4e+01 6.55e-02  1e-02  4e-02 6:31.7
  466   5126 2.367791451332395e-02 1.3e+01 3.98e-02  8e-03  3e-02 7:02.5
  500   5500 2.347843037402517e-02 1.6e+01 1.52e-02  3e-03  1e-02 7:33.3
  536   5896 2.335441535891156e-02 1.9e+01 1.98e-02  3e-03  1e-02 8:05.9
  573   6303 2.311528485572087e-02 2.8e+01 3.36e-02  5e-03  3e-02 8:39.5
  600   6600 2.301561658647888e-02 4.5e+01 2.53e-02  4e-03  3e-02 9:04.0
  639   7029 2.291673204326752e-02 5.1e+01 2.64e-02  4e-03  3e-02 9:39.4
  679   7469 2.252120815312198e-02 4.9e+01 8.73e-02  1e-02  7e-02 10:15.6
  700   7700 2.224881829093029e-02 4.3e+01 6.16e-02  6e-03  4e-02 10:34.6
  742   8162 2.200340527630280e-02 3.7e+01 5.89e-02  6e-03  3e-02 11:12.7
  785   8635 2.184354832798326e-02 4.2e+01 3.26e-02  3e-03  1e-02 11:51.7
  800   8800 2.182639323204424e-02 5.6e+01 3.41e-02  3e-03  1e-02 12:05.3
  846   9306 2.178297111063598e-02 5.6e+01 2.45e-02  2e-03  1e-02 12:47.0
  893   9823 2.177603879283040e-02 4.7e+01 1.17e-02  8e-04  4e-03 13:29.6
  900   9900 2.177574503958810e-02 4.6e+01 7.35e-03  5e-04  2e-03 13:36.0
  949  10439 2.177500507047829e-02 5.8e+01 3.75e-03  2e-04  1e-03 14:20.4
  999  10989 2.177497829548545e-02 6.6e+01 1.79e-04  9e-06  5e-05 15:05.7
 1000  11000 2.177497828830824e-02 6.4e+01 1.76e-04  9e-06  5e-05 15:06.6
Iterat #Fevals   function value  axis ratio  sigma  min&max std  t[m:s]
 1052  11572 2.177497826504495e-02 6.1e+01 8.47e-06  3e-07  2e-06 15:53.8
 1059  11649 2.177497826501332e-02 6.1e+01 6.11e-06  2e-07  1e-06 16:00.1
termination on tolfun=1e-11 (Fri Nov 27 13:17:39 2020)
final/bestever f-value = 2.177498e-02 2.177498e-02
incumbent solution: [ 3.80067774 -3.40995855 -4.25951238 -2.98944215  1.84977468 -4.54643309
 -0.15244192  1.96146961 ...]
std deviations: [4.30125322e-07 1.24376295e-06 1.13242333e-06 4.01898154e-07
 9.94576195e-07 8.47802567e-07 2.04837893e-07 1.04213834e-06 ...]
cma
(5_w,11)-aCMA-ES (mu_w=3.4,w_1=42%) in dimension 14 (seed=648355, Fri Nov 27 13:17:39 2020)
Iterat #Fevals   function value  axis ratio  sigma  min&max std  t[m:s]
    1     11 7.925634036027061e-01 1.0e+00 9.21e-01  9e-01  9e-01 0:00.9
    2     22 4.602640868853632e-01 1.1e+00 8.81e-01  8e-01  9e-01 0:01.8
    3     33 4.230601175336562e-01 1.1e+00 8.58e-01  8e-01  9e-01 0:02.7
    7     77 6.737452963567644e-01 1.3e+00 8.08e-01  8e-01  8e-01 0:06.4
   12    132 3.192389971183908e-01 1.4e+00 7.01e-01  6e-01  7e-01 0:10.9
   18    198 2.513687598613039e-01 1.6e+00 5.91e-01  5e-01  6e-01 0:16.3
   25    275 2.379145168182179e-01 1.8e+00 3.79e-01  3e-01  4e-01 0:22.7
   33    363 1.720439977142917e-01 2.0e+00 2.75e-01  2e-01  3e-01 0:30.0
   42    462 1.230123553387084e-01 2.2e+00 1.85e-01  1e-01  2e-01 0:38.1
   52    572 1.205820553529056e-01 2.5e+00 1.19e-01  9e-02  1e-01 0:47.2
   63    693 1.159140820055839e-01 3.3e+00 1.29e-01  1e-01  1e-01 0:57.2
   76    836 9.369077425356591e-02 3.7e+00 1.09e-01  8e-02  1e-01 1:09.1
   90    990 9.175426211462338e-02 4.1e+00 9.15e-02  6e-02  9e-02 1:21.8
  100   1100 8.252348467773013e-02 4.7e+00 6.82e-02  4e-02  8e-02 1:30.9
  116   1276 7.614045778280128e-02 8.0e+00 9.44e-02  6e-02  1e-01 1:45.4
  133   1463 7.108605935725004e-02 8.6e+00 4.67e-02  3e-02  7e-02 2:00.9
  151   1661 7.005097720003420e-02 9.3e+00 3.64e-02  2e-02  5e-02 2:17.2
  170   1870 6.810654890085205e-02 1.1e+01 4.38e-02  2e-02  6e-02 2:34.5
  190   2090 6.608841764081687e-02 1.3e+01 4.18e-02  2e-02  5e-02 2:52.7
  200   2200 6.396382319212719e-02 1.6e+01 5.52e-02  3e-02  7e-02 3:01.7
  223   2453 5.523521770403212e-02 2.1e+01 8.02e-02  3e-02  1e-01 3:22.7
  247   2717 3.545600992186634e-02 1.7e+01 9.02e-02  4e-02  1e-01 3:44.5
  272   2992 3.023653639499642e-02 1.6e+01 3.81e-02  1e-02  4e-02 4:07.2
  298   3278 2.951325531865293e-02 1.7e+01 2.76e-02  8e-03  3e-02 4:30.8
  300   3300 2.956526806606090e-02 1.7e+01 2.33e-02  7e-03  3e-02 4:32.6
  328   3608 2.915337762881864e-02 2.0e+01 2.03e-02  6e-03  3e-02 4:58.1
  357   3927 2.730563985534102e-02 3.8e+01 5.99e-02  2e-02  1e-01 5:24.4
  387   4257 2.487169478831670e-02 2.8e+01 4.32e-02  1e-02  7e-02 5:51.7
  400   4400 2.369145031237537e-02 2.7e+01 4.38e-02  1e-02  6e-02 6:03.5
  432   4752 1.842060226629203e-02 2.2e+01 8.14e-02  2e-02  9e-02 6:32.6
  465   5115 1.352012778108122e-02 1.8e+01 6.05e-02  1e-02  5e-02 7:02.6
  500   5500 1.190855593117113e-02 1.5e+01 4.19e-02  7e-03  2e-02 7:34.4
  536   5896 1.129029926381754e-02 1.3e+01 5.43e-02  8e-03  3e-02 8:07.1
  573   6303 1.081794076514740e-02 1.8e+01 5.23e-02  7e-03  3e-02 8:40.8
  600   6600 1.042442144209617e-02 2.5e+01 3.48e-02  5e-03  3e-02 9:05.3
  639   7029 1.022950594551035e-02 3.7e+01 2.16e-02  3e-03  2e-02 9:40.8
  679   7469 1.012984910422190e-02 5.6e+01 1.74e-02  2e-03  2e-02 10:17.1
  700   7700 1.012121716248214e-02 5.1e+01 9.49e-03  1e-03  1e-02 10:36.2
  742   8162 1.011860189782020e-02 5.5e+01 6.20e-03  5e-04  6e-03 11:14.3
  785   8635 1.011636648404110e-02 6.5e+01 1.06e-02  8e-04  1e-02 11:53.4
  800   8800 1.011558672614745e-02 6.3e+01 4.74e-03  3e-04  4e-03 12:07.0
  846   9306 1.011537173992506e-02 7.6e+01 4.58e-04  3e-05  3e-04 12:48.8
  893   9823 1.011537118520515e-02 7.8e+01 3.18e-05  1e-06  2e-05 13:31.5
  900   9900 1.011537118316196e-02 8.1e+01 2.18e-05  1e-06  1e-05 13:37.9
  926  10186 1.011537118217684e-02 7.0e+01 5.16e-06  2e-07  2e-06 14:01.5
termination on tolfun=1e-11 (Fri Nov 27 13:31:42 2020)
final/bestever f-value = 1.011537e-02 1.011537e-02
incumbent solution: [ 1.37978757  2.55605663  1.49525424 -0.03506467 -1.82419918 -2.14815824
 -0.97591447 -6.93219129 ...]
std deviations: [2.74551652e-07 1.76211749e-06 1.07644442e-06 2.07038845e-07
 8.81454434e-07 1.31566433e-06 4.16776646e-07 2.43613539e-06 ...]
cma
(6_w,12)-aCMA-ES (mu_w=3.7,w_1=40%) in dimension 17 (seed=576792, Fri Nov 27 13:31:43 2020)
Iterat #Fevals   function value  axis ratio  sigma  min&max std  t[m:s]
    1     12 5.636903204669929e-01 1.0e+00 9.06e-01  9e-01  9e-01 0:01.1
    2     24 6.032773864317768e-01 1.1e+00 8.90e-01  9e-01  9e-01 0:02.2
    3     36 4.613477244081298e-01 1.1e+00 8.89e-01  9e-01  9e-01 0:03.3
    6     72 4.495499142214098e-01 1.2e+00 7.96e-01  8e-01  8e-01 0:06.6
   10    120 6.414401285858695e-01 1.3e+00 7.50e-01  7e-01  8e-01 0:11.0
   15    180 4.357571215845674e-01 1.4e+00 7.48e-01  7e-01  8e-01 0:16.4
   21    252 7.434276486955558e-01 1.7e+00 7.97e-01  7e-01  9e-01 0:23.0
   28    336 6.694386533621547e-01 1.7e+00 8.54e-01  8e-01  9e-01 0:30.7
   36    432 4.885369313036715e-01 1.9e+00 7.87e-01  7e-01  8e-01 0:39.4
   45    540 4.025548389317795e-01 1.8e+00 5.59e-01  5e-01  6e-01 0:49.3
   55    660 4.122118847525225e-01 2.0e+00 4.18e-01  3e-01  4e-01 1:00.3
   66    792 2.027058775019731e-01 2.1e+00 2.96e-01  2e-01  3e-01 1:12.3
   77    924 1.322685324599940e-01 2.4e+00 1.69e-01  1e-01  2e-01 1:24.4
   89   1068 9.452476725747735e-02 2.5e+00 1.09e-01  8e-02  1e-01 1:37.5
  100   1200 9.309407117852464e-02 3.0e+00 7.64e-02  6e-02  8e-02 1:49.5
  114   1368 8.700656818756058e-02 3.5e+00 4.15e-02  3e-02  4e-02 2:04.6
  129   1548 8.581776892174724e-02 4.2e+00 3.14e-02  2e-02  3e-02 2:20.6
  145   1740 8.546622899461009e-02 4.8e+00 1.71e-02  1e-02  2e-02 2:37.8
  162   1944 8.488274376397052e-02 7.4e+00 2.14e-02  1e-02  3e-02 2:56.0
  180   2160 8.441361808254566e-02 1.0e+01 1.89e-02  1e-02  3e-02 3:15.2
  199   2388 8.407473805859231e-02 1.4e+01 1.29e-02  7e-03  2e-02 3:35.6
  200   2400 8.405319848420403e-02 1.4e+01 1.30e-02  7e-03  2e-02 3:36.6
  221   2652 8.368780894107171e-02 2.0e+01 2.83e-02  1e-02  6e-02 3:59.1
  243   2916 8.296019672763284e-02 2.6e+01 2.79e-02  1e-02  7e-02 4:22.7
  266   3192 8.257217864893530e-02 3.1e+01 1.96e-02  8e-03  5e-02 4:47.3
  290   3480 8.177742560526810e-02 3.1e+01 2.77e-02  1e-02  7e-02 5:13.0
  300   3600 8.104122312329530e-02 3.5e+01 3.69e-02  2e-02  1e-01 5:23.7
  326   3912 7.876064349575693e-02 3.5e+01 7.88e-02  4e-02  2e-01 5:51.5
  353   4236 6.912808629397216e-02 3.0e+01 5.91e-02  3e-02  1e-01 6:20.4
  381   4572 6.668708494395750e-02 2.4e+01 3.35e-02  1e-02  5e-02 6:50.4
  400   4800 6.502401554213685e-02 2.2e+01 3.52e-02  1e-02  5e-02 7:10.7
  429   5148 6.183919737010221e-02 2.0e+01 3.66e-02  1e-02  5e-02 7:41.8
  459   5508 5.793474786920539e-02 2.0e+01 3.88e-02  1e-02  5e-02 8:13.9
  490   5880 5.492407997590901e-02 2.0e+01 7.78e-02  3e-02  9e-02 8:47.1
  500   6000 5.328047415565131e-02 2.0e+01 6.34e-02  2e-02  7e-02 8:57.8
  533   6396 4.944522913361889e-02 1.8e+01 4.33e-02  1e-02  5e-02 9:33.1
  567   6804 4.533401235428811e-02 2.0e+01 4.51e-02  1e-02  4e-02 10:09.5
  600   7200 4.026136949869968e-02 2.0e+01 8.61e-02  3e-02  9e-02 10:44.6
  636   7632 3.623588114850935e-02 1.8e+01 8.27e-02  2e-02  7e-02 11:22.9
  673   8076 3.079626154640604e-02 2.2e+01 8.63e-02  2e-02  9e-02 12:02.3
  700   8400 2.770290391954087e-02 2.3e+01 6.95e-02  2e-02  7e-02 12:31.0
  739   8868 2.559375104941894e-02 2.3e+01 4.42e-02  1e-02  4e-02 13:12.5
  779   9348 2.485424578047531e-02 2.5e+01 3.59e-02  9e-03  3e-02 13:55.0
  800   9600 2.457345748336585e-02 2.7e+01 3.21e-02  7e-03  3e-02 14:17.4
  842  10104 2.425264044754333e-02 2.7e+01 2.55e-02  5e-03  3e-02 15:02.1
  885  10620 2.322351156830140e-02 4.1e+01 7.59e-02  2e-02  1e-01 15:47.9
  900  10800 2.262878389305411e-02 4.8e+01 8.64e-02  2e-02  1e-01 16:03.8
  945  11340 2.142072116115975e-02 3.8e+01 8.50e-02  1e-02  8e-02 16:51.7
  991  11892 2.063434089471720e-02 2.8e+01 3.80e-02  5e-03  2e-02 17:40.6
 1000  12000 2.054893576945833e-02 2.7e+01 5.14e-02  7e-03  3e-02 17:50.2
Iterat #Fevals   function value  axis ratio  sigma  min&max std  t[m:s]
 1048  12576 2.003102013124498e-02 3.0e+01 4.85e-02  6e-03  3e-02 18:41.3
 1096  13152 1.977463552770151e-02 3.4e+01 2.69e-02  3e-03  2e-02 19:32.3
 1100  13200 1.976604891215329e-02 3.6e+01 3.32e-02  3e-03  2e-02 19:36.6
 1150  13800 1.962309019253576e-02 4.4e+01 2.71e-02  2e-03  2e-02 20:29.8
 1200  14400 1.887278947075014e-02 5.0e+01 9.96e-02  7e-03  6e-02 21:23.0
 1252  15024 1.767364338180019e-02 4.5e+01 9.52e-02  5e-03  4e-02 22:18.3
 1300  15600 1.743237031268849e-02 3.0e+01 5.92e-02  3e-03  2e-02 23:09.4
 1354  16248 1.734942040249347e-02 3.2e+01 4.07e-02  2e-03  1e-02 24:06.8
 1400  16800 1.729624192556066e-02 4.6e+01 4.22e-02  1e-03  2e-02 24:55.8
 1456  17472 1.713536896626259e-02 6.7e+01 8.07e-02  3e-03  3e-02 25:55.4
 1500  18000 1.704568753791750e-02 7.2e+01 1.00e-01  3e-03  4e-02 26:41.5
 1559  18708 1.699097467510267e-02 6.7e+01 3.08e-02  8e-04  1e-02 27:43.1
 1600  19200 1.698516792084347e-02 6.4e+01 2.07e-02  5e-04  6e-03 28:25.9
 1661  19932 1.697675398486830e-02 6.4e+01 3.62e-02  6e-04  9e-03 29:29.6
 1700  20400 1.696591717669428e-02 7.4e+01 4.53e-02  8e-04  1e-02 30:10.3
 1763  21156 1.695180579417432e-02 7.9e+01 4.44e-02  7e-04  1e-02 31:16.1
 1800  21600 1.694720667290092e-02 8.4e+01 2.41e-02  4e-04  6e-03 31:54.2
 1866  22392 1.694225853090566e-02 9.2e+01 2.48e-02  3e-04  6e-03 33:02.2
 1900  22800 1.694090038422761e-02 1.1e+02 2.27e-02  3e-04  5e-03 33:36.9
 1968  23616 1.694017988207568e-02 1.2e+02 4.19e-03  5e-05  9e-04 34:46.3
 2000  24000 1.694017450347349e-02 1.1e+02 1.37e-03  1e-05  3e-04 35:19.0
Iterat #Fevals   function value  axis ratio  sigma  min&max std  t[m:s]
 2070  24840 1.694017379917239e-02 1.5e+02 1.21e-04  1e-06  3e-05 36:30.4
 2100  25200 1.694017379735321e-02 1.6e+02 3.18e-05  2e-07  6e-06 37:01.1
 2105  25260 1.694017379729131e-02 1.6e+02 2.24e-05  2e-07  4e-06 37:06.2
termination on tolfun=1e-11 (Fri Nov 27 14:08:52 2020)
final/bestever f-value = 1.694017e-02 1.694017e-02
incumbent solution: [ 2.98088615 -3.03851789 -4.9906406  -6.02702479  3.50382159 -1.9095195
 -0.49752019  2.69907248 ...]
std deviations: [2.77391670e-07 7.09048072e-07 5.97706740e-07 4.23389438e-07
 8.75540741e-07 4.46759842e-07 1.66413532e-07 7.07950932e-07 ...]
cma
(6_w,12)-aCMA-ES (mu_w=3.7,w_1=40%) in dimension 17 (seed=571005, Fri Nov 27 14:08:53 2020)
Iterat #Fevals   function value  axis ratio  sigma  min&max std  t[m:s]
    1     12 3.364507502982624e-01 1.0e+00 9.57e-01  9e-01  1e+00 0:01.0
    2     24 4.868900628703866e-01 1.2e+00 9.14e-01  9e-01  9e-01 0:02.0
    3     36 4.531729170135640e-01 1.2e+00 8.92e-01  9e-01  9e-01 0:03.1
    6     72 4.436429250432926e-01 1.3e+00 8.29e-01  8e-01  8e-01 0:06.1
   10    120 2.520886088521296e-01 1.4e+00 7.05e-01  7e-01  7e-01 0:10.2
   15    180 3.855654543796536e-01 1.5e+00 5.56e-01  5e-01  6e-01 0:15.3
   21    252 3.146807819269131e-01 1.6e+00 4.49e-01  4e-01  5e-01 0:21.5
   28    336 1.610463223976186e-01 1.6e+00 4.11e-01  4e-01  4e-01 0:28.6
   36    432 2.374626135225048e-01 1.9e+00 4.16e-01  4e-01  5e-01 0:36.8
   45    540 2.457418668827676e-01 2.2e+00 3.66e-01  3e-01  4e-01 0:46.0
   55    660 2.161956292356872e-01 2.4e+00 3.91e-01  3e-01  4e-01 0:56.2
   66    792 1.810552083998662e-01 2.6e+00 3.17e-01  2e-01  3e-01 1:07.5
   78    936 1.688642183284729e-01 2.9e+00 2.15e-01  2e-01  2e-01 1:19.7
   91   1092 1.292541359949888e-01 3.5e+00 1.56e-01  1e-01  2e-01 1:33.0
  100   1200 1.201316925817063e-01 4.4e+00 1.57e-01  1e-01  2e-01 1:42.2
  115   1380 1.007097022322194e-01 5.0e+00 8.84e-02  6e-02  1e-01 1:57.5
  131   1572 7.206625215800565e-02 5.4e+00 8.34e-02  5e-02  1e-01 2:13.9
  148   1776 6.996987711159215e-02 6.0e+00 5.62e-02  4e-02  7e-02 2:31.3
  166   1992 5.908168826991708e-02 6.2e+00 7.45e-02  5e-02  9e-02 2:49.7
  185   2220 5.072633505939630e-02 6.7e+00 4.81e-02  3e-02  6e-02 3:09.0
  200   2400 4.895474285507043e-02 7.1e+00 3.43e-02  2e-02  4e-02 3:24.3
  221   2652 4.631648123342939e-02 7.0e+00 3.46e-02  2e-02  4e-02 3:45.8
  243   2916 3.341823176666479e-02 1.1e+01 8.35e-02  5e-02  1e-01 4:08.2
  266   3192 2.140896613461922e-02 1.0e+01 4.86e-02  3e-02  6e-02 4:31.7
  290   3480 2.007191487166582e-02 9.6e+00 1.38e-02  7e-03  1e-02 4:56.1
  300   3600 1.993436877455002e-02 9.7e+00 1.57e-02  8e-03  2e-02 5:06.3
  326   3912 1.956431246396363e-02 1.3e+01 1.30e-02  7e-03  1e-02 5:32.8
  353   4236 1.933927993488590e-02 1.6e+01 1.95e-02  1e-02  2e-02 6:00.4
  381   4572 1.874526743713543e-02 1.7e+01 2.73e-02  1e-02  3e-02 6:28.9
  400   4800 1.843390692808451e-02 2.0e+01 1.91e-02  1e-02  2e-02 6:48.3
  430   5160 1.802418238204492e-02 2.0e+01 1.91e-02  9e-03  2e-02 7:18.9
  461   5532 1.771066576939211e-02 2.4e+01 1.72e-02  7e-03  2e-02 7:50.5
  493   5916 1.747048026978427e-02 2.5e+01 1.34e-02  5e-03  2e-02 8:23.2
  500   6000 1.742019690276045e-02 2.4e+01 1.39e-02  5e-03  2e-02 8:30.3
  534   6408 1.722817148149791e-02 2.8e+01 1.58e-02  5e-03  2e-02 9:05.0
  569   6828 1.716601856960667e-02 2.9e+01 7.46e-03  2e-03  9e-03 9:40.6
  600   7200 1.713752406700689e-02 3.2e+01 1.31e-02  4e-03  2e-02 10:12.2
  637   7644 1.709351089085077e-02 3.1e+01 7.38e-03  2e-03  8e-03 10:49.9
  675   8100 1.698179838433998e-02 3.3e+01 2.01e-02  5e-03  2e-02 11:28.6
  700   8400 1.687094383099067e-02 3.1e+01 2.22e-02  5e-03  2e-02 11:54.1
  740   8880 1.675159691814256e-02 3.6e+01 2.06e-02  5e-03  2e-02 12:34.9
  781   9372 1.659560672195982e-02 3.6e+01 1.35e-02  3e-03  1e-02 13:16.7
  800   9600 1.652314553565860e-02 4.5e+01 2.25e-02  4e-03  2e-02 13:36.1
  843  10116 1.620520708991368e-02 4.0e+01 2.93e-02  5e-03  3e-02 14:19.9
  887  10644 1.593103752290028e-02 3.9e+01 3.58e-02  5e-03  3e-02 15:04.8
  900  10800 1.576244028843638e-02 4.3e+01 3.88e-02  5e-03  3e-02 15:18.0
  946  11352 1.489513634656211e-02 5.2e+01 4.10e-02  6e-03  4e-02 16:04.9
  993  11916 1.364448432948465e-02 4.7e+01 7.42e-02  1e-02  6e-02 16:52.8
 1000  12000 1.336043101833153e-02 4.6e+01 8.52e-02  1e-02  6e-02 16:60.0
Iterat #Fevals   function value  axis ratio  sigma  min&max std  t[m:s]
 1049  12588 1.167060614365650e-02 3.3e+01 9.18e-02  1e-02  4e-02 17:49.9
 1099  13188 1.018432238146911e-02 3.0e+01 1.12e-01  1e-02  4e-02 18:40.9
 1100  13200 1.007663653228421e-02 3.0e+01 1.07e-01  1e-02  4e-02 18:41.9
 1151  13812 9.722756435965638e-03 2.6e+01 3.79e-02  3e-03  1e-02 19:34.0
 1200  14400 9.544756056556147e-03 3.3e+01 4.44e-02  3e-03  2e-02 20:23.9
 1253  15036 9.455278081134940e-03 3.9e+01 2.80e-02  1e-03  1e-02 21:18.0
 1300  15600 9.410503540332946e-03 4.6e+01 3.51e-02  1e-03  2e-02 22:05.9
 1355  16260 9.375919747623666e-03 4.2e+01 3.83e-02  1e-03  1e-02 23:01.9
 1400  16800 9.347451090379476e-03 4.6e+01 3.70e-02  1e-03  1e-02 23:47.8
 1457  17484 9.328198512950726e-03 5.4e+01 2.81e-02  8e-04  1e-02 24:45.9
 1500  18000 9.319903509120965e-03 5.7e+01 3.29e-02  9e-04  1e-02 25:29.8
 1559  18708 9.305856330916649e-03 6.2e+01 3.82e-02  1e-03  1e-02 26:29.9
 1600  19200 9.300227506413487e-03 7.4e+01 1.48e-02  4e-04  4e-03 27:11.3
 1675  20100 9.295471295800859e-03 1.0e+02 3.70e-02  9e-04  9e-03 28:13.9
 1700  20400 9.293027334620053e-03 1.1e+02 2.53e-02  6e-04  6e-03 28:35.2
 1779  21348 9.292208001225795e-03 1.2e+02 4.45e-03  8e-05  1e-03 29:39.6
 1800  21600 9.292202233758191e-03 1.2e+02 2.65e-03  5e-05  6e-04 29:58.6
 1878  22536 9.292199489806603e-03 1.4e+02 1.46e-04  2e-06  3e-05 31:05.0
 1900  22800 9.292199487407372e-03 1.3e+02 5.30e-05  6e-07  1e-05 31:23.3
 1916  22992 9.292199487288363e-03 1.4e+02 2.20e-05  3e-07  4e-06 31:36.0
/home/adrianps/Universal-Approximator/qibo_sim/classes/ApproximantNN.py:783: ComplexWarning: Casting complex values to real discards the imaginary part
  params[0, 0] = 1 / period * np.trapz(y, x)
/home/adrianps/Universal-Approximator/qibo_sim/classes/ApproximantNN.py:786: ComplexWarning: Casting complex values to real discards the imaginary part
  params[_, 0] = 2 / period * np.trapz(y * cos, x)
/home/adrianps/Universal-Approximator/qibo_sim/classes/ApproximantNN.py:788: ComplexWarning: Casting complex values to real discards the imaginary part
  params[_, 1] = 2 / period * np.trapz(y * sin, x)
/home/adrianps/Universal-Approximator/qibo_sim/classes/ApproximantNN.py:783: ComplexWarning: Casting complex values to real discards the imaginary part
  params[0, 0] = 1 / period * np.trapz(y, x)
/home/adrianps/Universal-Approximator/qibo_sim/classes/ApproximantNN.py:786: ComplexWarning: Casting complex values to real discards the imaginary part
  params[_, 0] = 2 / period * np.trapz(y * cos, x)
/home/adrianps/Universal-Approximator/qibo_sim/classes/ApproximantNN.py:788: ComplexWarning: Casting complex values to real discards the imaginary part
  params[_, 1] = 2 / period * np.trapz(y * sin, x)
/home/adrianps/Universal-Approximator/qibo_sim/classes/ApproximantNN.py:783: ComplexWarning: Casting complex values to real discards the imaginary part
  params[0, 0] = 1 / period * np.trapz(y, x)
/home/adrianps/Universal-Approximator/qibo_sim/classes/ApproximantNN.py:786: ComplexWarning: Casting complex values to real discards the imaginary part
  params[_, 0] = 2 / period * np.trapz(y * cos, x)
/home/adrianps/Universal-Approximator/qibo_sim/classes/ApproximantNN.py:788: ComplexWarning: Casting complex values to real discards the imaginary part
  params[_, 1] = 2 / period * np.trapz(y * sin, x)
/home/adrianps/Universal-Approximator/qibo_sim/classes/ApproximantNN.py:783: ComplexWarning: Casting complex values to real discards the imaginary part
  params[0, 0] = 1 / period * np.trapz(y, x)
/home/adrianps/Universal-Approximator/qibo_sim/classes/ApproximantNN.py:786: ComplexWarning: Casting complex values to real discards the imaginary part
  params[_, 0] = 2 / period * np.trapz(y * cos, x)
/home/adrianps/Universal-Approximator/qibo_sim/classes/ApproximantNN.py:788: ComplexWarning: Casting complex values to real discards the imaginary part
  params[_, 1] = 2 / period * np.trapz(y * sin, x)
/home/adrianps/Universal-Approximator/qibo_sim/classes/ApproximantNN.py:783: ComplexWarning: Casting complex values to real discards the imaginary part
  params[0, 0] = 1 / period * np.trapz(y, x)
/home/adrianps/Universal-Approximator/qibo_sim/classes/ApproximantNN.py:786: ComplexWarning: Casting complex values to real discards the imaginary part
  params[_, 0] = 2 / period * np.trapz(y * cos, x)
/home/adrianps/Universal-Approximator/qibo_sim/classes/ApproximantNN.py:788: ComplexWarning: Casting complex values to real discards the imaginary part
  params[_, 1] = 2 / period * np.trapz(y * sin, x)
/home/adrianps/Universal-Approximator/qibo_sim/classes/ApproximantNN.py:783: ComplexWarning: Casting complex values to real discards the imaginary part
  params[0, 0] = 1 / period * np.trapz(y, x)
/home/adrianps/Universal-Approximator/qibo_sim/classes/ApproximantNN.py:786: ComplexWarning: Casting complex values to real discards the imaginary part
  params[_, 0] = 2 / period * np.trapz(y * cos, x)
/home/adrianps/Universal-Approximator/qibo_sim/classes/ApproximantNN.py:788: ComplexWarning: Casting complex values to real discards the imaginary part
  params[_, 1] = 2 / period * np.trapz(y * sin, x)
/home/adrianps/Universal-Approximator/qibo_sim/classes/ApproximantNN.py:783: ComplexWarning: Casting complex values to real discards the imaginary part
  params[0, 0] = 1 / period * np.trapz(y, x)
/home/adrianps/Universal-Approximator/qibo_sim/classes/ApproximantNN.py:786: ComplexWarning: Casting complex values to real discards the imaginary part
  params[_, 0] = 2 / period * np.trapz(y * cos, x)
/home/adrianps/Universal-Approximator/qibo_sim/classes/ApproximantNN.py:788: ComplexWarning: Casting complex values to real discards the imaginary part
  params[_, 1] = 2 / period * np.trapz(y * sin, x)
/home/adrianps/Universal-Approximator/qibo_sim/classes/ApproximantNN.py:783: ComplexWarning: Casting complex values to real discards the imaginary part
  params[0, 0] = 1 / period * np.trapz(y, x)
/home/adrianps/Universal-Approximator/qibo_sim/classes/ApproximantNN.py:786: ComplexWarning: Casting complex values to real discards the imaginary part
  params[_, 0] = 2 / period * np.trapz(y * cos, x)
/home/adrianps/Universal-Approximator/qibo_sim/classes/ApproximantNN.py:788: ComplexWarning: Casting complex values to real discards the imaginary part
  params[_, 1] = 2 / period * np.trapz(y * sin, x)
/home/adrianps/Universal-Approximator/qibo_sim/classes/ApproximantNN.py:783: ComplexWarning: Casting complex values to real discards the imaginary part
  params[0, 0] = 1 / period * np.trapz(y, x)
/home/adrianps/Universal-Approximator/qibo_sim/classes/ApproximantNN.py:786: ComplexWarning: Casting complex values to real discards the imaginary part
  params[_, 0] = 2 / period * np.trapz(y * cos, x)
/home/adrianps/Universal-Approximator/qibo_sim/classes/ApproximantNN.py:788: ComplexWarning: Casting complex values to real discards the imaginary part
  params[_, 1] = 2 / period * np.trapz(y * sin, x)
/home/adrianps/Universal-Approximator/qibo_sim/classes/ApproximantNN.py:783: ComplexWarning: Casting complex values to real discards the imaginary part
  params[0, 0] = 1 / period * np.trapz(y, x)
/home/adrianps/Universal-Approximator/qibo_sim/classes/ApproximantNN.py:786: ComplexWarning: Casting complex values to real discards the imaginary part
  params[_, 0] = 2 / period * np.trapz(y * cos, x)
/home/adrianps/Universal-Approximator/qibo_sim/classes/ApproximantNN.py:788: ComplexWarning: Casting complex values to real discards the imaginary part
  params[_, 1] = 2 / period * np.trapz(y * sin, x)
/home/adrianps/Universal-Approximator/qibo_sim/classes/ApproximantNN.py:552: RuntimeWarning: More than 20 figures have been opened. Figures created through the pyplot interface (`matplotlib.pyplot.figure`) are retained until explicitly closed and may consume too much memory. (To control this warning, see the rcParam `figure.max_open_warning`).
  fig, axs = plt.subplots(nrows=2, figsize=(8,10))
/home/adrianps/Universal-Approximator/qibo_sim/classes/ApproximantNN.py:783: ComplexWarning: Casting complex values to real discards the imaginary part
  params[0, 0] = 1 / period * np.trapz(y, x)
/home/adrianps/Universal-Approximator/qibo_sim/classes/ApproximantNN.py:786: ComplexWarning: Casting complex values to real discards the imaginary part
  params[_, 0] = 2 / period * np.trapz(y * cos, x)
/home/adrianps/Universal-Approximator/qibo_sim/classes/ApproximantNN.py:788: ComplexWarning: Casting complex values to real discards the imaginary part
  params[_, 1] = 2 / period * np.trapz(y * sin, x)
/home/adrianps/Universal-Approximator/qibo_sim/classes/ApproximantNN.py:577: RuntimeWarning: More than 20 figures have been opened. Figures created through the pyplot interface (`matplotlib.pyplot.figure`) are retained until explicitly closed and may consume too much memory. (To control this warning, see the rcParam `figure.max_open_warning`).
  fig, axs = plt.subplots(nrows=2, figsize=(8,10))
/home/adrianps/Universal-Approximator/qibo_sim/classes/ApproximantNN.py:552: RuntimeWarning: More than 20 figures have been opened. Figures created through the pyplot interface (`matplotlib.pyplot.figure`) are retained until explicitly closed and may consume too much memory. (To control this warning, see the rcParam `figure.max_open_warning`).
  fig, axs = plt.subplots(nrows=2, figsize=(8,10))
/home/adrianps/Universal-Approximator/qibo_sim/classes/ApproximantNN.py:783: ComplexWarning: Casting complex values to real discards the imaginary part
  params[0, 0] = 1 / period * np.trapz(y, x)
/home/adrianps/Universal-Approximator/qibo_sim/classes/ApproximantNN.py:786: ComplexWarning: Casting complex values to real discards the imaginary part
  params[_, 0] = 2 / period * np.trapz(y * cos, x)
/home/adrianps/Universal-Approximator/qibo_sim/classes/ApproximantNN.py:788: ComplexWarning: Casting complex values to real discards the imaginary part
  params[_, 1] = 2 / period * np.trapz(y * sin, x)
/home/adrianps/Universal-Approximator/qibo_sim/classes/ApproximantNN.py:577: RuntimeWarning: More than 20 figures have been opened. Figures created through the pyplot interface (`matplotlib.pyplot.figure`) are retained until explicitly closed and may consume too much memory. (To control this warning, see the rcParam `figure.max_open_warning`).
  fig, axs = plt.subplots(nrows=2, figsize=(8,10))
termination on tolfun=1e-11 (Fri Nov 27 14:40:32 2020)
final/bestever f-value = 9.292199e-03 9.292199e-03
incumbent solution: [-1.7454548   2.90551292  5.15178054  3.03762133 -1.76718267  1.22718665
  0.23418949  5.48439221 ...]
std deviations: [2.91302304e-07 2.68278117e-06 1.83413113e-06 2.55059597e-07
 4.73722654e-07 1.93468736e-06 2.52475828e-06 3.73755399e-06 ...]
