cma
(3_w,6)-aCMA-ES (mu_w=2.0,w_1=63%) in dimension 2 (seed=585373, Fri Nov 27 12:21:15 2020)
Iterat #Fevals   function value  axis ratio  sigma  min&max std  t[m:s]
    1      6 8.429350142987738e-01 1.0e+00 1.05e+00  1e+00  1e+00 0:00.3
    2     12 9.060860605710057e-01 1.2e+00 8.85e-01  8e-01  8e-01 0:00.6
    3     18 7.785608298163534e-01 1.1e+00 7.46e-01  6e-01  7e-01 0:00.8
   14     84 7.575822713638301e-01 1.8e+00 8.96e-02  2e-02  3e-02 0:03.9
   29    174 7.574598366433419e-01 1.7e+00 7.57e-03  4e-04  6e-04 0:08.1
   47    282 7.574598017025161e-01 2.0e+00 5.26e-04  6e-06  1e-05 0:13.1
   67    402 7.574598016893811e-01 2.1e+00 3.01e-05  5e-08  9e-08 0:18.7
termination on tolfun=1e-11 (Fri Nov 27 12:21:34 2020)
final/bestever f-value = 7.574598e-01 7.574598e-01
incumbent solution: [-0.14839492624680364, 1.0938201175714314e-08]
std deviation: [4.769840213761164e-08, 8.95950820546493e-08]
cma
(3_w,6)-aCMA-ES (mu_w=2.0,w_1=63%) in dimension 2 (seed=607980, Fri Nov 27 12:21:34 2020)
Iterat #Fevals   function value  axis ratio  sigma  min&max std  t[m:s]
    1      6 9.046036456769112e-01 1.0e+00 1.00e+00  8e-01  1e+00 0:00.3
    2     12 9.535756476194243e-01 1.3e+00 1.24e+00  9e-01  2e+00 0:00.6
    3     18 9.383826353220369e-01 1.8e+00 1.71e+00  2e+00  2e+00 0:00.8
   14     84 7.458804947907434e-01 2.2e+00 8.00e-01  4e-01  5e-01 0:03.9
   29    174 6.906726729030238e-01 2.3e+00 6.61e-02  5e-03  1e-02 0:08.0
   48    288 6.906676849367671e-01 2.1e+00 5.15e-03  8e-05  2e-04 0:13.2
   70    420 6.906676847919542e-01 2.7e+00 1.98e-04  4e-07  9e-07 0:19.3
   77    462 6.906676847919219e-01 1.6e+00 6.25e-05  8e-08  1e-07 0:21.2
termination on tolfun=1e-11 (Fri Nov 27 12:21:56 2020)
final/bestever f-value = 6.906677e-01 6.906677e-01
incumbent solution: [-1.5707963982059368, 2.464987103300677]
std deviation: [8.34014005783858e-08, 1.25392428292755e-07]
cma
(4_w,8)-aCMA-ES (mu_w=2.6,w_1=52%) in dimension 5 (seed=584277, Fri Nov 27 12:21:56 2020)
Iterat #Fevals   function value  axis ratio  sigma  min&max std  t[m:s]
    1      8 7.783613316959845e-01 1.0e+00 9.32e-01  9e-01  1e+00 0:00.4
    2     16 5.880944588892183e-01 1.3e+00 9.25e-01  8e-01  1e+00 0:00.9
    3     24 3.731424207869380e-01 1.4e+00 9.41e-01  8e-01  1e+00 0:01.3
   10     80 2.980741070839620e-01 1.9e+00 7.53e-01  5e-01  1e+00 0:04.4
   20    160 1.393233034644862e-01 2.3e+00 2.54e-01  1e-01  2e-01 0:08.8
   32    256 1.261247629487055e-01 3.8e+00 1.49e-01  5e-02  1e-01 0:14.1
   46    368 1.236005339420655e-01 4.8e+00 3.84e-02  7e-03  2e-02 0:20.3
   62    496 1.234879939789748e-01 5.2e+00 1.05e-02  1e-03  4e-03 0:27.3
   81    648 1.234832843641868e-01 5.9e+00 1.55e-03  1e-04  4e-04 0:35.7
  100    800 1.234832805210034e-01 5.0e+00 9.36e-05  4e-06  1e-05 0:44.1
  123    984 1.234832805067995e-01 5.6e+00 1.73e-05  4e-07  1e-06 0:54.3
  129   1032 1.234832805067440e-01 4.9e+00 7.76e-06  1e-07  5e-07 0:56.9
termination on tolfun=1e-11 (Fri Nov 27 12:22:53 2020)
final/bestever f-value = 1.234833e-01 1.234833e-01
incumbent solution: [-6.771398330636406e-08, -2.475176030029934, -1.1774215698308987, -1.5707963551286408, -1.900118420318434]
std deviation: [1.4253566955535717e-07, 4.0835236883038286e-07, 1.7251591586387992e-07, 2.0183647850425478e-07, 4.594938323957623e-07]
cma
(4_w,8)-aCMA-ES (mu_w=2.6,w_1=52%) in dimension 5 (seed=533598, Fri Nov 27 12:22:54 2020)
Iterat #Fevals   function value  axis ratio  sigma  min&max std  t[m:s]
    1      8 6.478183762721449e-01 1.0e+00 1.07e+00  1e+00  1e+00 0:00.4
    2     16 3.638548441026274e-01 1.3e+00 1.09e+00  1e+00  1e+00 0:00.9
    3     24 3.838957861985948e-01 1.4e+00 1.10e+00  1e+00  1e+00 0:01.3
   10     80 6.830784201088917e-01 2.0e+00 7.00e-01  6e-01  7e-01 0:04.4
   20    160 1.480510504178870e-01 3.2e+00 4.17e-01  2e-01  4e-01 0:08.8
   32    256 1.268092409135624e-01 3.2e+00 1.59e-01  6e-02  1e-01 0:14.1
   46    368 1.235991128983781e-01 3.6e+00 4.72e-02  1e-02  3e-02 0:20.3
   62    496 1.234865082775778e-01 4.3e+00 1.02e-02  2e-03  5e-03 0:27.4
   81    648 1.234833472379098e-01 4.6e+00 1.98e-03  2e-04  5e-04 0:35.7
  100    800 1.234832817645678e-01 4.0e+00 7.19e-04  4e-05  1e-04 0:44.1
  123    984 1.234832805110642e-01 4.2e+00 6.81e-05  2e-06  4e-06 0:54.3
  147   1176 1.234832805067293e-01 3.7e+00 4.95e-06  7e-08  2e-07 1:04.9
termination on tolfun=1e-11 (Fri Nov 27 12:23:59 2020)
final/bestever f-value = 1.234833e-01 1.234833e-01
incumbent solution: [3.141592639908598, 2.475175701002388, -1.177421735102998, 1.57079635823804, 1.9001187220946416]
std deviation: [7.932784637290094e-08, 1.579995548111638e-07, 7.258069121736125e-08, 1.2982433134836238e-07, 1.591795955676353e-07]
cma
(5_w,10)-aCMA-ES (mu_w=3.2,w_1=45%) in dimension 8 (seed=573688, Fri Nov 27 12:23:59 2020)
Iterat #Fevals   function value  axis ratio  sigma  min&max std  t[m:s]
    1     10 9.178609772787766e-01 1.0e+00 8.81e-01  8e-01  9e-01 0:00.6
    2     20 5.511694666262382e-01 1.2e+00 8.97e-01  8e-01  9e-01 0:01.3
    3     30 3.779733814000419e-01 1.3e+00 9.78e-01  9e-01  1e+00 0:01.9
    8     80 4.237088752469066e-01 1.6e+00 7.24e-01  6e-01  7e-01 0:05.1
   15    150 3.422602598049098e-01 2.1e+00 4.77e-01  3e-01  5e-01 0:09.6
   23    230 2.594482261343664e-01 3.6e+00 4.31e-01  3e-01  5e-01 0:14.7
   33    330 1.800741764661119e-01 5.5e+00 3.71e-01  2e-01  5e-01 0:21.1
   44    440 1.479670322675740e-01 5.4e+00 2.33e-01  1e-01  3e-01 0:28.1
   57    570 1.268809881090813e-01 6.4e+00 1.30e-01  5e-02  2e-01 0:36.4
   72    720 1.224979414927721e-01 7.3e+00 9.06e-02  3e-02  9e-02 0:46.0
   88    880 1.214542779765241e-01 8.2e+00 3.78e-02  8e-03  4e-02 0:56.2
  100   1000 1.213499697605031e-01 1.0e+01 2.64e-02  5e-03  3e-02 1:03.9
  119   1190 1.210389866827618e-01 1.3e+01 5.87e-02  9e-03  7e-02 1:16.0
  140   1400 1.204350657005693e-01 1.6e+01 5.12e-02  6e-03  5e-02 1:29.4
  162   1620 1.193457634407311e-01 2.3e+01 1.05e-01  9e-03  1e-01 1:43.5
  186   1860 1.176624331694855e-01 2.9e+01 9.06e-02  7e-03  8e-02 1:58.8
  200   2000 1.173464466586903e-01 2.4e+01 1.00e-01  6e-03  7e-02 2:07.7
  227   2270 1.171218012262653e-01 2.9e+01 1.08e-01  6e-03  8e-02 2:25.0
  256   2560 1.169697390640988e-01 4.1e+01 6.30e-02  3e-03  4e-02 2:43.5
  286   2860 1.169507070603312e-01 7.0e+01 1.65e-02  5e-04  1e-02 3:02.6
  300   3000 1.169505285656595e-01 7.8e+01 6.71e-03  1e-04  4e-03 3:11.6
  333   3330 1.169505199325610e-01 7.4e+01 5.38e-04  8e-06  2e-04 3:32.6
  368   3680 1.169505198385283e-01 9.9e+01 5.71e-05  5e-07  2e-05 3:55.0
  376   3760 1.169505198381359e-01 8.3e+01 2.68e-05  2e-07  7e-06 4:00.1
termination on tolfun=1e-11 (Fri Nov 27 12:28:00 2020)
final/bestever f-value = 1.169505e-01 1.169505e-01
incumbent solution: [3.1415925751255225, -2.352427003725079, -1.8637636325564788, 1.45711458753706e-07, 3.31260938076517, -2.9471955298580306, 1.5707965722638542, 1.2436728772952392]
std deviation: [2.2425843272614576e-07, 1.2621417579360414e-06, 3.57096823370132e-07, 1.0770564103022248e-06, 5.613215970468706e-06, 7.10819557999788e-07, 1.1109357531545395e-06, 6.808555665447315e-06]
cma
(5_w,10)-aCMA-ES (mu_w=3.2,w_1=45%) in dimension 8 (seed=577391, Fri Nov 27 12:28:00 2020)
Iterat #Fevals   function value  axis ratio  sigma  min&max std  t[m:s]
    1     10 5.919670495356083e-01 1.0e+00 8.52e-01  8e-01  9e-01 0:00.6
    2     20 4.738499559827596e-01 1.2e+00 8.25e-01  8e-01  8e-01 0:01.3
    3     30 3.408529819976319e-01 1.3e+00 8.14e-01  7e-01  8e-01 0:01.9
    8     80 2.512918456593737e-01 1.7e+00 6.33e-01  5e-01  6e-01 0:05.1
   15    150 1.915855282545347e-01 2.5e+00 4.41e-01  3e-01  4e-01 0:09.5
   23    230 1.899952416386820e-01 3.2e+00 4.39e-01  3e-01  5e-01 0:14.6
   33    330 1.430377899001982e-01 5.4e+00 2.30e-01  1e-01  2e-01 0:21.0
   44    440 1.244156279146708e-01 5.3e+00 1.11e-01  6e-02  1e-01 0:28.0
   57    570 1.237045963758846e-01 8.1e+00 4.40e-02  2e-02  5e-02 0:36.3
   72    720 1.234820286459884e-01 1.0e+01 1.32e-02  4e-03  1e-02 0:45.8
   88    880 1.234694041129848e-01 1.3e+01 4.06e-03  1e-03  4e-03 0:56.0
  100   1000 1.234659554456656e-01 2.4e+01 7.89e-03  2e-03  1e-02 1:03.7
  119   1190 1.232286084152548e-01 1.3e+02 4.79e-02  8e-03  2e-01 1:15.8
  140   1400 1.228812008092813e-01 5.4e+01 5.00e-02  8e-03  9e-02 1:29.2
  162   1620 1.220841774250647e-01 4.0e+01 1.08e-01  1e-02  1e-01 1:43.2
  186   1860 1.207073517727389e-01 2.5e+01 1.00e-01  1e-02  7e-02 1:58.5
  200   2000 1.198031677281832e-01 2.7e+01 1.70e-01  2e-02  1e-01 2:07.4
  227   2270 1.183649894858494e-01 2.9e+01 2.15e-01  2e-02  1e-01 2:24.6
  256   2560 1.174356680974343e-01 3.3e+01 2.42e-01  2e-02  1e-01 2:43.0
  286   2860 1.169844856880780e-01 3.5e+01 8.25e-02  3e-03  3e-02 3:02.2
  300   3000 1.169608711288232e-01 3.5e+01 7.16e-02  2e-03  3e-02 3:11.1
  333   3330 1.169511675067347e-01 6.5e+01 4.32e-02  8e-04  2e-02 3:32.2
  368   3680 1.169505218137962e-01 8.3e+01 3.64e-03  4e-05  1e-03 3:54.5
  400   4000 1.169505198396078e-01 8.5e+01 1.87e-04  1e-06  4e-05 4:15.0
  426   4260 1.169505198381111e-01 1.1e+02 2.19e-05  1e-07  4e-06 4:31.6
termination on tolfun=1e-11 (Fri Nov 27 12:32:32 2020)
final/bestever f-value = 1.169505e-01 1.169505e-01
incumbent solution: [-7.0654895482467e-08, 2.3524268598550857, -1.2778289882729579, 3.141592564434824, 3.3126059698568837, -2.947195097608435, 1.570796239153207, 1.2436692686261885]
std deviation: [1.0576657691662055e-07, 7.00288518308405e-07, 1.6858898630580672e-07, 3.654471774534972e-07, 3.085028008086629e-06, 3.2765862656540747e-07, 3.553291937836245e-07, 3.7719676333152397e-06]
cma
(5_w,11)-aCMA-ES (mu_w=3.4,w_1=42%) in dimension 11 (seed=539392, Fri Nov 27 12:32:33 2020)
Iterat #Fevals   function value  axis ratio  sigma  min&max std  t[m:s]
    1     11 7.606643340186006e-01 1.0e+00 9.44e-01  9e-01  1e+00 0:00.8
    2     22 8.179586398130293e-01 1.2e+00 9.37e-01  9e-01  1e+00 0:01.6
    3     33 9.208313733424787e-01 1.2e+00 9.11e-01  9e-01  1e+00 0:02.4
    7     77 7.557564932963196e-01 1.5e+00 8.40e-01  7e-01  9e-01 0:05.6
   13    143 3.516357766563155e-01 1.8e+00 9.45e-01  9e-01  1e+00 0:10.4
   20    220 5.979291879372661e-01 1.8e+00 7.55e-01  6e-01  8e-01 0:15.9
   28    308 2.467196102002642e-01 2.0e+00 4.63e-01  4e-01  5e-01 0:22.3
   37    407 2.284054652754251e-01 2.5e+00 4.44e-01  4e-01  4e-01 0:29.5
   48    528 1.510497529339357e-01 3.4e+00 2.44e-01  2e-01  3e-01 0:38.3
   60    660 1.298096093560576e-01 4.4e+00 1.40e-01  9e-02  1e-01 0:47.9
   73    803 1.247216081176085e-01 6.0e+00 7.45e-02  5e-02  7e-02 0:58.3
   87    957 1.236758627022283e-01 7.9e+00 5.37e-02  3e-02  5e-02 1:09.4
  100   1100 1.231644922289819e-01 9.9e+00 3.47e-02  1e-02  4e-02 1:19.8
  117   1287 1.230111169895880e-01 1.2e+01 2.17e-02  8e-03  2e-02 1:33.4
  135   1485 1.225560384803741e-01 2.1e+01 3.83e-02  1e-02  6e-02 1:47.7
  154   1694 1.220044906394480e-01 3.0e+01 4.68e-02  2e-02  1e-01 2:02.9
  175   1925 1.211423518802998e-01 3.1e+01 2.68e-02  8e-03  6e-02 2:19.7
  197   2167 1.193558618094446e-01 3.3e+01 7.88e-02  2e-02  1e-01 2:37.3
  200   2200 1.183042377610406e-01 3.3e+01 7.30e-02  2e-02  1e-01 2:39.7
  224   2464 1.132774768612060e-01 3.4e+01 1.08e-01  2e-02  2e-01 2:58.8
  250   2750 1.056086480881927e-01 2.8e+01 1.62e-01  3e-02  2e-01 3:19.6
  277   3047 9.967750873167391e-02 3.1e+01 6.11e-02  1e-02  6e-02 3:41.2
  300   3300 9.396983607351364e-02 2.9e+01 1.98e-01  3e-02  2e-01 3:59.5
  329   3619 8.853745553597586e-02 3.2e+01 1.28e-01  2e-02  1e-01 4:22.7
  360   3960 6.322525250520435e-02 4.0e+01 3.72e-01  4e-02  5e-01 4:47.4
  392   4312 6.099945375708941e-02 4.0e+01 6.65e-02  5e-03  6e-02 5:13.0
  400   4400 6.088539811916445e-02 3.9e+01 5.89e-02  4e-03  5e-02 5:19.4
  434   4774 6.018295868418407e-02 4.5e+01 7.52e-02  4e-03  5e-02 5:46.6
  470   5170 5.924981219441822e-02 4.4e+01 2.13e-01  9e-03  1e-01 6:15.3
  500   5500 5.829193135424592e-02 3.1e+01 9.59e-02  3e-03  4e-02 6:39.2
  538   5918 5.823792300056281e-02 2.6e+01 9.21e-03  2e-04  2e-03 7:09.6
  577   6347 5.823781656579916e-02 2.7e+01 8.76e-04  2e-05  2e-04 7:40.7
  600   6600 5.823781558069475e-02 2.6e+01 1.72e-04  3e-06  3e-05 7:59.1
  642   7062 5.823781556349485e-02 3.1e+01 7.48e-06  1e-07  9e-07 8:32.6
  648   7128 5.823781556349014e-02 3.1e+01 4.44e-06  6e-08  5e-07 8:37.4
termination on tolfun=1e-11 (Fri Nov 27 12:41:11 2020)
final/bestever f-value = 5.823782e-02 5.823782e-02
incumbent solution: [ 3.68031417 -4.76533158 -0.78427409 -0.47777101  3.13482122 -1.37941627
  3.48387336 -7.41281514 ...]
std deviations: [1.05763865e-07 4.90195738e-07 8.84375179e-08 1.08906461e-07
 3.89537402e-07 5.72886132e-08 1.85641470e-07 3.18212413e-07 ...]
cma
(5_w,11)-aCMA-ES (mu_w=3.4,w_1=42%) in dimension 11 (seed=574066, Fri Nov 27 12:41:11 2020)
Iterat #Fevals   function value  axis ratio  sigma  min&max std  t[m:s]
    1     11 3.230624805785192e-01 1.0e+00 8.96e-01  9e-01  9e-01 0:00.8
    2     22 5.385184911012435e-01 1.1e+00 8.02e-01  8e-01  8e-01 0:01.6
    3     33 9.215580491336111e-01 1.2e+00 8.11e-01  8e-01  8e-01 0:02.4
    7     77 7.082124142759152e-01 1.4e+00 7.97e-01  7e-01  8e-01 0:05.6
   13    143 3.446183085045163e-01 1.7e+00 6.11e-01  6e-01  6e-01 0:10.3
   20    220 4.312948329977487e-01 1.9e+00 4.80e-01  4e-01  5e-01 0:15.9
   28    308 2.030945666751691e-01 2.2e+00 3.04e-01  3e-01  3e-01 0:22.3
   37    407 1.530780693795515e-01 3.3e+00 3.18e-01  3e-01  4e-01 0:29.5
   48    528 1.402293559910584e-01 3.8e+00 2.61e-01  2e-01  3e-01 0:38.2
   60    660 1.344645643798157e-01 4.7e+00 1.66e-01  1e-01  2e-01 0:47.8
   73    803 1.265434745946574e-01 5.9e+00 9.81e-02  6e-02  1e-01 0:58.1
   87    957 1.237506975644822e-01 7.9e+00 5.09e-02  2e-02  5e-02 1:09.3
  100   1100 1.236332365011101e-01 1.1e+01 3.11e-02  1e-02  4e-02 1:19.7
  117   1287 1.234922673202798e-01 1.5e+01 2.09e-02  7e-03  3e-02 1:33.2
  135   1485 1.234129814072528e-01 2.0e+01 1.09e-02  3e-03  1e-02 1:47.6
  154   1694 1.229947241499742e-01 4.0e+01 4.77e-02  2e-02  9e-02 2:02.7
  175   1925 1.213451732733064e-01 4.2e+01 6.88e-02  2e-02  1e-01 2:19.4
  197   2167 1.191459810155983e-01 5.4e+01 5.99e-02  1e-02  9e-02 2:37.0
  200   2200 1.187914362857617e-01 5.5e+01 4.91e-02  1e-02  8e-02 2:39.4
  224   2464 1.171517903217955e-01 5.7e+01 7.00e-02  1e-02  1e-01 2:58.5
  250   2750 1.170411490300869e-01 4.6e+01 1.64e-02  2e-03  2e-02 3:19.2
  277   3047 1.170022016622988e-01 5.0e+01 2.43e-02  3e-03  3e-02 3:40.7
  300   3300 1.169382219956650e-01 8.2e+01 2.62e-02  4e-03  4e-02 3:59.1
  329   3619 1.168660845639616e-01 1.2e+02 3.44e-02  4e-03  7e-02 4:22.2
  360   3960 1.167736422379272e-01 7.3e+01 5.99e-02  7e-03  6e-02 4:46.8
  392   4312 1.166941799260046e-01 5.3e+01 4.99e-02  4e-03  4e-02 5:12.3
  400   4400 1.166737527199246e-01 4.8e+01 5.11e-02  4e-03  3e-02 5:18.7
  434   4774 1.165944926744941e-01 4.4e+01 3.95e-02  2e-03  2e-02 5:45.8
  470   5170 1.165003732642458e-01 7.3e+01 4.81e-02  3e-03  3e-02 6:14.5
  500   5500 1.164537941746353e-01 6.4e+01 6.40e-02  3e-03  4e-02 6:38.4
  538   5918 1.164342508789542e-01 7.9e+01 5.03e-02  2e-03  3e-02 7:08.6
  577   6347 1.162929106640656e-01 9.3e+01 1.63e-01  4e-03  1e-01 7:39.7
  600   6600 1.159709247128101e-01 7.3e+01 1.79e-01  4e-03  8e-02 7:58.0
  642   7062 1.087463812553644e-01 4.1e+01 5.86e-01  1e-02  2e-01 8:31.5
  685   7535 1.062813145168948e-01 1.7e+01 2.00e-01  3e-03  2e-02 9:05.8
  700   7700 1.058154223692148e-01 1.5e+01 3.67e-01  8e-03  4e-02 9:17.7
  746   8206 1.031258272572000e-01 1.7e+01 5.70e-01  1e-02  5e-02 9:54.4
  793   8723 1.027372157247385e-01 1.8e+01 2.50e-01  4e-03  2e-02 10:31.8
  800   8800 1.027181840067967e-01 2.2e+01 1.94e-01  3e-03  1e-02 10:37.4
  849   9339 1.026527973348823e-01 4.3e+01 2.44e-01  2e-03  2e-02 11:16.5
  900   9900 1.026106853421926e-01 1.4e+02 2.57e-01  2e-03  4e-02 11:57.1
  952  10472 1.025857696015989e-01 9.5e+01 1.90e-01  8e-04  2e-02 12:38.6
 1000  11000 1.025835325217542e-01 1.0e+02 7.38e-02  2e-04  6e-03 13:16.8
Iterat #Fevals   function value  axis ratio  sigma  min&max std  t[m:s]
 1054  11594 1.025834408834562e-01 1.2e+02 2.55e-03  5e-06  1e-04 13:59.9
 1100  12100 1.025834408476214e-01 1.3e+02 1.21e-04  2e-07  5e-06 14:36.5
 1104  12144 1.025834408476035e-01 1.4e+02 9.05e-05  1e-07  4e-06 14:39.7
termination on tolfun=1e-11 (Fri Nov 27 12:55:53 2020)
final/bestever f-value = 1.025834e-01 1.025834e-01
incumbent solution: [ 3.40419331 -1.22257133 -2.56422022 -0.15152578  1.00762612 -1.83827625
 -0.72709243 -4.0375544  ...]
std deviations: [1.05885108e-06 3.67031616e-06 1.94302050e-06 1.03551092e-06
 3.29559301e-06 2.30352225e-06 3.69919602e-07 1.09014642e-06 ...]
cma
(5_w,11)-aCMA-ES (mu_w=3.4,w_1=42%) in dimension 14 (seed=587813, Fri Nov 27 12:55:53 2020)
Iterat #Fevals   function value  axis ratio  sigma  min&max std  t[m:s]
    1     11 1.093980961136557e+00 1.0e+00 9.35e-01  9e-01  9e-01 0:00.9
    2     22 7.838184468765290e-01 1.1e+00 8.89e-01  9e-01  9e-01 0:01.8
    3     33 6.166133329407418e-01 1.1e+00 8.52e-01  8e-01  9e-01 0:02.7
    7     77 2.848120775707634e-01 1.3e+00 7.69e-01  7e-01  8e-01 0:06.3
   12    132 6.262575792754388e-01 1.4e+00 5.86e-01  5e-01  6e-01 0:10.7
   18    198 3.733697811091823e-01 1.5e+00 5.12e-01  4e-01  5e-01 0:16.1
   25    275 3.807615431134134e-01 1.8e+00 4.72e-01  4e-01  5e-01 0:22.3
   33    363 2.969108729481808e-01 2.0e+00 4.37e-01  4e-01  5e-01 0:29.5
   42    462 1.928994354185496e-01 2.5e+00 2.91e-01  2e-01  3e-01 0:37.5
   53    583 1.363193446208198e-01 2.9e+00 1.77e-01  1e-01  2e-01 0:47.3
   65    715 1.311186150741719e-01 3.2e+00 1.31e-01  1e-01  1e-01 0:58.1
   78    858 1.257239283053223e-01 3.7e+00 6.82e-02  5e-02  7e-02 1:09.7
   92   1012 1.243456608087491e-01 4.4e+00 3.98e-02  2e-02  4e-02 1:22.2
  100   1100 1.238200631562246e-01 4.9e+00 3.54e-02  2e-02  4e-02 1:29.3
  116   1276 1.229655733975940e-01 6.1e+00 2.38e-02  1e-02  3e-02 1:43.6
  133   1463 1.215178300837819e-01 9.5e+00 4.07e-02  2e-02  5e-02 1:58.8
  151   1661 1.180208990201931e-01 1.2e+01 8.20e-02  4e-02  1e-01 2:14.9
  171   1881 1.119614335645274e-01 1.4e+01 7.17e-02  3e-02  9e-02 2:32.7
  192   2112 9.425852697559083e-02 1.4e+01 1.10e-01  4e-02  1e-01 2:51.5
  200   2200 8.093289171482346e-02 1.6e+01 1.48e-01  6e-02  2e-01 2:58.7
  223   2453 6.872534158067395e-02 1.3e+01 6.15e-02  2e-02  7e-02 3:19.2
  247   2717 6.739304950588026e-02 1.1e+01 2.96e-02  1e-02  3e-02 3:40.7
  272   2992 6.642376440768144e-02 1.2e+01 2.97e-02  9e-03  3e-02 4:03.1
  298   3278 6.604991786741617e-02 1.6e+01 1.91e-02  5e-03  2e-02 4:26.3
  300   3300 6.603046621036232e-02 1.7e+01 1.98e-02  6e-03  2e-02 4:28.1
  328   3608 6.360968328436717e-02 2.1e+01 6.83e-02  2e-02  9e-02 4:53.1
  358   3938 6.191452717175733e-02 1.7e+01 2.24e-02  5e-03  2e-02 5:19.9
  389   4279 6.185403486796300e-02 1.4e+01 8.93e-03  2e-03  6e-03 5:47.7
  400   4400 6.184615241544129e-02 1.5e+01 7.79e-03  1e-03  5e-03 5:57.5
  433   4763 6.175009639902893e-02 1.8e+01 1.34e-02  2e-03  1e-02 6:26.9
  467   5137 6.123184019284481e-02 3.4e+01 5.87e-02  9e-03  6e-02 6:57.3
  500   5500 5.994106816214682e-02 3.6e+01 6.60e-02  1e-02  7e-02 7:26.8
  536   5896 5.792262112626119e-02 3.1e+01 6.35e-02  8e-03  6e-02 7:58.9
  573   6303 5.636223361447798e-02 2.7e+01 5.19e-02  6e-03  4e-02 8:32.0
  600   6600 5.499586770176388e-02 2.6e+01 7.41e-02  7e-03  5e-02 8:56.1
  640   7040 5.385836771127656e-02 3.0e+01 4.98e-02  4e-03  4e-02 9:31.9
  681   7491 5.343427885579478e-02 3.6e+01 4.39e-02  3e-03  4e-02 10:08.4
  700   7700 5.336273271649981e-02 3.5e+01 3.27e-02  2e-03  3e-02 10:25.4
  743   8173 5.332844289064619e-02 4.0e+01 1.23e-02  8e-04  9e-03 11:03.9
  787   8657 5.332503112278873e-02 4.7e+01 4.10e-03  2e-04  3e-03 11:43.2
  800   8800 5.332474721618848e-02 4.9e+01 3.98e-03  2e-04  3e-03 11:54.8
  846   9306 5.332454223673818e-02 5.9e+01 6.94e-04  3e-05  5e-04 12:35.9
  893   9823 5.332453980679693e-02 6.8e+01 6.31e-05  2e-06  4e-05 13:17.9
  900   9900 5.332453979904320e-02 7.0e+01 4.03e-05  1e-06  2e-05 13:24.2
  942  10362 5.332453979411553e-02 7.4e+01 4.96e-06  1e-07  2e-06 14:01.7
termination on tolfun=1e-11 (Fri Nov 27 13:09:56 2020)
final/bestever f-value = 5.332454e-02 5.332454e-02
incumbent solution: [ 2.99896679 -1.76073827  1.00049743  0.03646617 -2.90172063 -0.88371637
  1.02608821 -3.04938611 ...]
std deviations: [1.79736173e-07 1.40504420e-06 2.91056786e-07 5.59138392e-07
 2.49195356e-06 5.63952311e-07 6.18242983e-07 1.32496827e-06 ...]
cma
(5_w,11)-aCMA-ES (mu_w=3.4,w_1=42%) in dimension 14 (seed=549702, Fri Nov 27 13:09:57 2020)
Iterat #Fevals   function value  axis ratio  sigma  min&max std  t[m:s]
    1     11 8.294501891585648e-01 1.0e+00 9.02e-01  9e-01  9e-01 0:00.9
    2     22 5.534028848134700e-01 1.1e+00 9.18e-01  9e-01  1e+00 0:01.8
    3     33 4.416227142858110e-01 1.2e+00 9.02e-01  9e-01  1e+00 0:02.7
    7     77 5.652329291046075e-01 1.4e+00 1.03e+00  1e+00  1e+00 0:06.3
   12    132 3.993085492245740e-01 1.7e+00 1.06e+00  1e+00  1e+00 0:10.7
   18    198 4.221933996232485e-01 1.8e+00 9.33e-01  8e-01  1e+00 0:16.1
   25    275 8.605965258771305e-01 1.9e+00 8.78e-01  8e-01  9e-01 0:22.3
   33    363 6.630903902581377e-01 2.2e+00 8.60e-01  8e-01  9e-01 0:29.5
   42    462 9.278225238671896e-01 2.3e+00 9.08e-01  8e-01  1e+00 0:37.5
   53    583 3.732132922845258e-01 2.3e+00 5.97e-01  5e-01  6e-01 0:47.4
   65    715 1.932857657088795e-01 2.4e+00 4.52e-01  4e-01  5e-01 0:58.1
   78    858 1.447380867917441e-01 2.7e+00 2.88e-01  2e-01  3e-01 1:09.7
   92   1012 1.228547766072447e-01 3.0e+00 1.32e-01  1e-01  2e-01 1:22.3
  100   1100 1.118814670997244e-01 3.5e+00 8.34e-02  6e-02  1e-01 1:29.4
  116   1276 1.057992985439976e-01 4.0e+00 4.44e-02  3e-02  5e-02 1:43.7
  133   1463 1.044196393014488e-01 5.0e+00 3.65e-02  3e-02  4e-02 1:58.9
  151   1661 1.033789566953909e-01 6.4e+00 3.15e-02  2e-02  3e-02 2:15.0
  171   1881 1.031491742778302e-01 8.6e+00 2.09e-02  1e-02  2e-02 2:32.8
  192   2112 1.029633479642037e-01 1.1e+01 1.52e-02  9e-03  2e-02 2:51.6
  200   2200 1.028587515416175e-01 1.2e+01 1.73e-02  1e-02  2e-02 2:58.7
  223   2453 1.025115419135978e-01 2.3e+01 1.74e-02  9e-03  3e-02 3:19.3
  247   2717 1.024632196225396e-01 2.4e+01 6.89e-03  4e-03  1e-02 3:40.8
  272   2992 1.024535459384913e-01 2.5e+01 4.75e-03  3e-03  6e-03 4:03.1
  298   3278 1.024195891815726e-01 4.1e+01 8.60e-03  5e-03  2e-02 4:26.3
  300   3300 1.024155848098891e-01 4.2e+01 9.03e-03  5e-03  2e-02 4:28.1
  329   3619 1.023653759718440e-01 6.8e+01 1.03e-02  6e-03  3e-02 4:54.0
  359   3949 1.023295758151407e-01 6.9e+01 1.29e-02  7e-03  4e-02 5:20.8
  390   4290 1.022996099367624e-01 6.3e+01 9.85e-03  4e-03  2e-02 5:48.5
  400   4400 1.022896621921939e-01 5.8e+01 1.25e-02  5e-03  3e-02 5:57.4
  433   4763 1.022508826893391e-01 6.6e+01 1.87e-02  7e-03  4e-02 6:26.9
  467   5137 1.022071847707153e-01 5.6e+01 2.02e-02  7e-03  3e-02 6:57.2
  500   5500 1.021732277251348e-01 4.7e+01 1.21e-02  3e-03  1e-02 7:26.7
  536   5896 1.021285309947899e-01 6.6e+01 1.99e-02  5e-03  3e-02 7:58.8
  573   6303 1.020997110883043e-01 7.0e+01 1.90e-02  4e-03  3e-02 8:31.9
  600   6600 1.020861141001140e-01 7.2e+01 1.25e-02  3e-03  2e-02 8:55.9
  640   7040 1.020748390214936e-01 8.9e+01 9.45e-03  2e-03  1e-02 9:31.7
  681   7491 1.020645017681408e-01 8.6e+01 9.05e-03  2e-03  1e-02 10:08.3
  700   7700 1.020609478992665e-01 9.4e+01 1.25e-02  2e-03  1e-02 10:25.2
  743   8173 1.020527117526694e-01 9.0e+01 1.19e-02  2e-03  8e-03 11:03.6
  787   8657 1.020512416416882e-01 8.6e+01 6.74e-03  1e-03  4e-03 11:42.9
  800   8800 1.020508706873304e-01 8.8e+01 4.51e-03  6e-04  2e-03 11:54.5
  846   9306 1.020497085024022e-01 1.1e+02 1.06e-02  1e-03  5e-03 12:35.6
  894   9834 1.020463533287270e-01 1.1e+02 1.24e-02  1e-03  6e-03 13:18.4
  900   9900 1.020456071348340e-01 1.1e+02 1.44e-02  2e-03  7e-03 13:23.8
  950  10450 1.020411479523773e-01 1.3e+02 1.44e-02  1e-03  8e-03 14:08.5
 1000  11000 1.020367218797699e-01 1.9e+02 2.37e-02  2e-03  2e-02 14:53.1
Iterat #Fevals   function value  axis ratio  sigma  min&max std  t[m:s]
 1052  11572 1.020324069827902e-01 1.6e+02 3.70e-02  2e-03  2e-02 15:39.5
 1100  12100 1.020247776847290e-01 1.7e+02 2.85e-02  1e-03  2e-02 16:22.4
 1154  12694 1.020148004142995e-01 2.3e+02 5.13e-02  2e-03  3e-02 17:10.5
 1200  13200 1.020040951454382e-01 2.0e+02 6.55e-02  2e-03  3e-02 17:51.6
 1256  13816 1.019890756880057e-01 1.9e+02 4.96e-02  1e-03  2e-02 18:41.6
 1300  14300 1.019706175767453e-01 1.4e+02 1.41e-01  2e-03  4e-02 19:20.9
 1359  14949 1.018695443777392e-01 1.4e+02 1.86e-01  2e-03  3e-02 20:13.6
 1400  15400 1.017556487938403e-01 1.3e+02 2.90e-01  3e-03  4e-02 20:50.2
 1461  16071 9.853060586351009e-02 1.7e+02 9.86e-01  8e-03  2e-01 21:44.7
 1500  16500 9.235971479962871e-02 1.2e+02 1.24e+00  1e-02  2e-01 22:19.5
 1563  17193 8.349370547149514e-02 5.9e+01 1.21e+00  1e-02  1e-01 23:15.7
 1600  17600 7.990857377756434e-02 4.1e+01 2.52e+00  2e-02  1e-01 23:48.5
 1666  18326 7.046751883844424e-02 3.8e+01 4.84e+00  3e-02  3e-01 24:46.7
 1700  18700 6.619146218257754e-02 3.9e+01 3.02e+00  2e-02  2e-01 25:16.7
 1769  19459 5.575833425354958e-02 3.8e+01 3.79e+00  2e-02  1e-01 26:17.5
 1800  19800 5.419637665136869e-02 2.9e+01 3.13e+00  1e-02  8e-02 26:44.8
 1871  20581 5.324062366411687e-02 2.9e+01 1.28e+00  4e-03  3e-02 27:47.4
 1900  20900 5.304492283710721e-02 3.5e+01 9.84e-01  3e-03  2e-02 28:13.0
 1973  21703 5.289417710057589e-02 5.8e+01 9.53e-01  2e-03  3e-02 29:17.4
 2000  22000 5.261756904912627e-02 9.0e+01 3.64e+00  7e-03  2e-01 29:41.2
Iterat #Fevals   function value  axis ratio  sigma  min&max std  t[m:s]
 2075  22825 5.137945969058872e-02 5.0e+01 2.61e+00  4e-03  5e-02 30:47.5
 2100  23100 5.115978242275503e-02 5.0e+01 3.34e+00  4e-03  5e-02 31:09.5
 2178  23958 3.622517864852060e-02 4.4e+01 9.04e+00  9e-03  1e-01 32:18.0
 2200  24200 3.501118049650982e-02 3.9e+01 8.44e+00  8e-03  9e-02 32:37.1
 2281  25091 3.455427625686509e-02 3.3e+01 2.67e+00  2e-03  2e-02 33:47.6
 2300  25300 3.453723216548001e-02 3.8e+01 1.59e+00  9e-04  1e-02 34:04.1
 2383  26213 3.453144049798846e-02 4.4e+01 1.46e-01  5e-05  7e-04 35:16.1
 2400  26400 3.453142778984858e-02 4.4e+01 8.18e-02  3e-05  4e-04 35:30.8
 2486  27346 3.453142437635944e-02 5.0e+01 1.30e-03  3e-07  5e-06 36:45.4
 2500  27500 3.453142437607076e-02 5.2e+01 6.70e-04  1e-07  2e-06 36:57.6
 2505  27555 3.453142437606271e-02 5.4e+01 4.61e-04  9e-08  2e-06 37:01.9
termination on tolfun=1e-11 (Fri Nov 27 13:47:02 2020)
final/bestever f-value = 3.453142e-02 3.453142e-02
incumbent solution: [-6.12422232 -6.10696371  8.4681815   0.14489634 -2.16659478  1.25373093
  3.16206377 -2.28100542 ...]
std deviations: [3.35833128e-07 8.22707589e-07 6.59352953e-07 2.83256093e-07
 1.58339232e-06 4.37047698e-07 1.25515429e-07 1.03280494e-06 ...]
cma
(6_w,12)-aCMA-ES (mu_w=3.7,w_1=40%) in dimension 17 (seed=540787, Fri Nov 27 13:47:03 2020)
Iterat #Fevals   function value  axis ratio  sigma  min&max std  t[m:s]
    1     12 3.629176020099198e-01 1.0e+00 9.13e-01  9e-01  9e-01 0:01.0
    2     24 5.090373956184808e-01 1.1e+00 8.61e-01  8e-01  9e-01 0:02.1
    3     36 1.062293079378745e+00 1.1e+00 8.41e-01  8e-01  9e-01 0:03.1
    6     72 3.394625139225855e-01 1.3e+00 8.58e-01  8e-01  9e-01 0:06.3
   10    120 6.024104235040258e-01 1.3e+00 7.13e-01  7e-01  7e-01 0:10.4
   15    180 2.762554135851293e-01 1.4e+00 5.99e-01  6e-01  6e-01 0:15.7
   21    252 4.655925365259992e-01 1.5e+00 4.96e-01  4e-01  5e-01 0:21.9
   28    336 2.690376950499720e-01 1.7e+00 3.28e-01  3e-01  3e-01 0:29.2
   36    432 1.660967881564150e-01 1.8e+00 2.20e-01  2e-01  2e-01 0:37.6
   45    540 1.455829988927055e-01 2.1e+00 1.81e-01  2e-01  2e-01 0:47.0
   55    660 1.540367772855121e-01 2.6e+00 1.58e-01  1e-01  2e-01 0:57.5
   66    792 1.363077324040687e-01 3.1e+00 9.43e-02  8e-02  1e-01 1:09.0
   78    936 1.192452999468957e-01 3.7e+00 5.84e-02  5e-02  6e-02 1:21.5
   91   1092 1.176874650098760e-01 4.2e+00 4.32e-02  3e-02  5e-02 1:35.1
  100   1200 1.167834803824701e-01 4.7e+00 3.71e-02  3e-02  4e-02 1:44.6
  115   1380 1.146341822394491e-01 5.7e+00 2.11e-02  2e-02  2e-02 2:00.3
  131   1572 1.124584007476397e-01 7.7e+00 2.56e-02  2e-02  3e-02 2:17.0
  148   1776 1.060800018677769e-01 1.2e+01 4.67e-02  3e-02  6e-02 2:34.8
  166   1992 9.665626813502230e-02 1.1e+01 7.50e-02  5e-02  1e-01 2:53.6
  185   2220 8.889858297454559e-02 1.0e+01 3.69e-02  2e-02  4e-02 3:13.5
  200   2400 8.702648616899290e-02 9.8e+00 2.77e-02  2e-02  3e-02 3:29.2
  221   2652 8.173132980888730e-02 1.4e+01 5.80e-02  3e-02  9e-02 3:51.2
  243   2916 7.497350754655675e-02 1.7e+01 5.40e-02  3e-02  1e-01 4:14.2
  265   3180 7.170195159894754e-02 1.7e+01 3.53e-02  2e-02  6e-02 4:37.2
  288   3456 6.683737401776862e-02 2.2e+01 6.79e-02  3e-02  1e-01 5:01.3
  300   3600 6.513295073631710e-02 2.2e+01 5.40e-02  2e-02  1e-01 5:13.9
  325   3900 6.235566798781404e-02 2.4e+01 5.12e-02  2e-02  1e-01 5:40.0
  351   4212 6.119120587977966e-02 2.4e+01 1.82e-02  6e-03  4e-02 6:07.2
  378   4536 6.077243216616353e-02 2.6e+01 1.94e-02  6e-03  4e-02 6:35.5
  400   4800 6.054668873859579e-02 2.5e+01 1.42e-02  4e-03  3e-02 6:58.6
  429   5148 5.903661463766646e-02 3.3e+01 5.31e-02  1e-02  1e-01 7:28.9
  459   5508 5.704092258205469e-02 4.5e+01 3.95e-02  9e-03  8e-02 8:00.3
  490   5880 5.574384828088507e-02 4.5e+01 6.51e-02  1e-02  1e-01 8:32.8
  500   6000 5.533974077446915e-02 4.3e+01 4.33e-02  8e-03  8e-02 8:43.2
  533   6396 5.376421186304806e-02 3.4e+01 4.59e-02  8e-03  6e-02 9:17.7
  567   6804 5.205190913045531e-02 2.7e+01 5.04e-02  8e-03  7e-02 9:53.3
  600   7200 5.057891371035087e-02 2.6e+01 4.32e-02  7e-03  5e-02 10:27.9
  636   7632 4.932085597303802e-02 3.0e+01 4.07e-02  6e-03  5e-02 11:05.4
  673   8076 4.880484261295442e-02 3.1e+01 4.80e-02  7e-03  7e-02 11:44.0
  700   8400 4.794560844146801e-02 3.9e+01 6.66e-02  8e-03  1e-01 12:12.1
  739   8868 4.444964102604020e-02 4.1e+01 8.35e-02  1e-02  1e-01 12:52.7
  779   9348 4.405444681055520e-02 3.8e+01 1.85e-02  2e-03  3e-02 13:34.4
  800   9600 4.401843928748393e-02 3.4e+01 1.09e-02  1e-03  1e-02 13:56.3
  842  10104 4.401135499721930e-02 3.2e+01 2.27e-03  2e-04  2e-03 14:40.0
  885  10620 4.401039751748462e-02 3.1e+01 2.16e-03  2e-04  2e-03 15:24.8
  900  10800 4.401000933402788e-02 3.4e+01 2.35e-03  2e-04  2e-03 15:40.4
  945  11340 4.400547827142207e-02 9.7e+01 5.38e-03  3e-04  1e-02 16:27.0
  991  11892 4.397599090685132e-02 1.8e+02 1.98e-02  1e-03  7e-02 17:14.1
 1000  12000 4.397512639662095e-02 1.7e+02 1.51e-02  8e-04  5e-02 17:23.4
Iterat #Fevals   function value  axis ratio  sigma  min&max std  t[m:s]
 1048  12576 4.395888397105706e-02 1.4e+02 1.27e-02  6e-04  3e-02 18:12.4
 1098  13176 4.394864291970359e-02 1.2e+02 6.33e-03  3e-04  1e-02 19:03.3
 1100  13200 4.394843071466176e-02 1.2e+02 5.98e-03  2e-04  1e-02 19:05.3
 1152  13824 4.394777613445996e-02 1.1e+02 1.16e-03  4e-05  2e-03 19:58.3
 1200  14400 4.394775399361899e-02 1.2e+02 4.97e-04  2e-05  6e-04 20:47.2
 1254  15048 4.394774792980827e-02 1.2e+02 3.74e-04  1e-05  4e-04 21:42.2
 1300  15600 4.394768645678616e-02 1.2e+02 2.42e-03  6e-05  2e-03 22:29.1
 1355  16260 4.394720631609086e-02 1.8e+02 3.80e-03  8e-05  5e-03 23:25.1
 1400  16800 4.394683337740005e-02 2.1e+02 4.19e-03  8e-05  5e-03 24:11.0
 1483  17796 4.394567976138937e-02 2.9e+02 6.87e-03  1e-04  9e-03 25:09.1
 1500  18000 4.394543642739351e-02 3.0e+02 7.46e-03  1e-04  1e-02 25:18.5
 1600  19200 4.394372099582672e-02 4.4e+02 1.16e-02  1e-04  2e-02 26:13.8
 1700  20400 4.394117602346658e-02 4.1e+02 1.52e-02  2e-04  2e-02 27:09.1
 1800  21600 4.393909520522842e-02 3.6e+02 1.09e-02  1e-04  1e-02 28:04.4
 1900  22800 4.393325200916123e-02 1.8e+02 3.43e-02  3e-04  2e-02 28:59.7
 2000  24000 4.391301682011312e-02 1.5e+02 6.38e-02  5e-04  1e-02 29:55.0
Iterat #Fevals   function value  axis ratio  sigma  min&max std  t[m:s]
 2100  25200 4.381736833247905e-02 1.3e+02 1.73e-01  1e-03  3e-02 30:50.3
 2200  26400 4.360437326104089e-02 2.1e+02 1.87e-01  1e-03  4e-02 31:45.3
 2300  27600 4.358798094840180e-02 1.8e+02 7.77e-02  3e-04  1e-02 32:40.1
 2400  28800 4.348479959445977e-02 1.6e+02 4.93e-01  2e-03  6e-02 33:34.9
 2500  30000 4.247733636804398e-02 8.0e+01 1.74e+00  5e-03  1e-01 34:29.8
 2600  31200 3.735757665032513e-02 4.7e+01 1.46e+00  3e-03  6e-02 35:24.6
 2700  32400 3.638415234895450e-02 3.8e+01 1.59e+00  4e-03  4e-02 36:19.3
 2800  33600 3.632472716539022e-02 3.8e+01 2.05e-02  3e-05  4e-04 37:14.2
 2900  34800 3.632472231935492e-02 3.7e+01 1.04e-04  1e-07  1e-06 38:08.9
 2913  34956 3.632472231932763e-02 3.8e+01 4.88e-05  6e-08  6e-07 38:16.1
termination on tolfun=1e-11 (Fri Nov 27 14:25:23 2020)
final/bestever f-value = 3.632472e-02 3.632472e-02
incumbent solution: [ 2.29358171  1.95417261  1.42838884  0.42789383 -3.80187301 -0.94322456
 -0.03724688 -3.62933335 ...]
std deviations: [5.73042368e-08 2.42640450e-07 1.20912486e-07 8.42672234e-08
 4.34690976e-07 7.99539719e-08 1.17846456e-07 4.49337622e-07 ...]
cma
(6_w,12)-aCMA-ES (mu_w=3.7,w_1=40%) in dimension 17 (seed=563541, Fri Nov 27 14:25:23 2020)
Iterat #Fevals   function value  axis ratio  sigma  min&max std  t[m:s]
    1     12 4.394922752685070e-01 1.0e+00 9.27e-01  9e-01  9e-01 0:00.5
    2     24 6.355906043165048e-01 1.1e+00 9.09e-01  9e-01  9e-01 0:01.1
    3     36 9.475359539328058e-01 1.1e+00 8.54e-01  8e-01  9e-01 0:01.6
    9    108 4.789933532145584e-01 1.3e+00 6.74e-01  6e-01  7e-01 0:04.9
   17    204 3.690303724467646e-01 1.5e+00 5.24e-01  5e-01  5e-01 0:09.3
   27    324 2.800379489375633e-01 1.9e+00 4.63e-01  4e-01  5e-01 0:14.8
   38    456 2.961814913462959e-01 2.2e+00 4.29e-01  3e-01  4e-01 0:20.8
   51    612 1.847784906238803e-01 2.7e+00 2.94e-01  2e-01  3e-01 0:28.0
   66    792 1.797726541366298e-01 3.4e+00 2.56e-01  2e-01  3e-01 0:36.2
   83    996 1.357814367309805e-01 3.8e+00 1.48e-01  1e-01  2e-01 0:45.4
  100   1200 1.264682851056381e-01 4.2e+00 7.15e-02  6e-02  8e-02 0:54.7
  121   1452 1.250880334220748e-01 4.8e+00 4.74e-02  4e-02  5e-02 1:06.2
  143   1716 1.244581404230330e-01 5.9e+00 2.37e-02  2e-02  3e-02 1:18.2
  167   2004 1.237941250798098e-01 9.4e+00 3.12e-02  2e-02  3e-02 1:31.4
  193   2316 1.232580830368511e-01 1.5e+01 3.18e-02  2e-02  4e-02 1:45.6
  200   2400 1.230168926272466e-01 1.6e+01 3.57e-02  2e-02  4e-02 1:49.4
  230   2760 1.221576358633186e-01 1.8e+01 5.51e-02  3e-02  7e-02 2:05.8
  262   3144 1.200055132546411e-01 1.9e+01 5.30e-02  3e-02  7e-02 2:23.3
  295   3540 1.178254671206725e-01 2.5e+01 3.51e-02  2e-02  5e-02 2:41.4
  300   3600 1.177365540512336e-01 2.7e+01 3.62e-02  2e-02  5e-02 2:44.1
  337   4044 1.164334650066825e-01 3.0e+01 2.51e-02  1e-02  4e-02 3:04.4
  376   4512 9.704360222643624e-02 5.0e+01 1.03e-01  4e-02  2e-01 3:25.8
  400   4800 7.129046306469625e-02 3.9e+01 1.02e-01  4e-02  2e-01 3:38.9
  443   5316 5.536605342544953e-02 2.6e+01 5.71e-02  2e-02  7e-02 4:02.4
  487   5844 5.383819198986731e-02 2.1e+01 2.27e-02  8e-03  2e-02 4:26.5
  500   6000 5.319031550665630e-02 2.1e+01 3.32e-02  1e-02  3e-02 4:33.6
  548   6576 5.118525162654668e-02 3.1e+01 3.01e-02  1e-02  4e-02 4:59.9
  598   7176 5.060901928076456e-02 3.8e+01 2.89e-02  8e-03  4e-02 5:27.3
  600   7200 5.046289788668192e-02 3.7e+01 2.83e-02  8e-03  4e-02 5:28.4
  653   7836 4.991510640039475e-02 4.0e+01 3.39e-02  8e-03  5e-02 5:57.4
  700   8400 4.939367474809350e-02 4.2e+01 1.84e-02  4e-03  3e-02 6:23.1
  757   9084 4.913810021623251e-02 3.8e+01 2.94e-02  5e-03  4e-02 6:54.3
  800   9600 4.903243889555349e-02 3.8e+01 1.89e-02  3e-03  2e-02 7:17.9
  861  10332 4.894574517436791e-02 4.5e+01 6.05e-03  7e-04  8e-03 7:51.3
  900  10800 4.894367803914289e-02 5.0e+01 4.36e-03  5e-04  5e-03 8:12.6
  964  11568 4.893251777017565e-02 5.1e+01 1.22e-02  1e-03  1e-02 8:47.7
 1000  12000 4.892823452120875e-02 5.9e+01 5.10e-03  6e-04  5e-03 9:07.4
Iterat #Fevals   function value  axis ratio  sigma  min&max std  t[m:s]
 1068  12816 4.892784562729792e-02 6.8e+01 5.64e-04  6e-05  4e-04 9:44.7
 1100  13200 4.892784338438762e-02 7.0e+01 1.16e-04  1e-05  8e-05 10:02.2
 1169  14028 4.892784330806283e-02 8.4e+01 3.04e-06  2e-07  2e-06 10:40.1
/home/adrianps/Universal-Approximator/qibo_sim/classes/ApproximantNN.py:783: ComplexWarning: Casting complex values to real discards the imaginary part
  params[0, 0] = 1 / period * np.trapz(y, x)
/home/adrianps/Universal-Approximator/qibo_sim/classes/ApproximantNN.py:786: ComplexWarning: Casting complex values to real discards the imaginary part
  params[_, 0] = 2 / period * np.trapz(y * cos, x)
/home/adrianps/Universal-Approximator/qibo_sim/classes/ApproximantNN.py:788: ComplexWarning: Casting complex values to real discards the imaginary part
  params[_, 1] = 2 / period * np.trapz(y * sin, x)
/home/adrianps/Universal-Approximator/qibo_sim/classes/ApproximantNN.py:783: ComplexWarning: Casting complex values to real discards the imaginary part
  params[0, 0] = 1 / period * np.trapz(y, x)
/home/adrianps/Universal-Approximator/qibo_sim/classes/ApproximantNN.py:786: ComplexWarning: Casting complex values to real discards the imaginary part
  params[_, 0] = 2 / period * np.trapz(y * cos, x)
/home/adrianps/Universal-Approximator/qibo_sim/classes/ApproximantNN.py:788: ComplexWarning: Casting complex values to real discards the imaginary part
  params[_, 1] = 2 / period * np.trapz(y * sin, x)
/home/adrianps/Universal-Approximator/qibo_sim/classes/ApproximantNN.py:783: ComplexWarning: Casting complex values to real discards the imaginary part
  params[0, 0] = 1 / period * np.trapz(y, x)
/home/adrianps/Universal-Approximator/qibo_sim/classes/ApproximantNN.py:786: ComplexWarning: Casting complex values to real discards the imaginary part
  params[_, 0] = 2 / period * np.trapz(y * cos, x)
/home/adrianps/Universal-Approximator/qibo_sim/classes/ApproximantNN.py:788: ComplexWarning: Casting complex values to real discards the imaginary part
  params[_, 1] = 2 / period * np.trapz(y * sin, x)
/home/adrianps/Universal-Approximator/qibo_sim/classes/ApproximantNN.py:783: ComplexWarning: Casting complex values to real discards the imaginary part
  params[0, 0] = 1 / period * np.trapz(y, x)
/home/adrianps/Universal-Approximator/qibo_sim/classes/ApproximantNN.py:786: ComplexWarning: Casting complex values to real discards the imaginary part
  params[_, 0] = 2 / period * np.trapz(y * cos, x)
/home/adrianps/Universal-Approximator/qibo_sim/classes/ApproximantNN.py:788: ComplexWarning: Casting complex values to real discards the imaginary part
  params[_, 1] = 2 / period * np.trapz(y * sin, x)
/home/adrianps/Universal-Approximator/qibo_sim/classes/ApproximantNN.py:783: ComplexWarning: Casting complex values to real discards the imaginary part
  params[0, 0] = 1 / period * np.trapz(y, x)
/home/adrianps/Universal-Approximator/qibo_sim/classes/ApproximantNN.py:786: ComplexWarning: Casting complex values to real discards the imaginary part
  params[_, 0] = 2 / period * np.trapz(y * cos, x)
/home/adrianps/Universal-Approximator/qibo_sim/classes/ApproximantNN.py:788: ComplexWarning: Casting complex values to real discards the imaginary part
  params[_, 1] = 2 / period * np.trapz(y * sin, x)
/home/adrianps/Universal-Approximator/qibo_sim/classes/ApproximantNN.py:783: ComplexWarning: Casting complex values to real discards the imaginary part
  params[0, 0] = 1 / period * np.trapz(y, x)
/home/adrianps/Universal-Approximator/qibo_sim/classes/ApproximantNN.py:786: ComplexWarning: Casting complex values to real discards the imaginary part
  params[_, 0] = 2 / period * np.trapz(y * cos, x)
/home/adrianps/Universal-Approximator/qibo_sim/classes/ApproximantNN.py:788: ComplexWarning: Casting complex values to real discards the imaginary part
  params[_, 1] = 2 / period * np.trapz(y * sin, x)
/home/adrianps/Universal-Approximator/qibo_sim/classes/ApproximantNN.py:783: ComplexWarning: Casting complex values to real discards the imaginary part
  params[0, 0] = 1 / period * np.trapz(y, x)
/home/adrianps/Universal-Approximator/qibo_sim/classes/ApproximantNN.py:786: ComplexWarning: Casting complex values to real discards the imaginary part
  params[_, 0] = 2 / period * np.trapz(y * cos, x)
/home/adrianps/Universal-Approximator/qibo_sim/classes/ApproximantNN.py:788: ComplexWarning: Casting complex values to real discards the imaginary part
  params[_, 1] = 2 / period * np.trapz(y * sin, x)
/home/adrianps/Universal-Approximator/qibo_sim/classes/ApproximantNN.py:783: ComplexWarning: Casting complex values to real discards the imaginary part
  params[0, 0] = 1 / period * np.trapz(y, x)
/home/adrianps/Universal-Approximator/qibo_sim/classes/ApproximantNN.py:786: ComplexWarning: Casting complex values to real discards the imaginary part
  params[_, 0] = 2 / period * np.trapz(y * cos, x)
/home/adrianps/Universal-Approximator/qibo_sim/classes/ApproximantNN.py:788: ComplexWarning: Casting complex values to real discards the imaginary part
  params[_, 1] = 2 / period * np.trapz(y * sin, x)
/home/adrianps/Universal-Approximator/qibo_sim/classes/ApproximantNN.py:783: ComplexWarning: Casting complex values to real discards the imaginary part
  params[0, 0] = 1 / period * np.trapz(y, x)
/home/adrianps/Universal-Approximator/qibo_sim/classes/ApproximantNN.py:786: ComplexWarning: Casting complex values to real discards the imaginary part
  params[_, 0] = 2 / period * np.trapz(y * cos, x)
/home/adrianps/Universal-Approximator/qibo_sim/classes/ApproximantNN.py:788: ComplexWarning: Casting complex values to real discards the imaginary part
  params[_, 1] = 2 / period * np.trapz(y * sin, x)
/home/adrianps/Universal-Approximator/qibo_sim/classes/ApproximantNN.py:783: ComplexWarning: Casting complex values to real discards the imaginary part
  params[0, 0] = 1 / period * np.trapz(y, x)
/home/adrianps/Universal-Approximator/qibo_sim/classes/ApproximantNN.py:786: ComplexWarning: Casting complex values to real discards the imaginary part
  params[_, 0] = 2 / period * np.trapz(y * cos, x)
/home/adrianps/Universal-Approximator/qibo_sim/classes/ApproximantNN.py:788: ComplexWarning: Casting complex values to real discards the imaginary part
  params[_, 1] = 2 / period * np.trapz(y * sin, x)
/home/adrianps/Universal-Approximator/qibo_sim/classes/ApproximantNN.py:552: RuntimeWarning: More than 20 figures have been opened. Figures created through the pyplot interface (`matplotlib.pyplot.figure`) are retained until explicitly closed and may consume too much memory. (To control this warning, see the rcParam `figure.max_open_warning`).
  fig, axs = plt.subplots(nrows=2, figsize=(8,10))
/home/adrianps/Universal-Approximator/qibo_sim/classes/ApproximantNN.py:783: ComplexWarning: Casting complex values to real discards the imaginary part
  params[0, 0] = 1 / period * np.trapz(y, x)
/home/adrianps/Universal-Approximator/qibo_sim/classes/ApproximantNN.py:786: ComplexWarning: Casting complex values to real discards the imaginary part
  params[_, 0] = 2 / period * np.trapz(y * cos, x)
/home/adrianps/Universal-Approximator/qibo_sim/classes/ApproximantNN.py:788: ComplexWarning: Casting complex values to real discards the imaginary part
  params[_, 1] = 2 / period * np.trapz(y * sin, x)
/home/adrianps/Universal-Approximator/qibo_sim/classes/ApproximantNN.py:577: RuntimeWarning: More than 20 figures have been opened. Figures created through the pyplot interface (`matplotlib.pyplot.figure`) are retained until explicitly closed and may consume too much memory. (To control this warning, see the rcParam `figure.max_open_warning`).
  fig, axs = plt.subplots(nrows=2, figsize=(8,10))
/home/adrianps/Universal-Approximator/qibo_sim/classes/ApproximantNN.py:552: RuntimeWarning: More than 20 figures have been opened. Figures created through the pyplot interface (`matplotlib.pyplot.figure`) are retained until explicitly closed and may consume too much memory. (To control this warning, see the rcParam `figure.max_open_warning`).
  fig, axs = plt.subplots(nrows=2, figsize=(8,10))
/home/adrianps/Universal-Approximator/qibo_sim/classes/ApproximantNN.py:783: ComplexWarning: Casting complex values to real discards the imaginary part
  params[0, 0] = 1 / period * np.trapz(y, x)
/home/adrianps/Universal-Approximator/qibo_sim/classes/ApproximantNN.py:786: ComplexWarning: Casting complex values to real discards the imaginary part
  params[_, 0] = 2 / period * np.trapz(y * cos, x)
/home/adrianps/Universal-Approximator/qibo_sim/classes/ApproximantNN.py:788: ComplexWarning: Casting complex values to real discards the imaginary part
  params[_, 1] = 2 / period * np.trapz(y * sin, x)
/home/adrianps/Universal-Approximator/qibo_sim/classes/ApproximantNN.py:577: RuntimeWarning: More than 20 figures have been opened. Figures created through the pyplot interface (`matplotlib.pyplot.figure`) are retained until explicitly closed and may consume too much memory. (To control this warning, see the rcParam `figure.max_open_warning`).
  fig, axs = plt.subplots(nrows=2, figsize=(8,10))
termination on tolfun=1e-11 (Fri Nov 27 14:36:04 2020)
final/bestever f-value = 4.892784e-02 4.892784e-02
incumbent solution: [-0.31557236  1.78179463 -1.06030619  5.42649729  2.40894027 -2.68700598
  4.47954096 -2.39759135 ...]
std deviations: [2.39068118e-07 7.21247172e-07 2.63349664e-07 1.68312177e-06
 1.85183517e-06 3.36946113e-07 1.47028423e-06 1.44152163e-06 ...]
