cma
(3_w,6)-aCMA-ES (mu_w=2.0,w_1=63%) in dimension 2 (seed=532126, Fri Nov 27 15:27:04 2020)
Iterat #Fevals   function value  axis ratio  sigma  min&max std  t[m:s]
    1      6 5.547914593379960e-01 1.0e+00 8.68e-01  7e-01  9e-01 0:00.3
    2     12 3.685386956192393e-01 1.3e+00 7.77e-01  6e-01  7e-01 0:00.5
    3     18 3.706266068496493e-01 1.3e+00 7.11e-01  5e-01  6e-01 0:00.8
   15     90 3.612617310277338e-01 2.8e+00 1.23e-01  3e-02  5e-02 0:04.0
   30    180 3.611375078472315e-01 3.0e+00 8.69e-03  5e-04  8e-04 0:08.1
   49    294 3.611374887782358e-01 5.3e+00 3.82e-04  3e-06  7e-06 0:13.2
   66    396 3.611374887721486e-01 2.4e+00 1.03e-04  2e-07  4e-07 0:17.8
termination on tolfun=1e-11 (Fri Nov 27 15:27:22 2020)
final/bestever f-value = 3.611375e-01 3.611375e-01
incumbent solution: [-0.8138760074959651, 1.6343074073859207]
std deviation: [1.953042372774468e-07, 3.923609535646112e-07]
cma
(3_w,6)-aCMA-ES (mu_w=2.0,w_1=63%) in dimension 2 (seed=629954, Fri Nov 27 15:27:22 2020)
Iterat #Fevals   function value  axis ratio  sigma  min&max std  t[m:s]
    1      6 8.044631376087217e-01 1.0e+00 1.08e+00  9e-01  1e+00 0:00.3
    2     12 3.692329302396733e-01 1.5e+00 1.12e+00  8e-01  2e+00 0:00.5
    3     18 1.070133012776129e+00 2.1e+00 1.54e+00  1e+00  3e+00 0:00.8
   14     84 3.760405632441300e-01 2.1e+00 9.56e-01  4e-01  9e-01 0:03.8
   29    174 3.612377704233709e-01 1.8e+00 1.46e-01  2e-02  4e-02 0:07.9
   48    288 3.611374896602669e-01 3.6e+00 3.21e-03  6e-05  1e-04 0:13.0
   71    426 3.611374887721482e-01 2.8e+00 1.81e-04  5e-07  7e-07 0:19.3
   73    438 3.611374887721491e-01 2.9e+00 1.18e-04  3e-07  4e-07 0:19.8
termination on tolfun=1e-11 (Fri Nov 27 15:27:42 2020)
final/bestever f-value = 3.611375e-01 3.611375e-01
incumbent solution: [-2.327716747869811, -1.6343073284790122]
std deviation: [2.5183868748055214e-07, 3.7695328074198586e-07]
cma
(4_w,8)-aCMA-ES (mu_w=2.6,w_1=52%) in dimension 5 (seed=597177, Fri Nov 27 15:27:42 2020)
Iterat #Fevals   function value  axis ratio  sigma  min&max std  t[m:s]
    1      8 5.386588953993671e-01 1.0e+00 9.32e-01  9e-01  9e-01 0:00.4
    2     16 1.590310006665960e-01 1.1e+00 8.44e-01  8e-01  8e-01 0:00.9
    3     24 1.468126373890298e-01 1.3e+00 7.65e-01  6e-01  8e-01 0:01.3
   10     80 3.861939060570007e-02 1.9e+00 4.74e-01  3e-01  5e-01 0:04.3
   20    160 6.168064415963379e-02 2.8e+00 3.52e-01  2e-01  4e-01 0:08.7
   32    256 1.332516627883423e-02 3.9e+00 1.80e-01  7e-02  2e-01 0:13.9
   46    368 9.784901772093339e-03 6.8e+00 3.32e-02  7e-03  3e-02 0:19.9
   63    504 9.736706425746816e-03 9.3e+00 7.98e-03  1e-03  5e-03 0:27.3
   82    656 9.736324140864486e-03 9.8e+00 1.93e-03  1e-04  7e-04 0:35.5
  100    800 9.736307461149422e-03 8.9e+00 6.06e-04  3e-05  1e-04 0:43.3
  124    992 9.736306522991780e-03 8.2e+00 3.76e-05  8e-07  4e-06 0:53.7
  144   1152 9.736306522573639e-03 9.8e+00 9.56e-06  2e-07  7e-07 1:02.4
termination on tolfun=1e-11 (Fri Nov 27 15:28:45 2020)
final/bestever f-value = 9.736307e-03 9.736307e-03
incumbent solution: [0.7538342680393938, -1.54692346328798, -0.8850405983933043, -1.4451920381009864, 2.902165322127589]
std deviation: [1.6278204781689268e-07, 2.8504214338758503e-07, 1.6012663887367478e-07, 4.113955500831136e-07, 7.431655240028117e-07]
cma
(4_w,8)-aCMA-ES (mu_w=2.6,w_1=52%) in dimension 5 (seed=618505, Fri Nov 27 15:28:45 2020)
Iterat #Fevals   function value  axis ratio  sigma  min&max std  t[m:s]
    1      8 4.978661562310808e-01 1.0e+00 9.11e-01  9e-01  1e+00 0:00.4
    2     16 8.626210537175433e-01 1.4e+00 8.37e-01  7e-01  9e-01 0:00.9
    3     24 4.894323302255667e-01 1.3e+00 8.27e-01  7e-01  9e-01 0:01.3
   11     88 1.922639788810350e-01 2.0e+00 5.24e-01  4e-01  5e-01 0:04.7
   21    168 1.763742372599072e-02 2.8e+00 2.14e-01  1e-01  2e-01 0:09.1
   33    264 9.835541868754483e-03 4.6e+00 4.26e-02  1e-02  3e-02 0:14.2
   47    376 9.744760483789819e-03 6.6e+00 1.03e-02  2e-03  7e-03 0:20.3
   64    512 9.736511106693943e-03 7.3e+00 2.73e-03  4e-04  1e-03 0:27.6
   83    664 9.736307237297247e-03 8.3e+00 3.38e-04  3e-05  1e-04 0:35.8
  100    800 9.736306530151799e-03 8.2e+00 5.87e-05  3e-06  1e-05 0:43.1
  124    992 9.736306522552772e-03 9.3e+00 3.12e-06  7e-08  3e-07 0:53.4
  127   1016 9.736306522554758e-03 8.8e+00 2.59e-06  6e-08  2e-07 0:54.7
termination on tolfun=1e-11 (Fri Nov 27 15:29:40 2020)
final/bestever f-value = 9.736307e-03 9.736307e-03
incumbent solution: [3.8954270141356178, -1.5469235771037404, 0.8850406014045822, 1.6964005875647583, 2.902165625626318]
std deviation: [5.746592586107965e-08, 9.925273325036075e-08, 5.7745827200332604e-08, 1.0186178146907066e-07, 1.8824147238292416e-07]
cma
(5_w,10)-aCMA-ES (mu_w=3.2,w_1=45%) in dimension 8 (seed=587519, Fri Nov 27 15:29:41 2020)
Iterat #Fevals   function value  axis ratio  sigma  min&max std  t[m:s]
    1     10 5.623907617289196e-01 1.0e+00 8.70e-01  8e-01  9e-01 0:00.7
    2     20 7.911540272934243e-01 1.2e+00 8.03e-01  8e-01  8e-01 0:01.3
    3     30 5.290374121011191e-01 1.2e+00 7.88e-01  7e-01  8e-01 0:01.9
    8     80 4.579423338443264e-01 1.6e+00 5.96e-01  5e-01  6e-01 0:05.1
   15    150 9.161978165824561e-02 2.2e+00 4.11e-01  3e-01  4e-01 0:09.5
   24    240 6.375978561139621e-02 2.8e+00 2.28e-01  1e-01  2e-01 0:15.0
   34    340 3.757000154098754e-02 4.0e+00 1.26e-01  6e-02  1e-01 0:21.3
   46    460 2.356958862946799e-02 5.6e+00 1.03e-01  5e-02  1e-01 0:28.7
   59    590 2.374729686895083e-02 8.0e+00 7.77e-02  4e-02  8e-02 0:36.8
   74    740 2.275490538438480e-02 8.2e+00 3.93e-02  2e-02  3e-02 0:46.2
   90    900 2.249264637944061e-02 1.4e+01 3.63e-02  2e-02  4e-02 0:56.2
  100   1000 2.214768884902487e-02 1.8e+01 5.69e-02  4e-02  6e-02 1:02.5
  120   1200 1.972477874898186e-02 2.0e+01 9.91e-02  4e-02  9e-02 1:15.0
  141   1410 1.672926570646263e-02 1.7e+01 1.17e-01  3e-02  8e-02 1:28.1
  164   1640 1.054907049547656e-02 1.3e+01 1.34e-01  3e-02  6e-02 1:42.5
  188   1880 4.265677633029753e-03 1.4e+01 1.24e-01  2e-02  6e-02 1:57.5
  200   2000 3.387198514278850e-03 1.4e+01 1.08e-01  1e-02  5e-02 2:05.0
  228   2280 2.310213904004503e-03 1.6e+01 1.02e-01  1e-02  4e-02 2:22.5
  257   2570 1.590514547010918e-03 2.1e+01 1.18e-01  2e-02  4e-02 2:40.6
  288   2880 1.557034436991200e-03 2.4e+01 3.08e-02  3e-03  7e-03 2:59.9
  300   3000 1.556084130639026e-03 2.7e+01 1.21e-02  8e-04  2e-03 3:07.3
  334   3340 1.555972348555076e-03 3.4e+01 7.81e-04  4e-05  1e-04 3:28.5
  370   3700 1.555972146097615e-03 4.4e+01 3.70e-05  1e-06  3e-06 3:50.9
  382   3820 1.555972146011079e-03 4.1e+01 1.22e-05  3e-07  7e-07 3:58.4
termination on tolfun=1e-11 (Fri Nov 27 15:33:40 2020)
final/bestever f-value = 1.555972e-03 1.555972e-03
incumbent solution: [2.1962453646499664, 1.8838666991427273, -2.393944952312218, -1.2544123285225837, 2.5024082020349576, -0.8980814168230226, 0.6921535422427975, -1.3849583769137233]
std deviation: [3.2822682949326345e-07, 5.928332077512807e-07, 3.1325306604079674e-07, 3.888270561532229e-07, 7.358174145832078e-07, 3.0180617917365635e-07, 3.0644803414701936e-07, 7.352665572995386e-07]
cma
(5_w,10)-aCMA-ES (mu_w=3.2,w_1=45%) in dimension 8 (seed=623090, Fri Nov 27 15:33:40 2020)
Iterat #Fevals   function value  axis ratio  sigma  min&max std  t[m:s]
    1     10 4.021949459256387e-01 1.0e+00 9.35e-01  9e-01  9e-01 0:00.6
    2     20 2.722584823317310e-01 1.2e+00 9.10e-01  9e-01  9e-01 0:01.2
    3     30 8.562444362123095e-01 1.3e+00 9.04e-01  8e-01  9e-01 0:01.9
    8     80 5.472781206606568e-01 1.5e+00 9.13e-01  8e-01  1e+00 0:05.0
   15    150 3.730724010837920e-01 1.8e+00 6.69e-01  5e-01  7e-01 0:09.3
   24    240 3.317352147686400e-01 3.0e+00 5.58e-01  4e-01  7e-01 0:14.9
   34    340 1.482703409911295e-01 3.4e+00 3.82e-01  2e-01  4e-01 0:21.1
   46    460 3.478720423196074e-02 5.3e+00 2.32e-01  2e-01  2e-01 0:28.5
   59    590 2.400544324961264e-02 6.0e+00 7.72e-02  3e-02  7e-02 0:36.6
   74    740 2.268720040298106e-02 7.2e+00 3.31e-02  1e-02  3e-02 0:45.9
   91    910 2.266578047163326e-02 1.0e+01 8.82e-03  3e-03  7e-03 0:56.5
  100   1000 2.266590024569305e-02 1.1e+01 6.37e-03  2e-03  5e-03 1:02.1
  120   1200 2.266413909723856e-02 1.3e+01 1.70e-03  5e-04  1e-03 1:14.5
  141   1410 2.266413126385307e-02 2.0e+01 2.87e-04  7e-05  2e-04 1:27.5
  164   1640 2.266413044188534e-02 4.7e+01 7.93e-05  1e-05  7e-05 1:41.8
  189   1890 2.266413043129834e-02 7.2e+01 1.25e-05  1e-06  1e-05 1:57.2
  200   2000 2.266413043106859e-02 9.9e+01 4.72e-06  3e-07  4e-06 2:04.1
  203   2030 2.266413043106751e-02 1.1e+02 3.38e-06  2e-07  3e-06 2:05.9
termination on tolfun=1e-11 (Fri Nov 27 15:35:46 2020)
final/bestever f-value = 2.266413e-02 2.266413e-02
incumbent solution: [1.3386169318449956, 1.598774715336183, -0.5272645819745655, 1.63219225453644, -3.4316464757468785e-08, -0.6490810747391309, 2.3517378777495628, 6.715061741343798e-08]
std deviation: [2.7765087712132666e-06, 2.2746924042542313e-07, 1.6328454042163913e-06, 2.21614387352312e-06, 4.1992115938791524e-07, 1.3437737824875557e-06, 2.79520451756809e-06, 4.021598116095562e-07]
cma
(5_w,11)-aCMA-ES (mu_w=3.4,w_1=42%) in dimension 11 (seed=516926, Fri Nov 27 15:35:47 2020)
Iterat #Fevals   function value  axis ratio  sigma  min&max std  t[m:s]
    1     11 4.499286376956916e-01 1.0e+00 9.26e-01  9e-01  9e-01 0:00.8
    2     22 5.790615528200707e-01 1.1e+00 8.82e-01  8e-01  9e-01 0:01.6
    3     33 5.274244865972664e-01 1.2e+00 8.32e-01  8e-01  8e-01 0:02.4
    7     77 4.565717206644592e-01 1.3e+00 6.47e-01  6e-01  7e-01 0:05.5
   13    143 1.044112673475257e-01 1.5e+00 4.03e-01  4e-01  4e-01 0:10.2
   20    220 1.505808758948946e-01 2.0e+00 2.99e-01  3e-01  3e-01 0:15.8
   28    308 1.647813908573626e-02 2.1e+00 1.78e-01  1e-01  2e-01 0:22.0
   38    418 1.661445621998703e-02 3.3e+00 1.23e-01  1e-01  1e-01 0:29.7
   49    539 1.001616322375231e-02 4.5e+00 7.72e-02  6e-02  9e-02 0:38.2
   61    671 8.913425028475298e-03 6.3e+00 3.63e-02  2e-02  4e-02 0:47.5
   74    814 8.725455293148507e-03 8.3e+00 1.69e-02  1e-02  2e-02 0:57.7
   89    979 8.629111891290659e-03 1.6e+01 1.91e-02  1e-02  2e-02 1:09.3
  100   1100 8.554531354798224e-03 2.0e+01 1.91e-02  1e-02  2e-02 1:17.7
  117   1287 8.209541506911928e-03 3.2e+01 3.87e-02  3e-02  5e-02 1:30.9
  136   1496 7.828680132697555e-03 3.5e+01 2.12e-02  1e-02  3e-02 1:45.6
  156   1716 7.300320383343285e-03 6.1e+01 3.81e-02  2e-02  7e-02 2:01.1
  177   1947 6.886666665796938e-03 5.7e+01 4.50e-02  2e-02  8e-02 2:17.4
  199   2189 6.291453796728362e-03 5.0e+01 4.79e-02  2e-02  7e-02 2:34.4
  200   2200 6.325837545096251e-03 4.9e+01 4.93e-02  2e-02  8e-02 2:35.2
  225   2475 5.968329404167703e-03 4.2e+01 2.16e-02  1e-02  2e-02 2:54.5
  251   2761 5.794442976481174e-03 4.1e+01 2.37e-02  8e-03  3e-02 3:14.6
  279   3069 5.272581324091535e-03 4.1e+01 5.19e-02  1e-02  6e-02 3:36.3
  300   3300 4.591754307829344e-03 3.4e+01 6.44e-02  1e-02  5e-02 3:52.5
  330   3630 3.751889222979447e-03 3.3e+01 6.12e-02  9e-03  5e-02 4:15.7
  362   3982 3.592378692425646e-03 3.3e+01 4.64e-02  5e-03  3e-02 4:40.5
  395   4345 3.529144285477518e-03 4.0e+01 2.51e-02  3e-03  1e-02 5:06.1
  400   4400 3.517749031502869e-03 4.5e+01 3.97e-02  4e-03  3e-02 5:09.9
  435   4785 3.393121529213784e-03 6.0e+01 5.10e-02  4e-03  3e-02 5:37.0
  472   5192 3.343473285428675e-03 7.5e+01 3.40e-02  2e-03  2e-02 6:05.4
  500   5500 3.340154620187830e-03 7.8e+01 1.13e-02  5e-04  6e-03 6:27.0
  540   5940 3.339504323199113e-03 9.7e+01 2.08e-03  7e-05  1e-03 6:57.7
  581   6391 3.339484328484327e-03 1.4e+02 2.69e-03  8e-05  1e-03 7:29.3
  600   6600 3.339384729115044e-03 2.6e+02 6.14e-03  3e-04  5e-03 7:44.0
  643   7073 3.338910155736789e-03 2.7e+02 1.94e-02  8e-04  1e-02 8:17.3
  687   7557 3.338089786102113e-03 2.1e+02 2.11e-02  6e-04  7e-03 8:51.4
  700   7700 3.337762511414990e-03 2.1e+02 2.06e-02  6e-04  7e-03 9:01.4
  747   8217 3.334737974106111e-03 1.6e+02 5.79e-02  1e-03  1e-02 9:37.8
  796   8756 3.329155922013083e-03 1.5e+02 8.75e-02  2e-03  2e-02 10:15.5
  800   8800 3.328749219431955e-03 1.5e+02 8.37e-02  2e-03  2e-02 10:18.5
  851   9361 3.315222443160576e-03 1.5e+02 1.94e-01  3e-03  3e-02 10:57.9
  900   9900 3.281441167650238e-03 1.7e+02 3.91e-01  5e-03  5e-02 11:35.7
  954  10494 3.164394578997882e-03 1.7e+02 1.12e+00  9e-03  1e-01 12:17.4
 1000  11000 2.877634335996854e-03 2.4e+02 1.84e+00  6e-03  2e-01 12:53.0
Iterat #Fevals   function value  axis ratio  sigma  min&max std  t[m:s]
 1056  11616 2.010616971707281e-03 9.1e+01 3.47e+00  8e-03  2e-01 13:36.2
 1100  12100 1.283367109007406e-03 6.5e+01 1.96e+00  4e-03  5e-02 14:10.1
 1159  12749 9.563935795215975e-04 5.4e+01 1.23e+00  1e-03  2e-02 14:55.6
 1200  13200 9.409441351438244e-04 5.3e+01 6.29e-01  7e-04  8e-03 15:27.2
 1262  13882 9.399049751323276e-04 5.8e+01 1.96e-02  1e-05  2e-04 16:14.9
 1300  14300 9.399046916045878e-04 6.6e+01 1.93e-03  9e-07  1e-05 16:44.1
 1325  14575 9.399046907305043e-04 6.3e+01 2.28e-04  8e-08  1e-06 17:03.4
termination on tolfun=1e-11 (Fri Nov 27 15:52:52 2020)
final/bestever f-value = 9.399047e-04 9.399047e-04
incumbent solution: [ 3.92217189 -1.6236453   1.98804533  0.23511093  5.74361078 -6.09946767
  2.94985835 -5.88622016 ...]
std deviations: [3.92693506e-07 7.47829416e-07 5.73497564e-07 6.47025879e-07
 1.07273237e-06 8.19284063e-08 6.38514921e-07 9.85009818e-07 ...]
cma
(5_w,11)-aCMA-ES (mu_w=3.4,w_1=42%) in dimension 11 (seed=594887, Fri Nov 27 15:52:52 2020)
Iterat #Fevals   function value  axis ratio  sigma  min&max std  t[m:s]
    1     11 6.427312364140986e-01 1.0e+00 9.56e-01  9e-01  1e+00 0:00.8
    2     22 2.587672114813128e-01 1.2e+00 9.43e-01  9e-01  1e+00 0:01.6
    3     33 2.957674801973236e-01 1.2e+00 1.02e+00  1e+00  1e+00 0:02.3
    7     77 5.340829282646683e-01 1.7e+00 1.49e+00  1e+00  2e+00 0:05.4
   13    143 6.803202552740102e-01 2.1e+00 1.33e+00  1e+00  2e+00 0:10.0
   20    220 5.387008470274499e-01 2.4e+00 9.71e-01  9e-01  1e+00 0:15.4
   28    308 2.687561086916695e-01 2.3e+00 8.03e-01  7e-01  9e-01 0:21.6
   38    418 4.422804278219171e-01 2.5e+00 7.83e-01  6e-01  1e+00 0:29.4
   49    539 3.302966882689632e-01 3.0e+00 5.62e-01  4e-01  8e-01 0:37.9
   61    671 4.026483451124863e-02 3.5e+00 3.34e-01  2e-01  5e-01 0:47.2
   74    814 4.215685501603864e-02 3.9e+00 2.58e-01  1e-01  4e-01 0:57.2
   89    979 1.052307801935858e-02 5.7e+00 1.06e-01  6e-02  1e-01 1:08.8
  100   1100 6.281916196461309e-03 6.7e+00 7.21e-02  4e-02  9e-02 1:17.4
  117   1287 5.646422118610269e-03 8.7e+00 3.28e-02  2e-02  3e-02 1:30.5
  136   1496 5.414013082711305e-03 1.2e+01 1.93e-02  9e-03  2e-02 1:45.2
  156   1716 5.267285082240206e-03 2.5e+01 2.36e-02  1e-02  3e-02 2:00.7
  177   1947 5.077191950383142e-03 3.7e+01 2.30e-02  1e-02  5e-02 2:16.9
  199   2189 4.969026699117631e-03 3.8e+01 2.82e-02  1e-02  5e-02 2:34.0
  200   2200 4.948241247438137e-03 3.9e+01 2.94e-02  1e-02  5e-02 2:34.7
  225   2475 4.810938892028499e-03 3.5e+01 2.53e-02  9e-03  3e-02 2:54.1
  251   2761 4.688410123989093e-03 3.8e+01 2.19e-02  7e-03  2e-02 3:14.3
  279   3069 4.609798039737469e-03 5.0e+01 2.57e-02  9e-03  3e-02 3:36.0
  300   3300 4.541793720690977e-03 3.9e+01 4.27e-02  1e-02  4e-02 3:52.3
  330   3630 4.416988121354210e-03 4.7e+01 3.77e-02  1e-02  3e-02 4:15.5
  362   3982 4.307800198239712e-03 5.6e+01 3.24e-02  6e-03  3e-02 4:40.2
  395   4345 4.193804126043583e-03 6.0e+01 3.50e-02  7e-03  2e-02 5:05.8
  400   4400 4.180328728670963e-03 6.2e+01 3.07e-02  6e-03  2e-02 5:09.6
  435   4785 4.142150159999831e-03 7.5e+01 2.84e-02  5e-03  2e-02 5:36.7
  472   5192 4.036759944500494e-03 8.4e+01 7.18e-02  1e-02  4e-02 6:05.3
  500   5500 3.915671377337923e-03 7.4e+01 1.19e-01  2e-02  7e-02 6:27.0
  539   5929 3.797133411892317e-03 5.0e+01 5.09e-02  5e-03  2e-02 6:57.2
  580   6380 3.770928310827726e-03 7.9e+01 1.99e-02  1e-03  9e-03 7:28.9
  600   6600 3.769697887874740e-03 7.2e+01 2.18e-02  1e-03  8e-03 7:44.4
  643   7073 3.760582593339390e-03 8.9e+01 4.79e-02  2e-03  1e-02 8:17.8
  687   7557 3.754650840465988e-03 1.2e+02 3.77e-02  9e-04  8e-03 8:51.9
  700   7700 3.754040121105026e-03 1.3e+02 2.89e-02  7e-04  6e-03 9:01.9
  746   8206 3.751185791746471e-03 1.2e+02 4.21e-02  7e-04  7e-03 9:38.2
  793   8723 3.749737868629240e-03 1.1e+02 2.79e-02  4e-04  4e-03 10:15.2
  800   8800 3.749651394506736e-03 1.3e+02 3.00e-02  4e-04  4e-03 10:20.7
  850   9350 3.748789359001775e-03 1.5e+02 2.94e-02  3e-04  3e-03 11:00.0
  900   9900 3.748283371316359e-03 2.0e+02 3.47e-02  3e-04  4e-03 11:39.3
  953  10483 3.747908975214025e-03 2.4e+02 3.78e-02  2e-04  5e-03 12:21.0
 1000  11000 3.747582150198465e-03 2.5e+02 7.35e-02  3e-04  7e-03 12:57.9
Iterat #Fevals   function value  axis ratio  sigma  min&max std  t[m:s]
 1055  11605 3.747415997165759e-03 3.3e+02 5.44e-02  2e-04  6e-03 13:41.1
 1100  12100 3.747311080344694e-03 3.0e+02 6.41e-02  2e-04  5e-03 14:16.4
 1158  12738 3.747124366695564e-03 2.2e+02 9.66e-02  2e-04  5e-03 15:02.0
 1200  13200 3.746933745713624e-03 2.3e+02 1.32e-01  2e-04  6e-03 15:35.0
 1260  13860 3.746462548058941e-03 1.7e+02 2.48e-01  3e-04  5e-03 16:22.1
 1300  14300 3.745818405800986e-03 2.0e+02 6.24e-01  6e-04  9e-03 16:53.5
 1363  14993 3.743294005876493e-03 1.8e+02 9.68e-01  7e-04  1e-02 17:43.0
 1400  15400 3.741457633041100e-03 1.5e+02 1.09e+00  7e-04  1e-02 18:12.1
 1465  16115 3.735702678519105e-03 1.6e+02 1.65e+00  7e-04  1e-02 19:03.1
 1500  16500 3.729476695823475e-03 1.8e+02 3.33e+00  2e-03  2e-02 19:30.6
 1568  17248 3.677918564257678e-03 1.7e+02 1.26e+01  8e-03  5e-02 20:24.0
 1600  17600 3.617836651403875e-03 1.5e+02 1.71e+01  8e-03  6e-02 20:49.1
 1671  18381 3.590207553649325e-03 1.3e+02 6.60e+00  1e-03  1e-02 21:44.9
 1700  18700 3.587620720022865e-03 1.3e+02 5.62e+00  1e-03  9e-03 22:07.7
 1773  19503 3.569486189486878e-03 1.5e+02 7.74e+00  1e-03  1e-02 23:05.0
 1800  19800 3.569376067237816e-03 1.8e+02 1.98e+00  2e-04  3e-03 23:26.3
 1876  20636 3.569368102253034e-03 1.7e+02 1.53e-02  9e-07  1e-05 24:26.0
 1884  20724 3.569368102123464e-03 1.9e+02 8.11e-03  5e-07  6e-06 24:32.3
termination on tolfun=1e-11 (Fri Nov 27 16:17:28 2020)
final/bestever f-value = 3.569368e-03 3.569368e-03
incumbent solution: [ 5.08797699  2.61248251 -5.98359172  5.00198139 -4.05064367 -1.02649691
  7.29151691 -1.600384   ...]
std deviations: [1.78488189e-06 3.42837338e-06 5.00649942e-07 2.72018448e-06
 4.50582989e-06 6.42359963e-07 1.39333856e-06 4.19663222e-06 ...]
cma
(5_w,11)-aCMA-ES (mu_w=3.4,w_1=42%) in dimension 14 (seed=623730, Fri Nov 27 16:17:28 2020)
Iterat #Fevals   function value  axis ratio  sigma  min&max std  t[m:s]
    1     11 1.760184331711351e-01 1.0e+00 9.40e-01  9e-01  9e-01 0:00.9
    2     22 4.521792792670108e-01 1.1e+00 8.97e-01  9e-01  9e-01 0:01.7
    3     33 7.786844721758471e-01 1.2e+00 8.25e-01  8e-01  8e-01 0:02.6
    7     77 4.072225882752407e-01 1.3e+00 6.99e-01  6e-01  7e-01 0:06.0
   12    132 5.521762314320294e-01 1.5e+00 6.44e-01  6e-01  7e-01 0:10.3
   18    198 5.393638623008867e-01 1.6e+00 5.80e-01  5e-01  6e-01 0:15.5
   25    275 2.116506960080214e-01 1.9e+00 5.23e-01  5e-01  6e-01 0:21.5
   34    374 2.673512560118111e-01 2.0e+00 5.76e-01  5e-01  7e-01 0:29.3
   44    484 3.879975776885390e-01 2.4e+00 4.51e-01  4e-01  6e-01 0:38.0
   55    605 5.774580989050842e-02 2.8e+00 4.29e-01  3e-01  5e-01 0:47.4
   67    737 7.881594082179777e-02 3.2e+00 2.84e-01  2e-01  3e-01 0:57.8
   80    880 1.433142808135249e-02 3.4e+00 2.35e-01  2e-01  3e-01 1:09.0
   94   1034 7.586997356726450e-03 3.9e+00 1.17e-01  7e-02  1e-01 1:21.1
  100   1100 1.175324567681268e-02 4.6e+00 9.57e-02  6e-02  1e-01 1:26.3
  117   1287 5.311120893903665e-03 6.6e+00 6.62e-02  4e-02  8e-02 1:40.9
  135   1485 4.589665599916139e-03 9.4e+00 3.19e-02  2e-02  4e-02 1:56.5
  154   1694 4.458846511164930e-03 1.4e+01 2.98e-02  1e-02  4e-02 2:12.8
  174   1914 4.370079841117812e-03 1.7e+01 1.45e-02  6e-03  2e-02 2:30.1
  195   2145 4.319018493265769e-03 2.5e+01 9.60e-03  4e-03  2e-02 2:48.1
  200   2200 4.307824492505783e-03 2.8e+01 1.09e-02  5e-03  2e-02 2:52.5
  223   2453 4.277117360109430e-03 4.6e+01 1.40e-02  7e-03  2e-02 3:12.5
  248   2728 4.228732128901720e-03 4.8e+01 1.06e-02  5e-03  2e-02 3:34.2
  274   3014 4.179061809042531e-03 6.5e+01 1.51e-02  6e-03  3e-02 3:56.9
  300   3300 4.138871986356886e-03 6.5e+01 1.12e-02  4e-03  2e-02 4:19.4
  328   3608 4.068004875555082e-03 6.9e+01 1.61e-02  6e-03  3e-02 4:43.8
  357   3927 3.968029808696543e-03 8.2e+01 2.50e-02  9e-03  5e-02 5:08.9
  387   4257 3.874712497660899e-03 8.7e+01 1.70e-02  5e-03  3e-02 5:35.0
  400   4400 3.795006205392267e-03 1.1e+02 2.08e-02  6e-03  4e-02 5:46.2
  433   4763 3.709881755577976e-03 1.2e+02 1.26e-02  3e-03  3e-02 6:14.9
  467   5137 3.644052703284654e-03 9.5e+01 1.89e-02  3e-03  3e-02 6:44.4
  500   5500 3.320576380055099e-03 9.0e+01 5.60e-02  7e-03  7e-02 7:13.0
  536   5896 2.840273471181755e-03 6.2e+01 4.62e-02  5e-03  5e-02 7:44.2
  573   6303 2.623533136365896e-03 5.6e+01 4.59e-02  4e-03  4e-02 8:16.4
  600   6600 2.605434727609505e-03 4.6e+01 2.09e-02  2e-03  2e-02 8:39.8
  640   7040 2.561837931595126e-03 4.4e+01 1.46e-02  1e-03  1e-02 9:14.5
  681   7491 2.498803515487339e-03 5.4e+01 2.25e-02  2e-03  2e-02 9:50.0
  700   7700 2.437015045128014e-03 6.4e+01 5.55e-02  4e-03  4e-02 10:06.4
  743   8173 2.209270379031820e-03 7.0e+01 5.64e-02  3e-03  4e-02 10:43.7
  787   8657 2.009494981380091e-03 7.5e+01 6.53e-02  3e-03  4e-02 11:21.9
  800   8800 1.825745805132050e-03 8.4e+01 1.10e-01  6e-03  8e-02 11:33.2
  847   9317 1.510568686920823e-03 1.0e+02 5.07e-02  2e-03  4e-02 12:14.0
  895   9845 1.221351173830197e-03 1.2e+02 9.84e-02  4e-03  8e-02 12:55.6
  900   9900 1.218694836624907e-03 1.1e+02 8.58e-02  3e-03  7e-02 12:59.9
  950  10450 1.112970466088121e-03 1.1e+02 8.24e-02  2e-03  6e-02 13:43.0
 1000  11000 1.063540728342152e-03 1.1e+02 7.18e-02  1e-03  4e-02 14:26.1
Iterat #Fevals   function value  axis ratio  sigma  min&max std  t[m:s]
 1053  11583 8.644171139407288e-04 1.0e+02 2.05e-01  3e-03  1e-01 15:11.9
 1100  12100 6.762100961307205e-04 9.3e+01 1.67e-01  2e-03  6e-02 15:52.4
 1155  12705 5.866970257534539e-04 9.7e+01 5.95e-02  8e-04  2e-02 16:40.0
 1200  13200 5.808245065230981e-04 1.2e+02 2.45e-02  3e-04  7e-03 17:18.9
 1257  13827 5.796768907454238e-04 1.3e+02 3.21e-02  3e-04  8e-03 18:08.1
 1300  14300 5.753762412344091e-04 1.3e+02 6.00e-02  5e-04  1e-02 18:45.2
 1360  14960 5.639956250570329e-04 1.3e+02 9.41e-02  6e-04  2e-02 19:37.0
 1400  15400 5.577642270172414e-04 1.6e+02 9.51e-02  6e-04  2e-02 20:11.5
 1462  16082 5.467232427178340e-04 1.7e+02 8.27e-02  4e-04  2e-02 21:05.0
 1500  16500 5.436445004165409e-04 1.9e+02 7.99e-02  3e-04  2e-02 21:37.8
 1564  17204 5.381209099730632e-04 2.0e+02 1.27e-01  4e-04  2e-02 22:33.2
 1600  17600 5.365989760081184e-04 1.6e+02 1.34e-01  4e-04  2e-02 23:04.2
 1667  18337 5.359104519611594e-04 1.8e+02 2.20e-02  6e-05  2e-03 24:01.9
 1700  18700 5.359040367474533e-04 2.1e+02 3.90e-03  9e-06  4e-04 24:30.2
 1768  19448 5.359039661054769e-04 2.6e+02 9.91e-05  2e-07  8e-06 25:28.7
termination on tolfun=1e-11 (Fri Nov 27 16:42:59 2020)
final/bestever f-value = 5.359040e-04 5.359040e-04
incumbent solution: [-0.05594645 -5.10662442 -0.24948924  3.24547328  4.05363438 -1.34184724
 -1.74539399  1.762567   ...]
std deviations: [1.44232622e-06 4.94475725e-06 5.46279119e-07 1.31923750e-06
 7.84117065e-06 8.61644950e-07 4.05318508e-06 7.58229047e-07 ...]
cma
(5_w,11)-aCMA-ES (mu_w=3.4,w_1=42%) in dimension 14 (seed=594091, Fri Nov 27 16:43:00 2020)
Iterat #Fevals   function value  axis ratio  sigma  min&max std  t[m:s]
    1     11 3.961397519058772e-01 1.0e+00 9.47e-01  9e-01  1e+00 0:00.9
    2     22 5.063831965442768e-01 1.2e+00 8.85e-01  9e-01  9e-01 0:01.7
    3     33 2.802936904357425e-01 1.2e+00 8.68e-01  8e-01  9e-01 0:02.6
    7     77 4.611795992782972e-01 1.3e+00 8.77e-01  8e-01  9e-01 0:06.0
   12    132 4.575938406705962e-01 1.4e+00 7.69e-01  7e-01  8e-01 0:10.4
   18    198 8.244259658393378e-01 1.7e+00 8.73e-01  8e-01  9e-01 0:15.5
   25    275 2.111280417591322e-01 1.9e+00 1.30e+00  1e+00  1e+00 0:21.6
   34    374 2.284438232036490e-01 2.0e+00 1.47e+00  1e+00  2e+00 0:29.4
   44    484 8.182554681511308e-01 2.2e+00 1.18e+00  1e+00  1e+00 0:38.0
   55    605 9.071255022805873e-01 2.7e+00 1.37e+00  1e+00  2e+00 0:47.5
   67    737 4.492322589329028e-01 3.2e+00 9.35e-01  8e-01  1e+00 0:57.9
   80    880 8.680995552078874e-01 3.6e+00 1.06e+00  8e-01  1e+00 1:09.1
   94   1034 4.138232982890239e-01 3.6e+00 4.40e-01  3e-01  5e-01 1:21.5
  100   1100 3.096679888328691e-01 3.8e+00 4.33e-01  3e-01  5e-01 1:26.8
  116   1276 8.621756706415828e-02 4.1e+00 2.80e-01  2e-01  3e-01 1:40.9
  134   1474 1.716292164532825e-02 4.8e+00 1.30e-01  8e-02  1e-01 1:56.7
  153   1683 6.384396622340251e-03 5.6e+00 8.34e-02  4e-02  9e-02 2:13.4
  173   1903 3.766509366122335e-03 6.9e+00 4.14e-02  2e-02  4e-02 2:31.0
  194   2134 3.210340848463638e-03 9.6e+00 2.39e-02  9e-03  3e-02 2:49.5
  200   2200 3.191720597555245e-03 1.1e+01 1.87e-02  7e-03  2e-02 2:54.8
  223   2453 3.035473929019683e-03 1.4e+01 1.46e-02  5e-03  2e-02 3:15.1
  247   2717 2.846884373699041e-03 2.7e+01 2.11e-02  6e-03  4e-02 3:36.2
  272   2992 2.422652884553332e-03 5.5e+01 3.33e-02  9e-03  1e-01 3:58.2
  299   3289 2.289454347316951e-03 7.1e+01 2.32e-02  6e-03  7e-02 4:21.9
  300   3300 2.270217443199047e-03 7.1e+01 2.13e-02  5e-03  7e-02 4:22.8
  329   3619 2.116785234343649e-03 9.7e+01 2.25e-02  5e-03  8e-02 4:48.4
  359   3949 1.879773490020759e-03 9.5e+01 2.42e-02  4e-03  8e-02 5:14.8
  390   4290 1.604282722791094e-03 7.5e+01 3.68e-02  5e-03  9e-02 5:42.1
  400   4400 1.549687710839530e-03 7.0e+01 2.78e-02  4e-03  6e-02 5:50.9
  433   4763 1.469550531104053e-03 7.2e+01 1.35e-02  2e-03  2e-02 6:20.0
  468   5148 1.371651711821006e-03 9.1e+01 2.42e-02  3e-03  4e-02 6:50.8
  500   5500 8.510466370751989e-04 8.4e+01 6.58e-02  7e-03  1e-01 7:19.0
  537   5907 6.174156795340422e-04 7.7e+01 3.82e-02  4e-03  5e-02 7:51.5
  575   6325 5.807828985750749e-04 7.6e+01 1.47e-02  1e-03  2e-02 8:25.0
  600   6600 5.774409831899145e-04 1.0e+02 1.11e-02  1e-03  1e-02 8:47.0
  640   7040 5.713002530772389e-04 2.3e+02 1.08e-02  1e-03  2e-02 9:22.3
  681   7491 5.706277103451431e-04 3.0e+02 2.95e-03  3e-04  5e-03 9:58.4
  700   7700 5.704913806266885e-04 3.5e+02 4.62e-03  4e-04  8e-03 10:15.1
  744   8184 5.694047010690083e-04 3.5e+02 1.18e-02  7e-04  2e-02 10:53.9
  789   8679 5.682272219226016e-04 3.9e+02 8.70e-03  5e-04  1e-02 11:33.5
  800   8800 5.679918709204920e-04 3.9e+02 7.26e-03  4e-04  9e-03 11:43.2
  847   9317 5.663723202603801e-04 4.0e+02 1.32e-02  6e-04  2e-02 12:24.6
  895   9845 5.644137599346412e-04 4.1e+02 1.06e-02  4e-04  1e-02 13:06.9
  900   9900 5.638348829104360e-04 3.9e+02 1.35e-02  6e-04  2e-02 13:11.3
  950  10450 5.601041977216380e-04 3.9e+02 3.33e-02  1e-03  4e-02 13:55.3
 1000  11000 5.520455512249762e-04 3.8e+02 2.30e-02  7e-04  2e-02 14:39.4
Iterat #Fevals   function value  axis ratio  sigma  min&max std  t[m:s]
 1053  11583 5.415756683824373e-04 2.8e+02 3.33e-02  8e-04  2e-02 15:26.1
 1100  12100 5.285088955844158e-04 2.7e+02 6.49e-02  1e-03  4e-02 16:07.5
 1155  12705 5.235020543464117e-04 2.5e+02 1.85e-02  3e-04  7e-03 16:56.0
 1200  13200 5.224455801827775e-04 2.6e+02 3.00e-02  4e-04  1e-02 17:35.6
 1257  13827 5.181576578583519e-04 2.5e+02 4.59e-02  6e-04  1e-02 18:25.8
 1300  14300 5.154602898094199e-04 2.4e+02 7.54e-02  9e-04  2e-02 19:03.6
 1360  14960 5.134200038808239e-04 2.1e+02 3.89e-02  4e-04  7e-03 19:56.4
 1400  15400 5.124744689718771e-04 2.7e+02 3.97e-02  4e-04  7e-03 20:31.6
 1462  16082 5.114238937630833e-04 2.4e+02 4.15e-02  4e-04  7e-03 21:26.2
 1500  16500 5.104719333307925e-04 1.9e+02 8.32e-02  6e-04  1e-02 21:59.6
 1564  17204 5.061726824067998e-04 1.8e+02 1.33e-01  8e-04  1e-02 22:55.9
 1600  17600 5.042730851151229e-04 1.6e+02 1.85e-01  1e-03  1e-02 23:27.6
 1666  18326 4.988101714495812e-04 1.5e+02 1.95e-01  9e-04  9e-03 24:25.6
 1700  18700 4.954571227638836e-04 1.6e+02 1.86e-01  8e-04  9e-03 24:55.5
 1769  19459 4.903350783659791e-04 2.2e+02 1.99e-01  7e-04  1e-02 25:56.2
 1800  19800 4.877693617466666e-04 1.9e+02 1.86e-01  6e-04  8e-03 26:23.5
 1871  20581 4.797534769875356e-04 1.5e+02 2.61e-01  7e-04  9e-03 27:25.9
 1900  20900 4.777912974228408e-04 1.5e+02 2.74e-01  6e-04  9e-03 27:51.4
 1973  21703 4.733054738784664e-04 1.8e+02 3.26e-01  6e-04  1e-02 28:55.7
 2000  22000 4.722856739231064e-04 1.8e+02 2.23e-01  4e-04  8e-03 29:19.5
Iterat #Fevals   function value  axis ratio  sigma  min&max std  t[m:s]
 2076  22836 4.688499825023588e-04 1.9e+02 5.08e-01  5e-04  1e-02 30:26.3
 2100  23100 4.662569467292585e-04 1.9e+02 4.37e-01  6e-04  1e-02 30:47.4
 2178  23958 4.605617818183184e-04 2.5e+02 6.27e-01  8e-04  2e-02 31:56.0
 2200  24200 4.585028699426039e-04 2.5e+02 5.16e-01  6e-04  1e-02 32:15.4
 2280  25080 4.508478240053574e-04 1.8e+02 7.96e-01  6e-04  1e-02 33:25.7
 2300  25300 4.470322066724714e-04 2.0e+02 1.13e+00  9e-04  2e-02 33:43.4
 2382  26202 4.151688128670061e-04 1.9e+02 2.83e+00  2e-03  4e-02 34:55.6
 2400  26400 4.067790631983192e-04 2.0e+02 2.77e+00  2e-03  3e-02 35:11.4
 2485  27335 3.810895024814024e-04 1.9e+02 1.53e+00  8e-04  2e-02 36:26.2
 2500  27500 3.771365248897840e-04 2.3e+02 2.97e+00  1e-03  3e-02 36:39.4
 2587  28457 3.169007927487086e-04 2.0e+02 4.36e+00  1e-03  3e-02 37:55.8
 2600  28600 3.094644327422315e-04 1.9e+02 5.74e+00  2e-03  4e-02 38:07.3
 2689  29579 2.772277208676582e-04 1.8e+02 1.60e+00  3e-04  9e-03 39:25.6
 2700  29700 2.770691751647335e-04 1.8e+02 1.06e+00  2e-04  5e-03 39:35.2
 2791  30701 2.761352344305853e-04 2.0e+02 2.50e+00  4e-04  8e-03 40:55.3
 2800  30800 2.756475352432211e-04 2.1e+02 3.53e+00  5e-04  1e-02 41:03.2
 2894  31834 2.681027219001708e-04 2.4e+02 4.81e+00  5e-04  1e-02 42:25.8
 2900  31900 2.677883483829557e-04 2.4e+02 4.75e+00  5e-04  1e-02 42:31.1
 2996  32956 2.668914886046356e-04 2.7e+02 4.15e-01  3e-05  7e-04 43:55.6
 3000  33000 2.668907510238568e-04 2.8e+02 3.13e-01  2e-05  5e-04 43:59.1
Iterat #Fevals   function value  axis ratio  sigma  min&max std  t[m:s]
 3078  33858 2.668904367785270e-04 3.2e+02 4.36e-03  2e-07  5e-06 45:07.7
termination on tolfun=1e-11 (Fri Nov 27 17:28:12 2020)
final/bestever f-value = 2.668904e-04 2.668904e-04
incumbent solution: [-1.18732257  2.38966226 -2.58531988  4.76619363  2.98390691 -2.84072006
  2.42556853  7.64552753 ...]
std deviations: [7.29060790e-07 1.37386800e-06 5.66230167e-07 3.29485405e-06
 5.03401362e-06 1.23317206e-06 3.48477147e-06 5.39918199e-06 ...]
cma
(6_w,12)-aCMA-ES (mu_w=3.7,w_1=40%) in dimension 17 (seed=610879, Fri Nov 27 17:28:13 2020)
Iterat #Fevals   function value  axis ratio  sigma  min&max std  t[m:s]
    1     12 9.095568455603781e-01 1.0e+00 9.75e-01  9e-01  1e+00 0:01.0
    2     24 5.821553999341865e-01 1.2e+00 9.78e-01  9e-01  1e+00 0:02.1
    3     36 5.880748063774233e-01 1.2e+00 9.87e-01  9e-01  1e+00 0:03.1
    6     72 8.361869891045689e-01 1.3e+00 9.75e-01  9e-01  1e+00 0:06.2
   10    120 6.266263899420269e-01 1.4e+00 9.47e-01  9e-01  1e+00 0:10.4
   15    180 7.139277559818109e-01 1.5e+00 9.59e-01  9e-01  1e+00 0:15.6
   21    252 6.818509924164787e-01 1.7e+00 9.25e-01  8e-01  1e+00 0:21.8
   28    336 1.740805607508034e-01 1.8e+00 7.78e-01  7e-01  9e-01 0:29.1
   36    432 6.794804900744124e-01 1.8e+00 5.85e-01  5e-01  7e-01 0:37.5
   45    540 2.683259943172609e-01 2.0e+00 7.64e-01  7e-01  8e-01 0:46.9
   55    660 5.374249905344561e-01 2.2e+00 1.02e+00  9e-01  1e+00 0:57.3
   66    792 6.467922286251244e-01 2.3e+00 1.12e+00  9e-01  1e+00 1:08.7
   78    936 1.070641161926251e+00 2.4e+00 9.79e-01  8e-01  1e+00 1:20.9
   91   1092 4.064597599589699e-01 3.1e+00 1.68e+00  1e+00  2e+00 1:34.1
  100   1200 6.616974997847540e-01 3.4e+00 1.31e+00  1e+00  2e+00 1:43.4
  115   1380 8.889205723589824e-01 3.4e+00 1.52e+00  1e+00  2e+00 1:58.6
  131   1572 5.303139262929480e-01 3.6e+00 1.47e+00  1e+00  2e+00 2:15.0
  148   1776 7.864303299215423e-01 4.1e+00 1.11e+00  8e-01  2e+00 2:32.3
  166   1992 3.726981704647819e-01 4.3e+00 1.16e+00  9e-01  2e+00 2:50.7
  185   2220 6.947810515666003e-01 4.8e+00 7.22e-01  5e-01  1e+00 3:10.1
  200   2400 5.697079117047866e-01 5.0e+00 9.67e-01  7e-01  1e+00 3:25.4
  221   2652 7.402871082184340e-01 6.1e+00 1.00e+00  7e-01  2e+00 3:46.8
  243   2916 1.585224534512515e-01 6.2e+00 4.91e-01  3e-01  7e-01 4:09.1
  266   3192 6.827780559634805e-02 5.8e+00 2.48e-01  1e-01  3e-01 4:32.5
  290   3480 1.257737654842850e-02 5.0e+00 1.06e-01  6e-02  1e-01 4:56.8
  300   3600 8.319221672765479e-03 5.1e+00 9.69e-02  5e-02  1e-01 5:06.9
  326   3912 3.532463381995221e-03 5.6e+00 4.07e-02  2e-02  5e-02 5:33.4
  353   4236 1.824236665405386e-03 6.7e+00 1.68e-02  6e-03  2e-02 6:00.8
  381   4572 1.568024124733782e-03 1.0e+01 1.47e-02  5e-03  2e-02 6:29.2
  400   4800 1.539219792749057e-03 1.3e+01 7.12e-03  2e-03  9e-03 6:48.5
  430   5160 1.462546203897288e-03 2.1e+01 9.21e-03  2e-03  2e-02 7:18.8
  461   5532 1.423010299806475e-03 3.5e+01 7.09e-03  2e-03  2e-02 7:50.1
  493   5916 1.416218153506465e-03 3.9e+01 2.08e-03  4e-04  4e-03 8:22.3
  500   6000 1.414899959160851e-03 4.1e+01 3.55e-03  6e-04  8e-03 8:29.3
  534   6408 1.392423072524974e-03 5.0e+01 8.66e-03  1e-03  2e-02 9:03.6
  569   6828 1.355092950464711e-03 9.1e+01 1.66e-02  2e-03  4e-02 9:38.8
  600   7200 1.332716957235296e-03 1.2e+02 1.09e-02  1e-03  3e-02 10:10.0
  637   7644 1.304725915954922e-03 1.7e+02 1.52e-02  1e-03  6e-02 10:47.3
  675   8100 1.263236026787489e-03 2.5e+02 1.36e-02  1e-03  6e-02 11:25.7
  700   8400 1.256364841919845e-03 2.2e+02 8.13e-03  8e-04  3e-02 11:51.0
  740   8880 1.238658431940301e-03 2.4e+02 1.32e-02  1e-03  4e-02 12:31.4
  781   9372 1.226666266585542e-03 2.2e+02 9.97e-03  9e-04  3e-02 13:12.8
  800   9600 1.218704143412318e-03 2.0e+02 1.35e-02  1e-03  3e-02 13:32.0
  843  10116 1.195140291250568e-03 1.5e+02 1.68e-02  2e-03  3e-02 14:15.5
  887  10644 1.167635216017334e-03 1.4e+02 2.35e-02  2e-03  4e-02 15:00.0
  900  10800 1.166951989716067e-03 1.4e+02 2.58e-02  2e-03  4e-02 15:13.2
  946  11352 1.152135601241448e-03 1.6e+02 1.39e-02  1e-03  2e-02 15:59.6
  993  11916 1.119857571670701e-03 2.5e+02 3.16e-02  2e-03  6e-02 16:47.1
 1000  12000 1.116316429025423e-03 2.6e+02 2.30e-02  2e-03  5e-02 16:54.2
Iterat #Fevals   function value  axis ratio  sigma  min&max std  t[m:s]
 1049  12588 1.102302125901914e-03 2.5e+02 1.31e-02  7e-04  2e-02 17:43.8
 1099  13188 1.079885080261460e-03 2.7e+02 3.49e-02  2e-03  5e-02 18:34.3
 1100  13200 1.073261125497473e-03 2.8e+02 3.84e-02  2e-03  6e-02 18:35.3
 1152  13824 1.006679033215495e-03 3.0e+02 2.45e-02  1e-03  4e-02 19:27.8
 1200  14400 9.975604334893013e-04 2.9e+02 8.07e-03  3e-04  1e-02 20:16.3
 1254  15048 9.910620650914288e-04 2.4e+02 2.25e-02  6e-04  3e-02 21:11.0
 1300  15600 9.750499325246530e-04 2.4e+02 3.44e-02  9e-04  3e-02 21:57.3
 1356  16272 9.109017701272427e-04 2.0e+02 6.06e-02  2e-03  5e-02 22:53.9
 1400  16800 6.864024894970846e-04 2.2e+02 1.17e-01  4e-03  1e-01 23:38.5
 1458  17496 3.412758377776653e-04 1.9e+02 8.84e-02  3e-03  6e-02 24:37.1
 1500  18000 2.830703848140475e-04 1.5e+02 5.54e-02  2e-03  3e-02 25:19.4
 1560  18720 2.647625706456661e-04 1.3e+02 3.60e-02  1e-03  1e-02 26:20.0
 1600  19200 2.586509917281355e-04 1.3e+02 2.79e-02  7e-04  1e-02 27:00.3
 1662  19944 2.528536045843770e-04 1.4e+02 3.31e-02  8e-04  1e-02 28:02.8
 1700  20400 2.514631388036413e-04 1.4e+02 2.14e-02  5e-04  7e-03 28:41.1
 1764  21168 2.507453186035351e-04 2.2e+02 9.69e-03  2e-04  4e-03 29:45.4
 1800  21600 2.506832881038318e-04 2.6e+02 9.25e-03  2e-04  4e-03 30:21.5
 1879  22548 2.506346486304902e-04 2.9e+02 6.28e-03  2e-04  2e-03 31:28.0
 1900  22800 2.506056153242333e-04 2.9e+02 1.13e-02  3e-04  4e-03 31:44.5
 1985  23820 2.504235180049946e-04 4.2e+02 1.00e-02  2e-04  4e-03 32:52.7
 2000  24000 2.504191236966953e-04 4.3e+02 5.72e-03  1e-04  2e-03 33:04.7
Iterat #Fevals   function value  axis ratio  sigma  min&max std  t[m:s]
 2089  25068 2.503845308675887e-04 7.2e+02 1.31e-02  2e-04  5e-03 34:15.3
 2100  25200 2.503695021035705e-04 7.2e+02 1.80e-02  3e-04  7e-03 34:23.8
 2191  26292 2.502539025305361e-04 3.7e+02 1.24e-02  2e-04  2e-03 35:36.5
 2200  26400 2.502468620211467e-04 4.1e+02 1.50e-02  2e-04  3e-03 35:43.5
 2291  27492 2.501677056543275e-04 7.2e+02 1.89e-02  2e-04  5e-03 36:58.0
 2300  27600 2.501636645073080e-04 7.0e+02 1.82e-02  2e-04  5e-03 37:05.5
 2393  28716 2.501390362403907e-04 1.1e+03 5.25e-03  6e-05  2e-03 38:22.2
 2400  28800 2.501389497547777e-04 1.1e+03 3.96e-03  4e-05  1e-03 38:27.7
 2477  29724 2.501387931093539e-04 1.2e+03 1.46e-04  1e-06  4e-05 39:30.9
termination on tolfun=1e-11 (Fri Nov 27 18:07:50 2020)
final/bestever f-value = 2.501388e-04 2.501388e-04
incumbent solution: [-5.47543395 -1.04284129 -4.87106296 -3.01787243  6.67068256 -3.44620713
  6.36729543  5.76179714 ...]
std deviations: [1.25661377e-06 3.29790032e-06 3.99162983e-06 3.74003539e-06
 6.95026000e-06 2.26343703e-06 2.82409926e-06 7.11688366e-06 ...]
cma
(6_w,12)-aCMA-ES (mu_w=3.7,w_1=40%) in dimension 17 (seed=525747, Fri Nov 27 18:07:51 2020)
Iterat #Fevals   function value  axis ratio  sigma  min&max std  t[m:s]
    1     12 5.300675372855502e-01 1.0e+00 9.14e-01  9e-01  9e-01 0:00.8
    2     24 1.562917121203146e-01 1.1e+00 8.76e-01  9e-01  9e-01 0:01.5
    3     36 2.850838963452815e-01 1.1e+00 8.19e-01  8e-01  8e-01 0:02.3
    7     84 5.884089130550695e-01 1.4e+00 8.42e-01  8e-01  9e-01 0:06.1
   12    144 5.281770136247445e-01 1.5e+00 8.01e-01  8e-01  9e-01 0:10.6
   18    216 6.119007771422712e-01 1.6e+00 8.17e-01  7e-01  9e-01 0:15.9
   26    312 5.139807443234441e-01 1.7e+00 7.87e-01  7e-01  9e-01 0:22.4
   34    408 3.747547340726101e-01 1.8e+00 7.15e-01  6e-01  8e-01 0:29.9
   45    540 1.606439638336362e-01 1.9e+00 7.39e-01  7e-01  8e-01 0:38.4
   56    672 1.469742257596792e-01 2.1e+00 5.99e-01  5e-01  7e-01 0:48.1
   68    816 1.437228137446327e-01 2.4e+00 3.71e-01  3e-01  4e-01 0:58.5
   83    996 3.018188407904639e-02 2.8e+00 2.15e-01  2e-01  2e-01 1:10.1
   99   1188 3.340681916741613e-02 2.9e+00 1.51e-01  1e-01  2e-01 1:22.6
  100   1200 2.332706496176047e-02 3.0e+00 1.50e-01  1e-01  2e-01 1:23.6
  117   1404 1.123172642795512e-02 4.0e+00 9.69e-02  7e-02  1e-01 1:37.6
  137   1644 1.004522918058626e-02 4.8e+00 8.31e-02  6e-02  8e-02 1:53.3
  157   1884 5.308792111577793e-03 5.8e+00 4.31e-02  3e-02  4e-02 2:09.8
  178   2136 4.898756547789605e-03 7.6e+00 2.96e-02  2e-02  3e-02 2:27.2
  200   2400 4.470512783846313e-03 1.1e+01 3.70e-02  2e-02  4e-02 2:45.2
  224   2688 4.126320306715558e-03 1.6e+01 2.25e-02  2e-02  3e-02 3:05.1
  249   2988 3.925673630309114e-03 2.4e+01 2.10e-02  2e-02  3e-02 3:25.6
  274   3288 3.738544127323251e-03 2.6e+01 1.64e-02  1e-02  2e-02 3:46.6
  300   3600 3.402682453204005e-03 2.9e+01 2.23e-02  2e-02  4e-02 4:07.6
  329   3948 2.887462361675570e-03 3.9e+01 2.50e-02  2e-02  5e-02 4:31.1
  359   4308 2.116138711466045e-03 4.5e+01 2.61e-02  2e-02  6e-02 4:55.3
  391   4692 1.779812723885168e-03 4.9e+01 1.95e-02  1e-02  5e-02 5:21.1
  400   4800 1.776784391576097e-03 4.9e+01 1.66e-02  1e-02  4e-02 5:28.1
  434   5208 1.754705569357344e-03 4.7e+01 4.37e-03  2e-03  9e-03 5:55.6
  469   5628 1.744590180511302e-03 4.6e+01 6.64e-03  4e-03  1e-02 6:24.4
  500   6000 1.703126091661684e-03 7.1e+01 1.41e-02  7e-03  2e-02 6:50.4
  536   6432 1.650962404812095e-03 6.6e+01 9.88e-03  4e-03  1e-02 7:20.4
  572   6864 1.603491152302649e-03 7.0e+01 1.49e-02  7e-03  2e-02 7:51.9
  600   7200 1.550129230304474e-03 9.2e+01 1.98e-02  9e-03  4e-02 8:16.5
  640   7680 1.482836176611263e-03 9.2e+01 9.54e-03  4e-03  2e-02 8:50.1
  681   8172 1.312128894358217e-03 1.4e+02 2.70e-02  1e-02  6e-02 9:25.0
  700   8400 1.244013811895610e-03 1.4e+02 2.64e-02  1e-02  6e-02 9:40.7
  742   8904 1.105425125087508e-03 1.3e+02 2.42e-02  7e-03  4e-02 10:17.3
  786   9432 1.037835951224833e-03 1.1e+02 1.96e-02  5e-03  3e-02 10:54.3
  800   9600 1.017617077364177e-03 1.0e+02 1.83e-02  5e-03  3e-02 11:06.2
  847  10164 9.766342242053714e-04 9.2e+01 1.43e-02  3e-03  2e-02 11:45.6
  895  10740 9.283582315943459e-04 1.1e+02 3.81e-02  6e-03  5e-02 12:26.1
  900  10800 9.276796373166260e-04 1.1e+02 2.82e-02  5e-03  3e-02 12:29.9
  951  11412 8.820366364495244e-04 1.4e+02 3.51e-02  5e-03  5e-02 13:12.7
 1000  12000 8.395797652955873e-04 1.2e+02 1.94e-02  2e-03  2e-02 13:54.0
Iterat #Fevals   function value  axis ratio  sigma  min&max std  t[m:s]
 1053  12636 7.967666532033707e-04 1.6e+02 3.14e-02  4e-03  3e-02 14:38.2
 1100  13200 7.463748440356087e-04 1.5e+02 3.71e-02  5e-03  3e-02 15:15.8
 1200  14400 6.609207192841659e-04 1.4e+02 3.91e-02  3e-03  3e-02 16:02.0
 1300  15600 5.707596161623021e-04 1.5e+02 3.21e-02  3e-03  2e-02 16:48.7
 1400  16800 5.118285157484610e-04 1.2e+02 2.86e-02  2e-03  1e-02 17:35.7
 1500  18000 4.673891892592207e-04 1.5e+02 5.27e-02  3e-03  2e-02 18:22.3
 1600  19200 4.506269082380441e-04 2.0e+02 1.77e-02  1e-03  7e-03 19:08.6
 1700  20400 4.339670740290974e-04 2.3e+02 5.38e-02  3e-03  2e-02 19:55.3
 1800  21600 4.245589459668486e-04 2.0e+02 1.00e-01  4e-03  2e-02 20:41.7
 1900  22800 4.137863617964788e-04 2.2e+02 6.66e-02  3e-03  1e-02 21:28.9
 2000  24000 3.522558915649008e-04 1.7e+02 1.89e-01  4e-03  3e-02 22:15.1
Iterat #Fevals   function value  axis ratio  sigma  min&max std  t[m:s]
 2100  25200 2.806567444391602e-04 1.9e+02 1.38e-01  2e-03  2e-02 23:01.9
 2200  26400 2.562295944470257e-04 1.8e+02 1.38e-01  2e-03  1e-02 23:48.1
 2300  27600 2.455760809847750e-04 2.1e+02 1.27e-01  1e-03  1e-02 24:34.6
 2400  28800 2.435190994905344e-04 2.4e+02 1.16e-01  7e-04  8e-03 25:21.1
 2500  30000 2.419095718238631e-04 2.8e+02 1.26e-01  9e-04  8e-03 26:08.3
 2600  31200 2.401117025235699e-04 3.8e+02 1.57e-01  8e-04  1e-02 26:56.6
 2700  32400 2.393684881952923e-04 5.1e+02 1.02e-01  4e-04  8e-03 27:42.7
 2800  33600 2.392236614751642e-04 8.6e+02 2.37e-02  7e-05  2e-03 28:29.0
 2900  34800 2.392226863913218e-04 8.3e+02 7.98e-04  2e-06  6e-05 29:15.3
 2924  35088 2.392226855922558e-04 8.7e+02 5.49e-04  1e-06  4e-05 29:26.7
/home/adrianps/Universal-Approximator/qibo_sim/classes/ApproximantNN.py:783: ComplexWarning: Casting complex values to real discards the imaginary part
  params[0, 0] = 1 / period * np.trapz(y, x)
/home/adrianps/Universal-Approximator/qibo_sim/classes/ApproximantNN.py:786: ComplexWarning: Casting complex values to real discards the imaginary part
  params[_, 0] = 2 / period * np.trapz(y * cos, x)
/home/adrianps/Universal-Approximator/qibo_sim/classes/ApproximantNN.py:788: ComplexWarning: Casting complex values to real discards the imaginary part
  params[_, 1] = 2 / period * np.trapz(y * sin, x)
/home/adrianps/Universal-Approximator/qibo_sim/classes/ApproximantNN.py:783: ComplexWarning: Casting complex values to real discards the imaginary part
  params[0, 0] = 1 / period * np.trapz(y, x)
/home/adrianps/Universal-Approximator/qibo_sim/classes/ApproximantNN.py:786: ComplexWarning: Casting complex values to real discards the imaginary part
  params[_, 0] = 2 / period * np.trapz(y * cos, x)
/home/adrianps/Universal-Approximator/qibo_sim/classes/ApproximantNN.py:788: ComplexWarning: Casting complex values to real discards the imaginary part
  params[_, 1] = 2 / period * np.trapz(y * sin, x)
/home/adrianps/Universal-Approximator/qibo_sim/classes/ApproximantNN.py:783: ComplexWarning: Casting complex values to real discards the imaginary part
  params[0, 0] = 1 / period * np.trapz(y, x)
/home/adrianps/Universal-Approximator/qibo_sim/classes/ApproximantNN.py:786: ComplexWarning: Casting complex values to real discards the imaginary part
  params[_, 0] = 2 / period * np.trapz(y * cos, x)
/home/adrianps/Universal-Approximator/qibo_sim/classes/ApproximantNN.py:788: ComplexWarning: Casting complex values to real discards the imaginary part
  params[_, 1] = 2 / period * np.trapz(y * sin, x)
/home/adrianps/Universal-Approximator/qibo_sim/classes/ApproximantNN.py:783: ComplexWarning: Casting complex values to real discards the imaginary part
  params[0, 0] = 1 / period * np.trapz(y, x)
/home/adrianps/Universal-Approximator/qibo_sim/classes/ApproximantNN.py:786: ComplexWarning: Casting complex values to real discards the imaginary part
  params[_, 0] = 2 / period * np.trapz(y * cos, x)
/home/adrianps/Universal-Approximator/qibo_sim/classes/ApproximantNN.py:788: ComplexWarning: Casting complex values to real discards the imaginary part
  params[_, 1] = 2 / period * np.trapz(y * sin, x)
/home/adrianps/Universal-Approximator/qibo_sim/classes/ApproximantNN.py:783: ComplexWarning: Casting complex values to real discards the imaginary part
  params[0, 0] = 1 / period * np.trapz(y, x)
/home/adrianps/Universal-Approximator/qibo_sim/classes/ApproximantNN.py:786: ComplexWarning: Casting complex values to real discards the imaginary part
  params[_, 0] = 2 / period * np.trapz(y * cos, x)
/home/adrianps/Universal-Approximator/qibo_sim/classes/ApproximantNN.py:788: ComplexWarning: Casting complex values to real discards the imaginary part
  params[_, 1] = 2 / period * np.trapz(y * sin, x)
/home/adrianps/Universal-Approximator/qibo_sim/classes/ApproximantNN.py:783: ComplexWarning: Casting complex values to real discards the imaginary part
  params[0, 0] = 1 / period * np.trapz(y, x)
/home/adrianps/Universal-Approximator/qibo_sim/classes/ApproximantNN.py:786: ComplexWarning: Casting complex values to real discards the imaginary part
  params[_, 0] = 2 / period * np.trapz(y * cos, x)
/home/adrianps/Universal-Approximator/qibo_sim/classes/ApproximantNN.py:788: ComplexWarning: Casting complex values to real discards the imaginary part
  params[_, 1] = 2 / period * np.trapz(y * sin, x)
/home/adrianps/Universal-Approximator/qibo_sim/classes/ApproximantNN.py:783: ComplexWarning: Casting complex values to real discards the imaginary part
  params[0, 0] = 1 / period * np.trapz(y, x)
/home/adrianps/Universal-Approximator/qibo_sim/classes/ApproximantNN.py:786: ComplexWarning: Casting complex values to real discards the imaginary part
  params[_, 0] = 2 / period * np.trapz(y * cos, x)
/home/adrianps/Universal-Approximator/qibo_sim/classes/ApproximantNN.py:788: ComplexWarning: Casting complex values to real discards the imaginary part
  params[_, 1] = 2 / period * np.trapz(y * sin, x)
/home/adrianps/Universal-Approximator/qibo_sim/classes/ApproximantNN.py:783: ComplexWarning: Casting complex values to real discards the imaginary part
  params[0, 0] = 1 / period * np.trapz(y, x)
/home/adrianps/Universal-Approximator/qibo_sim/classes/ApproximantNN.py:786: ComplexWarning: Casting complex values to real discards the imaginary part
  params[_, 0] = 2 / period * np.trapz(y * cos, x)
/home/adrianps/Universal-Approximator/qibo_sim/classes/ApproximantNN.py:788: ComplexWarning: Casting complex values to real discards the imaginary part
  params[_, 1] = 2 / period * np.trapz(y * sin, x)
/home/adrianps/Universal-Approximator/qibo_sim/classes/ApproximantNN.py:783: ComplexWarning: Casting complex values to real discards the imaginary part
  params[0, 0] = 1 / period * np.trapz(y, x)
/home/adrianps/Universal-Approximator/qibo_sim/classes/ApproximantNN.py:786: ComplexWarning: Casting complex values to real discards the imaginary part
  params[_, 0] = 2 / period * np.trapz(y * cos, x)
/home/adrianps/Universal-Approximator/qibo_sim/classes/ApproximantNN.py:788: ComplexWarning: Casting complex values to real discards the imaginary part
  params[_, 1] = 2 / period * np.trapz(y * sin, x)
/home/adrianps/Universal-Approximator/qibo_sim/classes/ApproximantNN.py:783: ComplexWarning: Casting complex values to real discards the imaginary part
  params[0, 0] = 1 / period * np.trapz(y, x)
/home/adrianps/Universal-Approximator/qibo_sim/classes/ApproximantNN.py:786: ComplexWarning: Casting complex values to real discards the imaginary part
  params[_, 0] = 2 / period * np.trapz(y * cos, x)
/home/adrianps/Universal-Approximator/qibo_sim/classes/ApproximantNN.py:788: ComplexWarning: Casting complex values to real discards the imaginary part
  params[_, 1] = 2 / period * np.trapz(y * sin, x)
/home/adrianps/Universal-Approximator/qibo_sim/classes/ApproximantNN.py:552: RuntimeWarning: More than 20 figures have been opened. Figures created through the pyplot interface (`matplotlib.pyplot.figure`) are retained until explicitly closed and may consume too much memory. (To control this warning, see the rcParam `figure.max_open_warning`).
  fig, axs = plt.subplots(nrows=2, figsize=(8,10))
/home/adrianps/Universal-Approximator/qibo_sim/classes/ApproximantNN.py:783: ComplexWarning: Casting complex values to real discards the imaginary part
  params[0, 0] = 1 / period * np.trapz(y, x)
/home/adrianps/Universal-Approximator/qibo_sim/classes/ApproximantNN.py:786: ComplexWarning: Casting complex values to real discards the imaginary part
  params[_, 0] = 2 / period * np.trapz(y * cos, x)
/home/adrianps/Universal-Approximator/qibo_sim/classes/ApproximantNN.py:788: ComplexWarning: Casting complex values to real discards the imaginary part
  params[_, 1] = 2 / period * np.trapz(y * sin, x)
/home/adrianps/Universal-Approximator/qibo_sim/classes/ApproximantNN.py:577: RuntimeWarning: More than 20 figures have been opened. Figures created through the pyplot interface (`matplotlib.pyplot.figure`) are retained until explicitly closed and may consume too much memory. (To control this warning, see the rcParam `figure.max_open_warning`).
  fig, axs = plt.subplots(nrows=2, figsize=(8,10))
/home/adrianps/Universal-Approximator/qibo_sim/classes/ApproximantNN.py:552: RuntimeWarning: More than 20 figures have been opened. Figures created through the pyplot interface (`matplotlib.pyplot.figure`) are retained until explicitly closed and may consume too much memory. (To control this warning, see the rcParam `figure.max_open_warning`).
  fig, axs = plt.subplots(nrows=2, figsize=(8,10))
/home/adrianps/Universal-Approximator/qibo_sim/classes/ApproximantNN.py:783: ComplexWarning: Casting complex values to real discards the imaginary part
  params[0, 0] = 1 / period * np.trapz(y, x)
/home/adrianps/Universal-Approximator/qibo_sim/classes/ApproximantNN.py:786: ComplexWarning: Casting complex values to real discards the imaginary part
  params[_, 0] = 2 / period * np.trapz(y * cos, x)
/home/adrianps/Universal-Approximator/qibo_sim/classes/ApproximantNN.py:788: ComplexWarning: Casting complex values to real discards the imaginary part
  params[_, 1] = 2 / period * np.trapz(y * sin, x)
/home/adrianps/Universal-Approximator/qibo_sim/classes/ApproximantNN.py:577: RuntimeWarning: More than 20 figures have been opened. Figures created through the pyplot interface (`matplotlib.pyplot.figure`) are retained until explicitly closed and may consume too much memory. (To control this warning, see the rcParam `figure.max_open_warning`).
  fig, axs = plt.subplots(nrows=2, figsize=(8,10))
termination on tolfun=1e-11 (Fri Nov 27 18:37:22 2020)
final/bestever f-value = 2.392227e-04 2.392227e-04
incumbent solution: [-0.17791006  5.8226075   6.47401066  3.48764052 -3.93015734 -1.44307999
  0.18757321  0.52622924 ...]
std deviations: [5.18120810e-06 2.61810929e-05 2.64728752e-06 7.96820632e-06
 3.64566134e-05 9.67494388e-06 3.64563832e-06 1.18867498e-05 ...]
