cma
(3_w,6)-aCMA-ES (mu_w=2.0,w_1=63%) in dimension 2 (seed=545619, Fri Nov 27 15:27:04 2020)
Iterat #Fevals   function value  axis ratio  sigma  min&max std  t[m:s]
    1      6 5.222106969651059e-01 1.0e+00 9.35e-01  8e-01  9e-01 0:00.3
    2     12 5.490736385574123e-01 1.1e+00 7.47e-01  6e-01  7e-01 0:00.5
    3     18 5.194178658037373e-01 1.2e+00 5.58e-01  4e-01  5e-01 0:00.8
   15     90 5.150914264032532e-01 2.5e+00 2.30e-01  4e-02  1e-01 0:04.1
   30    180 5.146281412042684e-01 3.2e+00 2.03e-02  8e-04  2e-03 0:08.1
   49    294 5.146280601428773e-01 3.0e+00 9.03e-04  7e-06  2e-05 0:13.3
   69    414 5.146280601226659e-01 2.1e+00 4.81e-05  7e-08  1e-07 0:18.7
termination on tolfun=1e-11 (Fri Nov 27 15:27:23 2020)
final/bestever f-value = 5.146281e-01 5.146281e-01
incumbent solution: [4.523312361536548e-08, 2.5010645075923357]
std deviation: [7.229204944415177e-08, 1.3065789098017668e-07]
cma
(3_w,6)-aCMA-ES (mu_w=2.0,w_1=63%) in dimension 2 (seed=609901, Fri Nov 27 15:27:23 2020)
Iterat #Fevals   function value  axis ratio  sigma  min&max std  t[m:s]
    1      6 5.783444961447850e-01 1.0e+00 1.19e+00  1e+00  1e+00 0:00.3
    2     12 5.476705834627947e-01 1.6e+00 1.30e+00  1e+00  1e+00 0:00.5
    3     18 5.266359645502441e-01 1.3e+00 1.14e+00  1e+00  1e+00 0:00.8
   15     90 5.148090457050594e-01 1.8e+00 1.19e-01  2e-02  4e-02 0:04.1
   30    180 5.146280831775522e-01 2.4e+00 9.06e-03  4e-04  7e-04 0:08.1
   49    294 5.146280602182690e-01 2.6e+00 1.36e-03  1e-05  3e-05 0:13.2
   72    432 5.146280601226655e-01 2.3e+00 5.65e-05  6e-08  2e-07 0:19.4
   73    438 5.146280601226663e-01 3.1e+00 4.56e-05  5e-08  1e-07 0:19.7
termination on tolfun=1e-11 (Fri Nov 27 15:27:43 2020)
final/bestever f-value = 5.146281e-01 5.146281e-01
incumbent solution: [3.1415926274446457, -2.5010645182837346]
std deviation: [4.507624543025934e-08, 1.4777630067968546e-07]
cma
(4_w,8)-aCMA-ES (mu_w=2.6,w_1=52%) in dimension 5 (seed=639876, Fri Nov 27 15:27:43 2020)
Iterat #Fevals   function value  axis ratio  sigma  min&max std  t[m:s]
    1      8 3.861966093212260e-01 1.0e+00 1.04e+00  1e+00  1e+00 0:00.4
    2     16 4.938629296834147e-01 1.3e+00 1.11e+00  1e+00  1e+00 0:00.9
    3     24 7.806731602593068e-01 1.5e+00 1.22e+00  1e+00  1e+00 0:01.3
   10     80 1.648722778043263e-01 1.7e+00 6.13e-01  5e-01  6e-01 0:04.3
   20    160 1.101562106006760e-01 2.6e+00 2.25e-01  1e-01  2e-01 0:08.6
   32    256 1.034648556739818e-01 4.1e+00 8.86e-02  2e-02  9e-02 0:13.7
   47    376 8.142200010351283e-02 5.2e+00 1.43e-01  3e-02  1e-01 0:20.2
   64    512 7.739552673299394e-02 4.4e+00 7.06e-02  1e-02  3e-02 0:27.4
   83    664 7.724454230955516e-02 5.0e+00 1.74e-02  1e-03  5e-03 0:35.6
  100    800 7.724283633456804e-02 6.8e+00 3.96e-03  2e-04  8e-04 0:42.8
  124    992 7.724279249371709e-02 4.9e+00 4.07e-04  1e-05  3e-05 0:53.1
  150   1200 7.724279225092807e-02 5.1e+00 5.22e-05  8e-07  3e-06 1:04.2
  164   1312 7.724279224952287e-02 7.0e+00 1.52e-05  2e-07  6e-07 1:10.2
termination on tolfun=1e-11 (Fri Nov 27 15:28:54 2020)
final/bestever f-value = 7.724279e-02 7.724279e-02
incumbent solution: [-2.326320790267912e-08, -2.4436491505420097, -2.3255442898597174, 3.6892353229189375e-08, -0.11749066612233755]
std deviation: [2.4371908902522193e-07, 4.656304361723895e-07, 1.6339838217877245e-07, 2.70213749216657e-07, 5.944634996827502e-07]
cma
(4_w,8)-aCMA-ES (mu_w=2.6,w_1=52%) in dimension 5 (seed=590945, Fri Nov 27 15:28:54 2020)
Iterat #Fevals   function value  axis ratio  sigma  min&max std  t[m:s]
    1      8 1.225285075015617e+00 1.0e+00 9.38e-01  9e-01  1e+00 0:00.4
    2     16 4.007888708110865e-01 1.3e+00 1.08e+00  1e+00  1e+00 0:00.9
    3     24 7.492447530805864e-01 1.6e+00 1.07e+00  1e+00  1e+00 0:01.3
   11     88 5.486300308088921e-01 1.9e+00 9.62e-01  7e-01  1e+00 0:04.7
   21    168 1.325572532269398e-01 2.5e+00 3.07e-01  2e-01  2e-01 0:09.0
   33    264 1.058621845210302e-01 3.2e+00 1.30e-01  5e-02  1e-01 0:14.1
   48    384 8.469001911243976e-02 7.7e+00 1.89e-01  6e-02  2e-01 0:20.5
   65    520 7.732115524137534e-02 6.0e+00 7.95e-02  1e-02  4e-02 0:27.8
   84    672 7.724304096444080e-02 5.6e+00 6.55e-03  6e-04  2e-03 0:35.9
  100    800 7.724280532812523e-02 5.4e+00 1.53e-03  8e-05  3e-04 0:42.7
  124    992 7.724279227369114e-02 5.9e+00 1.63e-04  4e-06  2e-05 0:53.0
  150   1200 7.724279224953166e-02 7.0e+00 1.15e-05  2e-07  6e-07 1:04.1
  157   1256 7.724279224947733e-02 7.2e+00 5.18e-06  6e-08  2e-07 1:07.1
termination on tolfun=1e-11 (Fri Nov 27 15:30:01 2020)
final/bestever f-value = 7.724279e-02 7.724279e-02
incumbent solution: [-1.847456817352718e-08, -2.4436487654010772, -0.8160483776479294, 3.1415926401403946, 0.11749077324951462]
std deviation: [8.780161153071631e-08, 2.338495043315466e-07, 6.256067060292236e-08, 1.0649002462760034e-07, 2.0475570674055945e-07]
cma
(5_w,10)-aCMA-ES (mu_w=3.2,w_1=45%) in dimension 8 (seed=531014, Fri Nov 27 15:30:02 2020)
Iterat #Fevals   function value  axis ratio  sigma  min&max std  t[m:s]
    1     10 1.033832327463851e+00 1.0e+00 9.70e-01  9e-01  1e+00 0:00.6
    2     20 1.539169894783110e+00 1.3e+00 9.85e-01  9e-01  1e+00 0:01.3
    3     30 3.958156241832994e-01 1.4e+00 8.82e-01  8e-01  1e+00 0:01.9
    8     80 3.891148455518908e-01 1.8e+00 7.32e-01  6e-01  8e-01 0:05.0
   15    150 1.901297979051675e-01 2.3e+00 3.83e-01  3e-01  4e-01 0:09.4
   24    240 1.072550414843455e-01 2.9e+00 2.69e-01  2e-01  3e-01 0:15.1
   34    340 6.825155693420805e-02 4.1e+00 2.16e-01  1e-01  2e-01 0:21.3
   46    460 6.170051595913010e-02 6.1e+00 2.45e-01  1e-01  3e-01 0:28.8
   59    590 5.118846622089671e-02 9.8e+00 1.21e-01  6e-02  2e-01 0:36.8
   74    740 4.581401658784265e-02 1.4e+01 9.61e-02  3e-02  1e-01 0:46.2
   91    910 4.388881918702313e-02 1.7e+01 5.65e-02  2e-02  7e-02 0:56.8
  100   1000 4.296810460015352e-02 1.8e+01 5.72e-02  2e-02  8e-02 1:02.4
  120   1200 4.173314237781666e-02 2.3e+01 6.30e-02  1e-02  9e-02 1:14.9
  141   1410 4.103678456131573e-02 1.9e+01 7.31e-02  9e-03  8e-02 1:28.1
  164   1640 4.008030365974942e-02 1.6e+01 6.91e-02  6e-03  5e-02 1:42.4
  188   1880 3.896955955411373e-02 1.9e+01 8.54e-02  6e-03  6e-02 1:57.4
  200   2000 3.836171317861582e-02 2.0e+01 1.47e-01  8e-03  1e-01 2:04.9
  228   2280 3.652661784224830e-02 2.6e+01 1.85e-01  7e-03  1e-01 2:22.3
  258   2580 2.957194692272617e-02 3.8e+01 4.46e-01  1e-02  3e-01 2:40.9
  289   2890 2.488726066337198e-02 2.0e+01 3.77e-01  1e-02  1e-01 3:00.0
  300   3000 2.446614928162927e-02 2.0e+01 2.29e-01  6e-03  6e-02 3:06.8
  334   3340 2.433618678086077e-02 1.7e+01 1.90e-02  3e-04  3e-03 3:27.9
  370   3700 2.433605448609850e-02 2.5e+01 9.43e-04  9e-06  1e-04 3:50.1
  400   4000 2.433605421070732e-02 2.4e+01 6.97e-05  4e-07  6e-06 4:08.7
  420   4200 2.433605421039634e-02 1.9e+01 1.49e-05  7e-08  8e-07 4:21.0
termination on tolfun=1e-11 (Fri Nov 27 15:34:24 2020)
final/bestever f-value = 2.433605e-02 2.433605e-02
incumbent solution: [3.141592631092727, -2.668495346562588, 2.176433817876428, -1.448393525973331e-07, 5.349365615491127, -0.24510413300126088, 1.5040241624678334e-07, -10.405138239400276]
std deviation: [8.654276150777116e-08, 1.8948880447032678e-07, 7.7399446268645e-08, 2.535958511782119e-07, 6.607287294766811e-07, 7.049506031999084e-08, 2.93513390495994e-07, 8.464667860073007e-07]
cma
(5_w,10)-aCMA-ES (mu_w=3.2,w_1=45%) in dimension 8 (seed=622605, Fri Nov 27 15:34:24 2020)
Iterat #Fevals   function value  axis ratio  sigma  min&max std  t[m:s]
    1     10 7.029190110213572e-01 1.0e+00 8.84e-01  9e-01  9e-01 0:00.6
    2     20 7.525301779070070e-01 1.1e+00 8.13e-01  8e-01  8e-01 0:01.2
    3     30 8.441169723831325e-01 1.2e+00 7.43e-01  7e-01  8e-01 0:01.9
    8     80 5.265883827046067e-01 1.5e+00 4.19e-01  3e-01  4e-01 0:05.0
   15    150 1.358261065707591e-01 2.1e+00 3.52e-01  3e-01  3e-01 0:09.4
   24    240 1.038054514216910e-01 3.0e+00 2.19e-01  2e-01  2e-01 0:15.0
   34    340 9.032338398496130e-02 3.6e+00 1.33e-01  7e-02  1e-01 0:21.2
   46    460 7.821907930352325e-02 5.1e+00 5.52e-02  2e-02  6e-02 0:28.6
   59    590 7.726257746759012e-02 6.2e+00 1.54e-02  4e-03  1e-02 0:36.7
   74    740 7.724383078331522e-02 7.9e+00 6.00e-03  1e-03  5e-03 0:46.0
   91    910 7.724286846952985e-02 1.2e+01 1.94e-03  3e-04  2e-03 0:56.6
  100   1000 7.724280865677066e-02 1.9e+01 9.82e-04  1e-04  1e-03 1:02.2
  120   1200 7.724278831613524e-02 2.8e+01 3.88e-04  3e-05  4e-04 1:14.7
  141   1410 7.724278650577636e-02 5.5e+01 1.40e-04  7e-06  2e-04 1:27.8
  164   1640 7.724278635459768e-02 1.1e+02 3.54e-05  1e-06  6e-05 1:42.1
  189   1890 7.724278617604406e-02 3.2e+02 2.15e-04  6e-06  8e-04 1:57.8
  200   2000 7.724278577120361e-02 5.5e+02 3.33e-04  7e-06  2e-03 2:04.6
  228   2280 7.724273763679862e-02 3.1e+03 5.62e-03  8e-05  9e-02 2:22.1
  257   2570 7.724217147862733e-02 2.5e+03 1.15e-02  3e-04  1e-01 2:40.2
  288   2880 7.724031478568509e-02 1.2e+03 2.64e-02  6e-04  9e-02 2:59.6
  300   3000 7.723869082765464e-02 7.1e+02 3.16e-02  7e-04  6e-02 3:07.1
  334   3340 7.720298849196654e-02 2.6e+02 1.64e-01  3e-03  1e-01 3:28.3
  370   3700 7.709192641356939e-02 1.6e+02 4.82e-01  7e-03  2e-01 3:50.8
  400   4000 7.643642498533049e-02 8.3e+01 5.15e-01  7e-03  9e-02 4:09.6
  439   4390 7.402802645067909e-02 5.1e+01 1.54e+00  2e-02  1e-01 4:34.0
  480   4800 6.723932636536251e-02 2.8e+01 3.19e+00  3e-02  2e-01 4:59.6
  500   5000 5.338539382688262e-02 3.1e+01 3.92e+00  2e-02  2e-01 5:12.0
  544   5440 3.440904608793291e-02 1.3e+01 7.45e+00  2e-02  2e-01 5:39.5
  589   5890 1.263625953844331e-02 2.4e+01 9.39e+00  2e-02  2e-01 6:07.6
  600   6000 1.088580513662903e-02 2.8e+01 6.09e+00  1e-02  2e-01 6:14.5
  649   6490 1.053213451237998e-02 4.7e+01 3.81e-01  3e-04  7e-03 6:45.1
  699   6990 1.053181596305747e-02 3.2e+01 7.29e-03  4e-06  6e-05 7:16.3
  700   7000 1.053181596643384e-02 3.0e+01 6.72e-03  3e-06  5e-05 7:17.0
  738   7380 1.053181595023601e-02 3.8e+01 2.84e-04  8e-08  1e-06 7:40.7
termination on tolfun=1e-11 (Fri Nov 27 15:42:06 2020)
final/bestever f-value = 1.053182e-02 1.053182e-02
incumbent solution: [3.806038509730478e-10, 2.714478996364097, -1.9167519927508405, 3.1415924038883376, 10.657361897552757, -2.7532385299254614, -2.2593034286128635e-07, 5.516326670278401]
std deviation: [7.846590266957663e-08, 3.9491687655522924e-07, 1.7134992506752205e-07, 2.1413544369070926e-07, 1.4067854960531453e-06, 1.0735821286436424e-07, 1.8553124319377584e-07, 1.094192448663691e-06]
cma
(5_w,11)-aCMA-ES (mu_w=3.4,w_1=42%) in dimension 11 (seed=523235, Fri Nov 27 15:42:07 2020)
Iterat #Fevals   function value  axis ratio  sigma  min&max std  t[m:s]
    1     11 1.588760094793295e+00 1.0e+00 9.75e-01  9e-01  1e+00 0:00.8
    2     22 5.220139110100784e-01 1.2e+00 9.13e-01  9e-01  1e+00 0:01.5
    3     33 5.212467891317718e-01 1.3e+00 9.05e-01  8e-01  1e+00 0:02.3
    7     77 1.944266900358493e-01 1.5e+00 7.54e-01  7e-01  8e-01 0:05.4
   13    143 5.076270009290881e-01 1.7e+00 6.30e-01  5e-01  7e-01 0:10.0
   20    220 2.710511034495819e-01 2.1e+00 7.11e-01  6e-01  8e-01 0:15.4
   28    308 1.467477627413726e-01 2.2e+00 4.59e-01  3e-01  5e-01 0:21.6
   38    418 1.465982849236246e-01 2.8e+00 3.40e-01  2e-01  4e-01 0:29.3
   49    539 1.294324364610097e-01 3.7e+00 1.98e-01  1e-01  2e-01 0:37.7
   61    671 1.032523735301625e-01 4.3e+00 1.46e-01  1e-01  2e-01 0:47.0
   74    814 8.146554148880082e-02 5.4e+00 9.78e-02  6e-02  1e-01 0:57.0
   89    979 7.266145179778605e-02 8.1e+00 8.41e-02  5e-02  1e-01 1:08.5
  100   1100 6.653892293486464e-02 8.8e+00 6.36e-02  4e-02  7e-02 1:17.0
  117   1287 5.225477147941993e-02 1.3e+01 1.33e-01  7e-02  2e-01 1:30.1
  136   1496 3.827142081187929e-02 1.5e+01 1.40e-01  6e-02  2e-01 1:44.8
  156   1716 2.123562715123731e-02 1.8e+01 1.50e-01  6e-02  2e-01 2:00.2
  177   1947 1.848092050697767e-02 1.7e+01 5.93e-02  2e-02  7e-02 2:16.3
  200   2200 1.815497602473852e-02 1.8e+01 1.61e-02  4e-03  2e-02 2:34.1
  224   2464 1.812140025901522e-02 1.6e+01 4.26e-03  7e-04  3e-03 2:52.6
  249   2739 1.812035890626174e-02 2.2e+01 1.17e-03  1e-04  9e-04 3:11.8
  275   3025 1.812030399571115e-02 3.0e+01 2.60e-04  2e-05  2e-04 3:31.9
  300   3300 1.812030319076041e-02 4.2e+01 4.37e-05  3e-06  3e-05 3:51.1
  329   3619 1.812030316929509e-02 5.5e+01 1.28e-05  7e-07  8e-06 4:13.5
  345   3795 1.812030316834670e-02 6.3e+01 5.01e-06  2e-07  3e-06 4:25.8
termination on tolfun=1e-11 (Fri Nov 27 15:46:33 2020)
final/bestever f-value = 1.812030e-02 1.812030e-02
incumbent solution: [ 2.16667935e+00  3.52583650e+00 -5.88120470e-01  1.38185081e+00
 -9.50566600e-07 -8.27664781e-01  2.46826992e+00 -4.73360514e+00 ...]
std deviations: [2.62945040e-06 1.56119532e-06 2.52043705e-06 2.49863562e-06
 2.14422301e-06 1.71369770e-06 3.23728098e-06 1.30901070e-06 ...]
cma
(5_w,11)-aCMA-ES (mu_w=3.4,w_1=42%) in dimension 11 (seed=679379, Fri Nov 27 15:46:33 2020)
Iterat #Fevals   function value  axis ratio  sigma  min&max std  t[m:s]
    1     11 9.239662267878734e-01 1.0e+00 9.93e-01  1e+00  1e+00 0:00.8
    2     22 4.844341709337657e-01 1.3e+00 9.31e-01  9e-01  9e-01 0:01.6
    3     33 1.084837582641498e+00 1.3e+00 8.83e-01  8e-01  9e-01 0:02.3
    7     77 5.681763691205167e-01 1.5e+00 8.54e-01  8e-01  9e-01 0:05.4
   13    143 1.043255755103622e+00 2.0e+00 1.11e+00  9e-01  1e+00 0:10.1
   20    220 4.414011717240116e-01 2.2e+00 8.96e-01  8e-01  1e+00 0:15.5
   28    308 4.900048609715403e-01 2.4e+00 7.43e-01  6e-01  8e-01 0:21.7
   37    407 3.651586808954840e-01 2.2e+00 5.33e-01  4e-01  6e-01 0:28.8
   48    528 1.425022418705867e-01 2.7e+00 3.99e-01  3e-01  4e-01 0:37.3
   60    660 1.126987602700467e-01 3.5e+00 1.67e-01  1e-01  2e-01 0:46.6
   73    803 8.427618647493056e-02 5.0e+00 1.30e-01  8e-02  2e-01 0:56.7
   88    968 7.658400050081987e-02 5.5e+00 7.30e-02  4e-02  9e-02 1:08.4
  100   1100 7.017327705676089e-02 5.8e+00 7.46e-02  4e-02  8e-02 1:17.7
  117   1287 4.722199203887426e-02 9.9e+00 1.58e-01  7e-02  2e-01 1:30.9
  135   1485 2.454886373936990e-02 1.1e+01 9.84e-02  4e-02  1e-01 1:44.9
  155   1705 1.888741190359035e-02 1.4e+01 1.68e-01  8e-02  2e-01 2:00.5
  176   1936 1.191537154902779e-02 1.8e+01 7.13e-02  3e-02  9e-02 2:16.8
  198   2178 1.066929374999044e-02 2.0e+01 4.70e-02  2e-02  6e-02 2:33.9
  200   2200 1.064275778932562e-02 2.0e+01 3.80e-02  1e-02  5e-02 2:35.5
  225   2475 1.045431905425008e-02 2.3e+01 1.22e-02  3e-03  1e-02 2:54.9
  251   2761 1.042815136245314e-02 2.4e+01 6.96e-03  1e-03  7e-03 3:15.1
  279   3069 1.039045622395575e-02 4.0e+01 2.04e-02  3e-03  2e-02 3:36.8
  300   3300 1.028669086321642e-02 4.9e+01 4.18e-02  6e-03  5e-02 3:53.1
  330   3630 1.011777248052016e-02 5.4e+01 5.30e-02  7e-03  6e-02 4:16.3
  362   3982 9.664354788336502e-03 5.5e+01 6.20e-02  8e-03  7e-02 4:41.1
  395   4345 8.543995611054811e-03 7.0e+01 1.67e-01  2e-02  2e-01 5:06.7
  400   4400 7.780865753281060e-03 7.0e+01 1.67e-01  2e-02  2e-01 5:10.5
  435   4785 6.016385655680806e-03 5.0e+01 1.41e-01  1e-02  1e-01 5:37.6
  472   5192 5.700973617174743e-03 4.9e+01 4.91e-02  3e-03  3e-02 6:06.2
  500   5500 5.686066692770865e-03 5.1e+01 9.07e-03  4e-04  4e-03 6:27.8
  539   5929 5.685713651890634e-03 4.9e+01 9.29e-04  3e-05  3e-04 6:58.0
  580   6380 5.685711945135743e-03 4.4e+01 7.67e-05  2e-06  1e-05 7:29.7
  600   6600 5.685711941487195e-03 4.7e+01 1.57e-05  4e-07  3e-06 7:45.1
  611   6721 5.685711941406579e-03 4.5e+01 8.62e-06  2e-07  1e-06 7:53.6
termination on tolfun=1e-11 (Fri Nov 27 15:54:28 2020)
final/bestever f-value = 5.685712e-03 5.685712e-03
incumbent solution: [-3.45693174e-07 -8.03536632e+00  3.64410040e+00 -6.28318581e+00
 -3.82323905e+00  8.21770374e-01  3.14159279e+00 -5.58187065e+00 ...]
std deviations: [3.77463009e-07 1.02068328e-06 2.00614868e-07 4.66319604e-07
 7.02970200e-07 2.59807256e-07 2.35916054e-07 1.28315080e-06 ...]
cma
(5_w,11)-aCMA-ES (mu_w=3.4,w_1=42%) in dimension 14 (seed=610393, Fri Nov 27 15:54:28 2020)
Iterat #Fevals   function value  axis ratio  sigma  min&max std  t[m:s]
    1     11 7.122458401581091e-01 1.0e+00 9.14e-01  9e-01  9e-01 0:00.9
    2     22 6.200916595094618e-01 1.1e+00 9.13e-01  9e-01  1e+00 0:01.7
    3     33 2.051377193235724e-01 1.2e+00 8.96e-01  9e-01  1e+00 0:02.6
    7     77 5.034335351763662e-01 1.5e+00 7.74e-01  7e-01  8e-01 0:06.1
   12    132 5.524460267993605e-01 1.6e+00 7.52e-01  7e-01  8e-01 0:10.4
   18    198 4.689626878656911e-01 1.7e+00 5.64e-01  5e-01  6e-01 0:15.7
   25    275 2.223550717718072e-01 1.9e+00 4.62e-01  4e-01  5e-01 0:21.7
   34    374 1.414503700529342e-01 2.2e+00 3.22e-01  3e-01  3e-01 0:29.6
   44    484 1.604259059569636e-01 2.7e+00 2.35e-01  2e-01  2e-01 0:38.3
   55    605 9.678990616359545e-02 3.1e+00 1.75e-01  1e-01  2e-01 0:47.8
   67    737 8.462927209164098e-02 3.4e+00 9.92e-02  7e-02  1e-01 0:58.3
   80    880 8.321995482197618e-02 4.7e+00 1.19e-01  9e-02  1e-01 1:09.6
   94   1034 7.859361145494700e-02 5.6e+00 8.50e-02  6e-02  9e-02 1:21.8
  100   1100 7.785077466071487e-02 6.2e+00 6.86e-02  5e-02  7e-02 1:27.0
  117   1287 7.787955190241694e-02 7.4e+00 5.71e-02  4e-02  6e-02 1:41.8
  135   1485 7.727172792999790e-02 9.2e+00 2.23e-02  1e-02  3e-02 1:57.5
  154   1694 7.721153558554862e-02 1.2e+01 1.28e-02  8e-03  2e-02 2:14.0
  174   1914 7.720535425171526e-02 1.7e+01 8.22e-03  5e-03  1e-02 2:31.4
  195   2145 7.717664254352680e-02 2.7e+01 1.20e-02  7e-03  2e-02 2:49.7
  200   2200 7.716956800063600e-02 3.3e+01 1.52e-02  9e-03  3e-02 2:54.1
  223   2453 7.700117298403422e-02 5.2e+01 2.48e-02  1e-02  5e-02 3:14.1
  248   2728 7.679144513271834e-02 5.3e+01 1.93e-02  9e-03  3e-02 3:35.9
  274   3014 7.541094170798342e-02 7.2e+01 5.36e-02  2e-02  1e-01 3:58.5
  300   3300 6.641833386062060e-02 7.3e+01 1.02e-01  4e-02  2e-01 4:21.1
  328   3608 4.693105036190489e-02 6.4e+01 1.30e-01  4e-02  2e-01 4:45.5
  357   3927 2.689347143684507e-02 4.9e+01 1.52e-01  5e-02  2e-01 5:10.7
  387   4257 1.674108378286922e-02 3.8e+01 1.12e-01  3e-02  1e-01 5:36.8
  400   4400 1.554070539071828e-02 3.7e+01 5.97e-02  2e-02  6e-02 5:48.1
  433   4763 1.368433015645508e-02 3.8e+01 5.39e-02  2e-02  5e-02 6:16.9
  467   5137 1.223373514235817e-02 3.6e+01 4.47e-02  1e-02  4e-02 6:46.4
  500   5500 1.064560831518588e-02 3.4e+01 1.41e-01  2e-02  1e-01 7:15.1
  536   5896 7.780071842127095e-03 3.4e+01 9.10e-02  1e-02  7e-02 7:46.5
  573   6303 7.168032369486345e-03 2.9e+01 3.54e-02  4e-03  2e-02 8:18.7
  600   6600 7.038886049259559e-03 2.5e+01 4.59e-02  5e-03  3e-02 8:42.2
  640   7040 6.799490990653594e-03 4.7e+01 3.07e-02  4e-03  4e-02 9:17.1
  681   7491 6.692710941577188e-03 6.0e+01 2.80e-02  3e-03  4e-02 9:52.8
  700   7700 6.675982885226369e-03 6.2e+01 2.02e-02  2e-03  3e-02 10:09.3
  743   8173 6.641681885808156e-03 7.6e+01 3.46e-02  3e-03  4e-02 10:46.8
  787   8657 6.474117116529006e-03 5.3e+01 5.81e-02  4e-03  4e-02 11:25.2
  800   8800 6.443463932700369e-03 5.3e+01 4.86e-02  4e-03  3e-02 11:36.5
  846   9306 6.326571705844399e-03 7.9e+01 8.92e-02  5e-03  8e-02 12:16.6
  894   9834 6.248875738028501e-03 9.0e+01 4.04e-02  2e-03  3e-02 12:58.0
  900   9900 6.238727170543020e-03 9.0e+01 3.20e-02  2e-03  3e-02 13:03.2
  950  10450 6.059487474390354e-03 1.2e+02 1.03e-01  5e-03  9e-02 13:46.3
 1000  11000 5.594817841407312e-03 1.2e+02 2.60e-01  1e-02  2e-01 14:29.4
Iterat #Fevals   function value  axis ratio  sigma  min&max std  t[m:s]
 1053  11583 4.908840081506755e-03 8.9e+01 2.09e-01  8e-03  1e-01 15:15.1
 1100  12100 3.986052991002265e-03 7.4e+01 3.02e-01  9e-03  1e-01 15:55.6
 1155  12705 3.584066574532220e-03 5.4e+01 6.91e-02  1e-03  2e-02 16:43.1
 1200  13200 3.571170120968943e-03 4.7e+01 3.69e-02  6e-04  7e-03 17:21.9
 1257  13827 3.566047641254139e-03 5.8e+01 1.15e-02  2e-04  2e-03 18:11.0
 1300  14300 3.566013413445351e-03 6.7e+01 1.11e-03  1e-05  2e-04 18:48.1
 1360  14960 3.566013001895731e-03 7.8e+01 5.22e-05  5e-07  6e-06 19:39.8
 1379  15169 3.566013001575130e-03 7.6e+01 1.69e-05  2e-07  2e-06 19:56.2
termination on tolfun=1e-11 (Fri Nov 27 16:14:27 2020)
final/bestever f-value = 3.566013e-03 3.566013e-03
incumbent solution: [-4.42024563e-08 -7.15459131e+00 -6.06085319e-01  3.14159269e+00
  5.05043353e+00 -1.90869829e+00 -3.14159233e+00 -1.27219073e+01 ...]
std deviations: [1.92320119e-07 9.99900165e-07 2.93223650e-07 2.41961713e-07
 9.40065196e-07 2.72881821e-07 3.61738301e-07 1.81818366e-06 ...]
cma
(5_w,11)-aCMA-ES (mu_w=3.4,w_1=42%) in dimension 14 (seed=576048, Fri Nov 27 16:14:27 2020)
Iterat #Fevals   function value  axis ratio  sigma  min&max std  t[m:s]
    1     11 2.833139089799037e-01 1.0e+00 8.91e-01  9e-01  9e-01 0:00.9
    2     22 6.649048920568315e-01 1.1e+00 8.08e-01  8e-01  8e-01 0:01.7
    3     33 1.000630839380521e+00 1.1e+00 8.09e-01  8e-01  8e-01 0:02.6
    7     77 6.525566032231515e-01 1.4e+00 7.36e-01  7e-01  8e-01 0:06.1
   12    132 6.086467906589755e-01 1.7e+00 6.12e-01  6e-01  7e-01 0:10.4
   18    198 3.272975838628812e-01 1.7e+00 4.26e-01  4e-01  5e-01 0:15.5
   25    275 2.548372966373693e-01 1.9e+00 4.06e-01  3e-01  4e-01 0:21.6
   34    374 2.001591097706451e-01 2.3e+00 4.49e-01  4e-01  5e-01 0:29.3
   44    484 9.907756386749132e-02 2.6e+00 3.33e-01  3e-01  4e-01 0:38.0
   55    605 1.153273175611782e-01 3.2e+00 2.50e-01  2e-01  3e-01 0:47.5
   67    737 7.260470027198671e-02 3.6e+00 1.66e-01  1e-01  2e-01 0:57.8
   80    880 5.933405785460130e-02 3.9e+00 1.23e-01  9e-02  1e-01 1:09.1
   94   1034 5.072967793490091e-02 4.9e+00 8.83e-02  6e-02  1e-01 1:21.2
  100   1100 4.912489847962616e-02 5.1e+00 6.55e-02  4e-02  8e-02 1:26.3
  117   1287 4.682658379675744e-02 6.7e+00 3.61e-02  2e-02  4e-02 1:41.0
  135   1485 4.516163392929815e-02 9.3e+00 4.26e-02  2e-02  5e-02 1:56.6
  154   1694 4.469629476747110e-02 1.2e+01 3.81e-02  2e-02  5e-02 2:13.0
  174   1914 4.237097661294167e-02 1.3e+01 5.90e-02  3e-02  8e-02 2:30.3
  195   2145 3.905005327041814e-02 1.4e+01 5.53e-02  2e-02  7e-02 2:48.4
  200   2200 3.861045712779562e-02 1.3e+01 4.22e-02  2e-02  5e-02 2:52.7
  224   2464 3.408680923057614e-02 1.9e+01 6.82e-02  2e-02  1e-01 3:13.4
  249   2739 2.515079487000466e-02 2.8e+01 9.17e-02  3e-02  2e-01 3:35.0
  275   3025 2.400904977157270e-02 2.5e+01 4.80e-02  1e-02  8e-02 3:57.4
  300   3300 2.353173629137486e-02 2.5e+01 2.90e-02  6e-03  4e-02 4:19.0
  328   3608 2.316352623379759e-02 3.0e+01 4.02e-02  7e-03  6e-02 4:43.1
  358   3938 2.276885094374120e-02 4.0e+01 2.99e-02  5e-03  5e-02 5:09.0
  389   4279 2.202043589414382e-02 4.1e+01 6.40e-02  9e-03  1e-01 5:35.7
  400   4400 2.133727302738954e-02 4.1e+01 5.48e-02  8e-03  1e-01 5:45.2
  433   4763 1.958773420259449e-02 4.8e+01 8.90e-02  1e-02  2e-01 6:13.6
  467   5137 1.878496395109637e-02 4.2e+01 6.77e-02  6e-03  1e-01 6:42.9
  500   5500 1.603265575309405e-02 5.7e+01 1.52e-01  1e-02  2e-01 7:11.3
  537   5907 1.420752896403636e-02 3.9e+01 4.36e-02  3e-03  5e-02 7:43.1
  575   6325 1.406687774096558e-02 3.6e+01 1.48e-02  9e-04  1e-02 8:15.8
  600   6600 1.406037348308496e-02 3.1e+01 7.17e-03  4e-04  6e-03 8:37.4
  640   7040 1.398025355098131e-02 1.1e+02 3.80e-02  2e-03  6e-02 9:11.8
  681   7491 1.366546965044158e-02 7.3e+01 6.05e-02  2e-03  6e-02 9:47.1
  700   7700 1.360432099757186e-02 6.5e+01 5.50e-02  2e-03  4e-02 10:03.4
  743   8173 1.349539006435958e-02 4.4e+01 3.61e-02  1e-03  2e-02 10:40.4
  788   8668 1.337678754794550e-02 8.3e+01 7.67e-02  2e-03  6e-02 11:19.2
  800   8800 1.335078563329315e-02 9.1e+01 5.51e-02  1e-03  5e-02 11:29.6
  847   9317 1.325799263441541e-02 1.2e+02 7.26e-02  2e-03  7e-02 12:10.1
  895   9845 1.309477661161391e-02 9.5e+01 1.18e-01  3e-03  7e-02 12:51.4
  900   9900 1.299757325842070e-02 9.2e+01 1.29e-01  3e-03  8e-02 12:55.7
  950  10450 1.267270724162236e-02 1.0e+02 1.14e-01  2e-03  9e-02 13:38.8
 1000  11000 1.211933914094702e-02 1.0e+02 1.24e-01  2e-03  9e-02 14:21.9
Iterat #Fevals   function value  axis ratio  sigma  min&max std  t[m:s]
 1053  11583 1.167392953811482e-02 7.0e+01 1.91e-01  3e-03  9e-02 15:07.6
 1100  12100 1.013229159009629e-02 8.0e+01 3.73e-01  5e-03  2e-01 15:48.1
 1155  12705 9.012525023694918e-03 6.4e+01 1.36e-01  2e-03  4e-02 16:35.5
 1200  13200 8.979859757375372e-03 4.8e+01 2.30e-02  2e-04  5e-03 17:14.3
 1257  13827 8.979600776922388e-03 4.5e+01 8.94e-04  7e-06  1e-04 18:03.8
 1300  14300 8.979600541079876e-03 4.8e+01 8.18e-05  5e-07  9e-06 18:41.2
 1333  14663 8.979600539901773e-03 4.7e+01 1.10e-05  6e-08  1e-06 19:09.9
termination on tolfun=1e-11 (Fri Nov 27 16:33:39 2020)
final/bestever f-value = 8.979601e-03 8.979601e-03
incumbent solution: [ 5.38160180e-08  2.79789710e+00  9.73305892e-01  3.14159280e+00
  1.67532666e+01 -1.08883507e-01  3.14159260e+00 -5.33290038e+00 ...]
std deviations: [6.60394388e-08 1.61455392e-07 6.49984547e-08 4.63641582e-07
 1.13271944e-06 6.50815896e-08 5.08923289e-07 9.01989052e-07 ...]
cma
(6_w,12)-aCMA-ES (mu_w=3.7,w_1=40%) in dimension 17 (seed=541166, Fri Nov 27 16:33:40 2020)
Iterat #Fevals   function value  axis ratio  sigma  min&max std  t[m:s]
    1     12 6.541875106838237e-01 1.0e+00 9.51e-01  9e-01  1e+00 0:01.0
    2     24 6.680116299510664e-01 1.1e+00 9.61e-01  1e+00  1e+00 0:02.1
    3     36 6.515911105560428e-01 1.2e+00 9.50e-01  9e-01  1e+00 0:03.1
    6     72 8.355650914195281e-01 1.3e+00 9.39e-01  9e-01  1e+00 0:06.2
   10    120 6.637012201875774e-01 1.4e+00 8.37e-01  8e-01  9e-01 0:10.4
   15    180 5.687463508321864e-01 1.5e+00 9.73e-01  9e-01  1e+00 0:15.5
   21    252 9.956185168627572e-01 1.6e+00 1.05e+00  1e+00  1e+00 0:21.8
   28    336 6.862288273446334e-01 2.0e+00 1.40e+00  1e+00  2e+00 0:29.0
   36    432 7.133239236210144e-01 2.2e+00 1.29e+00  1e+00  2e+00 0:37.3
   45    540 1.036046716644623e+00 2.2e+00 1.21e+00  1e+00  1e+00 0:46.7
   55    660 6.125627008228436e-01 2.4e+00 9.54e-01  9e-01  1e+00 0:57.0
   66    792 7.907951195947645e-01 2.6e+00 9.32e-01  8e-01  1e+00 1:08.4
   78    936 1.068838624443433e+00 3.0e+00 8.89e-01  8e-01  1e+00 1:20.9
   91   1092 9.065580838022753e-01 3.1e+00 7.16e-01  6e-01  9e-01 1:34.4
  100   1200 3.065718859920158e-01 3.0e+00 5.13e-01  4e-01  6e-01 1:43.7
  115   1380 2.119418449750542e-01 2.9e+00 3.20e-01  2e-01  4e-01 1:59.3
  131   1572 1.506079983020479e-01 3.1e+00 2.41e-01  2e-01  3e-01 2:15.9
  148   1776 7.030024056248899e-02 3.4e+00 1.28e-01  8e-02  1e-01 2:33.5
  166   1992 6.771200493626862e-02 4.0e+00 9.70e-02  6e-02  1e-01 2:52.2
  185   2220 4.451933281666937e-02 4.2e+00 7.02e-02  4e-02  7e-02 3:11.9
  200   2400 2.569030065811228e-02 5.6e+00 7.67e-02  5e-02  9e-02 3:27.4
  221   2652 2.240372555604258e-02 5.7e+00 5.54e-02  3e-02  6e-02 3:49.2
  243   2916 1.976539561057452e-02 5.7e+00 3.82e-02  2e-02  4e-02 4:12.0
  266   3192 1.813091029865777e-02 6.6e+00 2.27e-02  1e-02  2e-02 4:35.9
  290   3480 1.774862876229361e-02 8.1e+00 1.21e-02  6e-03  1e-02 5:00.8
  300   3600 1.761630457036426e-02 8.3e+00 1.17e-02  6e-03  1e-02 5:11.1
  326   3912 1.694577641127944e-02 1.6e+01 2.79e-02  1e-02  3e-02 5:38.1
  353   4236 1.573523907970683e-02 2.3e+01 2.78e-02  1e-02  4e-02 6:06.1
  380   4560 1.381815000232869e-02 2.7e+01 4.10e-02  2e-02  6e-02 6:34.1
  400   4800 1.322228384653208e-02 2.9e+01 2.81e-02  1e-02  4e-02 6:54.8
  429   5148 1.247558167239951e-02 2.8e+01 3.23e-02  1e-02  5e-02 7:25.0
  459   5508 1.232342362191352e-02 2.4e+01 1.81e-02  6e-03  2e-02 7:56.1
  490   5880 1.221579052686796e-02 2.2e+01 1.93e-02  5e-03  2e-02 8:28.4
  500   6000 1.220254990636886e-02 2.2e+01 1.52e-02  4e-03  1e-02 8:38.8
  533   6396 1.216477366295643e-02 2.6e+01 7.51e-03  2e-03  7e-03 9:13.1
  567   6804 1.216005275238177e-02 3.2e+01 3.49e-03  7e-04  4e-03 9:48.4
  600   7200 1.215420496418558e-02 5.0e+01 8.21e-03  1e-03  1e-02 10:22.7
  636   7632 1.213507921753639e-02 6.4e+01 1.05e-02  2e-03  2e-02 11:00.2
  673   8076 1.198550112421057e-02 9.6e+01 2.34e-02  3e-03  5e-02 11:38.6
  700   8400 1.186932900465960e-02 1.0e+02 2.73e-02  4e-03  6e-02 12:06.7
  739   8868 1.178126504990769e-02 1.0e+02 1.49e-02  2e-03  3e-02 12:47.3
  779   9348 1.175616994274323e-02 8.5e+01 8.94e-03  1e-03  1e-02 13:28.9
  800   9600 1.174840014145551e-02 8.8e+01 8.93e-03  1e-03  1e-02 13:50.7
  842  10104 1.173520428461521e-02 9.2e+01 1.03e-02  1e-03  2e-02 14:34.3
  885  10620 1.171720073032326e-02 1.4e+02 1.46e-02  2e-03  3e-02 15:19.1
  900  10800 1.171015993727936e-02 1.2e+02 1.72e-02  2e-03  3e-02 15:34.6
  945  11340 1.166208744493764e-02 1.0e+02 2.34e-02  2e-03  4e-02 16:21.4
  991  11892 1.159799100929622e-02 9.8e+01 2.33e-02  2e-03  3e-02 17:09.3
 1000  12000 1.157992814680701e-02 1.0e+02 2.66e-02  2e-03  4e-02 17:18.6
Iterat #Fevals   function value  axis ratio  sigma  min&max std  t[m:s]
 1048  12576 1.146757287213363e-02 8.0e+01 2.55e-02  2e-03  2e-02 18:08.5
 1097  13164 1.124143730431732e-02 5.9e+01 5.15e-02  4e-03  3e-02 18:59.5
 1100  13200 1.119868284031719e-02 5.8e+01 5.05e-02  4e-03  3e-02 19:02.6
 1151  13812 1.082063701933620e-02 7.1e+01 6.72e-02  5e-03  6e-02 19:55.6
 1200  14400 1.016790999184021e-02 7.0e+01 1.21e-01  8e-03  1e-01 20:46.6
 1252  15024 8.400675829411338e-03 7.2e+01 1.04e-01  6e-03  7e-02 21:40.8
 1300  15600 7.839658590049562e-03 5.1e+01 7.94e-02  5e-03  4e-02 22:30.7
 1354  16248 7.583990336524910e-03 4.5e+01 6.70e-02  4e-03  3e-02 23:26.8
 1400  16800 7.334133117249343e-03 4.3e+01 9.59e-02  5e-03  4e-02 24:14.7
 1456  17472 6.904413231866548e-03 5.3e+01 1.17e-01  5e-03  4e-02 25:13.0
 1500  18000 6.275613793646831e-03 8.4e+01 2.13e-01  1e-02  1e-01 25:58.7
 1558  18696 5.235264926607004e-03 1.0e+02 1.82e-01  6e-03  1e-01 26:59.1
 1600  19200 5.140083478786762e-03 8.1e+01 5.91e-02  2e-03  2e-02 27:42.8
 1660  19920 5.077393488449582e-03 6.9e+01 1.31e-01  2e-03  4e-02 28:45.2
 1700  20400 5.048238498816202e-03 5.5e+01 5.16e-02  9e-04  1e-02 29:26.8
 1762  21144 5.046204674336293e-03 4.9e+01 7.43e-03  1e-04  1e-03 30:31.3
 1800  21600 5.046105546476658e-03 4.8e+01 5.80e-03  7e-05  9e-04 31:10.8
 1864  22368 5.045307439496048e-03 7.4e+01 2.49e-02  3e-04  3e-03 32:17.4
 1900  22800 5.044226255254210e-03 1.2e+02 2.20e-02  3e-04  4e-03 32:54.8
 1966  23592 5.044049283867397e-03 1.4e+02 1.42e-03  2e-05  3e-04 34:03.4
 2000  24000 5.044049094288146e-03 1.5e+02 2.42e-04  2e-06  4e-05 34:38.7
Iterat #Fevals   function value  axis ratio  sigma  min&max std  t[m:s]
 2046  24552 5.044049086927212e-03 1.6e+02 3.10e-05  3e-07  5e-06 35:26.5
termination on tolfun=1e-11 (Fri Nov 27 17:09:09 2020)
final/bestever f-value = 5.044049e-03 5.044049e-03
incumbent solution: [ 5.92901366 -5.05222168 -0.29018742 -7.08343709  2.30577832 -7.80230466
  0.27752984  4.73234169 ...]
std deviations: [1.95057837e-06 4.26005980e-06 9.98657705e-07 1.91425763e-06
 4.64836608e-06 9.66854967e-07 3.04947820e-07 1.96763476e-06 ...]
cma
(6_w,12)-aCMA-ES (mu_w=3.7,w_1=40%) in dimension 17 (seed=586643, Fri Nov 27 17:09:10 2020)
Iterat #Fevals   function value  axis ratio  sigma  min&max std  t[m:s]
    1     12 7.514031892403782e-01 1.0e+00 9.46e-01  9e-01  1e+00 0:01.0
    2     24 7.183239707749103e-01 1.1e+00 9.18e-01  9e-01  9e-01 0:02.1
    3     36 4.677414444469246e-01 1.1e+00 8.74e-01  9e-01  9e-01 0:03.1
    6     72 8.747199036117803e-01 1.2e+00 7.78e-01  7e-01  8e-01 0:06.2
   10    120 5.157792859703287e-01 1.3e+00 7.00e-01  6e-01  7e-01 0:10.4
   15    180 7.844115763094163e-01 1.5e+00 8.23e-01  7e-01  9e-01 0:15.6
   21    252 8.980984455089230e-01 1.6e+00 7.16e-01  6e-01  8e-01 0:21.8
   28    336 5.654681464262322e-01 1.6e+00 6.83e-01  6e-01  7e-01 0:29.0
   36    432 8.782870221603045e-01 1.9e+00 9.03e-01  8e-01  1e+00 0:37.3
   45    540 6.231791226649617e-01 2.1e+00 8.42e-01  8e-01  9e-01 0:46.7
   55    660 6.274244614745308e-01 2.2e+00 7.86e-01  7e-01  8e-01 0:57.0
   66    792 5.258354011994814e-01 2.6e+00 5.48e-01  5e-01  6e-01 1:08.5
   78    936 2.888189727510315e-01 2.5e+00 3.51e-01  3e-01  4e-01 1:20.9
   91   1092 1.756426941628117e-01 2.5e+00 2.56e-01  2e-01  3e-01 1:34.4
  100   1200 1.186665863274789e-01 2.7e+00 2.20e-01  2e-01  2e-01 1:43.7
  115   1380 9.012979491871211e-02 3.3e+00 1.98e-01  1e-01  2e-01 1:59.3
  131   1572 6.673715097833584e-02 3.9e+00 1.60e-01  1e-01  2e-01 2:15.9
  148   1776 5.583229560716567e-02 4.2e+00 9.46e-02  6e-02  1e-01 2:33.5
  166   1992 4.296033142811071e-02 5.9e+00 8.50e-02  5e-02  1e-01 2:52.2
  185   2220 2.909201000372912e-02 7.1e+00 7.36e-02  4e-02  1e-01 3:11.9
  200   2400 2.686853469561742e-02 9.0e+00 7.62e-02  4e-02  1e-01 3:27.5
  221   2652 1.969494122396776e-02 1.0e+01 7.00e-02  4e-02  1e-01 3:49.3
  243   2916 1.819566638427227e-02 1.2e+01 3.17e-02  1e-02  5e-02 4:12.1
  266   3192 1.801648901281499e-02 1.3e+01 1.60e-02  7e-03  3e-02 4:36.0
  290   3480 1.783025442183711e-02 1.8e+01 1.15e-02  4e-03  2e-02 5:00.9
  300   3600 1.778153673049006e-02 2.0e+01 1.26e-02  5e-03  2e-02 5:11.3
  326   3912 1.670726957852696e-02 3.2e+01 4.07e-02  1e-02  8e-02 5:38.3
  353   4236 1.601879212675080e-02 2.9e+01 2.77e-02  8e-03  4e-02 6:06.3
  380   4560 1.548230351665224e-02 2.6e+01 2.51e-02  7e-03  3e-02 6:34.3
  400   4800 1.539213850950931e-02 2.6e+01 2.23e-02  6e-03  3e-02 6:55.0
  429   5148 1.528834631727748e-02 3.0e+01 1.65e-02  4e-03  2e-02 7:25.1
  459   5508 1.518771898148731e-02 3.3e+01 1.93e-02  5e-03  2e-02 7:56.3
  490   5880 1.481548752280427e-02 4.9e+01 3.41e-02  9e-03  6e-02 8:28.4
  500   6000 1.432370725577536e-02 6.1e+01 5.31e-02  2e-02  1e-01 8:38.8
  533   6396 1.267562361182403e-02 5.2e+01 3.90e-02  1e-02  6e-02 9:13.0
  567   6804 1.160537906980716e-02 4.5e+01 5.78e-02  2e-02  7e-02 9:48.3
  600   7200 1.117697167874275e-02 4.6e+01 2.29e-02  6e-03  2e-02 10:22.5
  653   7836 1.065518477090320e-02 5.4e+01 3.14e-02  7e-03  3e-02 10:59.6
  700   8400 1.030673548743320e-02 4.4e+01 3.35e-02  6e-03  3e-02 11:25.6
  771   9252 9.968219975531642e-03 4.3e+01 2.72e-02  4e-03  2e-02 12:05.1
  800   9600 9.789301923756514e-03 5.0e+01 4.41e-02  6e-03  4e-02 12:21.2
  875  10500 7.723508820497980e-03 5.8e+01 1.12e-01  1e-02  1e-01 13:02.6
  900  10800 6.791895391955747e-03 6.0e+01 9.47e-02  1e-02  1e-01 13:16.5
  978  11736 5.912337554461641e-03 5.1e+01 4.48e-02  5e-03  3e-02 13:59.8
 1000  12000 5.847104806045203e-03 5.8e+01 4.73e-02  5e-03  3e-02 14:11.9
Iterat #Fevals   function value  axis ratio  sigma  min&max std  t[m:s]
 1082  12984 5.420401826882511e-03 6.4e+01 6.30e-02  6e-03  4e-02 14:57.1
 1100  13200 5.315745504873946e-03 7.4e+01 6.33e-02  6e-03  4e-02 15:07.0
 1185  14220 4.494756357786777e-03 6.5e+01 6.67e-02  4e-03  4e-02 15:54.0
 1200  14400 4.418883852499510e-03 6.7e+01 6.59e-02  4e-03  4e-02 16:02.5
 1289  15468 3.551967754497706e-03 1.7e+02 1.72e-01  9e-03  2e-01 16:52.0
 1300  15600 3.426136558377829e-03 1.7e+02 1.55e-01  8e-03  2e-01 16:58.1
 1393  16716 2.981228628665805e-03 1.1e+02 1.10e-01  4e-03  6e-02 17:49.5
 1400  16800 2.977349931528793e-03 1.1e+02 8.93e-02  3e-03  5e-02 17:53.3
 1496  17952 2.928798919742846e-03 1.0e+02 8.01e-03  2e-04  3e-03 18:46.6
 1500  18000 2.928787305167947e-03 1.0e+02 6.23e-03  2e-04  2e-03 18:48.8
 1600  19200 2.928735260679066e-03 1.2e+02 7.77e-05  1e-06  2e-05 19:44.0
 1639  19668 2.928735258250522e-03 1.1e+02 1.45e-05  2e-07  2e-06 20:05.7
/home/adrianps/Universal-Approximator/qibo_sim/classes/ApproximantNN.py:783: ComplexWarning: Casting complex values to real discards the imaginary part
  params[0, 0] = 1 / period * np.trapz(y, x)
/home/adrianps/Universal-Approximator/qibo_sim/classes/ApproximantNN.py:786: ComplexWarning: Casting complex values to real discards the imaginary part
  params[_, 0] = 2 / period * np.trapz(y * cos, x)
/home/adrianps/Universal-Approximator/qibo_sim/classes/ApproximantNN.py:788: ComplexWarning: Casting complex values to real discards the imaginary part
  params[_, 1] = 2 / period * np.trapz(y * sin, x)
/home/adrianps/Universal-Approximator/qibo_sim/classes/ApproximantNN.py:783: ComplexWarning: Casting complex values to real discards the imaginary part
  params[0, 0] = 1 / period * np.trapz(y, x)
/home/adrianps/Universal-Approximator/qibo_sim/classes/ApproximantNN.py:786: ComplexWarning: Casting complex values to real discards the imaginary part
  params[_, 0] = 2 / period * np.trapz(y * cos, x)
/home/adrianps/Universal-Approximator/qibo_sim/classes/ApproximantNN.py:788: ComplexWarning: Casting complex values to real discards the imaginary part
  params[_, 1] = 2 / period * np.trapz(y * sin, x)
/home/adrianps/Universal-Approximator/qibo_sim/classes/ApproximantNN.py:783: ComplexWarning: Casting complex values to real discards the imaginary part
  params[0, 0] = 1 / period * np.trapz(y, x)
/home/adrianps/Universal-Approximator/qibo_sim/classes/ApproximantNN.py:786: ComplexWarning: Casting complex values to real discards the imaginary part
  params[_, 0] = 2 / period * np.trapz(y * cos, x)
/home/adrianps/Universal-Approximator/qibo_sim/classes/ApproximantNN.py:788: ComplexWarning: Casting complex values to real discards the imaginary part
  params[_, 1] = 2 / period * np.trapz(y * sin, x)
/home/adrianps/Universal-Approximator/qibo_sim/classes/ApproximantNN.py:783: ComplexWarning: Casting complex values to real discards the imaginary part
  params[0, 0] = 1 / period * np.trapz(y, x)
/home/adrianps/Universal-Approximator/qibo_sim/classes/ApproximantNN.py:786: ComplexWarning: Casting complex values to real discards the imaginary part
  params[_, 0] = 2 / period * np.trapz(y * cos, x)
/home/adrianps/Universal-Approximator/qibo_sim/classes/ApproximantNN.py:788: ComplexWarning: Casting complex values to real discards the imaginary part
  params[_, 1] = 2 / period * np.trapz(y * sin, x)
/home/adrianps/Universal-Approximator/qibo_sim/classes/ApproximantNN.py:783: ComplexWarning: Casting complex values to real discards the imaginary part
  params[0, 0] = 1 / period * np.trapz(y, x)
/home/adrianps/Universal-Approximator/qibo_sim/classes/ApproximantNN.py:786: ComplexWarning: Casting complex values to real discards the imaginary part
  params[_, 0] = 2 / period * np.trapz(y * cos, x)
/home/adrianps/Universal-Approximator/qibo_sim/classes/ApproximantNN.py:788: ComplexWarning: Casting complex values to real discards the imaginary part
  params[_, 1] = 2 / period * np.trapz(y * sin, x)
/home/adrianps/Universal-Approximator/qibo_sim/classes/ApproximantNN.py:783: ComplexWarning: Casting complex values to real discards the imaginary part
  params[0, 0] = 1 / period * np.trapz(y, x)
/home/adrianps/Universal-Approximator/qibo_sim/classes/ApproximantNN.py:786: ComplexWarning: Casting complex values to real discards the imaginary part
  params[_, 0] = 2 / period * np.trapz(y * cos, x)
/home/adrianps/Universal-Approximator/qibo_sim/classes/ApproximantNN.py:788: ComplexWarning: Casting complex values to real discards the imaginary part
  params[_, 1] = 2 / period * np.trapz(y * sin, x)
/home/adrianps/Universal-Approximator/qibo_sim/classes/ApproximantNN.py:783: ComplexWarning: Casting complex values to real discards the imaginary part
  params[0, 0] = 1 / period * np.trapz(y, x)
/home/adrianps/Universal-Approximator/qibo_sim/classes/ApproximantNN.py:786: ComplexWarning: Casting complex values to real discards the imaginary part
  params[_, 0] = 2 / period * np.trapz(y * cos, x)
/home/adrianps/Universal-Approximator/qibo_sim/classes/ApproximantNN.py:788: ComplexWarning: Casting complex values to real discards the imaginary part
  params[_, 1] = 2 / period * np.trapz(y * sin, x)
/home/adrianps/Universal-Approximator/qibo_sim/classes/ApproximantNN.py:783: ComplexWarning: Casting complex values to real discards the imaginary part
  params[0, 0] = 1 / period * np.trapz(y, x)
/home/adrianps/Universal-Approximator/qibo_sim/classes/ApproximantNN.py:786: ComplexWarning: Casting complex values to real discards the imaginary part
  params[_, 0] = 2 / period * np.trapz(y * cos, x)
/home/adrianps/Universal-Approximator/qibo_sim/classes/ApproximantNN.py:788: ComplexWarning: Casting complex values to real discards the imaginary part
  params[_, 1] = 2 / period * np.trapz(y * sin, x)
/home/adrianps/Universal-Approximator/qibo_sim/classes/ApproximantNN.py:783: ComplexWarning: Casting complex values to real discards the imaginary part
  params[0, 0] = 1 / period * np.trapz(y, x)
/home/adrianps/Universal-Approximator/qibo_sim/classes/ApproximantNN.py:786: ComplexWarning: Casting complex values to real discards the imaginary part
  params[_, 0] = 2 / period * np.trapz(y * cos, x)
/home/adrianps/Universal-Approximator/qibo_sim/classes/ApproximantNN.py:788: ComplexWarning: Casting complex values to real discards the imaginary part
  params[_, 1] = 2 / period * np.trapz(y * sin, x)
/home/adrianps/Universal-Approximator/qibo_sim/classes/ApproximantNN.py:783: ComplexWarning: Casting complex values to real discards the imaginary part
  params[0, 0] = 1 / period * np.trapz(y, x)
/home/adrianps/Universal-Approximator/qibo_sim/classes/ApproximantNN.py:786: ComplexWarning: Casting complex values to real discards the imaginary part
  params[_, 0] = 2 / period * np.trapz(y * cos, x)
/home/adrianps/Universal-Approximator/qibo_sim/classes/ApproximantNN.py:788: ComplexWarning: Casting complex values to real discards the imaginary part
  params[_, 1] = 2 / period * np.trapz(y * sin, x)
/home/adrianps/Universal-Approximator/qibo_sim/classes/ApproximantNN.py:552: RuntimeWarning: More than 20 figures have been opened. Figures created through the pyplot interface (`matplotlib.pyplot.figure`) are retained until explicitly closed and may consume too much memory. (To control this warning, see the rcParam `figure.max_open_warning`).
  fig, axs = plt.subplots(nrows=2, figsize=(8,10))
/home/adrianps/Universal-Approximator/qibo_sim/classes/ApproximantNN.py:783: ComplexWarning: Casting complex values to real discards the imaginary part
  params[0, 0] = 1 / period * np.trapz(y, x)
/home/adrianps/Universal-Approximator/qibo_sim/classes/ApproximantNN.py:786: ComplexWarning: Casting complex values to real discards the imaginary part
  params[_, 0] = 2 / period * np.trapz(y * cos, x)
/home/adrianps/Universal-Approximator/qibo_sim/classes/ApproximantNN.py:788: ComplexWarning: Casting complex values to real discards the imaginary part
  params[_, 1] = 2 / period * np.trapz(y * sin, x)
/home/adrianps/Universal-Approximator/qibo_sim/classes/ApproximantNN.py:577: RuntimeWarning: More than 20 figures have been opened. Figures created through the pyplot interface (`matplotlib.pyplot.figure`) are retained until explicitly closed and may consume too much memory. (To control this warning, see the rcParam `figure.max_open_warning`).
  fig, axs = plt.subplots(nrows=2, figsize=(8,10))
/home/adrianps/Universal-Approximator/qibo_sim/classes/ApproximantNN.py:552: RuntimeWarning: More than 20 figures have been opened. Figures created through the pyplot interface (`matplotlib.pyplot.figure`) are retained until explicitly closed and may consume too much memory. (To control this warning, see the rcParam `figure.max_open_warning`).
  fig, axs = plt.subplots(nrows=2, figsize=(8,10))
/home/adrianps/Universal-Approximator/qibo_sim/classes/ApproximantNN.py:783: ComplexWarning: Casting complex values to real discards the imaginary part
  params[0, 0] = 1 / period * np.trapz(y, x)
/home/adrianps/Universal-Approximator/qibo_sim/classes/ApproximantNN.py:786: ComplexWarning: Casting complex values to real discards the imaginary part
  params[_, 0] = 2 / period * np.trapz(y * cos, x)
/home/adrianps/Universal-Approximator/qibo_sim/classes/ApproximantNN.py:788: ComplexWarning: Casting complex values to real discards the imaginary part
  params[_, 1] = 2 / period * np.trapz(y * sin, x)
/home/adrianps/Universal-Approximator/qibo_sim/classes/ApproximantNN.py:577: RuntimeWarning: More than 20 figures have been opened. Figures created through the pyplot interface (`matplotlib.pyplot.figure`) are retained until explicitly closed and may consume too much memory. (To control this warning, see the rcParam `figure.max_open_warning`).
  fig, axs = plt.subplots(nrows=2, figsize=(8,10))
termination on tolfun=1e-11 (Fri Nov 27 17:29:18 2020)
final/bestever f-value = 2.928735e-03 2.928735e-03
incumbent solution: [-4.65393977e-04 -1.39192338e+01  6.00950703e+00  5.17327409e-04
  5.26374230e+00 -3.44382967e+00 -1.98726403e+00 -2.74173484e+00 ...]
std deviations: [1.18474150e-06 2.42142473e-06 2.68204410e-07 1.53796737e-06
 2.09436230e-06 4.31628188e-07 1.34285904e-06 2.41714993e-06 ...]
