cma
(3_w,6)-aCMA-ES (mu_w=2.0,w_1=63%) in dimension 2 (seed=447768, Wed Nov 25 15:55:24 2020)
Iterat #Fevals   function value  axis ratio  sigma  min&max std  t[m:s]
    1      6 1.598998120194298e+00 1.0e+00 1.19e+00  1e+00  1e+00 0:00.2
    2     12 1.549717207154113e+00 1.6e+00 1.06e+00  1e+00  1e+00 0:00.4
    3     18 1.438216826999833e+00 1.4e+00 1.15e+00  1e+00  1e+00 0:00.5
   30    180 1.448770271795303e-01 2.9e+00 2.81e+00  1e+00  1e+00 0:03.6
   71    426 1.241656925164280e-01 2.2e+00 4.19e-03  3e-05  6e-05 0:07.6
  100    600 1.241656923817906e-01 2.2e+00 8.42e-05  5e-08  9e-08 0:10.5
  103    618 1.241656923817906e-01 2.0e+00 5.09e-05  2e-08  4e-08 0:10.8
termination on tolfun=1e-11 (Wed Nov 25 15:55:35 2020)
final/bestever f-value = 1.241657e-01 1.241657e-01
incumbent solution: [-4.71238897413511, -2.4104555810591113]
std deviation: [2.11247893954319e-08, 4.01830670718805e-08]
cma
(3_w,6)-aCMA-ES (mu_w=2.0,w_1=63%) in dimension 2 (seed=438449, Wed Nov 25 15:55:35 2020)
Iterat #Fevals   function value  axis ratio  sigma  min&max std  t[m:s]
    1      6 4.265962947740045e-01 1.0e+00 9.89e-01  9e-01  1e+00 0:00.1
    2     12 2.077779982070060e-01 1.2e+00 1.07e+00  9e-01  1e+00 0:00.2
    3     18 1.701231121886863e-01 1.3e+00 1.01e+00  8e-01  1e+00 0:00.3
   34    204 1.241657344316573e-01 2.2e+00 1.16e-02  5e-04  9e-04 0:03.4
   74    444 1.241656923817932e-01 2.1e+00 4.48e-05  5e-08  9e-08 0:07.3
termination on tolfun=1e-11 (Wed Nov 25 15:55:42 2020)
final/bestever f-value = 1.241657e-01 1.241657e-01
incumbent solution: [1.570796366786591, -2.410455753179583]
std deviation: [4.791646519278275e-08, 9.329917037485001e-08]
cma
(4_w,8)-aCMA-ES (mu_w=2.6,w_1=52%) in dimension 5 (seed=432980, Wed Nov 25 15:55:42 2020)
Iterat #Fevals   function value  axis ratio  sigma  min&max std  t[m:s]
    1      8 3.437144115418842e-01 1.0e+00 9.34e-01  8e-01  1e+00 0:00.2
    2     16 9.394879352627648e-01 1.4e+00 9.63e-01  9e-01  1e+00 0:00.3
    3     24 2.118887598152048e-01 1.5e+00 1.07e+00  1e+00  1e+00 0:00.5
   21    168 1.549860961909654e-01 4.6e+00 4.89e-01  4e-01  5e-01 0:03.5
   45    360 1.242812534752954e-01 1.5e+01 1.63e-01  9e-02  2e-01 0:07.6
   75    600 1.241658568094172e-01 1.2e+02 1.84e-02  4e-03  2e-02 0:12.6
  100    800 1.241656925264657e-01 4.8e+02 2.16e-03  1e-04  3e-03 0:16.9
  142   1136 1.241656923818040e-01 2.8e+03 8.32e-05  8e-07  1e-04 0:24.0
termination on tolfun=1e-11 (Wed Nov 25 15:56:07 2020)
final/bestever f-value = 1.241657e-01 1.241657e-01
incumbent solution: [3.4406541861980022, 0.24029234270253197, -5.770399420655265e-07, -1.8698577652236175, -2.650747957337335]
std deviation: [0.00010990899705781213, 0.00010523212998998698, 7.881446520085308e-07, 0.00010992369969190175, 0.00010523426875127922]
cma
(4_w,8)-aCMA-ES (mu_w=2.6,w_1=52%) in dimension 5 (seed=357264, Wed Nov 25 15:56:07 2020)
Iterat #Fevals   function value  axis ratio  sigma  min&max std  t[m:s]
    1      8 5.398366706474766e-01 1.0e+00 8.36e-01  8e-01  8e-01 0:00.2
    2     16 2.127134491973899e-01 1.2e+00 7.22e-01  6e-01  7e-01 0:00.3
    3     24 1.886694176082669e-01 1.3e+00 6.31e-01  5e-01  6e-01 0:00.5
   21    168 1.247325817085656e-01 6.6e+00 1.36e-01  9e-02  2e-01 0:03.5
   45    360 1.241665194625602e-01 2.6e+01 1.84e-02  4e-03  2e-02 0:07.5
   75    600 1.241656929936653e-01 8.1e+01 1.82e-03  1e-04  2e-03 0:12.7
  100    800 1.241656923823853e-01 3.0e+02 1.65e-04  4e-06  1e-04 0:16.9
  118    944 1.241656923817939e-01 5.4e+02 3.64e-05  4e-07  3e-05 0:19.9
termination on tolfun=1e-11 (Wed Nov 25 15:56:27 2020)
final/bestever f-value = 1.241657e-01 1.241657e-01
incumbent solution: [1.9484236106702708, 0.8106421125002503, -5.171499433967352e-08, 2.7639652964452437, 1.5998135307844643]
std deviation: [2.8339193621516126e-05, 2.426252994202581e-05, 4.307627761088476e-07, 2.8353412184699537e-05, 2.4221428072420563e-05]
cma
(5_w,10)-aCMA-ES (mu_w=3.2,w_1=45%) in dimension 8 (seed=438126, Wed Nov 25 15:56:27 2020)
Iterat #Fevals   function value  axis ratio  sigma  min&max std  t[m:s]
    1     10 6.001901428214158e-01 1.0e+00 9.36e-01  9e-01  1e+00 0:00.3
    2     20 2.989091432452902e-01 1.2e+00 1.01e+00  1e+00  1e+00 0:00.5
    3     30 6.603299229493949e-01 1.4e+00 9.84e-01  9e-01  1e+00 0:00.8
   15    150 1.475215336241347e-01 2.4e+00 1.36e+00  1e+00  2e+00 0:03.8
   31    310 2.734603771400078e-01 2.9e+00 8.65e-01  7e-01  1e+00 0:07.9
   51    510 1.322313573460285e-01 4.3e+00 2.53e-01  2e-01  2e-01 0:13.0
   75    750 1.244118588808482e-01 9.6e+00 8.37e-02  4e-02  8e-02 0:19.0
  100   1000 1.241737299464470e-01 2.7e+01 4.15e-02  2e-02  5e-02 0:25.4
  132   1320 1.241658057477134e-01 6.5e+01 5.65e-03  2e-03  6e-03 0:33.6
  168   1680 1.241656930771127e-01 2.2e+02 2.19e-03  4e-04  3e-03 0:42.7
  200   2000 1.241656923851005e-01 3.9e+02 2.63e-04  2e-05  3e-04 0:50.7
  224   2240 1.241656923818056e-01 3.8e+02 3.29e-05  2e-06  2e-05 0:56.8
termination on tolfun=1e-11 (Wed Nov 25 15:57:24 2020)
final/bestever f-value = 1.241657e-01 1.241657e-01
incumbent solution: [1.5560538638522143, -2.5405095146417884, 3.1415837517279064, -0.014743020904212407, -0.13005733389431975, -0.22985401253782908, 6.283185771365404, 3.537269094091336e-06]
std deviation: [1.9120388923350194e-05, 1.257653213009816e-05, 2.0231904027939066e-05, 1.961075985171882e-05, 1.7024187338063165e-05, 1.8945234868840325e-05, 1.5579703306224082e-06, 1.077550376183315e-05]
cma
(5_w,10)-aCMA-ES (mu_w=3.2,w_1=45%) in dimension 8 (seed=368974, Wed Nov 25 15:57:24 2020)
Iterat #Fevals   function value  axis ratio  sigma  min&max std  t[m:s]
    1     10 4.217527264354564e-01 1.0e+00 9.83e-01  9e-01  1e+00 0:00.3
    2     20 7.368319499750051e-01 1.3e+00 8.49e-01  8e-01  9e-01 0:00.5
    3     30 3.325415605099180e-01 1.4e+00 7.30e-01  6e-01  8e-01 0:00.8
   15    150 2.276809918385685e-01 2.0e+00 6.14e-01  5e-01  6e-01 0:03.8
   31    310 1.314116145123808e-01 3.5e+00 2.03e-01  1e-01  2e-01 0:07.8
   51    510 1.248533242871201e-01 7.8e+00 1.36e-01  7e-02  1e-01 0:13.0
   75    750 8.163812306430278e-02 2.0e+01 4.51e-01  2e-01  6e-01 0:19.0
   94    940 4.825261865652440e-02 1.4e+01 2.59e-01  8e-02  3e-01 0:26.4
  100   1000 4.794587322962426e-02 1.2e+01 1.53e-01  4e-02  1e-01 0:29.3
  119   1190 4.387619222290200e-02 5.8e+00 1.41e-01  3e-02  8e-02 0:38.3
  141   1410 2.857149077094641e-02 8.0e+00 5.82e-01  1e-01  4e-01 0:48.7
  165   1650 2.155467719732310e-02 7.2e+00 1.57e-01  2e-02  6e-02 1:00.1
  191   1910 2.134958196177031e-02 5.5e+00 1.94e-02  2e-03  5e-03 1:12.5
  200   2000 2.134820737824254e-02 6.5e+00 1.29e-02  1e-03  3e-03 1:16.8
  230   2300 2.134795357809261e-02 7.5e+00 1.58e-03  7e-05  3e-04 1:31.0
  262   2620 2.134795152818380e-02 8.5e+00 9.84e-05  3e-06  1e-05 1:46.2
  294   2940 2.134795152198142e-02 7.9e+00 8.49e-06  2e-07  6e-07 2:01.3
termination on tolfun=1e-11 (Wed Nov 25 15:59:26 2020)
final/bestever f-value = 2.134795e-02 2.134795e-02
incumbent solution: [1.5707962375495241, 2.772545233109853, 1.3706701052982446, 3.1415925072943085, 5.395944719333779, -1.03869455912789, 1.8454458340697388e-07, -5.450386514484589]
std deviation: [1.5324207870340396e-07, 3.1114855361217937e-07, 2.568242396961902e-07, 2.952411299901231e-07, 6.024320311261319e-07, 1.7440088332932866e-07, 2.0359950004240134e-07, 5.36053485765196e-07]
cma
(5_w,11)-aCMA-ES (mu_w=3.4,w_1=42%) in dimension 11 (seed=434045, Wed Nov 25 15:59:26 2020)
Iterat #Fevals   function value  axis ratio  sigma  min&max std  t[m:s]
    1     11 2.787204655027605e-01 1.0e+00 9.42e-01  9e-01  1e+00 0:00.6
    2     22 3.009918402243118e-01 1.2e+00 9.66e-01  9e-01  1e+00 0:01.2
    3     33 7.542810475379850e-01 1.3e+00 9.45e-01  9e-01  1e+00 0:01.8
    8     88 3.861603794436484e-01 1.5e+00 8.07e-01  7e-01  9e-01 0:04.9
   15    165 2.740649103679256e-01 1.8e+00 6.15e-01  6e-01  6e-01 0:09.3
   24    264 1.408402498552169e-01 2.1e+00 7.57e-01  6e-01  8e-01 0:14.8
   34    374 1.842115879015370e-01 2.5e+00 4.86e-01  4e-01  5e-01 0:21.0
   46    506 6.962488855145242e-02 2.8e+00 2.86e-01  2e-01  3e-01 0:28.4
   59    649 5.120606363085907e-02 2.9e+00 2.06e-01  1e-01  2e-01 0:36.5
   74    814 4.832051510795726e-02 3.9e+00 9.66e-02  4e-02  1e-01 0:45.7
   91   1001 4.614608753830720e-02 6.8e+00 8.79e-02  4e-02  1e-01 0:56.2
  100   1100 4.348037318381843e-02 8.9e+00 1.19e-01  5e-02  2e-01 1:01.8
  120   1320 3.355977585594133e-02 1.0e+01 1.17e-01  4e-02  2e-01 1:14.2
  142   1562 2.204533802768233e-02 1.2e+01 1.17e-01  3e-02  2e-01 1:27.8
  165   1815 2.140943563527959e-02 9.9e+00 3.39e-02  8e-03  3e-02 1:42.0
  190   2090 2.133986833242135e-02 9.1e+00 7.21e-03  1e-03  6e-03 1:57.4
  200   2200 2.133842929370747e-02 1.1e+01 5.00e-03  8e-04  4e-03 2:03.6
  228   2508 2.133636417313226e-02 1.7e+01 4.01e-03  6e-04  4e-03 2:20.9
  258   2838 2.115958997247300e-02 5.2e+01 5.85e-02  8e-03  1e-01 2:39.5
  289   3179 2.060207720263500e-02 2.5e+01 9.10e-02  1e-02  1e-01 2:58.6
  300   3300 1.991578384998230e-02 2.0e+01 1.27e-01  1e-02  1e-01 3:05.4
  334   3674 1.374303444505691e-02 1.7e+01 3.51e-01  3e-02  3e-01 3:26.5
  370   4070 7.898739179934869e-03 2.0e+01 3.83e-01  3e-02  3e-01 3:48.7
  400   4400 5.871575890437751e-03 1.4e+01 1.78e-01  1e-02  9e-02 4:07.3
  439   4829 5.768642391674674e-03 1.3e+01 1.66e-02  1e-03  5e-03 4:31.4
  480   5280 5.768302641411468e-03 1.4e+01 2.37e-03  1e-04  6e-04 4:56.7
  500   5500 5.768296303132771e-03 1.3e+01 5.83e-04  2e-05  1e-04 5:09.1
  544   5984 5.768296207576524e-03 9.9e+00 3.71e-05  1e-06  5e-06 5:36.3
  565   6215 5.768296207242977e-03 1.1e+01 1.02e-05  2e-07  1e-06 5:49.2
termination on tolfun=1e-11 (Wed Nov 25 16:05:16 2020)
final/bestever f-value = 5.768296e-03 5.768296e-03
incumbent solution: [ 1.57079613e+00  2.85600768e+00 -1.08502526e+00  4.21967350e-07
  5.68639213e+00 -4.01404603e+00  3.14159329e+00 -5.49882538e+00 ...]
std deviations: [2.49849231e-07 4.85418309e-07 3.15326120e-07 4.57168688e-07
 9.58495634e-07 2.79456175e-07 5.79772137e-07 1.10033944e-06 ...]
cma
(5_w,11)-aCMA-ES (mu_w=3.4,w_1=42%) in dimension 11 (seed=403232, Wed Nov 25 16:05:16 2020)
Iterat #Fevals   function value  axis ratio  sigma  min&max std  t[m:s]
    1     11 2.414469347148504e-01 1.0e+00 9.31e-01  9e-01  9e-01 0:00.6
    2     22 1.554359130704653e-01 1.2e+00 9.38e-01  9e-01  1e+00 0:01.2
    3     33 3.404751217386459e-01 1.3e+00 1.01e+00  1e+00  1e+00 0:01.9
    8     88 2.899989923100078e-01 1.7e+00 1.20e+00  1e+00  1e+00 0:04.9
   15    165 2.580896777517995e-01 2.2e+00 9.02e-01  8e-01  1e+00 0:09.3
   24    264 5.122336689195424e-01 2.3e+00 9.97e-01  9e-01  1e+00 0:14.8
   34    374 2.135951568447890e-01 2.7e+00 6.59e-01  6e-01  7e-01 0:21.0
   46    506 1.605283356872947e-01 3.2e+00 5.51e-01  4e-01  6e-01 0:28.4
   59    649 8.907669041718609e-02 3.4e+00 3.19e-01  2e-01  3e-01 0:36.4
   74    814 4.849782448452899e-02 4.2e+00 1.46e-01  9e-02  2e-01 0:45.7
   91   1001 4.664999321926942e-02 5.6e+00 6.36e-02  4e-02  6e-02 0:56.2
  100   1100 4.621171085676461e-02 5.9e+00 5.13e-02  3e-02  5e-02 1:01.7
  120   1320 4.614755378334608e-02 9.2e+00 2.18e-02  9e-03  2e-02 1:14.1
  142   1562 4.610437741585226e-02 1.2e+01 6.64e-03  2e-03  7e-03 1:27.7
  165   1815 4.608700152636352e-02 2.0e+01 9.88e-03  3e-03  1e-02 1:41.9
  190   2090 4.594793920159885e-02 2.9e+01 2.64e-02  6e-03  4e-02 1:57.3
  200   2200 4.590856363905691e-02 3.1e+01 2.42e-02  5e-03  4e-02 2:03.5
  228   2508 4.588663198796828e-02 3.5e+01 1.66e-02  3e-03  2e-02 2:20.8
  258   2838 4.588504170146308e-02 3.5e+01 1.94e-03  2e-04  2e-03 2:39.3
  289   3179 4.588503023776346e-02 5.0e+01 3.53e-04  3e-05  4e-04 2:58.4
  300   3300 4.588502994169491e-02 5.5e+01 2.04e-04  2e-05  2e-04 3:05.2
  334   3674 4.588502984160073e-02 8.5e+01 4.47e-05  3e-06  5e-05 3:26.2
  362   3982 4.588502983956677e-02 1.1e+02 7.85e-06  5e-07  8e-06 3:43.4
termination on tolfun=1e-11 (Wed Nov 25 16:09:00 2020)
final/bestever f-value = 4.588503e-02 4.588503e-02
incumbent solution: [ 9.95304249e-01 -2.63170885e+00  4.74651098e+00  1.40068047e+00
  7.14830109e-09 -2.14402371e+00  1.36521043e+00 -5.26341613e+00 ...]
std deviations: [5.82446468e-06 4.60986761e-07 5.77232479e-06 3.79933831e-06
 4.61261417e-07 5.67769875e-06 8.11672128e-06 2.53273716e-06 ...]
cma
(5_w,11)-aCMA-ES (mu_w=3.4,w_1=42%) in dimension 14 (seed=443111, Wed Nov 25 16:09:00 2020)
Iterat #Fevals   function value  axis ratio  sigma  min&max std  t[m:s]
    1     11 4.558032099726708e-01 1.0e+00 9.83e-01  1e+00  1e+00 0:00.7
    2     22 2.573847250485692e-01 1.2e+00 1.01e+00  1e+00  1e+00 0:01.4
    3     33 3.079145763716772e-01 1.3e+00 9.60e-01  9e-01  1e+00 0:02.1
    8     88 4.141800138464304e-01 1.5e+00 8.94e-01  9e-01  1e+00 0:05.7
   14    154 3.962281259746335e-01 1.5e+00 7.73e-01  7e-01  8e-01 0:10.0
   22    242 4.868747602767371e-01 1.8e+00 8.16e-01  7e-01  1e+00 0:15.7
   31    341 2.000211383153990e-01 2.2e+00 1.07e+00  9e-01  1e+00 0:22.1
   41    451 7.443003660641752e-01 2.5e+00 1.21e+00  1e+00  1e+00 0:29.2
   53    583 4.183764614055377e-01 2.4e+00 6.36e-01  5e-01  7e-01 0:37.8
   66    726 1.937392250163627e-01 2.6e+00 4.30e-01  3e-01  5e-01 0:47.0
   81    891 5.876952110181356e-02 2.8e+00 1.98e-01  1e-01  2e-01 0:57.7
   97   1067 4.281594947675608e-02 3.3e+00 1.34e-01  8e-02  2e-01 1:09.1
  100   1100 4.050954750296999e-02 3.5e+00 1.38e-01  8e-02  2e-01 1:11.3
  119   1309 2.567881867563259e-02 4.8e+00 1.55e-01  8e-02  2e-01 1:24.9
  139   1529 2.286860089604222e-02 5.6e+00 1.17e-01  5e-02  1e-01 1:39.2
  161   1771 2.137944977174794e-02 6.8e+00 3.57e-02  2e-02  4e-02 1:54.9
  184   2024 2.069999351044218e-02 7.4e+00 3.91e-02  2e-02  4e-02 2:11.3
  200   2200 1.948313533930343e-02 1.2e+01 7.26e-02  3e-02  9e-02 2:22.7
  226   2486 1.584114683864699e-02 1.2e+01 7.09e-02  2e-02  1e-01 2:41.3
  253   2783 9.408214106513706e-03 1.2e+01 1.27e-01  4e-02  2e-01 3:00.6
  281   3091 5.190825431070068e-03 1.4e+01 6.05e-02  2e-02  8e-02 3:20.6
  300   3300 4.598880303135537e-03 1.4e+01 7.31e-02  2e-02  1e-01 3:34.2
  331   3641 4.354983234922232e-03 1.3e+01 2.19e-02  5e-03  2e-02 3:56.3
  364   4004 4.314603123994583e-03 1.2e+01 1.69e-02  3e-03  2e-02 4:19.9
  398   4378 4.271409678800414e-03 1.5e+01 1.56e-02  3e-03  2e-02 4:44.2
  400   4400 4.274157645422800e-03 1.6e+01 1.50e-02  3e-03  2e-02 4:45.7
  437   4807 4.237868099088615e-03 2.9e+01 1.63e-02  2e-03  4e-02 5:12.0
  475   5225 4.198362341338044e-03 4.0e+01 2.51e-02  4e-03  6e-02 5:39.2
  500   5500 4.161002492693387e-03 3.8e+01 2.14e-02  3e-03  4e-02 5:57.1
  541   5951 4.069974479445894e-03 3.7e+01 3.05e-02  4e-03  5e-02 6:26.4
  583   6413 4.039211339103129e-03 3.3e+01 1.17e-02  1e-03  1e-02 6:56.4
  600   6600 4.037663606601896e-03 3.4e+01 8.71e-03  9e-04  1e-02 7:08.5
  645   7095 4.036047258897229e-03 3.3e+01 4.73e-03  4e-04  4e-03 7:40.6
  692   7612 4.036005618789142e-03 3.3e+01 4.72e-04  3e-05  3e-04 8:14.1
  700   7700 4.036005315180415e-03 3.3e+01 3.76e-04  3e-05  2e-04 8:19.8
  749   8239 4.036005071822836e-03 3.3e+01 1.86e-05  1e-06  9e-06 8:54.8
  773   8503 4.036005071360379e-03 3.3e+01 4.23e-06  2e-07  2e-06 9:11.9
termination on tolfun=1e-11 (Wed Nov 25 16:18:13 2020)
final/bestever f-value = 4.036005e-03 4.036005e-03
incumbent solution: [-1.5707961   5.66599125  4.99600832 -3.1415921  -5.52510393  3.94160153
  9.42477864  5.76694541 ...]
std deviations: [2.77618926e-07 5.21448629e-07 2.40907369e-07 9.17651855e-07
 1.55354856e-06 2.10131490e-07 6.20620975e-07 1.08177806e-06 ...]
cma
(5_w,11)-aCMA-ES (mu_w=3.4,w_1=42%) in dimension 14 (seed=428373, Wed Nov 25 16:18:14 2020)
Iterat #Fevals   function value  axis ratio  sigma  min&max std  t[m:s]
    1     11 3.205063372689470e-01 1.0e+00 9.19e-01  9e-01  9e-01 0:00.7
    2     22 3.342672648640155e-01 1.1e+00 8.76e-01  8e-01  9e-01 0:01.4
    3     33 1.052405889351141e+00 1.2e+00 8.51e-01  8e-01  9e-01 0:02.1
    8     88 4.538922610892530e-01 1.4e+00 8.28e-01  8e-01  9e-01 0:05.7
   14    154 3.256617077579765e-01 1.8e+00 7.54e-01  7e-01  8e-01 0:10.0
   22    242 1.716117475570894e-01 2.0e+00 7.43e-01  7e-01  8e-01 0:15.6
   31    341 1.823853691645493e-01 2.1e+00 4.84e-01  4e-01  5e-01 0:22.1
   41    451 2.224982154176324e-01 2.7e+00 4.83e-01  4e-01  6e-01 0:29.2
   53    583 1.453723466729882e-01 3.1e+00 3.87e-01  3e-01  4e-01 0:37.7
   66    726 1.196476092793540e-01 3.4e+00 2.68e-01  2e-01  3e-01 0:47.0
   81    891 1.431177105138232e-01 4.1e+00 3.36e-01  3e-01  4e-01 0:57.7
   97   1067 1.267904740496292e-01 5.2e+00 2.41e-01  2e-01  3e-01 1:09.1
  100   1100 1.213897061363124e-01 5.5e+00 2.27e-01  2e-01  3e-01 1:11.2
  119   1309 8.237190682179950e-02 5.7e+00 1.91e-01  1e-01  2e-01 1:24.7
  139   1529 5.643773636323260e-02 6.5e+00 2.42e-01  2e-01  3e-01 1:38.7
  161   1771 4.208205349864800e-02 7.5e+00 8.12e-02  5e-02  1e-01 1:54.2
  184   2024 2.629317661462427e-02 1.2e+01 1.53e-01  8e-02  3e-01 2:10.4
  200   2200 2.221371812777219e-02 1.2e+01 1.15e-01  5e-02  2e-01 2:21.6
  226   2486 2.142728514819103e-02 1.2e+01 3.12e-02  1e-02  4e-02 2:39.9
  253   2783 2.135681940607789e-02 1.3e+01 1.00e-02  3e-03  1e-02 2:58.9
  282   3102 2.134771532545229e-02 1.4e+01 6.47e-03  2e-03  6e-03 3:19.3
  300   3300 2.134522244361978e-02 1.8e+01 5.81e-03  1e-03  7e-03 3:32.0
  332   3652 2.134455116466145e-02 2.3e+01 2.25e-03  4e-04  2e-03 3:54.5
  365   4015 2.134442120311332e-02 3.4e+01 8.27e-04  1e-04  9e-04 4:17.7
  400   4400 2.134429206494213e-02 9.1e+01 1.66e-03  2e-04  4e-03 4:42.3
  436   4796 2.134385766816974e-02 2.2e+02 2.82e-03  3e-04  1e-02 5:07.6
  473   5203 2.134211279772449e-02 3.9e+02 6.35e-03  5e-04  5e-02 5:33.6
  500   5500 2.133826289954563e-02 5.0e+02 8.87e-03  6e-04  8e-02 5:52.6
  540   5940 2.133557804876563e-02 3.3e+02 5.03e-03  3e-04  3e-02 6:20.7
  582   6402 2.133417155145996e-02 2.9e+02 7.01e-03  4e-04  3e-02 6:50.2
  600   6600 2.133306517856433e-02 2.8e+02 1.21e-02  7e-04  5e-02 7:02.8
  645   7095 2.130166027158793e-02 3.7e+02 4.23e-02  2e-03  2e-01 7:34.5
  691   7601 2.114700610809927e-02 2.9e+02 7.35e-02  4e-03  2e-01 8:06.8
  700   7700 2.110718261201142e-02 2.8e+02 9.20e-02  5e-03  2e-01 8:13.2
  749   8239 2.039244086874426e-02 1.7e+02 8.17e-02  4e-03  1e-01 8:47.6
  799   8789 1.922165168284862e-02 1.2e+02 2.52e-01  1e-02  3e-01 9:22.7
  800   8800 1.927000067188006e-02 1.2e+02 2.50e-01  1e-02  3e-01 9:23.4
  853   9383 1.561620999764326e-02 7.8e+01 3.42e-01  2e-02  3e-01 10:00.6
  900   9900 1.043808651599960e-02 6.1e+01 3.62e-01  2e-02  2e-01 10:33.6
  956  10516 6.361653746841104e-03 5.6e+01 3.73e-01  2e-02  1e-01 11:12.9
 1000  11000 5.634777187075029e-03 2.9e+01 3.01e-01  1e-02  9e-02 11:43.9
Iterat #Fevals   function value  axis ratio  sigma  min&max std  t[m:s]
 1059  11649 5.172456541241935e-03 1.8e+01 1.05e-01  3e-03  2e-02 12:25.3
 1100  12100 5.143427145952052e-03 1.8e+01 4.40e-02  1e-03  7e-03 12:54.1
 1162  12782 5.142122996232163e-03 1.9e+01 1.77e-03  3e-05  2e-04 13:37.7
 1200  13200 5.142122208851981e-03 2.2e+01 1.66e-04  2e-06  2e-05 14:04.4
 1243  13673 5.142122205116861e-03 2.4e+01 1.33e-05  2e-07  1e-06 14:34.6
termination on tolfun=1e-11 (Wed Nov 25 16:32:50 2020)
final/bestever f-value = 5.142122e-03 5.142122e-03
incumbent solution: [-1.53436509e-08 -5.61411259e+00  9.67865219e-01  9.42477786e+00
  5.53230430e+00  1.56141454e+00 -6.28318502e+00 -8.42350920e+00 ...]
std deviations: [1.70554732e-07 4.37668079e-07 2.09816607e-07 2.27854097e-07
 7.51233267e-07 3.97390355e-07 2.78759367e-07 7.96685528e-07 ...]
cma
(6_w,12)-aCMA-ES (mu_w=3.7,w_1=40%) in dimension 17 (seed=449036, Wed Nov 25 16:32:50 2020)
Iterat #Fevals   function value  axis ratio  sigma  min&max std  t[m:s]
    1     12 5.501488066551909e-01 1.0e+00 9.35e-01  9e-01  9e-01 0:00.9
    2     24 4.103329686441917e-01 1.1e+00 9.15e-01  9e-01  9e-01 0:01.7
    3     36 3.110650909414684e-01 1.2e+00 9.05e-01  9e-01  9e-01 0:02.6
    7     84 2.141413717835326e-01 1.3e+00 8.05e-01  8e-01  8e-01 0:06.1
   12    144 2.945791768161101e-01 1.3e+00 6.40e-01  6e-01  7e-01 0:10.4
   18    216 2.260542432770539e-01 1.4e+00 5.42e-01  5e-01  6e-01 0:15.6
   25    300 1.674266426279392e-01 1.6e+00 5.74e-01  5e-01  6e-01 0:21.7
   34    408 2.138023136864724e-01 1.8e+00 5.19e-01  5e-01  6e-01 0:29.6
   44    528 9.900018859248699e-02 1.9e+00 3.04e-01  3e-01  3e-01 0:38.3
   55    660 5.364797773559367e-02 2.2e+00 2.30e-01  2e-01  3e-01 0:47.8
   67    804 5.073929548877370e-02 2.6e+00 1.59e-01  1e-01  2e-01 0:58.3
   80    960 4.810972797757453e-02 3.2e+00 1.43e-01  1e-01  2e-01 1:09.6
   94   1128 3.780486861649108e-02 4.0e+00 7.09e-02  5e-02  8e-02 1:21.8
  100   1200 3.454130447609185e-02 5.0e+00 7.98e-02  5e-02  1e-01 1:27.0
  117   1404 2.311950981392900e-02 8.3e+00 1.05e-01  7e-02  2e-01 1:41.8
  135   1620 2.163694857001337e-02 8.6e+00 4.04e-02  3e-02  7e-02 1:57.5
  154   1848 2.085356622014458e-02 8.7e+00 3.27e-02  2e-02  5e-02 2:14.0
  174   2088 1.986263861239824e-02 1.1e+01 2.66e-02  2e-02  5e-02 2:31.5
  195   2340 1.398417117364632e-02 1.5e+01 1.12e-01  7e-02  3e-01 2:49.7
  200   2400 1.374074621517517e-02 1.5e+01 1.26e-01  8e-02  3e-01 2:54.1
  223   2676 1.143010200399620e-02 1.4e+01 7.04e-02  4e-02  1e-01 3:14.1
  248   2976 1.114737272735821e-02 1.2e+01 3.46e-02  2e-02  5e-02 3:35.9
  274   3288 1.105115693892288e-02 1.3e+01 1.66e-02  6e-03  2e-02 3:58.5
  300   3600 1.099600792523435e-02 1.7e+01 1.78e-02  6e-03  3e-02 4:21.2
  328   3936 1.083017076537075e-02 2.1e+01 2.90e-02  9e-03  4e-02 4:45.5
  357   4284 1.076308147970002e-02 2.2e+01 1.98e-02  5e-03  3e-02 5:10.8
  387   4644 1.071087643889919e-02 2.4e+01 1.50e-02  3e-03  2e-02 5:36.9
  400   4800 1.070658699816427e-02 2.3e+01 1.33e-02  3e-03  2e-02 5:48.2
  433   5196 1.068988399554062e-02 2.2e+01 1.71e-02  3e-03  2e-02 6:16.9
  467   5604 1.063999077915006e-02 2.5e+01 2.27e-02  4e-03  3e-02 6:46.5
  500   6000 1.052189959059356e-02 3.2e+01 3.06e-02  5e-03  5e-02 7:15.2
  536   6432 1.033163920839236e-02 3.3e+01 3.08e-02  5e-03  5e-02 7:46.5
  573   6876 1.009812228040162e-02 3.0e+01 4.12e-02  6e-03  6e-02 8:18.7
  600   7200 9.630255494254367e-03 3.1e+01 6.13e-02  1e-02  8e-02 8:42.2
  640   7680 8.975326216569905e-03 3.0e+01 4.42e-02  7e-03  5e-02 9:17.0
  681   8172 8.855127915238332e-03 3.0e+01 2.34e-02  4e-03  2e-02 9:52.7
  700   8400 8.835014184588333e-03 3.3e+01 2.19e-02  3e-03  2e-02 10:09.2
  743   8916 8.763715153470211e-03 5.2e+01 2.81e-02  4e-03  4e-02 10:46.7
  787   9444 8.690216851768641e-03 4.8e+01 4.47e-02  6e-03  5e-02 11:25.0
  800   9600 8.670719766805692e-03 4.6e+01 3.96e-02  5e-03  4e-02 11:36.3
  847  10164 8.456850267357109e-03 4.6e+01 4.88e-02  6e-03  5e-02 12:17.1
  895  10740 7.726514777166493e-03 4.0e+01 1.06e-01  1e-02  1e-01 12:58.9
  900  10800 7.660078551922420e-03 3.7e+01 9.07e-02  9e-03  8e-02 13:03.2
  950  11400 7.082727340445098e-03 2.9e+01 8.24e-02  8e-03  5e-02 13:46.7
 1000  12000 7.013645973340863e-03 2.5e+01 1.74e-02  2e-03  9e-03 14:30.2
Iterat #Fevals   function value  axis ratio  sigma  min&max std  t[m:s]
 1052  12624 7.011655801773190e-03 2.4e+01 3.49e-03  3e-04  2e-03 15:15.4
 1100  13200 7.011601614823380e-03 2.3e+01 1.21e-03  8e-05  5e-04 15:57.2
 1155  13860 7.011597835239830e-03 2.7e+01 1.11e-04  6e-06  4e-05 16:44.9
 1200  14400 7.011597814657468e-03 3.1e+01 8.73e-06  4e-07  3e-06 17:23.9
 1215  14580 7.011597814602117e-03 3.3e+01 3.70e-06  1e-07  1e-06 17:36.9
termination on tolfun=1e-11 (Wed Nov 25 16:50:29 2020)
final/bestever f-value = 7.011598e-03 7.011598e-03
incumbent solution: [ 1.57079640e+00 -3.25542149e+00  5.19762248e+00  5.52064367e-08
  4.71106765e+00 -4.84232405e+00  5.09329700e+00 -8.31805145e+00 ...]
std deviations: [1.49384629e-07 7.41960483e-07 3.44088809e-07 1.91168016e-07
 5.62643558e-07 3.42586618e-07 4.34299955e-07 8.64168525e-07 ...]
cma
(6_w,12)-aCMA-ES (mu_w=3.7,w_1=40%) in dimension 17 (seed=467674, Wed Nov 25 16:50:29 2020)
Iterat #Fevals   function value  axis ratio  sigma  min&max std  t[m:s]
    1     12 3.561774603314907e-01 1.0e+00 9.24e-01  9e-01  9e-01 0:00.9
    2     24 3.716567778238326e-01 1.1e+00 8.72e-01  9e-01  9e-01 0:01.7
    3     36 2.776987142969545e-01 1.2e+00 8.73e-01  8e-01  9e-01 0:02.6
    7     84 3.247815156476521e-01 1.3e+00 7.96e-01  8e-01  8e-01 0:06.1
   12    144 3.176133734493981e-01 1.4e+00 8.00e-01  8e-01  9e-01 0:10.4
   18    216 7.303742888333499e-01 1.7e+00 7.53e-01  7e-01  8e-01 0:15.6
   25    300 5.222602928932221e-01 1.7e+00 5.82e-01  5e-01  6e-01 0:21.6
   34    408 2.080568303633206e-01 1.8e+00 4.49e-01  4e-01  5e-01 0:29.4
   44    528 1.188600115339340e-01 1.9e+00 3.18e-01  3e-01  3e-01 0:38.1
   55    660 4.833395015648544e-02 2.3e+00 2.74e-01  2e-01  3e-01 0:47.6
   67    804 3.707586546363905e-02 2.7e+00 1.87e-01  2e-01  2e-01 0:58.0
   80    960 2.565682248344867e-02 2.9e+00 1.19e-01  9e-02  1e-01 1:09.3
   94   1128 2.681474976286884e-02 3.6e+00 1.47e-01  1e-01  2e-01 1:21.4
  100   1200 2.310623354195819e-02 3.8e+00 1.35e-01  1e-01  2e-01 1:26.6
  117   1404 1.965451936010273e-02 4.7e+00 9.82e-02  7e-02  1e-01 1:41.3
  135   1620 1.450468380156151e-02 4.9e+00 7.52e-02  5e-02  9e-02 1:56.9
  154   1848 1.220933840580958e-02 5.6e+00 6.21e-02  4e-02  7e-02 2:13.3
  174   2088 9.920910581935512e-03 8.3e+00 6.94e-02  4e-02  1e-01 2:30.6
  195   2340 6.820586054462085e-03 1.2e+01 8.54e-02  4e-02  1e-01 2:48.8
  200   2400 6.404967385732077e-03 1.2e+01 7.70e-02  3e-02  1e-01 2:53.1
  224   2688 5.759676553680027e-03 1.4e+01 2.91e-02  1e-02  5e-02 3:13.9
  249   2988 5.528484924523067e-03 1.3e+01 2.06e-02  7e-03  3e-02 3:35.6
  275   3300 5.444474854857591e-03 1.3e+01 1.56e-02  5e-03  2e-02 3:58.1
  300   3600 5.336313564866853e-03 1.5e+01 1.57e-02  5e-03  2e-02 4:19.8
  328   3936 4.982387741716755e-03 2.3e+01 3.44e-02  1e-02  6e-02 4:44.0
  357   4284 4.762932167230231e-03 2.3e+01 2.52e-02  7e-03  4e-02 5:09.1
  388   4656 4.650753295010687e-03 2.2e+01 1.48e-02  4e-03  2e-02 5:36.0
  400   4800 4.609678146964063e-03 2.3e+01 1.86e-02  5e-03  2e-02 5:46.4
  433   5196 4.392642190566335e-03 2.6e+01 3.20e-02  8e-03  5e-02 6:15.0
  467   5604 4.264386516234548e-03 2.5e+01 2.47e-02  6e-03  4e-02 6:44.4
  500   6000 4.220729087681402e-03 2.9e+01 1.38e-02  3e-03  2e-02 7:13.0
  536   6432 4.171253137677713e-03 3.8e+01 1.27e-02  3e-03  3e-02 7:44.2
  573   6876 4.155427892498127e-03 4.7e+01 1.03e-02  2e-03  2e-02 8:16.2
  600   7200 4.152878543903901e-03 5.1e+01 4.15e-03  8e-04  9e-03 8:39.6
  640   7680 4.152663230072830e-03 5.5e+01 1.08e-03  2e-04  2e-03 9:14.3
  681   8172 4.152647991497790e-03 5.3e+01 1.47e-04  2e-05  2e-04 9:49.7
  700   8400 4.152647838543336e-03 5.3e+01 6.31e-05  8e-06  1e-04 10:06.1
  743   8916 4.152647817151627e-03 5.4e+01 5.91e-06  7e-07  8e-06 10:43.1
  765   9180 4.152647817056427e-03 5.1e+01 1.71e-06  2e-07  2e-06 11:02.1
/home/adrianps/Universal-Approximator/qibo_sim/classes/ApproximantNN.py:437: RuntimeWarning: More than 20 figures have been opened. Figures created through the pyplot interface (`matplotlib.pyplot.figure`) are retained until explicitly closed and may consume too much memory. (To control this warning, see the rcParam `figure.max_open_warning`).
  fig, axs = plt.subplots()
/home/adrianps/Universal-Approximator/qibo_sim/classes/ApproximantNN.py:452: RuntimeWarning: More than 20 figures have been opened. Figures created through the pyplot interface (`matplotlib.pyplot.figure`) are retained until explicitly closed and may consume too much memory. (To control this warning, see the rcParam `figure.max_open_warning`).
  fig, axs = plt.subplots()
/home/adrianps/Universal-Approximator/qibo_sim/classes/ApproximantNN.py:437: RuntimeWarning: More than 20 figures have been opened. Figures created through the pyplot interface (`matplotlib.pyplot.figure`) are retained until explicitly closed and may consume too much memory. (To control this warning, see the rcParam `figure.max_open_warning`).
  fig, axs = plt.subplots()
/home/adrianps/Universal-Approximator/qibo_sim/classes/ApproximantNN.py:452: RuntimeWarning: More than 20 figures have been opened. Figures created through the pyplot interface (`matplotlib.pyplot.figure`) are retained until explicitly closed and may consume too much memory. (To control this warning, see the rcParam `figure.max_open_warning`).
  fig, axs = plt.subplots()
termination on tolfun=1e-11 (Wed Nov 25 17:01:33 2020)
final/bestever f-value = 4.152648e-03 4.152648e-03
incumbent solution: [ 4.77535956e-08  4.82450279e+00  7.34153045e+00  3.14159277e+00
  8.26247985e+00  7.44237015e-01  3.14159250e+00 -7.20886753e+00 ...]
std deviations: [2.67110947e-07 5.53166519e-07 9.58439996e-07 3.51431161e-07
 2.24465604e-06 2.99064891e-07 2.43152666e-07 1.43937788e-06 ...]
