cma
(3_w,6)-aCMA-ES (mu_w=2.0,w_1=63%) in dimension 2 (seed=586481, Fri Nov 27 15:27:04 2020)
Iterat #Fevals   function value  axis ratio  sigma  min&max std  t[m:s]
    1      6 4.000471475675693e-01 1.0e+00 1.11e+00  1e+00  1e+00 0:00.3
    2     12 4.279261587548601e-01 1.3e+00 1.19e+00  1e+00  1e+00 0:00.5
    3     18 3.711259492664355e-01 1.2e+00 1.10e+00  9e-01  1e+00 0:00.8
   15     90 3.734873685873376e-01 2.7e+00 3.87e-01  9e-02  2e-01 0:04.0
   30    180 3.702089379186203e-01 2.3e+00 9.11e-02  7e-03  1e-02 0:08.1
   49    294 3.701836217584915e-01 2.0e+00 4.86e-03  7e-05  1e-04 0:13.2
   72    432 3.701836156782360e-01 2.7e+00 1.48e-04  2e-07  5e-07 0:19.5
   77    462 3.701836156782221e-01 2.3e+00 8.81e-05  8e-08  2e-07 0:20.8
termination on tolfun=1e-11 (Fri Nov 27 15:27:25 2020)
final/bestever f-value = 3.701836e-01 3.701836e-01
incumbent solution: [-5.370988133473179e-08, 2.5010645576109485]
std deviation: [8.369757467110636e-08, 1.730952684804056e-07]
cma
(3_w,6)-aCMA-ES (mu_w=2.0,w_1=63%) in dimension 2 (seed=612966, Fri Nov 27 15:27:25 2020)
Iterat #Fevals   function value  axis ratio  sigma  min&max std  t[m:s]
    1      6 3.972619768644780e-01 1.0e+00 1.73e+00  2e+00  2e+00 0:00.3
    2     12 5.074629738825187e-01 1.5e+00 1.43e+00  2e+00  2e+00 0:00.5
    3     18 6.099167140004368e-01 2.0e+00 1.38e+00  2e+00  2e+00 0:00.8
   15     90 3.703024415414328e-01 2.6e+00 1.98e-01  4e-02  1e-01 0:04.1
   30    180 3.701836184537886e-01 2.1e+00 6.85e-03  3e-04  7e-04 0:08.1
   49    294 3.701836156882815e-01 2.3e+00 5.97e-04  7e-06  1e-05 0:13.3
   69    414 3.701836156782209e-01 4.3e+00 1.16e-05  1e-08  4e-08 0:18.7
termination on tolfun=1e-11 (Fri Nov 27 15:27:44 2020)
final/bestever f-value = 3.701836e-01 3.701836e-01
incumbent solution: [7.223100160442483e-09, 2.5010645497606934]
std deviation: [1.0122627510959946e-08, 3.931029156037235e-08]
cma
(4_w,8)-aCMA-ES (mu_w=2.6,w_1=52%) in dimension 5 (seed=609466, Fri Nov 27 15:27:44 2020)
Iterat #Fevals   function value  axis ratio  sigma  min&max std  t[m:s]
    1      8 6.746266441703140e-01 1.0e+00 9.07e-01  9e-01  9e-01 0:00.4
    2     16 4.039950925327388e-01 1.2e+00 9.29e-01  8e-01  1e+00 0:00.9
    3     24 5.691946465950251e-01 1.4e+00 9.11e-01  8e-01  1e+00 0:01.3
   10     80 1.298538595638884e-01 1.7e+00 6.52e-01  5e-01  6e-01 0:04.3
   20    160 3.390383497453129e-02 2.2e+00 2.47e-01  1e-01  2e-01 0:08.7
   32    256 2.606870498776442e-02 3.7e+00 8.06e-02  2e-02  6e-02 0:13.9
   46    368 2.545356141744346e-02 5.1e+00 1.66e-02  3e-03  9e-03 0:20.0
   63    504 2.543076366541411e-02 5.8e+00 5.93e-03  7e-04  2e-03 0:27.3
   82    656 2.543035708430223e-02 6.7e+00 1.03e-03  7e-05  2e-04 0:35.6
  100    800 2.543034792261860e-02 4.9e+00 1.55e-04  7e-06  2e-05 0:43.4
  124    992 2.543034783040234e-02 4.2e+00 1.76e-05  5e-07  1e-06 0:53.8
  138   1104 2.543034783030650e-02 4.6e+00 3.61e-06  6e-08  1e-07 0:59.9
termination on tolfun=1e-11 (Fri Nov 27 15:28:45 2020)
final/bestever f-value = 2.543035e-02 2.543035e-02
incumbent solution: [0.8176834470806473, -1.7127176493021132, -2.264859833942925, 0.6036628305008397, 0.31205905160046626]
std deviation: [6.319057338710079e-08, 1.1275838180554473e-07, 5.7645948693806185e-08, 8.331471569721468e-08, 1.4088898133544e-07]
cma
(4_w,8)-aCMA-ES (mu_w=2.6,w_1=52%) in dimension 5 (seed=571738, Fri Nov 27 15:28:45 2020)
Iterat #Fevals   function value  axis ratio  sigma  min&max std  t[m:s]
    1      8 1.516212933885017e+00 1.0e+00 8.92e-01  8e-01  9e-01 0:00.4
    2     16 9.985118001858727e-01 1.3e+00 8.05e-01  7e-01  8e-01 0:00.9
    3     24 6.954802007362784e-01 1.3e+00 9.23e-01  7e-01  1e+00 0:01.3
   11     88 2.948925306456847e-01 1.8e+00 5.80e-01  4e-01  6e-01 0:04.7
   21    168 1.084393726444021e-01 2.2e+00 4.09e-01  2e-01  4e-01 0:09.1
   33    264 3.564688553580229e-02 3.0e+00 3.02e-01  1e-01  3e-01 0:14.2
   47    376 2.626098130303272e-02 4.8e+00 1.05e-01  3e-02  8e-02 0:20.3
   64    512 2.546694188355181e-02 6.3e+00 2.06e-02  3e-03  1e-02 0:27.7
   83    664 2.543044555892539e-02 5.6e+00 3.06e-03  3e-04  8e-04 0:35.8
  100    800 2.543034830150858e-02 4.6e+00 3.16e-04  2e-05  4e-05 0:43.1
  124    992 2.543034783099091e-02 4.9e+00 4.15e-05  1e-06  4e-06 0:53.4
  144   1152 2.543034783031042e-02 4.8e+00 4.96e-06  8e-08  2e-07 1:02.2
termination on tolfun=1e-11 (Fri Nov 27 15:29:47 2020)
final/bestever f-value = 2.543035e-02 2.543035e-02
incumbent solution: [0.8176833391106609, -1.7127175477157714, 4.0183255367143875, 0.603662752533691, 0.3120590653327248]
std deviation: [8.225101190102787e-08, 1.3347565809650646e-07, 7.825803577136816e-08, 1.2934239356637656e-07, 2.0702651343078407e-07]
cma
(5_w,10)-aCMA-ES (mu_w=3.2,w_1=45%) in dimension 8 (seed=544318, Fri Nov 27 15:29:48 2020)
Iterat #Fevals   function value  axis ratio  sigma  min&max std  t[m:s]
    1     10 4.749284210366924e-01 1.0e+00 1.07e+00  1e+00  1e+00 0:00.6
    2     20 2.013947383494628e-01 1.3e+00 1.06e+00  1e+00  1e+00 0:01.2
    3     30 3.646192673731979e-01 1.5e+00 1.04e+00  1e+00  1e+00 0:01.9
    8     80 3.039463161553342e-01 1.6e+00 8.63e-01  8e-01  9e-01 0:05.0
   15    150 2.249649669365994e-01 1.9e+00 4.73e-01  4e-01  5e-01 0:09.3
   24    240 4.627631882783212e-02 3.3e+00 2.92e-01  2e-01  3e-01 0:14.9
   34    340 3.141661763712772e-02 5.0e+00 1.62e-01  9e-02  2e-01 0:21.2
   46    460 2.526371415313015e-02 6.1e+00 7.15e-02  4e-02  7e-02 0:28.7
   59    590 2.220119155809107e-02 8.7e+00 9.19e-02  4e-02  1e-01 0:36.9
   74    740 2.074540564989966e-02 1.0e+01 9.06e-02  4e-02  9e-02 0:46.3
   90    900 2.003270582356952e-02 1.2e+01 5.07e-02  2e-02  4e-02 0:56.3
  100   1000 1.936931682508483e-02 1.5e+01 4.25e-02  2e-02  4e-02 1:02.6
  120   1200 1.666292090092526e-02 1.4e+01 1.26e-01  4e-02  9e-02 1:15.2
  141   1410 1.043807158139695e-02 1.3e+01 1.92e-01  5e-02  1e-01 1:28.3
  164   1640 8.019515945559989e-03 1.3e+01 8.05e-02  1e-02  4e-02 1:42.7
  188   1880 7.725402481407003e-03 2.0e+01 5.18e-02  7e-03  3e-02 1:57.8
  200   2000 7.637399617373204e-03 4.3e+01 8.41e-02  1e-02  6e-02 2:05.3
  228   2280 7.395952052285801e-03 3.6e+01 3.91e-02  3e-03  2e-02 2:22.8
  257   2570 7.387586046379974e-03 3.7e+01 3.92e-03  2e-04  2e-03 2:40.9
  288   2880 7.387562434417004e-03 4.0e+01 4.10e-04  2e-05  1e-04 3:00.1
  300   3000 7.387562318974743e-03 3.8e+01 2.34e-04  8e-06  6e-05 3:07.6
  334   3340 7.387562287254129e-03 3.7e+01 1.59e-05  4e-07  2e-06 3:28.8
  337   3370 7.387562287270509e-03 3.8e+01 1.41e-05  3e-07  2e-06 3:30.7
termination on tolfun=1e-11 (Fri Nov 27 15:33:19 2020)
final/bestever f-value = 7.387562e-03 7.387562e-03
incumbent solution: [1.2150151253971857, -1.4454246811447693, -2.0103327722081232, 0.6677627636418637, -3.0842200300394107, -0.5533109008276812, 0.737226283607797, 2.6390666788506008]
std deviation: [3.048089429320617e-07, 1.0821243856997198e-06, 4.4628386464250624e-07, 6.105153248470623e-07, 1.9840676068695664e-06, 4.848386637759272e-07, 4.3615262977779553e-07, 1.7424676096201354e-06]
cma
(5_w,10)-aCMA-ES (mu_w=3.2,w_1=45%) in dimension 8 (seed=613925, Fri Nov 27 15:33:19 2020)
Iterat #Fevals   function value  axis ratio  sigma  min&max std  t[m:s]
    1     10 5.038710777461405e-01 1.0e+00 9.77e-01  1e+00  1e+00 0:00.6
    2     20 7.223881387450934e-01 1.2e+00 8.99e-01  8e-01  9e-01 0:01.2
    3     30 1.819635330627211e-01 1.3e+00 9.01e-01  8e-01  9e-01 0:01.9
    8     80 3.877250514496204e-01 2.0e+00 1.20e+00  1e+00  1e+00 0:05.0
   15    150 8.434659549958170e-01 2.5e+00 8.61e-01  7e-01  1e+00 0:09.4
   24    240 2.981307488392245e-01 2.4e+00 6.74e-01  5e-01  7e-01 0:15.0
   34    340 2.436130957072914e-01 3.0e+00 6.31e-01  5e-01  6e-01 0:21.2
   46    460 2.995462627046812e-02 3.7e+00 2.07e-01  1e-01  2e-01 0:28.7
   59    590 2.285647157574049e-02 4.5e+00 6.84e-02  4e-02  5e-02 0:36.8
   74    740 2.076764423789687e-02 6.5e+00 6.21e-02  3e-02  5e-02 0:46.1
   91    910 1.194995981266529e-02 1.1e+01 1.04e-01  5e-02  1e-01 0:56.7
  100   1000 6.775067560604032e-03 1.1e+01 1.27e-01  5e-02  1e-01 1:02.3
  120   1200 5.941845698741293e-03 8.4e+00 3.41e-02  8e-03  2e-02 1:14.7
  141   1410 5.837178668704666e-03 8.5e+00 1.34e-02  3e-03  8e-03 1:27.8
  164   1640 5.821610857781555e-03 1.0e+01 6.40e-03  1e-03  3e-03 1:42.1
  189   1890 5.821026675395474e-03 1.4e+01 1.14e-03  1e-04  5e-04 1:57.7
  200   2000 5.821016139279826e-03 1.6e+01 5.27e-04  6e-05  2e-04 2:04.5
  228   2280 5.821014438248727e-03 1.2e+01 8.96e-05  6e-06  2e-05 2:21.9
  257   2570 5.821014414082146e-03 1.3e+01 1.05e-05  5e-07  2e-06 2:40.3
  264   2640 5.821014413941093e-03 1.4e+01 5.27e-06  2e-07  7e-07 2:44.8
termination on tolfun=1e-11 (Fri Nov 27 15:36:05 2020)
final/bestever f-value = 5.821014e-03 5.821014e-03
incumbent solution: [-0.12987307450532534, 1.6192849106142515, 4.137468912413911, 1.2239450750135645, 3.031869693007343, -2.4914964572138887, -1.9062055719243145, 0.12022083361574198]
std deviation: [2.4847738345597943e-07, 5.208923658306954e-07, 3.288475984518323e-07, 5.645484933517739e-07, 7.160315341028992e-07, 2.297507717514002e-07, 6.139520780861098e-07, 5.56299304065878e-07]
cma
(5_w,11)-aCMA-ES (mu_w=3.4,w_1=42%) in dimension 11 (seed=614893, Fri Nov 27 15:36:05 2020)
Iterat #Fevals   function value  axis ratio  sigma  min&max std  t[m:s]
    1     11 3.682501030170447e-01 1.0e+00 9.16e-01  9e-01  9e-01 0:00.8
    2     22 3.265744531930982e-01 1.1e+00 8.35e-01  8e-01  9e-01 0:01.5
    3     33 4.428035133264661e-01 1.2e+00 7.97e-01  8e-01  8e-01 0:02.3
    7     77 4.706394475689892e-01 1.5e+00 8.40e-01  7e-01  9e-01 0:05.4
   13    143 8.814942483232219e-01 1.8e+00 9.47e-01  8e-01  1e+00 0:10.1
   20    220 2.104077352636560e-01 1.9e+00 6.36e-01  5e-01  7e-01 0:15.5
   28    308 1.627206931388436e-01 2.1e+00 4.80e-01  4e-01  6e-01 0:21.7
   38    418 4.694045639470997e-02 2.5e+00 2.60e-01  2e-01  3e-01 0:29.5
   49    539 2.729812251144044e-02 2.9e+00 1.78e-01  1e-01  2e-01 0:38.1
   61    671 1.923323411513695e-02 3.3e+00 8.10e-02  5e-02  9e-02 0:47.4
   74    814 1.613590814545406e-02 4.3e+00 6.93e-02  4e-02  7e-02 0:57.4
   89    979 1.091366786294310e-02 6.9e+00 7.19e-02  4e-02  9e-02 1:09.1
  100   1100 9.241600877674417e-03 8.3e+00 1.04e-01  5e-02  1e-01 1:17.6
  117   1287 7.821800410503435e-03 8.4e+00 3.36e-02  2e-02  3e-02 1:30.8
  136   1496 7.384245377875898e-03 1.2e+01 2.11e-02  9e-03  2e-02 1:45.5
  156   1716 7.309207238593809e-03 2.0e+01 1.77e-02  7e-03  2e-02 2:01.1
  177   1947 7.260889513818484e-03 2.2e+01 1.32e-02  5e-03  2e-02 2:17.3
  199   2189 7.142133718983294e-03 4.8e+01 2.53e-02  9e-03  6e-02 2:34.4
  200   2200 7.120038616370480e-03 4.9e+01 2.50e-02  9e-03  6e-02 2:35.2
  225   2475 6.320289758495881e-03 6.7e+01 4.77e-02  1e-02  1e-01 2:54.5
  251   2761 5.038880332861984e-03 7.6e+01 5.07e-02  2e-02  1e-01 3:14.7
  279   3069 3.260452942980681e-03 6.7e+01 8.58e-02  2e-02  2e-01 3:36.4
  300   3300 2.380698390458869e-03 5.6e+01 8.61e-02  2e-02  2e-01 3:52.6
  330   3630 1.205725923549420e-03 4.0e+01 7.37e-02  8e-03  9e-02 4:15.8
  361   3971 8.301922024756266e-04 4.0e+01 3.35e-02  3e-03  4e-02 4:39.9
  394   4334 7.701041556192124e-04 4.7e+01 1.70e-02  9e-04  2e-02 5:05.5
  400   4400 7.688945622888465e-04 5.2e+01 1.65e-02  9e-04  2e-02 5:10.1
  436   4796 7.652929985083037e-04 5.1e+01 5.90e-03  2e-04  5e-03 5:37.9
  473   5203 7.650984741316965e-04 5.9e+01 9.97e-04  3e-05  7e-04 6:06.3
  500   5500 7.650972058813075e-04 7.8e+01 1.55e-04  4e-06  1e-04 6:27.0
  540   5940 7.650971849225761e-04 8.0e+01 8.06e-06  1e-07  4e-06 6:57.8
  546   6006 7.650971848800679e-04 7.6e+01 5.02e-06  8e-08  2e-06 7:02.4
termination on tolfun=1e-11 (Fri Nov 27 15:43:08 2020)
final/bestever f-value = 7.650972e-04 7.650972e-04
incumbent solution: [ 3.79919469 -1.34398981 -1.00803535 -1.86717708 -2.46085986 -2.68998951
  0.70604446 -7.54538662 ...]
std deviations: [8.49420860e-07 1.62068761e-06 2.90483818e-07 4.26525684e-07
 9.46075753e-07 5.21081413e-07 9.14893236e-07 1.96448856e-06 ...]
cma
(5_w,11)-aCMA-ES (mu_w=3.4,w_1=42%) in dimension 11 (seed=543534, Fri Nov 27 15:43:09 2020)
Iterat #Fevals   function value  axis ratio  sigma  min&max std  t[m:s]
    1     11 6.385091717463417e-01 1.0e+00 1.00e+00  1e+00  1e+00 0:00.8
    2     22 1.156482226971330e+00 1.3e+00 1.05e+00  1e+00  1e+00 0:01.5
    3     33 6.205344005426138e-01 1.4e+00 1.16e+00  1e+00  1e+00 0:02.3
    7     77 7.862494231444757e-01 1.6e+00 9.84e-01  9e-01  1e+00 0:05.4
   13    143 3.614468592467354e-01 1.7e+00 7.51e-01  6e-01  8e-01 0:10.1
   20    220 4.696332067958484e-01 2.0e+00 8.03e-01  6e-01  9e-01 0:15.5
   28    308 9.820822246729037e-02 2.7e+00 7.65e-01  6e-01  9e-01 0:21.7
   38    418 2.424465327898402e-01 3.0e+00 7.56e-01  5e-01  8e-01 0:29.5
   49    539 3.361716812234904e-01 3.1e+00 5.18e-01  4e-01  6e-01 0:38.0
   61    671 6.238487070501578e-02 3.7e+00 2.51e-01  2e-01  3e-01 0:47.4
   74    814 2.054596068904866e-02 4.7e+00 1.53e-01  9e-02  2e-01 0:57.4
   89    979 1.915687130890269e-02 6.0e+00 7.72e-02  4e-02  8e-02 1:09.1
  100   1100 1.667346694276097e-02 7.9e+00 5.74e-02  3e-02  7e-02 1:17.6
  117   1287 1.187990322672452e-02 1.0e+01 1.08e-01  5e-02  1e-01 1:30.8
  136   1496 8.918298159704859e-03 1.3e+01 6.95e-02  3e-02  7e-02 1:45.6
  156   1716 6.650626717781263e-03 1.3e+01 5.05e-02  2e-02  5e-02 2:01.1
  177   1947 5.727026554531255e-03 2.3e+01 4.36e-02  2e-02  5e-02 2:17.3
  199   2189 5.433648867208494e-03 3.5e+01 3.76e-02  2e-02  6e-02 2:34.4
  200   2200 5.477228191880614e-03 3.6e+01 3.52e-02  1e-02  6e-02 2:35.1
  225   2475 5.337571056874650e-03 3.3e+01 1.20e-02  3e-03  1e-02 2:54.3
  252   2772 5.291415708581478e-03 3.6e+01 2.29e-02  5e-03  3e-02 3:15.1
  280   3080 5.053978808509866e-03 4.5e+01 4.54e-02  8e-03  5e-02 3:36.8
  300   3300 4.867448530229817e-03 5.4e+01 4.12e-02  6e-03  4e-02 3:52.3
  330   3630 4.682048032813911e-03 5.2e+01 2.99e-02  4e-03  3e-02 4:15.5
  361   3971 4.585985102966339e-03 4.9e+01 3.12e-02  3e-03  3e-02 4:39.5
  394   4334 4.507929876955941e-03 4.5e+01 3.26e-02  3e-03  2e-02 5:05.0
  400   4400 4.496722016185640e-03 4.6e+01 2.76e-02  3e-03  2e-02 5:09.7
  435   4785 4.361396933473587e-03 5.8e+01 5.08e-02  4e-03  3e-02 5:36.8
  472   5192 4.222376162569092e-03 5.2e+01 5.94e-02  4e-03  3e-02 6:05.4
  500   5500 4.092602027837540e-03 6.1e+01 6.42e-02  4e-03  3e-02 6:27.1
  539   5929 3.953493013140155e-03 4.8e+01 8.55e-02  5e-03  4e-02 6:57.3
  580   6380 3.878229810472060e-03 4.1e+01 7.73e-02  3e-03  2e-02 7:29.0
  600   6600 3.849846346322993e-03 4.5e+01 8.45e-02  4e-03  2e-02 7:44.4
  643   7073 3.829538908633927e-03 4.9e+01 1.85e-02  6e-04  4e-03 8:17.7
  688   7568 3.829271357152197e-03 5.8e+01 8.15e-03  2e-04  1e-03 8:52.3
  700   7700 3.829187841698171e-03 6.1e+01 1.22e-02  2e-04  2e-03 9:01.5
  747   8217 3.826849425925751e-03 8.6e+01 4.86e-02  8e-04  8e-03 9:37.7
  795   8745 3.822361967043919e-03 6.7e+01 5.44e-02  6e-04  7e-03 10:14.8
  800   8800 3.821168431243016e-03 6.8e+01 8.35e-02  9e-04  1e-02 10:18.7
  851   9361 3.811678547386445e-03 5.9e+01 1.34e-01  1e-03  1e-02 10:58.3
  900   9900 3.793026010159807e-03 6.9e+01 1.66e-01  1e-03  9e-03 11:36.3
  953  10483 3.756966751200412e-03 6.6e+01 2.92e-01  2e-03  1e-02 12:17.4
 1000  11000 3.687907082150262e-03 5.6e+01 5.58e-01  3e-03  2e-02 12:54.0
Iterat #Fevals   function value  axis ratio  sigma  min&max std  t[m:s]
 1056  11616 3.562780252587844e-03 7.4e+01 6.20e-01  2e-03  2e-02 13:37.4
 1100  12100 3.432881384316062e-03 8.5e+01 1.29e+00  5e-03  4e-02 14:11.5
 1159  12749 1.847608676278135e-03 7.9e+01 5.74e+00  1e-02  2e-01 14:57.3
 1200  13200 1.205689318562234e-03 9.9e+01 5.69e+00  1e-02  1e-01 15:29.1
 1261  13871 4.925841733729640e-04 6.5e+01 4.38e+00  4e-03  5e-02 16:16.4
 1300  14300 4.582086773644044e-04 5.3e+01 9.89e-01  7e-04  8e-03 16:46.6
 1364  15004 4.555728010201506e-04 6.2e+01 1.42e-01  7e-05  8e-04 17:36.3
 1400  15400 4.555673954417005e-04 5.6e+01 1.36e-02  5e-06  5e-05 18:04.4
 1453  15983 4.555673636253511e-04 6.1e+01 6.91e-04  1e-07  2e-06 18:45.4
termination on tolfun=1e-11 (Fri Nov 27 16:01:56 2020)
final/bestever f-value = 4.555674e-04 4.555674e-04
incumbent solution: [ 3.20220973  6.01303702 -3.36892943  0.42898612  5.25331302  1.57359163
 -1.70598451 -2.81213918 ...]
std deviations: [6.60143052e-07 1.74848601e-06 1.46438635e-07 7.10647321e-07
 1.68902501e-06 6.10311479e-07 7.13777914e-07 1.64861136e-06 ...]
cma
(5_w,11)-aCMA-ES (mu_w=3.4,w_1=42%) in dimension 14 (seed=542290, Fri Nov 27 16:01:57 2020)
Iterat #Fevals   function value  axis ratio  sigma  min&max std  t[m:s]
    1     11 5.560704672035810e-01 1.0e+00 9.00e-01  9e-01  9e-01 0:00.9
    2     22 1.523600420207550e-01 1.1e+00 8.23e-01  8e-01  8e-01 0:01.8
    3     33 1.128905683598433e+00 1.2e+00 8.19e-01  8e-01  8e-01 0:02.7
    7     77 3.320536616727467e-01 1.3e+00 7.82e-01  7e-01  8e-01 0:06.2
   12    132 6.238973459500555e-01 1.5e+00 8.58e-01  8e-01  9e-01 0:10.7
   18    198 2.165676497487817e-01 1.7e+00 8.97e-01  8e-01  1e+00 0:16.0
   25    275 3.649811199606781e-01 2.0e+00 8.12e-01  7e-01  9e-01 0:22.2
   33    363 2.763987134067851e-01 2.3e+00 6.74e-01  6e-01  7e-01 0:29.3
   42    462 2.821532995469093e-01 2.6e+00 4.44e-01  4e-01  5e-01 0:37.3
   53    583 5.961593296331282e-02 2.7e+00 3.15e-01  2e-01  3e-01 0:47.1
   65    715 4.499587329901158e-02 2.9e+00 2.39e-01  2e-01  3e-01 0:57.8
   78    858 2.794650573982145e-02 3.5e+00 1.66e-01  1e-01  2e-01 1:09.3
   92   1012 1.632548078753190e-02 3.9e+00 8.74e-02  6e-02  9e-02 1:21.7
  100   1100 1.277611122914311e-02 4.4e+00 6.85e-02  5e-02  7e-02 1:28.8
  116   1276 9.769188687424548e-03 4.8e+00 3.99e-02  3e-02  4e-02 1:43.0
  133   1463 8.733001061111351e-03 5.0e+00 3.28e-02  2e-02  3e-02 1:58.1
  152   1672 8.024845041554611e-03 6.6e+00 2.01e-02  1e-02  2e-02 2:14.9
  172   1892 7.870791168392144e-03 8.3e+00 1.27e-02  6e-03  1e-02 2:32.7
  193   2123 7.722705755789721e-03 1.5e+01 1.71e-02  7e-03  3e-02 2:51.3
  200   2200 7.626235047795690e-03 1.8e+01 2.77e-02  1e-02  5e-02 2:57.5
  223   2453 6.969863315823795e-03 2.5e+01 3.61e-02  2e-02  7e-02 3:17.9
  247   2717 5.647858814385090e-03 2.8e+01 4.26e-02  2e-02  8e-02 3:39.2
  272   2992 3.778968386868822e-03 2.5e+01 6.07e-02  3e-02  8e-02 4:01.3
  298   3278 2.518399615085585e-03 2.1e+01 2.44e-02  1e-02  3e-02 4:24.3
  300   3300 2.519213920298784e-03 2.1e+01 2.24e-02  1e-02  3e-02 4:26.1
  329   3619 2.062153643322084e-03 2.0e+01 3.54e-02  1e-02  4e-02 4:51.8
  359   3949 1.291187751138795e-03 2.5e+01 4.98e-02  2e-02  5e-02 5:18.4
  390   4290 7.554742900725527e-04 3.0e+01 3.41e-02  1e-02  4e-02 5:45.9
  400   4400 6.439460812383375e-04 3.4e+01 3.90e-02  1e-02  5e-02 5:54.7
  433   4763 4.912957881087259e-04 3.5e+01 1.58e-02  4e-03  2e-02 6:24.0
  467   5137 4.674202706325273e-04 4.2e+01 1.38e-02  3e-03  2e-02 6:54.1
  500   5500 4.558673375970318e-04 4.1e+01 5.97e-03  9e-04  6e-03 7:23.3
  537   5907 4.208880258354962e-04 8.3e+01 1.72e-02  2e-03  2e-02 7:56.1
  575   6325 3.970017203831114e-04 6.4e+01 1.37e-02  2e-03  1e-02 8:29.8
  600   6600 3.770049010820250e-04 5.9e+01 1.53e-02  2e-03  1e-02 8:52.0
  640   7040 3.596499622512970e-04 7.6e+01 1.32e-02  1e-03  1e-02 9:27.4
  681   7491 3.510679951635754e-04 8.4e+01 1.84e-02  2e-03  2e-02 10:03.7
  700   7700 3.479429071084258e-04 7.5e+01 9.68e-03  8e-04  8e-03 10:20.6
  743   8173 3.386576071116898e-04 7.7e+01 1.93e-02  1e-03  1e-02 10:58.7
  787   8657 3.338917187265509e-04 7.5e+01 6.10e-03  4e-04  3e-03 11:37.7
  800   8800 3.334324629459997e-04 7.5e+01 7.00e-03  4e-04  4e-03 11:49.2
  847   9317 3.326276989199415e-04 1.0e+02 4.28e-03  2e-04  2e-03 12:30.8
  895   9845 3.325550507276623e-04 1.1e+02 4.88e-03  2e-04  2e-03 13:13.4
  900   9900 3.325470140493717e-04 1.1e+02 4.93e-03  2e-04  2e-03 13:17.8
  950  10450 3.320452857712476e-04 1.5e+02 6.97e-03  4e-04  3e-03 14:02.2
 1000  11000 3.316813742011519e-04 2.0e+02 7.79e-03  4e-04  3e-03 14:46.5
Iterat #Fevals   function value  axis ratio  sigma  min&max std  t[m:s]
 1053  11583 3.314261350714273e-04 2.0e+02 6.88e-03  3e-04  3e-03 15:33.3
 1100  12100 3.313116271226254e-04 2.5e+02 3.47e-03  1e-04  2e-03 16:14.0
 1156  12716 3.313001236360162e-04 3.5e+02 1.12e-03  4e-05  6e-04 17:02.4
 1200  13200 3.312997654636821e-04 3.6e+02 3.00e-04  9e-06  1e-04 17:40.4
 1249  13739 3.312997511893342e-04 4.2e+02 3.25e-05  9e-07  1e-05 18:22.7
termination on tolfun=1e-11 (Fri Nov 27 16:20:21 2020)
final/bestever f-value = 3.312998e-04 3.312998e-04
incumbent solution: [ 1.06764421 -0.91341129  1.21036968  4.56822295  2.12006047 -8.1776377
  1.52652125 -4.99264684 ...]
std deviations: [1.59258375e-06 3.83523115e-06 4.20996791e-06 1.16516933e-05
 3.53479225e-06 6.64511952e-06 8.37652797e-06 6.32664351e-06 ...]
cma
(5_w,11)-aCMA-ES (mu_w=3.4,w_1=42%) in dimension 14 (seed=609429, Fri Nov 27 16:20:22 2020)
Iterat #Fevals   function value  axis ratio  sigma  min&max std  t[m:s]
    1     11 1.960955853301488e-01 1.0e+00 9.43e-01  9e-01  9e-01 0:00.9
    2     22 1.680891616768229e-01 1.1e+00 9.08e-01  9e-01  9e-01 0:01.7
    3     33 4.290147494010143e-01 1.2e+00 8.64e-01  8e-01  9e-01 0:02.6
    7     77 2.536374504447361e-01 1.3e+00 6.85e-01  6e-01  7e-01 0:06.1
   12    132 2.368058879225882e-01 1.4e+00 5.88e-01  5e-01  6e-01 0:10.5
   18    198 1.668645545603663e-01 1.5e+00 4.35e-01  4e-01  4e-01 0:15.7
   25    275 3.513851316523055e-01 1.8e+00 4.76e-01  4e-01  5e-01 0:21.8
   34    374 2.106360558279106e-01 2.1e+00 5.11e-01  4e-01  6e-01 0:29.6
   44    484 1.398171826634911e-01 2.3e+00 3.82e-01  3e-01  4e-01 0:38.3
   55    605 4.937485858445744e-02 2.4e+00 1.85e-01  1e-01  2e-01 0:47.9
   67    737 3.164284399451461e-02 3.0e+00 1.14e-01  8e-02  1e-01 0:58.4
   80    880 2.831186854180463e-02 3.3e+00 8.18e-02  6e-02  9e-02 1:09.7
   94   1034 2.331609554745189e-02 4.2e+00 4.39e-02  3e-02  5e-02 1:21.9
  100   1100 2.211123625121069e-02 4.4e+00 4.46e-02  3e-02  5e-02 1:27.1
  117   1287 2.114828578133460e-02 7.0e+00 3.71e-02  2e-02  5e-02 1:41.9
  135   1485 1.913245620044130e-02 1.2e+01 3.64e-02  2e-02  5e-02 1:57.6
  154   1694 1.433386741445558e-02 1.7e+01 6.71e-02  4e-02  1e-01 2:14.1
  174   1914 9.669447316053462e-03 1.8e+01 6.04e-02  3e-02  9e-02 2:31.5
  195   2145 8.631668113778782e-03 1.5e+01 3.46e-02  2e-02  4e-02 2:49.7
  200   2200 8.762790576968851e-03 1.6e+01 3.34e-02  2e-02  4e-02 2:54.0
  223   2453 8.477467914171805e-03 1.4e+01 1.30e-02  6e-03  1e-02 3:14.0
  248   2728 8.438770104745206e-03 1.6e+01 8.70e-03  4e-03  9e-03 3:35.7
  274   3014 8.375634654656770e-03 2.5e+01 1.17e-02  6e-03  1e-02 3:58.3
  300   3300 8.280557242123007e-03 3.3e+01 3.38e-02  2e-02  5e-02 4:20.8
  328   3608 8.002121136731068e-03 3.6e+01 2.70e-02  1e-02  4e-02 4:45.2
  357   3927 7.763158493485904e-03 3.7e+01 2.43e-02  9e-03  3e-02 5:10.4
  387   4257 7.221781824069479e-03 5.1e+01 6.79e-02  2e-02  9e-02 5:36.5
  400   4400 6.626376929709557e-03 4.6e+01 3.33e-02  1e-02  4e-02 5:47.8
  433   4763 5.749073853306017e-03 4.0e+01 3.16e-02  9e-03  3e-02 6:16.4
  467   5137 2.871547844207931e-03 4.4e+01 9.53e-02  2e-02  1e-01 6:45.8
  500   5500 2.181513893535416e-03 3.6e+01 4.48e-02  8e-03  4e-02 7:14.5
  536   5896 1.767920274178811e-03 3.2e+01 4.25e-02  7e-03  3e-02 7:45.7
  573   6303 1.250871863152686e-03 2.7e+01 4.30e-02  7e-03  3e-02 8:17.8
  600   6600 1.119971654764943e-03 2.6e+01 2.83e-02  4e-03  2e-02 8:41.3
  640   7040 1.087330680684552e-03 2.8e+01 1.11e-02  2e-03  6e-03 9:16.0
  681   7491 1.036826403755495e-03 5.2e+01 2.24e-02  3e-03  2e-02 9:51.6
  700   7700 1.020934883564237e-03 5.0e+01 2.67e-02  4e-03  2e-02 10:08.1
  743   8173 9.896793008727948e-04 5.3e+01 4.16e-02  5e-03  2e-02 10:45.2
  788   8668 9.332897531098415e-04 5.7e+01 4.29e-02  5e-03  2e-02 11:24.0
  800   8800 9.245006096637816e-04 6.5e+01 4.17e-02  5e-03  2e-02 11:34.3
  847   9317 8.632554637536774e-04 7.4e+01 4.39e-02  5e-03  2e-02 12:14.8
  895   9845 7.711435535251600e-04 7.9e+01 5.47e-02  5e-03  3e-02 12:56.3
  900   9900 7.658195562522780e-04 8.3e+01 6.28e-02  6e-03  4e-02 13:00.6
  950  10450 6.400728544353326e-04 1.1e+02 1.00e-01  9e-03  7e-02 13:43.9
 1000  11000 4.913647804682591e-04 1.1e+02 7.89e-02  5e-03  5e-02 14:27.2
Iterat #Fevals   function value  axis ratio  sigma  min&max std  t[m:s]
 1053  11583 4.404453736594085e-04 1.2e+02 3.85e-02  2e-03  2e-02 15:13.1
 1100  12100 4.149965277076040e-04 8.5e+01 5.96e-02  2e-03  2e-02 15:53.7
 1155  12705 3.500715737727551e-04 6.4e+01 9.72e-02  2e-03  3e-02 16:41.3
 1200  13200 3.108771081253896e-04 5.7e+01 7.38e-02  1e-03  1e-02 17:20.3
 1257  13827 2.542516191433613e-04 6.6e+01 1.13e-01  2e-03  3e-02 18:09.6
 1300  14300 2.352246128534768e-04 7.6e+01 8.09e-02  9e-04  2e-02 18:46.8
 1359  14949 2.227359454340412e-04 6.7e+01 6.59e-02  8e-04  1e-02 19:37.9
 1400  15400 2.150618219140793e-04 1.0e+02 1.28e-01  2e-03  3e-02 20:13.2
 1462  16082 2.017355070497525e-04 1.5e+02 5.80e-02  9e-04  1e-02 21:06.6
 1500  16500 2.006063068383993e-04 2.0e+02 3.59e-02  6e-04  8e-03 21:39.3
 1564  17204 2.004025462279276e-04 2.4e+02 3.10e-03  4e-05  7e-04 22:34.4
 1600  17600 2.004022273695484e-04 2.6e+02 4.55e-04  5e-06  9e-05 23:05.5
 1643  18073 2.004022254901770e-04 2.7e+02 5.00e-05  4e-07  8e-06 23:42.8
termination on tolfun=1e-11 (Fri Nov 27 16:44:07 2020)
final/bestever f-value = 2.004022e-04 2.004022e-04
incumbent solution: [0.63392584 1.81360949 1.98037349 1.65990671 3.71437795 2.11076456
 0.31421301 3.11194    ...]
std deviations: [7.82833444e-07 1.57838390e-06 7.17005518e-07 5.85967339e-07
 1.90994620e-06 1.29251756e-06 9.09783897e-07 2.90406114e-06 ...]
cma
(6_w,12)-aCMA-ES (mu_w=3.7,w_1=40%) in dimension 17 (seed=607441, Fri Nov 27 16:44:07 2020)
Iterat #Fevals   function value  axis ratio  sigma  min&max std  t[m:s]
    1     12 2.889036442035162e-01 1.0e+00 9.14e-01  9e-01  9e-01 0:01.1
    2     24 3.054116412456282e-01 1.1e+00 8.88e-01  9e-01  9e-01 0:02.1
    3     36 4.305080955470355e-01 1.2e+00 8.62e-01  8e-01  9e-01 0:03.2
    6     72 4.282580140079442e-01 1.2e+00 7.91e-01  7e-01  8e-01 0:06.4
   10    120 4.999038570241357e-01 1.3e+00 7.02e-01  6e-01  8e-01 0:10.7
   15    180 3.721677534023641e-01 1.5e+00 7.48e-01  7e-01  9e-01 0:16.1
   21    252 8.060219706075861e-01 1.5e+00 6.72e-01  6e-01  8e-01 0:22.5
   28    336 1.631717981536583e-01 1.6e+00 6.62e-01  6e-01  8e-01 0:29.9
   36    432 6.151426166196410e-01 1.9e+00 5.89e-01  5e-01  7e-01 0:38.5
   45    540 4.056011049666340e-02 2.0e+00 3.74e-01  3e-01  4e-01 0:48.1
   55    660 1.135619741495276e-01 2.3e+00 3.24e-01  3e-01  3e-01 0:58.8
   66    792 7.595024499005823e-02 2.5e+00 3.03e-01  3e-01  3e-01 1:10.6
   78    936 7.637813234733599e-02 2.8e+00 2.31e-01  2e-01  3e-01 1:23.4
   91   1092 6.176615090837139e-02 3.3e+00 1.70e-01  1e-01  2e-01 1:37.3
  100   1200 3.279241608124622e-02 3.7e+00 1.30e-01  1e-01  1e-01 1:47.0
  115   1380 2.144015125887174e-02 4.3e+00 8.76e-02  7e-02  9e-02 2:03.0
  130   1560 1.051447003549556e-02 4.6e+00 7.91e-02  6e-02  9e-02 2:19.0
  146   1752 6.751962170377913e-03 4.6e+00 4.57e-02  3e-02  5e-02 2:36.1
  163   1956 5.060393808376563e-03 5.1e+00 3.67e-02  2e-02  4e-02 2:54.3
  181   2172 3.422881300385656e-03 6.0e+00 2.53e-02  1e-02  3e-02 3:13.5
  200   2400 2.664090074876367e-03 8.7e+00 2.14e-02  1e-02  3e-02 3:33.9
  220   2640 2.573154697778020e-03 1.0e+01 1.23e-02  6e-03  2e-02 3:55.3
  241   2892 2.514716901536442e-03 1.3e+01 6.63e-03  3e-03  8e-03 4:17.7
  263   3156 2.464202872657820e-03 1.5e+01 7.25e-03  3e-03  9e-03 4:41.2
  286   3432 2.234218000092828e-03 2.5e+01 2.24e-02  9e-03  3e-02 5:05.8
  300   3600 2.050816731344164e-03 2.7e+01 1.77e-02  7e-03  3e-02 5:20.8
  325   3900 1.804639936926719e-03 3.1e+01 2.24e-02  8e-03  3e-02 5:47.5
  351   4212 1.458713566182701e-03 3.7e+01 1.77e-02  6e-03  3e-02 6:15.3
  378   4536 9.137488986848762e-04 5.0e+01 2.49e-02  6e-03  5e-02 6:44.2
  400   4800 7.697063494228758e-04 5.4e+01 1.46e-02  3e-03  3e-02 7:07.7
  429   5148 7.109842398653327e-04 5.6e+01 1.12e-02  2e-03  2e-02 7:38.7
  459   5508 6.447498164763827e-04 5.2e+01 1.78e-02  3e-03  3e-02 8:10.8
  489   5868 5.780488865163300e-04 5.6e+01 1.36e-02  2e-03  2e-02 8:42.8
  500   6000 5.629771265021478e-04 5.4e+01 1.05e-02  2e-03  2e-02 8:54.6
  532   6384 5.233673220587592e-04 5.9e+01 9.37e-03  1e-03  1e-02 9:28.8
  565   6780 4.770662486709255e-04 7.0e+01 1.31e-02  2e-03  2e-02 10:04.1
  599   7188 4.432624305951498e-04 7.0e+01 1.20e-02  1e-03  2e-02 10:40.4
  600   7200 4.444931939785016e-04 7.0e+01 1.18e-02  1e-03  2e-02 10:41.5
  636   7632 4.208130308894824e-04 6.9e+01 1.05e-02  1e-03  1e-02 11:20.0
  673   8076 4.003355281762039e-04 7.7e+01 1.05e-02  1e-03  1e-02 11:59.6
  700   8400 3.939119520065339e-04 7.4e+01 5.38e-03  5e-04  6e-03 12:28.5
  739   8868 3.874991273272698e-04 8.5e+01 7.12e-03  6e-04  8e-03 13:10.2
  779   9348 3.846930247639665e-04 9.8e+01 3.57e-03  3e-04  4e-03 13:52.9
  800   9600 3.835213913343555e-04 9.3e+01 5.31e-03  3e-04  6e-03 14:15.4
  842  10104 3.774639545280241e-04 1.0e+02 9.74e-03  6e-04  1e-02 15:00.3
  885  10620 3.683686270492086e-04 1.4e+02 9.23e-03  6e-04  1e-02 15:46.3
  900  10800 3.619126552139625e-04 1.6e+02 1.48e-02  1e-03  3e-02 16:02.3
  944  11328 3.453569836448372e-04 2.2e+02 1.57e-02  1e-03  3e-02 16:49.3
  989  11868 3.293688364594835e-04 2.4e+02 2.25e-02  2e-03  5e-02 17:37.4
 1000  12000 3.165985300022025e-04 2.7e+02 2.49e-02  3e-03  6e-02 17:49.2
Iterat #Fevals   function value  axis ratio  sigma  min&max std  t[m:s]
 1047  12564 2.876385649276154e-04 2.5e+02 2.03e-02  2e-03  4e-02 18:39.4
 1095  13140 2.682340081827385e-04 2.2e+02 2.06e-02  1e-03  3e-02 19:30.6
 1100  13200 2.626552306882062e-04 2.1e+02 2.67e-02  2e-03  4e-02 19:36.0
 1150  13800 2.447539973359885e-04 2.3e+02 2.24e-02  1e-03  4e-02 20:29.4
 1200  14400 2.407931585432311e-04 2.4e+02 1.20e-02  5e-04  2e-02 21:22.7
 1252  15024 2.355246695082818e-04 2.3e+02 2.71e-02  8e-04  4e-02 22:18.2
 1300  15600 2.312398224926717e-04 2.4e+02 1.64e-02  4e-04  2e-02 23:09.5
 1354  16248 2.288979812845638e-04 2.6e+02 1.98e-02  4e-04  2e-02 24:07.2
 1400  16800 2.263505431975749e-04 2.4e+02 2.29e-02  4e-04  2e-02 24:56.3
 1456  17472 2.232684008876010e-04 2.3e+02 1.70e-02  3e-04  1e-02 25:56.1
 1500  18000 2.213175573274320e-04 2.2e+02 3.33e-02  5e-04  2e-02 26:43.1
 1558  18696 2.187720349474904e-04 2.2e+02 2.53e-02  3e-04  1e-02 27:45.0
 1600  19200 2.172761598687297e-04 2.3e+02 1.75e-02  2e-04  1e-02 28:29.9
 1659  19908 2.162440044970520e-04 2.6e+02 1.62e-02  2e-04  9e-03 29:32.9
 1700  20400 2.158128344850243e-04 2.5e+02 1.16e-02  1e-04  5e-03 30:16.7
 1761  21132 2.152946334442269e-04 3.6e+02 1.37e-02  1e-04  6e-03 31:21.8
 1800  21600 2.150759709674993e-04 3.7e+02 1.35e-02  1e-04  6e-03 32:03.5
 1863  22356 2.148049715581954e-04 3.8e+02 1.96e-02  1e-04  8e-03 33:10.8
 1900  22800 2.145825714425481e-04 3.5e+02 1.65e-02  1e-04  6e-03 33:50.3
 1965  23580 2.137774936320787e-04 3.2e+02 4.30e-02  2e-04  1e-02 34:59.8
 2000  24000 2.132179562367173e-04 3.1e+02 4.20e-02  2e-04  1e-02 35:37.1
Iterat #Fevals   function value  axis ratio  sigma  min&max std  t[m:s]
 2067  24804 2.118582784426349e-04 3.0e+02 4.93e-02  2e-04  1e-02 36:48.6
 2100  25200 2.108640326186833e-04 3.1e+02 4.84e-02  2e-04  1e-02 37:23.8
 2169  26028 2.073586067799739e-04 3.3e+02 7.90e-02  3e-04  2e-02 38:37.4
 2200  26400 2.054403058626807e-04 3.1e+02 8.35e-02  2e-04  2e-02 39:10.5
 2271  27252 1.976628764208758e-04 3.1e+02 2.02e-01  5e-04  3e-02 40:26.3
 2300  27600 1.927970056949721e-04 3.1e+02 2.31e-01  6e-04  4e-02 40:57.2
 2373  28476 1.315618158788150e-04 4.7e+02 2.73e-01  7e-04  7e-02 42:15.2
 2400  28800 1.259609693578413e-04 4.4e+02 2.15e-01  5e-04  5e-02 42:44.0
 2475  29700 1.236467556147998e-04 4.2e+02 5.63e-02  1e-04  1e-02 44:04.0
 2500  30000 1.235805371079823e-04 3.9e+02 3.51e-02  6e-05  5e-03 44:30.0
 2579  30948 1.235177401786605e-04 3.6e+02 2.62e-02  4e-05  3e-03 45:51.5
 2600  31200 1.234281533715530e-04 3.9e+02 7.02e-02  9e-05  8e-03 46:13.0
 2682  32184 1.206660033498017e-04 4.3e+02 2.32e-01  2e-04  2e-02 47:36.7
 2700  32400 1.204095840888351e-04 4.1e+02 1.34e-01  1e-04  1e-02 47:55.1
 2784  33408 1.195595867743855e-04 4.0e+02 1.51e-01  1e-04  1e-02 49:20.4
 2800  33600 1.194878431778686e-04 3.9e+02 1.65e-01  1e-04  1e-02 49:36.6
 2886  34632 1.191880862087807e-04 5.8e+02 1.13e-01  6e-05  8e-03 51:03.9
 2900  34800 1.191740861979539e-04 5.5e+02 8.68e-02  5e-05  6e-03 51:18.1
 2989  35868 1.190034960659163e-04 7.6e+02 8.25e-02  4e-05  6e-03 52:47.7
 3000  36000 1.189833583569512e-04 7.8e+02 8.60e-02  4e-05  7e-03 52:58.8
Iterat #Fevals   function value  axis ratio  sigma  min&max std  t[m:s]
 3091  37092 1.187138488169226e-04 1.0e+03 1.55e-01  6e-05  1e-02 54:30.4
 3100  37200 1.186891009515343e-04 1.0e+03 1.84e-01  7e-05  2e-02 54:39.4
 3193  38316 1.175314366904211e-04 6.6e+02 9.23e-01  3e-04  5e-02 56:13.4
 3200  38400 1.175562339303340e-04 6.1e+02 8.80e-01  2e-04  4e-02 56:20.5
 3294  39528 1.151860729121043e-04 3.0e+02 7.62e-01  2e-04  2e-02 57:55.5
 3300  39600 1.148267947322772e-04 3.0e+02 9.32e-01  2e-04  2e-02 58:01.6
 3396  40752 1.102436145499841e-04 2.8e+02 1.22e+00  3e-04  2e-02 59:38.6
 3400  40800 1.103511733042833e-04 2.8e+02 1.10e+00  2e-04  2e-02 59:42.6
 3498  41976 1.077169323944437e-04 2.6e+02 1.02e+00  2e-04  1e-02 61:21.7
 3500  42000 1.076961017135186e-04 2.7e+02 1.02e+00  2e-04  1e-02 61:23.8
 3600  43200 1.063963454767315e-04 2.7e+02 1.91e+00  2e-04  2e-02 63:04.8
 3700  44400 1.046177875502168e-04 3.0e+02 9.72e-01  1e-04  9e-03 64:45.9
 3800  45600 1.043647539402365e-04 3.8e+02 1.62e-01  1e-05  1e-03 66:26.9
 3900  46800 1.043612861862447e-04 4.4e+02 2.51e-02  2e-06  2e-04 68:08.0
 3953  47436 1.043612765223956e-04 5.0e+02 1.96e-03  1e-07  1e-05 69:01.5
termination on tolfun=1e-11 (Fri Nov 27 17:53:17 2020)
final/bestever f-value = 1.043613e-04 1.043613e-04
incumbent solution: [  6.35579025 -11.68177589   0.03703146  -0.15357724   5.45404106
  -2.94932213   6.90430796  -7.01154685 ...]
std deviations: [2.92781224e-06 1.02963572e-05 1.22718524e-07 2.98197448e-06
 7.93738787e-06 2.31551906e-07 2.94287188e-06 4.74078108e-06 ...]
cma
(6_w,12)-aCMA-ES (mu_w=3.7,w_1=40%) in dimension 17 (seed=544554, Fri Nov 27 17:53:18 2020)
Iterat #Fevals   function value  axis ratio  sigma  min&max std  t[m:s]
    1     12 8.617403828600382e-01 1.0e+00 9.41e-01  9e-01  1e+00 0:01.0
    2     24 6.003868679205792e-01 1.1e+00 9.14e-01  9e-01  9e-01 0:02.0
    3     36 1.296653840103467e-01 1.2e+00 8.72e-01  9e-01  9e-01 0:03.0
    6     72 4.966005480475352e-01 1.3e+00 9.18e-01  9e-01  1e+00 0:06.0
   10    120 1.480893002982318e-01 1.4e+00 8.63e-01  8e-01  9e-01 0:10.1
   15    180 4.445944839716457e-01 1.5e+00 8.33e-01  8e-01  9e-01 0:15.1
   21    252 5.861157139196623e-01 1.6e+00 8.16e-01  7e-01  9e-01 0:21.1
   28    336 3.337170259518992e-01 1.7e+00 7.31e-01  6e-01  8e-01 0:28.2
   36    432 3.242963217285003e-01 2.0e+00 6.43e-01  6e-01  7e-01 0:36.2
   45    540 1.734160080685966e-01 2.1e+00 3.99e-01  3e-01  4e-01 0:45.3
   55    660 2.646381121978664e-02 2.2e+00 3.43e-01  3e-01  4e-01 0:55.4
   66    792 7.609276274887514e-02 2.3e+00 2.53e-01  2e-01  3e-01 1:06.7
   78    936 5.355532962203173e-02 2.8e+00 2.06e-01  2e-01  2e-01 1:18.8
   91   1092 3.115787923921463e-02 3.1e+00 1.31e-01  1e-01  1e-01 1:31.9
  100   1200 1.412836700611448e-02 3.5e+00 8.96e-02  7e-02  1e-01 1:41.0
  115   1380 1.068187266850403e-02 4.2e+00 4.73e-02  4e-02  5e-02 1:56.1
  131   1572 9.281768636188110e-03 5.3e+00 2.97e-02  2e-02  3e-02 2:12.2
  148   1776 8.513166375886934e-03 6.7e+00 2.62e-02  2e-02  3e-02 2:29.3
  166   1992 7.068155763342040e-03 1.1e+01 3.37e-02  2e-02  5e-02 2:47.5
  185   2220 6.336200923172961e-03 1.4e+01 2.92e-02  2e-02  4e-02 3:06.6
  200   2400 5.614269794231986e-03 1.8e+01 2.60e-02  2e-02  5e-02 3:21.7
  221   2652 4.643017595332045e-03 2.3e+01 4.70e-02  3e-02  1e-01 3:42.8
  243   2916 3.586380872857195e-03 2.4e+01 2.63e-02  1e-02  6e-02 4:04.9
  266   3192 3.043569911735421e-03 2.6e+01 2.97e-02  1e-02  6e-02 4:28.0
  290   3480 2.666199227230695e-03 2.5e+01 2.77e-02  1e-02  5e-02 4:52.1
  300   3600 2.565668420273426e-03 2.5e+01 2.37e-02  1e-02  4e-02 5:02.1
  326   3912 2.152384633204902e-03 3.2e+01 3.95e-02  2e-02  7e-02 5:28.3
  358   4296 1.711787515914489e-03 3.2e+01 2.16e-02  8e-03  4e-02 5:55.7
  394   4728 1.598345509001424e-03 3.5e+01 1.29e-02  4e-03  2e-02 6:24.4
  400   4800 1.588523146206790e-03 3.7e+01 1.48e-02  5e-03  3e-02 6:29.3
  439   5268 1.431612015529842e-03 5.0e+01 1.96e-02  6e-03  4e-02 6:59.9
  477   5724 1.183188011724459e-03 5.8e+01 1.57e-02  5e-03  3e-02 7:31.0
  500   6000 1.015206185065924e-03 6.2e+01 2.44e-02  8e-03  5e-02 7:49.3
  542   6504 8.727398657410051e-04 8.3e+01 2.10e-02  6e-03  5e-02 8:22.4
  585   7020 6.731593894389965e-04 7.1e+01 2.89e-02  8e-03  5e-02 8:56.8
  600   7200 5.462699158764396e-04 6.9e+01 2.96e-02  8e-03  5e-02 9:08.8
  646   7752 4.063748291431971e-04 5.8e+01 1.55e-02  3e-03  2e-02 9:45.0
  692   8304 3.867446889068991e-04 6.7e+01 1.06e-02  2e-03  1e-02 10:22.1
  700   8400 3.843528939388627e-04 6.9e+01 1.38e-02  3e-03  2e-02 10:28.3
  750   9000 3.658268151773538e-04 1.2e+02 9.73e-03  2e-03  2e-02 11:07.8
  799   9588 3.622921116890708e-04 1.5e+02 5.26e-03  8e-04  8e-03 11:48.4
  800   9600 3.621073467679018e-04 1.5e+02 5.10e-03  7e-04  8e-03 11:49.2
  851  10212 3.558331231011537e-04 2.2e+02 1.72e-02  2e-03  3e-02 12:31.8
  900  10800 3.411065454026833e-04 2.2e+02 1.96e-02  2e-03  3e-02 13:12.2
  954  11448 3.157257028402364e-04 2.1e+02 3.35e-02  4e-03  5e-02 13:56.8
 1000  12000 2.877269331983407e-04 2.3e+02 2.47e-02  2e-03  3e-02 14:33.8
Iterat #Fevals   function value  axis ratio  sigma  min&max std  t[m:s]
 1054  12648 2.767378509597919e-04 2.6e+02 1.56e-02  1e-03  2e-02 15:20.5
 1100  13200 2.592147695206385e-04 3.1e+02 2.94e-02  2e-03  5e-02 15:58.2
 1160  13920 2.370111994865550e-04 2.7e+02 3.28e-02  2e-03  5e-02 16:46.6
 1200  14400 2.316447703608805e-04 3.0e+02 1.64e-02  8e-04  3e-02 17:20.0
 1262  15144 2.103766640600688e-04 4.8e+02 5.13e-02  2e-03  1e-01 18:10.7
 1300  15600 1.764003525304422e-04 5.2e+02 4.82e-02  2e-03  1e-01 18:41.7
 1365  16380 1.080422878664003e-04 5.1e+02 9.07e-02  3e-03  2e-01 19:34.3
 1400  16800 8.617354715661078e-05 4.0e+02 4.07e-02  9e-04  6e-02 20:02.1
 1466  17592 8.263616645090975e-05 4.6e+02 7.58e-03  1e-04  1e-02 20:56.4
 1500  18000 8.257098498782747e-05 5.1e+02 2.65e-03  3e-05  3e-03 21:24.9
 1566  18792 8.234741756226873e-05 4.4e+02 1.11e-02  1e-04  9e-03 22:21.3
 1600  19200 8.139738121124525e-05 4.9e+02 2.68e-02  3e-04  2e-02 22:50.8
 1669  20028 7.583440913657371e-05 6.5e+02 3.98e-02  3e-04  3e-02 23:49.1
 1700  20400 7.345282637179242e-05 5.7e+02 6.55e-02  4e-04  5e-02 24:15.4
 1771  21252 6.254317051955062e-05 5.5e+02 8.06e-02  4e-04  4e-02 25:15.8
 1800  21600 6.088075467612861e-05 5.1e+02 4.49e-02  2e-04  2e-02 25:40.2
 1874  22488 5.939755096865729e-05 6.2e+02 3.67e-02  2e-04  2e-02 26:42.3
 1900  22800 5.892157373871997e-05 6.2e+02 5.51e-02  2e-04  2e-02 27:04.4
 1977  23724 5.875945169955714e-05 6.2e+02 5.44e-03  2e-05  2e-03 28:09.0
 2000  24000 5.875888303640784e-05 6.6e+02 2.45e-03  7e-06  8e-04 28:28.2
Iterat #Fevals   function value  axis ratio  sigma  min&max std  t[m:s]
 2079  24948 5.875864987667131e-05 8.1e+02 8.29e-05  2e-07  2e-05 29:35.0
 2090  25080 5.875864980240447e-05 8.2e+02 5.04e-05  1e-07  1e-05 29:44.0
/home/adrianps/Universal-Approximator/qibo_sim/classes/ApproximantNN.py:783: ComplexWarning: Casting complex values to real discards the imaginary part
  params[0, 0] = 1 / period * np.trapz(y, x)
/home/adrianps/Universal-Approximator/qibo_sim/classes/ApproximantNN.py:786: ComplexWarning: Casting complex values to real discards the imaginary part
  params[_, 0] = 2 / period * np.trapz(y * cos, x)
/home/adrianps/Universal-Approximator/qibo_sim/classes/ApproximantNN.py:788: ComplexWarning: Casting complex values to real discards the imaginary part
  params[_, 1] = 2 / period * np.trapz(y * sin, x)
/home/adrianps/Universal-Approximator/qibo_sim/classes/ApproximantNN.py:783: ComplexWarning: Casting complex values to real discards the imaginary part
  params[0, 0] = 1 / period * np.trapz(y, x)
/home/adrianps/Universal-Approximator/qibo_sim/classes/ApproximantNN.py:786: ComplexWarning: Casting complex values to real discards the imaginary part
  params[_, 0] = 2 / period * np.trapz(y * cos, x)
/home/adrianps/Universal-Approximator/qibo_sim/classes/ApproximantNN.py:788: ComplexWarning: Casting complex values to real discards the imaginary part
  params[_, 1] = 2 / period * np.trapz(y * sin, x)
/home/adrianps/Universal-Approximator/qibo_sim/classes/ApproximantNN.py:783: ComplexWarning: Casting complex values to real discards the imaginary part
  params[0, 0] = 1 / period * np.trapz(y, x)
/home/adrianps/Universal-Approximator/qibo_sim/classes/ApproximantNN.py:786: ComplexWarning: Casting complex values to real discards the imaginary part
  params[_, 0] = 2 / period * np.trapz(y * cos, x)
/home/adrianps/Universal-Approximator/qibo_sim/classes/ApproximantNN.py:788: ComplexWarning: Casting complex values to real discards the imaginary part
  params[_, 1] = 2 / period * np.trapz(y * sin, x)
/home/adrianps/Universal-Approximator/qibo_sim/classes/ApproximantNN.py:783: ComplexWarning: Casting complex values to real discards the imaginary part
  params[0, 0] = 1 / period * np.trapz(y, x)
/home/adrianps/Universal-Approximator/qibo_sim/classes/ApproximantNN.py:786: ComplexWarning: Casting complex values to real discards the imaginary part
  params[_, 0] = 2 / period * np.trapz(y * cos, x)
/home/adrianps/Universal-Approximator/qibo_sim/classes/ApproximantNN.py:788: ComplexWarning: Casting complex values to real discards the imaginary part
  params[_, 1] = 2 / period * np.trapz(y * sin, x)
/home/adrianps/Universal-Approximator/qibo_sim/classes/ApproximantNN.py:783: ComplexWarning: Casting complex values to real discards the imaginary part
  params[0, 0] = 1 / period * np.trapz(y, x)
/home/adrianps/Universal-Approximator/qibo_sim/classes/ApproximantNN.py:786: ComplexWarning: Casting complex values to real discards the imaginary part
  params[_, 0] = 2 / period * np.trapz(y * cos, x)
/home/adrianps/Universal-Approximator/qibo_sim/classes/ApproximantNN.py:788: ComplexWarning: Casting complex values to real discards the imaginary part
  params[_, 1] = 2 / period * np.trapz(y * sin, x)
/home/adrianps/Universal-Approximator/qibo_sim/classes/ApproximantNN.py:783: ComplexWarning: Casting complex values to real discards the imaginary part
  params[0, 0] = 1 / period * np.trapz(y, x)
/home/adrianps/Universal-Approximator/qibo_sim/classes/ApproximantNN.py:786: ComplexWarning: Casting complex values to real discards the imaginary part
  params[_, 0] = 2 / period * np.trapz(y * cos, x)
/home/adrianps/Universal-Approximator/qibo_sim/classes/ApproximantNN.py:788: ComplexWarning: Casting complex values to real discards the imaginary part
  params[_, 1] = 2 / period * np.trapz(y * sin, x)
/home/adrianps/Universal-Approximator/qibo_sim/classes/ApproximantNN.py:783: ComplexWarning: Casting complex values to real discards the imaginary part
  params[0, 0] = 1 / period * np.trapz(y, x)
/home/adrianps/Universal-Approximator/qibo_sim/classes/ApproximantNN.py:786: ComplexWarning: Casting complex values to real discards the imaginary part
  params[_, 0] = 2 / period * np.trapz(y * cos, x)
/home/adrianps/Universal-Approximator/qibo_sim/classes/ApproximantNN.py:788: ComplexWarning: Casting complex values to real discards the imaginary part
  params[_, 1] = 2 / period * np.trapz(y * sin, x)
/home/adrianps/Universal-Approximator/qibo_sim/classes/ApproximantNN.py:783: ComplexWarning: Casting complex values to real discards the imaginary part
  params[0, 0] = 1 / period * np.trapz(y, x)
/home/adrianps/Universal-Approximator/qibo_sim/classes/ApproximantNN.py:786: ComplexWarning: Casting complex values to real discards the imaginary part
  params[_, 0] = 2 / period * np.trapz(y * cos, x)
/home/adrianps/Universal-Approximator/qibo_sim/classes/ApproximantNN.py:788: ComplexWarning: Casting complex values to real discards the imaginary part
  params[_, 1] = 2 / period * np.trapz(y * sin, x)
/home/adrianps/Universal-Approximator/qibo_sim/classes/ApproximantNN.py:783: ComplexWarning: Casting complex values to real discards the imaginary part
  params[0, 0] = 1 / period * np.trapz(y, x)
/home/adrianps/Universal-Approximator/qibo_sim/classes/ApproximantNN.py:786: ComplexWarning: Casting complex values to real discards the imaginary part
  params[_, 0] = 2 / period * np.trapz(y * cos, x)
/home/adrianps/Universal-Approximator/qibo_sim/classes/ApproximantNN.py:788: ComplexWarning: Casting complex values to real discards the imaginary part
  params[_, 1] = 2 / period * np.trapz(y * sin, x)
/home/adrianps/Universal-Approximator/qibo_sim/classes/ApproximantNN.py:783: ComplexWarning: Casting complex values to real discards the imaginary part
  params[0, 0] = 1 / period * np.trapz(y, x)
/home/adrianps/Universal-Approximator/qibo_sim/classes/ApproximantNN.py:786: ComplexWarning: Casting complex values to real discards the imaginary part
  params[_, 0] = 2 / period * np.trapz(y * cos, x)
/home/adrianps/Universal-Approximator/qibo_sim/classes/ApproximantNN.py:788: ComplexWarning: Casting complex values to real discards the imaginary part
  params[_, 1] = 2 / period * np.trapz(y * sin, x)
/home/adrianps/Universal-Approximator/qibo_sim/classes/ApproximantNN.py:552: RuntimeWarning: More than 20 figures have been opened. Figures created through the pyplot interface (`matplotlib.pyplot.figure`) are retained until explicitly closed and may consume too much memory. (To control this warning, see the rcParam `figure.max_open_warning`).
  fig, axs = plt.subplots(nrows=2, figsize=(8,10))
/home/adrianps/Universal-Approximator/qibo_sim/classes/ApproximantNN.py:783: ComplexWarning: Casting complex values to real discards the imaginary part
  params[0, 0] = 1 / period * np.trapz(y, x)
/home/adrianps/Universal-Approximator/qibo_sim/classes/ApproximantNN.py:786: ComplexWarning: Casting complex values to real discards the imaginary part
  params[_, 0] = 2 / period * np.trapz(y * cos, x)
/home/adrianps/Universal-Approximator/qibo_sim/classes/ApproximantNN.py:788: ComplexWarning: Casting complex values to real discards the imaginary part
  params[_, 1] = 2 / period * np.trapz(y * sin, x)
/home/adrianps/Universal-Approximator/qibo_sim/classes/ApproximantNN.py:577: RuntimeWarning: More than 20 figures have been opened. Figures created through the pyplot interface (`matplotlib.pyplot.figure`) are retained until explicitly closed and may consume too much memory. (To control this warning, see the rcParam `figure.max_open_warning`).
  fig, axs = plt.subplots(nrows=2, figsize=(8,10))
/home/adrianps/Universal-Approximator/qibo_sim/classes/ApproximantNN.py:552: RuntimeWarning: More than 20 figures have been opened. Figures created through the pyplot interface (`matplotlib.pyplot.figure`) are retained until explicitly closed and may consume too much memory. (To control this warning, see the rcParam `figure.max_open_warning`).
  fig, axs = plt.subplots(nrows=2, figsize=(8,10))
/home/adrianps/Universal-Approximator/qibo_sim/classes/ApproximantNN.py:783: ComplexWarning: Casting complex values to real discards the imaginary part
  params[0, 0] = 1 / period * np.trapz(y, x)
/home/adrianps/Universal-Approximator/qibo_sim/classes/ApproximantNN.py:786: ComplexWarning: Casting complex values to real discards the imaginary part
  params[_, 0] = 2 / period * np.trapz(y * cos, x)
/home/adrianps/Universal-Approximator/qibo_sim/classes/ApproximantNN.py:788: ComplexWarning: Casting complex values to real discards the imaginary part
  params[_, 1] = 2 / period * np.trapz(y * sin, x)
/home/adrianps/Universal-Approximator/qibo_sim/classes/ApproximantNN.py:577: RuntimeWarning: More than 20 figures have been opened. Figures created through the pyplot interface (`matplotlib.pyplot.figure`) are retained until explicitly closed and may consume too much memory. (To control this warning, see the rcParam `figure.max_open_warning`).
  fig, axs = plt.subplots(nrows=2, figsize=(8,10))
termination on tolfun=1e-11 (Fri Nov 27 18:23:06 2020)
final/bestever f-value = 5.875865e-05 5.875865e-05
incumbent solution: [  3.26186315 -11.77251033  -0.03809232  -3.37909651   6.00087899
   0.23829928   5.52486514   6.75083177 ...]
std deviations: [3.31364257e-06 1.06807049e-05 1.05468403e-07 3.62744708e-06
 9.84864796e-06 1.54918640e-07 1.08571657e-05 1.31424720e-05 ...]
