cma
(3_w,6)-aCMA-ES (mu_w=2.0,w_1=63%) in dimension 2 (seed=555568, Fri Nov 27 12:21:15 2020)
Iterat #Fevals   function value  axis ratio  sigma  min&max std  t[m:s]
    1      6 3.779149980658826e-01 1.0e+00 1.38e+00  1e+00  2e+00 0:00.3
    2     12 6.492854469679366e-01 1.3e+00 1.79e+00  2e+00  2e+00 0:00.5
    3     18 4.245232775052126e-01 1.4e+00 1.40e+00  1e+00  1e+00 0:00.8
   15     90 3.774185438615292e-01 1.9e+00 4.58e-01  1e-01  2e-01 0:03.8
   31    186 3.741639989848611e-01 3.3e+00 4.25e-02  2e-03  6e-03 0:07.8
   51    306 3.741629840653716e-01 3.8e+00 3.25e-03  2e-05  1e-04 0:12.9
   75    450 3.741629837269496e-01 2.8e+00 9.95e-05  1e-07  3e-07 0:18.9
   76    456 3.741629837269482e-01 2.8e+00 1.04e-04  1e-07  3e-07 0:19.2
termination on tolfun=1e-11 (Fri Nov 27 12:21:34 2020)
final/bestever f-value = 3.741630e-01 3.741630e-01
incumbent solution: [3.141592618711338, -1.3238619612304356]
std deviation: [1.1883087437443586e-07, 2.7283262113053907e-07]
cma
(3_w,6)-aCMA-ES (mu_w=2.0,w_1=63%) in dimension 2 (seed=568133, Fri Nov 27 12:21:35 2020)
Iterat #Fevals   function value  axis ratio  sigma  min&max std  t[m:s]
    1      6 1.017620675754709e+00 1.0e+00 9.98e-01  1e+00  1e+00 0:00.3
    2     12 4.220500162612235e-01 1.4e+00 1.38e+00  1e+00  2e+00 0:00.5
    3     18 4.563361951037027e-01 2.3e+00 1.68e+00  1e+00  2e+00 0:00.8
   16     96 3.702813048532799e-01 3.9e+00 2.63e-01  4e-02  1e-01 0:04.0
   32    192 3.701839548312426e-01 2.7e+00 4.40e-02  2e-03  5e-03 0:08.0
   52    312 3.701836156910851e-01 2.2e+00 1.81e-03  1e-05  3e-05 0:13.0
   72    432 3.701836156782223e-01 1.9e+00 7.59e-05  1e-07  2e-07 0:18.0
termination on tolfun=1e-11 (Fri Nov 27 12:21:53 2020)
final/bestever f-value = 3.701836e-01 3.701836e-01
incumbent solution: [-3.141592653696851, -2.5010644343078328]
std deviation: [1.4002529349421454e-07, 1.838512787978185e-07]
cma
(4_w,8)-aCMA-ES (mu_w=2.6,w_1=52%) in dimension 5 (seed=583019, Fri Nov 27 12:21:53 2020)
Iterat #Fevals   function value  axis ratio  sigma  min&max std  t[m:s]
    1      8 4.290291448195473e-01 1.0e+00 1.00e+00  1e+00  1e+00 0:00.4
    2     16 5.682428816014270e-01 1.2e+00 9.42e-01  9e-01  1e+00 0:00.7
    3     24 9.759705554837486e-01 1.3e+00 1.07e+00  1e+00  1e+00 0:01.1
   12     96 8.619248236485011e-01 3.5e+00 1.23e+00  8e-01  2e+00 0:04.4
   23    184 8.717645924151699e-01 5.5e+00 1.17e+00  6e-01  2e+00 0:08.5
   37    296 6.367592480014188e-01 6.1e+00 1.69e+00  9e-01  3e+00 0:13.8
   53    424 1.762602855791499e-01 8.2e+00 1.02e+00  5e-01  2e+00 0:19.8
   72    576 3.171728615479790e-02 9.2e+00 2.06e-01  6e-02  2e-01 0:26.9
   94    752 2.552775514354200e-02 6.2e+00 5.19e-02  8e-03  3e-02 0:35.2
  100    800 2.549283496477823e-02 4.4e+00 4.95e-02  7e-03  2e-02 0:37.5
  127   1016 2.543038493570564e-02 6.8e+00 3.58e-03  2e-04  8e-04 0:47.6
  157   1256 2.543034783929909e-02 6.2e+00 1.18e-04  3e-06  1e-05 0:58.9
  182   1456 2.543034783031543e-02 5.0e+00 7.97e-06  1e-07  3e-07 1:08.3
termination on tolfun=1e-11 (Fri Nov 27 12:23:02 2020)
final/bestever f-value = 2.543035e-02 2.543035e-02
incumbent solution: [0.8176833931855448, -1.7127176290047634, -8.548045002079444, 0.6036627488072095, 0.3120591245096719]
std deviation: [1.3247939742620468e-07, 1.6141846661100578e-07, 9.955428286155434e-08, 1.269985307990112e-07, 3.261967994064625e-07]
cma
(4_w,8)-aCMA-ES (mu_w=2.6,w_1=52%) in dimension 5 (seed=636113, Fri Nov 27 12:23:02 2020)
Iterat #Fevals   function value  axis ratio  sigma  min&max std  t[m:s]
    1      8 4.580541636903568e-01 1.0e+00 9.16e-01  8e-01  9e-01 0:00.4
    2     16 2.081195017173259e-01 1.3e+00 9.50e-01  9e-01  1e+00 0:00.8
    3     24 6.300357523151240e-01 1.3e+00 9.20e-01  8e-01  1e+00 0:01.1
   12     96 1.087896939085479e-01 2.4e+00 4.58e-01  3e-01  5e-01 0:04.5
   23    184 3.017029916398526e-02 4.8e+00 1.36e-01  7e-02  2e-01 0:08.6
   37    296 2.911577626184896e-02 5.5e+00 3.23e-02  1e-02  2e-02 0:13.9
   53    424 2.904619777780878e-02 5.9e+00 7.76e-03  1e-03  5e-03 0:19.9
   72    576 2.904332565500390e-02 8.2e+00 1.60e-03  2e-04  7e-04 0:27.0
   94    752 2.904331598586480e-02 6.4e+00 1.03e-04  5e-06  2e-05 0:35.3
  100    800 2.904331595100933e-02 7.4e+00 5.79e-05  2e-06  1e-05 0:37.6
  127   1016 2.904331594457105e-02 8.5e+00 2.45e-06  5e-08  2e-07 0:47.7
termination on tolfun=1e-11 (Fri Nov 27 12:23:50 2020)
final/bestever f-value = 2.904332e-02 2.904332e-02
incumbent solution: [0.7147675193744066, -1.5273285756374404, -0.8538408234388792, -0.6533939086651642, 3.794552529275401]
std deviation: [6.290714475832271e-08, 9.789459601557917e-08, 4.744969291902303e-08, 1.0192724033119876e-07, 2.075497358689378e-07]
cma
(5_w,10)-aCMA-ES (mu_w=3.2,w_1=45%) in dimension 8 (seed=540376, Fri Nov 27 12:23:51 2020)
Iterat #Fevals   function value  axis ratio  sigma  min&max std  t[m:s]
    1     10 4.199036370885172e-01 1.0e+00 9.34e-01  9e-01  1e+00 0:00.5
    2     20 6.634437647002199e-01 1.2e+00 1.02e+00  9e-01  1e+00 0:01.0
    3     30 5.404212278325545e-01 1.4e+00 1.04e+00  1e+00  1e+00 0:01.6
    9     90 1.642903899313864e-01 2.1e+00 7.77e-01  7e-01  9e-01 0:04.7
   17    170 7.060757153344679e-02 2.3e+00 4.47e-01  4e-01  5e-01 0:08.8
   27    270 8.746914679088545e-02 2.2e+00 3.55e-01  2e-01  3e-01 0:14.0
   39    390 2.902019991884933e-02 2.8e+00 1.71e-01  9e-02  2e-01 0:20.1
   53    530 2.443630811666988e-02 4.0e+00 1.20e-01  5e-02  1e-01 0:27.4
   69    690 8.845871587454493e-03 7.4e+00 9.96e-02  4e-02  1e-01 0:35.7
   87    870 6.065106209975017e-03 7.8e+00 6.32e-02  2e-02  6e-02 0:45.0
  100   1000 5.893038766124016e-03 1.1e+01 3.14e-02  9e-03  3e-02 0:51.7
  122   1220 5.832141805238210e-03 1.7e+01 1.69e-02  4e-03  1e-02 1:03.1
  146   1460 5.821134798383894e-03 1.3e+01 2.82e-03  5e-04  2e-03 1:15.5
  172   1720 5.821015396137746e-03 1.4e+01 3.22e-04  4e-05  1e-04 1:28.9
  200   2000 5.821014424038496e-03 1.4e+01 3.57e-05  3e-06  9e-06 1:43.4
  230   2300 5.821014413945221e-03 1.8e+01 5.07e-06  3e-07  9e-07 1:58.9
  234   2340 5.821014413929864e-03 1.6e+01 3.75e-06  2e-07  6e-07 2:01.0
termination on tolfun=1e-11 (Fri Nov 27 12:25:52 2020)
final/bestever f-value = 5.821014e-03 5.821014e-03
incumbent solution: [-3.011719626287335, -1.6192849885573013, 0.9958760844722103, -1.917647159659125, 3.0318703350917873, -0.6500963455935449, -1.2353877028203841, -0.12022070925396709]
std deviation: [2.1739489988350547e-07, 4.085699095361216e-07, 2.5436433230533447e-07, 4.977708421766405e-07, 5.66662925580087e-07, 1.9464648042664343e-07, 5.724198161451239e-07, 5.50200889332476e-07]
cma
(5_w,10)-aCMA-ES (mu_w=3.2,w_1=45%) in dimension 8 (seed=585632, Fri Nov 27 12:25:53 2020)
Iterat #Fevals   function value  axis ratio  sigma  min&max std  t[m:s]
    1     10 2.243103696317912e-01 1.0e+00 9.89e-01  1e+00  1e+00 0:00.5
    2     20 5.264626061087807e-01 1.2e+00 1.00e+00  9e-01  1e+00 0:01.0
    3     30 5.389378897386433e-01 1.3e+00 9.75e-01  9e-01  1e+00 0:01.6
    9     90 2.796005107493747e-01 1.8e+00 7.00e-01  6e-01  8e-01 0:04.6
   17    170 1.985037165821001e-01 2.6e+00 7.59e-01  6e-01  8e-01 0:08.8
   27    270 6.615045091824619e-02 3.5e+00 4.60e-01  3e-01  5e-01 0:14.0
   39    390 4.072102999772768e-02 3.9e+00 2.34e-01  1e-01  3e-01 0:20.2
   53    530 2.968255537584963e-02 5.5e+00 1.23e-01  6e-02  1e-01 0:27.4
   69    690 2.866812347799771e-02 6.7e+00 4.84e-02  2e-02  4e-02 0:35.7
   87    870 2.838304797984454e-02 1.1e+01 2.60e-02  1e-02  2e-02 0:45.0
  100   1000 2.804678929884666e-02 1.8e+01 4.98e-02  2e-02  5e-02 0:51.7
  122   1220 2.695627842610930e-02 2.3e+01 5.31e-02  2e-02  6e-02 1:03.1
  146   1460 2.516672640628680e-02 2.6e+01 6.98e-02  1e-02  9e-02 1:15.5
  172   1720 2.495249026375145e-02 3.0e+01 2.19e-02  3e-03  2e-02 1:28.9
  200   2000 2.490967375029956e-02 3.1e+01 3.90e-02  3e-03  3e-02 1:43.4
  230   2300 2.468831270634166e-02 3.4e+01 1.27e-01  1e-02  8e-02 1:58.9
  261   2610 2.305816439954185e-02 5.5e+01 2.71e-01  2e-02  2e-01 2:14.9
  294   2940 2.235869835975501e-02 3.6e+01 1.48e-01  4e-03  6e-02 2:32.0
  300   3000 2.233043779124591e-02 3.4e+01 1.33e-01  3e-03  5e-02 2:35.1
  337   3370 2.231219702857482e-02 3.5e+01 8.49e-03  1e-04  2e-03 2:54.2
  376   3760 2.231216721524959e-02 3.6e+01 3.22e-04  2e-06  4e-05 3:14.4
  400   4000 2.231216720632997e-02 4.2e+01 6.89e-05  4e-07  7e-06 3:26.8
  413   4130 2.231216720602924e-02 3.7e+01 1.95e-05  9e-08  2e-06 3:33.5
termination on tolfun=1e-11 (Fri Nov 27 12:29:27 2020)
final/bestever f-value = 2.231217e-02 2.231217e-02
incumbent solution: [0.7413576448126191, -1.5604951302850407, 2.2967098555272067, -1.915092853510802, 3.625387920561415, 3.0264755875528797, -2.6074551325526634, 7.42583788276721]
std deviation: [1.370116794614544e-07, 2.4722001458105154e-07, 9.418782262136397e-08, 8.305686276711433e-07, 1.3597310822298968e-06, 9.181709982788472e-08, 9.347856641712034e-07, 1.5237751805164986e-06]
cma
(5_w,11)-aCMA-ES (mu_w=3.4,w_1=42%) in dimension 11 (seed=511293, Fri Nov 27 12:29:28 2020)
Iterat #Fevals   function value  axis ratio  sigma  min&max std  t[m:s]
    1     11 1.809366709891828e-01 1.0e+00 8.77e-01  9e-01  9e-01 0:00.6
    2     22 7.723494598662409e-01 1.1e+00 7.98e-01  8e-01  8e-01 0:01.2
    3     33 3.050146988356220e-01 1.2e+00 7.46e-01  7e-01  8e-01 0:01.9
    8     88 3.842831286141510e-01 1.4e+00 7.81e-01  7e-01  8e-01 0:04.9
   15    165 1.127136952477637e-01 1.9e+00 6.19e-01  5e-01  6e-01 0:09.3
   24    264 4.080225985255039e-01 2.2e+00 4.90e-01  4e-01  5e-01 0:14.8
   34    374 7.890595154723977e-02 2.7e+00 3.59e-01  3e-01  3e-01 0:21.0
   46    506 2.116141664220160e-02 3.1e+00 1.66e-01  1e-01  2e-01 0:28.4
   59    649 1.486663123886734e-02 4.3e+00 7.08e-02  4e-02  7e-02 0:36.5
   74    814 1.343425634798963e-02 6.4e+00 4.69e-02  3e-02  5e-02 0:45.7
   91   1001 1.305173119697777e-02 7.8e+00 2.37e-02  1e-02  2e-02 0:56.3
  100   1100 1.292212306736299e-02 8.9e+00 2.28e-02  1e-02  2e-02 1:01.8
  120   1320 1.268241581205704e-02 1.9e+01 2.36e-02  2e-02  3e-02 1:14.2
  142   1562 1.212096159520882e-02 2.1e+01 4.57e-02  2e-02  7e-02 1:27.8
  165   1815 1.163142949673552e-02 2.3e+01 3.22e-02  1e-02  5e-02 1:42.0
  190   2090 1.032972550124114e-02 3.0e+01 6.73e-02  2e-02  1e-01 1:57.5
  200   2200 9.916161422532087e-03 3.7e+01 7.41e-02  3e-02  1e-01 2:03.7
  228   2508 7.731228568096158e-03 4.1e+01 7.10e-02  2e-02  1e-01 2:21.0
  258   2838 7.102392169912183e-03 3.4e+01 3.99e-02  8e-03  6e-02 2:39.5
  289   3179 6.891279750926385e-03 3.4e+01 3.21e-02  6e-03  4e-02 2:58.7
  300   3300 6.742237877031977e-03 4.5e+01 4.88e-02  9e-03  7e-02 3:05.5
  334   3674 6.141387478731753e-03 3.9e+01 9.05e-02  2e-02  1e-01 3:26.5
  370   4070 5.345208477905491e-03 3.6e+01 6.83e-02  8e-03  5e-02 3:48.7
  400   4400 4.645304469321179e-03 3.9e+01 1.31e-01  1e-02  9e-02 4:07.2
  439   4829 3.521348495013185e-03 3.6e+01 1.22e-01  8e-03  8e-02 4:31.3
  480   5280 2.723854851917024e-03 3.1e+01 1.38e-01  7e-03  5e-02 4:56.6
  500   5500 2.248204154498102e-03 3.2e+01 1.28e-01  5e-03  4e-02 5:08.9
  544   5984 1.491923396425177e-03 5.2e+01 2.28e-01  8e-03  9e-02 5:36.0
  590   6490 5.742598531931381e-04 5.7e+01 2.02e-01  5e-03  8e-02 6:04.3
  600   6600 4.695354128373416e-04 5.5e+01 1.52e-01  4e-03  5e-02 6:10.5
  649   7139 4.556081801091412e-04 5.8e+01 1.09e-02  2e-04  3e-03 6:40.7
  700   7700 4.555673719863997e-04 7.2e+01 2.49e-04  3e-06  4e-05 7:12.2
  743   8173 4.555673635813483e-04 5.9e+01 1.28e-05  1e-07  1e-06 7:38.7
termination on tolfun=1e-11 (Fri Nov 27 12:37:07 2020)
final/bestever f-value = 4.555674e-04 4.555674e-04
incumbent solution: [ 0.06061693  6.01303956  0.22733677 -0.42898607 -5.25331535  4.70959384
 -1.43560866  2.81213951 ...]
std deviations: [4.10646496e-07 1.22773352e-06 9.71994200e-08 4.50020560e-07
 1.20608938e-06 4.16961119e-07 4.63750277e-07 1.04931162e-06 ...]
cma
(5_w,11)-aCMA-ES (mu_w=3.4,w_1=42%) in dimension 11 (seed=572652, Fri Nov 27 12:37:09 2020)
Iterat #Fevals   function value  axis ratio  sigma  min&max std  t[m:s]
    1     11 7.883650436635042e-01 1.0e+00 8.93e-01  9e-01  9e-01 0:00.6
    2     22 4.959711427669269e-01 1.1e+00 8.61e-01  8e-01  9e-01 0:01.2
    3     33 4.687214468143076e-01 1.2e+00 8.74e-01  8e-01  9e-01 0:01.8
    8     88 1.986120549850766e-01 1.5e+00 8.93e-01  8e-01  1e+00 0:04.9
   15    165 9.768154250139067e-01 2.0e+00 1.21e+00  1e+00  2e+00 0:09.3
   24    264 5.920072912941653e-01 2.3e+00 1.14e+00  1e+00  1e+00 0:14.8
   34    374 8.970305223171524e-02 2.3e+00 5.86e-01  4e-01  7e-01 0:21.0
   46    506 9.464144167256433e-02 3.0e+00 3.46e-01  2e-01  4e-01 0:28.4
   59    649 2.228492112628261e-02 3.8e+00 1.75e-01  1e-01  2e-01 0:36.4
   74    814 1.756713794693973e-02 4.6e+00 7.26e-02  4e-02  7e-02 0:45.6
   91   1001 1.168912410618881e-02 7.4e+00 6.66e-02  4e-02  7e-02 0:56.1
  100   1100 1.176870771720943e-02 9.2e+00 8.24e-02  4e-02  1e-01 1:01.7
  120   1320 1.001150950340010e-02 9.6e+00 2.81e-02  1e-02  3e-02 1:14.0
  142   1562 8.120527264888077e-03 1.2e+01 8.98e-02  3e-02  9e-02 1:27.6
  165   1815 7.511784046981667e-03 1.5e+01 4.63e-02  1e-02  5e-02 1:41.8
  190   2090 6.733050723002961e-03 1.8e+01 5.49e-02  1e-02  6e-02 1:57.2
  200   2200 6.035211238373827e-03 2.2e+01 7.06e-02  1e-02  7e-02 2:03.3
  228   2508 4.816445674062112e-03 2.0e+01 8.06e-02  2e-02  8e-02 2:20.6
  258   2838 4.007749312806443e-03 1.9e+01 5.44e-02  1e-02  5e-02 2:39.1
  289   3179 3.868357367552510e-03 2.6e+01 1.58e-02  2e-03  1e-02 2:58.2
  300   3300 3.833289918585223e-03 2.8e+01 3.67e-02  5e-03  3e-02 3:05.0
  335   3685 3.578293279636629e-03 3.1e+01 4.93e-02  5e-03  4e-02 3:26.6
  371   4081 2.994142145264618e-03 3.3e+01 6.94e-02  6e-03  4e-02 3:48.8
  400   4400 1.593325907630173e-03 4.6e+01 1.79e-01  1e-02  1e-01 4:06.7
  439   4829 5.359690020096309e-04 3.8e+01 9.19e-02  5e-03  4e-02 4:30.7
  480   5280 4.300985210444011e-04 3.5e+01 4.36e-02  2e-03  1e-02 4:56.0
  500   5500 4.089121815522464e-04 3.6e+01 5.39e-02  2e-03  2e-02 5:08.3
  544   5984 4.035377678078945e-04 3.7e+01 6.42e-03  1e-04  1e-03 5:35.4
  590   6490 4.035038991602355e-04 3.8e+01 3.92e-04  7e-06  6e-05 6:03.8
  600   6600 4.035038453505918e-04 4.0e+01 2.32e-04  4e-06  3e-05 6:09.9
  642   7062 4.035038251046747e-04 4.1e+01 1.15e-05  1e-07  1e-06 6:35.8
termination on tolfun=1e-11 (Fri Nov 27 12:43:46 2020)
final/bestever f-value = 4.035038e-04 4.035038e-04
incumbent solution: [-2.52392336 -1.27716695  2.14165169  1.08632052  3.92751048 -5.84308889
  2.19162685 -4.19229087 ...]
std deviations: [3.99870440e-07 7.88344169e-07 4.54528351e-07 4.82114606e-07
 1.06083027e-06 1.42180555e-07 4.56418371e-07 1.04330417e-06 ...]
cma
(5_w,11)-aCMA-ES (mu_w=3.4,w_1=42%) in dimension 14 (seed=628453, Fri Nov 27 12:43:47 2020)
Iterat #Fevals   function value  axis ratio  sigma  min&max std  t[m:s]
    1     11 2.533177992454498e-01 1.0e+00 9.35e-01  9e-01  9e-01 0:00.7
    2     22 5.460699929205259e-01 1.1e+00 8.89e-01  9e-01  9e-01 0:01.3
    3     33 4.083899633057750e-01 1.2e+00 8.49e-01  8e-01  9e-01 0:02.0
    8     88 4.280253099254441e-01 1.5e+00 7.97e-01  7e-01  8e-01 0:05.4
   14    154 3.977321510604777e-01 1.6e+00 6.43e-01  6e-01  7e-01 0:09.4
   22    242 2.549583361392270e-01 1.9e+00 5.04e-01  4e-01  6e-01 0:14.7
   31    341 4.542291507183368e-01 1.9e+00 4.95e-01  4e-01  5e-01 0:20.7
   42    462 2.947909209867226e-01 2.2e+00 4.01e-01  3e-01  4e-01 0:28.1
   54    594 6.006513510205271e-02 2.5e+00 2.88e-01  2e-01  3e-01 0:36.1
   68    748 3.534952962311842e-02 2.8e+00 2.19e-01  2e-01  2e-01 0:45.5
   83    913 2.940415963485958e-02 3.7e+00 1.69e-01  1e-01  2e-01 0:55.5
  100   1100 1.929642784114898e-02 4.0e+00 8.59e-02  5e-02  9e-02 1:06.8
  118   1298 1.728394771763507e-02 4.5e+00 3.34e-02  2e-02  4e-02 1:18.9
  138   1518 1.535465289129925e-02 6.3e+00 2.43e-02  1e-02  3e-02 1:32.3
  159   1749 1.505120166870484e-02 7.5e+00 1.60e-02  8e-03  2e-02 1:46.3
  182   2002 1.481029719810047e-02 1.2e+01 2.86e-02  1e-02  3e-02 2:01.7
  200   2200 1.457907900072125e-02 1.4e+01 1.68e-02  8e-03  2e-02 2:13.7
  226   2486 1.432494322280143e-02 2.0e+01 2.55e-02  1e-02  3e-02 2:31.1
  253   2783 1.398961772448882e-02 2.6e+01 3.06e-02  1e-02  4e-02 2:49.1
  282   3102 1.355257838419550e-02 2.6e+01 1.77e-02  8e-03  2e-02 3:08.5
  300   3300 1.339176355296415e-02 2.6e+01 2.80e-02  1e-02  3e-02 3:20.5
  332   3652 1.195404135795662e-02 3.2e+01 4.36e-02  2e-02  6e-02 3:41.8
  365   4015 1.105048760299059e-02 4.1e+01 3.21e-02  1e-02  5e-02 4:03.8
  400   4400 1.083348669563046e-02 3.6e+01 1.42e-02  4e-03  2e-02 4:27.2
  436   4796 1.075557969347657e-02 3.4e+01 2.23e-02  5e-03  2e-02 4:51.2
  474   5214 1.061490594624025e-02 4.6e+01 1.75e-02  4e-03  2e-02 5:16.6
  500   5500 1.058025441219564e-02 4.7e+01 1.52e-02  4e-03  2e-02 5:33.9
  541   5951 1.049347386130779e-02 3.9e+01 1.87e-02  5e-03  2e-02 6:01.3
  583   6413 1.035016718273508e-02 4.3e+01 2.92e-02  6e-03  3e-02 6:29.3
  600   6600 1.028794975850751e-02 4.3e+01 3.05e-02  5e-03  3e-02 6:40.7
  645   7095 1.000878905587120e-02 5.8e+01 4.09e-02  6e-03  4e-02 7:10.7
  692   7612 9.765169490646772e-03 6.0e+01 4.51e-02  5e-03  4e-02 7:42.1
  700   7700 9.729717093207501e-03 5.9e+01 3.96e-02  4e-03  3e-02 7:47.4
  750   8250 9.620485067848739e-03 6.6e+01 3.04e-02  3e-03  2e-02 8:20.7
  800   8800 9.584245837805613e-03 4.6e+01 2.39e-02  2e-03  1e-02 8:54.0
  853   9383 9.547984823358847e-03 3.9e+01 2.86e-02  2e-03  1e-02 9:29.4
  900   9900 9.532499240316381e-03 4.4e+01 2.83e-02  2e-03  1e-02 10:00.7
  956  10516 9.515442302151516e-03 5.1e+01 2.90e-02  2e-03  1e-02 10:38.1
 1000  11000 9.504053496601685e-03 5.2e+01 1.98e-02  1e-03  6e-03 11:07.5
Iterat #Fevals   function value  axis ratio  sigma  min&max std  t[m:s]
 1059  11649 9.496208218422364e-03 6.7e+01 2.38e-02  9e-04  8e-03 11:46.8
 1100  12100 9.493795959642781e-03 8.6e+01 1.53e-02  5e-04  5e-03 12:14.1
 1162  12782 9.493048909395551e-03 8.0e+01 8.77e-03  2e-04  2e-03 12:55.5
 1200  13200 9.492975238993980e-03 8.6e+01 3.41e-03  8e-05  8e-04 13:20.8
 1265  13915 9.492970381174607e-03 1.2e+02 2.75e-04  5e-06  6e-05 14:04.2
 1300  14300 9.492970371086344e-03 1.4e+02 3.68e-05  5e-07  8e-06 14:27.5
 1314  14454 9.492970370923630e-03 1.5e+02 1.71e-05  2e-07  3e-06 14:36.9
termination on tolfun=1e-11 (Fri Nov 27 12:58:26 2020)
final/bestever f-value = 9.492970e-03 9.492970e-03
incumbent solution: [ 2.53622308  1.18617447  1.4958602  -2.08120233 -4.58108433  1.46090142
  6.14594295 -1.94630257 ...]
std deviations: [5.56610962e-07 7.92890189e-07 4.19203672e-07 9.22316836e-07
 2.91979763e-06 3.35737367e-06 2.34424263e-07 1.84445350e-06 ...]
cma
(5_w,11)-aCMA-ES (mu_w=3.4,w_1=42%) in dimension 14 (seed=506138, Fri Nov 27 12:58:28 2020)
Iterat #Fevals   function value  axis ratio  sigma  min&max std  t[m:s]
    1     11 1.106346604248827e-01 1.0e+00 9.86e-01  1e+00  1e+00 0:00.7
    2     22 7.635092937205475e-01 1.2e+00 9.71e-01  9e-01  1e+00 0:01.3
    3     33 7.695540024805004e-01 1.2e+00 9.76e-01  9e-01  1e+00 0:02.0
    8     88 3.531573292227799e-01 1.5e+00 7.54e-01  7e-01  8e-01 0:05.3
   15    165 6.899616489536293e-01 1.7e+00 7.93e-01  7e-01  8e-01 0:10.0
   23    253 5.835242790504337e-01 2.1e+00 8.54e-01  7e-01  9e-01 0:15.3
   32    352 5.157878222011554e-01 2.5e+00 6.77e-01  6e-01  7e-01 0:21.3
   43    473 3.832137469575496e-01 2.6e+00 6.10e-01  5e-01  6e-01 0:28.7
   56    616 8.773040873264844e-02 2.7e+00 2.86e-01  2e-01  3e-01 0:37.3
   70    770 4.056549073489996e-02 3.3e+00 2.48e-01  2e-01  2e-01 0:46.7
   85    935 2.940815016748289e-02 3.6e+00 1.59e-01  1e-01  2e-01 0:56.7
  100   1100 1.704880374510627e-02 4.1e+00 7.52e-02  5e-02  7e-02 1:06.7
  118   1298 1.375705351040413e-02 5.8e+00 6.79e-02  5e-02  7e-02 1:18.7
  138   1518 1.011982265808222e-02 6.6e+00 6.56e-02  5e-02  6e-02 1:32.0
  159   1749 8.660153783893317e-03 7.7e+00 3.23e-02  2e-02  3e-02 1:46.1
  182   2002 8.258052135614972e-03 1.2e+01 1.66e-02  1e-02  2e-02 2:01.4
  200   2200 8.184585664473127e-03 1.4e+01 1.27e-02  9e-03  1e-02 2:13.4
  226   2486 8.036692490243722e-03 2.1e+01 1.57e-02  1e-02  2e-02 2:30.7
  254   2794 7.823728548449156e-03 2.6e+01 2.23e-02  2e-02  3e-02 2:49.4
  283   3113 7.529444887033903e-03 3.4e+01 1.99e-02  1e-02  3e-02 3:08.7
  300   3300 7.319272363530534e-03 3.8e+01 2.18e-02  1e-02  4e-02 3:20.1
  332   3652 6.566679166123359e-03 3.9e+01 3.00e-02  1e-02  5e-02 3:41.4
  366   4026 5.529735433655403e-03 4.6e+01 4.60e-02  2e-02  8e-02 4:04.1
  400   4400 5.044012599518830e-03 3.8e+01 5.50e-02  2e-02  9e-02 4:26.7
  437   4807 3.957170527735064e-03 3.0e+01 5.51e-02  2e-02  6e-02 4:51.4
  475   5225 3.009162173149028e-03 4.0e+01 3.87e-02  1e-02  5e-02 5:16.7
  500   5500 2.774624546546064e-03 4.0e+01 2.41e-02  6e-03  2e-02 5:33.4
  541   5951 2.240061758221032e-03 4.0e+01 4.17e-02  8e-03  5e-02 6:00.7
  584   6424 1.852936239474211e-03 4.9e+01 3.47e-02  5e-03  3e-02 6:29.4
  600   6600 1.782599916228899e-03 5.1e+01 4.24e-02  6e-03  4e-02 6:40.0
  646   7106 1.415765929285606e-03 4.6e+01 5.66e-02  7e-03  4e-02 7:10.7
  693   7623 9.750995039319284e-04 8.1e+01 5.90e-02  6e-03  6e-02 7:42.0
  700   7700 9.563132640729963e-04 8.0e+01 4.31e-02  4e-03  4e-02 7:46.7
  750   8250 8.230369430376206e-04 6.4e+01 2.91e-02  2e-03  2e-02 8:20.0
  800   8800 7.662496391309630e-04 6.1e+01 5.05e-02  3e-03  3e-02 8:53.3
  853   9383 6.080151973766667e-04 5.9e+01 8.27e-02  4e-03  4e-02 9:28.7
  900   9900 5.552199733145138e-04 5.8e+01 3.15e-02  1e-03  1e-02 10:00.0
  956  10516 5.242937512920269e-04 6.4e+01 3.99e-02  1e-03  2e-02 10:37.3
 1000  11000 5.048215230460114e-04 7.9e+01 2.65e-02  7e-04  1e-02 11:06.7
Iterat #Fevals   function value  axis ratio  sigma  min&max std  t[m:s]
 1059  11649 5.032009529585959e-04 9.9e+01 3.56e-03  7e-05  2e-03 11:46.0
 1100  12100 5.031759273520156e-04 1.0e+02 2.23e-03  4e-05  9e-04 12:13.4
 1162  12782 5.030465325637606e-04 1.8e+02 1.13e-02  2e-04  6e-03 12:54.7
 1200  13200 5.028665774490325e-04 1.8e+02 1.53e-02  2e-04  8e-03 13:20.1
 1265  13915 5.022962599517430e-04 2.0e+02 1.95e-02  2e-04  8e-03 14:03.4
 1300  14300 5.016629959863743e-04 2.1e+02 2.93e-02  3e-04  1e-02 14:26.7
 1368  15048 4.977628690293089e-04 2.0e+02 7.22e-02  6e-04  2e-02 15:12.1
 1400  15400 4.933261330277423e-04 1.5e+02 7.05e-02  5e-04  2e-02 15:33.4
 1471  16181 4.623468207380464e-04 1.1e+02 1.91e-01  1e-03  2e-02 16:20.7
 1500  16500 4.363301310822063e-04 1.0e+02 2.49e-01  1e-03  2e-02 16:40.0
 1574  17314 3.570395840843752e-04 8.1e+01 3.76e-01  2e-03  3e-02 17:29.4
 1600  17600 3.351060137500266e-04 6.6e+01 2.90e-01  1e-03  2e-02 17:46.7
 1677  18447 3.277632842663495e-04 8.4e+01 1.97e-01  5e-04  1e-02 18:38.0
 1700  18700 3.270428691397496e-04 8.5e+01 7.80e-02  2e-04  5e-03 18:53.3
 1780  19580 3.259141052800626e-04 1.9e+02 1.15e-01  3e-04  9e-03 19:46.7
 1800  19800 3.256297607063445e-04 2.4e+02 1.49e-01  3e-04  1e-02 20:00.0
 1883  20713 3.250340434123771e-04 2.6e+02 7.11e-02  1e-04  5e-03 20:55.4
 1900  20900 3.250008748810116e-04 2.4e+02 5.24e-02  8e-05  4e-03 21:06.7
 1986  21846 3.246615589299388e-04 2.5e+02 7.41e-02  1e-04  4e-03 22:04.1
 2000  22000 3.245387092929360e-04 3.1e+02 9.49e-02  1e-04  6e-03 22:13.4
Iterat #Fevals   function value  axis ratio  sigma  min&max std  t[m:s]
 2089  22979 3.231201315076037e-04 2.2e+02 2.58e-01  3e-04  9e-03 23:12.8
 2100  23100 3.229544998742175e-04 2.1e+02 2.19e-01  2e-04  7e-03 23:20.1
 2192  24112 3.182170503662791e-04 1.9e+02 4.11e-01  3e-04  1e-02 24:21.5
 2200  24200 3.179990921969325e-04 2.2e+02 5.39e-01  4e-04  2e-02 24:26.8
 2295  25245 3.100409270969347e-04 1.9e+02 8.27e-01  5e-04  2e-02 25:30.2
 2300  25300 3.091173499867050e-04 1.8e+02 7.95e-01  5e-04  2e-02 25:33.5
 2398  26378 2.950083874992660e-04 1.2e+02 2.48e+00  1e-03  3e-02 26:38.9
 2400  26400 2.942099818780532e-04 1.2e+02 2.41e+00  1e-03  3e-02 26:40.2
 2500  27500 2.768243437912397e-04 1.3e+02 2.31e+00  8e-04  2e-02 27:46.9
 2600  28600 2.686923609267049e-04 9.4e+01 1.08e+00  2e-04  6e-03 28:53.6
 2700  29700 2.663459425120018e-04 1.4e+02 1.24e+00  2e-04  5e-03 30:00.3
 2800  30800 2.655592317439100e-04 2.2e+02 1.05e+00  1e-04  5e-03 31:06.9
 2900  31900 2.651299757616046e-04 3.0e+02 9.09e-01  9e-05  4e-03 32:13.6
 3000  33000 2.651105904301998e-04 3.6e+02 2.42e-02  2e-06  8e-05 33:20.2
Iterat #Fevals   function value  axis ratio  sigma  min&max std  t[m:s]
 3039  33429 2.651105882784751e-04 3.5e+02 2.86e-03  2e-07  8e-06 33:46.2
termination on tolfun=1e-11 (Fri Nov 27 13:32:19 2020)
final/bestever f-value = 2.651106e-04 2.651106e-04
incumbent solution: [ 0.84102315  2.12249295 -0.48359329 -2.73413923 -3.0508191   5.19371352
 -4.47662117  8.11539706 ...]
std deviations: [3.04175443e-06 5.45070598e-06 1.45727452e-06 2.72195440e-06
 5.66132223e-06 1.18679609e-06 4.45811600e-06 8.12297161e-06 ...]
cma
(6_w,12)-aCMA-ES (mu_w=3.7,w_1=40%) in dimension 17 (seed=533294, Fri Nov 27 13:32:21 2020)
Iterat #Fevals   function value  axis ratio  sigma  min&max std  t[m:s]
    1     12 1.852262560208165e-01 1.0e+00 9.30e-01  9e-01  9e-01 0:00.8
    2     24 5.707057608166737e-01 1.1e+00 8.83e-01  9e-01  9e-01 0:01.6
    3     36 4.518730507241244e-01 1.1e+00 8.91e-01  9e-01  9e-01 0:02.3
    7     84 4.309486494201759e-01 1.3e+00 8.44e-01  8e-01  9e-01 0:05.4
   13    156 6.858920556291737e-01 1.4e+00 7.41e-01  7e-01  8e-01 0:10.1
   20    240 4.023311595846802e-01 1.6e+00 8.68e-01  8e-01  9e-01 0:15.5
   28    336 6.404563633116983e-01 1.7e+00 8.11e-01  7e-01  9e-01 0:21.8
   37    444 5.237660046163406e-01 2.0e+00 1.11e+00  1e+00  1e+00 0:28.8
   48    576 1.033050428613788e+00 2.1e+00 1.12e+00  1e+00  1e+00 0:37.3
   60    720 7.427534246532064e-01 2.2e+00 9.18e-01  8e-01  1e+00 0:46.7
   73    876 5.976547132473621e-01 2.4e+00 9.61e-01  8e-01  1e+00 0:56.8
   88   1056 6.624205591407046e-01 2.5e+00 1.08e+00  9e-01  1e+00 1:08.4
  100   1200 1.116812591051976e+00 2.7e+00 1.20e+00  1e+00  1e+00 1:17.7
  118   1416 9.008715016468327e-01 3.0e+00 8.38e-01  7e-01  9e-01 1:31.4
  137   1644 5.276827022495864e-01 3.3e+00 1.05e+00  9e-01  1e+00 1:45.9
  157   1884 8.306991307133130e-01 4.0e+00 1.34e+00  1e+00  2e+00 2:01.2
  178   2136 3.402665599473483e-01 4.3e+00 1.04e+00  8e-01  1e+00 2:17.2
  200   2400 1.897113098023999e-01 4.3e+00 5.37e-01  4e-01  6e-01 2:34.0
  224   2688 7.607039055166100e-02 4.7e+00 3.31e-01  2e-01  4e-01 2:52.3
  249   2988 2.855601343890990e-02 5.0e+00 2.33e-01  1e-01  3e-01 3:11.4
  276   3312 8.156383939093010e-03 5.2e+00 8.84e-02  5e-02  9e-02 3:32.0
  300   3600 4.705534536583207e-03 6.2e+00 4.23e-02  2e-02  4e-02 3:50.2
  329   3948 3.498414485756183e-03 7.6e+00 2.97e-02  1e-02  3e-02 4:12.3
  360   4320 1.939939374295979e-03 1.4e+01 4.17e-02  1e-02  6e-02 4:36.0
  392   4704 1.426482948820673e-03 1.7e+01 1.92e-02  5e-03  3e-02 5:00.4
  400   4800 1.297402145127452e-03 1.9e+01 2.70e-02  7e-03  5e-02 5:06.5
  435   5220 9.507617837077656e-04 2.6e+01 1.82e-02  4e-03  3e-02 5:33.1
  471   5652 6.836047193320716e-04 3.2e+01 1.81e-02  4e-03  3e-02 6:00.6
  500   6000 4.887515450863712e-04 3.3e+01 2.46e-02  5e-03  4e-02 6:22.7
  539   6468 4.046196376619501e-04 4.2e+01 1.31e-02  2e-03  2e-02 6:52.4
  579   6948 3.347417698618825e-04 4.6e+01 1.18e-02  2e-03  2e-02 7:22.9
  600   7200 3.178121643528908e-04 4.8e+01 1.00e-02  1e-03  2e-02 7:38.9
  642   7704 3.050393227664333e-04 6.7e+01 6.11e-03  8e-04  1e-02 8:10.9
  686   8232 2.963553776770502e-04 8.9e+01 9.05e-03  9e-04  2e-02 8:44.4
  700   8400 2.931491069743726e-04 1.1e+02 9.08e-03  9e-04  2e-02 8:55.1
  746   8952 2.890562389084987e-04 1.6e+02 6.00e-03  5e-04  2e-02 9:30.2
  794   9528 2.871130540003390e-04 1.7e+02 5.36e-03  3e-04  1e-02 10:06.6
  800   9600 2.869631684340557e-04 1.7e+02 4.66e-03  3e-04  1e-02 10:11.1
  851  10212 2.855981204905011e-04 1.9e+02 4.09e-03  2e-04  7e-03 10:49.9
  900  10800 2.830804389132479e-04 2.1e+02 6.76e-03  3e-04  1e-02 11:27.1
  953  11436 2.766421494843211e-04 4.1e+02 8.38e-03  5e-04  2e-02 12:07.3
 1000  12000 2.682406218292389e-04 5.7e+02 1.26e-02  1e-03  5e-02 12:43.0
Iterat #Fevals   function value  axis ratio  sigma  min&max std  t[m:s]
 1056  12672 2.536869524170843e-04 7.1e+02 1.19e-02  1e-03  5e-02 13:25.5
 1100  13200 2.463635521009204e-04 6.5e+02 1.54e-02  1e-03  6e-02 13:58.9
 1158  13896 2.407045535042739e-04 5.3e+02 6.13e-03  4e-04  2e-02 14:42.9
 1200  14400 2.398972072490251e-04 3.9e+02 7.08e-03  4e-04  2e-02 15:14.8
 1261  15132 2.339957380301992e-04 4.4e+02 2.23e-02  1e-03  5e-02 16:01.1
 1300  15600 2.296462266452350e-04 3.4e+02 2.03e-02  8e-04  3e-02 16:30.7
 1364  16368 2.254476555642753e-04 3.3e+02 8.50e-03  3e-04  1e-02 17:19.3
 1400  16800 2.249831495343823e-04 2.9e+02 1.24e-02  3e-04  1e-02 17:46.6
 1466  17592 2.245177896507789e-04 2.9e+02 5.39e-03  1e-04  5e-03 18:36.7
 1500  18000 2.244803920864658e-04 2.8e+02 3.02e-03  6e-05  3e-03 19:02.5
 1569  18828 2.238903883753117e-04 4.6e+02 2.10e-02  4e-04  2e-02 19:54.8
 1600  19200 2.230333501971153e-04 5.7e+02 2.34e-02  4e-04  2e-02 20:18.3
 1672  20064 2.202858897985937e-04 6.3e+02 2.25e-02  3e-04  2e-02 21:13.0
 1700  20400 2.188447394600244e-04 5.9e+02 3.22e-02  5e-04  3e-02 21:34.2
 1774  21288 2.161083887681988e-04 5.9e+02 2.67e-02  4e-04  2e-02 22:30.4
 1800  21600 2.155048970644807e-04 5.7e+02 4.30e-02  6e-04  3e-02 22:50.1
 1877  22524 2.144600005700119e-04 3.5e+02 1.21e-02  1e-04  6e-03 23:48.6
 1900  22800 2.143977552137102e-04 3.5e+02 7.26e-03  8e-05  3e-03 24:06.0
 1980  23760 2.143268676340704e-04 3.4e+02 1.75e-03  2e-05  7e-04 25:06.7
 2000  24000 2.143265970536474e-04 3.6e+02 1.40e-03  1e-05  5e-04 25:21.9
Iterat #Fevals   function value  axis ratio  sigma  min&max std  t[m:s]
 2084  25008 2.143261352485401e-04 4.0e+02 2.07e-03  2e-05  6e-04 26:24.6
 2100  25200 2.143251758487511e-04 4.3e+02 4.96e-03  3e-05  1e-03 26:36.5
 2186  26232 2.143140047500163e-04 7.0e+02 5.55e-03  3e-05  2e-03 27:40.6
 2200  26400 2.143124140968397e-04 7.2e+02 5.32e-03  3e-05  2e-03 27:51.1
 2289  27468 2.143015044412927e-04 1.0e+03 6.13e-03  3e-05  2e-03 28:57.5
 2300  27600 2.143005298251715e-04 1.0e+03 6.60e-03  3e-05  2e-03 29:05.7
 2392  28704 2.142922255573542e-04 9.6e+02 5.52e-03  2e-05  2e-03 30:14.3
 2400  28800 2.142922048487210e-04 1.0e+03 6.05e-03  2e-05  2e-03 30:20.3
 2495  29940 2.142865675381148e-04 1.1e+03 5.52e-03  1e-05  2e-03 31:30.3
 2500  30000 2.142863751829935e-04 1.1e+03 5.92e-03  2e-05  2e-03 31:34.0
 2599  31188 2.142813144632228e-04 1.5e+03 6.83e-03  1e-05  2e-03 32:46.7
 2600  31200 2.142810684564215e-04 1.5e+03 6.92e-03  1e-05  2e-03 32:47.4
 2700  32400 2.142776859659431e-04 1.7e+03 5.93e-03  1e-05  2e-03 34:00.4
 2800  33600 2.142749048610030e-04 1.8e+03 7.72e-03  1e-05  2e-03 35:13.4
 2900  34800 2.142723740401936e-04 2.5e+03 1.19e-02  2e-05  4e-03 36:26.4
 3000  36000 2.142706517975636e-04 2.3e+03 8.49e-03  1e-05  2e-03 37:39.4
Iterat #Fevals   function value  axis ratio  sigma  min&max std  t[m:s]
 3100  37200 2.142694554540530e-04 3.0e+03 1.01e-02  9e-06  3e-03 38:52.4
 3200  38400 2.142684898860912e-04 3.4e+03 9.86e-03  7e-06  2e-03 40:05.4
 3300  39600 2.142679704172612e-04 3.7e+03 6.57e-03  4e-06  1e-03 41:18.3
 3400  40800 2.142674997845296e-04 3.9e+03 1.09e-02  6e-06  2e-03 42:31.2
 3500  42000 2.142672214650030e-04 4.0e+03 1.20e-02  5e-06  2e-03 43:44.1
 3600  43200 2.142670865105097e-04 5.3e+03 6.94e-03  2e-06  1e-03 44:57.1
 3700  44400 2.142670285989056e-04 6.4e+03 5.35e-03  1e-06  9e-04 46:10.0
 3738  44856 2.142670227538836e-04 7.4e+03 4.63e-03  1e-06  8e-04 46:37.6
termination on tolfun=1e-11 (Fri Nov 27 14:19:04 2020)
final/bestever f-value = 2.142670e-04 2.142670e-04
incumbent solution: [ 0.6404115  -0.88686124 -1.12392914  5.18794205 -4.85828798  4.77506436
  6.21375626 -0.20743081 ...]
std deviations: [8.61056923e-06 4.74050401e-06 1.00408164e-05 3.56365056e-05
 8.98803314e-05 8.19483038e-04 8.40044172e-06 2.59079244e-05 ...]
cma
(6_w,12)-aCMA-ES (mu_w=3.7,w_1=40%) in dimension 17 (seed=623816, Fri Nov 27 14:19:06 2020)
Iterat #Fevals   function value  axis ratio  sigma  min&max std  t[m:s]
    1     12 5.369938061027826e-01 1.0e+00 9.55e-01  9e-01  1e+00 0:00.7
    2     24 5.391379526166722e-01 1.1e+00 9.44e-01  9e-01  1e+00 0:01.5
    3     36 6.767784268263621e-01 1.2e+00 9.24e-01  9e-01  9e-01 0:02.2
    8     96 2.771086214209636e-01 1.3e+00 8.88e-01  9e-01  9e-01 0:05.8
   14    168 8.177545382156810e-01 1.6e+00 1.07e+00  1e+00  1e+00 0:10.2
   21    252 7.212758703207583e-01 1.8e+00 9.63e-01  9e-01  1e+00 0:15.3
   30    360 9.450572624057683e-01 1.9e+00 9.71e-01  9e-01  1e+00 0:21.9
   40    480 3.450605476239118e-01 1.9e+00 6.86e-01  6e-01  7e-01 0:29.2
   51    612 6.577648641793671e-01 2.0e+00 5.78e-01  5e-01  6e-01 0:37.3
   64    768 2.729611814746062e-01 2.3e+00 3.87e-01  3e-01  4e-01 0:46.8
   78    936 9.193896511205744e-02 2.5e+00 2.59e-01  2e-01  3e-01 0:57.0
   94   1128 3.743984928048204e-02 2.7e+00 1.09e-01  8e-02  1e-01 1:08.7
  100   1200 3.206730748558213e-02 2.8e+00 8.78e-02  6e-02  9e-02 1:13.1
  118   1416 2.337223736890826e-02 3.4e+00 6.06e-02  4e-02  7e-02 1:26.3
  138   1656 1.952663297435105e-02 3.9e+00 2.89e-02  2e-02  3e-02 1:40.9
  159   1908 1.705923650492051e-02 5.7e+00 3.31e-02  2e-02  4e-02 1:56.2
  181   2172 1.595577351551961e-02 6.7e+00 4.54e-02  2e-02  6e-02 2:12.4
  200   2400 1.522932202167396e-02 7.2e+00 2.62e-02  1e-02  3e-02 2:26.2
  225   2700 1.438262778611705e-02 8.3e+00 2.02e-02  1e-02  2e-02 2:44.5
  251   3012 1.323109274893105e-02 1.4e+01 2.81e-02  1e-02  4e-02 3:03.6
  279   3348 1.234830321348325e-02 1.5e+01 3.21e-02  1e-02  6e-02 3:24.0
  300   3600 1.185792021002318e-02 1.6e+01 2.60e-02  1e-02  5e-02 3:39.3
  331   3972 1.114326277394237e-02 1.8e+01 2.17e-02  1e-02  4e-02 4:02.0
  363   4356 1.082728197527018e-02 1.8e+01 2.36e-02  1e-02  4e-02 4:25.4
  396   4752 1.056052529578475e-02 2.0e+01 1.38e-02  5e-03  2e-02 4:49.4
  400   4800 1.053500875045708e-02 2.0e+01 1.22e-02  5e-03  2e-02 4:52.4
  436   5232 1.047428368169020e-02 2.3e+01 4.75e-03  2e-03  7e-03 5:18.7
  473   5676 1.044359523997660e-02 3.6e+01 9.15e-03  3e-03  2e-02 5:45.7
  500   6000 1.041107161660907e-02 5.2e+01 1.07e-02  4e-03  2e-02 6:05.4
  540   6480 1.033762182167716e-02 5.3e+01 1.44e-02  5e-03  3e-02 6:34.6
  582   6984 1.019197138133312e-02 4.4e+01 1.46e-02  4e-03  2e-02 7:05.3
  600   7200 1.012940314779359e-02 4.4e+01 1.55e-02  4e-03  2e-02 7:18.4
  644   7728 9.999702580336341e-03 4.1e+01 1.53e-02  4e-03  2e-02 7:50.6
  690   8280 9.757348959194107e-03 6.4e+01 2.91e-02  8e-03  4e-02 8:24.2
  700   8400 9.776732787290158e-03 6.7e+01 4.92e-02  1e-02  8e-02 8:31.5
  748   8976 9.474475535104646e-03 6.1e+01 1.99e-02  4e-03  2e-02 9:06.6
  798   9576 9.402219060689488e-03 5.6e+01 1.85e-02  3e-03  2e-02 9:43.1
  800   9600 9.391114376285179e-03 5.6e+01 1.84e-02  3e-03  2e-02 9:44.6
  853  10236 9.370281119166659e-03 5.9e+01 8.51e-03  1e-03  7e-03 10:23.3
  900  10800 9.337969255866869e-03 9.1e+01 1.69e-02  3e-03  2e-02 10:57.6
  955  11460 9.292568413319319e-03 1.1e+02 2.10e-02  3e-03  3e-02 11:37.8
 1000  12000 9.211026417435477e-03 1.3e+02 2.69e-02  4e-03  4e-02 12:10.6
Iterat #Fevals   function value  axis ratio  sigma  min&max std  t[m:s]
 1058  12696 9.191015074012984e-03 1.2e+02 1.04e-02  1e-03  1e-02 12:53.0
 1100  13200 9.188637931589229e-03 1.1e+02 7.06e-03  6e-04  8e-03 13:23.6
 1161  13932 9.182230436494247e-03 1.3e+02 2.32e-02  2e-03  3e-02 14:08.2
 1200  14400 9.144244940927268e-03 1.7e+02 3.93e-02  3e-03  5e-02 14:36.7
 1263  15156 9.018898783888018e-03 1.5e+02 4.31e-02  3e-03  4e-02 15:22.7
 1300  15600 8.964408815449026e-03 1.3e+02 6.17e-02  3e-03  5e-02 15:49.7
 1366  16392 8.882794015014408e-03 1.2e+02 4.04e-02  1e-03  3e-02 16:38.1
 1400  16800 8.871744819811551e-03 9.7e+01 3.68e-02  1e-03  2e-02 17:01.5
 1484  17808 8.816259778526903e-03 1.1e+02 8.46e-02  4e-03  4e-02 17:52.0
 1500  18000 8.768909902533475e-03 1.1e+02 1.56e-01  8e-03  7e-02 18:01.4
 1589  19068 8.284048048365356e-03 7.6e+01 1.61e-01  7e-03  5e-02 18:53.7
 1600  19200 8.234719776922163e-03 7.7e+01 1.81e-01  7e-03  5e-02 19:00.1
 1688  20256 7.919944252678494e-03 6.4e+01 1.58e-01  4e-03  3e-02 19:54.6
 1700  20400 7.915334981401909e-03 6.0e+01 1.08e-01  3e-03  2e-02 20:01.7
 1793  21516 7.768682291662788e-03 5.4e+01 2.24e-01  4e-03  3e-02 20:58.1
 1800  21600 7.745468654417094e-03 5.3e+01 1.91e-01  4e-03  3e-02 21:02.2
 1900  22800 7.608159752713687e-03 7.4e+01 1.79e-01  2e-03  2e-02 21:46.4
 2000  24000 7.540811223844419e-03 1.3e+02 1.34e-01  1e-03  2e-02 22:20.6
Iterat #Fevals   function value  axis ratio  sigma  min&max std  t[m:s]
 2100  25200 7.493434025087889e-03 1.3e+02 1.22e-01  1e-03  1e-02 22:54.4
 2200  26400 7.489383677071026e-03 1.2e+02 6.73e-03  6e-05  7e-04 23:26.3
 2299  27588 7.489381942070568e-03 1.2e+02 4.89e-05  3e-07  3e-06 23:58.8
/home/adrianps/venvs/quantum_simulation/lib/python3.6/site-packages/scipy/optimize/optimize.py:705: ComplexWarning: Casting complex values to real discards the imaginary part
  grad[k] = df
/home/adrianps/venvs/quantum_simulation/lib/python3.6/site-packages/scipy/optimize/linesearch.py:172: ComplexWarning: Casting complex values to real discards the imaginary part
  amin, amax, isave, dsave)
/home/adrianps/venvs/quantum_simulation/lib/python3.6/site-packages/scipy/optimize/optimize.py:705: ComplexWarning: Casting complex values to real discards the imaginary part
  grad[k] = df
/home/adrianps/venvs/quantum_simulation/lib/python3.6/site-packages/scipy/optimize/linesearch.py:172: ComplexWarning: Casting complex values to real discards the imaginary part
  amin, amax, isave, dsave)
/home/adrianps/venvs/quantum_simulation/lib/python3.6/site-packages/scipy/optimize/optimize.py:705: ComplexWarning: Casting complex values to real discards the imaginary part
  grad[k] = df
/home/adrianps/venvs/quantum_simulation/lib/python3.6/site-packages/scipy/optimize/linesearch.py:172: ComplexWarning: Casting complex values to real discards the imaginary part
  amin, amax, isave, dsave)
/home/adrianps/venvs/quantum_simulation/lib/python3.6/site-packages/scipy/optimize/optimize.py:705: ComplexWarning: Casting complex values to real discards the imaginary part
  grad[k] = df
/home/adrianps/venvs/quantum_simulation/lib/python3.6/site-packages/scipy/optimize/linesearch.py:172: ComplexWarning: Casting complex values to real discards the imaginary part
  amin, amax, isave, dsave)
/home/adrianps/venvs/quantum_simulation/lib/python3.6/site-packages/scipy/optimize/optimize.py:705: ComplexWarning: Casting complex values to real discards the imaginary part
  grad[k] = df
/home/adrianps/venvs/quantum_simulation/lib/python3.6/site-packages/scipy/optimize/linesearch.py:172: ComplexWarning: Casting complex values to real discards the imaginary part
  amin, amax, isave, dsave)
/home/adrianps/venvs/quantum_simulation/lib/python3.6/site-packages/scipy/optimize/optimize.py:705: ComplexWarning: Casting complex values to real discards the imaginary part
  grad[k] = df
/home/adrianps/venvs/quantum_simulation/lib/python3.6/site-packages/scipy/optimize/linesearch.py:172: ComplexWarning: Casting complex values to real discards the imaginary part
  amin, amax, isave, dsave)
/home/adrianps/venvs/quantum_simulation/lib/python3.6/site-packages/scipy/optimize/optimize.py:705: ComplexWarning: Casting complex values to real discards the imaginary part
  grad[k] = df
/home/adrianps/venvs/quantum_simulation/lib/python3.6/site-packages/scipy/optimize/linesearch.py:172: ComplexWarning: Casting complex values to real discards the imaginary part
  amin, amax, isave, dsave)
/home/adrianps/venvs/quantum_simulation/lib/python3.6/site-packages/scipy/optimize/optimize.py:705: ComplexWarning: Casting complex values to real discards the imaginary part
  grad[k] = df
/home/adrianps/venvs/quantum_simulation/lib/python3.6/site-packages/scipy/optimize/linesearch.py:172: ComplexWarning: Casting complex values to real discards the imaginary part
  amin, amax, isave, dsave)
/home/adrianps/venvs/quantum_simulation/lib/python3.6/site-packages/scipy/optimize/optimize.py:705: ComplexWarning: Casting complex values to real discards the imaginary part
  grad[k] = df
/home/adrianps/venvs/quantum_simulation/lib/python3.6/site-packages/scipy/optimize/linesearch.py:172: ComplexWarning: Casting complex values to real discards the imaginary part
  amin, amax, isave, dsave)
/home/adrianps/venvs/quantum_simulation/lib/python3.6/site-packages/scipy/optimize/optimize.py:705: ComplexWarning: Casting complex values to real discards the imaginary part
  grad[k] = df
/home/adrianps/venvs/quantum_simulation/lib/python3.6/site-packages/scipy/optimize/linesearch.py:172: ComplexWarning: Casting complex values to real discards the imaginary part
  amin, amax, isave, dsave)
/home/adrianps/Universal-Approximator/qibo_sim/classes/ApproximantNN.py:552: RuntimeWarning: More than 20 figures have been opened. Figures created through the pyplot interface (`matplotlib.pyplot.figure`) are retained until explicitly closed and may consume too much memory. (To control this warning, see the rcParam `figure.max_open_warning`).
  fig, axs = plt.subplots(nrows=2, figsize=(8,10))
/home/adrianps/venvs/quantum_simulation/lib/python3.6/site-packages/scipy/optimize/optimize.py:705: ComplexWarning: Casting complex values to real discards the imaginary part
  grad[k] = df
/home/adrianps/venvs/quantum_simulation/lib/python3.6/site-packages/scipy/optimize/linesearch.py:172: ComplexWarning: Casting complex values to real discards the imaginary part
  amin, amax, isave, dsave)
/home/adrianps/Universal-Approximator/qibo_sim/classes/ApproximantNN.py:577: RuntimeWarning: More than 20 figures have been opened. Figures created through the pyplot interface (`matplotlib.pyplot.figure`) are retained until explicitly closed and may consume too much memory. (To control this warning, see the rcParam `figure.max_open_warning`).
  fig, axs = plt.subplots(nrows=2, figsize=(8,10))
/home/adrianps/Universal-Approximator/qibo_sim/classes/ApproximantNN.py:552: RuntimeWarning: More than 20 figures have been opened. Figures created through the pyplot interface (`matplotlib.pyplot.figure`) are retained until explicitly closed and may consume too much memory. (To control this warning, see the rcParam `figure.max_open_warning`).
  fig, axs = plt.subplots(nrows=2, figsize=(8,10))
/home/adrianps/venvs/quantum_simulation/lib/python3.6/site-packages/scipy/optimize/optimize.py:705: ComplexWarning: Casting complex values to real discards the imaginary part
  grad[k] = df
/home/adrianps/venvs/quantum_simulation/lib/python3.6/site-packages/scipy/optimize/linesearch.py:172: ComplexWarning: Casting complex values to real discards the imaginary part
  amin, amax, isave, dsave)
/home/adrianps/Universal-Approximator/qibo_sim/classes/ApproximantNN.py:577: RuntimeWarning: More than 20 figures have been opened. Figures created through the pyplot interface (`matplotlib.pyplot.figure`) are retained until explicitly closed and may consume too much memory. (To control this warning, see the rcParam `figure.max_open_warning`).
  fig, axs = plt.subplots(nrows=2, figsize=(8,10))
termination on tolfun=1e-11 (Fri Nov 27 14:43:08 2020)
final/bestever f-value = 7.489382e-03 7.489382e-03
incumbent solution: [-1.33294217  4.24360082  6.04966556  5.03421611  2.61103185 -3.53371485
 -0.98446184  9.70736394 ...]
std deviations: [3.23123712e-06 2.93720395e-06 3.56881483e-07 2.46418106e-06
 3.22928797e-06 3.12542666e-07 1.56955452e-06 2.92627182e-06 ...]
