cma
(3_w,6)-aCMA-ES (mu_w=2.0,w_1=63%) in dimension 2 (seed=422160, Wed Nov 25 15:55:23 2020)
Iterat #Fevals   function value  axis ratio  sigma  min&max std  t[m:s]
    1      6 2.301527833040793e-01 1.0e+00 1.30e+00  1e+00  2e+00 0:00.1
    2     12 1.081546395984481e-01 1.4e+00 1.16e+00  1e+00  1e+00 0:00.2
    3     18 1.765929322393187e-01 1.2e+00 1.38e+00  1e+00  1e+00 0:00.3
   40    240 2.266413491552306e-02 2.3e+00 6.48e-03  2e-04  4e-04 0:03.3
   71    426 2.266413043105876e-02 1.7e+00 3.51e-05  7e-08  9e-08 0:05.9
termination on tolfun=1e-11 (Wed Nov 25 15:55:29 2020)
final/bestever f-value = 2.266413e-02 2.266413e-02
incumbent solution: [2.351648876364055, -1.5987747060200306]
std deviation: [7.185843571318518e-08, 8.52491771010155e-08]
cma
(3_w,6)-aCMA-ES (mu_w=2.0,w_1=63%) in dimension 2 (seed=411701, Wed Nov 25 15:55:29 2020)
Iterat #Fevals   function value  axis ratio  sigma  min&max std  t[m:s]
    1      6 7.385203235018847e-02 1.0e+00 7.42e-01  6e-01  7e-01 0:00.1
    2     12 6.504627854824277e-02 1.1e+00 7.80e-01  6e-01  7e-01 0:00.2
    3     18 1.045423285335676e-01 1.4e+00 6.98e-01  5e-01  6e-01 0:00.2
   40    240 2.266415969761475e-02 2.6e+00 5.70e-03  1e-04  3e-04 0:03.3
   74    444 2.266413043105994e-02 2.7e+00 4.12e-05  5e-08  9e-08 0:06.0
termination on tolfun=1e-11 (Wed Nov 25 15:55:35 2020)
final/bestever f-value = 2.266413e-02 2.266413e-02
incumbent solution: [-2.3516488355298812, 1.598774652168926]
std deviation: [5.007947248743135e-08, 8.553356451238791e-08]
cma
(4_w,8)-aCMA-ES (mu_w=2.6,w_1=52%) in dimension 5 (seed=388530, Wed Nov 25 15:55:35 2020)
Iterat #Fevals   function value  axis ratio  sigma  min&max std  t[m:s]
    1      8 1.034151531747916e+00 1.0e+00 9.62e-01  9e-01  1e+00 0:00.1
    2     16 1.895293712498074e-01 1.3e+00 9.07e-01  8e-01  1e+00 0:00.3
    3     24 1.118784371538246e-01 1.5e+00 8.71e-01  6e-01  1e+00 0:00.4
   26    208 2.568748011691668e-02 6.4e+00 2.38e-01  1e-01  3e-01 0:03.4
   57    456 2.266793035246616e-02 3.1e+01 6.03e-02  4e-02  5e-02 0:07.5
   96    768 2.266413051107175e-02 2.4e+02 2.10e-03  3e-04  2e-03 0:12.6
  100    800 2.266413050139828e-02 3.6e+02 1.76e-03  2e-04  2e-03 0:13.1
  140   1120 2.266413043105964e-02 2.9e+03 4.03e-05  9e-07  5e-05 0:18.6
termination on tolfun=1e-11 (Wed Nov 25 15:55:54 2020)
final/bestever f-value = 2.266413e-02 2.266413e-02
incumbent solution: [0.13779599594522254, 0.12486627242216118, -2.9195244564563953e-08, -4.069332432055649, -1.7236410201644465]
std deviation: [3.582587608907613e-05, 4.599071416551426e-05, 9.086582396145153e-07, 3.5832514154156017e-05, 4.600768075801818e-05]
cma
(4_w,8)-aCMA-ES (mu_w=2.6,w_1=52%) in dimension 5 (seed=403383, Wed Nov 25 15:55:54 2020)
Iterat #Fevals   function value  axis ratio  sigma  min&max std  t[m:s]
    1      8 3.516209951309857e-01 1.0e+00 1.13e+00  1e+00  1e+00 0:00.1
    2     16 1.371908197279911e-01 1.3e+00 1.14e+00  1e+00  1e+00 0:00.3
    3     24 4.958183502573171e-02 1.6e+00 1.22e+00  1e+00  1e+00 0:00.4
   26    208 2.270349969693992e-02 5.5e+00 1.85e-01  1e-01  2e-01 0:03.4
   57    456 2.266421698405310e-02 4.5e+01 1.82e-02  1e-02  2e-02 0:07.5
   95    760 2.266413047469477e-02 3.4e+02 7.67e-04  8e-05  1e-03 0:12.5
  100    800 2.266413044010673e-02 4.4e+02 5.65e-04  5e-05  8e-04 0:13.2
  125   1000 2.266413043107521e-02 1.9e+03 7.45e-05  2e-06  2e-04 0:16.8
termination on tolfun=1e-11 (Wed Nov 25 15:56:11 2020)
final/bestever f-value = 2.266413e-02 2.266413e-02
incumbent solution: [2.9422897875724514, 0.1840242623447829, 6.656032346702702e-07, -0.5906409558374816, -1.7827987323426622]
std deviation: [0.00015221331311825325, 4.2047566509404755e-05, 1.7688990128193264e-06, 0.0001522035312355502, 4.202630108897387e-05]
cma
(5_w,10)-aCMA-ES (mu_w=3.2,w_1=45%) in dimension 8 (seed=418744, Wed Nov 25 15:56:11 2020)
Iterat #Fevals   function value  axis ratio  sigma  min&max std  t[m:s]
    1     10 6.756147198232594e-02 1.0e+00 8.56e-01  8e-01  9e-01 0:00.2
    2     20 1.674518896605242e-01 1.2e+00 8.00e-01  8e-01  8e-01 0:00.4
    3     30 6.761673767748430e-02 1.3e+00 7.33e-01  7e-01  7e-01 0:00.6
   19    190 1.269102970026158e-01 3.3e+00 9.09e-01  6e-01  1e+00 0:03.6
   39    390 1.475862035789260e-01 4.5e+00 1.05e+00  6e-01  1e+00 0:07.6
   66    660 2.952992353458783e-02 7.0e+00 6.48e-01  4e-01  8e-01 0:12.7
   98    980 2.156294907188131e-02 1.8e+01 9.90e-02  6e-02  1e-01 0:18.7
  100   1000 2.077192299795488e-02 1.9e+01 1.02e-01  6e-02  1e-01 0:19.1
  142   1420 1.896061606320784e-03 1.3e+01 1.22e-01  4e-02  9e-02 0:27.2
  189   1890 1.488357503208278e-03 2.0e+01 5.89e-02  2e-02  3e-02 0:36.4
  200   2000 1.464941944846482e-03 2.9e+01 5.64e-02  2e-02  4e-02 0:38.5
  259   2590 1.436107879989796e-03 9.4e+01 2.65e-02  5e-03  2e-02 0:49.6
  300   3000 1.435937296405253e-03 1.2e+02 4.68e-03  4e-04  2e-03 0:57.3
  364   3640 1.435934759167821e-03 1.5e+02 2.00e-05  8e-07  4e-06 1:09.3
termination on tolfun=1e-11 (Wed Nov 25 15:57:21 2020)
final/bestever f-value = 1.435935e-03 1.435935e-03
incumbent solution: [7.8934374488546695, 0.4239363097294718, 2.0861082976407155, 1.4752122394796923, -2.1268036497053613, -7.479527271331619, 2.3729004941054463, 1.380241841602788]
std deviation: [3.106342388424033e-06, 2.3411373467557224e-06, 1.1062772298588545e-06, 4.228527942508653e-06, 2.937422964156349e-06, 1.0858061579397319e-06, 8.247036335152135e-07, 1.700897793874847e-06]
cma
(5_w,10)-aCMA-ES (mu_w=3.2,w_1=45%) in dimension 8 (seed=435920, Wed Nov 25 15:57:21 2020)
Iterat #Fevals   function value  axis ratio  sigma  min&max std  t[m:s]
    1     10 5.596830983833760e-01 1.0e+00 9.68e-01  9e-01  1e+00 0:00.2
    2     20 1.126026056139940e-01 1.3e+00 8.74e-01  8e-01  9e-01 0:00.4
    3     30 1.491073428255232e-01 1.4e+00 9.28e-01  9e-01  1e+00 0:00.6
   19    190 4.049872763346137e-01 2.1e+00 8.38e-01  7e-01  8e-01 0:03.6
   41    410 2.400802837112075e-02 3.3e+00 2.80e-01  2e-01  3e-01 0:07.7
   68    680 2.334029156237219e-02 8.0e+00 1.63e-01  1e-01  2e-01 0:12.8
   99    990 1.589547226407827e-02 2.9e+01 2.44e-01  1e-01  3e-01 0:18.9
  100   1000 1.304556558321980e-02 2.9e+01 2.89e-01  1e-01  4e-01 0:19.1
  143   1430 1.769422456769341e-03 2.5e+01 1.57e-01  3e-02  1e-01 0:27.3
  190   1900 1.543438507131232e-03 3.4e+01 9.15e-02  2e-02  5e-02 0:36.3
  200   2000 1.503249826563931e-03 4.0e+01 1.15e-01  2e-02  5e-02 0:38.2
  258   2580 1.447405181408630e-03 4.7e+01 4.80e-02  4e-03  1e-02 0:49.4
  300   3000 1.441303429282837e-03 6.8e+01 5.98e-02  5e-03  2e-02 0:57.4
  368   3680 1.436156960146190e-03 1.4e+02 6.47e-02  3e-03  1e-02 1:10.5
  400   4000 1.435937742124904e-03 1.4e+02 2.65e-02  7e-04  3e-03 1:16.7
  465   4650 1.435934759165126e-03 2.0e+02 8.62e-05  1e-06  5e-06 1:29.2
termination on tolfun=1e-11 (Wed Nov 25 15:58:51 2020)
final/bestever f-value = 1.435935e-03 1.435935e-03
incumbent solution: [2.372899643874535, 1.380240066249994, 1.196342713674653, 4.616807539346574, -2.1267989997386967, 2.086108151889316, -1.5313379725626441, 0.42393869745293833]
std deviation: [1.0472378171590592e-06, 1.8781278228392915e-06, 1.2160978197675399e-06, 4.639155161996058e-06, 4.682462069203753e-06, 1.3474396510771744e-06, 3.3887138096008723e-06, 3.423031341453611e-06]
cma
(5_w,11)-aCMA-ES (mu_w=3.4,w_1=42%) in dimension 11 (seed=388942, Wed Nov 25 15:58:51 2020)
Iterat #Fevals   function value  axis ratio  sigma  min&max std  t[m:s]
    1     11 3.159903958771575e-01 1.0e+00 9.54e-01  9e-01  1e+00 0:00.2
    2     22 2.531348257060108e-01 1.2e+00 9.38e-01  9e-01  1e+00 0:00.5
    3     33 9.582559707033107e-02 1.3e+00 8.76e-01  8e-01  9e-01 0:00.7
   16    176 2.891268780646071e-01 1.7e+00 4.79e-01  4e-01  5e-01 0:03.8
   33    363 5.884458997185505e-03 2.4e+00 2.79e-01  2e-01  3e-01 0:07.8
   55    605 2.907625006443797e-03 3.1e+00 1.14e-01  8e-02  1e-01 0:13.0
   81    891 2.458793782156990e-03 6.6e+00 7.13e-02  4e-02  8e-02 0:19.2
  100   1100 1.961658366578930e-03 9.4e+00 4.44e-02  3e-02  4e-02 0:23.7
  134   1474 1.597724462037301e-03 2.5e+01 5.99e-02  3e-02  7e-02 0:31.7
  172   1892 1.514755895991081e-03 3.1e+01 3.53e-02  2e-02  4e-02 0:40.7
  200   2200 1.429447553982101e-03 4.7e+01 7.26e-02  3e-02  9e-02 0:47.3
  247   2717 1.367626251500412e-03 8.4e+01 3.01e-02  9e-03  6e-02 0:58.5
  298   3278 1.339370667148701e-03 9.3e+01 7.10e-02  1e-02  1e-01 1:10.5
  300   3300 1.335125074592809e-03 8.6e+01 5.81e-02  1e-02  9e-02 1:11.0
  360   3960 9.450430240329007e-04 8.3e+01 1.94e-01  3e-02  2e-01 1:25.2
  400   4400 3.243670844746102e-04 6.7e+01 1.05e-01  1e-02  9e-02 1:34.6
  468   5148 2.445011260953172e-04 5.0e+01 3.12e-02  2e-03  1e-02 1:50.7
  500   5500 2.428827668795775e-04 6.6e+01 2.43e-02  1e-03  9e-03 1:58.3
  577   6347 2.358042790885654e-04 1.7e+02 4.74e-02  2e-03  2e-02 2:16.4
  600   6600 2.351573496312807e-04 2.1e+02 5.62e-02  3e-03  3e-02 2:21.8
  685   7535 2.337836475226679e-04 2.5e+02 3.54e-02  1e-03  1e-02 2:41.9
  700   7700 2.337301758063435e-04 2.8e+02 2.43e-02  6e-04  7e-03 2:45.4
  794   8734 2.336963733926331e-04 4.2e+02 7.43e-03  1e-04  2e-03 3:07.6
  800   8800 2.336961603095087e-04 4.4e+02 5.75e-03  8e-05  2e-03 3:09.0
  866   9526 2.336958621055582e-04 5.9e+02 1.43e-04  2e-06  3e-05 3:24.6
termination on tolfun=1e-11 (Wed Nov 25 16:02:16 2020)
final/bestever f-value = 2.336959e-04 2.336959e-04
incumbent solution: [-0.26402333  5.97380855  0.20051514 -4.55014602 -3.99233718  2.36609773
  1.43312008  1.87200271 ...]
std deviations: [5.24876611e-06 1.69756578e-05 1.51889688e-06 1.61734938e-05
 2.56962117e-05 8.90886789e-06 9.99997896e-06 1.50127777e-05 ...]
cma
(5_w,11)-aCMA-ES (mu_w=3.4,w_1=42%) in dimension 11 (seed=360895, Wed Nov 25 16:02:17 2020)
Iterat #Fevals   function value  axis ratio  sigma  min&max std  t[m:s]
    1     11 6.229967725100329e-01 1.0e+00 1.00e+00  1e+00  1e+00 0:00.2
    2     22 1.892831164806518e-01 1.2e+00 1.07e+00  1e+00  1e+00 0:00.5
    3     33 7.752749337676644e-01 1.3e+00 1.08e+00  1e+00  1e+00 0:00.7
   16    176 1.665988516551928e-01 1.8e+00 7.18e-01  6e-01  8e-01 0:03.8
   33    363 1.321290374343983e-01 2.7e+00 5.09e-01  4e-01  6e-01 0:07.8
   55    605 6.725255089089676e-03 3.8e+00 2.35e-01  2e-01  3e-01 0:13.0
   81    891 2.220001694872234e-03 5.6e+00 1.19e-01  8e-02  1e-01 0:19.2
  100   1100 1.678034513622202e-03 8.4e+00 8.66e-02  5e-02  8e-02 0:23.7
  134   1474 1.455967299525886e-03 2.1e+01 2.04e-02  1e-02  2e-02 0:31.7
  172   1892 1.447149666000012e-03 4.0e+01 6.67e-03  3e-03  7e-03 0:40.7
  200   2200 1.445275517467758e-03 4.6e+01 9.28e-03  4e-03  9e-03 0:47.4
  247   2717 1.429557886255650e-03 1.2e+02 2.44e-02  1e-02  4e-02 0:58.5
  298   3278 1.418186608693634e-03 1.3e+02 2.46e-02  8e-03  3e-02 1:10.5
  300   3300 1.418489883263021e-03 1.3e+02 2.39e-02  8e-03  3e-02 1:11.0
  360   3960 1.404802920885192e-03 1.4e+02 3.77e-02  8e-03  4e-02 1:25.2
  400   4400 1.387937860642607e-03 1.0e+02 6.93e-02  1e-02  5e-02 1:34.7
  468   5148 1.357248210102015e-03 8.0e+01 1.30e-01  1e-02  7e-02 1:50.7
  500   5500 1.273342607677123e-03 9.4e+01 2.41e-01  3e-02  1e-01 1:58.3
  577   6347 1.167830732026319e-03 6.2e+01 6.44e-02  4e-03  2e-02 2:16.5
  600   6600 1.161037046438571e-03 5.8e+01 6.69e-02  4e-03  2e-02 2:21.9
  685   7535 1.151372151722022e-03 1.0e+02 1.09e-01  3e-03  2e-02 2:42.0
  700   7700 1.147127187892632e-03 9.6e+01 6.85e-02  2e-03  1e-02 2:45.5
  794   8734 1.110217452108792e-03 1.7e+02 3.44e-01  7e-03  6e-02 3:07.7
  800   8800 1.107662425483399e-03 1.7e+02 2.80e-01  6e-03  5e-02 3:09.1
  900   9900 1.034891337591786e-03 7.6e+01 8.06e-01  1e-02  5e-02 3:32.7
 1000  11000 2.936768918829596e-04 4.0e+01 1.65e+00  2e-02  4e-02 3:56.4
Iterat #Fevals   function value  axis ratio  sigma  min&max std  t[m:s]
 1100  12100 2.730065866332902e-04 1.2e+02 2.89e-01  2e-03  7e-03 4:20.0
 1200  13200 2.687322510945610e-04 1.2e+02 8.33e-01  3e-03  1e-02 4:43.6
 1300  14300 2.666182009983342e-04 1.3e+02 4.28e-01  9e-04  4e-03 5:07.2
 1392  15312 2.666076511852745e-04 2.1e+02 2.31e-03  3e-06  1e-05 5:28.9
termination on tolfun=1e-11 (Wed Nov 25 16:07:47 2020)
final/bestever f-value = 2.666077e-04 2.666077e-04
incumbent solution: [ 2.11811265 -1.78846776  0.91877845  2.33971989  4.0613946   1.1740727
 -4.3754274  -2.11763952 ...]
std deviations: [3.60576229e-06 6.71885454e-06 2.53754901e-06 4.09300191e-06
 1.10942471e-05 5.98438048e-06 8.73789928e-06 1.29486758e-05 ...]
cma
(5_w,11)-aCMA-ES (mu_w=3.4,w_1=42%) in dimension 14 (seed=411728, Wed Nov 25 16:07:47 2020)
Iterat #Fevals   function value  axis ratio  sigma  min&max std  t[m:s]
    1     11 5.010779339731106e-02 1.0e+00 9.49e-01  9e-01  1e+00 0:00.3
    2     22 2.131557709044060e-01 1.1e+00 9.54e-01  9e-01  1e+00 0:00.5
    3     33 2.106999471297520e-01 1.2e+00 9.65e-01  9e-01  1e+00 0:00.8
   15    165 1.481215618562551e-01 1.6e+00 1.09e+00  1e+00  1e+00 0:03.9
   31    341 2.831681334256408e-01 2.1e+00 7.62e-01  6e-01  9e-01 0:08.1
   51    561 4.216037299214867e-01 2.7e+00 1.47e+00  1e+00  2e+00 0:13.3
   74    814 1.527253640392612e-01 3.8e+00 1.29e+00  1e+00  2e+00 0:19.4
  100   1100 4.238884948578385e-01 3.8e+00 1.40e+00  1e+00  2e+00 0:26.2
  131   1441 7.454864382439147e-01 4.6e+00 1.54e+00  1e+00  2e+00 0:34.3
  166   1826 5.443891564084276e-01 5.4e+00 7.39e-01  4e-01  9e-01 0:43.5
  200   2200 1.934537725571109e-02 5.5e+00 4.17e-01  2e-01  5e-01 0:52.4
  242   2662 4.147097785915559e-03 6.6e+00 1.03e-01  5e-02  1e-01 1:03.4
  288   3168 7.863720626142746e-04 1.6e+01 6.10e-02  2e-02  8e-02 1:15.5
  300   3300 6.804568874888008e-04 1.6e+01 3.57e-02  1e-02  5e-02 1:18.6
  354   3894 4.552608645977487e-04 2.9e+01 3.74e-02  8e-03  6e-02 1:32.7
  400   4400 3.761020286753093e-04 5.4e+01 3.62e-02  5e-03  7e-02 1:44.8
  462   5082 2.997707571612659e-04 9.6e+01 3.06e-02  4e-03  8e-02 2:01.0
  500   5500 2.768264464422528e-04 8.7e+01 3.01e-02  3e-03  7e-02 2:10.9
  569   6259 2.541467340731647e-04 1.1e+02 1.89e-02  2e-03  3e-02 2:29.0
  600   6600 2.349891679015024e-04 1.5e+02 3.43e-02  4e-03  7e-02 2:37.1
  677   7447 2.253417261239150e-04 1.3e+02 1.39e-02  1e-03  2e-02 2:57.2
  700   7700 2.234275983917397e-04 1.4e+02 2.15e-02  2e-03  3e-02 3:03.2
  785   8635 2.159796057940777e-04 1.3e+02 5.18e-02  3e-03  4e-02 3:25.5
  800   8800 2.148350118295251e-04 1.2e+02 5.57e-02  3e-03  4e-02 3:29.4
  892   9812 2.011569549247206e-04 1.7e+02 3.44e-02  1e-03  3e-02 3:53.5
  900   9900 2.002021032855629e-04 1.9e+02 3.77e-02  2e-03  3e-02 3:55.6
 1000  11000 1.982115446378526e-04 3.1e+02 1.90e-02  1e-03  2e-02 4:21.7
Iterat #Fevals   function value  axis ratio  sigma  min&max std  t[m:s]
 1100  12100 1.934501836210691e-04 3.8e+02 6.16e-02  2e-03  5e-02 4:47.9
 1200  13200 1.734671809797214e-04 3.4e+02 1.17e-01  2e-03  9e-02 5:14.1
 1300  14300 1.644906925309310e-04 2.6e+02 6.84e-02  1e-03  3e-02 5:40.3
 1400  15400 1.526772105819598e-04 3.9e+02 1.52e-01  2e-03  6e-02 6:06.5
 1500  16500 1.506545436952765e-04 2.2e+02 1.10e-01  1e-03  2e-02 6:32.6
 1600  17600 1.484810639079359e-04 2.4e+02 8.38e-02  6e-04  1e-02 6:58.8
 1700  18700 1.483965168554456e-04 2.2e+02 1.34e-03  7e-06  1e-04 7:24.9
 1737  19107 1.483965140539176e-04 2.5e+02 1.35e-04  5e-07  1e-05 7:34.6
termination on tolfun=1e-11 (Wed Nov 25 16:15:24 2020)
final/bestever f-value = 1.483965e-04 1.483965e-04
incumbent solution: [14.04330505 -2.86578172  2.47899371 -6.46876581 -8.68259515 -6.06142842
  3.57443459 12.47425398 ...]
std deviations: [1.49622367e-06 5.28767649e-06 1.19611890e-06 2.87301764e-06
 6.87630311e-06 8.01029580e-07 5.53399208e-06 1.03425802e-05 ...]
cma
(5_w,11)-aCMA-ES (mu_w=3.4,w_1=42%) in dimension 14 (seed=429724, Wed Nov 25 16:15:24 2020)
Iterat #Fevals   function value  axis ratio  sigma  min&max std  t[m:s]
    1     11 3.340697761318570e-01 1.0e+00 9.33e-01  9e-01  9e-01 0:00.3
    2     22 1.082947166603102e-01 1.1e+00 8.77e-01  9e-01  9e-01 0:00.5
    3     33 1.303221260821302e-01 1.2e+00 8.45e-01  8e-01  9e-01 0:00.8
   15    165 1.295948886510391e-01 1.6e+00 6.82e-01  6e-01  7e-01 0:03.9
   31    341 5.296519353432397e-02 1.9e+00 4.16e-01  4e-01  4e-01 0:08.1
   51    561 4.082988191650719e-02 2.4e+00 3.04e-01  2e-01  3e-01 0:13.4
   74    814 1.898567963548707e-02 3.8e+00 1.33e-01  1e-01  1e-01 0:19.4
  100   1100 6.310466560521422e-03 7.2e+00 1.40e-01  1e-01  2e-01 0:26.2
  131   1441 1.582898885736972e-03 8.2e+00 6.17e-02  5e-02  7e-02 0:34.4
  166   1826 1.460198544066379e-03 1.1e+01 1.85e-02  1e-02  2e-02 0:43.6
  200   2200 1.419036244269242e-03 2.4e+01 2.08e-02  1e-02  2e-02 0:52.5
  242   2662 1.368971329351448e-03 5.0e+01 2.40e-02  2e-02  4e-02 1:03.5
  288   3168 1.325860363024998e-03 6.8e+01 1.85e-02  1e-02  3e-02 1:15.6
  300   3300 1.321212672651936e-03 7.6e+01 1.83e-02  1e-02  4e-02 1:18.8
  354   3894 1.281188461046354e-03 7.7e+01 2.53e-02  1e-02  4e-02 1:32.9
  400   4400 1.254492682443779e-03 6.8e+01 2.37e-02  8e-03  3e-02 1:45.0
  461   5071 1.200730591131073e-03 6.8e+01 2.71e-02  9e-03  3e-02 2:01.0
  500   5500 1.123922884706932e-03 9.0e+01 5.38e-02  2e-02  7e-02 2:11.3
  569   6259 9.407405653252688e-04 1.2e+02 5.85e-02  1e-02  9e-02 2:29.4
  600   6600 7.589099233089532e-04 1.2e+02 1.14e-01  1e-02  2e-01 2:37.5
  677   7447 3.178793645928331e-04 1.1e+02 9.27e-02  1e-02  1e-01 2:57.7
  700   7700 2.662818322535051e-04 1.1e+02 1.07e-01  1e-02  1e-01 3:03.7
  784   8624 2.388279332136473e-04 9.6e+01 3.83e-02  2e-03  2e-02 3:25.8
  800   8800 2.374396433340589e-04 1.2e+02 2.75e-02  1e-03  2e-02 3:30.0
  892   9812 2.334863482140421e-04 1.8e+02 2.34e-02  1e-03  1e-02 3:54.1
  900   9900 2.331766754838982e-04 2.0e+02 2.35e-02  1e-03  1e-02 3:56.2
 1000  11000 2.303131715642101e-04 3.0e+02 3.04e-02  1e-03  2e-02 4:22.0
Iterat #Fevals   function value  axis ratio  sigma  min&max std  t[m:s]
 1100  12100 2.297962053022595e-04 2.9e+02 2.80e-02  6e-04  1e-02 4:47.6
 1200  13200 2.275898530018975e-04 2.4e+02 6.22e-02  9e-04  2e-02 5:13.1
 1300  14300 2.242166246876492e-04 3.0e+02 1.03e-01  1e-03  2e-02 5:38.6
 1400  15400 2.208797004305865e-04 2.5e+02 1.29e-01  1e-03  2e-02 6:04.2
 1500  16500 2.187598185762531e-04 4.5e+02 1.25e-01  1e-03  3e-02 6:29.7
 1600  17600 1.874797457419301e-04 3.1e+02 3.16e-01  2e-03  4e-02 6:55.3
 1700  18700 1.676958352969821e-04 1.5e+02 6.55e-01  3e-03  4e-02 7:20.8
 1800  19800 1.630037886929433e-04 1.4e+02 3.15e-01  1e-03  1e-02 7:46.3
 1900  20900 1.567957850593498e-04 1.2e+02 7.32e-01  2e-03  2e-02 8:11.9
 2000  22000 1.286458614877954e-04 1.3e+02 1.47e+00  3e-03  3e-02 8:37.5
Iterat #Fevals   function value  axis ratio  sigma  min&max std  t[m:s]
 2100  23100 1.206789415980337e-04 1.5e+02 1.69e+00  2e-03  3e-02 9:03.0
 2200  24200 1.168325037196545e-04 3.2e+02 1.95e+00  2e-03  4e-02 9:28.6
 2300  25300 1.157073020654227e-04 4.8e+02 2.68e-01  2e-04  6e-03 9:54.1
 2400  26400 1.155231281088042e-04 5.2e+02 7.85e-01  5e-04  1e-02 10:19.6
 2500  27500 1.153511393872087e-04 4.2e+02 9.93e-01  4e-04  1e-02 10:45.2
 2600  28600 1.151705315245348e-04 4.2e+02 1.55e+00  5e-04  1e-02 11:10.8
 2700  29700 1.150409588101527e-04 4.2e+02 1.63e+00  4e-04  1e-02 11:36.3
 2800  30800 1.149354848725739e-04 3.8e+02 1.76e+00  3e-04  8e-03 12:01.9
 2900  31900 1.149072236579485e-04 5.8e+02 1.02e+00  1e-04  4e-03 12:27.4
 3000  33000 1.149060213025792e-04 5.8e+02 9.18e-02  9e-06  2e-04 12:53.0
Iterat #Fevals   function value  axis ratio  sigma  min&max std  t[m:s]
 3043  33473 1.149060162871750e-04 6.6e+02 1.76e-02  1e-06  4e-05 13:04.0
termination on tolfun=1e-11 (Wed Nov 25 16:28:31 2020)
final/bestever f-value = 1.149060e-04 1.149060e-04
incumbent solution: [ 1.42204004 -3.09887115  3.40202406  3.91367656  3.72098827  0.22686556
 -4.27797914 -8.59354284 ...]
std deviations: [1.22169172e-05 2.52693082e-05 4.03177632e-06 1.23419492e-05
 3.77183060e-05 1.37171585e-06 1.05893372e-05 3.87641607e-05 ...]
cma
(6_w,12)-aCMA-ES (mu_w=3.7,w_1=40%) in dimension 17 (seed=441596, Wed Nov 25 16:28:31 2020)
Iterat #Fevals   function value  axis ratio  sigma  min&max std  t[m:s]
    1     12 4.514191850017877e-01 1.0e+00 9.47e-01  9e-01  1e+00 0:00.3
    2     24 4.133611988900604e-01 1.1e+00 9.25e-01  9e-01  9e-01 0:00.6
    3     36 2.495613142221734e-01 1.2e+00 9.28e-01  9e-01  1e+00 0:00.9
   13    156 5.354246736599608e-01 1.5e+00 8.66e-01  8e-01  9e-01 0:03.9
   27    324 5.830620885466612e-01 2.0e+00 7.30e-01  7e-01  8e-01 0:08.2
   44    528 1.023169253579257e-01 2.3e+00 4.67e-01  4e-01  5e-01 0:13.3
   64    768 1.244558334234589e-02 2.4e+00 2.39e-01  2e-01  3e-01 0:19.4
   88   1056 8.651029144400536e-03 2.5e+00 1.59e-01  1e-01  2e-01 0:26.7
  100   1200 4.576331572583231e-03 3.0e+00 8.39e-02  6e-02  8e-02 0:30.3
  130   1560 2.220517563910169e-03 3.9e+00 5.18e-02  3e-02  5e-02 0:39.4
  163   1956 1.481232775351084e-03 6.3e+00 3.77e-02  2e-02  4e-02 0:49.4
  200   2400 6.987737640370117e-04 1.3e+01 6.70e-02  4e-02  8e-02 1:00.6
  240   2880 3.094199247621871e-04 1.5e+01 3.03e-02  1e-02  4e-02 1:12.7
  283   3396 2.684507972858288e-04 2.3e+01 7.67e-03  4e-03  9e-03 1:25.8
  300   3600 2.674264557554122e-04 2.8e+01 6.20e-03  4e-03  7e-03 1:30.9
  350   4200 2.655625815776226e-04 4.3e+01 6.72e-03  4e-03  9e-03 1:46.1
  400   4800 2.628507400678780e-04 1.1e+02 1.22e-02  7e-03  3e-02 2:01.2
  457   5484 2.576872804490922e-04 1.2e+02 4.36e-03  2e-03  8e-03 2:18.5
  500   6000 2.556611434082031e-04 1.3e+02 1.35e-02  6e-03  2e-02 2:31.5
  563   6756 2.514017707971968e-04 1.4e+02 1.03e-02  4e-03  2e-02 2:50.6
  600   7200 2.490232312026694e-04 1.6e+02 1.50e-02  6e-03  2e-02 3:01.8
  670   8040 2.399350392158697e-04 2.5e+02 2.01e-02  9e-03  3e-02 3:23.1
  700   8400 2.323898257339969e-04 2.7e+02 1.93e-02  8e-03  3e-02 3:32.2
  776   9312 1.906702987270359e-04 3.2e+02 3.49e-02  1e-02  6e-02 3:55.3
  800   9600 1.796621149922232e-04 3.2e+02 2.52e-02  8e-03  5e-02 4:02.5
  883  10596 1.442821879339078e-04 3.6e+02 3.13e-02  9e-03  6e-02 4:27.7
  900  10800 1.221502924430533e-04 3.8e+02 5.82e-02  1e-02  1e-01 4:32.9
  990  11880 9.753510903713210e-05 2.5e+02 2.58e-02  4e-03  3e-02 5:00.2
 1000  12000 9.659741307750209e-05 2.5e+02 2.12e-02  3e-03  3e-02 5:03.2
Iterat #Fevals   function value  axis ratio  sigma  min&max std  t[m:s]
 1096  13152 9.508213205888743e-05 2.0e+02 5.56e-03  5e-04  5e-03 5:32.5
 1100  13200 9.506068850912393e-05 2.0e+02 5.54e-03  5e-04  5e-03 5:33.7
 1200  14400 9.399310312801789e-05 3.3e+02 1.76e-02  1e-03  2e-02 6:04.0
 1300  15600 9.354615896056136e-05 3.5e+02 4.76e-03  3e-04  3e-03 6:34.4
 1400  16800 9.334538399639807e-05 3.6e+02 1.77e-02  6e-04  1e-02 7:04.9
 1500  18000 9.296860214768653e-05 3.2e+02 1.62e-02  5e-04  7e-03 7:35.2
 1600  19200 9.234468456087201e-05 2.8e+02 3.13e-02  7e-04  1e-02 8:05.5
 1700  20400 9.184706781344158e-05 3.4e+02 2.29e-02  4e-04  8e-03 8:35.8
 1800  21600 9.150415738764388e-05 5.1e+02 2.09e-02  4e-04  9e-03 9:06.2
 1900  22800 9.076143873904234e-05 4.7e+02 5.60e-02  1e-03  2e-02 9:36.5
 2000  24000 9.031590489317475e-05 5.0e+02 5.10e-02  8e-04  1e-02 10:06.8
Iterat #Fevals   function value  axis ratio  sigma  min&max std  t[m:s]
 2100  25200 9.004874043674121e-05 6.6e+02 3.94e-02  5e-04  9e-03 10:37.1
 2200  26400 8.990600285994303e-05 1.0e+03 5.23e-02  7e-04  1e-02 11:07.4
 2300  27600 8.979637862070788e-05 1.7e+03 4.39e-02  4e-04  1e-02 11:37.8
 2400  28800 8.974151219664047e-05 2.1e+03 4.61e-02  4e-04  2e-02 12:08.1
 2500  30000 8.971169845944920e-05 2.3e+03 5.14e-02  3e-04  1e-02 12:38.4
 2600  31200 8.956662927403242e-05 2.6e+03 2.44e-01  1e-03  6e-02 13:08.8
 2700  32400 8.930682742737032e-05 1.6e+03 1.68e-01  5e-04  3e-02 13:39.1
 2800  33600 8.907195404518246e-05 1.3e+03 2.06e-01  5e-04  2e-02 14:09.5
 2900  34800 8.890532717016623e-05 1.4e+03 2.07e-01  4e-04  1e-02 14:39.8
 3000  36000 8.882618255378064e-05 1.5e+03 1.22e-01  2e-04  8e-03 15:10.1
Iterat #Fevals   function value  axis ratio  sigma  min&max std  t[m:s]
 3100  37200 8.880959651253733e-05 2.1e+03 8.70e-02  9e-05  6e-03 15:40.4
 3200  38400 8.876124753468731e-05 1.8e+03 4.27e-01  3e-04  2e-02 16:10.7
 3300  39600 8.869471840405829e-05 1.5e+03 2.39e-01  2e-04  8e-03 16:41.2
 3400  40800 8.866617786704452e-05 1.3e+03 4.91e-01  2e-04  1e-02 17:11.6
 3500  42000 8.865333798971248e-05 1.3e+03 2.25e-01  8e-05  5e-03 17:41.9
 3600  43200 8.864601710344174e-05 2.1e+03 1.15e-01  4e-05  3e-03 18:12.2
 3700  44400 8.864585497431447e-05 2.6e+03 3.10e-02  8e-06  7e-04 18:42.7
 3728  44736 8.864585262058907e-05 2.9e+03 8.20e-03  2e-06  2e-04 18:51.2
termination on tolfun=1e-11 (Wed Nov 25 16:47:27 2020)
final/bestever f-value = 8.864585e-05 8.864585e-05
incumbent solution: [-3.34165609  2.84132427 -0.76310629  0.63377237  6.14744586  6.19280485
 -1.48121272 -1.15127754 ...]
std deviations: [2.54243565e-06 7.31743733e-06 2.31030974e-06 8.60411292e-05
 1.01375744e-04 7.61420863e-06 1.55531581e-04 1.64135704e-04 ...]
cma
(6_w,12)-aCMA-ES (mu_w=3.7,w_1=40%) in dimension 17 (seed=387028, Wed Nov 25 16:47:28 2020)
Iterat #Fevals   function value  axis ratio  sigma  min&max std  t[m:s]
    1     12 1.443513865391711e-01 1.0e+00 9.52e-01  9e-01  1e+00 0:00.3
    2     24 5.203438138686632e-01 1.1e+00 9.04e-01  9e-01  9e-01 0:00.6
    3     36 2.409727581480443e-02 1.2e+00 8.56e-01  8e-01  9e-01 0:00.9
   13    156 1.089106309432522e-01 1.5e+00 7.80e-01  7e-01  8e-01 0:03.9
   27    324 2.631517715378671e-01 1.7e+00 5.54e-01  5e-01  6e-01 0:08.2
   44    528 1.048794753005706e-01 1.9e+00 4.67e-01  4e-01  5e-01 0:13.4
   64    768 1.881918241246300e-01 2.6e+00 4.52e-01  4e-01  5e-01 0:19.5
   88   1056 1.118957831358444e-01 2.8e+00 4.09e-01  3e-01  5e-01 0:26.8
  100   1200 3.663507575338857e-02 3.1e+00 3.08e-01  2e-01  4e-01 0:30.5
  130   1560 1.549329562386960e-03 3.8e+00 1.18e-01  9e-02  1e-01 0:39.6
  163   1956 1.522363085449947e-03 5.7e+00 3.61e-02  3e-02  4e-02 0:49.6
  200   2400 1.157265002718223e-03 1.2e+01 3.27e-02  2e-02  4e-02 1:00.8
  240   2880 7.018605315458087e-04 1.7e+01 3.37e-02  2e-02  4e-02 1:13.1
  283   3396 4.320717341462827e-04 2.1e+01 3.02e-02  2e-02  4e-02 1:26.2
  300   3600 3.349703373234246e-04 2.7e+01 5.31e-02  3e-02  7e-02 1:31.3
  350   4200 2.857397276923576e-04 3.2e+01 2.36e-02  1e-02  3e-02 1:46.5
  400   4800 2.763488509771129e-04 4.0e+01 6.60e-03  3e-03  7e-03 2:01.6
  457   5484 2.678526833570797e-04 7.2e+01 1.48e-02  8e-03  2e-02 2:18.8
  500   6000 2.630180356856516e-04 8.1e+01 1.03e-02  4e-03  1e-02 2:31.8
  563   6756 2.594316669089337e-04 8.6e+01 7.87e-03  3e-03  1e-02 2:50.8
  600   7200 2.573667270169865e-04 1.4e+02 8.00e-03  3e-03  1e-02 3:02.0
  670   8040 2.566367849776988e-04 2.0e+02 3.87e-03  1e-03  6e-03 3:23.1
  700   8400 2.565349099592915e-04 2.0e+02 3.48e-03  1e-03  5e-03 3:32.3
  777   9324 2.559259036248397e-04 2.1e+02 5.32e-03  1e-03  7e-03 3:55.5
  800   9600 2.558353233650998e-04 2.1e+02 5.21e-03  1e-03  6e-03 4:02.4
  883  10596 2.555272348684134e-04 2.6e+02 6.24e-03  1e-03  7e-03 4:27.5
  900  10800 2.554055989224492e-04 3.1e+02 8.38e-03  2e-03  1e-02 4:32.6
  990  11880 2.540697216714405e-04 3.7e+02 1.21e-02  2e-03  1e-02 4:59.7
 1000  12000 2.536894812584073e-04 3.9e+02 1.12e-02  2e-03  9e-03 5:02.8
Iterat #Fevals   function value  axis ratio  sigma  min&max std  t[m:s]
 1096  13152 2.472192710417303e-04 4.5e+02 2.15e-02  4e-03  3e-02 5:31.8
 1100  13200 2.467555440798067e-04 4.3e+02 1.92e-02  3e-03  2e-02 5:33.0
 1200  14400 2.402046041920187e-04 4.0e+02 4.01e-02  8e-03  4e-02 6:03.7
 1300  15600 2.363456395487486e-04 1.8e+02 3.31e-02  5e-03  1e-02 6:34.4
 1400  16800 2.314185167452852e-04 1.3e+02 2.82e-02  3e-03  9e-03 7:04.6
 1500  18000 2.303168961175830e-04 2.1e+02 3.08e-02  3e-03  1e-02 7:34.8
 1600  19200 2.297146251807539e-04 2.4e+02 2.12e-02  1e-03  9e-03 8:05.0
 1700  20400 2.292655847449685e-04 2.4e+02 2.43e-02  1e-03  8e-03 8:35.2
 1800  21600 2.281733183192106e-04 2.6e+02 7.36e-02  4e-03  2e-02 9:05.7
 1900  22800 2.260110378803153e-04 2.9e+02 8.20e-02  3e-03  2e-02 9:35.9
 2000  24000 2.238357718727932e-04 2.9e+02 8.67e-02  3e-03  1e-02 10:06.1
Iterat #Fevals   function value  axis ratio  sigma  min&max std  t[m:s]
 2100  25200 2.223905907446078e-04 3.2e+02 9.53e-02  2e-03  2e-02 10:36.3
 2200  26400 2.211784051644510e-04 3.0e+02 1.14e-01  2e-03  1e-02 11:06.8
 2300  27600 2.129043448767845e-04 2.2e+02 3.78e-01  6e-03  3e-02 11:37.2
 2400  28800 2.002572531359139e-04 1.9e+02 2.83e-01  3e-03  2e-02 12:07.4
 2500  30000 1.452322888568940e-04 1.7e+02 4.97e-01  4e-03  2e-02 12:37.6
 2600  31200 1.331022180992966e-04 1.2e+02 3.72e-01  3e-03  1e-02 13:07.7
 2700  32400 1.152815390648954e-04 1.1e+02 6.04e-01  4e-03  2e-02 13:38.3
 2800  33600 1.139908271045464e-04 1.8e+02 9.65e-02  3e-04  3e-03 14:08.4
 2900  34800 1.137116404450728e-04 2.3e+02 2.90e-01  8e-04  6e-03 14:38.9
 3000  36000 1.130496367357456e-04 3.4e+02 2.34e-01  6e-04  5e-03 15:09.1
Iterat #Fevals   function value  axis ratio  sigma  min&max std  t[m:s]
 3100  37200 1.123365391073575e-04 4.0e+02 3.67e-01  9e-04  8e-03 15:39.6
 3200  38400 1.110994835542324e-04 2.8e+02 7.33e-01  2e-03  1e-02 16:09.6
 3300  39600 1.097743630940468e-04 3.3e+02 7.25e-01  1e-03  1e-02 16:40.0
 3400  40800 1.090919644342149e-04 4.7e+02 1.01e+00  2e-03  2e-02 17:10.8
 3500  42000 1.084889524382006e-04 4.9e+02 9.44e-01  2e-03  2e-02 17:41.7
 3600  43200 1.081606069609052e-04 4.8e+02 7.57e-01  1e-03  1e-02 18:11.9
 3700  44400 1.069525192900877e-04 4.6e+02 1.99e+00  2e-03  3e-02 18:41.9
 3800  45600 1.059243951729903e-04 3.2e+02 1.63e+00  9e-04  1e-02 19:12.1
 3900  46800 1.035647682793615e-04 2.7e+02 4.71e+00  3e-03  3e-02 19:42.4
 4000  48000 1.014142344092942e-04 2.7e+02 4.20e+00  2e-03  2e-02 20:12.7
Iterat #Fevals   function value  axis ratio  sigma  min&max std  t[m:s]
 4100  49200 9.666520083019340e-05 4.4e+02 7.86e+00  3e-03  5e-02 20:42.8
 4200  50400 8.724210587329439e-05 3.8e+02 1.04e+01  2e-03  6e-02 21:13.2
 4300  51600 8.114790757216976e-05 3.4e+02 1.31e+01  1e-03  5e-02 21:43.3
 4400  52800 7.460701677450972e-05 3.2e+02 7.26e+00  6e-04  3e-02 22:14.2
 4500  54000 7.342969088950605e-05 3.4e+02 3.67e+00  2e-04  1e-02 22:44.7
 4600  55200 7.275179784870196e-05 6.4e+02 2.65e+01  1e-03  7e-02 23:14.9
 4700  56400 7.138960594522262e-05 5.1e+02 1.05e+01  5e-04  2e-02 23:45.1
 4800  57600 7.010788610798081e-05 3.0e+02 2.32e+01  8e-04  3e-02 24:16.9
 4900  58800 6.889314672281022e-05 3.2e+02 2.38e+01  6e-04  2e-02 24:46.7
 5000  60000 6.762163312721576e-05 3.2e+02 3.33e+01  7e-04  2e-02 25:16.8
Iterat #Fevals   function value  axis ratio  sigma  min&max std  t[m:s]
 5100  61200 6.489554276322235e-05 2.7e+02 5.70e+01  1e-03  3e-02 25:47.7
 5200  62400 5.878653017331264e-05 2.6e+02 9.43e+01  2e-03  4e-02 26:18.4
 5300  63600 5.471837321265670e-05 2.8e+02 5.81e+01  1e-03  2e-02 26:48.8
 5400  64800 4.980080133850748e-05 2.6e+02 1.01e+02  2e-03  3e-02 27:19.8
 5500  66000 4.835967667807197e-05 2.7e+02 1.47e+01  2e-04  3e-03 27:50.8
 5600  67200 4.834791623261938e-05 2.8e+02 3.47e+00  4e-05  4e-04 28:21.5
 5700  68400 4.833309289474008e-05 3.8e+02 2.95e+01  3e-04  3e-03 28:52.6
 5800  69600 4.831112033417777e-05 5.0e+02 9.65e+00  7e-05  1e-03 29:24.1
 5900  70800 4.831043238275137e-05 8.2e+02 3.97e-01  2e-06  6e-05 29:54.8
 5909  70908 4.831043236097939e-05 8.0e+02 3.23e-01  2e-06  5e-05 29:57.8
/home/adrianps/Universal-Approximator/qibo_sim/classes/ApproximantNN.py:437: RuntimeWarning: More than 20 figures have been opened. Figures created through the pyplot interface (`matplotlib.pyplot.figure`) are retained until explicitly closed and may consume too much memory. (To control this warning, see the rcParam `figure.max_open_warning`).
  fig, axs = plt.subplots()
/home/adrianps/Universal-Approximator/qibo_sim/classes/ApproximantNN.py:452: RuntimeWarning: More than 20 figures have been opened. Figures created through the pyplot interface (`matplotlib.pyplot.figure`) are retained until explicitly closed and may consume too much memory. (To control this warning, see the rcParam `figure.max_open_warning`).
  fig, axs = plt.subplots()
/home/adrianps/Universal-Approximator/qibo_sim/classes/ApproximantNN.py:437: RuntimeWarning: More than 20 figures have been opened. Figures created through the pyplot interface (`matplotlib.pyplot.figure`) are retained until explicitly closed and may consume too much memory. (To control this warning, see the rcParam `figure.max_open_warning`).
  fig, axs = plt.subplots()
/home/adrianps/Universal-Approximator/qibo_sim/classes/ApproximantNN.py:452: RuntimeWarning: More than 20 figures have been opened. Figures created through the pyplot interface (`matplotlib.pyplot.figure`) are retained until explicitly closed and may consume too much memory. (To control this warning, see the rcParam `figure.max_open_warning`).
  fig, axs = plt.subplots()
termination on tolfun=1e-11 (Wed Nov 25 17:17:32 2020)
final/bestever f-value = 4.831043e-05 4.831043e-05
incumbent solution: [-2.82692926 -4.59128204  8.74562035  3.17157937  5.21723458 -2.95185588
 -3.92285413  7.70796406 ...]
std deviations: [9.77503136e-06 2.58030028e-05 7.23537652e-06 9.85616812e-06
 1.24328477e-05 1.88159329e-06 1.05185184e-05 2.74042575e-05 ...]
