cma
(3_w,6)-aCMA-ES (mu_w=2.0,w_1=63%) in dimension 2 (seed=589235, Fri Nov 27 10:01:46 2020)
Iterat #Fevals   function value  axis ratio  sigma  min&max std  t[m:s]
    1      6 3.342038408138926e-01 1.0e+00 1.26e+00  1e+00  2e+00 0:00.3
    2     12 3.768864641099559e-01 1.3e+00 1.22e+00  1e+00  1e+00 0:00.5
    3     18 3.224835709725189e-01 1.3e+00 1.05e+00  9e-01  1e+00 0:00.7
   16     96 3.186344150708028e-01 2.8e+00 2.54e-01  9e-02  1e-01 0:04.0
   33    198 3.171596999636365e-01 3.4e+00 1.70e-02  1e-03  2e-03 0:08.2
   54    324 3.171596903759304e-01 2.6e+00 2.82e-04  2e-06  3e-06 0:13.4
   68    408 3.171596903758613e-01 2.6e+00 2.82e-05  5e-08  7e-08 0:16.9
termination on tolfun=1e-11 (Fri Nov 27 10:02:03 2020)
final/bestever f-value = 3.171597e-01 3.171597e-01
incumbent solution: [-2.327716848956881, -1.6343072057094508]
std deviation: [5.185796320566028e-08, 7.302862429013991e-08]
cma
(3_w,6)-aCMA-ES (mu_w=2.0,w_1=63%) in dimension 2 (seed=569417, Fri Nov 27 10:02:04 2020)
Iterat #Fevals   function value  axis ratio  sigma  min&max std  t[m:s]
    1      6 5.253960539617295e-01 1.0e+00 9.86e-01  8e-01  1e+00 0:00.2
    2     12 3.695565595069348e-01 1.4e+00 1.59e+00  1e+00  2e+00 0:00.5
    3     18 3.302534663763221e-01 1.7e+00 1.47e+00  1e+00  2e+00 0:00.7
   16     96 3.173049206197991e-01 2.8e+00 1.42e-01  3e-02  5e-02 0:04.0
   33    198 3.171596910987336e-01 2.7e+00 5.33e-03  2e-04  3e-04 0:08.2
   54    324 3.171596903758790e-01 2.2e+00 1.51e-04  7e-07  1e-06 0:13.3
   65    390 3.171596903758616e-01 2.2e+00 1.91e-05  3e-08  4e-08 0:16.0
termination on tolfun=1e-11 (Fri Nov 27 10:02:20 2020)
final/bestever f-value = 3.171597e-01 3.171597e-01
incumbent solution: [-2.327716848645142, -1.634307262963289]
std deviation: [3.0265666866646293e-08, 3.8218848860866085e-08]
cma
(4_w,8)-aCMA-ES (mu_w=2.6,w_1=52%) in dimension 5 (seed=596253, Fri Nov 27 10:02:20 2020)
Iterat #Fevals   function value  axis ratio  sigma  min&max std  t[m:s]
    1      8 7.485860564840646e-01 1.0e+00 8.49e-01  8e-01  9e-01 0:00.4
    2     16 3.496134446772561e-01 1.2e+00 7.38e-01  6e-01  7e-01 0:00.7
    3     24 4.411542336591042e-01 1.4e+00 7.30e-01  6e-01  7e-01 0:01.1
   12     96 3.744066471551286e-01 2.7e+00 4.87e-01  4e-01  5e-01 0:04.5
   23    184 2.965216456941357e-01 4.6e+00 2.29e-01  1e-01  2e-01 0:08.6
   37    296 2.906130572738667e-01 1.2e+01 1.49e-01  6e-02  2e-01 0:13.8
   54    432 2.042497544066654e-01 2.6e+01 7.28e-01  2e-01  9e-01 0:20.1
   73    584 1.610981781603338e-01 1.5e+01 2.71e-01  4e-02  2e-01 0:27.2
   95    760 1.569210186502430e-01 9.9e+00 5.79e-02  5e-03  2e-02 0:35.4
  100    800 1.568972323415977e-01 8.9e+00 3.19e-02  2e-03  8e-03 0:37.2
  127   1016 1.568950859398800e-01 7.3e+00 2.28e-03  8e-05  3e-04 0:47.3
  157   1256 1.568950796371902e-01 5.7e+00 1.57e-04  2e-06  8e-06 0:58.4
  185   1480 1.568950796238313e-01 9.1e+00 1.52e-05  1e-07  4e-07 1:08.8
termination on tolfun=1e-11 (Fri Nov 27 10:03:29 2020)
final/bestever f-value = 1.568951e-01 1.568951e-01
incumbent solution: [1.526143802199306, -2.5940297850255476, -0.6486906535375336, -3.736021820721881, 0.7855640509824025]
std deviation: [1.461398261458071e-07, 3.7746976661979264e-07, 1.291636949828344e-07, 1.7566258196667158e-07, 4.4654764274715443e-07]
cma
(4_w,8)-aCMA-ES (mu_w=2.6,w_1=52%) in dimension 5 (seed=535123, Fri Nov 27 10:03:30 2020)
Iterat #Fevals   function value  axis ratio  sigma  min&max std  t[m:s]
    1      8 7.729027704891005e-01 1.0e+00 9.43e-01  9e-01  1e+00 0:00.4
    2     16 5.003531016805417e-01 1.3e+00 9.56e-01  9e-01  1e+00 0:00.7
    3     24 2.805876736874498e-01 1.3e+00 9.63e-01  9e-01  1e+00 0:01.1
   12     96 3.118122214070377e-01 2.2e+00 4.50e-01  3e-01  4e-01 0:04.4
   23    184 2.727677317322343e-01 3.6e+00 2.54e-01  1e-01  2e-01 0:08.5
   37    296 1.650691176333518e-01 5.7e+00 4.08e-01  2e-01  3e-01 0:13.7
   54    432 1.638249981124004e-01 8.7e+00 2.93e-01  6e-02  3e-01 0:19.9
   74    592 1.572789495061242e-01 1.1e+01 1.29e-01  2e-02  8e-02 0:27.3
   96    768 1.568959242784049e-01 6.4e+00 1.21e-02  9e-04  3e-03 0:35.4
  100    800 1.568952592900070e-01 6.0e+00 9.71e-03  7e-04  2e-03 0:36.8
  128   1024 1.568950802570904e-01 4.9e+00 8.37e-04  3e-05  8e-05 0:47.1
  158   1264 1.568950796247224e-01 7.0e+00 4.89e-05  8e-07  2e-06 0:58.2
  177   1416 1.568950796238566e-01 1.1e+01 1.38e-05  1e-07  5e-07 1:05.3
termination on tolfun=1e-11 (Fri Nov 27 10:04:35 2020)
final/bestever f-value = 1.568951e-01 1.568951e-01
incumbent solution: [-1.6154489515606598, -2.5940299789290795, 0.6486906568272541, -0.5944291902353798, 0.785564458717171]
std deviation: [1.8703087421359193e-07, 4.5970211328712565e-07, 1.482110366363759e-07, 2.847753537975573e-07, 5.249934212140047e-07]
cma
(5_w,10)-aCMA-ES (mu_w=3.2,w_1=45%) in dimension 8 (seed=600892, Fri Nov 27 10:04:36 2020)
Iterat #Fevals   function value  axis ratio  sigma  min&max std  t[m:s]
    1     10 6.473114205796467e-01 1.0e+00 8.93e-01  9e-01  9e-01 0:00.5
    2     20 2.717106530589714e-01 1.2e+00 9.25e-01  8e-01  1e+00 0:01.0
    3     30 3.751918611924125e-01 1.4e+00 9.63e-01  9e-01  1e+00 0:01.5
    9     90 4.327684938010793e-01 1.8e+00 7.94e-01  6e-01  9e-01 0:04.6
   17    170 2.867632071674495e-01 2.1e+00 4.60e-01  3e-01  5e-01 0:08.6
   27    270 2.140023588463626e-01 2.8e+00 3.08e-01  2e-01  3e-01 0:13.7
   39    390 1.615090586745024e-01 3.7e+00 1.39e-01  9e-02  1e-01 0:19.8
   53    530 1.490725613514720e-01 6.9e+00 1.35e-01  7e-02  1e-01 0:26.9
   69    690 1.087062450331980e-01 7.6e+00 1.65e-01  6e-02  2e-01 0:35.0
   87    870 9.423458150437582e-02 9.6e+00 8.74e-02  3e-02  8e-02 0:44.2
  100   1000 9.196692866585461e-02 1.3e+01 6.58e-02  1e-02  7e-02 0:50.8
  122   1220 9.167035014620238e-02 1.3e+01 1.01e-02  2e-03  7e-03 1:01.9
  146   1460 9.166646558573556e-02 1.7e+01 1.88e-03  2e-04  1e-03 1:14.1
  172   1720 9.166623182686474e-02 4.1e+01 2.03e-03  2e-04  2e-03 1:27.3
  200   2000 9.166589889953153e-02 1.3e+02 1.56e-03  8e-05  3e-03 1:41.6
  230   2300 9.166588856364158e-02 1.7e+02 1.88e-04  6e-06  3e-04 1:56.8
  262   2620 9.166588850303495e-02 1.6e+02 2.98e-05  6e-07  3e-05 2:13.1
  279   2790 9.166588850253614e-02 1.5e+02 1.14e-05  2e-07  8e-06 2:21.7
termination on tolfun=1e-11 (Fri Nov 27 10:06:58 2020)
final/bestever f-value = 9.166589e-02 9.166589e-02
incumbent solution: [0.9517838378073589, -0.2026629357576859, -0.4073938052958468, -2.485092307767417, 4.459790064738783, 0.643736185357541, 0.5651219551917719, -2.487687090794745]
std deviation: [7.753967066988028e-06, 3.6840910549773748e-06, 2.287740927357002e-06, 8.472658303702584e-06, 4.082047972099062e-06, 2.16502595729249e-07, 3.854097055179419e-07, 5.373745704261313e-07]
cma
(5_w,10)-aCMA-ES (mu_w=3.2,w_1=45%) in dimension 8 (seed=513587, Fri Nov 27 10:06:59 2020)
Iterat #Fevals   function value  axis ratio  sigma  min&max std  t[m:s]
    1     10 4.881184586043433e-01 1.0e+00 9.14e-01  8e-01  9e-01 0:00.5
    2     20 6.371803223299168e-01 1.2e+00 8.90e-01  8e-01  9e-01 0:01.0
    3     30 5.589877588611883e-01 1.3e+00 7.70e-01  7e-01  8e-01 0:01.5
    9     90 3.741374946493166e-01 1.7e+00 5.08e-01  4e-01  5e-01 0:04.6
   17    170 2.420363136860849e-01 2.7e+00 4.49e-01  4e-01  5e-01 0:08.7
   27    270 1.831589689894977e-01 3.9e+00 2.33e-01  2e-01  3e-01 0:13.7
   39    390 1.647596013534099e-01 6.3e+00 1.10e-01  6e-02  1e-01 0:19.8
   53    530 1.467643860750798e-01 1.3e+01 2.03e-01  9e-02  3e-01 0:27.0
   69    690 1.092363127833007e-01 1.3e+01 2.59e-01  9e-02  3e-01 0:35.1
   87    870 1.003182298628782e-01 1.4e+01 8.33e-02  2e-02  9e-02 0:44.2
  100   1000 9.865999981140716e-02 2.1e+01 5.32e-02  1e-02  7e-02 0:50.8
  122   1220 9.832366893132120e-02 3.4e+01 2.12e-02  2e-03  3e-02 1:02.0
  146   1460 9.829131771233254e-02 5.7e+01 9.34e-03  7e-04  2e-02 1:14.2
  172   1720 9.829057274567420e-02 8.1e+01 1.86e-03  9e-05  3e-03 1:27.6
  199   1990 9.828966098668911e-02 1.0e+02 6.78e-03  2e-04  9e-03 1:41.6
  200   2000 9.828979402136134e-02 9.9e+01 6.87e-03  2e-04  9e-03 1:42.1
  231   2310 9.828860575371554e-02 2.0e+02 6.22e-03  2e-04  1e-02 1:58.2
  264   2640 9.828812633918074e-02 2.3e+02 6.50e-03  1e-04  1e-02 2:15.3
  299   2990 9.828794485106522e-02 2.8e+02 6.00e-03  8e-05  8e-03 2:33.5
  300   3000 9.828795136492552e-02 2.8e+02 5.67e-03  8e-05  7e-03 2:34.0
  339   3390 9.828784136517879e-02 2.6e+02 2.60e-03  2e-05  3e-03 2:54.2
  380   3800 9.828776038664545e-02 3.7e+02 7.21e-03  5e-05  7e-03 3:15.5
  400   4000 9.828774064861612e-02 3.1e+02 3.50e-03  2e-05  2e-03 3:25.9
  445   4450 9.828769617276419e-02 4.3e+02 8.56e-03  3e-05  4e-03 3:49.2
  492   4920 9.828766010100087e-02 6.5e+02 8.72e-03  2e-05  4e-03 4:13.6
  500   5000 9.828765569674081e-02 5.9e+02 1.04e-02  2e-05  4e-03 4:17.7
  551   5510 9.828763827908668e-02 4.4e+02 1.01e-02  1e-05  2e-03 4:44.2
  600   6000 9.828761818951036e-02 3.8e+02 2.09e-02  2e-05  2e-03 5:09.5
  655   6550 9.828760288811496e-02 3.7e+02 2.55e-02  1e-05  2e-03 5:38.0
  700   7000 9.828759143470871e-02 2.4e+02 4.58e-02  2e-05  2e-03 6:01.3
  759   7590 9.828758290612287e-02 5.3e+02 4.27e-02  1e-05  2e-03 6:31.8
  800   8000 9.828757698044423e-02 5.0e+02 1.23e-01  2e-05  3e-03 6:53.0
  862   8620 9.828756912321561e-02 3.9e+02 1.52e-01  2e-05  2e-03 7:25.1
  900   9000 9.828756588038337e-02 3.9e+02 1.03e-01  7e-06  9e-04 7:44.7
  966   9660 9.828756121568316e-02 4.1e+02 2.29e-01  8e-06  1e-03 8:18.9
 1000  10000 9.828755946564303e-02 3.5e+02 2.19e-01  6e-06  8e-04 8:36.4
Iterat #Fevals   function value  axis ratio  sigma  min&max std  t[m:s]
 1070  10700 9.828755491593134e-02 4.9e+02 6.97e-01  1e-05  2e-03 9:12.6
 1100  11000 9.828755298483265e-02 4.9e+02 9.99e-01  1e-05  2e-03 9:28.2
 1174  11740 9.828754842262595e-02 5.2e+02 1.52e+00  9e-06  2e-03 10:06.4
 1200  12000 9.828754751169538e-02 4.9e+02 1.66e+00  8e-06  1e-03 10:19.8
 1278  12780 9.828754376770933e-02 4.7e+02 2.89e+00  7e-06  1e-03 11:00.2
 1300  13000 9.828754295517379e-02 5.9e+02 5.52e+00  1e-05  2e-03 11:11.5
 1382  13820 9.828753995308605e-02 3.7e+02 4.52e+00  4e-06  5e-04 11:53.9
 1400  14000 9.828753953446437e-02 3.4e+02 8.03e+00  5e-06  8e-04 12:03.2
 1486  14860 9.828753675169329e-02 6.8e+02 1.37e+01  4e-06  1e-03 12:47.6
 1500  15000 9.828753633452561e-02 5.2e+02 1.61e+01  4e-06  1e-03 12:54.8
 1590  15900 9.828753398842599e-02 4.7e+02 3.77e+01  7e-06  9e-04 13:41.3
 1600  16000 9.828753373702639e-02 4.3e+02 2.95e+01  5e-06  6e-04 13:46.5
 1693  16930 9.828753181201738e-02 5.8e+02 5.13e+01  3e-06  7e-04 14:34.6
 1700  17000 9.828753168783212e-02 6.9e+02 7.75e+01  5e-06  1e-03 14:38.2
 1797  17970 9.828752949048672e-02 5.2e+02 1.69e+02  4e-06  8e-04 15:28.4
 1800  18000 9.828752949273199e-02 5.3e+02 1.48e+02  3e-06  7e-04 15:29.9
 1900  19000 9.828752797349567e-02 4.6e+02 2.49e+02  2e-06  5e-04 16:21.8
 2000  20000 9.828752634906344e-02 6.5e+02 1.10e+03  3e-06  1e-03 17:13.7
Iterat #Fevals   function value  axis ratio  sigma  min&max std  t[m:s]
 2100  21000 9.828752492741293e-02 8.5e+02 2.88e+03  5e-06  2e-03 18:05.5
 2200  22000 9.828752363138393e-02 6.8e+02 5.39e+03  4e-06  9e-04 18:57.4
 2300  23000 9.828752235974085e-02 9.0e+02 1.50e+04  4e-06  2e-03 19:49.3
 2400  24000 9.828752114471308e-02 8.4e+02 3.31e+04  4e-06  1e-03 20:41.1
 2500  25000 9.828752024946778e-02 7.2e+02 6.86e+04  3e-06  1e-03 21:33.0
 2600  26000 9.828751959371135e-02 5.4e+02 1.88e+05  3e-06  1e-03 22:24.7
 2700  27000 9.828751881557166e-02 9.4e+02 5.13e+05  4e-06  2e-03 23:16.5
 2800  28000 9.828751811710640e-02 7.7e+02 1.09e+06  4e-06  1e-03 24:08.3
 2900  29000 9.828751744272747e-02 1.0e+03 2.25e+06  3e-06  2e-03 25:00.1
 3000  30000 9.828751683746989e-02 7.8e+02 4.83e+06  3e-06  1e-03 25:51.9
Iterat #Fevals   function value  axis ratio  sigma  min&max std  t[m:s]
 3100  31000 9.828751630804594e-02 9.5e+02 8.49e+06  2e-06  9e-04 26:43.7
 3200  32000 9.828751590662434e-02 1.1e+03 3.14e+07  3e-06  2e-03 27:35.4
 3300  33000 9.828751544435339e-02 1.1e+03 4.02e+07  2e-06  9e-04 28:27.2
 3400  34000 9.828751506506039e-02 1.1e+03 9.56e+07  1e-06  9e-04 29:18.9
 3500  35000 9.828751463607957e-02 1.3e+03 3.64e+08  2e-06  2e-03 30:10.7
 3513  35130 9.828751459401089e-02 1.4e+03 4.08e+08  3e-06  2e-03 30:17.4
termination on tolupsigma=1e+20 (Fri Nov 27 10:37:21 2020)
final/bestever f-value = 9.828751e-02 9.828751e-02
incumbent solution: [2.85448452901276, -0.0034863890221247516, 4.4479740037004385, 4.608561153081538, -4.216068315082262, -0.6280601221905316, -2.365809427228501, 5.879593182298546]
std deviation: [0.0001235598028198531, 3.379248242013646e-06, 0.001510625047711434, 0.0004628961849960943, 7.614576659792903e-06, 2.7395596011497125e-06, 4.497857764851939e-06, 6.499059603665404e-06]
cma
(5_w,11)-aCMA-ES (mu_w=3.4,w_1=42%) in dimension 11 (seed=569683, Fri Nov 27 10:37:23 2020)
Iterat #Fevals   function value  axis ratio  sigma  min&max std  t[m:s]
    1     11 6.169486411046110e-01 1.0e+00 8.81e-01  9e-01  9e-01 0:00.6
    2     22 6.325548283482003e-01 1.1e+00 8.52e-01  8e-01  9e-01 0:01.2
    3     33 3.580391287708959e-01 1.2e+00 7.89e-01  7e-01  8e-01 0:01.9
    8     88 5.176433182439752e-01 1.6e+00 8.28e-01  7e-01  9e-01 0:04.9
   15    165 3.195980856006927e-01 1.9e+00 6.78e-01  6e-01  7e-01 0:09.3
   24    264 3.199037548104941e-01 2.7e+00 4.47e-01  4e-01  5e-01 0:14.8
   34    374 1.835689790261140e-01 3.2e+00 5.52e-01  4e-01  6e-01 0:21.0
   46    506 1.241152138913281e-01 3.7e+00 3.46e-01  3e-01  4e-01 0:28.5
   59    649 8.323638815080089e-02 3.8e+00 1.87e-01  1e-01  2e-01 0:36.5
   74    814 6.984845533641355e-02 4.7e+00 7.56e-02  4e-02  7e-02 0:45.8
   91   1001 6.367330727788507e-02 5.8e+00 4.20e-02  2e-02  4e-02 0:56.4
  100   1100 6.251946046917933e-02 5.9e+00 3.57e-02  2e-02  3e-02 1:02.0
  120   1320 6.210822377468481e-02 1.0e+01 2.07e-02  8e-03  2e-02 1:14.4
  141   1551 6.169021756310791e-02 1.5e+01 1.98e-02  7e-03  2e-02 1:27.5
  164   1804 6.139613921113406e-02 2.4e+01 2.55e-02  7e-03  3e-02 1:41.7
  189   2079 6.075703181501499e-02 3.2e+01 2.74e-02  7e-03  4e-02 1:57.3
  200   2200 6.014226553471299e-02 3.3e+01 5.76e-02  1e-02  7e-02 2:04.1
  228   2508 5.917626867790469e-02 2.7e+01 4.31e-02  9e-03  4e-02 2:21.5
  258   2838 5.808288241831477e-02 1.6e+01 5.85e-02  1e-02  4e-02 2:40.1
  289   3179 5.753075607463734e-02 2.1e+01 3.19e-02  5e-03  2e-02 2:59.3
  300   3300 5.745920846825264e-02 2.4e+01 2.86e-02  4e-03  2e-02 3:06.0
  335   3685 5.738405144726733e-02 2.7e+01 1.88e-02  2e-03  1e-02 3:27.6
  371   4081 5.735193296253451e-02 3.1e+01 1.73e-02  2e-03  9e-03 3:49.7
  400   4400 5.733499789365720e-02 5.3e+01 8.36e-03  7e-04  6e-03 4:07.5
  440   4840 5.733391002720797e-02 5.5e+01 8.29e-04  5e-05  5e-04 4:32.1
  481   5291 5.733390858408167e-02 5.2e+01 6.06e-05  2e-06  3e-05 4:57.3
  500   5500 5.733390857787986e-02 5.7e+01 2.24e-05  7e-07  8e-06 5:09.0
  519   5709 5.733390857759680e-02 6.0e+01 4.46e-06  1e-07  1e-06 5:20.7
termination on tolfun=1e-11 (Fri Nov 27 10:42:45 2020)
final/bestever f-value = 5.733391e-02 5.733391e-02
incumbent solution: [-1.10111352  2.80565825  2.60025757  3.75388856 -1.35923258  1.80353962
 -0.87740222 -4.23499612 ...]
std deviations: [8.60987390e-07 1.36215908e-06 5.25017913e-07 7.11835902e-07
 1.25286246e-06 5.81019924e-07 5.41353195e-07 7.53419592e-07 ...]
cma
(5_w,11)-aCMA-ES (mu_w=3.4,w_1=42%) in dimension 11 (seed=551394, Fri Nov 27 10:42:47 2020)
Iterat #Fevals   function value  axis ratio  sigma  min&max std  t[m:s]
    1     11 5.663919552882077e-01 1.0e+00 9.65e-01  9e-01  1e+00 0:00.6
    2     22 4.657228261152529e-01 1.2e+00 9.10e-01  9e-01  9e-01 0:01.2
    3     33 4.317361027146365e-01 1.2e+00 8.69e-01  8e-01  9e-01 0:01.8
    8     88 2.950105425216381e-01 1.5e+00 7.98e-01  7e-01  9e-01 0:04.9
   15    165 3.565148599153022e-01 1.8e+00 5.65e-01  5e-01  6e-01 0:09.2
   24    264 1.712858275610989e-01 2.2e+00 2.87e-01  2e-01  3e-01 0:14.7
   34    374 1.738793817874782e-01 2.9e+00 2.04e-01  2e-01  2e-01 0:20.8
   46    506 1.481569348155469e-01 5.2e+00 9.03e-02  6e-02  1e-01 0:28.2
   60    660 1.222735515571430e-01 7.4e+00 1.38e-01  8e-02  2e-01 0:36.7
   75    825 1.063117074656286e-01 9.0e+00 9.51e-02  5e-02  1e-01 0:45.9
   92   1012 1.022966136771602e-01 9.5e+00 5.19e-02  2e-02  7e-02 0:56.4
  100   1100 1.006948390684756e-01 9.7e+00 4.97e-02  2e-02  6e-02 1:01.3
  120   1320 9.934723993051275e-02 1.5e+01 4.97e-02  2e-02  7e-02 1:13.5
  142   1562 9.805960533869811e-02 2.4e+01 5.26e-02  1e-02  9e-02 1:27.0
  165   1815 9.740700296868411e-02 2.8e+01 3.09e-02  7e-03  5e-02 1:41.1
  190   2090 9.697031251313876e-02 3.8e+01 2.83e-02  1e-02  5e-02 1:56.5
  200   2200 9.689746287575698e-02 3.9e+01 1.61e-02  6e-03  3e-02 2:02.6
  228   2508 9.686511102878125e-02 3.4e+01 7.74e-03  3e-03  1e-02 2:19.8
  258   2838 9.685120440349140e-02 3.9e+01 1.11e-02  4e-03  1e-02 2:38.1
  290   3190 9.677283617908486e-02 8.0e+01 3.00e-02  8e-03  5e-02 2:57.6
  300   3300 9.675560334350074e-02 8.0e+01 1.77e-02  5e-03  3e-02 3:03.7
  335   3685 9.671893587828127e-02 6.8e+01 1.84e-02  3e-03  2e-02 3:25.1
  372   4092 9.669923024772675e-02 1.0e+02 1.03e-02  1e-03  1e-02 3:47.6
  400   4400 9.669693108864462e-02 1.2e+02 5.11e-03  5e-04  7e-03 4:04.7
  440   4840 9.669627936950800e-02 1.4e+02 4.30e-03  4e-04  5e-03 4:29.1
  481   5291 9.669621677914184e-02 1.6e+02 6.14e-04  4e-05  5e-04 4:54.2
  500   5500 9.669621608963769e-02 1.4e+02 2.86e-04  2e-05  2e-04 5:05.8
  545   5995 9.669621603766142e-02 1.3e+02 1.36e-05  5e-07  7e-06 5:33.3
  554   6094 9.669621603753802e-02 1.3e+02 7.13e-06  3e-07  3e-06 5:38.9
termination on tolfun=1e-11 (Fri Nov 27 10:48:26 2020)
final/bestever f-value = 9.669622e-02 9.669622e-02
incumbent solution: [-1.38836937  0.53596146 -0.37510276 -0.07480412  2.42804771  0.49356171
  3.07103833  1.00512986 ...]
std deviations: [1.39659065e-06 1.73909128e-06 2.63850799e-07 9.96616332e-07
 3.42389851e-06 1.42504111e-06 4.84652180e-07 2.62761656e-06 ...]
cma
(5_w,11)-aCMA-ES (mu_w=3.4,w_1=42%) in dimension 14 (seed=573265, Fri Nov 27 10:48:28 2020)
Iterat #Fevals   function value  axis ratio  sigma  min&max std  t[m:s]
    1     11 6.434367454145565e-01 1.0e+00 8.95e-01  9e-01  9e-01 0:00.7
    2     22 6.496236327555606e-01 1.1e+00 8.57e-01  8e-01  9e-01 0:01.3
    3     33 6.014550055180764e-01 1.2e+00 8.26e-01  8e-01  8e-01 0:01.9
    8     88 4.591065348340340e-01 1.4e+00 7.74e-01  7e-01  8e-01 0:05.2
   15    165 7.235144644158203e-01 1.6e+00 7.04e-01  6e-01  7e-01 0:09.7
   23    253 3.991247611447487e-01 1.8e+00 4.76e-01  4e-01  5e-01 0:14.9
   33    363 2.391016906954387e-01 2.1e+00 2.68e-01  2e-01  3e-01 0:21.3
   44    484 1.727090486747454e-01 2.4e+00 1.60e-01  1e-01  2e-01 0:28.5
   57    627 1.441730556682227e-01 3.1e+00 1.12e-01  8e-02  1e-01 0:36.9
   71    781 1.388387172709922e-01 3.9e+00 7.64e-02  6e-02  8e-02 0:45.9
   87    957 1.313254670739795e-01 5.9e+00 4.99e-02  3e-02  6e-02 0:56.3
  100   1100 1.278556760001746e-01 7.6e+00 4.40e-02  3e-02  6e-02 1:04.7
  119   1309 1.202908551219175e-01 9.9e+00 6.30e-02  4e-02  8e-02 1:17.1
  140   1540 7.418523768604567e-02 1.2e+01 9.06e-02  6e-02  1e-01 1:30.7
  162   1782 5.936436289867984e-02 1.0e+01 5.98e-02  3e-02  8e-02 1:45.0
  186   2046 3.554969245934465e-02 9.3e+00 8.14e-02  4e-02  9e-02 2:00.6
  200   2200 3.165136101032402e-02 9.6e+00 5.43e-02  3e-02  6e-02 2:09.7
  227   2497 2.820737451072210e-02 9.0e+00 1.60e-02  7e-03  1e-02 2:27.2
  255   2805 2.806548141303648e-02 7.9e+00 5.14e-03  2e-03  5e-03 2:45.4
  285   3135 2.778934348771914e-02 9.2e+00 2.00e-02  7e-03  2e-02 3:04.9
  300   3300 2.754923304583934e-02 1.3e+01 2.37e-02  8e-03  3e-02 3:14.6
  333   3663 2.744274490557919e-02 1.4e+01 8.32e-03  2e-03  9e-03 3:36.0
  368   4048 2.742030349164533e-02 1.6e+01 4.97e-03  1e-03  5e-03 3:58.6
  400   4400 2.741482329589959e-02 1.7e+01 2.96e-03  7e-04  3e-03 4:19.2
  438   4818 2.741349474190543e-02 2.4e+01 5.36e-04  1e-04  6e-04 4:43.7
  477   5247 2.741347371429502e-02 2.6e+01 8.71e-05  1e-05  8e-05 5:08.8
  500   5500 2.741347322815175e-02 2.7e+01 2.15e-05  3e-06  2e-05 5:23.7
  542   5962 2.741347321639032e-02 2.3e+01 1.86e-06  2e-07  1e-06 5:50.8
  549   6039 2.741347321635567e-02 2.2e+01 1.36e-06  2e-07  8e-07 5:55.4
termination on tolfun=1e-11 (Fri Nov 27 10:54:25 2020)
final/bestever f-value = 2.741347e-02 2.741347e-02
incumbent solution: [ 0.76138721 -1.05714508  1.28183039 -3.54771549 -3.42981992  1.47561315
  2.43002123  3.36103992 ...]
std deviations: [2.89831528e-07 4.68746901e-07 3.94743702e-07 3.94133757e-07
 7.80708005e-07 2.84466140e-07 1.56176375e-07 5.16460694e-07 ...]
cma
(5_w,11)-aCMA-ES (mu_w=3.4,w_1=42%) in dimension 14 (seed=595839, Fri Nov 27 10:54:27 2020)
Iterat #Fevals   function value  axis ratio  sigma  min&max std  t[m:s]
    1     11 4.392569464426107e-01 1.0e+00 9.00e-01  9e-01  9e-01 0:00.7
    2     22 4.353871117258400e-01 1.1e+00 8.46e-01  8e-01  9e-01 0:01.3
    3     33 6.138378484262743e-01 1.1e+00 8.53e-01  8e-01  9e-01 0:02.0
    8     88 4.800066269727385e-01 1.5e+00 9.82e-01  9e-01  1e+00 0:05.2
   15    165 7.889338070739224e-01 1.7e+00 1.12e+00  1e+00  1e+00 0:09.7
   23    253 5.841936208513884e-01 1.9e+00 1.07e+00  1e+00  1e+00 0:15.0
   33    363 9.596804577343808e-01 2.2e+00 7.65e-01  6e-01  9e-01 0:21.5
   44    484 4.567080553955407e-01 2.0e+00 5.30e-01  4e-01  6e-01 0:28.6
   57    627 3.712916029129348e-01 2.2e+00 4.33e-01  3e-01  5e-01 0:37.1
   71    781 3.322719069770569e-01 2.6e+00 4.70e-01  3e-01  5e-01 0:46.2
   87    957 1.580402512142996e-01 3.1e+00 2.33e-01  2e-01  3e-01 0:56.6
  100   1100 1.199082427884376e-01 3.5e+00 1.74e-01  1e-01  2e-01 1:05.1
  119   1309 6.535367197410263e-02 4.3e+00 1.45e-01  9e-02  2e-01 1:17.4
  140   1540 4.894252638400529e-02 5.2e+00 6.59e-02  4e-02  6e-02 1:31.0
  162   1782 3.868620722019177e-02 6.3e+00 5.11e-02  3e-02  5e-02 1:45.3
  186   2046 3.710175433507981e-02 6.0e+00 3.78e-02  2e-02  3e-02 2:00.8
  200   2200 3.637958096322124e-02 6.2e+00 2.10e-02  9e-03  2e-02 2:09.9
  227   2497 3.605140175019174e-02 8.0e+00 9.24e-03  3e-03  1e-02 2:27.5
  255   2805 3.561709310199336e-02 1.5e+01 2.03e-02  6e-03  3e-02 2:45.6
  285   3135 3.171821474342455e-02 2.0e+01 4.80e-02  1e-02  8e-02 3:05.1
  300   3300 2.865046243142421e-02 1.7e+01 5.93e-02  2e-02  8e-02 3:14.9
  333   3663 2.112766134773458e-02 1.6e+01 5.80e-02  2e-02  7e-02 3:36.3
  367   4037 1.794633286566871e-02 1.7e+01 4.80e-02  1e-02  6e-02 3:58.3
  400   4400 1.617922362928647e-02 1.7e+01 2.79e-02  6e-03  3e-02 4:19.7
  438   4818 1.477948601316943e-02 2.1e+01 4.79e-02  1e-02  6e-02 4:44.3
  477   5247 1.403908756332049e-02 1.9e+01 2.44e-02  4e-03  2e-02 5:09.6
  500   5500 1.389761241961064e-02 1.6e+01 2.00e-02  3e-03  2e-02 5:24.5
  542   5962 1.359100614940261e-02 2.3e+01 2.48e-02  3e-03  3e-02 5:51.7
  586   6446 1.296820118848042e-02 3.0e+01 3.99e-02  4e-03  5e-02 6:20.2
  600   6600 1.267268834448358e-02 3.1e+01 3.85e-02  3e-03  5e-02 6:29.3
  647   7117 1.214976909082969e-02 3.1e+01 3.54e-02  3e-03  3e-02 6:59.6
  695   7645 1.188862717954308e-02 2.6e+01 3.54e-02  2e-03  3e-02 7:30.7
  700   7700 1.190247486056000e-02 2.5e+01 4.41e-02  3e-03  3e-02 7:33.9
  752   8272 1.181361577107041e-02 2.8e+01 5.19e-03  3e-04  3e-03 8:07.5
  800   8800 1.181269485552359e-02 2.6e+01 1.08e-03  6e-05  5e-04 8:38.4
  855   9405 1.181268295541787e-02 2.7e+01 4.30e-05  2e-06  2e-05 9:14.0
  900   9900 1.181268294315508e-02 2.9e+01 2.49e-06  9e-08  7e-07 9:43.1
  903   9933 1.181268294314601e-02 2.9e+01 2.28e-06  9e-08  6e-07 9:45.0
termination on tolfun=1e-11 (Fri Nov 27 11:04:13 2020)
final/bestever f-value = 1.181268e-02 1.181268e-02
incumbent solution: [-0.26129325 -2.84784592 -4.74196784 -2.64716009 -3.95230173  2.22301664
  3.16647853 -3.51319692 ...]
std deviations: [2.36048306e-07 4.36718216e-07 2.54599064e-07 9.51297325e-08
 4.37606036e-07 1.31799543e-07 2.17982546e-07 5.18746604e-07 ...]
cma
(6_w,12)-aCMA-ES (mu_w=3.7,w_1=40%) in dimension 17 (seed=541741, Fri Nov 27 11:04:17 2020)
Iterat #Fevals   function value  axis ratio  sigma  min&max std  t[m:s]
    1     12 4.687886588165996e-01 1.0e+00 9.06e-01  9e-01  9e-01 0:00.8
    2     24 4.900091360882791e-01 1.1e+00 8.44e-01  8e-01  8e-01 0:01.5
    3     36 2.911089217167345e-01 1.1e+00 7.91e-01  8e-01  8e-01 0:02.3
    7     84 4.271387698525037e-01 1.3e+00 7.32e-01  7e-01  7e-01 0:05.4
   13    156 4.295680052545461e-01 1.4e+00 6.39e-01  6e-01  7e-01 0:10.0
   20    240 7.153675115265825e-01 1.6e+00 5.07e-01  5e-01  5e-01 0:15.4
   28    336 2.238506701012087e-01 1.8e+00 4.10e-01  4e-01  4e-01 0:21.6
   38    456 1.973065733301984e-01 1.9e+00 3.00e-01  3e-01  3e-01 0:29.3
   49    588 1.944722718277234e-01 2.3e+00 3.33e-01  3e-01  4e-01 0:37.8
   61    732 1.327812199913482e-01 2.5e+00 1.92e-01  2e-01  2e-01 0:47.0
   74    888 1.119222332523613e-01 2.9e+00 1.53e-01  1e-01  2e-01 0:57.1
   89   1068 1.109006170277380e-01 3.5e+00 1.27e-01  1e-01  1e-01 1:08.6
  100   1200 9.317342602082873e-02 3.9e+00 9.50e-02  7e-02  9e-02 1:17.1
  117   1404 7.804584179048323e-02 4.5e+00 5.28e-02  4e-02  6e-02 1:30.2
  136   1632 6.606958825585892e-02 6.3e+00 4.57e-02  3e-02  6e-02 1:44.8
  156   1872 5.112557416776136e-02 8.4e+00 8.83e-02  6e-02  1e-01 2:00.1
  177   2124 3.181070326571533e-02 9.0e+00 8.57e-02  6e-02  1e-01 2:16.3
  200   2400 2.332293303972982e-02 8.2e+00 4.26e-02  3e-02  5e-02 2:34.0
  224   2688 2.250577505255602e-02 8.0e+00 1.64e-02  1e-02  2e-02 2:52.4
  249   2988 2.232962280841441e-02 9.9e+00 8.41e-03  5e-03  8e-03 3:11.6
  276   3312 2.221254780414863e-02 1.4e+01 9.26e-03  5e-03  1e-02 3:32.3
  300   3600 2.209403206213396e-02 2.2e+01 8.80e-03  4e-03  1e-02 3:50.7
  329   3948 2.199533094325393e-02 2.9e+01 1.38e-02  6e-03  2e-02 4:12.9
  360   4320 2.186615452847692e-02 3.2e+01 8.13e-03  3e-03  1e-02 4:36.2
  392   4704 2.179356744984508e-02 4.5e+01 6.28e-03  3e-03  1e-02 5:00.4
  400   4800 2.179096004672717e-02 4.6e+01 5.66e-03  2e-03  1e-02 5:06.4
  435   5220 2.177928401138896e-02 5.0e+01 3.54e-03  1e-03  7e-03 5:32.9
  471   5652 2.177430728297923e-02 5.7e+01 2.33e-03  8e-04  5e-03 6:00.1
  500   6000 2.177279768941601e-02 5.8e+01 1.72e-03  6e-04  3e-03 6:21.9
  539   6468 2.177067468583650e-02 7.5e+01 3.40e-03  1e-03  7e-03 6:51.4
  579   6948 2.176442185008592e-02 8.0e+01 4.45e-03  2e-03  8e-03 7:21.6
  600   7200 2.176049261901927e-02 8.3e+01 8.18e-03  3e-03  2e-02 7:37.5
  643   7716 2.174480212223705e-02 7.6e+01 6.44e-03  2e-03  1e-02 8:09.7
  687   8244 2.172228109302083e-02 8.0e+01 8.23e-03  2e-03  1e-02 8:42.7
  700   8400 2.171588010920357e-02 8.3e+01 7.67e-03  2e-03  1e-02 8:52.5
  747   8964 2.168957798910264e-02 6.5e+01 1.66e-02  4e-03  2e-02 9:27.6
  796   9552 2.161039014041903e-02 6.2e+01 2.14e-02  5e-03  2e-02 10:04.3
  800   9600 2.158373293238514e-02 6.4e+01 2.75e-02  7e-03  3e-02 10:07.3
  851  10212 2.097704064199238e-02 8.2e+01 6.56e-02  1e-02  8e-02 10:45.5
  900  10800 2.020340546301514e-02 5.7e+01 4.49e-02  9e-03  4e-02 11:22.2
  954  11448 1.937872276105361e-02 5.8e+01 5.43e-02  9e-03  5e-02 12:02.6
 1000  12000 1.883153979120318e-02 4.9e+01 6.13e-02  9e-03  5e-02 12:36.9
Iterat #Fevals   function value  axis ratio  sigma  min&max std  t[m:s]
 1057  12684 1.792629544849823e-02 5.1e+01 1.02e-01  1e-02  6e-02 13:19.1
 1100  13200 1.667794406851990e-02 4.5e+01 8.26e-02  8e-03  5e-02 13:51.0
 1160  13920 1.471540866325514e-02 3.3e+01 1.69e-01  1e-02  7e-02 14:35.4
 1200  14400 1.403416572135185e-02 2.6e+01 1.08e-01  8e-03  3e-02 15:05.0
 1263  15156 1.319497847139627e-02 2.4e+01 8.52e-02  6e-03  2e-02 15:51.7
 1300  15600 1.282620984925640e-02 2.4e+01 1.06e-01  6e-03  2e-02 16:19.1
 1365  16380 1.272911130283594e-02 2.3e+01 2.71e-02  1e-03  5e-03 17:07.1
 1400  16800 1.265988059968895e-02 2.6e+01 6.35e-02  3e-03  1e-02 17:33.0
 1468  17616 1.250957243519310e-02 4.7e+01 1.10e-01  3e-03  3e-02 18:23.3
 1500  18000 1.231729231276294e-02 5.0e+01 1.44e-01  4e-03  4e-02 18:47.0
 1571  18852 1.158364656923408e-02 4.9e+01 1.51e-01  4e-03  4e-02 19:39.6
 1600  19200 1.132644476960369e-02 5.0e+01 1.34e-01  3e-03  3e-02 20:01.0
 1673  20076 1.093264038361913e-02 4.8e+01 1.09e-01  2e-03  2e-02 20:55.0
 1700  20400 1.087982044369304e-02 5.1e+01 1.03e-01  2e-03  2e-02 21:15.0
 1775  21300 1.082528433056132e-02 5.1e+01 8.71e-02  1e-03  2e-02 22:11.1
 1800  21600 1.080073644920134e-02 5.0e+01 9.33e-02  2e-03  2e-02 22:29.8
 1878  22536 1.069568998418998e-02 7.5e+01 1.12e-01  1e-03  3e-02 23:28.0
 1900  22800 1.067728389239251e-02 7.2e+01 1.06e-01  1e-03  2e-02 23:44.4
 1981  23772 1.066057299320599e-02 9.3e+01 3.36e-02  3e-04  8e-03 24:45.0
 2000  24000 1.065988707510581e-02 9.2e+01 3.98e-02  4e-04  9e-03 24:59.3
Iterat #Fevals   function value  axis ratio  sigma  min&max std  t[m:s]
 2084  25008 1.065924746863127e-02 1.0e+02 4.10e-03  3e-05  7e-04 26:01.9
 2100  25200 1.065924536460015e-02 1.1e+02 2.63e-03  2e-05  5e-04 26:13.9
 2186  26232 1.065924413318863e-02 1.4e+02 9.17e-05  5e-07  1e-05 27:18.1
 2200  26400 1.065924413282248e-02 1.4e+02 4.22e-05  2e-07  6e-06 27:28.6
 2212  26544 1.065924413269952e-02 1.4e+02 2.51e-05  1e-07  3e-06 27:37.6
termination on tolfun=1e-11 (Fri Nov 27 11:31:58 2020)
final/bestever f-value = 1.065924e-02 1.065924e-02
incumbent solution: [-0.41371316  2.87764323 -1.48270954  3.13328794 -2.14577223  1.69118457
  3.47831182  4.39747438 ...]
std deviations: [1.27566353e-07 1.13844227e-06 8.55326912e-07 1.78540042e-07
 6.04628086e-07 8.90556813e-07 1.38490423e-06 3.26369842e-06 ...]
cma
(6_w,12)-aCMA-ES (mu_w=3.7,w_1=40%) in dimension 17 (seed=575815, Fri Nov 27 11:32:02 2020)
Iterat #Fevals   function value  axis ratio  sigma  min&max std  t[m:s]
    1     12 5.571442510178343e-01 1.0e+00 9.31e-01  9e-01  9e-01 0:00.8
    2     24 8.291671898735141e-01 1.1e+00 9.16e-01  9e-01  9e-01 0:01.5
    3     36 9.328419123354900e-01 1.2e+00 9.25e-01  9e-01  9e-01 0:02.2
    8     96 8.470205067497464e-01 1.4e+00 1.10e+00  1e+00  1e+00 0:06.0
   14    168 6.301267940583367e-01 1.6e+00 1.13e+00  1e+00  1e+00 0:10.4
   21    252 6.248242950585728e-01 1.7e+00 1.12e+00  1e+00  1e+00 0:15.6
   30    360 6.221237011431346e-01 2.0e+00 1.15e+00  1e+00  1e+00 0:22.4
   40    480 9.359019320878554e-01 2.0e+00 1.18e+00  1e+00  1e+00 0:29.8
   51    612 1.093818374678978e+00 2.3e+00 1.39e+00  1e+00  2e+00 0:38.0
   64    768 1.052569408830612e+00 2.6e+00 1.67e+00  1e+00  2e+00 0:47.7
   78    936 6.859150642732423e-01 2.6e+00 1.21e+00  1e+00  1e+00 0:58.1
   93   1116 8.696057687066429e-01 2.9e+00 1.03e+00  9e-01  1e+00 1:09.3
  100   1200 1.154937138803384e+00 3.0e+00 1.34e+00  1e+00  2e+00 1:14.5
  118   1416 9.134426855475039e-01 3.5e+00 1.62e+00  1e+00  2e+00 1:27.9
  137   1644 1.263243110552069e+00 3.8e+00 1.54e+00  1e+00  2e+00 1:42.1
  158   1896 8.872466148283856e-01 4.4e+00 1.71e+00  1e+00  2e+00 1:57.7
  180   2160 1.047446800389542e+00 4.9e+00 2.39e+00  2e+00  3e+00 2:14.1
  200   2400 7.092123568920409e-01 5.3e+00 4.21e+00  3e+00  6e+00 2:29.0
  225   2700 1.105493174353086e+00 6.1e+00 3.86e+00  3e+00  6e+00 2:47.6
  251   3012 1.135612900179599e+00 6.6e+00 4.37e+00  3e+00  7e+00 3:07.0
  278   3336 1.071389791978079e+00 7.4e+00 3.15e+00  2e+00  5e+00 3:27.1
  300   3600 1.063395288699880e+00 7.4e+00 2.36e+00  2e+00  3e+00 3:43.5
  330   3960 1.010195571791952e+00 7.6e+00 2.47e+00  2e+00  4e+00 4:05.8
  361   4332 9.221320229912410e-01 7.8e+00 1.90e+00  1e+00  3e+00 4:28.8
  394   4728 1.019254707140103e+00 8.3e+00 1.32e+00  7e-01  2e+00 4:53.4
  400   4800 9.981193810677785e-01 8.3e+00 1.46e+00  8e-01  2e+00 4:57.8
  459   5508 1.012351253748447e+00 9.1e+00 1.48e+00  9e-01  2e+00 5:24.1
  500   6000 1.008977250367140e+00 1.2e+01 1.29e+00  9e-01  2e+00 5:41.5
  567   6804 1.161252980751169e+00 1.2e+01 1.37e+00  8e-01  2e+00 6:09.8
  600   7200 8.543782832399996e-01 1.2e+01 7.94e-01  4e-01  1e+00 6:23.7
  671   8052 5.009876471990454e-01 8.8e+00 2.87e-01  1e-01  3e-01 6:53.8
  700   8400 4.259826838383156e-01 7.7e+00 1.92e-01  6e-02  2e-01 7:06.1
  776   9312 3.680156882620197e-01 9.1e+00 1.10e-01  3e-02  9e-02 7:38.3
  800   9600 3.551239754245987e-01 1.0e+01 1.19e-01  3e-02  1e-01 7:48.4
  881  10572 3.428541435481922e-01 1.3e+01 2.62e-02  4e-03  2e-02 8:22.6
  900  10800 3.424374889965656e-01 1.4e+01 2.80e-02  4e-03  2e-02 8:30.7
  986  11832 3.304997635023990e-01 1.6e+01 6.44e-02  8e-03  5e-02 9:07.0
 1000  12000 3.298565324910438e-01 1.6e+01 7.97e-02  1e-02  6e-02 9:12.8
Iterat #Fevals   function value  axis ratio  sigma  min&max std  t[m:s]
 1090  13080 3.050233623442149e-01 3.0e+01 1.32e-01  1e-02  1e-01 9:51.0
 1100  13200 3.036046622400140e-01 2.6e+01 8.44e-02  8e-03  7e-02 9:55.2
 1195  14340 3.029012282481732e-01 2.1e+01 1.30e-03  8e-05  7e-04 10:35.4
 1200  14400 3.029011981533289e-01 2.1e+01 1.01e-03  6e-05  5e-04 10:37.6
 1300  15600 3.029011747305875e-01 2.1e+01 3.85e-06  2e-07  1e-06 11:19.8
 1321  15852 3.029011747303016e-01 2.0e+01 1.57e-06  6e-08  5e-07 11:28.7
/home/adrianps/venvs/quantum_simulation/lib/python3.6/site-packages/scipy/optimize/optimize.py:705: ComplexWarning: Casting complex values to real discards the imaginary part
  grad[k] = df
/home/adrianps/venvs/quantum_simulation/lib/python3.6/site-packages/scipy/optimize/linesearch.py:172: ComplexWarning: Casting complex values to real discards the imaginary part
  amin, amax, isave, dsave)
/home/adrianps/venvs/quantum_simulation/lib/python3.6/site-packages/scipy/optimize/optimize.py:705: ComplexWarning: Casting complex values to real discards the imaginary part
  grad[k] = df
/home/adrianps/venvs/quantum_simulation/lib/python3.6/site-packages/scipy/optimize/linesearch.py:172: ComplexWarning: Casting complex values to real discards the imaginary part
  amin, amax, isave, dsave)
/home/adrianps/venvs/quantum_simulation/lib/python3.6/site-packages/scipy/optimize/optimize.py:705: ComplexWarning: Casting complex values to real discards the imaginary part
  grad[k] = df
/home/adrianps/venvs/quantum_simulation/lib/python3.6/site-packages/scipy/optimize/linesearch.py:172: ComplexWarning: Casting complex values to real discards the imaginary part
  amin, amax, isave, dsave)
/home/adrianps/venvs/quantum_simulation/lib/python3.6/site-packages/scipy/optimize/optimize.py:705: ComplexWarning: Casting complex values to real discards the imaginary part
  grad[k] = df
/home/adrianps/venvs/quantum_simulation/lib/python3.6/site-packages/scipy/optimize/linesearch.py:172: ComplexWarning: Casting complex values to real discards the imaginary part
  amin, amax, isave, dsave)
/home/adrianps/venvs/quantum_simulation/lib/python3.6/site-packages/scipy/optimize/optimize.py:705: ComplexWarning: Casting complex values to real discards the imaginary part
  grad[k] = df
/home/adrianps/venvs/quantum_simulation/lib/python3.6/site-packages/scipy/optimize/linesearch.py:172: ComplexWarning: Casting complex values to real discards the imaginary part
  amin, amax, isave, dsave)
/home/adrianps/venvs/quantum_simulation/lib/python3.6/site-packages/scipy/optimize/optimize.py:705: ComplexWarning: Casting complex values to real discards the imaginary part
  grad[k] = df
/home/adrianps/venvs/quantum_simulation/lib/python3.6/site-packages/scipy/optimize/linesearch.py:172: ComplexWarning: Casting complex values to real discards the imaginary part
  amin, amax, isave, dsave)
/home/adrianps/venvs/quantum_simulation/lib/python3.6/site-packages/scipy/optimize/optimize.py:705: ComplexWarning: Casting complex values to real discards the imaginary part
  grad[k] = df
/home/adrianps/venvs/quantum_simulation/lib/python3.6/site-packages/scipy/optimize/linesearch.py:172: ComplexWarning: Casting complex values to real discards the imaginary part
  amin, amax, isave, dsave)
/home/adrianps/venvs/quantum_simulation/lib/python3.6/site-packages/scipy/optimize/optimize.py:705: ComplexWarning: Casting complex values to real discards the imaginary part
  grad[k] = df
/home/adrianps/venvs/quantum_simulation/lib/python3.6/site-packages/scipy/optimize/linesearch.py:172: ComplexWarning: Casting complex values to real discards the imaginary part
  amin, amax, isave, dsave)
/home/adrianps/venvs/quantum_simulation/lib/python3.6/site-packages/scipy/optimize/optimize.py:705: ComplexWarning: Casting complex values to real discards the imaginary part
  grad[k] = df
/home/adrianps/venvs/quantum_simulation/lib/python3.6/site-packages/scipy/optimize/linesearch.py:172: ComplexWarning: Casting complex values to real discards the imaginary part
  amin, amax, isave, dsave)
/home/adrianps/venvs/quantum_simulation/lib/python3.6/site-packages/scipy/optimize/optimize.py:705: ComplexWarning: Casting complex values to real discards the imaginary part
  grad[k] = df
/home/adrianps/venvs/quantum_simulation/lib/python3.6/site-packages/scipy/optimize/linesearch.py:172: ComplexWarning: Casting complex values to real discards the imaginary part
  amin, amax, isave, dsave)
/home/adrianps/Universal-Approximator/qibo_sim/classes/ApproximantNN.py:552: RuntimeWarning: More than 20 figures have been opened. Figures created through the pyplot interface (`matplotlib.pyplot.figure`) are retained until explicitly closed and may consume too much memory. (To control this warning, see the rcParam `figure.max_open_warning`).
  fig, axs = plt.subplots(nrows=2, figsize=(8,10))
/home/adrianps/venvs/quantum_simulation/lib/python3.6/site-packages/scipy/optimize/optimize.py:705: ComplexWarning: Casting complex values to real discards the imaginary part
  grad[k] = df
/home/adrianps/venvs/quantum_simulation/lib/python3.6/site-packages/scipy/optimize/linesearch.py:172: ComplexWarning: Casting complex values to real discards the imaginary part
  amin, amax, isave, dsave)
/home/adrianps/Universal-Approximator/qibo_sim/classes/ApproximantNN.py:577: RuntimeWarning: More than 20 figures have been opened. Figures created through the pyplot interface (`matplotlib.pyplot.figure`) are retained until explicitly closed and may consume too much memory. (To control this warning, see the rcParam `figure.max_open_warning`).
  fig, axs = plt.subplots(nrows=2, figsize=(8,10))
/home/adrianps/Universal-Approximator/qibo_sim/classes/ApproximantNN.py:552: RuntimeWarning: More than 20 figures have been opened. Figures created through the pyplot interface (`matplotlib.pyplot.figure`) are retained until explicitly closed and may consume too much memory. (To control this warning, see the rcParam `figure.max_open_warning`).
  fig, axs = plt.subplots(nrows=2, figsize=(8,10))
/home/adrianps/venvs/quantum_simulation/lib/python3.6/site-packages/scipy/optimize/optimize.py:705: ComplexWarning: Casting complex values to real discards the imaginary part
  grad[k] = df
/home/adrianps/venvs/quantum_simulation/lib/python3.6/site-packages/scipy/optimize/linesearch.py:172: ComplexWarning: Casting complex values to real discards the imaginary part
  amin, amax, isave, dsave)
/home/adrianps/Universal-Approximator/qibo_sim/classes/ApproximantNN.py:577: RuntimeWarning: More than 20 figures have been opened. Figures created through the pyplot interface (`matplotlib.pyplot.figure`) are retained until explicitly closed and may consume too much memory. (To control this warning, see the rcParam `figure.max_open_warning`).
  fig, axs = plt.subplots(nrows=2, figsize=(8,10))
termination on tolfun=1e-11 (Fri Nov 27 11:43:32 2020)
final/bestever f-value = 3.029012e-01 3.029012e-01
incumbent solution: [  1.87543641  -9.43848167 -36.01835992   4.35287818  -3.05536863
  37.0966352   23.94788235  46.67675995 ...]
std deviations: [7.89730188e-08 1.65681817e-07 1.11895636e-07 1.84301862e-07
 2.84667703e-07 7.77927703e-08 2.46480085e-07 3.97778509e-07 ...]
