cma
(3_w,6)-aCMA-ES (mu_w=2.0,w_1=63%) in dimension 2 (seed=551237, Fri Nov 27 10:01:46 2020)
Iterat #Fevals   function value  axis ratio  sigma  min&max std  t[m:s]
    1      6 3.778213442754105e-01 1.0e+00 8.94e-01  8e-01  8e-01 0:00.3
    2     12 3.880798742775247e-01 1.1e+00 9.25e-01  6e-01  1e+00 0:00.5
    3     18 3.944622051634241e-01 1.6e+00 7.73e-01  5e-01  8e-01 0:00.7
   16     96 3.547136959379771e-01 2.0e+00 1.15e-01  2e-02  4e-02 0:04.0
   33    198 3.546379677133170e-01 1.9e+00 4.26e-03  1e-04  2e-04 0:08.2
   54    324 3.546379663109318e-01 2.0e+00 1.43e-04  6e-07  8e-07 0:13.4
   64    384 3.546379663108450e-01 1.8e+00 3.24e-05  5e-08  9e-08 0:15.9
termination on tolfun=1e-11 (Fri Nov 27 10:02:02 2020)
final/bestever f-value = 3.546380e-01 3.546380e-01
incumbent solution: [3.1415926372973524, -2.6075640023267033]
std deviation: [4.666694056738648e-08, 9.460172642081095e-08]
cma
(3_w,6)-aCMA-ES (mu_w=2.0,w_1=63%) in dimension 2 (seed=517000, Fri Nov 27 10:02:03 2020)
Iterat #Fevals   function value  axis ratio  sigma  min&max std  t[m:s]
    1      6 5.155444818328906e-01 1.0e+00 9.32e-01  9e-01  9e-01 0:00.2
    2     12 4.090766493200864e-01 1.2e+00 1.13e+00  1e+00  1e+00 0:00.5
    3     18 3.932051895869282e-01 1.5e+00 1.18e+00  9e-01  1e+00 0:00.7
   16     96 3.567201095286219e-01 1.7e+00 5.82e-01  2e-01  4e-01 0:04.0
   33    198 3.546409091637849e-01 2.4e+00 4.59e-02  3e-03  7e-03 0:08.2
   54    324 3.546379670060755e-01 1.8e+00 3.84e-03  5e-05  8e-05 0:13.3
   79    474 3.546379663108457e-01 1.9e+00 1.10e-04  1e-07  3e-07 0:19.5
   81    486 3.546379663108462e-01 1.8e+00 9.45e-05  1e-07  2e-07 0:20.0
termination on tolfun=1e-11 (Fri Nov 27 10:02:23 2020)
final/bestever f-value = 3.546380e-01 3.546380e-01
incumbent solution: [5.992524059753043e-08, 2.6075639677594307]
std deviation: [9.603748403003944e-08, 1.9110638411095606e-07]
cma
(4_w,8)-aCMA-ES (mu_w=2.6,w_1=52%) in dimension 5 (seed=604861, Fri Nov 27 10:02:23 2020)
Iterat #Fevals   function value  axis ratio  sigma  min&max std  t[m:s]
    1      8 1.256331874610672e+00 1.0e+00 9.93e-01  9e-01  1e+00 0:00.4
    2     16 4.029928586020911e-01 1.3e+00 1.10e+00  1e+00  1e+00 0:00.7
    3     24 4.806612344391046e-01 1.6e+00 1.05e+00  1e+00  1e+00 0:01.1
   12     96 4.121694421502973e-01 2.5e+00 5.79e-01  4e-01  6e-01 0:04.5
   23    184 3.377605866878371e-01 3.6e+00 3.16e-01  2e-01  3e-01 0:08.6
   37    296 2.783184846983390e-01 1.2e+01 3.02e-01  1e-01  5e-01 0:13.7
   54    432 2.086249761994331e-01 7.1e+00 2.48e-01  8e-02  2e-01 0:20.1
   73    584 1.971918167366801e-01 1.1e+01 1.71e-01  3e-02  1e-01 0:27.2
   95    760 1.857900822367407e-01 2.0e+01 4.18e-01  4e-02  3e-01 0:35.3
  100    800 1.834508684400690e-01 2.0e+01 5.34e-01  4e-02  3e-01 0:37.2
  127   1016 1.826087792874985e-01 7.5e+00 3.60e-02  2e-03  5e-03 0:47.2
  157   1256 1.826072190360246e-01 5.2e+00 1.60e-03  3e-05  9e-05 0:58.4
  190   1520 1.826072178265261e-01 4.8e+00 5.42e-05  3e-07  1e-06 1:10.6
  200   1600 1.826072178264828e-01 5.5e+00 2.03e-05  9e-08  3e-07 1:14.3
  203   1624 1.826072178264768e-01 6.5e+00 1.61e-05  7e-08  3e-07 1:15.4
termination on tolfun=1e-11 (Fri Nov 27 10:03:39 2020)
final/bestever f-value = 1.826072e-01 1.826072e-01
incumbent solution: [-1.57079634248599, -4.2875417011663925, 0.6333158960737912, -1.57079631749069, 1.9500422027998772]
std deviation: [1.1072707975773371e-07, 2.6315587428000564e-07, 6.90764522637646e-08, 1.2458257696331633e-07, 2.406031967688774e-07]
cma
(4_w,8)-aCMA-ES (mu_w=2.6,w_1=52%) in dimension 5 (seed=518074, Fri Nov 27 10:03:40 2020)
Iterat #Fevals   function value  axis ratio  sigma  min&max std  t[m:s]
    1      8 4.730548433109658e-01 1.0e+00 9.08e-01  9e-01  1e+00 0:00.4
    2     16 4.534695212882165e-01 1.2e+00 8.98e-01  8e-01  1e+00 0:00.7
    3     24 4.138276376463780e-01 1.3e+00 8.19e-01  7e-01  8e-01 0:01.1
   12     96 3.384336385194385e-01 2.1e+00 5.00e-01  3e-01  5e-01 0:04.4
   23    184 3.331622383522366e-01 3.7e+00 1.61e-01  9e-02  1e-01 0:08.5
   37    296 3.312193338901366e-01 5.1e+00 5.64e-02  2e-02  4e-02 0:13.6
   54    432 3.311041787662166e-01 8.7e+00 1.68e-02  3e-03  1e-02 0:19.8
   74    592 3.311028533547874e-01 1.6e+01 2.01e-03  3e-04  1e-03 0:27.2
   96    768 3.311028464650925e-01 3.6e+01 1.71e-04  9e-06  1e-04 0:35.3
  100    800 3.311028464654992e-01 3.4e+01 1.17e-04  5e-06  7e-05 0:36.7
  128   1024 3.311028464523195e-01 9.6e+01 1.48e-05  3e-07  9e-06 0:47.1
  129   1032 3.311028464523141e-01 1.0e+02 1.34e-05  2e-07  8e-06 0:47.4
termination on tolfun=1e-11 (Fri Nov 27 10:04:27 2020)
final/bestever f-value = 3.311028e-01 3.311028e-01
incumbent solution: [0.2282180725145595, -3.0256123142407705e-08, -0.7774020366966351, -0.16405599652414457, 2.5978940314912333]
std deviation: [1.925808382917687e-06, 2.2705574928911353e-07, 8.081703975402477e-06, 2.6981247512302644e-06, 4.283254547504715e-07]
cma
(5_w,10)-aCMA-ES (mu_w=3.2,w_1=45%) in dimension 8 (seed=626711, Fri Nov 27 10:04:28 2020)
Iterat #Fevals   function value  axis ratio  sigma  min&max std  t[m:s]
    1     10 7.213398287842229e-01 1.0e+00 9.28e-01  9e-01  9e-01 0:00.5
    2     20 7.466742947313538e-01 1.2e+00 7.81e-01  7e-01  8e-01 0:01.0
    3     30 5.721496812995903e-01 1.4e+00 7.64e-01  7e-01  8e-01 0:01.5
    9     90 4.483457105701319e-01 1.9e+00 6.69e-01  6e-01  7e-01 0:04.6
   17    170 2.487469946490304e-01 2.6e+00 5.35e-01  4e-01  5e-01 0:08.7
   27    270 1.739223378956790e-01 3.2e+00 3.06e-01  2e-01  3e-01 0:13.8
   39    390 1.759649274748175e-01 4.2e+00 1.95e-01  1e-01  2e-01 0:19.9
   53    530 1.253511412679172e-01 6.2e+00 2.54e-01  1e-01  3e-01 0:27.0
   69    690 1.060247442016026e-01 8.0e+00 1.66e-01  6e-02  2e-01 0:35.1
   87    870 1.026097626803422e-01 7.4e+00 4.24e-02  1e-02  4e-02 0:44.3
  100   1000 1.023951512758190e-01 1.1e+01 2.31e-02  5e-03  2e-02 0:50.9
  122   1220 1.022389676532567e-01 1.7e+01 3.06e-02  6e-03  3e-02 1:02.0
  146   1460 1.020921941028140e-01 2.6e+01 1.74e-02  2e-03  2e-02 1:14.2
  172   1720 1.020748993617698e-01 3.4e+01 4.21e-03  4e-04  4e-03 1:27.4
  200   2000 1.020747648314661e-01 2.9e+01 3.75e-04  3e-05  2e-04 1:41.7
  230   2300 1.020747637185284e-01 2.8e+01 2.68e-05  1e-06  9e-06 1:56.9
  257   2570 1.020747637169087e-01 3.1e+01 3.30e-06  1e-07  9e-07 2:10.6
termination on tolfun=1e-11 (Fri Nov 27 10:06:39 2020)
final/bestever f-value = 1.020748e-01 1.020748e-01
incumbent solution: [-1.656571266975769, -0.5372041393577889, 0.8113710034827588, -3.1332866347285573, -3.6810797465988614, -1.1188524196520302, 0.9826592612946771, 2.3129386293417133]
std deviation: [2.1652749728800342e-07, 8.895727195591904e-07, 1.7385420351119914e-07, 3.058353904484433e-07, 9.081605525782265e-07, 1.0495215266950542e-07, 9.693586138166984e-08, 3.129546645928507e-07]
cma
(5_w,10)-aCMA-ES (mu_w=3.2,w_1=45%) in dimension 8 (seed=562007, Fri Nov 27 10:06:40 2020)
Iterat #Fevals   function value  axis ratio  sigma  min&max std  t[m:s]
    1     10 9.112971280085918e-01 1.0e+00 8.52e-01  8e-01  9e-01 0:00.5
    2     20 6.632256342636073e-01 1.2e+00 8.22e-01  8e-01  8e-01 0:01.0
    3     30 1.013673705696945e+00 1.3e+00 7.86e-01  7e-01  8e-01 0:01.5
    9     90 3.021921421394662e-01 1.9e+00 5.75e-01  5e-01  6e-01 0:04.6
   17    170 2.448433517025444e-01 2.2e+00 3.77e-01  3e-01  4e-01 0:08.7
   27    270 1.820529027931076e-01 3.4e+00 2.44e-01  2e-01  2e-01 0:13.8
   39    390 1.360421917644714e-01 6.5e+00 3.45e-01  2e-01  4e-01 0:19.9
   53    530 1.174785591541160e-01 5.2e+00 1.51e-01  7e-02  2e-01 0:27.0
   69    690 1.156176980450975e-01 5.8e+00 3.71e-02  1e-02  3e-02 0:35.2
   87    870 1.153642546895296e-01 1.4e+01 3.37e-02  1e-02  3e-02 0:44.3
  100   1000 1.152964132189262e-01 1.5e+01 2.11e-02  7e-03  2e-02 0:50.9
  122   1220 1.152849227719042e-01 1.8e+01 2.95e-03  7e-04  2e-03 1:02.1
  146   1460 1.152847809869148e-01 2.0e+01 3.40e-04  5e-05  2e-04 1:14.3
  172   1720 1.152847804053394e-01 3.2e+01 4.54e-05  5e-06  3e-05 1:27.5
  200   2000 1.152847803995819e-01 3.2e+01 4.08e-06  2e-07  2e-06 1:41.8
  203   2030 1.152847803995669e-01 3.3e+01 2.95e-06  2e-07  1e-06 1:43.3
termination on tolfun=1e-11 (Fri Nov 27 10:08:24 2020)
final/bestever f-value = 1.152848e-01 1.152848e-01
incumbent solution: [-0.974174931519602, 1.2956215682999842e-07, 2.62063626435271, 0.6643304692883286, 4.363531209298298, -0.8552133028346429, -1.5707965274974047, -1.729102034477982]
std deviation: [1.0055077518730623e-06, 4.909969516740023e-07, 5.018903689706054e-07, 1.1808526383528281e-06, 4.888624697554906e-07, 1.5807310071127777e-07, 4.2810744019992674e-07, 2.4795115971034593e-07]
cma
(5_w,11)-aCMA-ES (mu_w=3.4,w_1=42%) in dimension 11 (seed=562270, Fri Nov 27 10:08:25 2020)
Iterat #Fevals   function value  axis ratio  sigma  min&max std  t[m:s]
    1     11 5.639711134780413e-01 1.0e+00 9.65e-01  9e-01  1e+00 0:00.6
    2     22 8.482029912369882e-01 1.2e+00 9.62e-01  9e-01  1e+00 0:01.2
    3     33 4.501230609842122e-01 1.2e+00 1.04e+00  1e+00  1e+00 0:01.9
    8     88 8.354081307387282e-01 1.7e+00 8.31e-01  8e-01  9e-01 0:05.0
   15    165 7.576163857784296e-01 2.0e+00 7.45e-01  7e-01  8e-01 0:09.3
   24    264 3.596368260713501e-01 2.0e+00 5.98e-01  5e-01  6e-01 0:14.9
   34    374 2.040524020483392e-01 2.4e+00 3.16e-01  2e-01  4e-01 0:21.1
   46    506 1.333018179548426e-01 2.8e+00 1.88e-01  1e-01  2e-01 0:28.6
   59    649 1.241054377141189e-01 3.3e+00 9.91e-02  6e-02  1e-01 0:36.7
   74    814 1.194549708703746e-01 5.1e+00 5.98e-02  3e-02  6e-02 0:46.0
   91   1001 1.178089425755887e-01 7.3e+00 2.69e-02  1e-02  3e-02 0:56.5
  100   1100 1.176193641483249e-01 8.0e+00 1.56e-02  6e-03  2e-02 1:02.1
  120   1320 1.175765075918509e-01 1.0e+01 6.72e-03  2e-03  8e-03 1:14.5
  141   1551 1.175571086935247e-01 1.9e+01 8.13e-03  3e-03  1e-02 1:27.6
  164   1804 1.175401744718234e-01 3.9e+01 7.37e-03  2e-03  1e-02 1:41.8
  189   2079 1.175355628685905e-01 4.5e+01 2.88e-03  7e-04  4e-03 1:57.3
  200   2200 1.175343152898700e-01 5.2e+01 3.70e-03  8e-04  7e-03 2:04.2
  228   2508 1.175339058491004e-01 7.4e+01 1.67e-03  4e-04  3e-03 2:21.5
  258   2838 1.175336230523884e-01 1.0e+02 2.30e-03  4e-04  5e-03 2:40.1
  289   3179 1.175247036196229e-01 2.5e+02 1.15e-02  2e-03  4e-02 2:59.3
  300   3300 1.175128071204229e-01 3.2e+02 1.93e-02  3e-03  8e-02 3:06.2
  334   3674 1.174952649390251e-01 1.7e+02 2.08e-02  2e-03  6e-02 3:27.2
  370   4070 1.174730602193804e-01 1.2e+02 1.30e-02  1e-03  2e-02 3:49.5
  400   4400 1.174500518396455e-01 9.7e+01 2.11e-02  2e-03  3e-02 4:08.0
  439   4829 1.174063614916665e-01 7.4e+01 4.53e-02  4e-03  4e-02 4:32.1
  480   5280 1.173589256384939e-01 5.7e+01 2.37e-02  2e-03  1e-02 4:57.4
  500   5500 1.173361227310914e-01 6.5e+01 4.52e-02  3e-03  3e-02 5:09.8
  544   5984 1.172939019545992e-01 9.0e+01 4.25e-02  2e-03  3e-02 5:37.0
  590   6490 1.172792184408765e-01 6.3e+01 2.28e-02  8e-04  8e-03 6:05.4
  600   6600 1.172782343992602e-01 7.4e+01 4.13e-02  1e-03  1e-02 6:11.6
  649   7139 1.172758766687853e-01 6.9e+01 7.45e-03  2e-04  2e-03 6:41.8
  700   7700 1.172758500954750e-01 8.1e+01 6.25e-04  1e-05  1e-04 7:13.3
  749   8239 1.172758500449623e-01 9.6e+01 2.01e-05  3e-07  3e-06 7:43.6
termination on tolfun=1e-11 (Fri Nov 27 10:16:09 2020)
final/bestever f-value = 1.172759e-01 1.172759e-01
incumbent solution: [-3.14159287e+00  1.20292156e+00  2.62504052e+00 -5.24048361e-07
 -1.02160495e+00  2.39846580e+00 -1.57079684e+00  2.06424047e+00 ...]
std deviations: [8.90329572e-07 2.81868295e-06 1.81753308e-06 1.67732018e-06
 2.37231695e-06 1.83850102e-06 1.08417829e-06 1.81155439e-06 ...]
cma
(5_w,11)-aCMA-ES (mu_w=3.4,w_1=42%) in dimension 11 (seed=519127, Fri Nov 27 10:16:11 2020)
Iterat #Fevals   function value  axis ratio  sigma  min&max std  t[m:s]
    1     11 3.839207486428699e-01 1.0e+00 8.82e-01  9e-01  9e-01 0:00.6
    2     22 2.916081577640410e-01 1.1e+00 8.89e-01  9e-01  9e-01 0:01.2
    3     33 5.225469353831889e-01 1.3e+00 8.56e-01  8e-01  9e-01 0:01.9
    8     88 4.090206255374443e-01 1.7e+00 8.65e-01  8e-01  9e-01 0:04.9
   15    165 3.307551063442566e-01 1.8e+00 5.63e-01  5e-01  6e-01 0:09.3
   24    264 2.263713041852943e-01 2.0e+00 3.69e-01  3e-01  4e-01 0:14.8
   34    374 1.679352176197427e-01 2.2e+00 2.30e-01  2e-01  2e-01 0:21.0
   46    506 1.271030393326947e-01 3.0e+00 1.28e-01  9e-02  1e-01 0:28.4
   59    649 1.214000751904967e-01 3.9e+00 5.38e-02  4e-02  6e-02 0:36.5
   74    814 1.189148790137870e-01 5.9e+00 4.79e-02  3e-02  5e-02 0:45.7
   91   1001 1.182280566830069e-01 9.6e+00 2.38e-02  1e-02  3e-02 0:56.2
  100   1100 1.180444659677149e-01 1.3e+01 2.31e-02  1e-02  3e-02 1:01.8
  120   1320 1.179268386840081e-01 2.2e+01 3.28e-02  1e-02  6e-02 1:14.1
  142   1562 1.174896503294869e-01 3.3e+01 2.97e-02  1e-02  7e-02 1:27.7
  165   1815 1.171046863717687e-01 3.9e+01 3.06e-02  9e-03  8e-02 1:41.9
  190   2090 1.166980001346594e-01 4.9e+01 2.47e-02  6e-03  7e-02 1:57.4
  200   2200 1.163446203111189e-01 6.0e+01 4.32e-02  1e-02  1e-01 2:03.5
  228   2508 1.119865584542912e-01 4.5e+01 1.16e-01  2e-02  3e-01 2:20.8
  258   2838 9.870184192677915e-02 2.5e+01 1.75e-01  3e-02  2e-01 2:39.3
  289   3179 9.474680363645036e-02 1.7e+01 8.78e-02  1e-02  8e-02 2:58.5
  300   3300 9.380091462201323e-02 1.7e+01 6.20e-02  8e-03  5e-02 3:05.3
  335   3685 9.266149059585881e-02 1.9e+01 4.33e-02  5e-03  3e-02 3:26.9
  371   4081 9.255083127118922e-02 2.6e+01 7.14e-03  7e-04  6e-03 3:49.1
  400   4400 9.255000222964203e-02 2.7e+01 2.49e-03  2e-04  2e-03 4:07.0
  439   4829 9.254992779413808e-02 2.8e+01 1.54e-04  8e-06  7e-05 4:31.1
  480   5280 9.254992769559485e-02 2.8e+01 1.19e-05  4e-07  4e-06 4:56.4
  499   5489 9.254992769514089e-02 3.0e+01 3.46e-06  1e-07  1e-06 5:08.1
termination on tolfun=1e-11 (Fri Nov 27 10:21:19 2020)
final/bestever f-value = 9.254993e-02 9.254993e-02
incumbent solution: [ 0.29869526 -1.60501637  1.30227161  2.00432519 -5.91508487 -0.62157726
 -0.1776029   2.78818917 ...]
std deviations: [1.19592831e-07 2.22817063e-07 2.10045326e-07 2.11763454e-07
 1.08294056e-06 2.26468058e-07 2.34802877e-07 8.46469042e-07 ...]
cma
(5_w,11)-aCMA-ES (mu_w=3.4,w_1=42%) in dimension 14 (seed=539497, Fri Nov 27 10:21:21 2020)
Iterat #Fevals   function value  axis ratio  sigma  min&max std  t[m:s]
    1     11 8.380598920073521e-01 1.0e+00 9.08e-01  9e-01  9e-01 0:00.7
    2     22 5.086250325339098e-01 1.1e+00 8.30e-01  8e-01  8e-01 0:01.3
    3     33 3.450789309634509e-01 1.1e+00 7.99e-01  8e-01  8e-01 0:02.0
    8     88 3.445279386973162e-01 1.4e+00 8.03e-01  8e-01  8e-01 0:05.3
   15    165 8.140074825813840e-01 1.9e+00 1.02e+00  9e-01  1e+00 0:10.0
   23    253 8.126325325043889e-01 2.0e+00 1.10e+00  1e+00  1e+00 0:15.3
   33    363 7.152731040547259e-01 2.3e+00 1.15e+00  1e+00  1e+00 0:22.0
   44    484 5.096699708565179e-01 2.7e+00 1.61e+00  1e+00  2e+00 0:29.3
   57    627 6.456889263896589e-01 3.0e+00 1.27e+00  1e+00  1e+00 0:38.0
   71    781 8.369573293698609e-01 3.3e+00 9.26e-01  8e-01  1e+00 0:47.3
   87    957 3.034122561166543e-01 3.8e+00 8.30e-01  7e-01  1e+00 0:58.0
  100   1100 2.231323840434650e-01 3.8e+00 4.14e-01  3e-01  5e-01 1:06.6
  119   1309 1.633399390073802e-01 3.7e+00 2.49e-01  2e-01  3e-01 1:19.3
  139   1529 1.147627586965679e-01 4.1e+00 1.27e-01  7e-02  1e-01 1:32.6
  160   1760 6.652033927303670e-02 5.5e+00 1.15e-01  6e-02  1e-01 1:46.6
  183   2013 5.227633786972308e-02 6.2e+00 9.25e-02  5e-02  9e-02 2:02.0
  200   2200 4.575127477163413e-02 6.7e+00 3.14e-02  1e-02  3e-02 2:13.4
  226   2486 4.399122000484022e-02 9.4e+00 2.85e-02  1e-02  3e-02 2:30.7
  253   2783 4.322159638117664e-02 1.6e+01 3.22e-02  1e-02  6e-02 2:48.8
  282   3102 4.276529311465747e-02 2.2e+01 1.57e-02  4e-03  3e-02 3:08.1
  300   3300 4.265832169539848e-02 3.3e+01 1.78e-02  5e-03  4e-02 3:20.2
  332   3652 4.243954517629938e-02 4.3e+01 1.39e-02  4e-03  3e-02 3:41.5
  365   4015 4.214563378611386e-02 5.2e+01 1.83e-02  4e-03  4e-02 4:03.6
  400   4400 4.205964355475397e-02 5.3e+01 1.49e-02  3e-03  3e-02 4:27.0
  436   4796 4.194126338078477e-02 5.8e+01 1.47e-02  2e-03  3e-02 4:51.0
  474   5214 4.173541267435792e-02 6.1e+01 2.11e-02  3e-03  4e-02 5:16.4
  500   5500 4.161843294826853e-02 7.0e+01 2.10e-02  3e-03  4e-02 5:33.7
  541   5951 4.155794156667115e-02 6.1e+01 1.24e-02  1e-03  2e-02 6:01.1
  583   6413 4.151464420071950e-02 7.0e+01 1.54e-02  2e-03  2e-02 6:29.1
  600   6600 4.149312954964751e-02 6.9e+01 1.40e-02  1e-03  2e-02 6:40.4
  645   7095 4.137431618026723e-02 5.6e+01 2.71e-02  2e-03  3e-02 7:10.5
  692   7612 4.130708927999962e-02 4.6e+01 2.65e-02  2e-03  2e-02 7:41.8
  700   7700 4.128665843530979e-02 4.7e+01 2.58e-02  2e-03  2e-02 7:47.1
  750   8250 4.120330126914622e-02 5.4e+01 2.35e-02  1e-03  2e-02 8:20.4
  800   8800 4.109319817242238e-02 5.4e+01 3.13e-02  1e-03  2e-02 8:53.7
  853   9383 4.099054662045522e-02 5.5e+01 3.24e-02  1e-03  2e-02 9:29.0
  900   9900 4.084121357365354e-02 3.8e+01 4.58e-02  2e-03  2e-02 10:00.3
  956  10516 4.065531467053188e-02 5.8e+01 4.63e-02  2e-03  3e-02 10:37.6
 1000  11000 4.047796667699007e-02 7.3e+01 6.76e-02  2e-03  5e-02 11:06.9
Iterat #Fevals   function value  axis ratio  sigma  min&max std  t[m:s]
 1059  11649 4.028527933207154e-02 8.4e+01 7.59e-02  2e-03  5e-02 11:46.2
 1100  12100 4.023322831307270e-02 8.7e+01 3.68e-02  8e-04  2e-02 12:13.5
 1162  12782 4.019798117913184e-02 8.6e+01 2.27e-02  4e-04  1e-02 12:54.8
 1200  13200 4.019537565667237e-02 1.1e+02 1.67e-02  2e-04  9e-03 13:20.1
 1265  13915 4.019323431686467e-02 1.1e+02 7.41e-03  8e-05  3e-03 14:03.4
 1300  14300 4.019315598163421e-02 1.3e+02 8.44e-03  7e-05  3e-03 14:26.7
 1368  15048 4.019294652741123e-02 1.7e+02 4.80e-03  4e-05  2e-03 15:11.9
 1400  15400 4.019294392029903e-02 1.9e+02 7.43e-04  5e-06  2e-04 15:33.2
 1464  16104 4.019294382784118e-02 2.3e+02 1.93e-05  9e-08  5e-06 16:15.8
termination on tolfun=1e-11 (Fri Nov 27 10:37:39 2020)
final/bestever f-value = 4.019294e-02 4.019294e-02
incumbent solution: [-1.57079654e+00  2.91018858e-01 -2.69058434e-01  1.75137293e-07
  3.37781537e+00  9.35435029e-01  9.42477793e+00  1.92182027e+00 ...]
std deviations: [1.87993918e-06 4.11747716e-06 2.05334726e-07 1.84734527e-06
 4.84091460e-06 8.31458669e-07 2.31656595e-07 1.12604629e-06 ...]
cma
(5_w,11)-aCMA-ES (mu_w=3.4,w_1=42%) in dimension 14 (seed=624965, Fri Nov 27 10:37:42 2020)
Iterat #Fevals   function value  axis ratio  sigma  min&max std  t[m:s]
    1     11 6.142691382379685e-01 1.0e+00 9.43e-01  9e-01  1e+00 0:00.7
    2     22 6.203976446949114e-01 1.1e+00 9.29e-01  9e-01  9e-01 0:01.3
    3     33 8.087679953988930e-01 1.2e+00 8.58e-01  8e-01  9e-01 0:02.0
    8     88 3.091057401040582e-01 1.4e+00 7.10e-01  7e-01  7e-01 0:05.3
   15    165 6.785041022503573e-01 1.6e+00 6.67e-01  6e-01  7e-01 0:10.0
   23    253 2.088759263443562e-01 1.8e+00 4.81e-01  4e-01  5e-01 0:15.3
   33    363 2.218939730294293e-01 2.1e+00 2.67e-01  2e-01  3e-01 0:22.0
   44    484 1.383081477637434e-01 3.0e+00 2.66e-01  2e-01  3e-01 0:29.3
   56    616 1.288971569748618e-01 3.7e+00 1.46e-01  1e-01  2e-01 0:37.3
   70    770 1.157778815389569e-01 4.6e+00 1.08e-01  7e-02  1e-01 0:46.6
   85    935 1.039919138349780e-01 4.9e+00 5.83e-02  4e-02  6e-02 0:56.7
  100   1100 1.024217379313556e-01 5.2e+00 3.86e-02  2e-02  5e-02 1:06.7
  119   1309 1.013565492399992e-01 6.7e+00 2.49e-02  1e-02  3e-02 1:19.3
  139   1529 1.010824723644129e-01 9.2e+00 1.71e-02  8e-03  2e-02 1:32.7
  160   1760 1.009251383689850e-01 1.1e+01 1.09e-02  5e-03  2e-02 1:46.7
  183   2013 1.007771988037543e-01 1.8e+01 1.95e-02  8e-03  3e-02 2:02.1
  200   2200 1.007247662282985e-01 2.1e+01 1.33e-02  5e-03  2e-02 2:13.4
  226   2486 1.006310130434761e-01 2.5e+01 2.04e-02  8e-03  3e-02 2:30.7
  254   2794 1.005466984927977e-01 2.8e+01 1.10e-02  4e-03  2e-02 2:49.2
  283   3113 1.004634454917288e-01 3.3e+01 1.52e-02  5e-03  2e-02 3:08.4
  300   3300 1.003394837250699e-01 4.2e+01 2.94e-02  9e-03  5e-02 3:19.6
  332   3652 1.000741047123734e-01 5.1e+01 2.73e-02  8e-03  4e-02 3:40.7
  366   4026 9.986559394364962e-02 5.5e+01 1.83e-02  5e-03  3e-02 4:03.1
  400   4400 9.970445029285550e-02 7.2e+01 2.13e-02  5e-03  3e-02 4:25.6
  437   4807 9.941065565044609e-02 7.0e+01 4.96e-02  1e-02  7e-02 4:50.0
  475   5225 9.396236286065089e-02 5.6e+01 1.14e-01  3e-02  2e-01 5:15.1
  500   5500 8.546963246813902e-02 5.3e+01 1.33e-01  3e-02  2e-01 5:31.6
  541   5951 8.064216647924610e-02 3.6e+01 5.42e-02  1e-02  5e-02 5:58.6
  584   6424 7.931874795402118e-02 2.8e+01 3.33e-02  6e-03  2e-02 6:27.0
  600   6600 7.909224988319787e-02 2.6e+01 2.36e-02  4e-03  1e-02 6:37.6
  646   7106 7.859374620004490e-02 2.0e+01 4.43e-02  6e-03  2e-02 7:07.9
  693   7623 7.756353315266441e-02 2.5e+01 7.86e-02  9e-03  5e-02 7:39.0
  700   7700 7.737362446921127e-02 2.8e+01 9.59e-02  1e-02  6e-02 7:43.5
  751   8261 7.695300756523402e-02 3.0e+01 4.04e-02  3e-03  2e-02 8:17.0
  800   8800 7.665665027447803e-02 3.5e+01 3.49e-02  2e-03  2e-02 8:49.2
  854   9394 7.649004627318044e-02 3.9e+01 4.65e-02  2e-03  2e-02 9:24.6
  900   9900 7.628337276361633e-02 4.2e+01 1.05e-01  4e-03  3e-02 9:54.9
  957  10527 7.542706893734076e-02 3.7e+01 2.52e-01  1e-02  6e-02 10:32.4
 1000  11000 6.975685925282145e-02 3.0e+01 5.49e-01  3e-02  1e-01 11:00.4
Iterat #Fevals   function value  axis ratio  sigma  min&max std  t[m:s]
 1061  11671 6.096991839460002e-02 2.2e+01 2.22e-01  1e-02  4e-02 11:39.9
 1100  12100 6.001630683370931e-02 2.3e+01 3.69e-01  1e-02  6e-02 12:05.3
 1164  12804 5.924746047539817e-02 2.8e+01 1.37e-01  3e-03  2e-02 12:46.8
 1200  13200 5.914418419546232e-02 3.5e+01 7.23e-02  1e-03  9e-03 13:10.2
 1267  13937 5.859578030484089e-02 3.7e+01 6.39e-01  9e-03  9e-02 13:53.7
 1300  14300 5.814457429549048e-02 3.3e+01 4.71e-01  6e-03  5e-02 14:15.1
 1370  15070 5.759005225431101e-02 3.7e+01 3.28e-01  4e-03  3e-02 15:00.2
 1400  15400 5.742852146988400e-02 4.0e+01 3.75e-01  4e-03  3e-02 15:19.6
 1473  16203 5.676097352474543e-02 5.2e+01 4.47e-01  4e-03  4e-02 16:06.7
 1500  16500 5.650204198610496e-02 5.0e+01 5.24e-01  4e-03  4e-02 16:24.1
 1576  17336 5.521093212232226e-02 2.7e+01 9.88e-01  6e-03  3e-02 17:13.4
 1600  17600 5.470608123930536e-02 2.8e+01 7.27e-01  4e-03  2e-02 17:29.0
 1679  18469 5.341265955258321e-02 2.7e+01 8.97e-01  4e-03  3e-02 18:20.3
 1700  18700 5.248031069274091e-02 3.1e+01 2.31e+00  9e-03  8e-02 18:33.9
 1782  19602 4.267987084339690e-02 1.8e+01 1.87e+00  7e-03  3e-02 19:27.1
 1800  19800 4.179224104560038e-02 1.7e+01 2.47e+00  1e-02  4e-02 19:38.8
 1885  20735 4.024700429356991e-02 2.5e+01 2.74e+00  1e-02  5e-02 20:34.0
 1900  20900 3.949356608631697e-02 2.9e+01 4.32e+00  2e-02  8e-02 20:43.7
 1989  21879 3.308290972775718e-02 2.6e+01 2.35e+00  5e-03  4e-02 21:41.3
 2000  22000 3.293475053087257e-02 2.4e+01 2.76e+00  5e-03  4e-02 21:48.4
Iterat #Fevals   function value  axis ratio  sigma  min&max std  t[m:s]
 2092  23012 3.285525404054410e-02 3.4e+01 9.81e-01  1e-03  1e-02 22:48.0
 2100  23100 3.285216078492904e-02 3.9e+01 6.84e-01  7e-04  8e-03 22:53.1
 2195  24145 3.282177857571103e-02 7.4e+01 1.09e+00  7e-04  1e-02 23:54.5
 2200  24200 3.282050049525948e-02 7.8e+01 1.16e+00  7e-04  2e-02 23:57.8
 2298  25278 3.279631477590268e-02 1.2e+02 9.12e-01  4e-04  1e-02 25:01.1
 2300  25300 3.279551590305123e-02 1.2e+02 1.01e+00  5e-04  2e-02 25:02.4
 2400  26400 3.278208651257854e-02 1.8e+02 1.07e+00  4e-04  2e-02 26:07.0
 2500  27500 3.277195877024823e-02 1.5e+02 8.82e-01  3e-04  9e-03 27:12.1
 2600  28600 3.276708223156796e-02 1.6e+02 1.05e+00  2e-04  7e-03 28:17.5
 2700  29700 3.276578467979033e-02 1.8e+02 2.18e-01  4e-05  1e-03 29:22.9
 2800  30800 3.276577832366677e-02 2.3e+02 4.17e-03  4e-07  2e-05 30:28.1
 2819  31009 3.276577832318838e-02 2.3e+02 1.39e-03  1e-07  7e-06 30:40.5
termination on tolfun=1e-11 (Fri Nov 27 11:08:27 2020)
final/bestever f-value = 3.276578e-02 3.276578e-02
incumbent solution: [ 1.86932227 -0.89270785 -2.17866151  6.53796696 -5.9133327   1.07566892
 -3.19889821 -5.53582491 ...]
std deviations: [2.30294006e-07 5.23605718e-07 1.64092451e-07 3.39675979e-07
 9.76625334e-07 1.32117045e-07 7.64168450e-07 5.18695399e-06 ...]
cma
(6_w,12)-aCMA-ES (mu_w=3.7,w_1=40%) in dimension 17 (seed=566801, Fri Nov 27 11:08:30 2020)
Iterat #Fevals   function value  axis ratio  sigma  min&max std  t[m:s]
    1     12 9.863120428483348e-01 1.0e+00 9.21e-01  9e-01  9e-01 0:00.8
    2     24 3.890136692859401e-01 1.1e+00 8.43e-01  8e-01  9e-01 0:01.5
    3     36 6.060091334953657e-01 1.1e+00 7.95e-01  8e-01  8e-01 0:02.3
    7     84 1.019028225208102e+00 1.3e+00 7.89e-01  8e-01  8e-01 0:05.3
   13    156 1.194805548527973e+00 1.4e+00 6.94e-01  7e-01  7e-01 0:09.8
   20    240 9.691609348784250e-01 1.9e+00 8.07e-01  7e-01  1e+00 0:15.0
   28    336 8.623792130806591e-01 2.0e+00 8.41e-01  7e-01  1e+00 0:21.1
   38    456 6.457671695720641e-01 2.1e+00 7.71e-01  7e-01  9e-01 0:28.6
   49    588 8.768705683152123e-01 2.5e+00 9.46e-01  8e-01  1e+00 0:36.9
   61    732 5.251979898894766e-01 2.7e+00 8.48e-01  7e-01  1e+00 0:46.0
   75    900 7.744720057346248e-01 2.7e+00 1.33e+00  1e+00  2e+00 0:56.5
   90   1080 6.051925128467299e-01 3.2e+00 1.22e+00  1e+00  2e+00 1:07.9
  100   1200 1.148202639974626e+00 3.5e+00 1.31e+00  1e+00  2e+00 1:15.4
  118   1416 1.025498390739723e+00 4.1e+00 1.71e+00  1e+00  2e+00 1:29.0
  137   1644 1.073981013302910e+00 4.5e+00 2.20e+00  2e+00  3e+00 1:43.4
  157   1884 1.111491455331591e+00 4.9e+00 2.79e+00  2e+00  4e+00 1:58.4
  179   2148 1.218699520754196e+00 5.5e+00 2.42e+00  2e+00  3e+00 2:15.1
  200   2400 9.302146777282138e-01 5.7e+00 3.25e+00  2e+00  5e+00 2:30.9
  224   2688 1.116856527383890e+00 6.2e+00 2.30e+00  2e+00  3e+00 2:49.0
  250   3000 1.053563458513768e+00 7.0e+00 1.85e+00  1e+00  2e+00 3:08.7
  277   3324 1.119066748014229e+00 7.7e+00 2.09e+00  1e+00  3e+00 3:29.0
  300   3600 1.275614149212615e+00 8.9e+00 4.28e+00  3e+00  5e+00 3:46.2
  330   3960 1.102925876634498e+00 8.9e+00 3.26e+00  2e+00  4e+00 4:08.6
  361   4332 1.036873123345353e+00 9.3e+00 2.10e+00  1e+00  3e+00 4:31.9
  394   4728 1.035585955623203e+00 9.1e+00 1.61e+00  1e+00  2e+00 4:56.5
  400   4800 1.114179309144116e+00 9.5e+00 1.44e+00  9e-01  2e+00 5:01.0
  435   5220 8.712791154413009e-01 1.1e+01 1.30e+00  7e-01  2e+00 5:27.2
  472   5664 7.964973017693802e-01 1.2e+01 7.26e-01  4e-01  1e+00 5:54.9
  500   6000 2.993527118530430e-01 1.1e+01 3.57e-01  2e-01  5e-01 6:15.8
  539   6468 1.338965338929634e-01 1.0e+01 1.30e-01  6e-02  2e-01 6:44.9
  580   6960 8.260910386028056e-02 7.6e+00 9.73e-02  4e-02  9e-02 7:15.6
  600   7200 7.116122975253918e-02 6.9e+00 6.00e-02  2e-02  5e-02 7:30.5
  643   7716 6.303441642645762e-02 8.2e+00 4.32e-02  1e-02  3e-02 8:02.7
  688   8256 5.974194253046029e-02 1.3e+01 2.91e-02  8e-03  3e-02 8:36.1
  700   8400 5.936596332220306e-02 1.7e+01 3.18e-02  9e-03  3e-02 8:45.0
  748   8976 5.711211513212846e-02 2.2e+01 4.33e-02  1e-02  4e-02 9:20.6
  797   9564 4.587149823216987e-02 2.6e+01 9.03e-02  2e-02  1e-01 9:56.9
  800   9600 4.359033456418029e-02 2.6e+01 1.03e-01  2e-02  1e-01 9:59.1
  852  10224 3.612603511727585e-02 2.6e+01 6.31e-02  1e-02  7e-02 10:37.6
  900  10800 3.163434420001276e-02 3.5e+01 7.31e-02  1e-02  9e-02 11:13.1
  955  11460 3.038731111798875e-02 3.9e+01 2.71e-02  4e-03  3e-02 11:53.8
 1000  12000 3.013606636106539e-02 4.0e+01 3.50e-02  4e-03  3e-02 12:27.2
Iterat #Fevals   function value  axis ratio  sigma  min&max std  t[m:s]
 1057  12684 2.961780403802335e-02 4.9e+01 3.59e-02  4e-03  4e-02 13:09.3
 1100  13200 2.940054703661816e-02 5.0e+01 2.52e-02  2e-03  3e-02 13:41.1
 1160  13920 2.916467687923340e-02 4.2e+01 2.27e-02  2e-03  2e-02 14:25.5
 1200  14400 2.913762276146738e-02 4.5e+01 1.40e-02  1e-03  1e-02 14:55.1
 1263  15156 2.913339071521526e-02 5.2e+01 1.05e-03  6e-05  7e-04 15:41.7
 1300  15600 2.913337730728306e-02 5.4e+01 2.14e-04  1e-05  1e-04 16:09.1
 1365  16380 2.913337681630812e-02 4.8e+01 8.53e-06  3e-07  4e-06 16:57.2
 1386  16632 2.913337681601331e-02 5.3e+01 2.92e-06  1e-07  1e-06 17:12.7
termination on tolfun=1e-11 (Fri Nov 27 11:25:45 2020)
final/bestever f-value = 2.913338e-02 2.913338e-02
incumbent solution: [ 34.65000518   3.77997086   0.84942684   5.64245476   6.81134298
 -18.63847534  -7.63267979 -17.17509562 ...]
std deviations: [1.43428811e-07 2.68901923e-07 1.63195260e-07 5.67791710e-07
 1.29610228e-06 1.36231871e-07 6.10946862e-07 1.35120135e-06 ...]
cma
(6_w,12)-aCMA-ES (mu_w=3.7,w_1=40%) in dimension 17 (seed=630113, Fri Nov 27 11:25:47 2020)
Iterat #Fevals   function value  axis ratio  sigma  min&max std  t[m:s]
    1     12 1.115699628822521e+00 1.0e+00 9.31e-01  9e-01  9e-01 0:00.7
    2     24 2.709819041322101e-01 1.1e+00 8.68e-01  9e-01  9e-01 0:01.5
    3     36 5.777702135420740e-01 1.1e+00 8.16e-01  8e-01  8e-01 0:02.2
    8     96 4.335110272514539e-01 1.3e+00 6.90e-01  7e-01  7e-01 0:06.0
   14    168 7.120743079838725e-01 1.4e+00 6.56e-01  6e-01  7e-01 0:10.5
   21    252 7.074916116447670e-01 1.6e+00 6.67e-01  6e-01  7e-01 0:15.7
   29    348 3.000935942573223e-01 1.7e+00 4.82e-01  4e-01  5e-01 0:21.8
   39    468 1.814610535937466e-01 2.0e+00 2.84e-01  2e-01  3e-01 0:29.2
   50    600 1.487777567687671e-01 2.1e+00 1.82e-01  2e-01  2e-01 0:37.5
   63    756 1.396238703704434e-01 2.6e+00 1.15e-01  1e-01  1e-01 0:47.2
   77    924 1.250316939514979e-01 3.1e+00 6.30e-02  5e-02  6e-02 0:57.6
   92   1104 1.239957683426531e-01 3.6e+00 3.90e-02  3e-02  4e-02 1:08.8
  100   1200 1.219267238092273e-01 4.1e+00 3.13e-02  2e-02  3e-02 1:14.8
  118   1416 1.190929103393900e-01 5.1e+00 3.28e-02  2e-02  3e-02 1:28.2
  137   1644 1.178255792583619e-01 7.1e+00 2.50e-02  2e-02  3e-02 1:42.4
  158   1896 1.170234177937003e-01 8.1e+00 1.55e-02  1e-02  2e-02 1:58.1
  180   2160 1.165501477018477e-01 1.2e+01 1.67e-02  1e-02  2e-02 2:14.6
  200   2400 1.159373541589334e-01 1.4e+01 2.52e-02  1e-02  4e-02 2:29.5
  225   2700 1.152758054445946e-01 1.6e+01 2.80e-02  2e-02  4e-02 2:48.2
  251   3012 1.147603161885225e-01 1.9e+01 1.80e-02  1e-02  3e-02 3:07.7
  278   3336 1.133173496776780e-01 1.9e+01 4.00e-02  2e-02  5e-02 3:27.9
  300   3600 1.115276102423165e-01 2.0e+01 4.30e-02  2e-02  6e-02 3:44.3
  330   3960 1.075594725956141e-01 2.0e+01 3.65e-02  2e-02  5e-02 4:06.7
  361   4332 1.062083285765474e-01 2.0e+01 2.58e-02  1e-02  3e-02 4:29.8
  394   4728 1.052864145613280e-01 2.4e+01 3.22e-02  1e-02  4e-02 4:54.5
  400   4800 1.051561347596428e-01 2.4e+01 2.51e-02  9e-03  3e-02 4:58.9
  435   5220 1.047169946002505e-01 2.5e+01 1.60e-02  5e-03  2e-02 5:25.1
  472   5664 1.046163560194100e-01 3.2e+01 9.80e-03  3e-03  1e-02 5:52.8
  500   6000 1.045795438311958e-01 3.6e+01 1.40e-02  4e-03  2e-02 6:13.7
  539   6468 1.045617143316639e-01 3.6e+01 4.33e-03  1e-03  5e-03 6:42.8
  580   6960 1.045606410195738e-01 4.3e+01 1.49e-03  4e-04  2e-03 7:13.3
  600   7200 1.045601373848336e-01 4.3e+01 2.42e-03  6e-04  3e-03 7:28.2
  643   7716 1.045576085119399e-01 7.9e+01 3.43e-03  7e-04  5e-03 8:00.3
  688   8256 1.045572588506248e-01 1.1e+02 8.63e-04  1e-04  1e-03 8:33.8
  700   8400 1.045572523008471e-01 1.1e+02 5.10e-04  8e-05  8e-04 8:42.7
  748   8976 1.045572414301973e-01 1.2e+02 3.63e-04  5e-05  5e-04 9:18.5
  797   9564 1.045572362896611e-01 1.3e+02 3.05e-04  3e-05  4e-04 9:54.9
  800   9600 1.045572362929599e-01 1.3e+02 3.11e-04  3e-05  4e-04 9:57.2
  852  10224 1.045572353351469e-01 1.4e+02 3.94e-05  3e-06  4e-05 10:35.9
  900  10800 1.045572353268818e-01 1.7e+02 3.21e-06  2e-07  3e-06 11:11.6
  902  10824 1.045572353268882e-01 1.7e+02 3.02e-06  2e-07  3e-06 11:13.0
/home/adrianps/venvs/quantum_simulation/lib/python3.6/site-packages/scipy/optimize/optimize.py:705: ComplexWarning: Casting complex values to real discards the imaginary part
  grad[k] = df
/home/adrianps/venvs/quantum_simulation/lib/python3.6/site-packages/scipy/optimize/linesearch.py:172: ComplexWarning: Casting complex values to real discards the imaginary part
  amin, amax, isave, dsave)
/home/adrianps/venvs/quantum_simulation/lib/python3.6/site-packages/scipy/optimize/optimize.py:705: ComplexWarning: Casting complex values to real discards the imaginary part
  grad[k] = df
/home/adrianps/venvs/quantum_simulation/lib/python3.6/site-packages/scipy/optimize/linesearch.py:172: ComplexWarning: Casting complex values to real discards the imaginary part
  amin, amax, isave, dsave)
/home/adrianps/venvs/quantum_simulation/lib/python3.6/site-packages/scipy/optimize/optimize.py:705: ComplexWarning: Casting complex values to real discards the imaginary part
  grad[k] = df
/home/adrianps/venvs/quantum_simulation/lib/python3.6/site-packages/scipy/optimize/linesearch.py:172: ComplexWarning: Casting complex values to real discards the imaginary part
  amin, amax, isave, dsave)
/home/adrianps/venvs/quantum_simulation/lib/python3.6/site-packages/scipy/optimize/optimize.py:705: ComplexWarning: Casting complex values to real discards the imaginary part
  grad[k] = df
/home/adrianps/venvs/quantum_simulation/lib/python3.6/site-packages/scipy/optimize/linesearch.py:172: ComplexWarning: Casting complex values to real discards the imaginary part
  amin, amax, isave, dsave)
/home/adrianps/venvs/quantum_simulation/lib/python3.6/site-packages/scipy/optimize/optimize.py:705: ComplexWarning: Casting complex values to real discards the imaginary part
  grad[k] = df
/home/adrianps/venvs/quantum_simulation/lib/python3.6/site-packages/scipy/optimize/linesearch.py:172: ComplexWarning: Casting complex values to real discards the imaginary part
  amin, amax, isave, dsave)
/home/adrianps/venvs/quantum_simulation/lib/python3.6/site-packages/scipy/optimize/optimize.py:705: ComplexWarning: Casting complex values to real discards the imaginary part
  grad[k] = df
/home/adrianps/venvs/quantum_simulation/lib/python3.6/site-packages/scipy/optimize/linesearch.py:172: ComplexWarning: Casting complex values to real discards the imaginary part
  amin, amax, isave, dsave)
/home/adrianps/venvs/quantum_simulation/lib/python3.6/site-packages/scipy/optimize/optimize.py:705: ComplexWarning: Casting complex values to real discards the imaginary part
  grad[k] = df
/home/adrianps/venvs/quantum_simulation/lib/python3.6/site-packages/scipy/optimize/linesearch.py:172: ComplexWarning: Casting complex values to real discards the imaginary part
  amin, amax, isave, dsave)
/home/adrianps/venvs/quantum_simulation/lib/python3.6/site-packages/scipy/optimize/optimize.py:705: ComplexWarning: Casting complex values to real discards the imaginary part
  grad[k] = df
/home/adrianps/venvs/quantum_simulation/lib/python3.6/site-packages/scipy/optimize/linesearch.py:172: ComplexWarning: Casting complex values to real discards the imaginary part
  amin, amax, isave, dsave)
/home/adrianps/venvs/quantum_simulation/lib/python3.6/site-packages/scipy/optimize/optimize.py:705: ComplexWarning: Casting complex values to real discards the imaginary part
  grad[k] = df
/home/adrianps/venvs/quantum_simulation/lib/python3.6/site-packages/scipy/optimize/linesearch.py:172: ComplexWarning: Casting complex values to real discards the imaginary part
  amin, amax, isave, dsave)
/home/adrianps/venvs/quantum_simulation/lib/python3.6/site-packages/scipy/optimize/optimize.py:705: ComplexWarning: Casting complex values to real discards the imaginary part
  grad[k] = df
/home/adrianps/venvs/quantum_simulation/lib/python3.6/site-packages/scipy/optimize/linesearch.py:172: ComplexWarning: Casting complex values to real discards the imaginary part
  amin, amax, isave, dsave)
/home/adrianps/Universal-Approximator/qibo_sim/classes/ApproximantNN.py:552: RuntimeWarning: More than 20 figures have been opened. Figures created through the pyplot interface (`matplotlib.pyplot.figure`) are retained until explicitly closed and may consume too much memory. (To control this warning, see the rcParam `figure.max_open_warning`).
  fig, axs = plt.subplots(nrows=2, figsize=(8,10))
/home/adrianps/venvs/quantum_simulation/lib/python3.6/site-packages/scipy/optimize/optimize.py:705: ComplexWarning: Casting complex values to real discards the imaginary part
  grad[k] = df
/home/adrianps/venvs/quantum_simulation/lib/python3.6/site-packages/scipy/optimize/linesearch.py:172: ComplexWarning: Casting complex values to real discards the imaginary part
  amin, amax, isave, dsave)
/home/adrianps/Universal-Approximator/qibo_sim/classes/ApproximantNN.py:577: RuntimeWarning: More than 20 figures have been opened. Figures created through the pyplot interface (`matplotlib.pyplot.figure`) are retained until explicitly closed and may consume too much memory. (To control this warning, see the rcParam `figure.max_open_warning`).
  fig, axs = plt.subplots(nrows=2, figsize=(8,10))
/home/adrianps/Universal-Approximator/qibo_sim/classes/ApproximantNN.py:552: RuntimeWarning: More than 20 figures have been opened. Figures created through the pyplot interface (`matplotlib.pyplot.figure`) are retained until explicitly closed and may consume too much memory. (To control this warning, see the rcParam `figure.max_open_warning`).
  fig, axs = plt.subplots(nrows=2, figsize=(8,10))
/home/adrianps/venvs/quantum_simulation/lib/python3.6/site-packages/scipy/optimize/optimize.py:705: ComplexWarning: Casting complex values to real discards the imaginary part
  grad[k] = df
/home/adrianps/venvs/quantum_simulation/lib/python3.6/site-packages/scipy/optimize/linesearch.py:172: ComplexWarning: Casting complex values to real discards the imaginary part
  amin, amax, isave, dsave)
/home/adrianps/Universal-Approximator/qibo_sim/classes/ApproximantNN.py:577: RuntimeWarning: More than 20 figures have been opened. Figures created through the pyplot interface (`matplotlib.pyplot.figure`) are retained until explicitly closed and may consume too much memory. (To control this warning, see the rcParam `figure.max_open_warning`).
  fig, axs = plt.subplots(nrows=2, figsize=(8,10))
termination on tolfun=1e-11 (Fri Nov 27 11:37:02 2020)
final/bestever f-value = 1.045572e-01 1.045572e-01
incumbent solution: [ 1.85969609e-07  1.20245775e+00  3.80944351e+00 -3.51431998e+00
 -1.03349781e+00  1.92342034e+00 -1.80628008e+00  9.87026914e-07 ...]
std deviations: [1.06274928e-06 2.53483227e-06 1.72983001e-06 1.50167730e-06
 2.23303515e-06 1.26089921e-06 3.08472768e-06 1.72635991e-06 ...]
