cma
(3_w,6)-aCMA-ES (mu_w=2.0,w_1=63%) in dimension 2 (seed=604117, Fri Nov 27 12:21:15 2020)
Iterat #Fevals   function value  axis ratio  sigma  min&max std  t[m:s]
    1      6 5.543488430028375e-01 1.0e+00 8.55e-01  7e-01  8e-01 0:00.2
    2     12 6.289562552428036e-01 1.2e+00 1.15e+00  1e+00  1e+00 0:00.5
    3     18 5.327259655459794e-01 1.4e+00 1.07e+00  8e-01  1e+00 0:00.7
   16     96 5.146977911125474e-01 2.9e+00 1.42e-01  2e-02  6e-02 0:04.0
   33    198 5.146280924274157e-01 2.3e+00 1.68e-02  7e-04  1e-03 0:08.2
   54    324 5.146280601238715e-01 1.6e+00 3.64e-04  2e-06  3e-06 0:13.4
   65    390 5.146280601226667e-01 1.4e+00 8.53e-05  2e-07  2e-07 0:16.2
termination on tolfun=1e-11 (Fri Nov 27 12:21:31 2020)
final/bestever f-value = 5.146281e-01 5.146281e-01
incumbent solution: [8.726216000402906e-08, 2.5010647591530004]
std deviation: [1.5908956464593519e-07, 2.1181699852460323e-07]
cma
(3_w,6)-aCMA-ES (mu_w=2.0,w_1=63%) in dimension 2 (seed=601753, Fri Nov 27 12:21:32 2020)
Iterat #Fevals   function value  axis ratio  sigma  min&max std  t[m:s]
    1      6 5.382176899313087e-01 1.0e+00 1.44e+00  1e+00  2e+00 0:00.2
    2     12 5.355986341664472e-01 1.3e+00 1.45e+00  1e+00  1e+00 0:00.5
    3     18 5.158233508485378e-01 1.2e+00 1.46e+00  1e+00  1e+00 0:00.7
   16     96 5.158617371460186e-01 2.3e+00 3.98e-01  8e-02  2e-01 0:04.0
   33    198 5.146287550601161e-01 1.9e+00 5.25e-02  3e-03  7e-03 0:08.2
   54    324 5.146280601959502e-01 2.5e+00 2.90e-03  2e-05  6e-05 0:13.4
   79    474 5.146280601226654e-01 1.7e+00 4.76e-05  4e-08  6e-08 0:19.6
   80    480 5.146280601226658e-01 1.4e+00 4.27e-05  4e-08  6e-08 0:19.8
termination on tolfun=1e-11 (Fri Nov 27 12:21:52 2020)
final/bestever f-value = 5.146281e-01 5.146281e-01
incumbent solution: [3.180170715825063e-08, 2.5010645674622296]
std deviation: [3.629443459264188e-08, 5.534254515969572e-08]
cma
(4_w,8)-aCMA-ES (mu_w=2.6,w_1=52%) in dimension 5 (seed=546183, Fri Nov 27 12:21:52 2020)
Iterat #Fevals   function value  axis ratio  sigma  min&max std  t[m:s]
    1      8 7.045722878596139e-01 1.0e+00 1.00e+00  9e-01  1e+00 0:00.4
    2     16 4.968174230646906e-01 1.3e+00 1.07e+00  1e+00  1e+00 0:00.7
    3     24 4.124150048539324e-01 1.4e+00 1.10e+00  9e-01  1e+00 0:01.1
   12     96 2.750061169514176e-01 2.5e+00 5.24e-01  3e-01  7e-01 0:04.4
   23    184 9.885397288031267e-02 6.3e+00 3.24e-01  1e-01  5e-01 0:08.5
   37    296 7.989599201098482e-02 6.5e+00 1.52e-01  4e-02  2e-01 0:13.6
   54    432 7.733106636716036e-02 8.8e+00 3.12e-02  5e-03  2e-02 0:19.9
   73    584 7.724503860330731e-02 6.0e+00 8.71e-03  8e-04  3e-03 0:27.0
   95    760 7.724280075498931e-02 5.7e+00 1.83e-03  9e-05  4e-04 0:35.1
  100    800 7.724279470786920e-02 7.2e+00 1.02e-03  4e-05  2e-04 0:37.0
  127   1016 7.724279226187072e-02 5.5e+00 8.26e-05  2e-06  7e-06 0:47.0
  155   1240 7.724279224947306e-02 5.4e+00 5.30e-06  5e-08  2e-07 0:57.4
termination on tolfun=1e-11 (Fri Nov 27 12:22:50 2020)
final/bestever f-value = 7.724279e-02 7.724279e-02
incumbent solution: [4.48364916756627e-08, -2.4436490463794716, -0.8160484437621949, -3.141592684392829, 0.11749102069543724]
std deviation: [1.0735780495058961e-07, 1.8042043012899745e-07, 4.9472694186501366e-08, 9.767201380352174e-08, 1.6803935400433766e-07]
cma
(4_w,8)-aCMA-ES (mu_w=2.6,w_1=52%) in dimension 5 (seed=622362, Fri Nov 27 12:22:50 2020)
Iterat #Fevals   function value  axis ratio  sigma  min&max std  t[m:s]
    1      8 4.507085825271561e-01 1.0e+00 1.13e+00  1e+00  1e+00 0:00.4
    2     16 9.017527759641351e-01 1.3e+00 1.31e+00  1e+00  2e+00 0:00.7
    3     24 9.170348408352684e-01 1.4e+00 1.44e+00  1e+00  2e+00 0:01.1
   12     96 4.928274910823402e-01 1.8e+00 5.55e-01  4e-01  5e-01 0:04.5
   23    184 1.082277307927536e-01 4.1e+00 3.22e-01  2e-01  3e-01 0:08.5
   37    296 7.872775750325578e-02 6.8e+00 1.47e-01  4e-02  2e-01 0:13.7
   54    432 7.724752190479300e-02 6.0e+00 3.75e-02  7e-03  2e-02 0:20.1
   73    584 7.724302647876945e-02 6.1e+00 4.64e-03  4e-04  2e-03 0:27.1
   95    760 7.724279386684461e-02 6.5e+00 5.80e-04  2e-05  1e-04 0:35.3
  100    800 7.724279270699869e-02 6.2e+00 3.55e-04  1e-05  6e-05 0:37.2
  127   1016 7.724279225010620e-02 7.2e+00 2.55e-05  6e-07  2e-06 0:47.2
  144   1152 7.724279224947360e-02 6.1e+00 3.96e-06  6e-08  2e-07 0:53.5
termination on tolfun=1e-11 (Fri Nov 27 12:23:44 2020)
final/bestever f-value = 7.724279e-02 7.724279e-02
incumbent solution: [3.767712286188229e-08, -2.443648979797223, -0.8160484734390401, 3.141592627071965, 0.11749101397713994]
std deviation: [7.87410268074642e-08, 1.7769515568680474e-07, 5.983300742484673e-08, 7.962990170598648e-08, 1.8342681255359707e-07]
cma
(5_w,10)-aCMA-ES (mu_w=3.2,w_1=45%) in dimension 8 (seed=542754, Fri Nov 27 12:23:45 2020)
Iterat #Fevals   function value  axis ratio  sigma  min&max std  t[m:s]
    1     10 1.103130141675119e+00 1.0e+00 9.47e-01  9e-01  1e+00 0:00.5
    2     20 4.947831955002291e-01 1.2e+00 8.91e-01  8e-01  9e-01 0:01.0
    3     30 4.246929765319113e-01 1.4e+00 8.65e-01  8e-01  9e-01 0:01.5
    9     90 2.325071383861335e-01 1.6e+00 5.52e-01  4e-01  6e-01 0:04.6
   17    170 1.182889843611351e-01 2.1e+00 3.09e-01  2e-01  3e-01 0:08.6
   27    270 8.898600642429517e-02 3.5e+00 1.79e-01  1e-01  2e-01 0:13.7
   39    390 7.925596323071846e-02 4.8e+00 6.73e-02  4e-02  6e-02 0:19.8
   53    530 7.756115716143373e-02 7.3e+00 3.32e-02  2e-02  3e-02 0:26.9
   69    690 7.733130499006806e-02 1.2e+01 1.23e-02  5e-03  1e-02 0:35.1
   87    870 7.728938538260305e-02 2.5e+01 2.25e-02  8e-03  3e-02 0:44.2
  100   1000 7.725716014399607e-02 3.8e+01 1.83e-02  6e-03  2e-02 0:50.8
  122   1220 7.724106326185359e-02 6.5e+01 9.83e-03  3e-03  2e-02 1:02.0
  146   1460 7.723913065365079e-02 8.1e+01 4.54e-03  2e-03  6e-03 1:14.2
  172   1720 7.723825296639586e-02 9.2e+01 8.30e-03  3e-03  1e-02 1:27.4
  200   2000 7.723425274759921e-02 1.9e+02 1.32e-02  3e-03  2e-02 1:41.6
  230   2300 7.723013003083333e-02 1.7e+02 2.79e-02  3e-03  3e-02 1:56.8
  262   2620 7.721720625978831e-02 9.2e+01 4.91e-02  3e-03  4e-02 2:13.1
  296   2960 7.716604899635578e-02 1.7e+02 1.09e-01  5e-03  1e-01 2:30.3
  300   3000 7.715828284507469e-02 1.5e+02 1.02e-01  5e-03  9e-02 2:32.4
  338   3380 7.651996015316744e-02 2.0e+02 3.30e-01  9e-03  3e-01 2:51.7
  378   3780 7.436673268583133e-02 1.1e+02 2.74e-01  3e-03  1e-01 3:11.9
  400   4000 7.429428976756371e-02 9.0e+01 2.19e-01  2e-03  6e-02 3:23.1
  444   4440 7.429121613934335e-02 6.6e+01 7.73e-03  3e-05  9e-04 3:45.4
  490   4900 7.429121337192802e-02 6.8e+01 1.60e-04  3e-07  1e-05 4:08.7
  500   5000 7.429121337160630e-02 7.5e+01 7.03e-05  1e-07  4e-06 4:13.8
  507   5070 7.429121337157781e-02 7.4e+01 3.71e-05  5e-08  2e-06 4:17.3
termination on tolfun=1e-11 (Fri Nov 27 12:28:03 2020)
final/bestever f-value = 7.429121e-02 7.429121e-02
incumbent solution: [6.959531435102638e-07, -8.765655260921747, -0.07911136108091216, -3.141593398482221, 6.256697103809452, 0.8033076213122418, 9.195485393495735e-08, 0.2187010935268926]
std deviation: [8.93289148682303e-07, 1.948315566217087e-06, 6.655326057951365e-08, 9.085323764917927e-07, 1.970104060103328e-06, 5.2779880797435735e-08, 1.1052680931533895e-07, 2.1609650331409327e-07]
cma
(5_w,10)-aCMA-ES (mu_w=3.2,w_1=45%) in dimension 8 (seed=624544, Fri Nov 27 12:28:03 2020)
Iterat #Fevals   function value  axis ratio  sigma  min&max std  t[m:s]
    1     10 1.487856766891167e-01 1.0e+00 9.85e-01  9e-01  1e+00 0:00.5
    2     20 3.289559701178942e-01 1.3e+00 1.06e+00  1e+00  1e+00 0:01.0
    3     30 7.544042932470117e-01 1.5e+00 1.09e+00  1e+00  1e+00 0:01.5
    9     90 3.751501110341044e-01 2.1e+00 7.27e-01  6e-01  8e-01 0:04.6
   17    170 1.700272322544555e-01 3.0e+00 3.48e-01  2e-01  4e-01 0:08.6
   27    270 7.188922055161251e-02 3.6e+00 2.54e-01  2e-01  4e-01 0:13.7
   39    390 5.078557320462562e-02 5.2e+00 8.41e-02  4e-02  1e-01 0:19.8
   53    530 4.958646144231640e-02 6.8e+00 4.30e-02  2e-02  6e-02 0:26.9
   69    690 4.881571428493067e-02 9.3e+00 5.27e-02  2e-02  6e-02 0:35.1
   87    870 4.858679218896792e-02 1.0e+01 1.30e-02  3e-03  1e-02 0:44.2
  100   1000 4.854731997984297e-02 1.6e+01 3.34e-02  6e-03  4e-02 0:50.8
  122   1220 4.848848566222122e-02 2.3e+01 1.84e-02  3e-03  2e-02 1:02.0
  146   1460 4.840923773021829e-02 4.9e+01 3.08e-02  4e-03  5e-02 1:14.2
  172   1720 4.837993266901250e-02 3.5e+01 1.10e-02  9e-04  1e-02 1:27.4
  200   2000 4.836863479383614e-02 5.3e+01 1.17e-02  6e-04  1e-02 1:41.7
  230   2300 4.836690166666428e-02 8.4e+01 3.52e-03  1e-04  4e-03 1:56.9
  262   2620 4.836682821356935e-02 1.1e+02 5.63e-04  1e-05  5e-04 2:13.2
  296   2960 4.836682781088953e-02 1.4e+02 7.34e-05  1e-06  5e-05 2:30.4
  300   3000 4.836682780998686e-02 1.3e+02 5.63e-05  9e-07  4e-05 2:32.5
  319   3190 4.836682780933250e-02 1.1e+02 1.02e-05  1e-07  5e-06 2:42.1
termination on tolfun=1e-11 (Fri Nov 27 12:30:46 2020)
final/bestever f-value = 4.836683e-02 4.836683e-02
incumbent solution: [3.034229468739457e-08, 2.445527114740707, 2.2713898144339817, -5.266100306746703e-09, 2.9335611396949504, 0.34199120814626316, -1.2216101363595104e-08, 2.2894321764003487]
std deviation: [1.2117780875075317e-07, 1.5152544098327084e-06, 6.820973125444849e-07, 1.8571859244990676e-07, 4.422857370938149e-06, 1.2255524674594989e-06, 2.1524644912829445e-07, 4.791172086477675e-06]
cma
(5_w,11)-aCMA-ES (mu_w=3.4,w_1=42%) in dimension 11 (seed=654344, Fri Nov 27 12:30:47 2020)
Iterat #Fevals   function value  axis ratio  sigma  min&max std  t[m:s]
    1     11 1.120920769677130e+00 1.0e+00 9.38e-01  9e-01  1e+00 0:00.6
    2     22 1.101793468583288e+00 1.2e+00 9.22e-01  9e-01  9e-01 0:01.2
    3     33 6.034668749821568e-01 1.2e+00 9.42e-01  9e-01  1e+00 0:01.8
    8     88 3.579144770548892e-01 1.5e+00 7.35e-01  6e-01  8e-01 0:04.9
   15    165 4.130909881993602e-01 2.0e+00 6.74e-01  6e-01  8e-01 0:09.1
   24    264 2.871210280473587e-01 2.3e+00 4.92e-01  4e-01  5e-01 0:14.6
   34    374 1.621989354498723e-01 2.9e+00 2.80e-01  2e-01  3e-01 0:20.7
   46    506 8.395930730436395e-02 3.7e+00 1.64e-01  1e-01  2e-01 0:28.0
   60    660 5.655161777505258e-02 4.1e+00 1.06e-01  6e-02  1e-01 0:36.5
   75    825 4.445337396204144e-02 6.4e+00 1.12e-01  6e-02  1e-01 0:45.7
   92   1012 3.185798380071386e-02 8.2e+00 7.06e-02  4e-02  7e-02 0:56.0
  100   1100 2.737082819324658e-02 8.5e+00 7.56e-02  4e-02  7e-02 1:00.9
  120   1320 2.078005641524180e-02 1.1e+01 1.02e-01  4e-02  9e-02 1:13.1
  142   1562 1.823036800194117e-02 1.2e+01 2.74e-02  1e-02  2e-02 1:26.5
  165   1815 1.812341588751976e-02 1.4e+01 6.79e-03  2e-03  5e-03 1:40.6
  190   2090 1.811951701498997e-02 1.5e+01 1.40e-03  3e-04  1e-03 1:55.8
  200   2200 1.811946747281229e-02 1.8e+01 1.07e-03  2e-04  8e-04 2:01.9
  228   2508 1.811942050116648e-02 2.2e+01 3.18e-04  4e-05  2e-04 2:19.0
  258   2838 1.811934637848278e-02 7.8e+01 1.02e-03  1e-04  2e-03 2:37.2
  290   3190 1.811715272232320e-02 2.5e+02 6.17e-03  5e-04  3e-02 2:56.8
  300   3300 1.811212763888385e-02 4.2e+02 1.13e-02  9e-04  7e-02 3:02.8
  335   3685 1.783821595854318e-02 3.5e+02 9.43e-02  7e-03  4e-01 3:24.2
  372   4092 1.685360293526312e-02 1.5e+02 8.05e-02  5e-03  1e-01 3:46.8
  400   4400 1.336598132742474e-02 7.6e+01 2.12e-01  1e-02  2e-01 4:03.8
  440   4840 1.037356662054036e-02 4.6e+01 1.55e-01  9e-03  7e-02 4:28.2
  482   5302 9.579640211215743e-03 5.7e+01 1.58e-01  8e-03  7e-02 4:53.8
  500   5500 8.428193044031983e-03 7.0e+01 2.81e-01  1e-02  1e-01 5:04.8
  545   5995 5.936842251784844e-03 6.6e+01 3.05e-01  1e-02  1e-01 5:32.2
  591   6501 5.687171447328711e-03 4.2e+01 4.59e-02  1e-03  1e-02 6:00.2
  600   6600 5.686133353999979e-03 4.2e+01 2.39e-02  6e-04  5e-03 6:05.7
  650   7150 5.685712666951200e-03 4.5e+01 1.35e-03  2e-05  2e-04 6:36.2
  700   7700 5.685711941495037e-03 5.1e+01 4.55e-05  5e-07  5e-06 7:06.7
  713   7843 5.685711941439666e-03 4.9e+01 2.12e-05  2e-07  2e-06 7:14.6
termination on tolfun=1e-11 (Fri Nov 27 12:38:03 2020)
final/bestever f-value = 5.685712e-03 5.685712e-03
incumbent solution: [-3.14159260e+00  8.03536661e+00 -5.02507897e-01 -3.14159257e+00
 -3.82323877e+00  8.21770613e-01 -3.36134567e-07 -5.58187183e+00 ...]
std deviations: [4.13513294e-07 1.58065026e-06 2.57448626e-07 5.00395916e-07
 1.26169686e-06 3.49837574e-07 3.15583112e-07 2.03880827e-06 ...]
cma
(5_w,11)-aCMA-ES (mu_w=3.4,w_1=42%) in dimension 11 (seed=524327, Fri Nov 27 12:38:04 2020)
Iterat #Fevals   function value  axis ratio  sigma  min&max std  t[m:s]
    1     11 7.200018326747959e-01 1.0e+00 9.03e-01  9e-01  9e-01 0:00.6
    2     22 4.647888908820875e-01 1.2e+00 8.64e-01  8e-01  9e-01 0:01.2
    3     33 3.595601278929467e-01 1.2e+00 8.58e-01  8e-01  9e-01 0:01.8
    8     88 3.931512313346544e-01 1.5e+00 9.00e-01  9e-01  1e+00 0:04.9
   15    165 7.910428198192155e-01 1.6e+00 6.07e-01  5e-01  7e-01 0:09.1
   24    264 3.910948053632798e-01 1.8e+00 3.89e-01  3e-01  4e-01 0:14.6
   34    374 1.470523431974410e-01 2.4e+00 3.94e-01  3e-01  4e-01 0:20.6
   46    506 1.697750874547068e-01 2.8e+00 2.61e-01  2e-01  3e-01 0:27.9
   60    660 8.425567942169242e-02 3.7e+00 1.15e-01  7e-02  1e-01 0:36.4
   75    825 7.856976426873132e-02 5.3e+00 7.77e-02  5e-02  8e-02 0:45.5
   92   1012 7.747740542356409e-02 8.0e+00 3.56e-02  2e-02  3e-02 0:55.8
  100   1100 7.730120540513355e-02 8.8e+00 2.31e-02  1e-02  2e-02 1:00.7
  120   1320 7.724618238861657e-02 1.2e+01 4.86e-03  2e-03  4e-03 1:12.8
  142   1562 7.724473019625012e-02 1.7e+01 1.91e-03  8e-04  2e-03 1:26.2
  166   1826 7.724371470694609e-02 3.9e+01 3.58e-03  2e-03  5e-03 1:40.7
  191   2101 7.724288303121417e-02 9.8e+01 2.32e-03  1e-03  6e-03 1:55.9
  200   2200 7.724280642921133e-02 1.0e+02 1.31e-03  6e-04  3e-03 2:01.4
  229   2519 7.724279266412577e-02 1.2e+02 3.21e-04  1e-04  6e-04 2:19.0
  259   2849 7.724279226201479e-02 1.5e+02 6.26e-05  1e-05  1e-04 2:37.2
  291   3201 7.724279224961153e-02 2.4e+02 9.06e-06  1e-06  2e-05 2:56.6
  299   3289 7.724279224951724e-02 2.7e+02 5.59e-06  8e-07  1e-05 3:01.4
termination on tolfun=1e-11 (Fri Nov 27 12:41:06 2020)
final/bestever f-value = 7.724279e-02 7.724279e-02
incumbent solution: [ 2.71189007e+00 -2.44365064e+00  2.27221328e+00  8.58551049e-02
 -9.91355293e-07 -1.79713592e+00 -2.18182827e+00  1.51803663e-06 ...]
std deviations: [5.31903503e-06 4.00019083e-06 6.87373070e-06 8.71519088e-06
 2.06283174e-06 4.88047367e-06 9.60279313e-06 2.55549502e-06 ...]
cma
(5_w,11)-aCMA-ES (mu_w=3.4,w_1=42%) in dimension 14 (seed=555899, Fri Nov 27 12:41:07 2020)
Iterat #Fevals   function value  axis ratio  sigma  min&max std  t[m:s]
    1     11 2.884600468296455e-01 1.0e+00 9.08e-01  9e-01  9e-01 0:00.7
    2     22 3.483405010674635e-01 1.1e+00 8.66e-01  8e-01  9e-01 0:01.3
    3     33 3.542750478300505e-01 1.1e+00 8.16e-01  8e-01  8e-01 0:02.0
    8     88 3.426689751434562e-01 1.3e+00 6.29e-01  6e-01  6e-01 0:05.3
   15    165 3.606525874171105e-01 1.4e+00 5.28e-01  5e-01  5e-01 0:09.8
   23    253 1.857493619816799e-01 1.8e+00 4.89e-01  4e-01  5e-01 0:15.1
   33    363 2.958740127445221e-01 2.2e+00 4.39e-01  4e-01  5e-01 0:21.6
   44    484 1.882362580726061e-01 2.6e+00 3.40e-01  3e-01  4e-01 0:28.8
   57    627 8.529532254289282e-02 3.3e+00 2.37e-01  2e-01  3e-01 0:37.4
   71    781 7.097586282357107e-02 3.8e+00 1.74e-01  1e-01  2e-01 0:46.6
   87    957 5.557504316668641e-02 4.6e+00 1.21e-01  7e-02  1e-01 0:57.1
  100   1100 5.273359579325592e-02 5.5e+00 7.85e-02  4e-02  9e-02 1:05.6
  119   1309 4.994389425919376e-02 6.5e+00 4.59e-02  2e-02  5e-02 1:18.1
  139   1529 4.854839372619311e-02 9.3e+00 3.63e-02  2e-02  4e-02 1:31.3
  161   1771 4.820260543441595e-02 1.0e+01 1.62e-02  7e-03  2e-02 1:45.7
  184   2024 4.784589894809591e-02 1.7e+01 2.45e-02  1e-02  3e-02 2:00.8
  200   2200 4.727758511003297e-02 2.3e+01 2.01e-02  7e-03  3e-02 2:11.3
  226   2486 4.654798849451207e-02 2.8e+01 1.98e-02  6e-03  4e-02 2:28.4
  254   2794 4.532704658608897e-02 2.8e+01 4.18e-02  1e-02  8e-02 2:46.8
  283   3113 4.157837569162526e-02 3.0e+01 4.78e-02  1e-02  9e-02 3:05.9
  300   3300 3.822127143480417e-02 3.5e+01 6.64e-02  2e-02  1e-01 3:17.0
  332   3652 3.064342031916334e-02 3.5e+01 7.19e-02  2e-02  1e-01 3:38.1
  366   4026 2.871567259049676e-02 2.6e+01 3.64e-02  7e-03  6e-02 4:00.4
  400   4400 2.860108404287439e-02 3.0e+01 1.09e-02  2e-03  2e-02 4:22.8
  437   4807 2.855465162241106e-02 6.6e+01 1.14e-02  2e-03  4e-02 4:47.0
  476   5236 2.848583973335142e-02 9.4e+01 1.98e-02  3e-03  7e-02 5:12.7
  500   5500 2.839357277155939e-02 9.6e+01 2.50e-02  5e-03  7e-02 5:28.4
  542   5962 2.809641018975840e-02 5.7e+01 2.55e-02  5e-03  4e-02 5:56.0
  585   6435 2.770082610969626e-02 5.6e+01 5.73e-02  1e-02  6e-02 6:24.3
  600   6600 2.745343842458145e-02 5.8e+01 7.43e-02  1e-02  8e-02 6:34.2
  646   7106 2.689829009602347e-02 5.4e+01 5.57e-02  7e-03  4e-02 7:04.4
  694   7634 2.554056970114570e-02 4.7e+01 9.45e-02  9e-03  6e-02 7:35.9
  700   7700 2.537551823677430e-02 4.7e+01 1.11e-01  1e-02  7e-02 7:39.8
  751   8261 2.371169164141641e-02 4.0e+01 1.32e-01  1e-02  8e-02 8:13.3
  800   8800 1.956796773941240e-02 5.2e+01 2.68e-01  2e-02  2e-01 8:45.5
  854   9394 1.437169423518768e-02 5.9e+01 1.25e-01  8e-03  1e-01 9:20.9
  900   9900 1.415684937421893e-02 4.6e+01 2.82e-02  2e-03  1e-02 9:51.2
  957  10527 1.415299427328837e-02 4.1e+01 8.91e-03  4e-04  3e-03 10:28.6
 1000  11000 1.414987470126761e-02 5.6e+01 2.08e-02  8e-04  8e-03 10:56.8
Iterat #Fevals   function value  axis ratio  sigma  min&max std  t[m:s]
 1060  11660 1.187558602091536e-02 1.7e+02 4.70e-01  1e-02  4e-01 11:36.2
 1100  12100 7.709397674258663e-03 1.5e+02 4.02e-01  1e-02  3e-01 12:02.5
 1163  12793 6.876035046799773e-03 1.1e+02 1.82e-01  3e-03  7e-02 12:43.9
 1200  13200 6.762719320515986e-03 1.3e+02 1.94e-01  3e-03  8e-02 13:08.2
 1266  13926 4.949674616403493e-03 1.2e+02 5.49e-01  8e-03  2e-01 13:51.5
 1300  14300 4.587182110184194e-03 1.4e+02 2.38e-01  3e-03  7e-02 14:13.8
 1369  15059 4.561156421008089e-03 1.2e+02 1.60e-02  2e-04  3e-03 14:59.1
 1400  15400 4.561091562283452e-03 1.0e+02 3.03e-03  3e-05  4e-04 15:19.5
 1472  16192 4.561090417289115e-03 9.7e+01 4.04e-05  2e-07  4e-06 16:06.8
 1484  16324 4.561090417202289e-03 9.2e+01 1.92e-05  1e-07  2e-06 16:14.7
termination on tolfun=1e-11 (Fri Nov 27 12:57:24 2020)
final/bestever f-value = 4.561090e-03 4.561090e-03
incumbent solution: [-1.19933665e-07 -1.64977805e+01 -2.33976421e-01  3.35735533e-08
  1.07162041e+01 -3.92324281e+00  6.28318528e+00 -1.27725462e+01 ...]
std deviations: [3.62637890e-07 1.61655561e-06 1.26534754e-07 3.43008618e-07
 1.23898627e-06 1.22137927e-07 2.52167170e-07 1.10665435e-06 ...]
cma
(5_w,11)-aCMA-ES (mu_w=3.4,w_1=42%) in dimension 14 (seed=544880, Fri Nov 27 12:57:26 2020)
Iterat #Fevals   function value  axis ratio  sigma  min&max std  t[m:s]
    1     11 9.342500852088960e-01 1.0e+00 9.54e-01  9e-01  1e+00 0:00.7
    2     22 8.162049814585604e-01 1.1e+00 8.90e-01  9e-01  9e-01 0:01.3
    3     33 8.210448921416531e-01 1.2e+00 8.13e-01  8e-01  8e-01 0:02.0
    8     88 5.748945875863262e-01 1.4e+00 7.61e-01  7e-01  8e-01 0:05.3
   15    165 6.473307707024454e-01 1.5e+00 5.93e-01  5e-01  6e-01 0:09.9
   23    253 3.721057982018181e-01 1.8e+00 5.51e-01  5e-01  6e-01 0:15.1
   33    363 1.589204219310787e-01 1.9e+00 4.81e-01  4e-01  5e-01 0:21.7
   44    484 1.285470208500024e-01 2.3e+00 2.50e-01  2e-01  3e-01 0:28.9
   57    627 9.981381414021470e-02 2.8e+00 1.32e-01  1e-01  1e-01 0:37.5
   71    781 8.449638422623060e-02 3.4e+00 1.03e-01  8e-02  1e-01 0:46.7
   87    957 7.822756543193711e-02 4.4e+00 5.34e-02  3e-02  6e-02 0:57.2
  100   1100 7.736736375198895e-02 5.2e+00 2.99e-02  2e-02  3e-02 1:05.8
  119   1309 7.725016043967628e-02 6.9e+00 1.79e-02  1e-02  2e-02 1:18.3
  139   1529 7.710902805922797e-02 1.1e+01 1.62e-02  8e-03  2e-02 1:31.4
  161   1771 7.702575020475273e-02 1.7e+01 1.95e-02  9e-03  3e-02 1:45.9
  184   2024 7.694715954806113e-02 2.9e+01 1.55e-02  6e-03  3e-02 2:01.0
  200   2200 7.690579864036205e-02 4.0e+01 1.50e-02  5e-03  3e-02 2:11.5
  226   2486 7.673601267094093e-02 5.3e+01 2.64e-02  8e-03  7e-02 2:28.6
  254   2794 7.599712211006830e-02 8.6e+01 3.97e-02  1e-02  2e-01 2:47.1
  283   3113 7.478485646258279e-02 1.4e+02 4.24e-02  8e-03  2e-01 3:06.1
  300   3300 7.421711316776680e-02 1.6e+02 4.76e-02  8e-03  3e-01 3:17.3
  332   3652 7.394155252097191e-02 1.7e+02 2.47e-02  3e-03  1e-01 3:38.3
  366   4026 7.095799992047573e-02 2.0e+02 1.10e-01  1e-02  7e-01 4:00.7
  400   4400 5.716174573831487e-02 1.5e+02 2.16e-01  2e-02  1e+00 4:23.0
  437   4807 5.348990435298660e-02 1.2e+02 5.90e-02  5e-03  2e-01 4:47.3
  476   5236 5.296078867774547e-02 1.2e+02 3.73e-02  3e-03  9e-02 5:13.0
  500   5500 5.217513734474191e-02 9.6e+01 8.81e-02  6e-03  2e-01 5:28.7
  542   5962 5.027616107585085e-02 1.0e+02 6.85e-02  4e-03  1e-01 5:56.3
  585   6435 4.993881318215569e-02 1.1e+02 6.36e-02  3e-03  1e-01 6:24.6
  600   6600 4.980833190325321e-02 1.2e+02 6.53e-02  3e-03  1e-01 6:34.4
  646   7106 4.973782670946784e-02 1.3e+02 1.03e-02  3e-04  2e-02 7:04.7
  694   7634 4.973727305649477e-02 1.2e+02 7.81e-04  2e-05  1e-03 7:36.2
  700   7700 4.973727266678049e-02 1.2e+02 5.04e-04  1e-05  7e-04 7:40.1
  751   8261 4.973727160114991e-02 1.1e+02 1.81e-05  4e-07  2e-05 8:13.7
  780   8580 4.973727160043931e-02 1.2e+02 2.31e-06  4e-08  2e-06 8:32.7
termination on tolfun=1e-11 (Fri Nov 27 13:05:59 2020)
final/bestever f-value = 4.973727e-02 4.973727e-02
incumbent solution: [ 3.14159285e+00  1.32284532e+01 -3.19701779e+00  5.04107254e-07
 -5.26284546e+00 -4.05108120e-02 -2.71456675e-07  1.58322639e+01 ...]
std deviations: [8.09919395e-07 1.44036675e-06 4.57197516e-08 1.13922062e-06
 1.63911921e-06 4.02482377e-08 1.06692986e-06 1.87857676e-06 ...]
cma
(6_w,12)-aCMA-ES (mu_w=3.7,w_1=40%) in dimension 17 (seed=589363, Fri Nov 27 13:06:02 2020)
Iterat #Fevals   function value  axis ratio  sigma  min&max std  t[m:s]
    1     12 5.059894325731612e-01 1.0e+00 9.28e-01  9e-01  9e-01 0:00.8
    2     24 7.116397816957645e-01 1.1e+00 9.02e-01  9e-01  9e-01 0:01.5
    3     36 1.054276390178457e+00 1.2e+00 8.97e-01  9e-01  9e-01 0:02.3
    7     84 6.802151043621774e-01 1.3e+00 7.95e-01  7e-01  8e-01 0:05.4
   13    156 6.194103684894396e-01 1.4e+00 7.13e-01  7e-01  7e-01 0:10.0
   20    240 3.621016219314696e-01 1.5e+00 4.85e-01  4e-01  5e-01 0:15.4
   28    336 2.331739424109651e-01 1.6e+00 3.60e-01  3e-01  4e-01 0:21.5
   38    456 9.542193486756556e-02 1.8e+00 2.47e-01  2e-01  3e-01 0:29.3
   49    588 7.758815234305344e-02 2.0e+00 2.12e-01  2e-01  2e-01 0:37.7
   61    732 6.852077713459581e-02 2.9e+00 1.85e-01  1e-01  2e-01 0:47.0
   74    888 4.255537680724642e-02 3.5e+00 1.10e-01  8e-02  1e-01 0:57.0
   89   1068 3.455166072716005e-02 3.6e+00 8.35e-02  6e-02  1e-01 1:08.5
  100   1200 2.790015173417573e-02 3.9e+00 5.53e-02  4e-02  7e-02 1:17.0
  117   1404 2.434383558549360e-02 4.9e+00 4.53e-02  3e-02  5e-02 1:30.1
  136   1632 2.065949502082628e-02 7.7e+00 3.63e-02  3e-02  5e-02 1:44.7
  156   1872 1.970784493035825e-02 9.2e+00 3.06e-02  2e-02  4e-02 2:00.2
  177   2124 1.903809177066026e-02 1.0e+01 1.71e-02  1e-02  2e-02 2:16.3
  200   2400 1.880881471637648e-02 1.3e+01 1.43e-02  8e-03  2e-02 2:34.0
  224   2688 1.865272037933266e-02 1.7e+01 1.33e-02  7e-03  2e-02 2:52.5
  249   2988 1.847589862846408e-02 2.5e+01 1.25e-02  7e-03  2e-02 3:11.8
  276   3312 1.836132728636048e-02 2.8e+01 1.08e-02  6e-03  2e-02 3:32.6
  300   3600 1.824259508556661e-02 3.3e+01 1.21e-02  7e-03  2e-02 3:51.0
  329   3948 1.816525313301404e-02 4.5e+01 1.29e-02  7e-03  2e-02 4:13.3
  359   4308 1.814059702266123e-02 4.8e+01 4.28e-03  2e-03  8e-03 4:36.4
  391   4692 1.812860613835238e-02 5.6e+01 7.86e-03  4e-03  1e-02 5:01.0
  400   4800 1.812526643100815e-02 5.5e+01 6.50e-03  3e-03  1e-02 5:07.9
  434   5208 1.812023624019797e-02 6.0e+01 3.68e-03  2e-03  5e-03 5:34.1
  470   5640 1.811657135215214e-02 7.6e+01 5.56e-03  2e-03  1e-02 6:01.8
  500   6000 1.809040055912117e-02 9.3e+01 1.48e-02  6e-03  3e-02 6:24.9
  538   6456 1.789834724195085e-02 8.4e+01 3.44e-02  1e-02  5e-02 6:54.1
  577   6924 1.767495543180150e-02 8.5e+01 3.24e-02  1e-02  5e-02 7:24.1
  600   7200 1.712834967527014e-02 1.1e+02 7.21e-02  3e-02  1e-01 7:41.8
  642   7704 1.616052441377022e-02 1.1e+02 6.85e-02  3e-02  1e-01 8:14.1
  685   8220 1.473797704516006e-02 1.1e+02 5.06e-02  1e-02  7e-02 8:47.2
  700   8400 1.409870804177301e-02 8.2e+01 5.60e-02  1e-02  7e-02 8:58.7
  746   8952 1.072731375880783e-02 7.1e+01 1.05e-01  2e-02  1e-01 9:34.1
  793   9516 8.419846697518704e-03 6.9e+01 8.32e-02  2e-02  8e-02 10:10.2
  800   9600 8.313124900722980e-03 7.1e+01 9.93e-02  2e-02  1e-01 10:15.6
  850  10200 6.497892362757958e-03 6.8e+01 8.94e-02  1e-02  9e-02 10:54.1
  900  10800 5.644640860542860e-03 5.6e+01 4.49e-02  5e-03  4e-02 11:32.5
  953  11436 5.523509529949396e-03 9.4e+01 4.42e-02  5e-03  6e-02 12:13.3
 1000  12000 5.266517365131515e-03 1.1e+02 4.55e-02  4e-03  6e-02 12:49.4
Iterat #Fevals   function value  axis ratio  sigma  min&max std  t[m:s]
 1055  12660 4.469310113367430e-03 9.2e+01 6.67e-02  5e-03  7e-02 13:31.7
 1100  13200 3.834951161209590e-03 1.1e+02 1.11e-01  8e-03  1e-01 14:06.3
 1158  13896 3.466410951454554e-03 1.5e+02 8.13e-02  5e-03  1e-01 14:50.9
 1200  14400 3.355795329884734e-03 1.5e+02 4.25e-02  2e-03  5e-02 15:23.2
 1260  15120 3.313417044433375e-03 1.3e+02 3.47e-02  1e-03  3e-02 16:09.3
 1300  15600 3.296643985105957e-03 1.5e+02 2.41e-02  1e-03  2e-02 16:40.1
 1363  16356 3.194291690538636e-03 1.7e+02 7.59e-02  3e-03  7e-02 17:28.6
 1400  16800 3.145684897656274e-03 1.2e+02 5.05e-02  2e-03  4e-02 17:57.0
 1466  17592 3.136446328275771e-03 1.1e+02 1.01e-02  2e-04  6e-03 18:47.8
 1500  18000 3.136219568694907e-03 1.1e+02 2.40e-03  5e-05  1e-03 19:13.9
 1568  18816 3.136213548948269e-03 1.1e+02 1.22e-04  2e-06  5e-05 20:06.2
 1600  19200 3.136213542238055e-03 1.2e+02 2.16e-05  3e-07  8e-06 20:30.9
 1618  19416 3.136213542030400e-03 1.3e+02 8.22e-06  9e-08  3e-06 20:44.7
termination on tolfun=1e-11 (Fri Nov 27 13:26:49 2020)
final/bestever f-value = 3.136214e-03 3.136214e-03
incumbent solution: [-3.1415927   7.57905336  0.82619659  3.14159245  4.89366715 -0.31341534
  3.14159329 -9.66692287 ...]
std deviations: [1.45586864e-07 1.49307924e-06 2.08798920e-07 3.74196791e-07
 1.19113842e-06 1.10507680e-07 9.10022170e-07 2.86595408e-06 ...]
cma
(6_w,12)-aCMA-ES (mu_w=3.7,w_1=40%) in dimension 17 (seed=538796, Fri Nov 27 13:26:53 2020)
Iterat #Fevals   function value  axis ratio  sigma  min&max std  t[m:s]
    1     12 7.759483506928700e-01 1.0e+00 9.62e-01  1e+00  1e+00 0:00.8
    2     24 5.545439030807211e-01 1.1e+00 9.16e-01  9e-01  9e-01 0:01.5
    3     36 9.380664867034038e-01 1.2e+00 9.00e-01  9e-01  9e-01 0:02.3
    7     84 7.670630490885848e-01 1.3e+00 8.54e-01  8e-01  9e-01 0:05.4
   13    156 3.767168142321953e-01 1.4e+00 7.98e-01  7e-01  8e-01 0:10.0
   20    240 3.780693499704234e-01 1.6e+00 8.81e-01  8e-01  9e-01 0:15.4
   28    336 6.496948615687969e-01 1.8e+00 8.77e-01  8e-01  9e-01 0:21.5
   38    456 5.321548825042347e-01 2.0e+00 6.74e-01  6e-01  7e-01 0:29.2
   49    588 5.184275636596091e-01 2.2e+00 4.46e-01  4e-01  5e-01 0:37.7
   61    732 2.877614055154290e-01 2.4e+00 3.68e-01  3e-01  4e-01 0:46.9
   75    900 1.941903664248529e-01 2.6e+00 2.30e-01  2e-01  2e-01 0:57.7
   90   1080 6.676158477782274e-02 2.9e+00 1.27e-01  9e-02  1e-01 1:09.2
  100   1200 5.544291159020303e-02 3.1e+00 8.66e-02  6e-02  9e-02 1:16.9
  117   1404 6.027622005067424e-02 4.3e+00 1.30e-01  9e-02  2e-01 1:30.0
  136   1632 5.208666636611767e-02 4.9e+00 9.86e-02  7e-02  1e-01 1:44.6
  156   1872 4.977867275579911e-02 7.0e+00 6.46e-02  4e-02  8e-02 1:60.0
  177   2124 4.905159944003167e-02 8.6e+00 2.86e-02  2e-02  3e-02 2:16.1
  200   2400 4.851978031740307e-02 1.0e+01 1.28e-02  8e-03  2e-02 2:33.8
  224   2688 4.844543931777327e-02 1.3e+01 7.60e-03  5e-03  1e-02 2:52.2
  249   2988 4.840653074075605e-02 1.8e+01 5.90e-03  3e-03  8e-03 3:11.5
  276   3312 4.839367312470425e-02 2.9e+01 5.56e-03  3e-03  1e-02 3:32.2
  300   3600 4.839022911440315e-02 3.5e+01 2.02e-03  1e-03  3e-03 3:50.7
  329   3948 4.838687666063220e-02 4.0e+01 3.71e-03  2e-03  6e-03 4:12.9
  359   4308 4.838000655638500e-02 7.4e+01 4.59e-03  3e-03  8e-03 4:36.0
  391   4692 4.837559405123424e-02 1.0e+02 4.09e-03  2e-03  9e-03 5:00.5
  400   4800 4.837468248395115e-02 1.1e+02 4.03e-03  2e-03  9e-03 5:07.5
  434   5208 4.837224605764287e-02 1.4e+02 3.37e-03  2e-03  9e-03 5:33.6
  470   5640 4.837001024124992e-02 1.7e+02 3.14e-03  1e-03  1e-02 6:01.2
  500   6000 4.836690665561836e-02 1.8e+02 5.62e-03  3e-03  2e-02 6:24.2
  539   6468 4.836145164085551e-02 1.8e+02 9.11e-03  4e-03  3e-02 6:54.0
  579   6948 4.831072774361944e-02 1.7e+02 2.28e-02  9e-03  5e-02 7:24.4
  600   7200 4.812906171074673e-02 1.7e+02 3.27e-02  1e-02  9e-02 7:40.3
  643   7716 4.611397090291930e-02 2.0e+02 4.64e-02  2e-02  1e-01 8:13.0
  687   8244 4.348536796286576e-02 1.9e+02 6.91e-02  2e-02  2e-01 8:46.4
  700   8400 4.232112038245542e-02 1.7e+02 5.66e-02  1e-02  1e-01 8:56.3
  747   8964 3.829664382513828e-02 1.2e+02 6.55e-02  1e-02  1e-01 9:32.0
  795   9540 3.651222008863277e-02 8.3e+01 5.79e-02  1e-02  8e-02 10:08.5
  800   9600 3.621717825038608e-02 8.1e+01 6.10e-02  1e-02  8e-02 10:12.3
  851  10212 2.705427417001444e-02 8.6e+01 1.38e-01  2e-02  2e-01 10:51.0
  900  10800 2.463143711042226e-02 7.2e+01 7.71e-02  9e-03  1e-01 11:28.2
  953  11436 2.432247365994555e-02 5.1e+01 1.41e-02  1e-03  1e-02 12:08.5
 1000  12000 2.430864905675921e-02 4.8e+01 7.41e-03  5e-04  6e-03 12:44.2
Iterat #Fevals   function value  axis ratio  sigma  min&max std  t[m:s]
 1056  12672 2.429548900858991e-02 1.2e+02 2.37e-02  1e-03  4e-02 13:26.7
 1100  13200 2.428281253547147e-02 2.0e+02 8.20e-03  3e-04  2e-02 14:00.1
 1158  13896 2.428227888124498e-02 2.7e+02 2.66e-03  8e-05  6e-03 14:44.2
 1200  14400 2.428191794262581e-02 3.1e+02 6.55e-03  2e-04  1e-02 15:15.8
 1262  15144 2.427841716318952e-02 5.6e+02 1.38e-02  3e-04  3e-02 16:02.3
 1300  15600 2.427814223592924e-02 6.9e+02 4.50e-03  7e-05  1e-02 16:30.7
 1365  16380 2.427812296884949e-02 1.2e+03 6.24e-04  7e-06  2e-03 17:19.3
 1400  16800 2.427812151064964e-02 1.7e+03 7.68e-04  8e-06  3e-03 17:45.5
 1467  17604 2.353495440454303e-02 1.8e+03 1.68e-01  2e-03  6e-01 18:35.7
 1500  18000 2.164339749032333e-02 1.0e+03 2.39e-01  2e-03  5e-01 19:00.4
 1570  18840 1.872340536921178e-02 3.4e+02 3.83e-01  5e-03  3e-01 19:52.7
 1600  19200 1.593658930469290e-02 2.3e+02 3.38e-01  5e-03  2e-01 20:15.2
 1673  20076 9.517865978713392e-03 1.9e+02 4.73e-01  8e-03  2e-01 21:09.8
 1700  20400 8.537026158971461e-03 1.6e+02 3.88e-01  6e-03  1e-01 21:30.0
 1775  21300 6.868034532850855e-03 1.6e+02 4.60e-01  6e-03  2e-01 22:26.2
 1800  21600 6.504208570433707e-03 1.5e+02 5.17e-01  6e-03  2e-01 22:44.9
 1878  22536 5.624708486655882e-03 1.1e+02 2.65e-01  3e-03  5e-02 23:43.3
 1900  22800 5.586515168950726e-03 8.9e+01 2.12e-01  2e-03  4e-02 23:59.7
 1981  23772 5.450932741992890e-03 1.3e+02 2.71e-01  2e-03  5e-02 25:00.4
 2000  24000 5.422344594994009e-03 1.2e+02 1.75e-01  1e-03  3e-02 25:14.6
Iterat #Fevals   function value  axis ratio  sigma  min&max std  t[m:s]
 2083  24996 5.365307389826253e-03 1.8e+02 1.85e-01  1e-03  4e-02 26:16.7
 2100  25200 5.349052754012454e-03 2.0e+02 2.43e-01  1e-03  6e-02 26:29.5
 2186  26232 5.297960816813024e-03 3.4e+02 2.76e-01  1e-03  1e-01 27:33.9
 2200  26400 5.284209232055870e-03 3.4e+02 2.33e-01  1e-03  8e-02 27:44.3
 2289  27468 5.198690489470188e-03 2.8e+02 2.00e-01  8e-04  5e-02 28:51.0
 2300  27600 5.196218708442472e-03 2.8e+02 1.65e-01  6e-04  4e-02 28:59.2
 2391  28692 5.151952758716630e-03 2.0e+02 3.74e-01  1e-03  5e-02 30:07.4
 2400  28800 5.135920176626595e-03 1.9e+02 4.42e-01  1e-03  5e-02 30:14.1
 2494  29928 4.920250352353841e-03 1.4e+02 5.97e-01  2e-03  5e-02 31:24.3
 2500  30000 4.916416696878792e-03 1.3e+02 7.12e-01  2e-03  6e-02 31:28.8
 2597  31164 4.822177398835331e-03 1.3e+02 6.59e-01  2e-03  5e-02 32:41.1
 2600  31200 4.820367482273628e-03 1.3e+02 5.91e-01  2e-03  5e-02 32:43.4
 2700  32400 4.726939594225592e-03 1.4e+02 5.73e-01  1e-03  3e-02 33:57.9
 2800  33600 4.495354139432146e-03 1.5e+02 1.69e+00  2e-03  8e-02 35:12.5
 2900  34800 3.403124877030375e-03 7.7e+01 2.09e+00  4e-03  5e-02 36:26.9
 3000  36000 3.251901217584924e-03 9.1e+01 1.01e+00  2e-03  2e-02 37:40.3
Iterat #Fevals   function value  axis ratio  sigma  min&max std  t[m:s]
 3100  37200 3.186472872161222e-03 7.8e+01 9.67e-01  9e-04  2e-02 38:53.3
 3200  38400 3.182895630144172e-03 9.6e+01 8.10e-01  5e-04  1e-02 40:06.3
 3300  39600 3.144212596555002e-03 2.2e+02 1.56e+00  1e-03  3e-02 41:19.2
 3400  40800 3.131392298975115e-03 2.4e+02 5.36e-01  3e-04  1e-02 42:32.1
 3500  42000 3.130910067686646e-03 2.9e+02 2.42e-02  1e-05  6e-04 43:45.0
 3579  42948 3.130909898831389e-03 3.5e+02 6.94e-04  3e-07  1e-05 44:42.6
/home/adrianps/venvs/quantum_simulation/lib/python3.6/site-packages/scipy/optimize/optimize.py:705: ComplexWarning: Casting complex values to real discards the imaginary part
  grad[k] = df
/home/adrianps/venvs/quantum_simulation/lib/python3.6/site-packages/scipy/optimize/linesearch.py:172: ComplexWarning: Casting complex values to real discards the imaginary part
  amin, amax, isave, dsave)
/home/adrianps/venvs/quantum_simulation/lib/python3.6/site-packages/scipy/optimize/optimize.py:705: ComplexWarning: Casting complex values to real discards the imaginary part
  grad[k] = df
/home/adrianps/venvs/quantum_simulation/lib/python3.6/site-packages/scipy/optimize/linesearch.py:172: ComplexWarning: Casting complex values to real discards the imaginary part
  amin, amax, isave, dsave)
/home/adrianps/venvs/quantum_simulation/lib/python3.6/site-packages/scipy/optimize/optimize.py:705: ComplexWarning: Casting complex values to real discards the imaginary part
  grad[k] = df
/home/adrianps/venvs/quantum_simulation/lib/python3.6/site-packages/scipy/optimize/linesearch.py:172: ComplexWarning: Casting complex values to real discards the imaginary part
  amin, amax, isave, dsave)
/home/adrianps/venvs/quantum_simulation/lib/python3.6/site-packages/scipy/optimize/optimize.py:705: ComplexWarning: Casting complex values to real discards the imaginary part
  grad[k] = df
/home/adrianps/venvs/quantum_simulation/lib/python3.6/site-packages/scipy/optimize/linesearch.py:172: ComplexWarning: Casting complex values to real discards the imaginary part
  amin, amax, isave, dsave)
/home/adrianps/venvs/quantum_simulation/lib/python3.6/site-packages/scipy/optimize/optimize.py:705: ComplexWarning: Casting complex values to real discards the imaginary part
  grad[k] = df
/home/adrianps/venvs/quantum_simulation/lib/python3.6/site-packages/scipy/optimize/linesearch.py:172: ComplexWarning: Casting complex values to real discards the imaginary part
  amin, amax, isave, dsave)
/home/adrianps/venvs/quantum_simulation/lib/python3.6/site-packages/scipy/optimize/optimize.py:705: ComplexWarning: Casting complex values to real discards the imaginary part
  grad[k] = df
/home/adrianps/venvs/quantum_simulation/lib/python3.6/site-packages/scipy/optimize/linesearch.py:172: ComplexWarning: Casting complex values to real discards the imaginary part
  amin, amax, isave, dsave)
/home/adrianps/venvs/quantum_simulation/lib/python3.6/site-packages/scipy/optimize/optimize.py:705: ComplexWarning: Casting complex values to real discards the imaginary part
  grad[k] = df
/home/adrianps/venvs/quantum_simulation/lib/python3.6/site-packages/scipy/optimize/linesearch.py:172: ComplexWarning: Casting complex values to real discards the imaginary part
  amin, amax, isave, dsave)
/home/adrianps/venvs/quantum_simulation/lib/python3.6/site-packages/scipy/optimize/optimize.py:705: ComplexWarning: Casting complex values to real discards the imaginary part
  grad[k] = df
/home/adrianps/venvs/quantum_simulation/lib/python3.6/site-packages/scipy/optimize/linesearch.py:172: ComplexWarning: Casting complex values to real discards the imaginary part
  amin, amax, isave, dsave)
/home/adrianps/venvs/quantum_simulation/lib/python3.6/site-packages/scipy/optimize/optimize.py:705: ComplexWarning: Casting complex values to real discards the imaginary part
  grad[k] = df
/home/adrianps/venvs/quantum_simulation/lib/python3.6/site-packages/scipy/optimize/linesearch.py:172: ComplexWarning: Casting complex values to real discards the imaginary part
  amin, amax, isave, dsave)
/home/adrianps/venvs/quantum_simulation/lib/python3.6/site-packages/scipy/optimize/optimize.py:705: ComplexWarning: Casting complex values to real discards the imaginary part
  grad[k] = df
/home/adrianps/venvs/quantum_simulation/lib/python3.6/site-packages/scipy/optimize/linesearch.py:172: ComplexWarning: Casting complex values to real discards the imaginary part
  amin, amax, isave, dsave)
/home/adrianps/Universal-Approximator/qibo_sim/classes/ApproximantNN.py:552: RuntimeWarning: More than 20 figures have been opened. Figures created through the pyplot interface (`matplotlib.pyplot.figure`) are retained until explicitly closed and may consume too much memory. (To control this warning, see the rcParam `figure.max_open_warning`).
  fig, axs = plt.subplots(nrows=2, figsize=(8,10))
/home/adrianps/venvs/quantum_simulation/lib/python3.6/site-packages/scipy/optimize/optimize.py:705: ComplexWarning: Casting complex values to real discards the imaginary part
  grad[k] = df
/home/adrianps/venvs/quantum_simulation/lib/python3.6/site-packages/scipy/optimize/linesearch.py:172: ComplexWarning: Casting complex values to real discards the imaginary part
  amin, amax, isave, dsave)
/home/adrianps/Universal-Approximator/qibo_sim/classes/ApproximantNN.py:577: RuntimeWarning: More than 20 figures have been opened. Figures created through the pyplot interface (`matplotlib.pyplot.figure`) are retained until explicitly closed and may consume too much memory. (To control this warning, see the rcParam `figure.max_open_warning`).
  fig, axs = plt.subplots(nrows=2, figsize=(8,10))
/home/adrianps/Universal-Approximator/qibo_sim/classes/ApproximantNN.py:552: RuntimeWarning: More than 20 figures have been opened. Figures created through the pyplot interface (`matplotlib.pyplot.figure`) are retained until explicitly closed and may consume too much memory. (To control this warning, see the rcParam `figure.max_open_warning`).
  fig, axs = plt.subplots(nrows=2, figsize=(8,10))
/home/adrianps/venvs/quantum_simulation/lib/python3.6/site-packages/scipy/optimize/optimize.py:705: ComplexWarning: Casting complex values to real discards the imaginary part
  grad[k] = df
/home/adrianps/venvs/quantum_simulation/lib/python3.6/site-packages/scipy/optimize/linesearch.py:172: ComplexWarning: Casting complex values to real discards the imaginary part
  amin, amax, isave, dsave)
/home/adrianps/Universal-Approximator/qibo_sim/classes/ApproximantNN.py:577: RuntimeWarning: More than 20 figures have been opened. Figures created through the pyplot interface (`matplotlib.pyplot.figure`) are retained until explicitly closed and may consume too much memory. (To control this warning, see the rcParam `figure.max_open_warning`).
  fig, axs = plt.subplots(nrows=2, figsize=(8,10))
termination on tolfun=1e-11 (Fri Nov 27 14:11:41 2020)
final/bestever f-value = 3.130910e-03 3.130910e-03
incumbent solution: [ 1.10233382e-07 -8.85488386e+00 -2.90976635e+00  3.14159279e+00
 -6.69122673e+00 -4.45076617e+00 -3.14159211e+00 -4.09480689e+00 ...]
std deviations: [7.53126727e-07 4.03456666e-06 7.89243843e-07 8.27624109e-07
 7.24187412e-06 3.81073272e-07 4.84027341e-07 4.26053074e-06 ...]
