cma
(3_w,6)-aCMA-ES (mu_w=2.0,w_1=63%) in dimension 2 (seed=536709, Fri Nov 27 12:21:15 2020)
Iterat #Fevals   function value  axis ratio  sigma  min&max std  t[m:s]
    1      6 4.883640009320718e-01 1.0e+00 1.60e+00  2e+00  2e+00 0:00.3
    2     12 7.248263064500862e-01 1.2e+00 2.37e+00  2e+00  3e+00 0:00.5
    3     18 4.888530490254011e-01 1.3e+00 2.07e+00  2e+00  2e+00 0:00.8
   16     96 3.270565462863558e-01 2.2e+00 3.59e-01  8e-02  2e-01 0:04.0
   32    192 3.262102685333783e-01 2.8e+00 6.68e-02  4e-03  8e-03 0:08.0
   53    318 3.262058172974396e-01 2.2e+00 1.70e-03  1e-05  2e-05 0:13.2
   75    450 3.262058172819396e-01 3.8e+00 6.85e-05  5e-08  2e-07 0:18.7
termination on tolfun=1e-11 (Fri Nov 27 12:21:34 2020)
final/bestever f-value = 3.262058e-01 3.262058e-01
incumbent solution: [1.2338082029014817e-08, 2.501064552269849]
std deviation: [5.482676396220268e-08, 1.5436017883892877e-07]
cma
(3_w,6)-aCMA-ES (mu_w=2.0,w_1=63%) in dimension 2 (seed=655531, Fri Nov 27 12:21:34 2020)
Iterat #Fevals   function value  axis ratio  sigma  min&max std  t[m:s]
    1      6 9.622361951823036e-01 1.0e+00 1.09e+00  1e+00  1e+00 0:00.2
    2     12 4.638640837391568e-01 1.6e+00 1.16e+00  1e+00  1e+00 0:00.5
    3     18 4.166477041752806e-01 1.7e+00 1.33e+00  1e+00  1e+00 0:00.7
   16     96 3.268516779850102e-01 2.4e+00 3.04e-01  7e-02  1e-01 0:04.0
   33    198 3.262059124617019e-01 2.2e+00 1.28e-02  5e-04  1e-03 0:08.2
   54    324 3.262058172819799e-01 3.2e+00 3.45e-04  1e-06  4e-06 0:13.3
   68    408 3.262058172819394e-01 3.0e+00 1.82e-05  2e-08  5e-08 0:16.8
termination on tolfun=1e-11 (Fri Nov 27 12:21:51 2020)
final/bestever f-value = 3.262058e-01 3.262058e-01
incumbent solution: [5.19384552914238e-09, 2.501064514252067]
std deviation: [1.6322512115757498e-08, 5.2814421120089596e-08]
cma
(4_w,8)-aCMA-ES (mu_w=2.6,w_1=52%) in dimension 5 (seed=580841, Fri Nov 27 12:21:52 2020)
Iterat #Fevals   function value  axis ratio  sigma  min&max std  t[m:s]
    1      8 4.209072939681688e-01 1.0e+00 9.89e-01  9e-01  1e+00 0:00.4
    2     16 4.665442238654602e-01 1.4e+00 8.97e-01  8e-01  1e+00 0:00.7
    3     24 2.843892850541373e-01 1.4e+00 8.42e-01  7e-01  9e-01 0:01.1
   12     96 2.084543906695357e-01 2.7e+00 7.27e-01  5e-01  7e-01 0:04.4
   23    184 1.649433530404525e-01 4.5e+00 2.21e-01  1e-01  2e-01 0:08.5
   37    296 1.541763470214631e-01 6.6e+00 6.92e-02  2e-02  6e-02 0:13.7
   54    432 1.539581723980128e-01 8.4e+00 1.61e-02  3e-03  1e-02 0:20.0
   73    584 1.539494043290529e-01 9.3e+00 3.36e-03  4e-04  1e-03 0:27.0
   95    760 1.539493189003144e-01 7.9e+00 2.73e-04  1e-05  5e-05 0:35.2
  100    800 1.539493188393734e-01 8.0e+00 1.61e-04  8e-06  2e-05 0:37.0
  127   1016 1.539493187898616e-01 1.1e+01 1.02e-05  2e-07  9e-07 0:47.1
  129   1032 1.539493187898227e-01 1.1e+01 1.08e-05  2e-07  9e-07 0:47.8
termination on tolfun=1e-11 (Fri Nov 27 12:22:40 2020)
final/bestever f-value = 1.539493e-01 1.539493e-01
incumbent solution: [-1.5707963324370888, -2.8777205258622285, 0.677413267998753, -1.5707962425245832, 1.4106384603169027]
std deviation: [1.9746189631232118e-07, 8.354441451297472e-07, 2.6511488986947606e-07, 2.475318521456863e-07, 8.954679222374474e-07]
cma
(4_w,8)-aCMA-ES (mu_w=2.6,w_1=52%) in dimension 5 (seed=590325, Fri Nov 27 12:22:40 2020)
Iterat #Fevals   function value  axis ratio  sigma  min&max std  t[m:s]
    1      8 4.050488934342995e-01 1.0e+00 9.62e-01  9e-01  1e+00 0:00.4
    2     16 7.584950856883471e-01 1.2e+00 9.03e-01  8e-01  9e-01 0:00.7
    3     24 3.950176109989641e-01 1.3e+00 7.43e-01  7e-01  7e-01 0:01.1
   12     96 3.458839962253785e-01 2.1e+00 3.66e-01  2e-01  3e-01 0:04.4
   23    184 2.346070967749156e-01 3.6e+00 1.94e-01  9e-02  2e-01 0:08.5
   37    296 1.768120999947044e-01 4.7e+00 2.94e-01  9e-02  2e-01 0:13.7
   54    432 1.550685450935559e-01 1.3e+01 2.41e-01  5e-02  3e-01 0:20.0
   73    584 1.532317300878678e-01 8.3e+00 5.12e-02  6e-03  3e-02 0:27.0
   95    760 1.531829892064608e-01 6.6e+00 9.49e-03  6e-04  2e-03 0:35.2
  100    800 1.531821463862984e-01 7.2e+00 1.04e-02  6e-04  2e-03 0:37.0
  127   1016 1.531803866792083e-01 7.8e+00 1.97e-03  5e-05  3e-04 0:47.0
  157   1256 1.531803851495620e-01 7.2e+00 2.68e-04  3e-06  2e-05 0:58.2
  184   1472 1.531803851446263e-01 6.0e+00 1.79e-05  1e-07  4e-07 1:08.2
termination on tolfun=1e-11 (Fri Nov 27 12:23:49 2020)
final/bestever f-value = 1.531804e-01 1.531804e-01
incumbent solution: [1.5707962491531808, 4.155480507897104, -0.6233856999409881, -1.5707962646664784, -1.9988792016125063]
std deviation: [1.4453618145358107e-07, 4.460257512796642e-07, 1.2913111798341078e-07, 1.7252327075671768e-07, 4.4675060440577904e-07]
cma
(5_w,10)-aCMA-ES (mu_w=3.2,w_1=45%) in dimension 8 (seed=517484, Fri Nov 27 12:23:50 2020)
Iterat #Fevals   function value  axis ratio  sigma  min&max std  t[m:s]
    1     10 8.993078079456853e-01 1.0e+00 9.48e-01  9e-01  1e+00 0:00.5
    2     20 3.620770682264410e-01 1.2e+00 9.40e-01  9e-01  1e+00 0:01.0
    3     30 6.828627523382154e-01 1.3e+00 9.60e-01  9e-01  1e+00 0:01.5
    9     90 5.829012544988379e-01 2.1e+00 1.16e+00  9e-01  1e+00 0:04.6
   17    170 4.473739544809489e-01 2.4e+00 6.54e-01  5e-01  7e-01 0:08.6
   27    270 2.467649115004606e-01 3.5e+00 4.91e-01  4e-01  5e-01 0:13.7
   39    390 1.503001998075898e-01 3.5e+00 2.21e-01  1e-01  2e-01 0:19.9
   53    530 1.082476900510410e-01 3.2e+00 2.57e-01  1e-01  2e-01 0:27.0
   69    690 9.225366910984314e-02 3.8e+00 7.80e-02  3e-02  6e-02 0:35.1
   87    870 8.853004319412519e-02 8.4e+00 5.71e-02  1e-02  5e-02 0:44.3
  100   1000 8.778142865727828e-02 7.5e+00 2.99e-02  5e-03  2e-02 0:50.9
  122   1220 8.767285900915517e-02 7.2e+00 7.03e-03  9e-04  4e-03 1:02.1
  146   1460 8.767155530944121e-02 9.5e+00 9.81e-04  9e-05  4e-04 1:14.4
  172   1720 8.767154042616963e-02 1.2e+01 9.10e-05  6e-06  3e-05 1:27.6
  200   2000 8.767154037683599e-02 1.1e+01 1.40e-05  6e-07  3e-06 1:41.9
  224   2240 8.767154037616473e-02 1.1e+01 3.02e-06  1e-07  5e-07 1:54.1
termination on tolfun=1e-11 (Fri Nov 27 12:25:44 2020)
final/bestever f-value = 8.767154e-02 8.767154e-02
incumbent solution: [4.745067989160383e-08, 2.1932426932754785, -1.1152538120878523, -1.5707963763943193, 2.143674887104933, -4.712389024765417, 0.08953063181373692, -1.1843440843578147e-07]
std deviation: [1.7900548576068143e-07, 4.5795808226007097e-07, 1.0050188945108305e-07, 2.379407058878127e-07, 4.909003916699419e-07, 1.0605979592333755e-07, 2.310630248523473e-07, 3.395331737929259e-07]
cma
(5_w,10)-aCMA-ES (mu_w=3.2,w_1=45%) in dimension 8 (seed=598298, Fri Nov 27 12:25:45 2020)
Iterat #Fevals   function value  axis ratio  sigma  min&max std  t[m:s]
    1     10 7.854668049781319e-01 1.0e+00 1.04e+00  1e+00  1e+00 0:00.5
    2     20 6.406888969720157e-01 1.3e+00 1.18e+00  1e+00  1e+00 0:01.0
    3     30 2.894342773568049e-01 1.4e+00 1.32e+00  1e+00  1e+00 0:01.5
    9     90 7.170866618286673e-01 2.0e+00 2.24e+00  2e+00  3e+00 0:04.6
   17    170 5.141569615049831e-01 2.8e+00 2.74e+00  2e+00  4e+00 0:08.6
   27    270 9.684796014618001e-01 3.6e+00 1.57e+00  1e+00  2e+00 0:13.7
   39    390 1.002332531052578e+00 3.3e+00 1.15e+00  9e-01  1e+00 0:19.8
   53    530 6.923748708501336e-01 4.0e+00 7.54e-01  5e-01  8e-01 0:26.9
   69    690 1.441475510865609e-01 4.1e+00 3.61e-01  2e-01  3e-01 0:35.0
   87    870 8.072284822979668e-02 5.8e+00 1.84e-01  8e-02  2e-01 0:44.2
  100   1000 7.286490472905449e-02 6.9e+00 7.69e-02  3e-02  7e-02 0:50.8
  122   1220 7.197917106163758e-02 9.6e+00 6.01e-02  2e-02  5e-02 1:02.0
  146   1460 7.170443123471582e-02 2.3e+01 3.07e-02  6e-03  3e-02 1:14.2
  172   1720 7.166481957264514e-02 4.4e+01 9.10e-03  1e-03  1e-02 1:27.4
  200   2000 7.166378753721413e-02 7.6e+01 1.77e-03  1e-04  3e-03 1:41.6
  230   2300 7.166377021497719e-02 8.2e+01 2.82e-04  1e-05  3e-04 1:56.8
  262   2620 7.166376983600321e-02 1.2e+02 5.04e-05  2e-06  5e-05 2:13.1
  286   2860 7.166376983456180e-02 1.4e+02 9.20e-06  2e-07  7e-06 2:25.3
termination on tolfun=1e-11 (Fri Nov 27 12:28:11 2020)
final/bestever f-value = 7.166377e-02 7.166377e-02
incumbent solution: [20.420351603738254, -0.0545884874215911, 6.803909795599902, 3.1415933485942786, -4.234285470966552, 2.253808658354788, 4.712388891569258, -3.2033651016426203]
std deviation: [4.360223322393287e-06, 5.756324245203981e-06, 2.12095947578764e-07, 4.988279429791139e-06, 6.53001975730212e-06, 1.977070360020621e-07, 2.1323727697922812e-07, 3.0754033142027413e-07]
cma
(5_w,11)-aCMA-ES (mu_w=3.4,w_1=42%) in dimension 11 (seed=541817, Fri Nov 27 12:28:12 2020)
Iterat #Fevals   function value  axis ratio  sigma  min&max std  t[m:s]
    1     11 5.222902462081694e-01 1.0e+00 9.41e-01  9e-01  9e-01 0:00.6
    2     22 5.212308345550153e-01 1.1e+00 8.57e-01  8e-01  9e-01 0:01.2
    3     33 6.070665717384466e-01 1.2e+00 8.71e-01  8e-01  9e-01 0:01.8
    8     88 9.805497363554317e-01 1.5e+00 7.90e-01  7e-01  9e-01 0:04.9
   15    165 3.568892435084145e-01 1.9e+00 7.53e-01  6e-01  9e-01 0:09.1
   24    264 3.726859065202761e-01 2.5e+00 6.45e-01  5e-01  8e-01 0:14.6
   34    374 6.178621566409513e-01 3.1e+00 6.74e-01  5e-01  9e-01 0:20.7
   46    506 1.746937327105077e-01 3.5e+00 3.49e-01  3e-01  4e-01 0:28.0
   60    660 1.212386135380832e-01 4.1e+00 2.01e-01  1e-01  2e-01 0:36.5
   75    825 9.534296187925000e-02 4.9e+00 1.04e-01  5e-02  1e-01 0:45.6
   92   1012 8.953820819704006e-02 6.0e+00 5.97e-02  3e-02  6e-02 0:56.0
  100   1100 8.871436092489704e-02 5.5e+00 4.41e-02  2e-02  4e-02 1:00.9
  120   1320 8.770059869403549e-02 7.5e+00 3.99e-02  2e-02  4e-02 1:13.0
  142   1562 8.742505472835084e-02 8.3e+00 1.01e-02  4e-03  1e-02 1:26.4
  166   1826 8.741294808692396e-02 1.4e+01 7.34e-03  3e-03  1e-02 1:40.9
  191   2101 8.740679629893483e-02 2.7e+01 2.61e-03  7e-04  6e-03 1:56.1
  200   2200 8.740502468860238e-02 3.8e+01 3.47e-03  9e-04  9e-03 2:01.6
  229   2519 8.738788712334243e-02 9.3e+01 9.58e-03  2e-03  5e-02 2:19.2
  259   2849 8.737053582398630e-02 8.0e+01 6.55e-03  9e-04  3e-02 2:37.4
  291   3201 8.735054349606532e-02 8.0e+01 6.49e-03  7e-04  2e-02 2:56.8
  300   3300 8.734654475306927e-02 7.4e+01 6.24e-03  7e-04  2e-02 3:02.2
  335   3685 8.730365804372954e-02 4.4e+01 2.79e-02  3e-03  4e-02 3:23.4
  372   4092 8.723372688624360e-02 3.8e+01 4.01e-02  3e-03  3e-02 3:45.8
  400   4400 8.715048516141341e-02 4.7e+01 3.89e-02  3e-03  4e-02 4:02.8
  440   4840 8.702754896092088e-02 7.4e+01 3.86e-02  2e-03  4e-02 4:27.1
  482   5302 8.701074914170176e-02 7.1e+01 1.25e-02  5e-04  9e-03 4:52.5
  500   5500 8.700975540194536e-02 9.1e+01 1.17e-02  7e-04  8e-03 5:03.4
  545   5995 8.700930193810118e-02 7.9e+01 2.35e-03  1e-04  1e-03 5:30.7
  592   6512 8.700929704501251e-02 7.8e+01 1.36e-04  6e-06  4e-05 5:59.2
  600   6600 8.700929703909774e-02 8.6e+01 9.59e-05  4e-06  3e-05 6:04.0
  636   6996 8.700929703546897e-02 7.5e+01 1.05e-05  3e-07  2e-06 6:25.8
termination on tolfun=1e-11 (Fri Nov 27 12:34:38 2020)
final/bestever f-value = 8.700930e-02 8.700930e-02
incumbent solution: [-3.14159288  1.43502512 -2.51474549  3.14159201 -1.31249366 -0.64376249
 -1.5707959  -1.49207827 ...]
std deviations: [3.31441380e-07 2.09084819e-06 1.07268538e-06 1.07988688e-06
 1.72935228e-06 1.13564393e-06 7.99072578e-07 1.84633829e-06 ...]
cma
(5_w,11)-aCMA-ES (mu_w=3.4,w_1=42%) in dimension 11 (seed=509054, Fri Nov 27 12:34:40 2020)
Iterat #Fevals   function value  axis ratio  sigma  min&max std  t[m:s]
    1     11 3.142096570882340e-01 1.0e+00 9.36e-01  9e-01  1e+00 0:00.6
    2     22 5.253591372105978e-01 1.2e+00 8.78e-01  8e-01  9e-01 0:01.2
    3     33 5.371687710125852e-01 1.2e+00 8.11e-01  8e-01  8e-01 0:01.8
    8     88 3.100890825671253e-01 1.5e+00 7.79e-01  7e-01  9e-01 0:04.9
   15    165 3.944431036485073e-01 1.8e+00 5.90e-01  5e-01  6e-01 0:09.1
   24    264 1.612950527420903e-01 2.2e+00 3.84e-01  3e-01  4e-01 0:14.6
   34    374 1.411440747496112e-01 2.9e+00 3.06e-01  2e-01  3e-01 0:20.6
   46    506 1.003888169350681e-01 3.9e+00 1.92e-01  1e-01  2e-01 0:27.9
   60    660 8.173258149997413e-02 4.3e+00 1.02e-01  6e-02  1e-01 0:36.4
   75    825 4.318811885842527e-02 5.1e+00 1.06e-01  6e-02  1e-01 0:45.5
   92   1012 3.359606827318477e-02 6.3e+00 6.28e-02  3e-02  7e-02 0:55.8
  100   1100 3.204079874521062e-02 6.3e+00 6.49e-02  3e-02  7e-02 1:00.6
  120   1320 2.841560940895548e-02 9.3e+00 9.47e-02  4e-02  1e-01 1:12.7
  142   1562 2.722021215490994e-02 1.3e+01 3.45e-02  1e-02  4e-02 1:26.1
  166   1826 2.693841306770126e-02 1.9e+01 1.48e-02  4e-03  2e-02 1:40.7
  191   2101 2.669951642041048e-02 3.2e+01 2.89e-02  6e-03  6e-02 1:55.8
  200   2200 2.663592945488972e-02 3.1e+01 1.97e-02  4e-03  4e-02 2:01.3
  229   2519 2.654429924973261e-02 4.1e+01 1.07e-02  1e-03  2e-02 2:18.9
  259   2849 2.653700790684210e-02 7.6e+01 2.66e-03  3e-04  7e-03 2:37.1
  291   3201 2.653679051742331e-02 8.5e+01 3.82e-04  3e-05  8e-04 2:56.5
  300   3300 2.653678865273974e-02 8.2e+01 2.68e-04  2e-05  5e-04 3:01.9
  335   3685 2.653678797888618e-02 9.5e+01 2.94e-05  1e-06  4e-05 3:23.1
  372   4092 2.653678797261802e-02 1.1e+02 2.29e-06  8e-08  3e-06 3:45.5
termination on tolfun=1e-11 (Fri Nov 27 12:38:26 2020)
final/bestever f-value = 2.653679e-02 2.653679e-02
incumbent solution: [ 1.52190815e+00  1.99642406e-06  1.60031445e-01  4.95199469e-02
  4.46671528e+00  1.55196800e+00  3.14159265e+00 -3.68265543e+00 ...]
std deviations: [2.95392533e-06 2.48904426e-06 7.69625632e-08 2.98789952e-06
 2.50531174e-06 1.00076544e-07 1.24085886e-07 3.53174293e-07 ...]
cma
(5_w,11)-aCMA-ES (mu_w=3.4,w_1=42%) in dimension 14 (seed=522984, Fri Nov 27 12:38:28 2020)
Iterat #Fevals   function value  axis ratio  sigma  min&max std  t[m:s]
    1     11 5.021042279573675e-01 1.0e+00 8.97e-01  9e-01  9e-01 0:00.7
    2     22 3.801399061391861e-01 1.1e+00 8.02e-01  8e-01  8e-01 0:01.3
    3     33 3.850430581387034e-01 1.1e+00 7.50e-01  7e-01  8e-01 0:02.0
    8     88 2.584831206152101e-01 1.4e+00 6.78e-01  6e-01  7e-01 0:05.3
   15    165 3.039434089605335e-01 1.6e+00 5.24e-01  5e-01  5e-01 0:09.9
   23    253 2.457295593665599e-01 1.7e+00 3.58e-01  3e-01  4e-01 0:15.1
   33    363 1.810463454108039e-01 1.9e+00 3.15e-01  2e-01  3e-01 0:21.7
   44    484 1.585000221936067e-01 2.5e+00 3.35e-01  3e-01  3e-01 0:29.0
   57    627 1.093612607115821e-01 3.1e+00 2.06e-01  2e-01  2e-01 0:37.6
   71    781 8.287104459154787e-02 3.8e+00 1.30e-01  9e-02  1e-01 0:46.8
   87    957 7.929972602074217e-02 4.8e+00 5.25e-02  3e-02  6e-02 0:57.4
  100   1100 7.883269841208272e-02 6.0e+00 3.39e-02  2e-02  4e-02 1:05.9
  119   1309 7.794856993094523e-02 6.9e+00 2.03e-02  1e-02  2e-02 1:18.5
  139   1529 7.646396228484147e-02 1.0e+01 4.19e-02  2e-02  5e-02 1:31.7
  161   1771 6.524776790959264e-02 1.5e+01 7.99e-02  4e-02  1e-01 1:46.1
  184   2024 4.238902082999979e-02 1.2e+01 1.18e-01  6e-02  1e-01 2:01.3
  200   2200 3.660119558017608e-02 1.1e+01 7.56e-02  3e-02  8e-02 2:11.9
  226   2486 3.528521206348190e-02 1.2e+01 2.59e-02  9e-03  3e-02 2:29.0
  254   2794 3.393294020894934e-02 1.4e+01 3.81e-02  1e-02  4e-02 2:47.4
  283   3113 3.160960261115500e-02 1.8e+01 6.14e-02  1e-02  6e-02 3:06.5
  300   3300 3.038123195260288e-02 1.6e+01 3.33e-02  7e-03  3e-02 3:17.7
  332   3652 2.857662386640040e-02 1.8e+01 3.27e-02  6e-03  4e-02 3:38.7
  366   4026 2.641298303933682e-02 1.8e+01 6.43e-02  2e-02  7e-02 4:01.1
  400   4400 2.445121322619490e-02 2.1e+01 4.75e-02  1e-02  5e-02 4:23.5
  437   4807 2.342757009347944e-02 1.9e+01 3.37e-02  9e-03  3e-02 4:47.8
  475   5225 2.185058879586377e-02 2.0e+01 6.06e-02  1e-02  4e-02 5:12.8
  500   5500 2.161267845470781e-02 1.9e+01 2.39e-02  4e-03  1e-02 5:29.3
  542   5962 2.116824442067910e-02 2.0e+01 4.84e-02  7e-03  3e-02 5:56.9
  585   6435 2.053841810728700e-02 2.9e+01 6.51e-02  7e-03  5e-02 6:25.2
  600   6600 2.042340230402517e-02 2.8e+01 3.26e-02  3e-03  3e-02 6:35.0
  646   7106 2.028487764854116e-02 2.9e+01 3.68e-02  3e-03  2e-02 7:05.3
  694   7634 2.006709079069859e-02 3.8e+01 4.72e-02  3e-03  3e-02 7:36.9
  700   7700 2.006132705658725e-02 3.8e+01 3.89e-02  2e-03  3e-02 7:40.8
  751   8261 2.003119686883088e-02 5.1e+01 1.28e-02  5e-04  1e-02 8:14.4
  800   8800 2.002843778773784e-02 5.8e+01 3.43e-03  1e-04  2e-03 8:46.6
  854   9394 2.002838910801311e-02 5.5e+01 2.31e-04  5e-06  1e-04 9:22.2
  900   9900 2.002838897488856e-02 5.4e+01 1.87e-05  3e-07  8e-06 9:52.4
  922  10142 2.002838897433281e-02 5.7e+01 5.90e-06  1e-07  2e-06 10:06.9
termination on tolfun=1e-11 (Fri Nov 27 12:48:36 2020)
final/bestever f-value = 2.002839e-02 2.002839e-02
incumbent solution: [-1.57079612  3.73424023  1.43978731 -3.1415927   2.14851529  1.57404046
  3.14159262 -2.10463016 ...]
std deviations: [2.71088595e-07 1.18789880e-06 9.15462946e-07 1.49072881e-07
 1.36259261e-06 9.28061229e-07 9.56283932e-08 1.52659150e-06 ...]
cma
(5_w,11)-aCMA-ES (mu_w=3.4,w_1=42%) in dimension 14 (seed=540086, Fri Nov 27 12:48:40 2020)
Iterat #Fevals   function value  axis ratio  sigma  min&max std  t[m:s]
    1     11 6.735466852272629e-01 1.0e+00 9.11e-01  9e-01  9e-01 0:00.7
    2     22 8.316252646263387e-01 1.1e+00 9.20e-01  9e-01  1e+00 0:01.3
    3     33 9.267462985280660e-01 1.2e+00 9.15e-01  9e-01  1e+00 0:02.0
    8     88 5.936715371298902e-01 1.4e+00 7.12e-01  7e-01  7e-01 0:05.3
   15    165 3.255416442183929e-01 1.7e+00 6.33e-01  6e-01  7e-01 0:09.9
   23    253 2.708336230884780e-01 1.7e+00 4.95e-01  4e-01  5e-01 0:15.1
   33    363 1.494677170968218e-01 2.0e+00 3.26e-01  3e-01  3e-01 0:21.7
   44    484 1.623365143992394e-01 2.3e+00 2.23e-01  2e-01  2e-01 0:28.9
   57    627 1.245014837401349e-01 2.7e+00 1.48e-01  1e-01  2e-01 0:37.5
   71    781 1.053195260568593e-01 3.1e+00 1.22e-01  8e-02  1e-01 0:46.7
   87    957 9.824050039843971e-02 3.4e+00 6.76e-02  4e-02  7e-02 0:57.2
  100   1100 9.614795504621754e-02 4.5e+00 5.38e-02  3e-02  6e-02 1:05.7
  119   1309 9.254512340434312e-02 5.7e+00 4.80e-02  3e-02  5e-02 1:18.2
  139   1529 8.871289647421794e-02 7.9e+00 4.05e-02  2e-02  5e-02 1:31.3
  161   1771 8.792556250868153e-02 8.3e+00 2.11e-02  1e-02  2e-02 1:45.8
  184   2024 8.724057074888493e-02 1.2e+01 2.45e-02  1e-02  3e-02 2:00.9
  200   2200 8.706457655673148e-02 1.5e+01 1.21e-02  5e-03  2e-02 2:11.4
  226   2486 8.695307932722360e-02 2.4e+01 1.02e-02  5e-03  2e-02 2:28.5
  254   2794 8.692705140950752e-02 2.7e+01 4.74e-03  2e-03  1e-02 2:46.9
  283   3113 8.690158064342826e-02 2.9e+01 8.47e-03  3e-03  2e-02 3:06.0
  300   3300 8.680709758871849e-02 3.7e+01 1.77e-02  6e-03  3e-02 3:17.1
  332   3652 8.662096577789402e-02 5.9e+01 3.01e-02  8e-03  7e-02 3:38.1
  366   4026 8.650177901499426e-02 5.0e+01 1.25e-02  3e-03  2e-02 4:00.5
  400   4400 8.636014522360318e-02 5.3e+01 2.10e-02  5e-03  3e-02 4:22.8
  437   4807 8.620738396885672e-02 6.4e+01 1.97e-02  4e-03  3e-02 4:47.1
  476   5236 8.611021175515693e-02 8.1e+01 2.49e-02  5e-03  5e-02 5:12.7
  500   5500 8.607023083044153e-02 8.5e+01 1.48e-02  3e-03  3e-02 5:28.5
  542   5962 8.603655778030384e-02 7.2e+01 1.15e-02  2e-03  2e-02 5:56.1
  585   6435 8.601933175638726e-02 9.0e+01 9.47e-03  2e-03  2e-02 6:24.3
  600   6600 8.601436349433336e-02 1.0e+02 1.43e-02  2e-03  2e-02 6:34.2
  646   7106 8.600745243043061e-02 9.1e+01 5.28e-03  8e-04  6e-03 7:04.4
  694   7634 8.600684666251433e-02 9.4e+01 1.48e-03  2e-04  1e-03 7:35.9
  700   7700 8.600684091366607e-02 9.4e+01 1.39e-03  2e-04  1e-03 7:39.9
  751   8261 8.600652515672913e-02 1.7e+02 5.35e-03  6e-04  6e-03 8:13.4
  800   8800 8.600624954690148e-02 1.8e+02 3.64e-03  3e-04  4e-03 8:45.6
  854   9394 8.600603656425265e-02 2.8e+02 4.05e-03  3e-04  5e-03 9:21.0
  900   9900 8.600578722572803e-02 3.6e+02 4.39e-03  3e-04  6e-03 9:51.2
  957  10527 8.600491040656433e-02 2.4e+02 1.21e-02  7e-04  9e-03 10:28.7
 1000  11000 8.600430350074179e-02 2.2e+02 9.15e-03  5e-04  5e-03 10:56.9
Iterat #Fevals   function value  axis ratio  sigma  min&max std  t[m:s]
 1060  11660 8.600364319257552e-02 2.0e+02 7.93e-03  4e-04  4e-03 11:36.3
 1100  12100 8.600341667382694e-02 2.4e+02 9.50e-03  4e-04  5e-03 12:02.6
 1163  12793 8.600312628461443e-02 2.2e+02 1.05e-02  3e-04  3e-03 12:43.9
 1200  13200 8.600225057631787e-02 1.8e+02 3.74e-02  1e-03  9e-03 13:08.2
 1266  13926 8.599910818763022e-02 1.3e+02 3.38e-02  8e-04  8e-03 13:51.6
 1300  14300 8.599724078763329e-02 1.5e+02 4.83e-02  1e-03  1e-02 14:13.9
 1369  15059 8.599412154685088e-02 1.4e+02 4.03e-02  6e-04  8e-03 14:59.2
 1400  15400 8.599218178175513e-02 1.4e+02 6.05e-02  9e-04  9e-03 15:19.6
 1472  16192 8.599040689203548e-02 1.6e+02 5.34e-02  7e-04  8e-03 16:06.9
 1500  16500 8.599024563850551e-02 1.8e+02 2.09e-02  3e-04  3e-03 16:25.2
 1575  17325 8.599020509707649e-02 1.9e+02 1.02e-02  9e-05  1e-03 17:14.5
 1600  17600 8.599019902986513e-02 2.0e+02 6.93e-03  5e-05  8e-04 17:30.9
 1678  18458 8.599017613795358e-02 2.4e+02 7.59e-03  4e-05  6e-04 18:22.2
 1700  18700 8.599017477766528e-02 2.5e+02 6.46e-03  3e-05  5e-04 18:36.6
 1774  19514 8.599017458282458e-02 2.7e+02 1.20e-04  4e-07  7e-06 19:25.2
termination on tolfun=1e-11 (Fri Nov 27 13:08:08 2020)
final/bestever f-value = 8.599017e-02 8.599017e-02
incumbent solution: [ 1.57079649 -0.67064718  1.14504994  3.14159398 -2.39307563  3.68426634
 -3.1415892   0.58039431 ...]
std deviations: [4.02153774e-07 8.50759535e-07 4.60846198e-07 2.56150289e-06
 3.83407640e-06 4.96638101e-06 6.56203617e-06 4.74264338e-06 ...]
cma
(6_w,12)-aCMA-ES (mu_w=3.7,w_1=40%) in dimension 17 (seed=629585, Fri Nov 27 13:08:10 2020)
Iterat #Fevals   function value  axis ratio  sigma  min&max std  t[m:s]
    1     12 5.907991863786297e-01 1.0e+00 9.70e-01  1e+00  1e+00 0:00.8
    2     24 4.369026418224835e-01 1.1e+00 9.48e-01  9e-01  1e+00 0:01.5
    3     36 2.641189626004220e-01 1.2e+00 8.96e-01  9e-01  9e-01 0:02.3
    7     84 4.185403033606445e-01 1.3e+00 7.74e-01  7e-01  8e-01 0:05.4
   13    156 6.897691466889769e-01 1.4e+00 6.53e-01  6e-01  7e-01 0:10.0
   20    240 3.000304073066654e-01 1.7e+00 5.76e-01  5e-01  6e-01 0:15.3
   28    336 2.154874431360402e-01 1.7e+00 3.81e-01  3e-01  4e-01 0:21.4
   38    456 1.903142275704435e-01 1.9e+00 2.86e-01  2e-01  3e-01 0:29.1
   49    588 1.629766822379518e-01 2.1e+00 1.71e-01  1e-01  2e-01 0:37.5
   61    732 1.334864941056237e-01 2.4e+00 1.24e-01  1e-01  1e-01 0:46.7
   75    900 9.888301232262084e-02 2.8e+00 9.23e-02  7e-02  1e-01 0:57.4
   90   1080 8.998175743204807e-02 3.3e+00 7.70e-02  6e-02  8e-02 1:08.9
  100   1200 8.502741299576527e-02 3.8e+00 4.86e-02  4e-02  5e-02 1:16.6
  117   1404 8.137465077995165e-02 4.5e+00 3.72e-02  3e-02  4e-02 1:29.6
  136   1632 6.968460191428061e-02 6.9e+00 5.31e-02  4e-02  6e-02 1:44.1
  156   1872 5.881543193000115e-02 8.8e+00 6.44e-02  5e-02  9e-02 1:59.4
  177   2124 5.673698893931073e-02 8.6e+00 4.59e-02  3e-02  6e-02 2:15.5
  200   2400 5.529348417170746e-02 9.0e+00 2.90e-02  2e-02  3e-02 2:33.1
  224   2688 5.510091363893162e-02 9.4e+00 1.09e-02  5e-03  1e-02 2:51.5
  249   2988 5.491549802169968e-02 1.0e+01 1.26e-02  6e-03  2e-02 3:10.6
  276   3312 5.482319199167952e-02 1.3e+01 9.70e-03  4e-03  1e-02 3:31.3
  300   3600 5.478354629081882e-02 1.7e+01 6.51e-03  3e-03  1e-02 3:49.6
  329   3948 5.476684666901999e-02 2.4e+01 3.61e-03  1e-03  7e-03 4:11.8
  360   4320 5.476210947481726e-02 3.2e+01 2.40e-03  7e-04  5e-03 4:35.5
  392   4704 5.476117725149809e-02 3.7e+01 1.16e-03  3e-04  2e-03 4:60.0
  400   4800 5.476113307072090e-02 3.9e+01 6.88e-04  2e-04  1e-03 5:06.1
  434   5208 5.476111074978444e-02 4.3e+01 1.56e-04  4e-05  3e-04 5:32.1
  470   5640 5.476110976530275e-02 4.9e+01 2.55e-05  5e-06  4e-05 5:59.6
  500   6000 5.476110974581166e-02 5.5e+01 5.11e-06  1e-06  8e-06 6:22.5
  533   6396 5.476110974529841e-02 6.0e+01 1.24e-06  2e-07  2e-06 6:47.8
termination on tolfun=1e-11 (Fri Nov 27 13:14:59 2020)
final/bestever f-value = 5.476111e-02 5.476111e-02
incumbent solution: [ 1.57079616e+00  1.92970951e+00 -1.39574244e+00  4.92111325e-01
  2.27237301e+00  1.34138042e+00  1.45293623e+00 -6.39924130e-07 ...]
std deviations: [2.07116571e-07 6.84045443e-07 6.23560180e-07 8.73339337e-07
 4.03765954e-07 7.08970566e-07 9.41623007e-07 1.16080990e-06 ...]
cma
(6_w,12)-aCMA-ES (mu_w=3.7,w_1=40%) in dimension 17 (seed=623785, Fri Nov 27 13:15:01 2020)
Iterat #Fevals   function value  axis ratio  sigma  min&max std  t[m:s]
    1     12 2.877602524291979e-01 1.0e+00 9.73e-01  1e+00  1e+00 0:00.8
    2     24 4.318018904409814e-01 1.2e+00 9.64e-01  9e-01  1e+00 0:01.5
    3     36 3.170493563573366e-01 1.2e+00 9.52e-01  9e-01  1e+00 0:02.3
    7     84 9.604532003444681e-01 1.3e+00 9.42e-01  9e-01  1e+00 0:05.4
   13    156 3.838372170081072e-01 1.5e+00 8.82e-01  8e-01  9e-01 0:10.0
   20    240 5.276137208507444e-01 1.6e+00 7.48e-01  7e-01  8e-01 0:15.4
   28    336 4.619649822086687e-01 1.7e+00 5.61e-01  5e-01  6e-01 0:21.6
   38    456 3.003952249754710e-01 1.8e+00 4.52e-01  4e-01  5e-01 0:29.3
   49    588 3.539663036988746e-01 2.2e+00 4.34e-01  4e-01  5e-01 0:37.7
   61    732 1.807723618630233e-01 2.4e+00 2.69e-01  2e-01  3e-01 0:46.9
   75    900 1.656913025922669e-01 2.9e+00 2.40e-01  2e-01  3e-01 0:57.7
   90   1080 1.171762621093763e-01 3.5e+00 1.95e-01  1e-01  2e-01 1:09.2
  100   1200 1.246062879278141e-01 3.7e+00 1.49e-01  1e-01  2e-01 1:16.9
  117   1404 1.033388585887477e-01 4.7e+00 1.02e-01  6e-02  1e-01 1:29.9
  136   1632 8.312226760915974e-02 5.2e+00 6.05e-02  3e-02  6e-02 1:44.6
  156   1872 7.223059237129313e-02 6.1e+00 1.46e-01  8e-02  2e-01 1:59.9
  177   2124 3.201624340615073e-02 8.0e+00 1.07e-01  5e-02  1e-01 2:16.0
  200   2400 2.509689831012847e-02 8.0e+00 5.78e-02  3e-02  7e-02 2:33.7
  224   2688 2.401406206199046e-02 8.0e+00 2.12e-02  1e-02  2e-02 2:52.2
  249   2988 2.369665449375684e-02 1.0e+01 8.51e-03  4e-03  1e-02 3:11.4
  276   3312 2.356947509265495e-02 1.5e+01 8.60e-03  4e-03  2e-02 3:32.1
  300   3600 2.340626258059442e-02 2.5e+01 1.84e-02  8e-03  4e-02 3:50.6
  329   3948 2.327484019353941e-02 2.7e+01 9.25e-03  4e-03  2e-02 4:12.8
  359   4308 2.316391043921543e-02 3.4e+01 8.77e-03  3e-03  2e-02 4:35.9
  391   4692 2.301374973489718e-02 3.9e+01 1.30e-02  4e-03  3e-02 5:00.5
  400   4800 2.292596018837421e-02 4.0e+01 1.48e-02  5e-03  4e-02 5:07.4
  434   5208 2.281431686811307e-02 3.9e+01 9.96e-03  3e-03  2e-02 5:33.5
  470   5640 2.268231612773928e-02 4.7e+01 9.53e-03  2e-03  2e-02 6:01.1
  500   6000 2.249655832701660e-02 5.1e+01 1.95e-02  4e-03  4e-02 6:24.2
  538   6456 2.222421738046334e-02 6.0e+01 3.02e-02  6e-03  8e-02 6:53.4
  578   6936 2.198547497722607e-02 5.7e+01 1.86e-02  4e-03  4e-02 7:24.1
  600   7200 2.181355862265865e-02 5.8e+01 1.97e-02  4e-03  5e-02 7:41.0
  642   7704 2.148834273609870e-02 6.1e+01 2.84e-02  4e-03  6e-02 8:13.2
  685   8220 2.134508021655148e-02 5.3e+01 1.34e-02  2e-03  2e-02 8:46.3
  700   8400 2.129495890432780e-02 5.8e+01 2.69e-02  3e-03  4e-02 8:57.8
  746   8952 2.120627685820278e-02 7.6e+01 1.41e-02  1e-03  2e-02 9:33.1
  793   9516 2.108319196807456e-02 8.2e+01 2.02e-02  2e-03  3e-02 10:09.2
  800   9600 2.105016210707620e-02 7.9e+01 2.01e-02  2e-03  3e-02 10:14.6
  850  10200 2.079338390228600e-02 9.3e+01 2.83e-02  2e-03  4e-02 10:53.1
  900  10800 2.040207699523654e-02 8.6e+01 4.47e-02  3e-03  6e-02 11:31.5
  953  11436 1.967139200529526e-02 6.3e+01 6.32e-02  4e-03  7e-02 12:12.2
 1000  12000 1.898927543806031e-02 5.0e+01 4.67e-02  3e-03  4e-02 12:48.3
Iterat #Fevals   function value  axis ratio  sigma  min&max std  t[m:s]
 1055  12660 1.886914703337161e-02 4.2e+01 1.68e-02  9e-04  1e-02 13:30.5
 1100  13200 1.883160460360403e-02 4.3e+01 2.76e-02  1e-03  2e-02 14:05.1
 1158  13896 1.876370213794528e-02 4.0e+01 2.49e-02  1e-03  1e-02 14:49.7
 1200  14400 1.871655393413748e-02 5.5e+01 3.08e-02  1e-03  2e-02 15:21.9
 1260  15120 1.870294831903282e-02 7.8e+01 1.09e-02  3e-04  7e-03 16:08.0
 1300  15600 1.870200226513747e-02 7.7e+01 4.42e-03  1e-04  2e-03 16:38.7
 1363  16356 1.870190012242469e-02 7.4e+01 4.40e-04  1e-05  2e-04 17:27.1
 1400  16800 1.870189989239351e-02 7.7e+01 6.80e-05  2e-06  3e-05 17:55.5
 1449  17388 1.870189988546164e-02 8.7e+01 8.36e-06  2e-07  3e-06 18:33.0
/home/adrianps/venvs/quantum_simulation/lib/python3.6/site-packages/scipy/optimize/optimize.py:705: ComplexWarning: Casting complex values to real discards the imaginary part
  grad[k] = df
/home/adrianps/venvs/quantum_simulation/lib/python3.6/site-packages/scipy/optimize/linesearch.py:172: ComplexWarning: Casting complex values to real discards the imaginary part
  amin, amax, isave, dsave)
/home/adrianps/venvs/quantum_simulation/lib/python3.6/site-packages/scipy/optimize/optimize.py:705: ComplexWarning: Casting complex values to real discards the imaginary part
  grad[k] = df
/home/adrianps/venvs/quantum_simulation/lib/python3.6/site-packages/scipy/optimize/linesearch.py:172: ComplexWarning: Casting complex values to real discards the imaginary part
  amin, amax, isave, dsave)
/home/adrianps/venvs/quantum_simulation/lib/python3.6/site-packages/scipy/optimize/optimize.py:705: ComplexWarning: Casting complex values to real discards the imaginary part
  grad[k] = df
/home/adrianps/venvs/quantum_simulation/lib/python3.6/site-packages/scipy/optimize/linesearch.py:172: ComplexWarning: Casting complex values to real discards the imaginary part
  amin, amax, isave, dsave)
/home/adrianps/venvs/quantum_simulation/lib/python3.6/site-packages/scipy/optimize/optimize.py:705: ComplexWarning: Casting complex values to real discards the imaginary part
  grad[k] = df
/home/adrianps/venvs/quantum_simulation/lib/python3.6/site-packages/scipy/optimize/linesearch.py:172: ComplexWarning: Casting complex values to real discards the imaginary part
  amin, amax, isave, dsave)
/home/adrianps/venvs/quantum_simulation/lib/python3.6/site-packages/scipy/optimize/optimize.py:705: ComplexWarning: Casting complex values to real discards the imaginary part
  grad[k] = df
/home/adrianps/venvs/quantum_simulation/lib/python3.6/site-packages/scipy/optimize/linesearch.py:172: ComplexWarning: Casting complex values to real discards the imaginary part
  amin, amax, isave, dsave)
/home/adrianps/venvs/quantum_simulation/lib/python3.6/site-packages/scipy/optimize/optimize.py:705: ComplexWarning: Casting complex values to real discards the imaginary part
  grad[k] = df
/home/adrianps/venvs/quantum_simulation/lib/python3.6/site-packages/scipy/optimize/linesearch.py:172: ComplexWarning: Casting complex values to real discards the imaginary part
  amin, amax, isave, dsave)
/home/adrianps/venvs/quantum_simulation/lib/python3.6/site-packages/scipy/optimize/optimize.py:705: ComplexWarning: Casting complex values to real discards the imaginary part
  grad[k] = df
/home/adrianps/venvs/quantum_simulation/lib/python3.6/site-packages/scipy/optimize/linesearch.py:172: ComplexWarning: Casting complex values to real discards the imaginary part
  amin, amax, isave, dsave)
/home/adrianps/venvs/quantum_simulation/lib/python3.6/site-packages/scipy/optimize/optimize.py:705: ComplexWarning: Casting complex values to real discards the imaginary part
  grad[k] = df
/home/adrianps/venvs/quantum_simulation/lib/python3.6/site-packages/scipy/optimize/linesearch.py:172: ComplexWarning: Casting complex values to real discards the imaginary part
  amin, amax, isave, dsave)
/home/adrianps/venvs/quantum_simulation/lib/python3.6/site-packages/scipy/optimize/optimize.py:705: ComplexWarning: Casting complex values to real discards the imaginary part
  grad[k] = df
/home/adrianps/venvs/quantum_simulation/lib/python3.6/site-packages/scipy/optimize/linesearch.py:172: ComplexWarning: Casting complex values to real discards the imaginary part
  amin, amax, isave, dsave)
/home/adrianps/venvs/quantum_simulation/lib/python3.6/site-packages/scipy/optimize/optimize.py:705: ComplexWarning: Casting complex values to real discards the imaginary part
  grad[k] = df
/home/adrianps/venvs/quantum_simulation/lib/python3.6/site-packages/scipy/optimize/linesearch.py:172: ComplexWarning: Casting complex values to real discards the imaginary part
  amin, amax, isave, dsave)
/home/adrianps/Universal-Approximator/qibo_sim/classes/ApproximantNN.py:552: RuntimeWarning: More than 20 figures have been opened. Figures created through the pyplot interface (`matplotlib.pyplot.figure`) are retained until explicitly closed and may consume too much memory. (To control this warning, see the rcParam `figure.max_open_warning`).
  fig, axs = plt.subplots(nrows=2, figsize=(8,10))
/home/adrianps/venvs/quantum_simulation/lib/python3.6/site-packages/scipy/optimize/optimize.py:705: ComplexWarning: Casting complex values to real discards the imaginary part
  grad[k] = df
/home/adrianps/venvs/quantum_simulation/lib/python3.6/site-packages/scipy/optimize/linesearch.py:172: ComplexWarning: Casting complex values to real discards the imaginary part
  amin, amax, isave, dsave)
/home/adrianps/Universal-Approximator/qibo_sim/classes/ApproximantNN.py:577: RuntimeWarning: More than 20 figures have been opened. Figures created through the pyplot interface (`matplotlib.pyplot.figure`) are retained until explicitly closed and may consume too much memory. (To control this warning, see the rcParam `figure.max_open_warning`).
  fig, axs = plt.subplots(nrows=2, figsize=(8,10))
/home/adrianps/Universal-Approximator/qibo_sim/classes/ApproximantNN.py:552: RuntimeWarning: More than 20 figures have been opened. Figures created through the pyplot interface (`matplotlib.pyplot.figure`) are retained until explicitly closed and may consume too much memory. (To control this warning, see the rcParam `figure.max_open_warning`).
  fig, axs = plt.subplots(nrows=2, figsize=(8,10))
/home/adrianps/venvs/quantum_simulation/lib/python3.6/site-packages/scipy/optimize/optimize.py:705: ComplexWarning: Casting complex values to real discards the imaginary part
  grad[k] = df
/home/adrianps/venvs/quantum_simulation/lib/python3.6/site-packages/scipy/optimize/linesearch.py:172: ComplexWarning: Casting complex values to real discards the imaginary part
  amin, amax, isave, dsave)
/home/adrianps/Universal-Approximator/qibo_sim/classes/ApproximantNN.py:577: RuntimeWarning: More than 20 figures have been opened. Figures created through the pyplot interface (`matplotlib.pyplot.figure`) are retained until explicitly closed and may consume too much memory. (To control this warning, see the rcParam `figure.max_open_warning`).
  fig, axs = plt.subplots(nrows=2, figsize=(8,10))
termination on tolfun=1e-11 (Fri Nov 27 13:33:36 2020)
final/bestever f-value = 1.870190e-02 1.870190e-02
incumbent solution: [ 1.57079627e+00  4.83213643e+00 -1.26483418e+00  9.22953764e-08
 -2.77793441e+00 -1.46183585e+00 -1.20386732e-07  3.12896573e+00 ...]
std deviations: [1.73331931e-07 2.08988483e-06 1.34117784e-06 2.69043587e-07
 2.12429174e-06 9.55419100e-07 2.92371835e-07 2.93414490e-06 ...]
