cma
(3_w,6)-aCMA-ES (mu_w=2.0,w_1=63%) in dimension 2 (seed=642630, Fri Nov 27 10:01:46 2020)
Iterat #Fevals   function value  axis ratio  sigma  min&max std  t[m:s]
    1      6 9.532869740813604e-01 1.0e+00 7.50e-01  6e-01  7e-01 0:00.2
    2     12 8.185939008662642e-01 1.2e+00 6.58e-01  5e-01  6e-01 0:00.5
    3     18 4.488702254097788e-01 1.4e+00 7.29e-01  6e-01  6e-01 0:00.7
   16     96 4.297168163860012e-01 4.0e+00 4.10e-01  2e-01  3e-01 0:03.9
   33    198 4.250165441685972e-01 2.6e+00 5.36e-02  5e-03  6e-03 0:08.0
   54    324 4.250161863338665e-01 2.3e+00 6.28e-03  9e-05  1e-04 0:13.1
   79    474 4.250161863168304e-01 2.6e+00 1.21e-04  2e-07  3e-07 0:19.2
   81    486 4.250161863168294e-01 2.8e+00 7.22e-05  8e-08  1e-07 0:19.7
termination on tolfun=1e-11 (Fri Nov 27 10:02:06 2020)
final/bestever f-value = 4.250162e-01 4.250162e-01
incumbent solution: [-0.8138758483289543, 1.6343072540092276]
std deviation: [8.21817060252144e-08, 1.3762493004037907e-07]
cma
(3_w,6)-aCMA-ES (mu_w=2.0,w_1=63%) in dimension 2 (seed=524165, Fri Nov 27 10:02:06 2020)
Iterat #Fevals   function value  axis ratio  sigma  min&max std  t[m:s]
    1      6 7.803654984299281e-01 1.0e+00 1.13e+00  9e-01  1e+00 0:00.2
    2     12 4.296114657216965e-01 1.5e+00 1.48e+00  1e+00  2e+00 0:00.5
    3     18 8.957711247776564e-01 2.3e+00 1.99e+00  1e+00  4e+00 0:00.7
   16     96 6.500344981638925e-01 1.6e+00 1.98e+00  1e+00  2e+00 0:03.9
   33    198 4.252798314241623e-01 5.4e+00 2.12e-01  3e-02  7e-02 0:08.0
   54    324 4.250161926527051e-01 3.1e+00 1.47e-02  4e-04  5e-04 0:13.1
   79    474 4.250161863169354e-01 2.3e+00 3.23e-04  9e-07  1e-06 0:19.2
   88    528 4.250161863168301e-01 2.1e+00 8.59e-05  1e-07  1e-07 0:21.4
termination on tolfun=1e-11 (Fri Nov 27 10:02:28 2020)
final/bestever f-value = 4.250162e-01 4.250162e-01
incumbent solution: [-2.3277169111291385, -1.634307087460126]
std deviation: [1.0016309713808372e-07, 1.0748565717846861e-07]
cma
(4_w,8)-aCMA-ES (mu_w=2.6,w_1=52%) in dimension 5 (seed=572937, Fri Nov 27 10:02:28 2020)
Iterat #Fevals   function value  axis ratio  sigma  min&max std  t[m:s]
    1      8 4.122894081921511e-01 1.0e+00 8.88e-01  8e-01  9e-01 0:00.4
    2     16 1.535119305589122e-01 1.2e+00 8.21e-01  7e-01  8e-01 0:00.7
    3     24 5.568196229255848e-01 1.3e+00 7.34e-01  6e-01  8e-01 0:01.1
   12     96 9.405040170178963e-02 2.5e+00 4.35e-01  3e-01  5e-01 0:04.4
   23    184 6.302242081800084e-02 3.5e+00 1.55e-01  6e-02  2e-01 0:08.4
   37    296 5.346105051074398e-02 5.6e+00 1.22e-01  3e-02  1e-01 0:13.5
   54    432 2.392438832207565e-02 9.4e+00 2.05e-01  3e-02  2e-01 0:19.7
   74    592 1.419896567138034e-02 8.1e+00 6.49e-02  8e-03  4e-02 0:27.0
   96    768 1.411230553679024e-02 5.7e+00 8.82e-03  5e-04  2e-03 0:35.0
  100    800 1.411175437654064e-02 7.1e+00 6.19e-03  3e-04  2e-03 0:36.4
  128   1024 1.411153805224243e-02 6.9e+00 4.44e-04  1e-05  5e-05 0:46.6
  159   1272 1.411153790754924e-02 6.2e+00 2.38e-05  3e-07  1e-06 0:57.9
  169   1352 1.411153790750079e-02 5.3e+00 9.17e-06  9e-08  3e-07 1:01.6
termination on tolfun=1e-11 (Fri Nov 27 10:03:30 2020)
final/bestever f-value = 1.411154e-02 1.411154e-02
incumbent solution: [-0.016054473551946277, -2.350703430989819, -0.8651927094038955, -2.4910042981028053, 0.897348992042897]
std deviation: [1.0731595841859834e-07, 2.3200486646167148e-07, 9.328101487443657e-08, 1.4497060029104072e-07, 2.8125231854164835e-07]
cma
(4_w,8)-aCMA-ES (mu_w=2.6,w_1=52%) in dimension 5 (seed=504017, Fri Nov 27 10:03:31 2020)
Iterat #Fevals   function value  axis ratio  sigma  min&max std  t[m:s]
    1      8 9.263623823821084e-01 1.0e+00 1.14e+00  1e+00  1e+00 0:00.4
    2     16 6.426873167976345e-01 1.3e+00 1.19e+00  1e+00  1e+00 0:00.7
    3     24 5.207113590874276e-01 1.3e+00 1.20e+00  1e+00  1e+00 0:01.1
   12     96 2.061667874037638e-01 1.7e+00 5.93e-01  4e-01  5e-01 0:04.4
   23    184 5.423483776720971e-02 2.7e+00 3.80e-01  2e-01  4e-01 0:08.4
   37    296 2.134455901245304e-02 3.1e+00 1.00e-01  3e-02  7e-02 0:13.4
   54    432 1.476085066987688e-02 7.0e+00 9.42e-02  2e-02  7e-02 0:19.6
   74    592 1.411394660164177e-02 9.2e+00 1.62e-02  2e-03  8e-03 0:26.9
   96    768 1.411153894402586e-02 8.1e+00 1.27e-03  6e-05  3e-04 0:34.9
  100    800 1.411154048003854e-02 8.7e+00 8.85e-04  4e-05  2e-04 0:36.4
  127   1016 1.411153790990200e-02 8.0e+00 9.33e-05  2e-06  9e-06 0:46.4
  153   1224 1.411153790749754e-02 7.1e+00 7.85e-06  1e-07  4e-07 0:56.0
termination on tolfun=1e-11 (Fri Nov 27 10:04:27 2020)
final/bestever f-value = 1.411154e-02 1.411154e-02
incumbent solution: [-0.01605437646018355, -2.350703503682917, -0.8651926794664868, -2.4910044282029022, 0.897349065307332]
std deviation: [1.0157084380254534e-07, 2.920453678836926e-07, 1.0436868210550453e-07, 1.5439629863261299e-07, 4.1021783315873117e-07]
cma
(5_w,10)-aCMA-ES (mu_w=3.2,w_1=45%) in dimension 8 (seed=591368, Fri Nov 27 10:04:28 2020)
Iterat #Fevals   function value  axis ratio  sigma  min&max std  t[m:s]
    1     10 2.992505491446399e-01 1.0e+00 9.01e-01  9e-01  9e-01 0:00.5
    2     20 2.973194221004996e-01 1.1e+00 9.07e-01  9e-01  9e-01 0:01.0
    3     30 3.315807281162996e-01 1.3e+00 8.89e-01  8e-01  9e-01 0:01.5
    9     90 7.173980789169256e-02 1.9e+00 5.74e-01  5e-01  6e-01 0:04.5
   17    170 9.065524796737759e-02 2.6e+00 3.57e-01  3e-01  4e-01 0:08.5
   27    270 2.900136807172983e-02 3.6e+00 2.61e-01  2e-01  3e-01 0:13.5
   39    390 1.688624774272236e-02 4.4e+00 1.19e-01  6e-02  1e-01 0:19.6
   53    530 1.375477719379407e-02 6.7e+00 4.27e-02  2e-02  4e-02 0:26.6
   69    690 1.358149242031494e-02 9.9e+00 1.26e-02  4e-03  1e-02 0:34.6
   87    870 1.356319146066983e-02 1.5e+01 3.36e-03  9e-04  3e-03 0:43.6
  100   1000 1.355996173506305e-02 3.4e+01 6.08e-03  1e-03  1e-02 0:50.2
  123   1230 1.131139052792458e-02 1.2e+02 9.35e-02  1e-02  4e-01 1:01.7
  147   1470 9.318837520764792e-03 6.5e+01 1.03e-01  2e-02  2e-01 1:13.7
  173   1730 7.929361959472877e-03 4.5e+01 1.52e-01  2e-02  1e-01 1:26.8
  200   2000 7.042859110156697e-03 3.3e+01 9.10e-02  9e-03  5e-02 1:40.3
  231   2310 6.410986191337037e-03 3.0e+01 2.17e-01  1e-02  1e-01 1:55.8
  264   2640 5.915190973858636e-03 2.8e+01 9.75e-02  3e-03  3e-02 2:12.3
  298   2980 5.627899895610785e-03 3.3e+01 1.30e-01  3e-03  4e-02 2:29.3
  300   3000 5.603517885632815e-03 3.4e+01 1.39e-01  3e-03  4e-02 2:30.3
  338   3380 5.411503266240212e-03 2.3e+01 1.02e-01  1e-03  2e-02 2:49.4
  378   3780 5.166351092464053e-03 2.9e+01 2.31e-01  2e-03  3e-02 3:09.4
  400   4000 4.951391084032512e-03 3.6e+01 7.33e-01  6e-03  1e-01 3:20.4
  445   4450 4.377038716410908e-03 8.2e+01 9.38e-01  6e-03  2e-01 3:42.8
  491   4910 4.161278937575493e-03 6.2e+01 1.97e-01  7e-04  2e-02 4:06.1
  500   5000 4.160511684259301e-03 6.7e+01 1.08e-01  4e-04  1e-02 4:10.7
  550   5500 4.160218745121370e-03 6.1e+01 2.12e-03  3e-06  9e-05 4:36.1
  586   5860 4.160218727457846e-03 7.0e+01 1.18e-04  1e-07  3e-06 4:54.4
termination on tolfun=1e-11 (Fri Nov 27 10:09:23 2020)
final/bestever f-value = 4.160219e-03 4.160219e-03
incumbent solution: [-0.024652143918930985, -2.407931794149555, -2.2468187864224136, -3.097802327188107, 4.744232311925739, -0.14802562733054245, 2.396623407921055, -5.665939998070811]
std deviation: [1.3726404586567652e-07, 6.304950571347644e-07, 1.2272938609673332e-07, 7.853263975097416e-07, 2.1320131166868343e-06, 1.1532544593680468e-07, 8.514925112787677e-07, 2.7827271566606877e-06]
cma
(5_w,10)-aCMA-ES (mu_w=3.2,w_1=45%) in dimension 8 (seed=512279, Fri Nov 27 10:09:24 2020)
Iterat #Fevals   function value  axis ratio  sigma  min&max std  t[m:s]
    1     10 7.266433792788179e-01 1.0e+00 9.78e-01  9e-01  1e+00 0:00.5
    2     20 4.388503720476631e-01 1.3e+00 8.39e-01  8e-01  9e-01 0:01.0
    3     30 5.388499537635856e-01 1.4e+00 7.64e-01  7e-01  8e-01 0:01.5
    9     90 5.624693370262557e-01 2.1e+00 9.46e-01  8e-01  1e+00 0:04.6
   17    170 1.925989032855923e-01 2.3e+00 6.00e-01  5e-01  7e-01 0:08.6
   27    270 8.442385782479228e-02 3.3e+00 4.00e-01  3e-01  4e-01 0:13.7
   39    390 3.034136356832016e-02 4.3e+00 1.97e-01  1e-01  2e-01 0:19.8
   53    530 2.535980377588115e-02 4.8e+00 5.45e-02  3e-02  4e-02 0:26.9
   69    690 2.387524589562559e-02 7.1e+00 5.03e-02  2e-02  5e-02 0:35.0
   87    870 2.326875734918941e-02 1.1e+01 4.57e-02  2e-02  5e-02 0:44.1
  100   1000 2.317204632820739e-02 1.2e+01 4.09e-02  1e-02  4e-02 0:50.8
  122   1220 2.272002329556874e-02 1.6e+01 3.36e-02  7e-03  2e-02 1:01.9
  146   1460 2.212697440992057e-02 2.1e+01 5.48e-02  1e-02  4e-02 1:14.1
  172   1720 2.021545944515627e-02 2.2e+01 7.67e-02  1e-02  5e-02 1:27.3
  200   2000 1.755579106699989e-02 3.0e+01 1.84e-01  1e-02  1e-01 1:41.6
  230   2300 1.142562675568921e-02 2.8e+01 2.26e-01  2e-02  2e-01 1:56.8
  262   2620 8.257875194910079e-03 2.2e+01 2.57e-01  2e-02  1e-01 2:13.1
  296   2960 8.115786901397571e-03 1.8e+01 3.39e-02  1e-03  6e-03 2:30.4
  300   3000 8.115258807328215e-03 1.9e+01 2.92e-02  1e-03  5e-03 2:32.4
  338   3380 8.114257914183140e-03 2.2e+01 1.48e-03  4e-05  1e-04 2:51.7
  378   3780 8.114257079072356e-03 2.0e+01 8.06e-05  1e-06  4e-06 3:12.0
  394   3940 8.114257078462214e-03 2.0e+01 1.99e-05  2e-07  8e-07 3:20.1
termination on tolfun=1e-11 (Fri Nov 27 10:12:44 2020)
final/bestever f-value = 8.114257e-03 8.114257e-03
incumbent solution: [-0.3624406909189604, 2.454624440367563, 8.883814109038786, 0.06444655710170916, 4.699667611637148, 0.45350100713916247, -1.1729834952872327, -0.7894973481846141]
std deviation: [5.18879039770487e-07, 5.104267013490922e-07, 3.0964318542954557e-07, 4.267839398771982e-07, 7.361744281165566e-07, 2.418932680800799e-07, 7.903449886348041e-07, 6.109337858072373e-07]
cma
(5_w,11)-aCMA-ES (mu_w=3.4,w_1=42%) in dimension 11 (seed=513682, Fri Nov 27 10:12:46 2020)
Iterat #Fevals   function value  axis ratio  sigma  min&max std  t[m:s]
    1     11 2.792995601531490e-01 1.0e+00 9.87e-01  1e+00  1e+00 0:00.6
    2     22 3.715123714221932e-01 1.2e+00 9.27e-01  9e-01  9e-01 0:01.2
    3     33 5.772917522876477e-01 1.3e+00 9.21e-01  9e-01  1e+00 0:01.8
    9     99 2.933431060280233e-01 1.5e+00 6.73e-01  6e-01  7e-01 0:05.4
   16    176 1.712623784956544e-01 1.8e+00 5.21e-01  4e-01  5e-01 0:09.6
   25    275 1.124294130408650e-01 2.1e+00 3.34e-01  3e-01  3e-01 0:14.9
   35    385 4.517515466532748e-02 2.6e+00 2.26e-01  2e-01  2e-01 0:20.9
   47    517 3.170261380472033e-02 3.5e+00 1.19e-01  9e-02  1e-01 0:28.1
   61    671 1.478750961600649e-02 4.3e+00 5.88e-02  4e-02  6e-02 0:36.5
   77    847 1.426054154472059e-02 6.2e+00 2.19e-02  1e-02  2e-02 0:46.1
   94   1034 1.396785647787046e-02 1.0e+01 2.75e-02  2e-02  3e-02 0:56.3
  100   1100 1.389021535019038e-02 1.3e+01 2.62e-02  1e-02  3e-02 0:59.8
  121   1331 1.367531116141228e-02 2.5e+01 1.83e-02  9e-03  3e-02 1:12.4
  143   1573 1.356003248245928e-02 4.2e+01 1.52e-02  7e-03  3e-02 1:25.6
  167   1837 1.352605002996981e-02 6.5e+01 8.18e-03  4e-03  2e-02 1:39.9
  193   2123 1.351389771273223e-02 7.5e+01 9.69e-03  6e-03  2e-02 1:55.4
  200   2200 1.351378787563112e-02 8.2e+01 1.39e-02  8e-03  3e-02 1:59.6
  229   2519 1.340571053891189e-02 8.9e+01 3.60e-02  2e-02  6e-02 2:16.9
  260   2860 1.303438128001606e-02 7.8e+01 3.95e-02  1e-02  6e-02 2:35.5
  292   3212 1.236679872116418e-02 8.1e+01 5.79e-02  2e-02  9e-02 2:54.6
  300   3300 1.229852101416929e-02 7.8e+01 4.32e-02  1e-02  6e-02 2:59.4
  336   3696 1.123435905023280e-02 5.6e+01 1.17e-01  2e-02  1e-01 3:20.9
  373   4103 1.035455306897825e-02 6.5e+01 1.05e-01  1e-02  1e-01 3:43.0
  400   4400 9.059691422484178e-03 6.4e+01 2.27e-01  2e-02  2e-01 3:59.2
  441   4851 7.832938412120689e-03 4.2e+01 1.44e-01  1e-02  9e-02 4:23.6
  484   5324 5.737389431973044e-03 2.8e+01 1.56e-01  8e-03  6e-02 4:49.2
  500   5500 5.463197135192745e-03 2.8e+01 9.02e-02  4e-03  3e-02 4:58.6
  546   6006 5.245853864603506e-03 3.0e+01 8.44e-02  3e-03  2e-02 5:25.9
  594   6534 5.155710946898357e-03 4.9e+01 7.79e-02  3e-03  2e-02 5:54.3
  600   6600 5.147892014737103e-03 5.2e+01 5.66e-02  2e-03  2e-02 5:57.9
  651   7161 5.115911044951833e-03 3.9e+01 5.93e-02  2e-03  1e-02 6:28.1
  700   7700 5.088399884926931e-03 5.2e+01 1.26e-01  5e-03  2e-02 6:57.1
  755   8305 4.997903981345762e-03 3.9e+01 1.98e-01  5e-03  3e-02 7:29.6
  800   8800 4.854161774878108e-03 3.7e+01 4.19e-01  6e-03  4e-02 7:56.3
  858   9438 4.316948167776093e-03 6.3e+01 9.28e-01  8e-03  1e-01 8:30.7
  900   9900 3.787030868224729e-03 4.1e+01 4.66e-01  3e-03  4e-02 8:55.6
  961  10571 3.161508586463774e-03 3.3e+01 8.09e-01  4e-03  4e-02 9:32.1
 1000  11000 3.017702462100219e-03 3.5e+01 3.58e-01  1e-03  2e-02 9:55.9
Iterat #Fevals   function value  axis ratio  sigma  min&max std  t[m:s]
 1063  11693 3.011910955286978e-03 4.3e+01 3.95e-02  8e-05  1e-03 10:34.2
 1100  12100 3.011898045364217e-03 4.2e+01 2.78e-03  4e-06  7e-05 10:56.8
 1146  12606 3.011898017928957e-03 6.6e+01 1.64e-04  2e-07  3e-06 11:24.8
termination on tolfun=1e-11 (Fri Nov 27 10:24:12 2020)
final/bestever f-value = 3.011898e-03 3.011898e-03
incumbent solution: [-1.81039197  0.29023769  1.65597963  5.05435704  5.81455076  5.27653222
 -1.8446377  -1.85530284 ...]
std deviations: [1.75497911e-07 4.67188113e-07 3.39085387e-07 1.72141396e-06
 3.44998513e-06 3.07211567e-07 5.45858394e-07 5.92474491e-07 ...]
cma
(5_w,11)-aCMA-ES (mu_w=3.4,w_1=42%) in dimension 11 (seed=567361, Fri Nov 27 10:24:14 2020)
Iterat #Fevals   function value  axis ratio  sigma  min&max std  t[m:s]
    1     11 3.336829144685309e-01 1.0e+00 9.25e-01  9e-01  9e-01 0:00.6
    2     22 9.311219401277316e-01 1.1e+00 8.42e-01  8e-01  9e-01 0:01.2
    3     33 4.564653673585479e-01 1.2e+00 8.00e-01  8e-01  8e-01 0:01.8
    8     88 5.413872709016279e-01 1.6e+00 8.96e-01  7e-01  9e-01 0:04.9
   15    165 6.371920329741013e-01 2.0e+00 7.82e-01  6e-01  8e-01 0:09.1
   24    264 4.390794869975134e-01 2.4e+00 5.00e-01  4e-01  5e-01 0:14.6
   34    374 2.788598852903582e-02 2.9e+00 2.55e-01  2e-01  2e-01 0:20.7
   46    506 1.956229853976237e-02 3.8e+00 1.10e-01  8e-02  1e-01 0:28.0
   60    660 1.117120489589073e-02 6.4e+00 9.16e-02  6e-02  1e-01 0:36.6
   75    825 8.523905253391657e-03 8.4e+00 7.92e-02  4e-02  1e-01 0:45.8
   92   1012 8.076800571009049e-03 1.2e+01 3.27e-02  2e-02  4e-02 0:56.1
  100   1100 7.864648459825463e-03 1.5e+01 1.94e-02  9e-03  2e-02 1:01.0
  120   1320 7.167816669972655e-03 2.8e+01 3.86e-02  2e-02  7e-02 1:13.3
  142   1562 4.642604736357732e-03 3.1e+01 6.99e-02  3e-02  1e-01 1:26.7
  165   1815 4.083329956904441e-03 2.6e+01 2.94e-02  1e-02  4e-02 1:40.8
  190   2090 3.524542507413525e-03 2.5e+01 4.89e-02  1e-02  6e-02 1:56.1
  200   2200 3.331313932710954e-03 2.6e+01 3.33e-02  7e-03  4e-02 2:02.2
  228   2508 2.808812860013543e-03 4.0e+01 5.53e-02  8e-03  7e-02 2:19.3
  258   2838 2.558004350748750e-03 4.9e+01 2.56e-02  3e-03  3e-02 2:37.7
  290   3190 2.546406008174099e-03 4.4e+01 5.92e-03  5e-04  5e-03 2:57.2
  300   3300 2.546095854753809e-03 4.1e+01 2.51e-03  2e-04  2e-03 3:03.3
  335   3685 2.545829828262647e-03 7.0e+01 2.47e-03  2e-04  3e-03 3:24.7
  372   4092 2.545730141404227e-03 1.0e+02 5.68e-04  4e-05  6e-04 3:47.2
  400   4400 2.545728840859370e-03 1.0e+02 7.01e-05  4e-06  6e-05 4:04.3
  440   4840 2.545728833799639e-03 1.4e+02 5.11e-06  2e-07  4e-06 4:28.8
  444   4884 2.545728833792790e-03 1.3e+02 3.77e-06  2e-07  3e-06 4:31.2
termination on tolfun=1e-11 (Fri Nov 27 10:28:46 2020)
final/bestever f-value = 2.545729e-03 2.545729e-03
incumbent solution: [ 3.12659199 -4.55188914  0.33880388  0.31224975  5.32177678 -0.95015421
  3.37530028 -1.91600585 ...]
std deviations: [4.07766630e-07 1.19241095e-06 1.68082001e-07 5.99528825e-07
 2.50183294e-06 7.96385901e-07 3.08112463e-07 1.96305243e-06 ...]
cma
(5_w,11)-aCMA-ES (mu_w=3.4,w_1=42%) in dimension 14 (seed=510129, Fri Nov 27 10:28:49 2020)
Iterat #Fevals   function value  axis ratio  sigma  min&max std  t[m:s]
    1     11 9.238934305471225e-01 1.0e+00 9.18e-01  9e-01  9e-01 0:00.7
    2     22 5.649882986257360e-01 1.1e+00 8.39e-01  8e-01  8e-01 0:01.3
    3     33 3.955903846223784e-01 1.2e+00 8.13e-01  8e-01  8e-01 0:01.9
    8     88 4.224552248223080e-01 1.3e+00 7.70e-01  7e-01  8e-01 0:05.2
   15    165 3.077111855981176e-01 1.8e+00 6.73e-01  6e-01  7e-01 0:09.7
   23    253 1.847654633679329e-01 2.1e+00 4.57e-01  4e-01  5e-01 0:14.9
   33    363 1.322230734050503e-01 2.4e+00 4.21e-01  3e-01  5e-01 0:21.4
   44    484 3.654577944433775e-02 2.6e+00 2.14e-01  2e-01  2e-01 0:28.5
   57    627 2.737224296966232e-02 3.0e+00 1.58e-01  1e-01  2e-01 0:36.9
   71    781 1.262525786734555e-02 3.5e+00 1.25e-01  8e-02  1e-01 0:46.0
   87    957 6.894859307074038e-03 4.1e+00 5.15e-02  3e-02  6e-02 0:56.4
  100   1100 6.719425677252236e-03 5.5e+00 4.63e-02  2e-02  5e-02 1:04.8
  119   1309 5.266565210512942e-03 8.4e+00 4.76e-02  2e-02  7e-02 1:17.1
  140   1540 3.868570667104209e-03 1.0e+01 3.50e-02  1e-02  5e-02 1:30.8
  162   1782 3.626110599398403e-03 1.3e+01 1.11e-02  4e-03  1e-02 1:45.0
  186   2046 3.514666663667715e-03 1.8e+01 9.04e-03  3e-03  1e-02 2:00.5
  200   2200 3.406234830517483e-03 2.3e+01 1.58e-02  4e-03  2e-02 2:09.6
  227   2497 3.134774153103810e-03 2.9e+01 2.44e-02  6e-03  4e-02 2:27.1
  255   2805 2.789611949054983e-03 3.7e+01 2.29e-02  5e-03  4e-02 2:45.3
  285   3135 2.555909600806817e-03 4.1e+01 1.53e-02  3e-03  3e-02 3:04.7
  300   3300 2.492545153797005e-03 4.5e+01 2.73e-02  5e-03  5e-02 3:14.4
  333   3663 2.408016338330320e-03 3.9e+01 1.09e-02  2e-03  2e-02 3:35.9
  367   4037 2.384120237772547e-03 3.6e+01 9.59e-03  2e-03  1e-02 3:57.9
  400   4400 2.360925851246700e-03 4.5e+01 1.20e-02  2e-03  2e-02 4:19.4
  437   4807 2.269804607691805e-03 6.3e+01 1.77e-02  3e-03  3e-02 4:43.4
  476   5236 2.156063882956615e-03 7.7e+01 2.23e-02  3e-03  3e-02 5:08.7
  500   5500 2.039693537680015e-03 7.4e+01 2.71e-02  3e-03  4e-02 5:24.3
  542   5962 1.795204210562942e-03 6.0e+01 3.70e-02  3e-03  4e-02 5:51.4
  586   6446 1.675874691504770e-03 6.0e+01 2.53e-02  2e-03  2e-02 6:20.0
  600   6600 1.635291234453041e-03 6.1e+01 3.18e-02  3e-03  3e-02 6:29.0
  647   7117 1.523385486702998e-03 7.1e+01 2.25e-02  2e-03  2e-02 6:59.5
  696   7656 1.473037886532953e-03 5.9e+01 1.38e-02  8e-04  1e-02 7:31.1
  700   7700 1.472991387259382e-03 6.1e+01 1.31e-02  7e-04  1e-02 7:33.7
  752   8272 1.430576096098700e-03 6.1e+01 2.68e-02  1e-03  2e-02 8:07.3
  800   8800 1.372509975273814e-03 6.1e+01 3.28e-02  2e-03  1e-02 8:38.3
  855   9405 1.341990543058313e-03 9.5e+01 2.13e-02  1e-03  1e-02 9:13.8
  900   9900 1.326497297207776e-03 1.2e+02 3.77e-02  2e-03  3e-02 9:42.9
  958  10538 1.299357832294328e-03 9.0e+01 3.73e-02  1e-03  2e-02 10:20.4
 1000  11000 1.273685915714664e-03 9.6e+01 5.90e-02  2e-03  2e-02 10:48.0
Iterat #Fevals   function value  axis ratio  sigma  min&max std  t[m:s]
 1060  11660 1.243805336796831e-03 9.0e+01 5.63e-02  1e-03  2e-02 11:27.5
 1100  12100 1.216053602004661e-03 1.1e+02 6.05e-02  1e-03  2e-02 11:53.7
 1163  12793 1.196590327562282e-03 9.8e+01 5.27e-02  8e-04  1e-02 12:34.9
 1200  13200 1.189541836542256e-03 9.0e+01 5.08e-02  6e-04  1e-02 12:59.0
 1266  13926 1.176703132602705e-03 1.1e+02 5.82e-02  5e-04  1e-02 13:42.2
 1300  14300 1.171727480974011e-03 1.3e+02 4.71e-02  4e-04  8e-03 14:04.4
 1369  15059 1.165196180780168e-03 1.6e+02 9.42e-02  7e-04  2e-02 14:49.6
 1400  15400 1.164100752672426e-03 1.5e+02 4.03e-02  3e-04  7e-03 15:09.8
 1472  16192 1.162760320114893e-03 2.4e+02 5.63e-02  4e-04  1e-02 15:56.9
 1500  16500 1.161686628183242e-03 2.4e+02 8.67e-02  5e-04  2e-02 16:15.2
 1576  17336 1.156591631095730e-03 2.3e+02 8.03e-02  3e-04  1e-02 17:04.3
 1600  17600 1.153129798507036e-03 2.3e+02 1.82e-01  7e-04  3e-02 17:19.8
 1680  18480 1.119931986244637e-03 2.2e+02 3.19e-01  1e-03  4e-02 18:11.2
 1700  18700 1.101842745792730e-03 2.2e+02 4.75e-01  1e-03  6e-02 18:24.0
 1783  19613 9.670026766146964e-04 1.7e+02 7.70e-01  3e-03  6e-02 19:17.4
 1800  19800 9.397746827953925e-04 1.4e+02 1.05e+00  3e-03  8e-02 19:28.3
 1886  20746 5.665288844639020e-04 9.1e+01 5.71e-01  1e-03  2e-02 20:23.6
 1900  20900 5.640308928372896e-04 9.4e+01 3.51e-01  6e-04  1e-02 20:32.7
 1989  21879 5.614170918520648e-04 1.2e+02 4.38e-02  5e-05  1e-03 21:29.9
 2000  22000 5.614094657925335e-04 1.1e+02 3.34e-02  3e-05  9e-04 21:36.9
Iterat #Fevals   function value  axis ratio  sigma  min&max std  t[m:s]
 2092  23012 5.612885175227505e-04 4.6e+02 2.84e-02  2e-05  2e-03 22:36.0
 2100  23100 5.612882236947140e-04 4.8e+02 1.96e-02  2e-05  1e-03 22:41.2
 2186  24046 5.612876112028218e-04 5.2e+02 3.44e-04  2e-07  1e-05 23:36.5
termination on tolfun=1e-11 (Fri Nov 27 10:52:28 2020)
final/bestever f-value = 5.612876e-04 5.612876e-04
incumbent solution: [ 1.20699643  2.06569024 -2.7921135   1.02567755  9.61068277  0.15784977
 -2.58325345 -5.38495191 ...]
std deviations: [1.15372559e-05 1.19544108e-06 1.45742218e-06 1.46562277e-05
 5.02585151e-06 1.76678824e-07 8.53294276e-07 3.19927397e-06 ...]
cma
(5_w,11)-aCMA-ES (mu_w=3.4,w_1=42%) in dimension 14 (seed=557818, Fri Nov 27 10:52:30 2020)
Iterat #Fevals   function value  axis ratio  sigma  min&max std  t[m:s]
    1     11 4.947629547034220e-01 1.0e+00 9.57e-01  9e-01  1e+00 0:00.6
    2     22 5.615817187353324e-01 1.1e+00 8.92e-01  9e-01  9e-01 0:01.3
    3     33 5.356638039703639e-01 1.2e+00 8.23e-01  8e-01  8e-01 0:01.9
    8     88 3.277737557727894e-01 1.5e+00 7.88e-01  7e-01  8e-01 0:05.1
   15    165 3.591030369801255e-01 1.6e+00 6.65e-01  6e-01  7e-01 0:09.6
   23    253 1.667536329700405e-01 1.7e+00 5.18e-01  4e-01  6e-01 0:14.8
   33    363 7.679975439181343e-02 2.0e+00 5.50e-01  5e-01  6e-01 0:21.2
   44    484 1.179204949625501e-01 2.3e+00 3.25e-01  3e-01  3e-01 0:28.2
   57    627 6.720463517643528e-02 3.1e+00 2.70e-01  2e-01  3e-01 0:36.6
   72    792 3.647410327599978e-02 3.7e+00 1.94e-01  1e-01  2e-01 0:46.2
   88    968 2.791512255382469e-02 4.3e+00 9.95e-02  6e-02  1e-01 0:56.5
  100   1100 2.294378054156443e-02 5.5e+00 9.18e-02  5e-02  1e-01 1:04.2
  119   1309 2.121716086250067e-02 7.1e+00 6.53e-02  3e-02  8e-02 1:16.4
  140   1540 1.479325629267498e-02 1.0e+01 5.58e-02  2e-02  9e-02 1:29.9
  162   1782 6.963019346219993e-03 1.5e+01 6.21e-02  2e-02  1e-01 1:44.0
  186   2046 4.852524636439154e-03 1.6e+01 3.96e-02  1e-02  9e-02 1:59.5
  200   2200 4.369670089734471e-03 1.5e+01 2.51e-02  8e-03  5e-02 2:08.4
  227   2497 4.187937298195990e-03 1.6e+01 7.24e-03  2e-03  1e-02 2:25.8
  256   2816 4.172066087639605e-03 2.0e+01 4.65e-03  1e-03  8e-03 2:44.4
  286   3146 4.158016799892117e-03 2.4e+01 4.30e-03  9e-04  6e-03 3:03.6
  300   3300 4.141973534574291e-03 2.7e+01 9.24e-03  2e-03  1e-02 3:12.6
  333   3663 4.084834020850627e-03 3.3e+01 1.41e-02  2e-03  2e-02 3:33.7
  368   4048 3.938751052610756e-03 5.0e+01 2.85e-02  4e-03  5e-02 3:56.1
  400   4400 3.619321575862935e-03 4.6e+01 3.52e-02  5e-03  6e-02 4:16.6
  438   4818 3.223569445986631e-03 4.8e+01 3.94e-02  4e-03  6e-02 4:40.9
  478   5258 2.419279142752474e-03 6.0e+01 5.29e-02  6e-03  7e-02 5:06.5
  500   5500 2.173770345614637e-03 5.6e+01 3.15e-02  3e-03  4e-02 5:20.6
  543   5973 2.124502316987636e-03 7.1e+01 7.26e-03  7e-04  9e-03 5:48.0
  587   6457 2.121552400147392e-03 6.1e+01 7.69e-03  5e-04  9e-03 6:16.1
  600   6600 2.119795650574369e-03 6.2e+01 9.38e-03  6e-04  1e-02 6:24.4
  647   7117 2.101136380884821e-03 7.7e+01 1.65e-02  9e-04  2e-02 6:54.4
  696   7656 2.087353167115870e-03 7.7e+01 1.64e-02  7e-04  1e-02 7:25.7
  700   7700 2.085494211154214e-03 7.8e+01 2.02e-02  8e-04  2e-02 7:28.3
  752   8272 2.070473823629819e-03 8.1e+01 1.66e-02  6e-04  1e-02 8:01.5
  800   8800 2.062295522605105e-03 1.2e+02 2.05e-02  6e-04  2e-02 8:32.2
  855   9405 2.049825191349630e-03 1.1e+02 1.96e-02  5e-04  1e-02 9:07.3
  900   9900 2.036895140957928e-03 8.4e+01 2.68e-02  5e-04  1e-02 9:36.1
  958  10538 2.014600972368977e-03 1.0e+02 5.33e-02  9e-04  2e-02 10:13.1
 1000  11000 1.987005746892868e-03 1.2e+02 6.44e-02  1e-03  2e-02 10:39.9
Iterat #Fevals   function value  axis ratio  sigma  min&max std  t[m:s]
 1062  11682 1.935595275642612e-03 1.2e+02 7.56e-02  1e-03  3e-02 11:19.5
 1100  12100 1.914322709962885e-03 1.2e+02 5.79e-02  7e-04  2e-02 11:43.8
 1165  12815 1.904655682596177e-03 1.4e+02 3.49e-02  4e-04  1e-02 12:25.3
 1200  13200 1.902904477656660e-03 1.1e+02 3.77e-02  4e-04  1e-02 12:47.7
 1268  13948 1.902477778672584e-03 1.2e+02 1.77e-03  1e-05  3e-04 13:31.1
 1300  14300 1.902477325914032e-03 1.6e+02 6.42e-04  4e-06  1e-04 13:51.6
 1371  15081 1.902470033566263e-03 2.4e+02 6.37e-03  3e-05  2e-03 14:36.9
 1400  15400 1.902452129871454e-03 4.7e+02 1.27e-02  5e-05  6e-03 14:55.4
 1474  16214 1.902403011350565e-03 6.3e+02 1.15e-02  3e-05  6e-03 15:42.7
 1500  16500 1.902386413231012e-03 6.6e+02 1.16e-02  3e-05  6e-03 15:59.3
 1577  17347 1.902328592385671e-03 5.7e+02 1.42e-02  3e-05  6e-03 16:48.5
 1600  17600 1.902316009874105e-03 5.0e+02 2.40e-02  5e-05  9e-03 17:03.2
 1680  18480 1.902254400995967e-03 4.7e+02 1.69e-02  3e-05  5e-03 17:54.3
 1700  18700 1.902242602474477e-03 5.0e+02 2.26e-02  4e-05  7e-03 18:07.0
 1783  19613 1.902175700436475e-03 5.1e+02 2.45e-02  3e-05  6e-03 19:00.1
 1800  19800 1.902168045806862e-03 4.6e+02 2.18e-02  3e-05  4e-03 19:10.9
 1887  20757 1.902116130421015e-03 4.9e+02 3.46e-02  3e-05  6e-03 20:06.4
 1900  20900 1.902109820124123e-03 4.9e+02 2.48e-02  2e-05  4e-03 20:14.7
 1990  21890 1.902067662683809e-03 5.4e+02 3.12e-02  2e-05  4e-03 21:12.1
 2000  22000 1.902062741001178e-03 5.4e+02 3.06e-02  2e-05  4e-03 21:18.4
Iterat #Fevals   function value  axis ratio  sigma  min&max std  t[m:s]
 2093  23023 1.902022511682243e-03 4.6e+02 3.76e-02  2e-05  3e-03 22:17.8
 2100  23100 1.902020227036944e-03 5.3e+02 5.17e-02  2e-05  4e-03 22:22.2
 2196  24156 1.901997672844323e-03 6.4e+02 3.50e-02  1e-05  2e-03 23:23.4
 2200  24200 1.901997119505167e-03 6.7e+02 3.51e-02  1e-05  2e-03 23:25.9
 2299  25289 1.901988877323394e-03 6.7e+02 2.59e-02  6e-06  1e-03 24:29.0
 2300  25300 1.901988862613340e-03 6.8e+02 2.57e-02  6e-06  1e-03 24:29.7
 2400  26400 1.901988565901141e-03 6.7e+02 8.79e-03  2e-06  3e-04 25:33.4
 2447  26917 1.901988559338042e-03 7.6e+02 1.19e-03  2e-07  4e-05 26:03.3
termination on tolfun=1e-11 (Fri Nov 27 11:18:37 2020)
final/bestever f-value = 1.901989e-03 1.901989e-03
incumbent solution: [ 2.94206619 -0.11198178 -0.82226542  3.26246066 -2.31374998 -2.53158896
 -2.70664116 -3.79569563 ...]
std deviations: [7.63386140e-06 8.98826168e-06 4.03631112e-05 1.12649880e-05
 6.67925427e-06 3.14156898e-06 9.20357632e-07 5.65256126e-06 ...]
cma
(6_w,12)-aCMA-ES (mu_w=3.7,w_1=40%) in dimension 17 (seed=529742, Fri Nov 27 11:18:40 2020)
Iterat #Fevals   function value  axis ratio  sigma  min&max std  t[m:s]
    1     12 7.917894215005422e-01 1.0e+00 9.71e-01  1e+00  1e+00 0:00.7
    2     24 4.562462587139883e-01 1.2e+00 9.53e-01  9e-01  1e+00 0:01.5
    3     36 1.779905480160867e-01 1.2e+00 1.02e+00  1e+00  1e+00 0:02.2
    8     96 9.121972039956616e-01 1.5e+00 1.14e+00  1e+00  1e+00 0:05.8
   14    168 6.145572220693059e-01 1.5e+00 8.90e-01  8e-01  9e-01 0:10.2
   21    252 5.454419513038204e-01 1.6e+00 9.67e-01  9e-01  1e+00 0:15.3
   30    360 5.209800145971325e-01 2.2e+00 1.18e+00  1e+00  1e+00 0:21.9
   40    480 6.083891909079502e-01 2.3e+00 1.89e+00  2e+00  2e+00 0:29.2
   52    624 3.452635211859766e-01 2.5e+00 1.46e+00  1e+00  2e+00 0:37.9
   65    780 9.946256795667431e-01 2.6e+00 1.44e+00  1e+00  2e+00 0:47.3
   79    948 4.811308635995444e-01 2.8e+00 1.49e+00  1e+00  2e+00 0:57.5
   95   1140 1.147874285164869e+00 3.2e+00 1.69e+00  1e+00  2e+00 1:09.1
  100   1200 6.713993802581750e-01 3.3e+00 1.93e+00  2e+00  2e+00 1:12.8
  118   1416 1.186814285079916e+00 3.8e+00 1.76e+00  1e+00  2e+00 1:25.8
  138   1656 9.674073343064772e-01 4.0e+00 1.53e+00  1e+00  2e+00 1:40.4
  159   1908 9.265645637067523e-01 4.5e+00 1.52e+00  1e+00  2e+00 1:55.7
  195   2340 5.697552284279384e-01 5.4e+00 1.20e+00  8e-01  2e+00 2:12.0
  200   2400 8.949948925614231e-01 5.3e+00 1.04e+00  7e-01  1e+00 2:14.0
  245   2940 6.838081251370027e-01 5.8e+00 1.38e+00  9e-01  2e+00 2:32.4
  292   3504 1.105393860346113e+00 8.2e+00 1.73e+00  1e+00  3e+00 2:51.6
  300   3600 1.017258598767879e+00 8.5e+00 1.74e+00  1e+00  3e+00 2:54.8
  352   4224 8.422149631858974e-01 1.0e+01 1.77e+00  1e+00  3e+00 3:16.1
  400   4800 9.611278150287512e-01 1.3e+01 2.13e+00  1e+00  4e+00 3:35.7
  457   5484 1.088408336770802e+00 1.4e+01 1.98e+00  1e+00  3e+00 3:59.0
  500   6000 1.077534789280524e+00 1.8e+01 1.66e+00  1e+00  3e+00 4:16.6
  562   6744 9.902650911455859e-01 2.5e+01 1.24e+00  9e-01  2e+00 4:41.9
  600   7200 5.517291508710778e-01 2.2e+01 5.71e-01  4e-01  9e-01 4:57.4
  667   8004 2.568131565839643e-01 1.4e+01 9.59e-02  5e-02  9e-02 5:24.7
  700   8400 1.983093549716254e-01 1.7e+01 1.22e-01  6e-02  1e-01 5:38.1
  771   9252 6.150051189964367e-02 1.3e+01 8.72e-02  3e-02  7e-02 6:07.2
  800   9600 2.354154158981517e-02 1.4e+01 1.69e-01  6e-02  1e-01 6:19.0
  877  10524 6.409732427732429e-03 1.4e+01 6.04e-02  1e-02  4e-02 6:50.4
  900  10800 5.419456203070087e-03 1.5e+01 6.06e-02  1e-02  5e-02 6:59.8
  981  11772 3.528560830301074e-03 2.2e+01 1.27e-02  2e-03  9e-03 7:32.9
 1000  12000 3.511604230978122e-03 2.2e+01 1.03e-02  1e-03  7e-03 7:40.6
Iterat #Fevals   function value  axis ratio  sigma  min&max std  t[m:s]
 1086  13032 3.399356977848374e-03 5.5e+01 3.03e-02  2e-03  4e-02 8:15.7
 1100  13200 3.352075857607982e-03 6.3e+01 3.38e-02  2e-03  4e-02 8:21.4
 1191  14292 3.027027677829074e-03 1.3e+02 7.65e-02  4e-03  1e-01 8:58.6
 1200  14400 2.925427500865028e-03 1.3e+02 5.84e-02  3e-03  9e-02 9:02.2
 1296  15552 2.634448004849184e-03 1.6e+02 4.22e-02  2e-03  5e-02 9:41.4
 1300  15600 2.621687365510723e-03 1.6e+02 4.26e-02  2e-03  5e-02 9:43.0
 1400  16800 2.119436156175951e-03 1.9e+02 1.19e-01  4e-03  2e-01 10:23.8
 1500  18000 6.367101077760659e-04 2.0e+02 1.53e-01  4e-03  2e-01 11:04.6
 1600  19200 2.832848846929306e-04 1.6e+02 5.56e-02  1e-03  4e-02 11:45.4
 1700  20400 2.386697543532265e-04 1.6e+02 6.61e-02  1e-03  4e-02 12:26.2
 1800  21600 1.786020313478402e-04 1.8e+02 7.76e-02  1e-03  4e-02 13:07.1
 1900  22800 1.542024000766783e-04 1.7e+02 6.81e-02  7e-04  2e-02 13:47.9
 2000  24000 1.400879468055793e-04 2.0e+02 6.53e-02  6e-04  2e-02 14:28.7
Iterat #Fevals   function value  axis ratio  sigma  min&max std  t[m:s]
 2100  25200 1.298929947213754e-04 2.0e+02 4.63e-02  3e-04  1e-02 15:09.5
 2200  26400 1.269770889582091e-04 2.3e+02 6.14e-02  3e-04  1e-02 15:50.3
 2300  27600 1.248751947779061e-04 1.8e+02 5.91e-02  3e-04  8e-03 16:31.1
 2400  28800 1.234636101598703e-04 2.0e+02 5.53e-02  2e-04  7e-03 17:11.9
 2500  30000 1.227001296501735e-04 2.3e+02 4.73e-02  1e-04  7e-03 17:52.7
 2600  31200 1.223697595712550e-04 3.0e+02 5.80e-02  1e-04  8e-03 18:33.5
 2700  32400 1.222660817058089e-04 4.1e+02 1.42e-02  3e-05  2e-03 19:14.3
 2800  33600 1.222404303824150e-04 4.2e+02 1.41e-02  2e-05  2e-03 19:55.1
 2900  34800 1.222377307702332e-04 6.5e+02 9.11e-04  1e-06  1e-04 20:35.9
 2927  35124 1.222377297063802e-04 6.8e+02 2.11e-04  2e-07  2e-05 20:46.9
termination on tolfun=1e-11 (Fri Nov 27 11:39:30 2020)
final/bestever f-value = 1.222377e-04 1.222377e-04
incumbent solution: [ 43.70889238   0.54481135  10.84514486  -3.31703725  -8.49333939
 -18.93742319  16.14348202   9.88404143 ...]
std deviations: [6.62253292e-07 1.92709365e-06 2.39688717e-05 6.32567116e-06
 1.57024539e-05 2.29676396e-07 2.93994320e-06 7.83386751e-06 ...]
cma
(6_w,12)-aCMA-ES (mu_w=3.7,w_1=40%) in dimension 17 (seed=563812, Fri Nov 27 11:39:32 2020)
Iterat #Fevals   function value  axis ratio  sigma  min&max std  t[m:s]
    1     12 3.445413404222659e-01 1.0e+00 9.27e-01  9e-01  9e-01 0:00.4
    2     24 3.677766928659970e-01 1.1e+00 8.93e-01  9e-01  9e-01 0:00.8
    3     36 1.055465590127379e-01 1.1e+00 8.57e-01  8e-01  9e-01 0:01.2
   11    132 1.814490389176611e-01 1.3e+00 6.85e-01  6e-01  7e-01 0:04.5
   21    252 2.495664720014014e-01 1.5e+00 5.12e-01  5e-01  5e-01 0:08.5
   34    408 9.218916617552726e-02 1.8e+00 4.24e-01  4e-01  4e-01 0:13.8
   49    588 1.192022289587645e-01 2.2e+00 3.37e-01  3e-01  4e-01 0:19.9
   67    804 3.358901398559362e-02 2.8e+00 1.80e-01  1e-01  2e-01 0:27.1
   87   1044 2.185866781191221e-02 3.5e+00 1.08e-01  8e-02  1e-01 0:35.2
  100   1200 1.496509281078602e-02 4.1e+00 6.73e-02  5e-02  7e-02 0:40.5
  125   1500 1.186466936558997e-02 5.2e+00 3.20e-02  2e-02  3e-02 0:50.6
  153   1836 9.482640904701915e-03 7.8e+00 2.67e-02  2e-02  3e-02 1:02.0
  183   2196 6.916382814990798e-03 1.4e+01 2.66e-02  1e-02  4e-02 1:14.1
  200   2400 6.544817526383240e-03 1.7e+01 2.45e-02  1e-02  4e-02 1:21.0
  235   2820 6.117142245461127e-03 1.9e+01 1.72e-02  8e-03  3e-02 1:35.2
  273   3276 5.221211119726084e-03 2.9e+01 2.53e-02  9e-03  4e-02 1:50.5
  300   3600 4.750855271930138e-03 3.7e+01 3.73e-02  1e-02  6e-02 2:01.4
  343   4116 3.692350185189497e-03 4.3e+01 1.94e-02  5e-03  4e-02 2:18.8
  388   4656 3.193073801667911e-03 4.5e+01 3.81e-02  1e-02  7e-02 2:36.9
  400   4800 2.852197204176096e-03 4.1e+01 3.34e-02  9e-03  6e-02 2:41.8
  450   5400 2.672899608486836e-03 3.6e+01 9.89e-03  3e-03  2e-02 3:02.0
  500   6000 2.545050091654627e-03 6.3e+01 1.68e-02  6e-03  4e-02 3:22.2
  555   6660 2.387967592269558e-03 7.7e+01 1.88e-02  6e-03  4e-02 3:44.4
  600   7200 2.233807794623788e-03 8.5e+01 2.58e-02  6e-03  6e-02 4:02.5
  661   7932 1.977853276681194e-03 8.8e+01 2.35e-02  3e-03  5e-02 4:26.6
  700   8400 1.807304232013250e-03 1.1e+02 2.20e-02  2e-03  5e-02 4:42.0
  766   9192 1.660962933383301e-03 1.2e+02 2.25e-02  2e-03  5e-02 5:08.1
  800   9600 1.507744729178191e-03 1.1e+02 4.24e-02  3e-03  8e-02 5:21.6
  871  10452 1.362634820302221e-03 8.3e+01 1.80e-02  1e-03  2e-02 5:49.7
  900  10800 1.317082084505827e-03 9.1e+01 2.82e-02  2e-03  3e-02 6:01.2
  976  11712 1.086130367527232e-03 7.5e+01 5.38e-02  3e-03  5e-02 6:31.3
 1000  12000 9.205707552856173e-04 7.6e+01 5.05e-02  2e-03  4e-02 6:40.8
Iterat #Fevals   function value  axis ratio  sigma  min&max std  t[m:s]
 1081  12972 4.561536447206122e-04 7.5e+01 6.66e-02  3e-03  5e-02 7:12.8
 1100  13200 3.860424506271276e-04 7.1e+01 4.19e-02  2e-03  3e-02 7:20.3
 1186  14232 2.690005593895723e-04 9.6e+01 2.76e-02  1e-03  2e-02 7:54.3
 1200  14400 2.540829937432281e-04 1.1e+02 3.52e-02  1e-03  3e-02 7:59.9
 1292  15504 2.269921389469134e-04 8.3e+01 1.19e-02  3e-04  7e-03 8:36.3
 1300  15600 2.265535421967837e-04 8.4e+01 1.04e-02  3e-04  6e-03 8:39.4
 1396  16752 2.139362858040792e-04 1.7e+02 2.77e-02  8e-04  2e-02 9:17.4
 1400  16800 2.133488331150270e-04 1.8e+02 3.45e-02  9e-04  3e-02 9:19.0
 1500  18000 2.096304145101934e-04 2.2e+02 6.30e-03  1e-04  4e-03 9:58.6
 1600  19200 2.091305190492089e-04 2.1e+02 1.18e-02  2e-04  6e-03 10:38.2
 1700  20400 2.084500655805468e-04 2.7e+02 1.26e-02  1e-04  5e-03 11:17.7
 1800  21600 2.076260475884793e-04 3.7e+02 1.98e-02  2e-04  9e-03 11:57.3
 1900  22800 2.068474838728508e-04 3.3e+02 2.61e-02  2e-04  8e-03 12:36.9
 2000  24000 2.058921335996357e-04 3.3e+02 2.27e-02  1e-04  6e-03 13:16.4
Iterat #Fevals   function value  axis ratio  sigma  min&max std  t[m:s]
 2100  25200 2.046967901354267e-04 2.7e+02 3.96e-02  2e-04  7e-03 13:56.0
 2200  26400 2.033411191788893e-04 2.8e+02 3.35e-02  1e-04  5e-03 14:35.6
 2300  27600 2.019825831698110e-04 2.6e+02 6.60e-02  2e-04  1e-02 15:15.2
 2400  28800 2.008557846621849e-04 3.4e+02 6.69e-02  2e-04  1e-02 15:54.8
 2500  30000 1.984152915357889e-04 2.9e+02 1.44e-01  4e-04  1e-02 16:34.4
 2600  31200 1.947677029245320e-04 3.1e+02 2.19e-01  4e-04  2e-02 17:13.9
 2700  32400 1.888719982556581e-04 3.6e+02 1.75e-01  3e-04  2e-02 17:53.5
 2800  33600 1.866435047258723e-04 3.0e+02 1.67e-01  2e-04  1e-02 18:33.1
 2900  34800 1.819758234652926e-04 3.2e+02 3.29e-01  3e-04  2e-02 19:12.7
 3000  36000 1.733518222646134e-04 4.0e+02 7.99e-01  6e-04  4e-02 19:52.3
Iterat #Fevals   function value  axis ratio  sigma  min&max std  t[m:s]
 3100  37200 1.706617907611374e-04 4.1e+02 1.14e-01  7e-05  4e-03 20:31.9
 3200  38400 1.706538764599620e-04 4.1e+02 4.47e-03  2e-06  1e-04 21:11.5
 3278  39336 1.706538303289007e-04 4.9e+02 5.78e-04  3e-07  1e-05 21:42.3
/home/adrianps/venvs/quantum_simulation/lib/python3.6/site-packages/scipy/optimize/optimize.py:705: ComplexWarning: Casting complex values to real discards the imaginary part
  grad[k] = df
/home/adrianps/venvs/quantum_simulation/lib/python3.6/site-packages/scipy/optimize/linesearch.py:172: ComplexWarning: Casting complex values to real discards the imaginary part
  amin, amax, isave, dsave)
/home/adrianps/venvs/quantum_simulation/lib/python3.6/site-packages/scipy/optimize/optimize.py:705: ComplexWarning: Casting complex values to real discards the imaginary part
  grad[k] = df
/home/adrianps/venvs/quantum_simulation/lib/python3.6/site-packages/scipy/optimize/linesearch.py:172: ComplexWarning: Casting complex values to real discards the imaginary part
  amin, amax, isave, dsave)
/home/adrianps/venvs/quantum_simulation/lib/python3.6/site-packages/scipy/optimize/optimize.py:705: ComplexWarning: Casting complex values to real discards the imaginary part
  grad[k] = df
/home/adrianps/venvs/quantum_simulation/lib/python3.6/site-packages/scipy/optimize/linesearch.py:172: ComplexWarning: Casting complex values to real discards the imaginary part
  amin, amax, isave, dsave)
/home/adrianps/venvs/quantum_simulation/lib/python3.6/site-packages/scipy/optimize/optimize.py:705: ComplexWarning: Casting complex values to real discards the imaginary part
  grad[k] = df
/home/adrianps/venvs/quantum_simulation/lib/python3.6/site-packages/scipy/optimize/linesearch.py:172: ComplexWarning: Casting complex values to real discards the imaginary part
  amin, amax, isave, dsave)
/home/adrianps/venvs/quantum_simulation/lib/python3.6/site-packages/scipy/optimize/optimize.py:705: ComplexWarning: Casting complex values to real discards the imaginary part
  grad[k] = df
/home/adrianps/venvs/quantum_simulation/lib/python3.6/site-packages/scipy/optimize/linesearch.py:172: ComplexWarning: Casting complex values to real discards the imaginary part
  amin, amax, isave, dsave)
/home/adrianps/venvs/quantum_simulation/lib/python3.6/site-packages/scipy/optimize/optimize.py:705: ComplexWarning: Casting complex values to real discards the imaginary part
  grad[k] = df
/home/adrianps/venvs/quantum_simulation/lib/python3.6/site-packages/scipy/optimize/linesearch.py:172: ComplexWarning: Casting complex values to real discards the imaginary part
  amin, amax, isave, dsave)
/home/adrianps/venvs/quantum_simulation/lib/python3.6/site-packages/scipy/optimize/optimize.py:705: ComplexWarning: Casting complex values to real discards the imaginary part
  grad[k] = df
/home/adrianps/venvs/quantum_simulation/lib/python3.6/site-packages/scipy/optimize/linesearch.py:172: ComplexWarning: Casting complex values to real discards the imaginary part
  amin, amax, isave, dsave)
/home/adrianps/venvs/quantum_simulation/lib/python3.6/site-packages/scipy/optimize/optimize.py:705: ComplexWarning: Casting complex values to real discards the imaginary part
  grad[k] = df
/home/adrianps/venvs/quantum_simulation/lib/python3.6/site-packages/scipy/optimize/linesearch.py:172: ComplexWarning: Casting complex values to real discards the imaginary part
  amin, amax, isave, dsave)
/home/adrianps/venvs/quantum_simulation/lib/python3.6/site-packages/scipy/optimize/optimize.py:705: ComplexWarning: Casting complex values to real discards the imaginary part
  grad[k] = df
/home/adrianps/venvs/quantum_simulation/lib/python3.6/site-packages/scipy/optimize/linesearch.py:172: ComplexWarning: Casting complex values to real discards the imaginary part
  amin, amax, isave, dsave)
/home/adrianps/venvs/quantum_simulation/lib/python3.6/site-packages/scipy/optimize/optimize.py:705: ComplexWarning: Casting complex values to real discards the imaginary part
  grad[k] = df
/home/adrianps/venvs/quantum_simulation/lib/python3.6/site-packages/scipy/optimize/linesearch.py:172: ComplexWarning: Casting complex values to real discards the imaginary part
  amin, amax, isave, dsave)
/home/adrianps/Universal-Approximator/qibo_sim/classes/ApproximantNN.py:552: RuntimeWarning: More than 20 figures have been opened. Figures created through the pyplot interface (`matplotlib.pyplot.figure`) are retained until explicitly closed and may consume too much memory. (To control this warning, see the rcParam `figure.max_open_warning`).
  fig, axs = plt.subplots(nrows=2, figsize=(8,10))
/home/adrianps/venvs/quantum_simulation/lib/python3.6/site-packages/scipy/optimize/optimize.py:705: ComplexWarning: Casting complex values to real discards the imaginary part
  grad[k] = df
/home/adrianps/venvs/quantum_simulation/lib/python3.6/site-packages/scipy/optimize/linesearch.py:172: ComplexWarning: Casting complex values to real discards the imaginary part
  amin, amax, isave, dsave)
/home/adrianps/Universal-Approximator/qibo_sim/classes/ApproximantNN.py:577: RuntimeWarning: More than 20 figures have been opened. Figures created through the pyplot interface (`matplotlib.pyplot.figure`) are retained until explicitly closed and may consume too much memory. (To control this warning, see the rcParam `figure.max_open_warning`).
  fig, axs = plt.subplots(nrows=2, figsize=(8,10))
/home/adrianps/Universal-Approximator/qibo_sim/classes/ApproximantNN.py:552: RuntimeWarning: More than 20 figures have been opened. Figures created through the pyplot interface (`matplotlib.pyplot.figure`) are retained until explicitly closed and may consume too much memory. (To control this warning, see the rcParam `figure.max_open_warning`).
  fig, axs = plt.subplots(nrows=2, figsize=(8,10))
/home/adrianps/venvs/quantum_simulation/lib/python3.6/site-packages/scipy/optimize/optimize.py:705: ComplexWarning: Casting complex values to real discards the imaginary part
  grad[k] = df
/home/adrianps/venvs/quantum_simulation/lib/python3.6/site-packages/scipy/optimize/linesearch.py:172: ComplexWarning: Casting complex values to real discards the imaginary part
  amin, amax, isave, dsave)
/home/adrianps/Universal-Approximator/qibo_sim/classes/ApproximantNN.py:577: RuntimeWarning: More than 20 figures have been opened. Figures created through the pyplot interface (`matplotlib.pyplot.figure`) are retained until explicitly closed and may consume too much memory. (To control this warning, see the rcParam `figure.max_open_warning`).
  fig, axs = plt.subplots(nrows=2, figsize=(8,10))
termination on tolfun=1e-11 (Fri Nov 27 12:01:18 2020)
final/bestever f-value = 1.706538e-04 1.706538e-04
incumbent solution: [ 0.42627623  2.39147892  2.59029204  0.36443859  7.45354016  2.9922503
 -3.18952147  3.98520636 ...]
std deviations: [2.07068395e-06 7.66530245e-06 1.82786171e-06 5.74324872e-06
 1.27665186e-05 1.12626365e-06 4.64721510e-06 1.48693184e-05 ...]
