cma
(3_w,6)-aCMA-ES (mu_w=2.0,w_1=63%) in dimension 2 (seed=604112, Fri Nov 27 12:21:50 2020)
Iterat #Fevals   function value  axis ratio  sigma  min&max std  t[m:s]
    1      6 1.131523048911674e+00 1.0e+00 8.80e-01  8e-01  8e-01 0:03.5
    2     12 5.931098478232643e-01 1.3e+00 7.39e-01  6e-01  6e-01 0:07.0
    3     18 4.750309058374687e-01 1.2e+00 1.05e+00  7e-01  1e+00 0:10.4
    4     24 4.425746555752598e-01 1.8e+00 1.13e+00  8e-01  1e+00 0:13.9
    6     36 4.640273104693486e-01 1.9e+00 8.95e-01  4e-01  1e+00 0:20.8
    8     48 4.493956347935844e-01 2.1e+00 7.82e-01  4e-01  7e-01 0:27.8
   10     60 4.403473713178463e-01 2.2e+00 6.79e-01  2e-01  6e-01 0:34.8
   13     78 4.376250992293353e-01 3.0e+00 6.82e-01  2e-01  5e-01 0:45.1
   16     96 4.374223277968216e-01 3.2e+00 6.98e-01  2e-01  5e-01 0:55.5
   19    114 4.566741612864984e-01 4.0e+00 9.12e-01  2e-01  6e-01 1:05.9
   22    132 4.355529777271779e-01 2.6e+00 4.66e-01  7e-02  2e-01 1:16.3
   26    156 4.343520361930545e-01 2.4e+00 2.37e-01  3e-02  7e-02 1:30.0
   30    180 4.340668227688080e-01 2.8e+00 1.47e-01  1e-02  3e-02 1:43.8
   34    204 4.340633864799832e-01 2.9e+00 6.01e-02  3e-03  9e-03 1:57.8
   39    234 4.340634767408255e-01 2.8e+00 4.65e-02  2e-03  5e-03 2:15.2
   44    264 4.340626214206876e-01 2.3e+00 1.97e-02  5e-04  1e-03 2:32.6
   49    294 4.340623397109642e-01 1.9e+00 1.87e-02  4e-04  7e-04 2:49.8
   54    324 4.340623152637207e-01 2.5e+00 8.69e-03  9e-05  2e-04 3:07.1
   60    360 4.340623132295907e-01 2.4e+00 2.62e-03  2e-05  3e-05 3:27.9
   66    396 4.340623132269145e-01 2.0e+00 8.46e-04  3e-06  6e-06 3:48.4
   72    432 4.340623132232759e-01 1.9e+00 3.74e-04  8e-07  2e-06 4:09.2
   79    474 4.340623132229112e-01 2.0e+00 1.39e-04  2e-07  3e-07 4:33.2
   82    492 4.340623132229068e-01 2.1e+00 5.98e-05  5e-08  8e-08 4:43.7
termination on tolfun=1e-11 (Fri Nov 27 12:26:36 2020)
final/bestever f-value = 4.340623e-01 4.340623e-01
incumbent solution: [-5.282627949730092e-10, 2.5010645614742946]
std deviation: [5.3956505672751805e-08, 8.164455867353541e-08]
cma
(3_w,6)-aCMA-ES (mu_w=2.0,w_1=63%) in dimension 2 (seed=557296, Fri Nov 27 12:26:42 2020)
Iterat #Fevals   function value  axis ratio  sigma  min&max std  t[m:s]
    1      6 1.208240485307577e+00 1.0e+00 9.80e-01  9e-01  1e+00 0:03.4
    2     12 8.721221946441563e-01 1.0e+00 1.13e+00  1e+00  1e+00 0:06.9
    3     18 6.421654731553834e-01 1.2e+00 1.07e+00  9e-01  1e+00 0:10.4
    4     24 6.003453565752002e-01 1.3e+00 1.26e+00  1e+00  1e+00 0:13.9
    6     36 4.751405724416225e-01 1.1e+00 9.64e-01  7e-01  9e-01 0:20.7
    8     48 4.539040322346107e-01 1.4e+00 5.56e-01  3e-01  4e-01 0:27.6
   10     60 4.413203221758030e-01 2.0e+00 3.81e-01  1e-01  3e-01 0:34.5
   13     78 4.394210551988800e-01 3.2e+00 2.31e-01  6e-02  2e-01 0:44.7
   16     96 4.381335143731773e-01 2.7e+00 1.33e-01  2e-02  7e-02 0:54.6
   19    114 4.380827732229746e-01 2.5e+00 8.26e-02  1e-02  3e-02 1:05.1
   22    132 4.380486735425999e-01 2.2e+00 5.54e-02  7e-03  1e-02 1:15.4
   26    156 4.380417592089650e-01 2.4e+00 2.23e-02  2e-03  4e-03 1:29.1
   30    180 4.380417381107344e-01 3.2e+00 1.33e-02  6e-04  2e-03 1:42.6
   34    204 4.380416892178280e-01 2.6e+00 8.58e-03  3e-04  9e-04 1:56.5
   39    234 4.380416812734563e-01 2.8e+00 5.01e-03  1e-04  3e-04 2:13.8
   44    264 4.380416812869243e-01 2.9e+00 3.33e-03  5e-05  2e-04 2:31.1
   49    294 4.380416813564814e-01 2.6e+00 1.54e-03  1e-05  4e-05 2:48.4
   54    324 4.380416812736946e-01 2.8e+00 5.95e-04  3e-06  9e-06 3:05.6
   60    360 4.380416812718050e-01 3.2e+00 1.47e-04  4e-07  1e-06 3:25.4
   66    396 4.380416812716352e-01 2.3e+00 1.26e-04  3e-07  7e-07 3:45.8
   72    432 4.380416812716323e-01 2.7e+00 4.98e-05  5e-08  2e-07 4:06.6
termination on tolfun=1e-11 (Fri Nov 27 12:30:50 2020)
final/bestever f-value = 4.380417e-01 4.380417e-01
incumbent solution: [1.6126882010554015e-08, 1.3238619636565399]
std deviation: [5.3460522763751746e-08, 1.6255030313819925e-07]
cma
(4_w,8)-aCMA-ES (mu_w=2.6,w_1=52%) in dimension 5 (seed=551934, Fri Nov 27 12:30:56 2020)
Iterat #Fevals   function value  axis ratio  sigma  min&max std  t[m:s]
    1      8 6.815703846067208e-01 1.0e+00 9.23e-01  9e-01  1e+00 0:05.2
    2     16 4.797498961739028e-01 1.2e+00 8.86e-01  8e-01  9e-01 0:10.3
    3     24 4.394791231616177e-01 1.3e+00 8.31e-01  7e-01  9e-01 0:15.5
    4     32 6.791049151407313e-01 1.5e+00 7.87e-01  6e-01  8e-01 0:20.7
    5     40 2.436909100318645e-01 1.6e+00 8.44e-01  7e-01  9e-01 0:25.6
    6     48 6.428606235242799e-01 1.7e+00 9.05e-01  8e-01  1e+00 0:30.7
    8     64 4.184631766821288e-01 2.0e+00 7.84e-01  7e-01  8e-01 0:41.1
   10     80 3.399706421519479e-01 2.5e+00 6.82e-01  6e-01  7e-01 0:51.4
   12     96 9.220844033978748e-02 2.6e+00 5.72e-01  4e-01  6e-01 1:01.6
   14    112 1.072615134180987e-01 2.8e+00 4.49e-01  3e-01  4e-01 1:11.8
   16    128 1.152939921330292e-01 2.5e+00 3.62e-01  3e-01  3e-01 1:22.0
   19    152 7.056247430704099e-02 2.1e+00 2.67e-01  2e-01  2e-01 1:37.5
   22    176 7.027721326611282e-02 2.1e+00 2.72e-01  2e-01  2e-01 1:52.9
   25    200 5.696424666975293e-02 3.0e+00 2.83e-01  2e-01  2e-01 2:08.3
   28    224 5.498267664994989e-02 3.1e+00 1.82e-01  9e-02  2e-01 2:23.8
   31    248 4.199589760670791e-02 3.1e+00 2.03e-01  9e-02  2e-01 2:39.2
   35    280 3.584329738893796e-02 4.1e+00 1.95e-01  7e-02  2e-01 2:59.7
   39    312 3.312389808551219e-02 4.7e+00 1.30e-01  4e-02  1e-01 3:20.2
   43    344 3.254742146366901e-02 6.2e+00 8.80e-02  2e-02  7e-02 3:40.8
   47    376 3.195509894769395e-02 6.2e+00 6.52e-02  1e-02  5e-02 4:01.4
   51    408 3.192828575205149e-02 6.2e+00 4.66e-02  7e-03  3e-02 4:21.9
   56    448 3.182363642653332e-02 6.1e+00 3.05e-02  4e-03  2e-02 4:47.4
   61    488 3.179202266849088e-02 5.9e+00 1.78e-02  2e-03  9e-03 5:13.0
   66    528 3.178601966066726e-02 7.4e+00 1.19e-02  1e-03  6e-03 5:38.5
   71    568 3.178338578344724e-02 6.1e+00 7.15e-03  7e-04  3e-03 6:04.1
   76    608 3.178302521427179e-02 6.3e+00 4.46e-03  4e-04  2e-03 6:29.6
   82    656 3.178247709377609e-02 6.6e+00 3.15e-03  3e-04  1e-03 7:00.2
   88    704 3.178240348680204e-02 5.6e+00 2.37e-03  2e-04  6e-04 7:30.8
   94    752 3.178238358957650e-02 6.9e+00 1.16e-03  6e-05  3e-04 8:01.4
  100    800 3.178237938051120e-02 9.0e+00 5.79e-04  2e-05  1e-04 8:32.3
  106    848 3.178237826576921e-02 8.1e+00 3.02e-04  1e-05  5e-05 9:03.0
  113    904 3.178237796438806e-02 8.7e+00 1.22e-04  3e-06  2e-05 9:39.2
  120    960 3.178237795604449e-02 9.6e+00 9.59e-05  2e-06  1e-05 10:14.8
  127   1016 3.178237793453193e-02 8.1e+00 3.32e-05  7e-07  3e-06 10:50.7
  134   1072 3.178237793430173e-02 6.4e+00 1.76e-05  3e-07  1e-06 11:26.7
  141   1128 3.178237793424873e-02 6.9e+00 1.09e-05  2e-07  7e-07 12:02.8
  148   1184 3.178237793425073e-02 7.3e+00 6.39e-06  8e-08  3e-07 12:38.7
termination on tolfun=1e-11 (Fri Nov 27 12:43:38 2020)
final/bestever f-value = 3.178238e-02 3.178238e-02
incumbent solution: [-3.1415926346007272, -2.305021383797476, 0.7853981910174705, -3.065582210159729e-08, 5.2193632844286535e-08]
std deviation: [1.2998271202757626e-07, 2.8695560542279995e-07, 7.995685945476595e-08, 1.2311152448798248e-07, 3.341008072857048e-07]
cma
(4_w,8)-aCMA-ES (mu_w=2.6,w_1=52%) in dimension 5 (seed=501705, Fri Nov 27 12:43:46 2020)
Iterat #Fevals   function value  axis ratio  sigma  min&max std  t[m:s]
    1      8 8.343407189253895e-01 1.0e+00 9.25e-01  9e-01  9e-01 0:05.1
    2     16 6.231783147909000e-01 1.2e+00 8.34e-01  8e-01  8e-01 0:10.2
    3     24 9.186614508895569e-01 1.3e+00 7.50e-01  7e-01  7e-01 0:15.3
    4     32 4.709259072348077e-01 1.5e+00 6.67e-01  6e-01  6e-01 0:20.4
    5     40 4.875586172407800e-01 1.6e+00 6.99e-01  6e-01  7e-01 0:25.5
    6     48 4.306099401146170e-01 1.8e+00 6.58e-01  5e-01  7e-01 0:30.6
    8     64 4.561957686345983e-01 1.7e+00 5.15e-01  4e-01  5e-01 0:40.8
   10     80 4.444471356169046e-01 2.1e+00 4.70e-01  3e-01  4e-01 0:50.9
   12     96 3.902058756460429e-01 2.4e+00 4.13e-01  3e-01  4e-01 1:01.1
   14    112 3.513018384391240e-01 2.3e+00 3.53e-01  2e-01  3e-01 1:11.3
   16    128 4.102690933726006e-01 2.5e+00 3.29e-01  2e-01  3e-01 1:21.5
   19    152 2.930986116022180e-01 2.7e+00 2.76e-01  1e-01  2e-01 1:36.8
   22    176 7.873113211480086e-02 3.6e+00 5.84e-01  3e-01  5e-01 1:52.0
   25    200 1.775160475381185e-01 3.8e+00 5.36e-01  3e-01  5e-01 2:07.5
   28    224 8.277898042227197e-02 4.3e+00 4.32e-01  2e-01  4e-01 2:22.6
   31    248 6.314681189938043e-02 4.4e+00 3.19e-01  1e-01  3e-01 2:37.8
   35    280 3.654603017713408e-02 4.4e+00 3.32e-01  1e-01  3e-01 2:58.2
   39    312 3.757323374478357e-02 5.1e+00 2.18e-01  7e-02  2e-01 3:18.7
   43    344 3.219289007092017e-02 4.9e+00 1.43e-01  4e-02  1e-01 3:39.1
   47    376 3.196892342883961e-02 6.0e+00 8.42e-02  2e-02  6e-02 3:59.6
   51    408 3.188173439507770e-02 5.5e+00 5.02e-02  8e-03  3e-02 4:19.6
   56    448 3.182040610919852e-02 5.1e+00 2.83e-02  4e-03  2e-02 4:45.1
   61    488 3.178591890075099e-02 7.5e+00 1.70e-02  2e-03  9e-03 5:10.5
   66    528 3.178270476455045e-02 7.9e+00 7.86e-03  8e-04  3e-03 5:36.2
   71    568 3.178247466319710e-02 7.9e+00 4.59e-03  4e-04  2e-03 6:01.7
   76    608 3.178243308253730e-02 7.5e+00 2.66e-03  2e-04  8e-04 6:27.3
   82    656 3.178238425911541e-02 6.4e+00 1.09e-03  6e-05  3e-04 6:58.1
   88    704 3.178237871507974e-02 6.0e+00 5.58e-04  3e-05  1e-04 7:28.7
   94    752 3.178237820658909e-02 6.1e+00 3.75e-04  2e-05  6e-05 7:59.0
  100    800 3.178237803271316e-02 5.2e+00 1.66e-04  6e-06  2e-05 8:29.4
  106    848 3.178237795576815e-02 5.6e+00 1.27e-04  4e-06  2e-05 9:00.0
  113    904 3.178237793914049e-02 6.1e+00 6.08e-05  1e-06  6e-06 9:36.0
  120    960 3.178237793537342e-02 5.7e+00 3.12e-05  6e-07  2e-06 10:11.6
  127   1016 3.178237793433813e-02 4.9e+00 1.44e-05  2e-07  8e-07 10:47.3
  134   1072 3.178237793428393e-02 4.3e+00 8.75e-06  1e-07  4e-07 11:22.5
  137   1096 3.178237793427400e-02 4.9e+00 6.87e-06  1e-07  3e-07 11:37.9
termination on tolfun=1e-11 (Fri Nov 27 12:55:27 2020)
final/bestever f-value = 3.178238e-02 3.178238e-02
incumbent solution: [1.3449737273795254e-07, -2.305021947152679, -0.785398310381709, 3.1415925383798498, 1.256328329250182e-07]
std deviation: [1.6046513210639722e-07, 2.3595019886913087e-07, 9.758309325727588e-08, 1.921993608552893e-07, 3.142605812304147e-07]
cma
(5_w,10)-aCMA-ES (mu_w=3.2,w_1=45%) in dimension 8 (seed=552903, Fri Nov 27 12:55:34 2020)
Iterat #Fevals   function value  axis ratio  sigma  min&max std  t[m:s]
    1     10 6.991157735091140e-01 1.0e+00 9.51e-01  9e-01  1e+00 0:07.0
    2     20 4.793400863650186e-01 1.2e+00 9.76e-01  9e-01  1e+00 0:14.0
    3     30 3.300906431570569e-01 1.4e+00 1.04e+00  1e+00  1e+00 0:21.0
    4     40 7.198244997307404e-01 1.5e+00 1.12e+00  1e+00  1e+00 0:27.9
    5     50 3.560029461615161e-01 1.7e+00 1.09e+00  1e+00  1e+00 0:35.0
    6     60 5.353568672794542e-01 1.8e+00 1.07e+00  1e+00  1e+00 0:42.1
    7     70 7.094107100025352e-01 1.8e+00 1.18e+00  1e+00  1e+00 0:49.2
    8     80 5.811683931287093e-01 1.9e+00 1.20e+00  1e+00  1e+00 0:56.3
   10    100 6.125377954448592e-01 2.1e+00 1.21e+00  1e+00  1e+00 1:10.5
   12    120 4.879771228174481e-01 2.2e+00 1.20e+00  1e+00  1e+00 1:24.6
   14    140 5.025867882719811e-01 2.1e+00 1.18e+00  1e+00  1e+00 1:38.7
   16    160 5.598724074204773e-01 2.4e+00 1.13e+00  9e-01  1e+00 1:52.9
   18    180 4.907076681963208e-01 2.5e+00 1.31e+00  1e+00  2e+00 2:07.0
   20    200 5.879903981389009e-01 2.7e+00 1.28e+00  1e+00  2e+00 2:21.1
   23    230 3.201102727602598e-01 2.7e+00 9.67e-01  7e-01  1e+00 2:42.0
   26    260 2.114839873590954e-01 3.2e+00 8.18e-01  6e-01  1e+00 3:03.1
   29    290 2.755904387470316e-01 3.6e+00 6.90e-01  5e-01  1e+00 3:23.9
   32    320 1.918303890231026e-01 3.6e+00 5.38e-01  4e-01  7e-01 3:45.0
   35    350 1.068999135415189e-01 3.7e+00 3.65e-01  2e-01  5e-01 4:05.7
   38    380 8.040034423733328e-02 4.4e+00 2.94e-01  2e-01  4e-01 4:26.8
   41    410 4.906800181528508e-02 5.3e+00 3.20e-01  2e-01  4e-01 4:48.1
   44    440 4.027509481078680e-02 5.7e+00 2.84e-01  1e-01  4e-01 5:09.1
   48    480 3.721837640040555e-02 6.4e+00 2.27e-01  1e-01  3e-01 5:37.5
   52    520 3.329568123981428e-02 6.8e+00 1.33e-01  6e-02  2e-01 6:05.9
   56    560 3.339235784199831e-02 6.8e+00 1.07e-01  5e-02  1e-01 6:33.9
   60    600 3.380305112961109e-02 9.8e+00 9.54e-02  4e-02  1e-01 7:01.6
   64    640 3.219607592629541e-02 1.3e+01 7.83e-02  3e-02  1e-01 7:29.9
   68    680 3.185973191919086e-02 1.7e+01 5.46e-02  2e-02  9e-02 7:58.1
   72    720 3.185339491825524e-02 1.7e+01 3.90e-02  1e-02  6e-02 8:26.1
   77    770 3.181853751056509e-02 2.4e+01 4.32e-02  2e-02  8e-02 9:00.9
   82    820 3.187193155308331e-02 2.4e+01 3.15e-02  1e-02  6e-02 9:36.1
   87    870 3.180634794759601e-02 2.5e+01 2.22e-02  8e-03  4e-02 10:11.3
   92    920 3.179447866007548e-02 2.5e+01 1.61e-02  5e-03  3e-02 10:46.5
   97    970 3.178738004981686e-02 2.8e+01 1.13e-02  4e-03  2e-02 11:21.8
  100   1000 3.178656514127869e-02 3.0e+01 9.23e-03  3e-03  1e-02 11:42.9
  105   1050 3.178305209979893e-02 3.9e+01 9.41e-03  3e-03  2e-02 12:18.2
  111   1110 3.178265661343566e-02 5.0e+01 5.17e-03  2e-03  1e-02 12:59.9
  117   1170 3.178265058100301e-02 5.1e+01 3.53e-03  1e-03  6e-03 13:42.0
  123   1230 3.178241940133824e-02 4.7e+01 1.97e-03  6e-04  3e-03 14:23.7
  129   1290 3.178239496969863e-02 4.6e+01 1.39e-03  4e-04  2e-03 15:06.1
  135   1350 3.178238514988992e-02 4.5e+01 9.53e-04  3e-04  1e-03 15:48.7
  141   1410 3.178237929787057e-02 5.1e+01 4.93e-04  1e-04  5e-04 16:31.0
  147   1470 3.178237851070732e-02 5.3e+01 3.53e-04  1e-04  4e-04 17:13.6
  154   1540 3.178237802342102e-02 5.7e+01 2.02e-04  6e-05  2e-04 18:02.6
  161   1610 3.178237799580801e-02 6.0e+01 2.01e-04  5e-05  2e-04 18:51.0
  168   1680 3.178237794473218e-02 5.8e+01 1.02e-04  2e-05  9e-05 19:39.7
  175   1750 3.178237793943200e-02 6.6e+01 5.88e-05  1e-05  5e-05 20:28.6
  182   1820 3.178237793530107e-02 6.6e+01 3.05e-05  5e-06  3e-05 21:17.6
  189   1890 3.178237793451195e-02 8.0e+01 1.70e-05  3e-06  2e-05 22:07.0
  197   1970 3.178237793454181e-02 1.3e+02 1.64e-05  2e-06  2e-05 23:02.7
  200   2000 3.178237793434489e-02 1.5e+02 1.31e-05  2e-06  2e-05 23:24.0
  206   2060 3.178237793429010e-02 2.0e+02 8.54e-06  1e-06  1e-05 24:05.9
termination on tolfun=1e-11 (Fri Nov 27 13:19:43 2020)
final/bestever f-value = 3.178238e-02 3.178238e-02
incumbent solution: [-3.4993583747983035, -2.305023187078248, 0.21194571974752113, 0.30149358414100413, 1.2282348458771763e-06, 2.155501906381819, 3.053136450319141, -7.201289936654723e-07]
std deviation: [1.0928498661598075e-05, 3.7631572218372467e-06, 2.77650932576252e-06, 8.961591374904171e-06, 3.1647928571755298e-06, 2.407564295332188e-06, 3.2424912252232704e-06, 1.1154470056287827e-06]
cma
(5_w,10)-aCMA-ES (mu_w=3.2,w_1=45%) in dimension 8 (seed=605247, Fri Nov 27 13:19:51 2020)
Iterat #Fevals   function value  axis ratio  sigma  min&max std  t[m:s]
    1     10 4.030261626795579e-01 1.0e+00 9.65e-01  9e-01  1e+00 0:06.9
    2     20 1.188379326568540e-01 1.2e+00 9.37e-01  9e-01  1e+00 0:13.9
    3     30 3.127231318446759e-01 1.4e+00 8.97e-01  8e-01  1e+00 0:21.0
    4     40 5.026537026536310e-01 1.4e+00 9.22e-01  8e-01  1e+00 0:28.1
    5     50 4.547841981707670e-01 1.5e+00 8.74e-01  8e-01  9e-01 0:35.2
    6     60 5.139353992809285e-01 1.6e+00 8.18e-01  7e-01  9e-01 0:42.0
    7     70 1.962327565824482e-01 1.7e+00 7.87e-01  7e-01  8e-01 0:49.0
    9     90 1.149670687030384e-01 1.8e+00 7.36e-01  6e-01  8e-01 1:03.0
   11    110 3.274809288321679e-01 2.0e+00 7.38e-01  6e-01  8e-01 1:16.9
   13    130 1.962316283429482e-01 2.2e+00 6.44e-01  5e-01  7e-01 1:30.9
   15    150 1.594547317535680e-01 2.4e+00 5.47e-01  4e-01  6e-01 1:44.9
   17    170 7.680733028438319e-02 2.5e+00 4.15e-01  3e-01  4e-01 1:58.9
   19    190 7.156701894423896e-02 2.7e+00 3.44e-01  2e-01  4e-01 2:12.9
   21    210 6.237106250080000e-02 2.6e+00 2.62e-01  2e-01  3e-01 2:27.1
   23    230 3.635351132072115e-02 2.9e+00 2.50e-01  1e-01  3e-01 2:41.2
   26    260 2.748974327585050e-02 3.1e+00 2.37e-01  1e-01  3e-01 3:02.5
   29    290 2.489667456655003e-02 3.0e+00 1.64e-01  9e-02  2e-01 3:23.2
   32    320 1.876251552253123e-02 3.4e+00 1.31e-01  7e-02  1e-01 3:44.2
   35    350 1.651381782135245e-02 3.5e+00 8.99e-02  4e-02  9e-02 4:05.3
   38    380 1.254088815842365e-02 3.9e+00 9.80e-02  5e-02  1e-01 4:26.5
   41    410 1.200458400895594e-02 4.2e+00 8.70e-02  4e-02  1e-01 4:47.2
   44    440 1.298308636781778e-02 4.7e+00 8.26e-02  3e-02  1e-01 5:08.4
   48    480 1.110153272159477e-02 5.5e+00 7.13e-02  3e-02  8e-02 5:36.5
   52    520 1.060541691518920e-02 6.0e+00 4.69e-02  2e-02  5e-02 6:04.4
   56    560 1.066601540751040e-02 6.5e+00 3.64e-02  1e-02  4e-02 6:32.4
   60    600 1.045272320709310e-02 7.2e+00 3.34e-02  1e-02  4e-02 6:59.9
   64    640 1.044384793425326e-02 7.3e+00 2.57e-02  9e-03  3e-02 7:27.3
   68    680 1.030207189878909e-02 9.2e+00 3.46e-02  1e-02  4e-02 7:55.5
   72    720 1.013120581415597e-02 1.3e+01 3.71e-02  1e-02  5e-02 8:23.9
   77    770 1.007696797964250e-02 1.5e+01 2.91e-02  9e-03  4e-02 8:59.4
   82    820 9.963797495085200e-03 1.5e+01 2.46e-02  7e-03  3e-02 9:34.9
   87    870 9.897510165023025e-03 1.5e+01 2.36e-02  6e-03  3e-02 10:09.5
   92    920 9.830121281075245e-03 1.7e+01 2.30e-02  6e-03  3e-02 10:44.5
   97    970 9.767045320833043e-03 2.1e+01 2.77e-02  6e-03  4e-02 11:19.1
  100   1000 9.751191282436452e-03 2.3e+01 2.23e-02  5e-03  3e-02 11:40.0
  106   1060 9.672574230896847e-03 2.2e+01 1.82e-02  3e-03  2e-02 12:21.3
  112   1120 9.628653143628410e-03 2.3e+01 2.17e-02  4e-03  3e-02 13:02.9
  118   1180 9.544090070795052e-03 2.4e+01 2.13e-02  3e-03  3e-02 13:43.7
  125   1250 9.457346178664772e-03 2.6e+01 3.39e-02  5e-03  4e-02 14:25.2
  132   1320 9.395733566603537e-03 2.8e+01 4.02e-02  6e-03  5e-02 15:05.8
  139   1390 9.295509438329904e-03 2.8e+01 3.23e-02  4e-03  4e-02 15:47.0
  147   1470 9.262085109608470e-03 2.7e+01 2.02e-02  2e-03  2e-02 16:33.5
  155   1550 9.171258806753914e-03 2.8e+01 3.78e-02  4e-03  3e-02 17:19.8
  163   1630 8.933895009248209e-03 2.6e+01 9.26e-02  1e-02  9e-02 18:06.2
  171   1710 8.910319183594962e-03 2.5e+01 6.27e-02  6e-03  6e-02 18:52.7
  179   1790 8.661107729072120e-03 2.9e+01 8.75e-02  9e-03  9e-02 19:39.6
  187   1870 8.619411776648576e-03 3.4e+01 1.32e-01  1e-02  1e-01 20:26.5
  195   1950 8.172144946671024e-03 3.0e+01 1.13e-01  1e-02  9e-02 21:13.6
  200   2000 7.927847818079920e-03 2.8e+01 1.28e-01  1e-02  1e-01 21:42.6
  210   2100 7.619511234616244e-03 3.3e+01 1.40e-01  1e-02  1e-01 22:35.5
  220   2200 7.276080337306527e-03 2.6e+01 9.05e-02  8e-03  5e-02 23:27.0
  230   2300 6.757414345825873e-03 3.2e+01 1.36e-01  1e-02  9e-02 24:18.3
  241   2410 6.386748188868268e-03 3.1e+01 2.57e-01  2e-02  2e-01 25:15.3
  252   2520 5.695328716539773e-03 3.3e+01 1.62e-01  1e-02  9e-02 26:12.0
  263   2630 5.565940581688590e-03 2.8e+01 1.34e-01  9e-03  6e-02 27:08.3
  274   2740 5.499872612460203e-03 3.1e+01 7.77e-02  4e-03  3e-02 28:05.1
  285   2850 5.493227620542637e-03 2.9e+01 3.70e-02  2e-03  1e-02 29:01.9
  296   2960 5.491635590890492e-03 3.5e+01 1.45e-02  6e-04  4e-03 29:59.1
  300   3000 5.491506845111916e-03 3.6e+01 1.06e-02  4e-04  3e-03 30:19.7
  312   3120 5.491416198652532e-03 3.5e+01 3.86e-03  1e-04  9e-04 31:21.8
  324   3240 5.491402582335009e-03 3.3e+01 1.35e-03  4e-05  3e-04 32:23.5
  336   3360 5.491401871731067e-03 2.9e+01 3.97e-04  9e-06  5e-05 33:25.2
  349   3490 5.491401768407354e-03 2.7e+01 1.93e-04  4e-06  2e-05 34:32.0
  362   3620 5.491401766610337e-03 2.8e+01 6.27e-05  1e-06  6e-06 35:38.5
  375   3750 5.491401766110847e-03 2.3e+01 2.37e-05  4e-07  2e-06 36:45.3
  382   3820 5.491401766025967e-03 2.6e+01 1.54e-05  2e-07  1e-06 37:21.1
termination on tolfun=1e-11 (Fri Nov 27 13:57:18 2020)
final/bestever f-value = 5.491402e-03 5.491402e-03
incumbent solution: [1.0526136081902616e-07, -2.5036843624078533, 2.5890062576503574, 1.0110241078347449e-07, -4.9357195003018015, 4.914218391829244, -1.2131241844715669e-08, 4.767989311571113]
std deviation: [5.13626801710866e-07, 8.342558634368552e-07, 2.5006165755687295e-07, 6.088815177446353e-07, 1.1087746198940278e-06, 2.1177152612287722e-07, 2.911410779300505e-07, 6.220135041178797e-07]
cma
(5_w,11)-aCMA-ES (mu_w=3.4,w_1=42%) in dimension 11 (seed=532208, Fri Nov 27 13:57:25 2020)
Iterat #Fevals   function value  axis ratio  sigma  min&max std  t[m:s]
    1     11 7.210497964357480e-01 1.0e+00 9.20e-01  9e-01  9e-01 0:06.1
    2     22 4.565728225816351e-01 1.2e+00 8.89e-01  9e-01  9e-01 0:12.2
    3     33 3.033384282824612e-01 1.2e+00 9.08e-01  8e-01  1e+00 0:18.5
    4     44 6.435245420932633e-01 1.3e+00 9.44e-01  9e-01  1e+00 0:24.4
    5     55 5.942724538222788e-01 1.5e+00 1.01e+00  9e-01  1e+00 0:29.8
    6     66 2.842826863275846e-01 1.5e+00 1.01e+00  9e-01  1e+00 0:35.3
    8     88 3.701192797789752e-01 1.7e+00 9.71e-01  8e-01  1e+00 0:46.3
   10    110 5.789214015184887e-01 1.8e+00 9.34e-01  8e-01  1e+00 0:57.6
   12    132 5.946248712865497e-01 1.8e+00 9.99e-01  9e-01  1e+00 1:08.6
   14    154 7.682082375565409e-01 1.9e+00 9.70e-01  8e-01  1e+00 1:19.6
   16    176 3.758760366823363e-01 2.0e+00 8.17e-01  7e-01  1e+00 1:30.6
   19    209 4.309994087329164e-01 2.3e+00 7.92e-01  7e-01  1e+00 1:47.0
   22    242 3.351661974553641e-01 2.3e+00 7.97e-01  7e-01  1e+00 2:03.5
   25    275 4.573966533557985e-01 2.2e+00 8.41e-01  7e-01  1e+00 2:20.0
   28    308 2.819481990473606e-01 2.3e+00 7.91e-01  6e-01  1e+00 2:36.5
   31    341 5.873047610906577e-01 2.5e+00 8.11e-01  7e-01  9e-01 2:52.9
   34    374 5.436561963636188e-01 2.8e+00 7.35e-01  6e-01  9e-01 3:09.2
   38    418 4.587732455174467e-01 3.1e+00 7.08e-01  6e-01  8e-01 3:31.2
   42    462 2.591897259372444e-01 3.1e+00 8.04e-01  6e-01  9e-01 3:53.1
   46    506 2.178652640869849e-01 3.3e+00 6.76e-01  5e-01  8e-01 4:15.2
   50    550 1.774076332996804e-01 3.7e+00 5.75e-01  4e-01  7e-01 4:37.2
   78    858 6.365472663752614e-02 4.0e+00 1.93e-01  1e-01  2e-01 4:58.6
  100   1100 1.358225482289028e-02 5.5e+00 9.55e-02  4e-02  1e-01 5:11.5
  140   1540 5.614197654810243e-03 1.1e+01 3.67e-02  9e-03  5e-02 5:35.1
  181   1991 4.991691469669656e-03 1.6e+01 4.13e-02  7e-03  6e-02 5:59.1
  200   2200 4.645828838190352e-03 1.6e+01 3.65e-02  6e-03  5e-02 6:10.1
  245   2695 2.413709864240676e-03 3.7e+01 7.92e-02  9e-03  1e-01 6:36.2
  292   3212 1.803947102595452e-03 3.4e+01 1.59e-02  1e-03  2e-02 7:03.5
  300   3300 1.795166379588866e-03 3.2e+01 1.76e-02  1e-03  2e-02 7:08.1
  350   3850 1.491607769451017e-03 5.6e+01 2.48e-02  1e-03  2e-02 7:37.1
  400   4400 1.489528687748674e-03 1.4e+02 4.48e-03  1e-04  7e-03 8:05.9
  454   4994 1.489121660154794e-03 2.9e+02 1.81e-03  4e-05  4e-03 8:37.0
  500   5500 1.489117795886365e-03 3.1e+02 1.70e-04  3e-06  3e-04 9:03.5
  541   5951 1.489117787472494e-03 3.6e+02 7.36e-06  8e-08  1e-05 9:27.2
termination on tolfun=1e-11 (Fri Nov 27 14:06:53 2020)
final/bestever f-value = 1.489118e-03 1.489118e-03
incumbent solution: [-3.14159257e+00 -2.36982734e+00  9.80202872e-01 -3.14159239e+00
 -4.95862094e+00  2.97626663e+00  5.42805780e-07 -8.57809558e+00 ...]
std deviations: [8.55636775e-08 2.76718659e-07 1.69626075e-07 4.17856158e-07
 9.20977264e-07 8.28618064e-08 1.24435679e-06 1.06286198e-05 ...]
cma
(5_w,11)-aCMA-ES (mu_w=3.4,w_1=42%) in dimension 11 (seed=612453, Fri Nov 27 14:06:54 2020)
Iterat #Fevals   function value  axis ratio  sigma  min&max std  t[m:s]
    1     11 4.917497561190627e-01 1.0e+00 9.31e-01  9e-01  1e+00 0:00.6
    2     22 5.030447984561830e-01 1.2e+00 9.05e-01  9e-01  1e+00 0:01.2
    3     33 4.585506883550926e-01 1.3e+00 8.92e-01  9e-01  1e+00 0:01.7
    9     99 4.335913641675007e-01 1.5e+00 6.68e-01  6e-01  7e-01 0:05.2
   16    176 1.626698820890488e-01 1.8e+00 4.30e-01  3e-01  4e-01 0:09.2
   25    275 9.178384900120498e-02 2.2e+00 3.32e-01  3e-01  4e-01 0:14.4
   36    396 8.496016899086883e-02 3.0e+00 2.16e-01  2e-01  2e-01 0:20.8
   49    539 4.103618142905148e-02 4.1e+00 1.23e-01  8e-02  1e-01 0:28.3
   63    693 3.252103078959630e-02 5.2e+00 5.33e-02  3e-02  6e-02 0:36.4
   79    869 3.191481082835185e-02 7.5e+00 2.50e-02  1e-02  3e-02 0:45.6
   97   1067 3.182452700940471e-02 1.2e+01 1.88e-02  1e-02  2e-02 0:56.0
  100   1100 3.182100212302885e-02 1.2e+01 1.91e-02  1e-02  2e-02 0:57.8
  121   1331 3.178422983923064e-02 1.8e+01 5.47e-03  3e-03  6e-03 1:09.9
  144   1584 3.178246943744565e-02 3.0e+01 2.26e-03  1e-03  3e-03 1:23.2
  169   1859 3.178239683986343e-02 4.1e+01 5.80e-04  3e-04  7e-04 1:37.7
  195   2145 3.178239100030440e-02 1.1e+02 5.86e-04  2e-04  1e-03 1:52.7
  200   2200 3.178238580878429e-02 1.3e+02 6.10e-04  2e-04  1e-03 1:55.6
  230   2530 3.178237648138959e-02 3.0e+02 5.95e-04  3e-04  2e-03 2:12.9
  262   2882 3.178237502029124e-02 4.6e+02 2.77e-04  1e-04  9e-04 2:31.4
  295   3245 3.178237364096165e-02 5.8e+02 6.40e-04  4e-04  2e-03 2:50.5
  300   3300 3.178237360026232e-02 5.6e+02 6.13e-04  4e-04  2e-03 2:53.4
  337   3707 3.178236831147507e-02 5.7e+02 7.13e-04  4e-04  2e-03 3:14.7
  376   4136 3.178234896701036e-02 5.2e+02 2.67e-03  1e-03  4e-03 3:37.3
  400   4400 3.178232350612750e-02 5.3e+02 2.20e-03  1e-03  3e-03 3:51.1
  442   4862 3.178219403117456e-02 6.5e+02 6.30e-03  3e-03  8e-03 4:15.4
  486   5346 3.178132115197334e-02 5.9e+02 2.40e-02  6e-03  3e-02 4:40.8
  500   5500 3.178079909003426e-02 5.5e+02 1.62e-02  3e-03  2e-02 4:48.9
  548   6028 3.177309237543870e-02 5.2e+02 4.45e-02  4e-03  6e-02 5:16.4
  597   6567 3.175902616475632e-02 4.5e+02 5.05e-02  3e-03  5e-02 5:44.5
  600   6600 3.175664545386978e-02 4.3e+02 5.68e-02  4e-03  6e-02 5:46.2
  653   7183 3.170747097889619e-02 1.5e+02 8.35e-02  5e-03  3e-02 6:16.6
  700   7700 3.147979225307752e-02 7.4e+01 3.85e-01  3e-02  6e-02 6:43.5
  756   8316 3.003036698078679e-02 7.3e+01 5.07e-01  2e-02  7e-02 7:15.6
  800   8800 2.809030574003783e-02 7.3e+01 5.34e-01  1e-02  8e-02 7:40.9
  860   9460 2.518695051553396e-02 8.7e+01 9.93e-01  1e-02  1e-01 8:15.3
  900   9900 1.909659479059425e-02 5.9e+01 9.37e-01  1e-02  7e-02 8:38.2
  963  10593 1.498774733263373e-02 3.5e+01 2.35e+00  1e-02  1e-01 9:14.3
 1000  11000 7.588166964281671e-03 3.4e+01 4.58e+00  2e-02  2e-01 9:35.5
Iterat #Fevals   function value  axis ratio  sigma  min&max std  t[m:s]
 1067  11737 9.366537085576011e-04 5.1e+01 1.19e+00  4e-03  6e-02 10:14.0
 1100  12100 9.120061435835005e-04 7.3e+01 5.76e-01  1e-03  3e-02 10:32.9
 1170  12870 8.396089990250337e-04 9.4e+01 1.78e+00  2e-03  6e-02 11:13.0
 1200  13200 7.784327373687510e-04 1.1e+02 6.21e+00  6e-03  2e-01 11:30.2
 1274  14014 4.462416100082992e-04 1.3e+02 2.73e+00  2e-03  7e-02 12:12.3
 1300  14300 4.353861071985670e-04 1.4e+02 1.51e+00  8e-04  4e-02 12:27.1
 1378  15158 3.690679041195209e-04 1.4e+02 4.29e+00  1e-03  8e-02 13:11.6
 1400  15400 3.327486511318374e-04 1.8e+02 7.63e+00  2e-03  2e-01 13:24.1
 1481  16291 2.797321735729594e-04 1.4e+02 1.58e+00  3e-04  2e-02 14:10.3
 1500  16500 2.789044376664862e-04 1.5e+02 1.93e+00  3e-04  2e-02 14:21.1
 1585  17435 2.769061696899167e-04 1.3e+02 9.15e-02  8e-06  4e-04 15:09.5
 1600  17600 2.769060709714616e-04 1.5e+02 2.83e-02  2e-06  1e-04 15:18.1
 1640  18040 2.769060605252871e-04 1.6e+02 1.37e-03  7e-08  4e-06 15:40.9
termination on tolfun=1e-11 (Fri Nov 27 14:22:37 2020)
final/bestever f-value = 2.769061e-04 2.769061e-04
incumbent solution: [ 3.14159262e+00  2.36249755e+00 -4.11276423e+00  5.63468866e-07
 -4.55290831e+00  3.07798356e+00 -3.14159207e+00 -1.41821877e+01 ...]
std deviations: [6.98368191e-08 4.04472996e-07 1.05071220e-07 1.56439364e-06
 3.65446110e-06 8.79212374e-08 9.81747381e-07 3.03949562e-06 ...]
cma
(5_w,11)-aCMA-ES (mu_w=3.4,w_1=42%) in dimension 14 (seed=570013, Fri Nov 27 14:22:38 2020)
Iterat #Fevals   function value  axis ratio  sigma  min&max std  t[m:s]
    1     11 4.875029874259804e-01 1.0e+00 9.37e-01  9e-01  9e-01 0:00.6
    2     22 1.424326791857971e-01 1.1e+00 8.93e-01  9e-01  9e-01 0:01.2
    3     33 6.609987160899717e-01 1.1e+00 8.44e-01  8e-01  9e-01 0:01.8
    8     88 3.644610974927258e-01 1.4e+00 7.87e-01  7e-01  8e-01 0:04.9
   15    165 2.698050804137474e-01 1.6e+00 5.37e-01  5e-01  6e-01 0:09.2
   24    264 1.325573071515443e-01 1.8e+00 3.61e-01  3e-01  4e-01 0:14.7
   34    374 8.090374746982228e-02 2.0e+00 3.38e-01  3e-01  3e-01 0:20.8
   46    506 5.710667337612811e-02 3.0e+00 2.76e-01  2e-01  3e-01 0:28.1
   60    660 5.346921332420131e-02 3.6e+00 1.51e-01  1e-01  2e-01 0:36.7
   75    825 3.431021128184101e-02 4.5e+00 1.23e-01  8e-02  1e-01 0:45.9
   92   1012 3.060290766939624e-02 5.8e+00 7.30e-02  5e-02  9e-02 0:56.3
  100   1100 2.796427177179520e-02 6.7e+00 4.73e-02  3e-02  6e-02 1:01.2
  120   1320 2.448616831908121e-02 1.1e+01 7.21e-02  4e-02  1e-01 1:13.4
  142   1562 1.873324666713510e-02 1.2e+01 5.12e-02  2e-02  7e-02 1:26.9
  165   1815 7.550127866814886e-03 1.5e+01 8.72e-02  4e-02  1e-01 1:40.9
  190   2090 2.685671478110720e-03 1.7e+01 6.21e-02  2e-02  1e-01 1:56.2
  200   2200 2.310771084780128e-03 1.6e+01 4.56e-02  2e-02  7e-02 2:02.3
  228   2508 1.383640150771421e-03 1.8e+01 2.71e-02  8e-03  4e-02 2:19.5
  258   2838 1.023980370866077e-03 2.4e+01 2.52e-02  7e-03  4e-02 2:37.8
  290   3190 7.179507482766470e-04 2.9e+01 1.90e-02  5e-03  3e-02 2:57.4
  300   3300 6.611315919984471e-04 3.2e+01 2.04e-02  5e-03  3e-02 3:03.5
  335   3685 5.808412300899199e-04 3.4e+01 1.01e-02  3e-03  1e-02 3:24.9
  371   4081 5.565775492399347e-04 5.1e+01 1.18e-02  3e-03  1e-02 3:46.9
  400   4400 4.976079130504777e-04 8.2e+01 2.04e-02  4e-03  3e-02 4:04.6
  440   4840 4.790720999050384e-04 1.1e+02 9.32e-03  2e-03  2e-02 4:29.1
  481   5291 4.448816422991527e-04 1.1e+02 2.41e-02  3e-03  4e-02 4:54.2
  500   5500 4.105720171940491e-04 1.3e+02 2.42e-02  3e-03  4e-02 5:05.8
  545   5995 3.117122953864384e-04 2.0e+02 3.11e-02  3e-03  6e-02 5:33.3
  591   6501 2.629617691849372e-04 2.7e+02 2.47e-02  2e-03  6e-02 6:01.5
  600   6600 2.335666833618144e-04 3.0e+02 4.10e-02  3e-03  1e-01 6:07.0
  650   7150 1.112353903246631e-04 3.4e+02 2.87e-02  2e-03  8e-02 6:37.6
  700   7700 6.085583893228956e-05 3.0e+02 3.39e-02  2e-03  7e-02 7:08.1
  753   8283 3.688717412231184e-05 4.3e+02 2.69e-02  1e-03  6e-02 7:40.5
  800   8800 3.089904874032072e-05 3.5e+02 2.42e-02  1e-03  4e-02 8:09.2
  856   9416 2.605137266643908e-05 3.5e+02 2.19e-02  1e-03  3e-02 8:43.5
  900   9900 2.348893607683421e-05 3.5e+02 1.09e-02  4e-04  1e-02 9:10.4
  959  10549 1.955440771645583e-05 4.5e+02 3.67e-02  2e-03  4e-02 9:46.4
 1000  11000 1.846440504179568e-05 4.0e+02 1.30e-02  5e-04  1e-02 10:11.5
Iterat #Fevals   function value  axis ratio  sigma  min&max std  t[m:s]
 1063  11693 1.802205891812164e-05 4.3e+02 1.24e-02  3e-04  9e-03 10:50.0
 1100  12100 1.765073843022844e-05 5.1e+02 3.06e-02  7e-04  2e-02 11:12.7
 1166  12826 1.745038633085023e-05 4.7e+02 1.54e-03  3e-05  9e-04 11:53.0
 1200  13200 1.745022198840905e-05 5.3e+02 2.81e-04  4e-06  1e-04 12:13.8
 1242  13662 1.745021660212430e-05 6.0e+02 2.91e-05  3e-07  1e-05 12:39.5
termination on tolfun=1e-11 (Fri Nov 27 14:35:20 2020)
final/bestever f-value = 1.745022e-05 1.745022e-05
incumbent solution: [ 1.10600022e-06  8.18054523e+00  1.10317962e-01 -9.39456506e-07
 -7.10283045e+00  3.73494868e-01 -4.59834640e-07 -5.06986751e+00 ...]
std deviations: [1.65250658e-06 1.11664287e-05 3.96935779e-07 1.95440220e-06
 1.30554294e-05 2.07021605e-06 6.79034573e-07 7.80037536e-06 ...]
cma
(5_w,11)-aCMA-ES (mu_w=3.4,w_1=42%) in dimension 14 (seed=602069, Fri Nov 27 14:35:21 2020)
Iterat #Fevals   function value  axis ratio  sigma  min&max std  t[m:s]
    1     11 3.931058956175124e-01 1.0e+00 9.28e-01  9e-01  9e-01 0:00.6
    2     22 6.812707435489042e-01 1.1e+00 8.48e-01  8e-01  9e-01 0:01.2
    3     33 5.284046154207482e-01 1.2e+00 7.74e-01  7e-01  8e-01 0:01.8
    8     88 3.529441867701293e-01 1.3e+00 6.28e-01  6e-01  6e-01 0:04.9
   15    165 4.876184723043026e-01 1.6e+00 5.73e-01  5e-01  6e-01 0:09.2
   24    264 2.639462086508574e-01 1.8e+00 3.95e-01  3e-01  4e-01 0:14.7
   34    374 1.286969828175366e-01 2.1e+00 3.65e-01  3e-01  4e-01 0:20.9
   46    506 6.332157484023522e-02 2.1e+00 2.41e-01  2e-01  2e-01 0:28.3
   60    660 5.864637214586566e-02 2.8e+00 1.73e-01  1e-01  2e-01 0:36.9
   76    836 7.123416913376759e-02 4.3e+00 1.84e-01  1e-01  2e-01 0:46.0
   96   1056 3.647087787826517e-02 5.8e+00 1.09e-01  7e-02  1e-01 0:56.2
  100   1100 3.410966714693080e-02 6.1e+00 8.82e-02  6e-02  1e-01 0:58.1
  125   1375 3.097756172055810e-02 8.0e+00 3.78e-02  2e-02  4e-02 1:10.2
  150   1650 2.813413107941512e-02 1.2e+01 4.46e-02  3e-02  6e-02 1:23.6
  180   1980 1.744600992406036e-02 1.9e+01 5.36e-02  3e-02  1e-01 1:37.9
  200   2200 1.406041566929305e-02 2.0e+01 8.31e-02  3e-02  2e-01 1:47.7
  233   2563 7.696010412362944e-03 2.0e+01 4.81e-02  1e-02  8e-02 2:04.1
  268   2948 3.555910975993469e-03 2.6e+01 7.66e-02  2e-02  1e-01 2:21.4
  300   3300 7.500867337373800e-04 2.7e+01 4.63e-02  1e-02  7e-02 2:36.6
  338   3718 3.969550050348618e-04 2.7e+01 1.29e-02  3e-03  2e-02 2:55.6
  379   4169 3.621228476838300e-04 3.2e+01 1.12e-02  3e-03  1e-02 3:16.2
  400   4400 3.364014189457060e-04 5.5e+01 2.25e-02  5e-03  4e-02 3:27.8
  445   4895 2.248778223311835e-04 1.2e+02 2.35e-02  6e-03  6e-02 3:50.2
  489   5379 1.785797808522577e-04 1.1e+02 2.29e-02  4e-03  5e-02 4:13.6
  500   5500 1.724652291979051e-04 1.1e+02 1.17e-02  2e-03  2e-02 4:19.3
  553   6083 9.355209610907410e-05 1.8e+02 6.78e-02  1e-02  2e-01 4:44.7
  600   6600 5.852600684528271e-05 1.8e+02 1.29e-02  2e-03  2e-02 5:07.8
  651   7161 5.777357458219339e-05 1.7e+02 2.71e-03  2e-04  4e-03 5:35.1
  700   7700 5.770642022525804e-05 1.9e+02 1.20e-03  8e-05  2e-03 5:55.5
  798   8778 5.750396896980529e-05 1.9e+03 1.05e-02  4e-04  6e-02 6:24.5
  800   8800 5.743471954886960e-05 1.9e+03 1.28e-02  5e-04  8e-02 6:25.1
  900   9900 3.505051806533948e-05 1.3e+03 3.57e-02  1e-03  1e-01 6:53.7
 1000  11000 2.978476104843679e-05 7.1e+02 1.23e-02  3e-04  2e-02 7:22.5
Iterat #Fevals   function value  axis ratio  sigma  min&max std  t[m:s]
 1100  12100 2.922570216511933e-05 6.6e+02 8.24e-03  1e-04  9e-03 7:50.6
 1200  13200 2.916316955057228e-05 1.0e+03 2.91e-03  3e-05  3e-03 8:18.5
 1298  14278 2.916161097190052e-05 1.4e+03 2.57e-05  2e-07  2e-05 8:46.2
termination on tolfun=1e-11 (Fri Nov 27 14:44:09 2020)
final/bestever f-value = 2.916161e-05 2.916161e-05
incumbent solution: [-3.13164671e-07  2.41042354e+00  4.14112684e-01 -5.85402495e-08
 -9.31876429e+00 -2.09867777e-01  3.14159326e+00  9.09207619e+00 ...]
std deviations: [7.78996347e-07 3.05780218e-06 4.69929234e-07 6.40735608e-07
 5.81688586e-06 1.89169992e-07 9.21728563e-07 3.71796278e-06 ...]
cma
(6_w,12)-aCMA-ES (mu_w=3.7,w_1=40%) in dimension 17 (seed=662825, Fri Nov 27 14:44:09 2020)
Iterat #Fevals   function value  axis ratio  sigma  min&max std  t[m:s]
    1     12 6.367158916561538e-01 1.0e+00 9.71e-01  1e+00  1e+00 0:00.3
    2     24 5.642217728445073e-01 1.1e+00 9.42e-01  9e-01  1e+00 0:00.6
    3     36 6.981548859924112e-01 1.2e+00 8.97e-01  9e-01  9e-01 0:00.9
   13    156 5.718257759878830e-01 1.6e+00 1.05e+00  1e+00  1e+00 0:04.2
   26    312 1.287384669524958e+00 1.7e+00 9.21e-01  8e-01  1e+00 0:08.4
   42    504 4.223957374869973e-01 2.1e+00 8.83e-01  8e-01  1e+00 0:13.7
   62    744 5.893867078965520e-01 2.5e+00 1.03e+00  9e-01  1e+00 0:20.1
   84   1008 5.518868892899012e-01 3.3e+00 1.34e+00  1e+00  2e+00 0:27.1
  100   1200 5.776151653982659e-01 3.5e+00 1.62e+00  1e+00  2e+00 0:32.5
  128   1536 6.331235336391984e-01 3.4e+00 1.44e+00  1e+00  2e+00 0:41.5
  160   1920 1.175825846602683e+00 3.9e+00 7.91e-01  6e-01  1e+00 0:51.7
  195   2340 1.346649445359341e-01 3.8e+00 2.48e-01  2e-01  3e-01 1:02.8
  200   2400 5.473782650032508e-02 3.5e+00 2.28e-01  1e-01  3e-01 1:04.3
  240   2880 1.562677573066119e-02 3.6e+00 1.03e-01  6e-02  1e-01 1:17.5
  284   3408 7.638229361315567e-03 5.1e+00 2.96e-02  2e-02  3e-02 1:31.6
  300   3600 6.927560288575114e-03 6.3e+00 2.00e-02  1e-02  2e-02 1:36.8
  350   4200 4.188500484643482e-03 1.5e+01 6.35e-02  2e-02  9e-02 1:53.0
  400   4800 2.560982725495823e-03 2.3e+01 2.95e-02  7e-03  4e-02 2:09.3
  456   5472 1.552265846628982e-03 3.5e+01 3.05e-02  5e-03  4e-02 2:27.3
  500   6000 1.464230420353929e-03 3.9e+01 1.54e-02  2e-03  2e-02 2:40.5
  564   6768 1.411783666604556e-03 7.2e+01 1.11e-02  1e-03  2e-02 3:00.9
  600   7200 1.392416858228211e-03 1.2e+02 1.00e-02  8e-04  3e-02 3:12.4
  668   8016 1.348149811067032e-03 1.4e+02 1.65e-02  1e-03  4e-02 3:34.6
  700   8400 1.325848266790255e-03 1.4e+02 1.42e-02  9e-04  3e-02 3:44.8
  774   9288 1.264902873194983e-03 2.2e+02 2.28e-02  1e-03  6e-02 4:08.8
  800   9600 1.126805904778867e-03 2.3e+02 3.48e-02  2e-03  9e-02 4:17.3
  880  10560 1.635656019999501e-04 9.7e+01 3.61e-02  2e-03  4e-02 4:43.4
  900  10800 1.303604298502755e-04 8.8e+01 3.02e-02  2e-03  3e-02 4:49.8
  986  11832 1.013869730821941e-04 1.3e+02 1.22e-02  6e-04  1e-02 5:18.0
 1000  12000 1.006515235035359e-04 1.3e+02 7.75e-03  3e-04  9e-03 5:22.4
Iterat #Fevals   function value  axis ratio  sigma  min&max std  t[m:s]
 1093  13116 1.000715695522661e-04 1.7e+02 4.92e-03  2e-04  6e-03 5:52.6
 1100  13200 1.000371907486153e-04 1.7e+02 5.60e-03  2e-04  7e-03 5:55.0
 1199  14388 9.979891049277137e-05 2.1e+02 1.19e-03  3e-05  1e-03 6:27.3
 1200  14400 9.979760375215253e-05 2.1e+02 1.24e-03  3e-05  1e-03 6:27.6
 1300  15600 9.972825211147963e-05 7.0e+02 1.59e-03  2e-05  3e-03 7:00.2
 1400  16800 9.971870074217632e-05 1.8e+03 6.64e-04  7e-06  2e-03 7:32.1
 1500  18000 9.943321755432725e-05 4.0e+03 9.90e-03  1e-04  6e-02 8:04.7
 1600  19200 9.752021409691293e-05 1.1e+03 2.93e-02  5e-04  4e-02 8:37.1
 1700  20400 9.316724545429934e-05 7.1e+02 4.27e-02  7e-04  3e-02 9:09.0
 1800  21600 8.748529936548663e-05 3.6e+02 3.92e-02  7e-04  2e-02 9:41.5
 1900  22800 7.975601716141743e-05 2.2e+02 4.78e-02  6e-04  1e-02 10:14.0
 2000  24000 7.630766100471997e-05 2.8e+02 2.83e-02  4e-04  5e-03 10:46.4
Iterat #Fevals   function value  axis ratio  sigma  min&max std  t[m:s]
 2100  25200 7.581192535343989e-05 3.5e+02 1.26e-02  1e-04  2e-03 11:18.9
 2200  26400 7.464347698753161e-05 7.1e+02 6.73e-02  5e-04  2e-02 11:50.2
 2300  27600 7.089772948555341e-05 7.7e+02 1.13e-01  6e-04  3e-02 12:22.6
 2400  28800 6.614631480334402e-05 7.7e+02 6.41e-02  4e-04  2e-02 12:55.0
 2500  30000 6.520161629123543e-05 7.5e+02 7.21e-02  4e-04  2e-02 13:27.6
 2600  31200 6.445078481069199e-05 6.3e+02 1.24e-01  6e-04  2e-02 14:00.2
 2700  32400 6.408708514932566e-05 4.7e+02 9.89e-02  4e-04  1e-02 14:32.0
 2800  33600 6.307014081143677e-05 3.5e+02 2.43e-01  7e-04  1e-02 15:04.6
 2900  34800 6.252632992909551e-05 5.4e+02 1.45e-01  4e-04  7e-03 15:37.3
 3000  36000 6.205507829089398e-05 6.2e+02 2.18e-01  4e-04  1e-02 16:09.9
Iterat #Fevals   function value  axis ratio  sigma  min&max std  t[m:s]
 3100  37200 6.089309852482510e-05 7.1e+02 3.24e-01  6e-04  2e-02 16:42.4
 3200  38400 5.822661898017313e-05 8.4e+02 9.84e-01  1e-03  4e-02 17:14.3
 3300  39600 5.170058017507486e-05 1.4e+03 1.08e+00  9e-04  6e-02 17:46.7
 3400  40800 4.611923059163571e-05 8.1e+02 1.67e+00  1e-03  6e-02 18:19.2
 3500  42000 3.623822324867844e-05 6.1e+02 1.83e+00  9e-04  4e-02 18:51.6
 3600  43200 2.113370665437268e-05 5.9e+02 2.50e+00  8e-04  5e-02 19:24.1
 3700  44400 1.378628530775102e-05 5.7e+02 2.99e+00  7e-04  4e-02 19:55.4
 3800  45600 1.129302992133408e-05 4.1e+02 1.96e+00  4e-04  2e-02 20:27.8
 3900  46800 1.002204566944212e-05 4.2e+02 2.04e+00  3e-04  1e-02 21:00.3
 4000  48000 9.920130861325494e-06 4.8e+02 4.24e-01  5e-05  3e-03 21:32.7
Iterat #Fevals   function value  axis ratio  sigma  min&max std  t[m:s]
 4100  49200 9.856578932582924e-06 7.3e+02 1.05e+00  1e-04  7e-03 22:04.6
 4200  50400 9.823279438109024e-06 1.0e+03 7.44e-01  6e-05  5e-03 22:37.1
 4300  51600 9.810676356840203e-06 1.5e+03 3.98e-01  3e-05  3e-03 23:09.0
 4400  52800 9.809336392769909e-06 2.0e+03 6.28e-02  3e-06  5e-04 23:41.6
 4456  53472 9.809319973806220e-06 2.3e+03 6.68e-03  3e-07  5e-05 24:00.1
termination on tolfun=1e-11 (Fri Nov 27 15:08:16 2020)
final/bestever f-value = 9.809320e-06 9.809320e-06
incumbent solution: [-1.00961609e-07 -4.03639403e+00 -9.76381877e+00  9.29412572e-07
 -6.06352892e+00 -1.63742963e-01  6.28318419e+00 -3.51030423e+00 ...]
std deviations: [7.09380303e-07 9.55041657e-06 8.21565897e-07 3.98180218e-06
 4.68391425e-05 3.61549038e-06 3.11494122e-06 4.66173192e-05 ...]
cma
(6_w,12)-aCMA-ES (mu_w=3.7,w_1=40%) in dimension 17 (seed=615521, Fri Nov 27 15:08:16 2020)
Iterat #Fevals   function value  axis ratio  sigma  min&max std  t[m:s]
    1     12 3.524443948547906e-01 1.0e+00 9.14e-01  9e-01  9e-01 0:00.3
    2     24 5.443374868761354e-01 1.1e+00 8.64e-01  8e-01  9e-01 0:00.6
    3     36 5.204835268702280e-01 1.2e+00 8.75e-01  9e-01  9e-01 0:00.9
   13    156 7.017497640229891e-01 1.6e+00 1.04e+00  1e+00  1e+00 0:04.0
   25    300 7.309962146172916e-01 1.8e+00 1.22e+00  1e+00  1e+00 0:08.1
   41    492 5.204871883714226e-01 2.1e+00 9.23e-01  8e-01  1e+00 0:13.2
   60    720 6.420512269902179e-01 2.3e+00 8.52e-01  7e-01  9e-01 0:19.3
   82    984 6.950035982719719e-01 2.8e+00 5.52e-01  5e-01  6e-01 0:26.5
  100   1200 1.032785090004335e-01 3.0e+00 3.43e-01  3e-01  4e-01 0:32.0
  130   1560 2.991843259466520e-02 3.5e+00 2.73e-01  2e-01  3e-01 0:41.0
  162   1944 1.765871678514260e-02 4.7e+00 1.02e-01  7e-02  1e-01 0:51.2
  196   2352 1.281788031270994e-02 5.9e+00 4.33e-02  2e-02  5e-02 1:02.6
  200   2400 1.234132451110915e-02 6.1e+00 3.81e-02  2e-02  4e-02 1:03.9
  241   2892 1.155100853327667e-02 7.5e+00 1.52e-02  1e-02  1e-02 1:17.2
  285   3420 9.969275237848437e-03 2.1e+01 3.55e-02  2e-02  6e-02 1:31.3
  300   3600 1.004459997120915e-02 2.3e+01 4.29e-02  2e-02  8e-02 1:37.6
  348   4176 9.475094091896346e-03 2.5e+01 5.16e-02  2e-02  8e-02 1:53.8
  400   4800 7.938233063732401e-03 2.5e+01 3.39e-02  1e-02  5e-02 2:10.7
  455   5460 6.422546041489706e-03 3.5e+01 3.07e-02  9e-03  6e-02 2:28.7
  500   6000 6.103850179509256e-03 3.3e+01 2.15e-02  6e-03  3e-02 2:43.3
  561   6732 5.756717417681617e-03 3.7e+01 2.06e-02  5e-03  3e-02 3:03.4
  600   7200 5.561111217586198e-03 5.3e+01 2.07e-02  5e-03  4e-02 3:15.9
  668   8016 5.408258634346748e-03 6.1e+01 2.01e-02  4e-03  3e-02 3:38.1
  700   8400 5.369373723811222e-03 7.3e+01 1.47e-02  3e-03  2e-02 3:48.7
  774   9288 5.329503129895356e-03 1.1e+02 4.61e-03  7e-04  8e-03 4:12.9
  800   9600 5.328254662690756e-03 1.4e+02 4.90e-03  6e-04  9e-03 4:21.4
  880  10560 5.319569824425857e-03 1.4e+02 7.08e-03  7e-04  1e-02 4:47.6
  900  10800 5.317662729929314e-03 1.3e+02 6.43e-03  6e-04  8e-03 4:54.2
  987  11844 5.312188948508662e-03 1.2e+02 5.36e-03  4e-04  5e-03 5:22.2
 1000  12000 5.311512957575426e-03 1.2e+02 7.75e-03  6e-04  8e-03 5:26.7
Iterat #Fevals   function value  axis ratio  sigma  min&max std  t[m:s]
 1095  13140 5.305619132348664e-03 1.6e+02 7.58e-03  4e-04  1e-02 5:57.0
 1100  13200 5.305330324133680e-03 1.7e+02 9.42e-03  5e-04  1e-02 5:58.7
 1199  14388 5.303547850263822e-03 2.3e+02 6.12e-03  3e-04  6e-03 6:30.9
 1200  14400 5.303517080033634e-03 2.3e+02 6.30e-03  3e-04  6e-03 6:31.2
 1300  15600 5.303440386558063e-03 3.7e+02 4.62e-04  1e-05  4e-04 7:03.8
 1388  16656 5.303440237892323e-03 4.2e+02 1.78e-05  3e-07  1e-05 7:32.6
/home/adrianps/venvs/quantum_simulation/lib/python3.6/site-packages/scipy/optimize/optimize.py:705: ComplexWarning: Casting complex values to real discards the imaginary part
  grad[k] = df
/home/adrianps/venvs/quantum_simulation/lib/python3.6/site-packages/scipy/optimize/linesearch.py:172: ComplexWarning: Casting complex values to real discards the imaginary part
  amin, amax, isave, dsave)
/home/adrianps/venvs/quantum_simulation/lib/python3.6/site-packages/scipy/optimize/optimize.py:705: ComplexWarning: Casting complex values to real discards the imaginary part
  grad[k] = df
/home/adrianps/venvs/quantum_simulation/lib/python3.6/site-packages/scipy/optimize/linesearch.py:172: ComplexWarning: Casting complex values to real discards the imaginary part
  amin, amax, isave, dsave)
/home/adrianps/venvs/quantum_simulation/lib/python3.6/site-packages/scipy/optimize/optimize.py:705: ComplexWarning: Casting complex values to real discards the imaginary part
  grad[k] = df
/home/adrianps/venvs/quantum_simulation/lib/python3.6/site-packages/scipy/optimize/linesearch.py:172: ComplexWarning: Casting complex values to real discards the imaginary part
  amin, amax, isave, dsave)
/home/adrianps/venvs/quantum_simulation/lib/python3.6/site-packages/scipy/optimize/optimize.py:705: ComplexWarning: Casting complex values to real discards the imaginary part
  grad[k] = df
/home/adrianps/venvs/quantum_simulation/lib/python3.6/site-packages/scipy/optimize/linesearch.py:172: ComplexWarning: Casting complex values to real discards the imaginary part
  amin, amax, isave, dsave)
/home/adrianps/venvs/quantum_simulation/lib/python3.6/site-packages/scipy/optimize/optimize.py:705: ComplexWarning: Casting complex values to real discards the imaginary part
  grad[k] = df
/home/adrianps/venvs/quantum_simulation/lib/python3.6/site-packages/scipy/optimize/linesearch.py:172: ComplexWarning: Casting complex values to real discards the imaginary part
  amin, amax, isave, dsave)
/home/adrianps/venvs/quantum_simulation/lib/python3.6/site-packages/scipy/optimize/optimize.py:705: ComplexWarning: Casting complex values to real discards the imaginary part
  grad[k] = df
/home/adrianps/venvs/quantum_simulation/lib/python3.6/site-packages/scipy/optimize/linesearch.py:172: ComplexWarning: Casting complex values to real discards the imaginary part
  amin, amax, isave, dsave)
/home/adrianps/venvs/quantum_simulation/lib/python3.6/site-packages/scipy/optimize/optimize.py:705: ComplexWarning: Casting complex values to real discards the imaginary part
  grad[k] = df
/home/adrianps/venvs/quantum_simulation/lib/python3.6/site-packages/scipy/optimize/linesearch.py:172: ComplexWarning: Casting complex values to real discards the imaginary part
  amin, amax, isave, dsave)
/home/adrianps/venvs/quantum_simulation/lib/python3.6/site-packages/scipy/optimize/optimize.py:705: ComplexWarning: Casting complex values to real discards the imaginary part
  grad[k] = df
/home/adrianps/venvs/quantum_simulation/lib/python3.6/site-packages/scipy/optimize/linesearch.py:172: ComplexWarning: Casting complex values to real discards the imaginary part
  amin, amax, isave, dsave)
/home/adrianps/venvs/quantum_simulation/lib/python3.6/site-packages/scipy/optimize/optimize.py:705: ComplexWarning: Casting complex values to real discards the imaginary part
  grad[k] = df
/home/adrianps/venvs/quantum_simulation/lib/python3.6/site-packages/scipy/optimize/linesearch.py:172: ComplexWarning: Casting complex values to real discards the imaginary part
  amin, amax, isave, dsave)
/home/adrianps/venvs/quantum_simulation/lib/python3.6/site-packages/scipy/optimize/optimize.py:705: ComplexWarning: Casting complex values to real discards the imaginary part
  grad[k] = df
/home/adrianps/venvs/quantum_simulation/lib/python3.6/site-packages/scipy/optimize/linesearch.py:172: ComplexWarning: Casting complex values to real discards the imaginary part
  amin, amax, isave, dsave)
/home/adrianps/Universal-Approximator/qibo_sim/classes/ApproximantNN.py:552: RuntimeWarning: More than 20 figures have been opened. Figures created through the pyplot interface (`matplotlib.pyplot.figure`) are retained until explicitly closed and may consume too much memory. (To control this warning, see the rcParam `figure.max_open_warning`).
  fig, axs = plt.subplots(nrows=2, figsize=(8,10))
/home/adrianps/venvs/quantum_simulation/lib/python3.6/site-packages/scipy/optimize/optimize.py:705: ComplexWarning: Casting complex values to real discards the imaginary part
  grad[k] = df
/home/adrianps/venvs/quantum_simulation/lib/python3.6/site-packages/scipy/optimize/linesearch.py:172: ComplexWarning: Casting complex values to real discards the imaginary part
  amin, amax, isave, dsave)
/home/adrianps/Universal-Approximator/qibo_sim/classes/ApproximantNN.py:577: RuntimeWarning: More than 20 figures have been opened. Figures created through the pyplot interface (`matplotlib.pyplot.figure`) are retained until explicitly closed and may consume too much memory. (To control this warning, see the rcParam `figure.max_open_warning`).
  fig, axs = plt.subplots(nrows=2, figsize=(8,10))
/home/adrianps/Universal-Approximator/qibo_sim/classes/ApproximantNN.py:552: RuntimeWarning: More than 20 figures have been opened. Figures created through the pyplot interface (`matplotlib.pyplot.figure`) are retained until explicitly closed and may consume too much memory. (To control this warning, see the rcParam `figure.max_open_warning`).
  fig, axs = plt.subplots(nrows=2, figsize=(8,10))
/home/adrianps/venvs/quantum_simulation/lib/python3.6/site-packages/scipy/optimize/optimize.py:705: ComplexWarning: Casting complex values to real discards the imaginary part
  grad[k] = df
/home/adrianps/venvs/quantum_simulation/lib/python3.6/site-packages/scipy/optimize/linesearch.py:172: ComplexWarning: Casting complex values to real discards the imaginary part
  amin, amax, isave, dsave)
/home/adrianps/Universal-Approximator/qibo_sim/classes/ApproximantNN.py:577: RuntimeWarning: More than 20 figures have been opened. Figures created through the pyplot interface (`matplotlib.pyplot.figure`) are retained until explicitly closed and may consume too much memory. (To control this warning, see the rcParam `figure.max_open_warning`).
  fig, axs = plt.subplots(nrows=2, figsize=(8,10))
termination on tolfun=1e-11 (Fri Nov 27 15:15:51 2020)
final/bestever f-value = 5.303440e-03 5.303440e-03
incumbent solution: [-5.48216888e+00 -1.22372928e+00 -9.25307136e-01 -5.34878556e-01
 -2.48530874e-04  1.54184021e+00 -5.32096998e+00 -1.02803382e+00 ...]
std deviations: [8.65908269e-06 1.08892690e-05 4.04591770e-06 9.91890640e-06
 1.80522395e-06 2.70520040e-06 8.20568508e-06 6.70855415e-06 ...]
