cma
(3_w,6)-aCMA-ES (mu_w=2.0,w_1=63%) in dimension 2 (seed=635793, Fri Nov 27 10:01:46 2020)
Iterat #Fevals   function value  axis ratio  sigma  min&max std  t[m:s]
    1      6 1.232677244609623e+00 1.0e+00 9.96e-01  8e-01  1e+00 0:00.2
    2     12 1.054746521711922e+00 1.4e+00 1.08e+00  1e+00  1e+00 0:00.5
    3     18 5.853878310987675e-01 1.4e+00 1.16e+00  1e+00  1e+00 0:00.7
   16     96 4.675608130884412e-01 3.0e+00 5.17e-01  1e-01  4e-01 0:03.9
   33    198 4.624954804709302e-01 2.2e+00 3.09e-02  2e-03  3e-03 0:08.0
   54    324 4.624944622935769e-01 3.1e+00 1.65e-03  1e-05  4e-05 0:13.1
   78    468 4.624944622518123e-01 1.7e+00 4.00e-05  4e-08  7e-08 0:18.9
termination on tolfun=1e-11 (Fri Nov 27 10:02:05 2020)
final/bestever f-value = 4.624945e-01 4.624945e-01
incumbent solution: [3.1415926623473247, -2.6075640488621668]
std deviation: [3.7419901361031255e-08, 7.441236869702069e-08]
cma
(3_w,6)-aCMA-ES (mu_w=2.0,w_1=63%) in dimension 2 (seed=510960, Fri Nov 27 10:02:06 2020)
Iterat #Fevals   function value  axis ratio  sigma  min&max std  t[m:s]
    1      6 7.184696411807869e-01 1.0e+00 8.54e-01  8e-01  9e-01 0:00.2
    2     12 8.205879568022484e-01 1.4e+00 9.46e-01  9e-01  1e+00 0:00.5
    3     18 4.793547776461279e-01 1.9e+00 1.26e+00  1e+00  2e+00 0:00.7
   16     96 4.632583760737803e-01 1.4e+00 1.87e-01  4e-02  6e-02 0:03.9
   33    198 4.624945209997385e-01 2.6e+00 1.01e-02  4e-04  9e-04 0:08.0
   54    324 4.624944622531595e-01 2.6e+00 5.00e-04  2e-06  6e-06 0:13.1
   68    408 4.624944622518122e-01 2.2e+00 5.33e-05  8e-08  2e-07 0:16.5
termination on tolfun=1e-11 (Fri Nov 27 10:02:22 2020)
final/bestever f-value = 4.624945e-01 4.624945e-01
incumbent solution: [-1.019091266679272e-08, 2.607564008247613]
std deviation: [7.80697561046743e-08, 1.5156748416737364e-07]
cma
(4_w,8)-aCMA-ES (mu_w=2.6,w_1=52%) in dimension 5 (seed=593987, Fri Nov 27 10:02:23 2020)
Iterat #Fevals   function value  axis ratio  sigma  min&max std  t[m:s]
    1      8 2.941467725820186e-01 1.0e+00 9.45e-01  9e-01  1e+00 0:00.4
    2     16 4.630833478498606e-01 1.3e+00 9.55e-01  9e-01  1e+00 0:00.7
    3     24 5.890336673461234e-01 1.5e+00 9.36e-01  8e-01  1e+00 0:01.1
   12     96 1.629938514979601e-01 2.0e+00 4.59e-01  3e-01  4e-01 0:04.4
   23    184 5.975520466829673e-02 2.1e+00 2.69e-01  1e-01  2e-01 0:08.4
   37    296 3.674268858580060e-02 5.9e+00 2.80e-01  8e-02  3e-01 0:13.5
   54    432 3.386359110156652e-02 8.0e+00 5.34e-02  9e-03  4e-02 0:19.7
   74    592 3.377206348176960e-02 8.1e+00 8.33e-03  8e-04  4e-03 0:27.0
   96    768 3.377135544584484e-02 7.0e+00 9.84e-04  6e-05  2e-04 0:35.0
  100    800 3.377135132313858e-02 7.9e+00 5.65e-04  3e-05  1e-04 0:36.5
  128   1024 3.377135060994469e-02 4.9e+00 3.81e-05  7e-07  3e-06 0:46.7
  144   1152 3.377135060959992e-02 6.0e+00 1.39e-05  2e-07  8e-07 0:52.5
termination on tolfun=1e-11 (Fri Nov 27 10:03:16 2020)
final/bestever f-value = 3.377135e-02 3.377135e-02
incumbent solution: [1.2302949524241676e-07, -2.42434417733049, -2.231042318499403, -3.1415924823447376, -4.961638690792152]
std deviation: [1.9441449823886048e-07, 4.637755351464002e-07, 1.9053256871836806e-07, 3.164948369453883e-07, 8.395917885352903e-07]
cma
(4_w,8)-aCMA-ES (mu_w=2.6,w_1=52%) in dimension 5 (seed=540084, Fri Nov 27 10:03:16 2020)
Iterat #Fevals   function value  axis ratio  sigma  min&max std  t[m:s]
    1      8 7.743155425826612e-01 1.0e+00 9.93e-01  9e-01  1e+00 0:00.4
    2     16 5.591239927669921e-01 1.3e+00 1.14e+00  1e+00  1e+00 0:00.7
    3     24 5.866166683425470e-01 1.6e+00 1.17e+00  1e+00  1e+00 0:01.1
   12     96 1.247950303252072e-01 3.0e+00 7.53e-01  6e-01  9e-01 0:04.4
   23    184 1.133699526175063e-01 3.5e+00 2.21e-01  1e-01  2e-01 0:08.4
   37    296 7.764017612428736e-02 3.8e+00 7.07e-02  2e-02  5e-02 0:13.5
   54    432 7.725885599813222e-02 5.6e+00 1.08e-02  1e-03  6e-03 0:19.7
   74    592 7.725131511031411e-02 6.4e+00 2.10e-03  2e-04  7e-04 0:27.0
   97    776 7.725128481724670e-02 7.6e+00 1.91e-04  8e-06  4e-05 0:35.3
  100    800 7.725128474973571e-02 7.0e+00 1.33e-04  5e-06  2e-05 0:36.4
  128   1024 7.725128472524419e-02 8.6e+00 1.12e-05  2e-07  9e-07 0:46.6
  134   1072 7.725128472516300e-02 9.5e+00 6.78e-06  9e-08  5e-07 0:48.8
termination on tolfun=1e-11 (Fri Nov 27 10:04:05 2020)
final/bestever f-value = 7.725128e-02 7.725128e-02
incumbent solution: [3.141592609795367, 2.2671913304939, -0.7578437879831018, -3.1415925973080916, 0.13189420966648432]
std deviation: [2.1289697085332373e-07, 4.4427860247172267e-07, 9.428432211590164e-08, 1.9887029393452892e-07, 5.136769262596289e-07]
cma
(5_w,10)-aCMA-ES (mu_w=3.2,w_1=45%) in dimension 8 (seed=485679, Fri Nov 27 10:04:06 2020)
Iterat #Fevals   function value  axis ratio  sigma  min&max std  t[m:s]
    1     10 1.086449814971030e+00 1.0e+00 9.28e-01  9e-01  1e+00 0:00.5
    2     20 7.478958979884219e-01 1.3e+00 8.87e-01  8e-01  1e+00 0:01.0
    3     30 3.545349213317315e-01 1.4e+00 8.47e-01  8e-01  9e-01 0:01.5
    9     90 4.801703651183427e-01 2.0e+00 9.10e-01  8e-01  1e+00 0:04.6
   17    170 1.651236923892200e-01 2.7e+00 5.63e-01  5e-01  6e-01 0:08.6
   27    270 1.029390842907431e-01 4.0e+00 1.86e-01  1e-01  2e-01 0:13.7
   39    390 7.387517484088152e-02 4.8e+00 1.49e-01  9e-02  1e-01 0:19.8
   53    530 5.501313141736738e-02 8.6e+00 2.63e-01  1e-01  3e-01 0:26.8
   69    690 3.755360888218142e-02 9.0e+00 1.21e-01  4e-02  2e-01 0:34.9
   87    870 3.378162701547120e-02 9.7e+00 3.25e-02  8e-03  3e-02 0:43.9
  100   1000 3.376126828871011e-02 1.2e+01 1.25e-02  2e-03  1e-02 0:50.4
  122   1220 3.374218429561916e-02 2.1e+01 1.41e-02  2e-03  2e-02 1:01.4
  146   1460 3.354719065482720e-02 8.3e+01 4.22e-02  5e-03  1e-01 1:13.5
  172   1720 3.300021523497908e-02 1.0e+02 4.61e-02  4e-03  1e-01 1:26.5
  200   2000 3.290978117802965e-02 7.7e+01 3.52e-02  2e-03  6e-02 1:40.5
  230   2300 3.290354948940212e-02 7.1e+01 7.14e-03  3e-04  7e-03 1:55.5
  262   2620 3.290344857630378e-02 8.9e+01 6.19e-04  2e-05  4e-04 2:11.6
  297   2970 3.290344828625311e-02 9.7e+01 1.43e-05  3e-07  6e-06 2:29.0
  300   3000 3.290344828620939e-02 8.8e+01 1.09e-05  2e-07  4e-06 2:30.5
  312   3120 3.290344828618497e-02 9.5e+01 4.88e-06  7e-08  2e-06 2:36.5
termination on tolfun=1e-11 (Fri Nov 27 10:06:43 2020)
final/bestever f-value = 3.290345e-02 3.290345e-02
incumbent solution: [-3.1415926357908437, -2.4655065891130357, -0.9760998493362535, 8.21780350499492e-07, 5.783009058019024, -3.205836192334865, 7.819566296647313e-07, 0.7239468395478512]
std deviation: [6.82816400450908e-08, 1.4824770554796452e-07, 9.424055943305445e-08, 1.2464583023034354e-06, 1.5785734991835746e-06, 7.467126318552689e-08, 1.1923557679840187e-06, 1.4594598949250345e-06]
cma
(5_w,10)-aCMA-ES (mu_w=3.2,w_1=45%) in dimension 8 (seed=564922, Fri Nov 27 10:06:43 2020)
Iterat #Fevals   function value  axis ratio  sigma  min&max std  t[m:s]
    1     10 3.998656920169539e-01 1.0e+00 1.07e+00  1e+00  1e+00 0:00.5
    2     20 8.625321584691880e-01 1.3e+00 1.09e+00  1e+00  1e+00 0:01.0
    3     30 3.405721167860711e-01 1.4e+00 1.11e+00  1e+00  1e+00 0:01.5
    9     90 8.346437149586698e-01 2.1e+00 1.15e+00  1e+00  1e+00 0:04.5
   17    170 4.924516254043537e-01 2.9e+00 6.71e-01  5e-01  8e-01 0:08.5
   27    270 5.845187591301129e-02 3.7e+00 2.33e-01  2e-01  3e-01 0:13.5
   39    390 4.006338531233403e-02 5.1e+00 1.00e-01  6e-02  1e-01 0:19.5
   53    530 3.443018851378789e-02 6.9e+00 7.15e-02  4e-02  8e-02 0:26.6
   69    690 3.379037692219893e-02 1.2e+01 1.80e-02  8e-03  2e-02 0:34.6
   87    870 3.377176283015112e-02 1.4e+01 4.00e-03  2e-03  4e-03 0:43.6
  100   1000 3.377147838538316e-02 2.1e+01 2.33e-03  9e-04  3e-03 0:50.1
  122   1220 3.377135270615735e-02 3.8e+01 5.32e-04  1e-04  6e-04 1:01.1
  146   1460 3.377135066099365e-02 7.9e+01 1.42e-04  3e-05  2e-04 1:13.1
  173   1730 3.377135060971830e-02 1.0e+02 1.39e-05  2e-06  2e-05 1:26.6
  193   1930 3.377135060958528e-02 1.9e+02 2.85e-06  2e-07  5e-06 1:36.6
termination on tolfun=1e-11 (Fri Nov 27 10:08:20 2020)
final/bestever f-value = 3.377135e-02 3.377135e-02
incumbent solution: [-0.8216746961867132, -2.424344168793887, 2.571154061597522, -1.3637008569485076, 5.247391183557326e-08, 2.509270424287907, -0.7329626787593062, 4.961638795730144]
std deviation: [3.409719385785736e-06, 2.262902606818005e-07, 1.5362246969100018e-06, 4.899792449002979e-06, 2.5422059480047043e-07, 1.6315270106787458e-06, 2.9779164842656257e-06, 3.729771870901999e-07]
cma
(5_w,11)-aCMA-ES (mu_w=3.4,w_1=42%) in dimension 11 (seed=615846, Fri Nov 27 10:08:21 2020)
Iterat #Fevals   function value  axis ratio  sigma  min&max std  t[m:s]
    1     11 9.312992243757657e-01 1.0e+00 9.20e-01  9e-01  9e-01 0:00.6
    2     22 6.946825056703801e-01 1.1e+00 9.42e-01  9e-01  1e+00 0:01.2
    3     33 9.280588300707991e-01 1.3e+00 9.31e-01  9e-01  1e+00 0:01.8
    8     88 8.385174331090989e-01 1.6e+00 9.96e-01  9e-01  1e+00 0:04.9
   15    165 4.009965613804393e-01 1.9e+00 8.45e-01  7e-01  1e+00 0:09.1
   24    264 1.856345702471974e-01 2.3e+00 5.57e-01  5e-01  6e-01 0:14.6
   34    374 2.041707726661881e-01 2.8e+00 3.79e-01  3e-01  4e-01 0:20.7
   46    506 1.025053330209343e-01 3.6e+00 2.74e-01  2e-01  3e-01 0:27.9
   60    660 3.819996983279358e-02 4.0e+00 1.54e-01  1e-01  2e-01 0:36.4
   75    825 3.159196449259903e-02 4.2e+00 5.41e-02  3e-02  5e-02 0:45.5
   92   1012 3.084657203818875e-02 5.4e+00 2.78e-02  1e-02  3e-02 0:55.9
  100   1100 3.026699976422676e-02 7.1e+00 4.18e-02  2e-02  4e-02 1:00.7
  120   1320 2.591296981006819e-02 9.8e+00 4.87e-02  2e-02  5e-02 1:12.9
  142   1562 2.042464436587044e-02 1.7e+01 5.94e-02  2e-02  9e-02 1:26.3
  166   1826 1.798653853541180e-02 1.7e+01 4.52e-02  1e-02  6e-02 1:40.9
  191   2101 1.629233177676180e-02 2.3e+01 7.17e-02  2e-02  1e-01 1:56.1
  200   2200 1.476093225226172e-02 2.5e+01 1.00e-01  2e-02  2e-01 2:01.6
  228   2508 1.093117406269711e-02 3.1e+01 9.32e-02  2e-02  1e-01 2:18.7
  258   2838 8.404405397973696e-03 3.4e+01 4.80e-02  7e-03  6e-02 2:36.9
  290   3190 8.247043556978004e-03 3.6e+01 1.25e-02  1e-03  1e-02 2:56.4
  300   3300 8.245166347130321e-03 3.4e+01 7.73e-03  9e-04  7e-03 3:02.5
  335   3685 8.233028698494177e-03 4.3e+01 1.70e-02  1e-03  1e-02 3:23.8
  372   4092 8.193828986919496e-03 5.5e+01 3.09e-02  2e-03  3e-02 3:46.3
  400   4400 8.169552722876006e-03 5.6e+01 2.79e-02  1e-03  2e-02 4:03.4
  440   4840 8.132043157548761e-03 6.4e+01 4.96e-02  2e-03  4e-02 4:27.7
  482   5302 8.086753923242755e-03 5.0e+01 5.23e-02  1e-03  3e-02 4:52.8
  500   5500 8.063024908922184e-03 4.6e+01 5.58e-02  1e-03  3e-02 5:03.6
  546   6006 7.897547778654937e-03 4.9e+01 1.49e-01  2e-03  5e-02 5:31.1
  593   6523 7.517996797836436e-03 5.7e+01 1.33e-01  2e-03  4e-02 5:59.2
  600   6600 7.471804063733383e-03 5.9e+01 1.34e-01  2e-03  4e-02 6:03.4
  651   7161 7.046474987274121e-03 6.5e+01 1.77e-01  2e-03  6e-02 6:33.8
  700   7700 7.025007329831482e-03 7.0e+01 4.11e-02  6e-04  9e-03 7:03.2
  754   8294 7.024597423816321e-03 6.7e+01 1.07e-03  1e-05  2e-04 7:35.4
  800   8800 7.024597334513338e-03 6.7e+01 6.28e-05  4e-07  7e-06 8:02.9
  810   8910 7.024597334414633e-03 6.9e+01 3.11e-05  2e-07  3e-06 8:08.8
termination on tolfun=1e-11 (Fri Nov 27 10:16:31 2020)
final/bestever f-value = 7.024597e-03 7.024597e-03
incumbent solution: [-6.28318526e+00 -1.86000267e+00  5.68507415e+00  3.42868013e-08
  1.02588008e+01  2.74571053e+00  1.04695013e-07  5.84179521e+00 ...]
std deviations: [2.64596792e-07 1.93228507e-06 3.24285641e-07 5.52997738e-07
 3.14857535e-06 1.97512254e-07 3.93399032e-07 1.15639721e-06 ...]
cma
(5_w,11)-aCMA-ES (mu_w=3.4,w_1=42%) in dimension 11 (seed=622788, Fri Nov 27 10:16:33 2020)
Iterat #Fevals   function value  axis ratio  sigma  min&max std  t[m:s]
    1     11 6.608524138239437e-01 1.0e+00 8.83e-01  9e-01  9e-01 0:00.6
    2     22 8.421995702069351e-01 1.1e+00 8.69e-01  8e-01  9e-01 0:01.2
    3     33 5.358974216108832e-01 1.2e+00 8.69e-01  8e-01  9e-01 0:01.8
    9     99 6.169734355875829e-01 1.6e+00 6.85e-01  6e-01  7e-01 0:05.4
   16    176 2.098750284952544e-01 1.8e+00 5.08e-01  4e-01  5e-01 0:09.5
   25    275 2.055598845652764e-01 2.1e+00 4.17e-01  3e-01  4e-01 0:14.9
   36    396 1.091675189425586e-01 2.7e+00 2.82e-01  2e-01  3e-01 0:21.5
   48    528 9.933405169482860e-02 3.9e+00 9.89e-02  6e-02  1e-01 0:28.6
   62    682 9.307556822581695e-02 5.9e+00 6.22e-02  4e-02  7e-02 0:37.0
   78    858 9.195023053832013e-02 9.7e+00 4.43e-02  3e-02  6e-02 0:46.5
   95   1045 8.513215209989830e-02 1.3e+01 7.03e-02  5e-02  1e-01 0:56.6
  100   1100 8.108091175428592e-02 1.3e+01 1.08e-01  7e-02  2e-01 0:59.5
  121   1331 4.409837333767285e-02 1.1e+01 1.72e-01  9e-02  2e-01 1:12.0
  143   1573 3.450984295638813e-02 1.3e+01 1.40e-01  6e-02  2e-01 1:25.1
  167   1837 3.353929666237231e-02 1.4e+01 6.58e-02  2e-02  7e-02 1:39.3
  193   2123 3.231001451180338e-02 1.9e+01 5.64e-02  2e-02  6e-02 1:54.7
  200   2200 3.223303060366543e-02 1.9e+01 5.31e-02  1e-02  5e-02 1:58.8
  229   2519 3.151381936934441e-02 2.9e+01 5.19e-02  1e-02  5e-02 2:16.0
  260   2860 3.049620948713730e-02 3.6e+01 8.14e-02  2e-02  8e-02 2:34.4
  293   3223 2.837738646271770e-02 3.8e+01 7.30e-02  1e-02  7e-02 2:53.9
  300   3300 2.809958878394998e-02 4.0e+01 9.28e-02  1e-02  9e-02 2:58.0
  336   3696 2.547578511909940e-02 5.5e+01 1.80e-01  2e-02  2e-01 3:19.4
  374   4114 2.430318035195974e-02 5.6e+01 4.79e-02  3e-03  5e-02 3:41.9
  400   4400 2.429155856677466e-02 5.2e+01 1.45e-02  6e-04  1e-02 3:57.2
  441   4851 2.428521380434542e-02 8.3e+01 1.38e-02  4e-04  1e-02 4:21.6
  484   5324 2.428453178477451e-02 1.1e+02 1.63e-03  3e-05  1e-03 4:47.1
  500   5500 2.428452974364815e-02 1.2e+02 5.61e-04  8e-06  4e-04 4:56.6
  546   6006 2.428452950471419e-02 1.2e+02 2.88e-05  3e-07  1e-05 5:23.9
  560   6160 2.428452950459384e-02 1.3e+02 1.20e-05  9e-08  5e-06 5:32.2
termination on tolfun=1e-11 (Fri Nov 27 10:22:06 2020)
final/bestever f-value = 2.428453e-02 2.428453e-02
incumbent solution: [ 3.07785883e+00 -2.50937913e+00  1.18039430e-01 -3.08258424e+00
 -1.58016712e-06  1.05195772e+00  8.63799519e-03 -5.05001370e+00 ...]
std deviations: [2.96170671e-06 4.71976662e-06 1.86914926e-06 2.71135767e-06
 4.33967343e-06 1.86425866e-06 7.28817817e-07 1.46434702e-06 ...]
cma
(5_w,11)-aCMA-ES (mu_w=3.4,w_1=42%) in dimension 14 (seed=560324, Fri Nov 27 10:22:08 2020)
Iterat #Fevals   function value  axis ratio  sigma  min&max std  t[m:s]
    1     11 3.545613634793291e-01 1.0e+00 9.79e-01  1e+00  1e+00 0:00.7
    2     22 5.121501646942860e-01 1.2e+00 9.71e-01  9e-01  1e+00 0:01.3
    3     33 2.819225683061024e-01 1.2e+00 9.55e-01  9e-01  1e+00 0:02.0
    8     88 8.335056613974531e-01 1.5e+00 1.16e+00  1e+00  1e+00 0:05.2
   15    165 6.143546440818654e-01 2.0e+00 1.01e+00  9e-01  1e+00 0:09.8
   23    253 8.278980314961926e-01 2.2e+00 1.21e+00  1e+00  1e+00 0:15.1
   33    363 2.495592826070361e-01 2.7e+00 1.19e+00  1e+00  2e+00 0:21.7
   44    484 7.656208669291564e-01 3.1e+00 1.02e+00  9e-01  1e+00 0:28.9
   57    627 8.976443708997602e-01 3.6e+00 7.58e-01  6e-01  1e+00 0:37.5
   71    781 4.952353595052563e-01 3.7e+00 8.15e-01  6e-01  1e+00 0:46.7
   87    957 2.346078367498766e-01 4.0e+00 6.78e-01  5e-01  9e-01 0:57.3
  100   1100 3.973107758872674e-01 3.7e+00 6.43e-01  5e-01  8e-01 1:05.8
  119   1309 1.543699264253746e-01 3.5e+00 2.84e-01  2e-01  4e-01 1:18.3
  139   1529 6.075758014075634e-02 3.7e+00 1.09e-01  6e-02  1e-01 1:31.5
  161   1771 4.324427656065926e-02 3.8e+00 6.10e-02  3e-02  7e-02 1:46.0
  184   2024 3.713018043541894e-02 4.4e+00 4.08e-02  2e-02  4e-02 2:01.2
  200   2200 3.133961192643843e-02 6.3e+00 6.37e-02  4e-02  7e-02 2:11.7
  226   2486 2.530618705910330e-02 1.0e+01 5.56e-02  3e-02  8e-02 2:28.9
  254   2794 2.150503824355866e-02 1.5e+01 4.97e-02  3e-02  8e-02 2:47.3
  283   3113 1.690956794398457e-02 2.2e+01 4.48e-02  2e-02  8e-02 3:06.4
  300   3300 1.612195816196164e-02 2.6e+01 3.54e-02  2e-02  7e-02 3:17.6
  332   3652 1.574915332727241e-02 2.6e+01 1.59e-02  6e-03  3e-02 3:38.7
  366   4026 1.567551320361315e-02 2.7e+01 8.33e-03  3e-03  1e-02 4:01.0
  400   4400 1.566493735446566e-02 3.1e+01 1.83e-03  5e-04  3e-03 4:23.4
  437   4807 1.566441025857076e-02 3.7e+01 3.66e-04  9e-05  5e-04 4:47.8
  476   5236 1.566440241597310e-02 3.9e+01 3.82e-05  8e-06  4e-05 5:13.4
  500   5500 1.566440235788224e-02 4.1e+01 1.15e-05  2e-06  1e-05 5:29.2
  538   5918 1.566440235251710e-02 3.9e+01 1.55e-06  2e-07  1e-06 5:54.1
termination on tolfun=1e-11 (Fri Nov 27 10:28:03 2020)
final/bestever f-value = 1.566440e-02 1.566440e-02
incumbent solution: [ 7.48872481  2.35198294 -7.9503459  -9.36297576  4.72439469  1.11452291
  1.40109504 -3.64861354 ...]
std deviations: [2.55544158e-07 4.41818730e-07 3.47165124e-07 3.94910431e-07
 9.43548878e-07 2.39823482e-07 2.49596350e-07 8.58243447e-07 ...]
cma
(5_w,11)-aCMA-ES (mu_w=3.4,w_1=42%) in dimension 14 (seed=538953, Fri Nov 27 10:28:05 2020)
Iterat #Fevals   function value  axis ratio  sigma  min&max std  t[m:s]
    1     11 5.424076797602414e-01 1.0e+00 9.57e-01  9e-01  1e+00 0:00.7
    2     22 4.676500807820655e-01 1.1e+00 9.57e-01  9e-01  1e+00 0:01.3
    3     33 6.958734198890278e-01 1.2e+00 9.20e-01  9e-01  9e-01 0:02.0
    8     88 8.046174289762278e-01 1.4e+00 8.82e-01  8e-01  9e-01 0:05.3
   15    165 1.296038171681979e+00 1.7e+00 1.03e+00  9e-01  1e+00 0:09.9
   23    253 1.023288685334363e+00 1.9e+00 8.93e-01  8e-01  1e+00 0:15.2
   33    363 5.724206781665548e-01 2.0e+00 5.89e-01  5e-01  7e-01 0:21.7
   44    484 4.306992097174138e-01 2.4e+00 4.49e-01  4e-01  5e-01 0:29.0
   57    627 1.868478180562622e-01 2.9e+00 3.02e-01  2e-01  3e-01 0:37.6
   71    781 4.866467662291932e-02 3.2e+00 1.94e-01  1e-01  2e-01 0:46.8
   87    957 3.671038861385921e-02 3.7e+00 9.11e-02  7e-02  1e-01 0:57.1
  100   1100 3.487943066628998e-02 4.6e+00 5.36e-02  4e-02  6e-02 1:05.5
  119   1309 3.397874144665761e-02 6.2e+00 2.13e-02  1e-02  3e-02 1:17.8
  140   1540 3.359065498966744e-02 8.2e+00 1.63e-02  1e-02  2e-02 1:31.5
  162   1782 3.320517640945011e-02 1.6e+01 2.28e-02  2e-02  4e-02 1:45.7
  186   2046 3.222301541560585e-02 2.4e+01 3.13e-02  2e-02  6e-02 2:01.3
  200   2200 3.216625173616618e-02 2.2e+01 3.28e-02  2e-02  6e-02 2:10.4
  227   2497 3.069737030001782e-02 2.4e+01 6.21e-02  4e-02  1e-01 2:27.9
  255   2805 2.745556281282607e-02 2.6e+01 5.18e-02  3e-02  6e-02 2:46.0
  285   3135 2.387909050273805e-02 2.9e+01 8.60e-02  4e-02  1e-01 3:05.4
  300   3300 2.210576445888090e-02 2.6e+01 7.95e-02  3e-02  1e-01 3:15.1
  333   3663 1.663582757190441e-02 2.0e+01 9.57e-02  3e-02  9e-02 3:36.5
  367   4037 1.245551125460136e-02 2.8e+01 5.64e-02  2e-02  7e-02 3:58.6
  400   4400 9.328292521127437e-03 2.7e+01 5.39e-02  1e-02  7e-02 4:20.0
  437   4807 8.629830729269318e-03 2.5e+01 3.04e-02  7e-03  4e-02 4:44.0
  476   5236 7.781784455999926e-03 3.6e+01 6.70e-02  1e-02  1e-01 5:09.4
  500   5500 6.616613517724580e-03 4.7e+01 7.70e-02  1e-02  1e-01 5:24.9
  542   5962 5.607016301035508e-03 4.4e+01 5.45e-02  8e-03  8e-02 5:52.2
  586   6446 4.441451550398517e-03 4.1e+01 8.76e-02  1e-02  1e-01 6:20.7
  600   6600 4.237035335800135e-03 3.8e+01 5.97e-02  7e-03  6e-02 6:29.7
  647   7117 4.125414769101108e-03 3.6e+01 3.19e-02  3e-03  3e-02 7:00.2
  695   7645 3.868257821040233e-03 4.4e+01 3.68e-02  3e-03  4e-02 7:31.3
  700   7700 3.854561703270505e-03 4.5e+01 4.51e-02  4e-03  6e-02 7:34.5
  752   8272 3.755676569236965e-03 4.8e+01 2.78e-02  3e-03  3e-02 8:08.1
  800   8800 3.647702295620409e-03 5.7e+01 5.52e-02  5e-03  4e-02 8:39.1
  855   9405 3.595209414516338e-03 5.6e+01 2.05e-02  2e-03  1e-02 9:14.7
  900   9900 3.591058749995849e-03 7.5e+01 7.92e-03  6e-04  5e-03 9:43.7
  958  10538 3.590873680737540e-03 7.7e+01 4.18e-04  2e-05  2e-04 10:21.2
 1000  11000 3.590873374480551e-03 9.4e+01 6.13e-05  3e-06  3e-05 10:48.3
Iterat #Fevals   function value  axis ratio  sigma  min&max std  t[m:s]
 1035  11385 3.590873372312970e-03 9.9e+01 9.28e-06  4e-07  3e-06 11:11.0
termination on tolfun=1e-11 (Fri Nov 27 10:39:17 2020)
final/bestever f-value = 3.590873e-03 3.590873e-03
incumbent solution: [ 7.00887099e-07  3.20563769e+00  2.74099712e+00 -3.14159313e+00
 -4.53693260e+00  1.02016659e+00 -6.28318432e+00  5.45431998e+00 ...]
std deviations: [5.08372105e-07 3.49688096e-06 4.26783023e-07 6.20771929e-07
 3.27645351e-06 4.95427873e-07 4.24650692e-07 2.08692434e-06 ...]
cma
(6_w,12)-aCMA-ES (mu_w=3.7,w_1=40%) in dimension 17 (seed=617982, Fri Nov 27 10:39:20 2020)
Iterat #Fevals   function value  axis ratio  sigma  min&max std  t[m:s]
    1     12 6.522995581248947e-01 1.0e+00 9.00e-01  9e-01  9e-01 0:00.8
    2     24 3.665635716204036e-01 1.1e+00 8.76e-01  9e-01  9e-01 0:01.5
    3     36 9.401962015786951e-01 1.1e+00 8.37e-01  8e-01  9e-01 0:02.3
    7     84 3.441110262983768e-01 1.2e+00 7.35e-01  7e-01  8e-01 0:05.4
   13    156 5.750814328666141e-01 1.4e+00 7.70e-01  7e-01  8e-01 0:09.9
   20    240 4.698287390254363e-01 1.6e+00 7.84e-01  7e-01  9e-01 0:15.3
   28    336 2.929310227542492e-01 1.8e+00 9.45e-01  9e-01  1e+00 0:21.5
   38    456 6.494299077685832e-01 1.9e+00 7.69e-01  7e-01  8e-01 0:29.2
   49    588 7.039606256574409e-01 2.0e+00 7.55e-01  7e-01  8e-01 0:37.6
   61    732 4.031981597510346e-01 2.4e+00 5.12e-01  4e-01  5e-01 0:46.8
   75    900 2.540454490495395e-01 2.5e+00 3.54e-01  3e-01  4e-01 0:57.5
   90   1080 9.049144345204396e-02 2.7e+00 1.99e-01  1e-01  2e-01 1:09.0
  100   1200 6.988760663350871e-02 3.0e+00 1.53e-01  1e-01  2e-01 1:16.6
  118   1416 5.249898954882220e-02 3.8e+00 1.23e-01  9e-02  1e-01 1:30.3
  137   1644 3.293642888021461e-02 3.9e+00 6.68e-02  4e-02  7e-02 1:44.8
  157   1884 2.723103439919340e-02 5.3e+00 4.14e-02  2e-02  4e-02 1:60.0
  179   2148 2.342198068766260e-02 7.2e+00 3.81e-02  2e-02  4e-02 2:16.7
  200   2400 1.686762843568115e-02 1.0e+01 5.19e-02  3e-02  7e-02 2:32.7
  224   2688 1.288947451370101e-02 1.7e+01 8.08e-02  4e-02  2e-01 2:51.0
  249   2988 9.276551033123874e-03 2.1e+01 4.26e-02  2e-02  9e-02 3:10.0
  276   3312 8.834958013127423e-03 2.5e+01 1.93e-02  8e-03  4e-02 3:30.6
  300   3600 8.682259341494395e-03 2.9e+01 1.71e-02  6e-03  4e-02 3:48.9
  329   3948 8.203853976157272e-03 3.3e+01 2.20e-02  7e-03  4e-02 4:10.9
  360   4320 7.132772016376134e-03 3.7e+01 2.74e-02  8e-03  7e-02 4:34.5
  392   4704 6.807337370235463e-03 3.7e+01 1.31e-02  3e-03  3e-02 4:58.9
  400   4800 6.761515692540149e-03 3.7e+01 1.09e-02  3e-03  2e-02 5:05.0
  435   5220 6.629472360424596e-03 3.7e+01 1.85e-02  4e-03  4e-02 5:31.6
  471   5652 6.411689023297330e-03 5.6e+01 3.19e-02  7e-03  1e-01 5:59.1
  500   6000 5.569557301650417e-03 5.6e+01 4.99e-02  1e-02  1e-01 6:20.8
  539   6468 4.772174640470537e-03 5.2e+01 1.85e-02  3e-03  3e-02 6:50.0
  580   6960 4.719311026119823e-03 5.4e+01 4.49e-03  7e-04  7e-03 7:20.7
  600   7200 4.716767486362080e-03 5.0e+01 2.82e-03  4e-04  4e-03 7:35.6
  643   7716 4.708797238658777e-03 8.9e+01 6.09e-03  1e-03  1e-02 8:07.8
  688   8256 4.691138486488771e-03 9.9e+01 7.17e-03  1e-03  2e-02 8:41.5
  700   8400 4.684936664121489e-03 1.0e+02 7.93e-03  1e-03  2e-02 8:50.5
  747   8964 4.666614870497331e-03 1.1e+02 1.30e-02  2e-03  2e-02 9:25.7
  796   9552 4.645406572692743e-03 8.7e+01 1.08e-02  1e-03  1e-02 10:02.3
  800   9600 4.643631990236602e-03 9.1e+01 1.05e-02  1e-03  1e-02 10:05.3
  851  10212 4.613330245885502e-03 1.1e+02 9.05e-03  9e-04  1e-02 10:43.5
  900  10800 4.582373536145449e-03 1.1e+02 1.18e-02  1e-03  1e-02 11:20.2
  954  11448 4.548805719116734e-03 1.1e+02 1.24e-02  1e-03  2e-02 12:00.6
 1000  12000 4.518992605514719e-03 1.3e+02 1.56e-02  1e-03  2e-02 12:35.0
Iterat #Fevals   function value  axis ratio  sigma  min&max std  t[m:s]
 1057  12684 4.451101966206183e-03 1.9e+02 2.19e-02  1e-03  4e-02 13:17.7
 1100  13200 4.431693191573764e-03 1.9e+02 2.05e-02  1e-03  4e-02 13:49.9
 1159  13908 4.411399268870247e-03 1.6e+02 1.50e-02  8e-04  2e-02 14:34.0
 1200  14400 4.379580620478447e-03 1.6e+02 3.15e-02  1e-03  5e-02 15:04.7
 1262  15144 4.346877750334262e-03 1.6e+02 2.97e-02  1e-03  4e-02 15:51.1
 1300  15600 4.341165967786436e-03 1.9e+02 1.96e-02  7e-04  3e-02 16:19.5
 1365  16380 4.337118554989331e-03 1.9e+02 4.31e-03  1e-04  5e-03 17:08.1
 1400  16800 4.337049493670523e-03 2.1e+02 1.16e-03  4e-05  1e-03 17:34.2
 1467  17604 4.337046863176470e-03 2.4e+02 7.54e-05  2e-06  7e-05 18:24.3
 1500  18000 4.337046859999931e-03 2.6e+02 1.27e-05  3e-07  1e-05 18:48.8
 1512  18144 4.337046859907347e-03 2.7e+02 7.10e-06  1e-07  7e-06 18:57.8
termination on tolfun=1e-11 (Fri Nov 27 10:58:20 2020)
final/bestever f-value = 4.337047e-03 4.337047e-03
incumbent solution: [-5.55753878e+00  8.61451965e+00 -2.81663186e+00 -6.99488715e+00
 -9.26367823e-07 -2.16171599e-01 -4.86876179e+00  5.46554238e+00 ...]
std deviations: [2.84028101e-06 1.50581999e-06 9.21549228e-07 3.90556383e-06
 1.00234405e-06 2.11689855e-07 6.62390160e-06 1.64639288e-06 ...]
cma
(6_w,12)-aCMA-ES (mu_w=3.7,w_1=40%) in dimension 17 (seed=528560, Fri Nov 27 10:58:23 2020)
Iterat #Fevals   function value  axis ratio  sigma  min&max std  t[m:s]
    1     12 6.035016100731335e-01 1.0e+00 9.45e-01  9e-01  1e+00 0:00.7
    2     24 3.931881600853017e-01 1.1e+00 9.27e-01  9e-01  9e-01 0:01.5
    3     36 4.768973076210388e-01 1.1e+00 8.69e-01  8e-01  9e-01 0:02.2
    8     96 6.426153204350536e-01 1.3e+00 7.82e-01  7e-01  8e-01 0:05.9
   14    168 1.844279016180410e-01 1.4e+00 6.66e-01  6e-01  7e-01 0:10.4
   21    252 5.764114616053696e-01 1.6e+00 5.89e-01  5e-01  6e-01 0:15.6
   30    360 3.761763702260222e-01 1.7e+00 4.17e-01  4e-01  4e-01 0:22.3
   40    480 1.224653253846639e-01 1.9e+00 3.53e-01  3e-01  4e-01 0:29.7
   51    612 1.638932688147605e-01 2.1e+00 2.51e-01  2e-01  3e-01 0:37.9
   64    768 1.228385489702098e-01 2.4e+00 1.44e-01  1e-01  1e-01 0:47.6
   78    936 1.070756379477318e-01 2.8e+00 9.07e-02  7e-02  9e-02 0:58.1
   93   1116 8.019474152280284e-02 3.3e+00 9.94e-02  8e-02  1e-01 1:09.2
  100   1200 7.680335957012750e-02 3.5e+00 7.76e-02  6e-02  8e-02 1:14.5
  118   1416 7.217205206346795e-02 3.8e+00 4.77e-02  4e-02  5e-02 1:27.9
  137   1644 6.822522638113120e-02 5.2e+00 5.18e-02  4e-02  6e-02 1:42.0
  158   1896 4.794643660104143e-02 7.8e+00 8.36e-02  6e-02  1e-01 1:57.7
  180   2160 3.163428106612025e-02 8.3e+00 7.72e-02  6e-02  9e-02 2:14.1
  200   2400 2.856322781970112e-02 7.9e+00 4.17e-02  3e-02  5e-02 2:29.0
  225   2700 2.373193360167805e-02 8.0e+00 3.24e-02  2e-02  3e-02 2:47.6
  251   3012 2.120207073001968e-02 1.0e+01 4.28e-02  3e-02  5e-02 3:07.0
  278   3336 1.972493462228537e-02 1.0e+01 2.31e-02  1e-02  2e-02 3:27.1
  300   3600 1.877030323833105e-02 1.3e+01 4.58e-02  2e-02  5e-02 3:43.4
  330   3960 1.407738223559284e-02 1.7e+01 5.92e-02  3e-02  8e-02 4:05.7
  361   4332 1.269151772631823e-02 1.8e+01 3.10e-02  1e-02  4e-02 4:28.8
  394   4728 1.194767953830724e-02 2.1e+01 3.49e-02  1e-02  4e-02 4:53.4
  400   4800 1.155051171913198e-02 2.1e+01 3.00e-02  1e-02  4e-02 4:57.8
  435   5220 1.107461068291568e-02 3.0e+01 2.57e-02  9e-03  3e-02 5:23.9
  472   5664 1.047954498473034e-02 3.6e+01 2.43e-02  7e-03  3e-02 5:51.4
  500   6000 9.992868061431494e-03 3.7e+01 3.14e-02  9e-03  4e-02 6:12.3
  539   6468 7.726849402360499e-03 4.0e+01 4.52e-02  1e-02  7e-02 6:41.3
  580   6960 5.830930452658905e-03 4.5e+01 4.61e-02  1e-02  7e-02 7:11.8
  600   7200 5.695240569383316e-03 4.3e+01 3.59e-02  1e-02  4e-02 7:26.7
  643   7716 5.085780312906222e-03 4.2e+01 4.57e-02  1e-02  6e-02 7:58.7
  688   8256 4.751942205817173e-03 3.6e+01 1.94e-02  4e-03  2e-02 8:32.2
  700   8400 4.721897466593588e-03 3.6e+01 1.95e-02  4e-03  2e-02 8:41.1
  748   8976 4.599240606646829e-03 4.6e+01 2.87e-02  5e-03  4e-02 9:16.8
  797   9564 4.354255621813138e-03 9.1e+01 3.64e-02  6e-03  8e-02 9:53.3
  800   9600 4.335564883258704e-03 9.4e+01 3.84e-02  7e-03  9e-02 9:55.5
  852  10224 3.895012004548947e-03 1.1e+02 3.65e-02  5e-03  9e-02 10:34.2
  900  10800 3.772392560282150e-03 1.0e+02 2.66e-02  3e-03  5e-02 11:09.9
  954  11448 3.674255906981632e-03 9.6e+01 3.88e-02  4e-03  5e-02 11:50.1
 1000  12000 3.585489740382126e-03 1.4e+02 5.01e-02  5e-03  7e-02 12:24.3
Iterat #Fevals   function value  axis ratio  sigma  min&max std  t[m:s]
 1057  12684 3.346117864754253e-03 1.3e+02 6.91e-02  7e-03  8e-02 13:06.8
 1100  13200 3.296871713098033e-03 1.0e+02 1.81e-02  2e-03  2e-02 13:38.8
 1160  13920 3.295136086704434e-03 1.2e+02 3.21e-03  2e-04  3e-03 14:23.3
 1200  14400 3.294998359850657e-03 1.2e+02 2.17e-03  1e-04  2e-03 14:53.0
 1262  15144 3.294991531329378e-03 1.5e+02 1.43e-04  6e-06  1e-04 15:39.0
 1300  15600 3.294991462019085e-03 2.1e+02 7.89e-05  3e-06  8e-05 16:07.3
 1365  16380 3.294986753051476e-03 1.4e+03 1.54e-03  5e-05  8e-03 16:55.5
 1400  16800 3.289204813673968e-03 2.7e+03 4.14e-02  1e-03  3e-01 17:21.5
 1468  17616 3.280324389985146e-03 1.4e+03 4.28e-02  1e-03  2e-01 18:12.0
 1500  18000 3.273987151398915e-03 9.7e+02 3.78e-02  9e-04  9e-02 18:35.7
 1571  18852 3.269749667616356e-03 4.2e+02 7.32e-03  1e-04  7e-03 19:28.4
 1600  19200 3.269694299871256e-03 3.9e+02 6.32e-03  1e-04  5e-03 19:49.9
 1674  20088 3.269476859707619e-03 9.0e+02 5.30e-03  7e-05  8e-03 20:44.3
 1700  20400 3.269468791148239e-03 9.5e+02 1.50e-03  2e-05  2e-03 21:03.2
 1778  21336 3.269468430186452e-03 9.6e+02 5.29e-05  5e-07  7e-05 21:59.9
 1794  21528 3.269468429885307e-03 1.0e+03 2.75e-05  2e-07  3e-05 22:11.5
/home/adrianps/venvs/quantum_simulation/lib/python3.6/site-packages/scipy/optimize/optimize.py:705: ComplexWarning: Casting complex values to real discards the imaginary part
  grad[k] = df
/home/adrianps/venvs/quantum_simulation/lib/python3.6/site-packages/scipy/optimize/linesearch.py:172: ComplexWarning: Casting complex values to real discards the imaginary part
  amin, amax, isave, dsave)
/home/adrianps/venvs/quantum_simulation/lib/python3.6/site-packages/scipy/optimize/optimize.py:705: ComplexWarning: Casting complex values to real discards the imaginary part
  grad[k] = df
/home/adrianps/venvs/quantum_simulation/lib/python3.6/site-packages/scipy/optimize/linesearch.py:172: ComplexWarning: Casting complex values to real discards the imaginary part
  amin, amax, isave, dsave)
/home/adrianps/venvs/quantum_simulation/lib/python3.6/site-packages/scipy/optimize/optimize.py:705: ComplexWarning: Casting complex values to real discards the imaginary part
  grad[k] = df
/home/adrianps/venvs/quantum_simulation/lib/python3.6/site-packages/scipy/optimize/linesearch.py:172: ComplexWarning: Casting complex values to real discards the imaginary part
  amin, amax, isave, dsave)
/home/adrianps/venvs/quantum_simulation/lib/python3.6/site-packages/scipy/optimize/optimize.py:705: ComplexWarning: Casting complex values to real discards the imaginary part
  grad[k] = df
/home/adrianps/venvs/quantum_simulation/lib/python3.6/site-packages/scipy/optimize/linesearch.py:172: ComplexWarning: Casting complex values to real discards the imaginary part
  amin, amax, isave, dsave)
/home/adrianps/venvs/quantum_simulation/lib/python3.6/site-packages/scipy/optimize/optimize.py:705: ComplexWarning: Casting complex values to real discards the imaginary part
  grad[k] = df
/home/adrianps/venvs/quantum_simulation/lib/python3.6/site-packages/scipy/optimize/linesearch.py:172: ComplexWarning: Casting complex values to real discards the imaginary part
  amin, amax, isave, dsave)
/home/adrianps/venvs/quantum_simulation/lib/python3.6/site-packages/scipy/optimize/optimize.py:705: ComplexWarning: Casting complex values to real discards the imaginary part
  grad[k] = df
/home/adrianps/venvs/quantum_simulation/lib/python3.6/site-packages/scipy/optimize/linesearch.py:172: ComplexWarning: Casting complex values to real discards the imaginary part
  amin, amax, isave, dsave)
/home/adrianps/venvs/quantum_simulation/lib/python3.6/site-packages/scipy/optimize/optimize.py:705: ComplexWarning: Casting complex values to real discards the imaginary part
  grad[k] = df
/home/adrianps/venvs/quantum_simulation/lib/python3.6/site-packages/scipy/optimize/linesearch.py:172: ComplexWarning: Casting complex values to real discards the imaginary part
  amin, amax, isave, dsave)
/home/adrianps/venvs/quantum_simulation/lib/python3.6/site-packages/scipy/optimize/optimize.py:705: ComplexWarning: Casting complex values to real discards the imaginary part
  grad[k] = df
/home/adrianps/venvs/quantum_simulation/lib/python3.6/site-packages/scipy/optimize/linesearch.py:172: ComplexWarning: Casting complex values to real discards the imaginary part
  amin, amax, isave, dsave)
/home/adrianps/venvs/quantum_simulation/lib/python3.6/site-packages/scipy/optimize/optimize.py:705: ComplexWarning: Casting complex values to real discards the imaginary part
  grad[k] = df
/home/adrianps/venvs/quantum_simulation/lib/python3.6/site-packages/scipy/optimize/linesearch.py:172: ComplexWarning: Casting complex values to real discards the imaginary part
  amin, amax, isave, dsave)
/home/adrianps/venvs/quantum_simulation/lib/python3.6/site-packages/scipy/optimize/optimize.py:705: ComplexWarning: Casting complex values to real discards the imaginary part
  grad[k] = df
/home/adrianps/venvs/quantum_simulation/lib/python3.6/site-packages/scipy/optimize/linesearch.py:172: ComplexWarning: Casting complex values to real discards the imaginary part
  amin, amax, isave, dsave)
/home/adrianps/Universal-Approximator/qibo_sim/classes/ApproximantNN.py:552: RuntimeWarning: More than 20 figures have been opened. Figures created through the pyplot interface (`matplotlib.pyplot.figure`) are retained until explicitly closed and may consume too much memory. (To control this warning, see the rcParam `figure.max_open_warning`).
  fig, axs = plt.subplots(nrows=2, figsize=(8,10))
/home/adrianps/venvs/quantum_simulation/lib/python3.6/site-packages/scipy/optimize/optimize.py:705: ComplexWarning: Casting complex values to real discards the imaginary part
  grad[k] = df
/home/adrianps/venvs/quantum_simulation/lib/python3.6/site-packages/scipy/optimize/linesearch.py:172: ComplexWarning: Casting complex values to real discards the imaginary part
  amin, amax, isave, dsave)
/home/adrianps/Universal-Approximator/qibo_sim/classes/ApproximantNN.py:577: RuntimeWarning: More than 20 figures have been opened. Figures created through the pyplot interface (`matplotlib.pyplot.figure`) are retained until explicitly closed and may consume too much memory. (To control this warning, see the rcParam `figure.max_open_warning`).
  fig, axs = plt.subplots(nrows=2, figsize=(8,10))
/home/adrianps/Universal-Approximator/qibo_sim/classes/ApproximantNN.py:552: RuntimeWarning: More than 20 figures have been opened. Figures created through the pyplot interface (`matplotlib.pyplot.figure`) are retained until explicitly closed and may consume too much memory. (To control this warning, see the rcParam `figure.max_open_warning`).
  fig, axs = plt.subplots(nrows=2, figsize=(8,10))
/home/adrianps/venvs/quantum_simulation/lib/python3.6/site-packages/scipy/optimize/optimize.py:705: ComplexWarning: Casting complex values to real discards the imaginary part
  grad[k] = df
/home/adrianps/venvs/quantum_simulation/lib/python3.6/site-packages/scipy/optimize/linesearch.py:172: ComplexWarning: Casting complex values to real discards the imaginary part
  amin, amax, isave, dsave)
/home/adrianps/Universal-Approximator/qibo_sim/classes/ApproximantNN.py:577: RuntimeWarning: More than 20 figures have been opened. Figures created through the pyplot interface (`matplotlib.pyplot.figure`) are retained until explicitly closed and may consume too much memory. (To control this warning, see the rcParam `figure.max_open_warning`).
  fig, axs = plt.subplots(nrows=2, figsize=(8,10))
termination on tolfun=1e-11 (Fri Nov 27 11:20:37 2020)
final/bestever f-value = 3.269468e-03 3.269468e-03
incumbent solution: [ 1.13211564e-06 -3.44642450e+00 -3.76966087e-02 -3.14159366e+00
 -7.85437676e+00 -2.60518953e-01 -3.14159284e+00  1.15250099e+01 ...]
std deviations: [6.99427591e-06 3.20992026e-05 6.58907037e-07 6.97920680e-06
 3.07540364e-05 3.24959142e-07 6.87428783e-07 3.47978853e-06 ...]
