cma
(3_w,6)-aCMA-ES (mu_w=2.0,w_1=63%) in dimension 2 (seed=579598, Fri Nov 27 10:01:46 2020)
Iterat #Fevals   function value  axis ratio  sigma  min&max std  t[m:s]
    1      6 5.720190076013428e-01 1.0e+00 1.35e+00  1e+00  2e+00 0:00.2
    2     12 5.855292824637062e-01 1.7e+00 1.33e+00  1e+00  2e+00 0:00.5
    3     18 6.053485783880309e-01 1.4e+00 1.10e+00  1e+00  1e+00 0:00.7
   16     96 5.431007167508848e-01 2.9e+00 1.27e-01  3e-02  5e-02 0:03.9
   33    198 5.430602360151103e-01 1.9e+00 1.45e-02  7e-04  1e-03 0:08.0
   54    324 5.430602091592464e-01 2.4e+00 6.08e-04  4e-06  8e-06 0:13.1
   72    432 5.430602091515729e-01 1.3e+00 2.30e-04  6e-07  8e-07 0:17.5
termination on tolfun=1e-11 (Fri Nov 27 10:02:04 2020)
final/bestever f-value = 5.430602e-01 5.430602e-01
incumbent solution: [1.0011306733133399e-07, 2.607564139867757]
std deviation: [6.013554007332963e-07, 7.696863178254889e-07]
cma
(3_w,6)-aCMA-ES (mu_w=2.0,w_1=63%) in dimension 2 (seed=634367, Fri Nov 27 10:02:04 2020)
Iterat #Fevals   function value  axis ratio  sigma  min&max std  t[m:s]
    1      6 8.013355670994827e-01 1.0e+00 9.20e-01  9e-01  9e-01 0:00.2
    2     12 5.562584727728711e-01 1.0e+00 1.01e+00  1e+00  1e+00 0:00.5
    3     18 7.979804699263772e-01 1.2e+00 1.06e+00  9e-01  1e+00 0:00.7
   16     96 5.431033100658244e-01 1.2e+00 1.38e-01  3e-02  4e-02 0:03.9
   33    198 5.430602234840196e-01 1.6e+00 9.48e-03  4e-04  7e-04 0:08.0
   54    324 5.430602091532933e-01 1.3e+00 3.67e-04  2e-06  4e-06 0:13.0
   70    420 5.430602091515734e-01 1.5e+00 7.16e-05  2e-07  2e-07 0:16.9
termination on tolfun=1e-11 (Fri Nov 27 10:02:21 2020)
final/bestever f-value = 5.430602e-01 5.430602e-01
incumbent solution: [1.495591724139663e-08, 2.6075638793976488]
std deviation: [1.5160600707221484e-07, 2.0182459184088348e-07]
cma
(4_w,8)-aCMA-ES (mu_w=2.6,w_1=52%) in dimension 5 (seed=509385, Fri Nov 27 10:02:22 2020)
Iterat #Fevals   function value  axis ratio  sigma  min&max std  t[m:s]
    1      8 5.006572234452835e-01 1.0e+00 9.54e-01  9e-01  1e+00 0:00.4
    2     16 8.360941417661620e-01 1.3e+00 1.04e+00  9e-01  1e+00 0:00.7
    3     24 5.762295488025474e-01 1.6e+00 1.17e+00  1e+00  1e+00 0:01.1
   12     96 3.438812976722649e-01 2.2e+00 8.41e-01  6e-01  1e+00 0:04.3
   24    192 3.702789555734420e-01 2.9e+00 7.04e-01  4e-01  8e-01 0:08.7
   38    304 1.563447083850413e-01 3.0e+00 2.83e-01  9e-02  2e-01 0:13.8
   55    440 1.213575023715215e-01 6.8e+00 3.67e-01  7e-02  4e-01 0:19.9
   75    600 7.449698649877014e-02 8.4e+00 1.71e-01  2e-02  1e-01 0:27.2
   97    776 7.359784601146989e-02 7.2e+00 2.14e-02  2e-03  8e-03 0:35.2
  100    800 7.359770772953840e-02 6.5e+00 1.40e-02  1e-03  5e-03 0:36.3
  128   1024 7.359719827258898e-02 3.9e+00 9.88e-04  4e-05  9e-05 0:46.5
  159   1272 7.359719632912129e-02 4.9e+00 4.23e-05  5e-07  2e-06 0:57.7
  174   1392 7.359719632851390e-02 6.6e+00 1.06e-05  1e-07  3e-07 1:03.2
termination on tolfun=1e-11 (Fri Nov 27 10:03:25 2020)
final/bestever f-value = 7.359720e-02 7.359720e-02
incumbent solution: [4.6137718278592943e-08, 2.5256220525217836, -5.327413459419319, -3.141592663019491, -5.106030281485191]
std deviation: [9.617644773633668e-08, 1.999435288204545e-07, 9.575256028219583e-08, 1.481631397523413e-07, 3.1045327918089973e-07]
cma
(4_w,8)-aCMA-ES (mu_w=2.6,w_1=52%) in dimension 5 (seed=519162, Fri Nov 27 10:03:26 2020)
Iterat #Fevals   function value  axis ratio  sigma  min&max std  t[m:s]
    1      8 1.314244722251844e+00 1.0e+00 8.72e-01  8e-01  9e-01 0:00.4
    2     16 7.254348463738184e-01 1.3e+00 9.68e-01  9e-01  1e+00 0:00.7
    3     24 4.151994707967308e-01 1.5e+00 1.13e+00  1e+00  1e+00 0:01.1
   12     96 3.030271831766889e-01 2.3e+00 7.23e-01  4e-01  8e-01 0:04.3
   24    192 1.418040595774579e-01 2.9e+00 2.68e-01  1e-01  2e-01 0:08.7
   38    304 1.267428418990737e-01 5.4e+00 1.06e-01  3e-02  9e-02 0:13.7
   55    440 1.242012372654427e-01 5.9e+00 2.43e-02  4e-03  1e-02 0:19.8
   75    600 1.241660726036609e-01 5.7e+00 4.07e-03  3e-04  1e-03 0:27.0
   98    784 1.241656934152031e-01 7.5e+00 6.51e-04  3e-05  1e-04 0:35.4
  100    800 1.241656927374623e-01 7.8e+00 4.79e-04  2e-05  8e-05 0:36.1
  128   1024 1.241656923820021e-01 6.6e+00 2.42e-05  5e-07  2e-06 0:46.2
  142   1136 1.241656923818059e-01 5.0e+00 5.83e-06  8e-08  2e-07 0:51.2
termination on tolfun=1e-11 (Fri Nov 27 10:04:17 2020)
final/bestever f-value = 1.241657e-01 1.241657e-01
incumbent solution: [1.6135008110709176e-08, 2.410455303519772, 0.7853981293866522, 3.4796390058450635e-08, 4.7182207902376316e-07]
std deviation: [8.447900804816465e-08, 2.0958564064294068e-07, 8.654075714642477e-08, 9.233909186642577e-08, 2.415436687671654e-07]
cma
(5_w,10)-aCMA-ES (mu_w=3.2,w_1=45%) in dimension 8 (seed=494350, Fri Nov 27 10:04:18 2020)
Iterat #Fevals   function value  axis ratio  sigma  min&max std  t[m:s]
    1     10 4.807070780542065e-01 1.0e+00 9.45e-01  9e-01  1e+00 0:00.5
    2     20 8.849910186845885e-01 1.2e+00 9.03e-01  9e-01  9e-01 0:01.0
    3     30 1.053422320276165e+00 1.3e+00 8.40e-01  8e-01  9e-01 0:01.5
    9     90 2.942215359760207e-01 1.8e+00 7.16e-01  6e-01  8e-01 0:04.5
   17    170 2.644118471185561e-01 1.9e+00 4.16e-01  3e-01  4e-01 0:08.5
   28    280 1.586991553652094e-01 2.8e+00 2.01e-01  1e-01  2e-01 0:14.0
   41    410 9.777461392402936e-02 4.7e+00 2.19e-01  1e-01  2e-01 0:20.5
   56    560 7.007727084975104e-02 5.9e+00 1.09e-01  5e-02  1e-01 0:27.9
   73    730 4.203280796929568e-02 8.1e+00 9.88e-02  4e-02  1e-01 0:36.4
   92    920 3.894909758200536e-02 1.0e+01 3.48e-02  1e-02  4e-02 0:45.8
  100   1000 3.879576344432128e-02 1.1e+01 1.74e-02  4e-03  2e-02 0:49.8
  123   1230 3.877612983415972e-02 1.2e+01 1.80e-03  3e-04  1e-03 1:01.3
  148   1480 3.877606217118459e-02 1.2e+01 3.27e-04  4e-05  2e-04 1:13.7
  175   1750 3.877606085240065e-02 1.2e+01 3.98e-05  3e-06  1e-05 1:27.1
  200   2000 3.877606083861181e-02 1.1e+01 7.18e-06  4e-07  2e-06 1:39.4
  211   2110 3.877606083831915e-02 1.1e+01 2.60e-06  1e-07  5e-07 1:44.9
termination on tolfun=1e-11 (Fri Nov 27 10:06:03 2020)
final/bestever f-value = 3.877606e-02 3.877606e-02
incumbent solution: [8.957293356469272e-09, -3.7364968418276683, -1.013442367678172, -3.1415926619860506, 4.9982326068673295, -1.0796232230011513, -1.4193949885268905e-07, -2.6421973859654875]
std deviation: [1.1083062748894384e-07, 3.0912319867586306e-07, 2.2308397830873627e-07, 1.7384570886098237e-07, 4.7638517994661726e-07, 1.1819791379263227e-07, 1.4496048867187812e-07, 4.032616047411766e-07]
cma
(5_w,10)-aCMA-ES (mu_w=3.2,w_1=45%) in dimension 8 (seed=565826, Fri Nov 27 10:06:03 2020)
Iterat #Fevals   function value  axis ratio  sigma  min&max std  t[m:s]
    1     10 1.257859249881511e+00 1.0e+00 1.09e+00  1e+00  1e+00 0:00.5
    2     20 2.215366511952070e-01 1.2e+00 1.09e+00  1e+00  1e+00 0:01.0
    3     30 8.036130876783714e-01 1.3e+00 1.04e+00  1e+00  1e+00 0:01.5
   10    100 3.880249399917959e-01 1.9e+00 9.76e-01  8e-01  1e+00 0:04.9
   19    190 6.834286843863004e-01 2.5e+00 9.58e-01  9e-01  1e+00 0:09.4
   30    300 3.349223676463532e-01 2.9e+00 6.74e-01  6e-01  7e-01 0:14.8
   43    430 1.498784138094017e-01 3.2e+00 2.79e-01  2e-01  3e-01 0:21.2
   58    580 1.303397121272281e-01 6.5e+00 1.65e-01  9e-02  2e-01 0:28.6
   75    750 1.187685305513079e-01 8.5e+00 1.19e-01  5e-02  2e-01 0:37.0
   94    940 8.079703927383521e-02 1.2e+01 2.15e-01  7e-02  3e-01 0:46.4
  100   1000 6.560624942036036e-02 1.3e+01 1.68e-01  5e-02  2e-01 0:49.4
  123   1230 3.982328854194911e-02 1.1e+01 1.32e-01  3e-02  1e-01 1:00.8
  148   1480 3.880013738033591e-02 1.1e+01 2.32e-02  4e-03  2e-02 1:13.3
  175   1750 3.877623568303292e-02 1.2e+01 2.96e-03  3e-04  1e-03 1:26.7
  200   2000 3.877606212676102e-02 1.2e+01 3.68e-04  3e-05  1e-04 1:39.1
  231   2310 3.877606084248696e-02 1.0e+01 2.74e-05  1e-06  5e-06 1:54.5
  259   2590 3.877606083830155e-02 1.2e+01 2.20e-06  7e-08  3e-07 2:08.5
termination on tolfun=1e-11 (Fri Nov 27 10:08:12 2020)
final/bestever f-value = 3.877606e-02 3.877606e-02
incumbent solution: [3.1415926041491087, -3.7364969327484054, 1.0134419617868622, 3.141592663258276, 4.998232846277998, 1.0796231959127829, -3.1415925964514115, -2.642197505407609]
std deviation: [7.94656671173954e-08, 1.8942378443192166e-07, 1.1976020220528312e-07, 1.0112466028498726e-07, 2.9473696510786896e-07, 7.303583834249485e-08, 9.852976901309353e-08, 2.5843046304432635e-07]
cma
(5_w,11)-aCMA-ES (mu_w=3.4,w_1=42%) in dimension 11 (seed=560486, Fri Nov 27 10:08:13 2020)
Iterat #Fevals   function value  axis ratio  sigma  min&max std  t[m:s]
    1     11 1.403754843415184e+00 1.0e+00 9.30e-01  9e-01  9e-01 0:00.6
    2     22 8.618228078394480e-01 1.1e+00 9.15e-01  9e-01  9e-01 0:01.2
    3     33 6.609915195416002e-01 1.2e+00 8.97e-01  8e-01  9e-01 0:01.8
    8     88 8.364212025056050e-01 1.6e+00 1.20e+00  1e+00  1e+00 0:04.8
   15    165 8.145844743059369e-01 2.2e+00 1.21e+00  1e+00  1e+00 0:09.1
   24    264 6.122306284097141e-01 2.6e+00 9.72e-01  8e-01  1e+00 0:14.5
   34    374 1.006824846729176e+00 3.4e+00 1.38e+00  1e+00  2e+00 0:20.6
   46    506 1.377468607652543e+00 4.0e+00 1.21e+00  9e-01  1e+00 0:27.8
   60    660 7.812784423019303e-01 4.0e+00 8.07e-01  5e-01  9e-01 0:36.3
   75    825 2.546667928948529e-01 4.3e+00 4.79e-01  3e-01  5e-01 0:45.4
   92   1012 9.895770257626188e-02 4.3e+00 1.65e-01  9e-02  2e-01 0:55.7
  100   1100 6.787519789650051e-02 6.4e+00 2.49e-01  1e-01  3e-01 1:00.5
  120   1320 4.517757405210416e-02 6.4e+00 1.40e-01  6e-02  2e-01 1:12.6
  142   1562 3.870333771412306e-02 7.7e+00 4.17e-02  1e-02  5e-02 1:26.0
  166   1826 3.695261636668865e-02 1.2e+01 3.06e-02  8e-03  4e-02 1:40.5
  191   2101 3.664625788308744e-02 1.8e+01 1.57e-02  3e-03  2e-02 1:55.6
  200   2200 3.657983836354504e-02 1.9e+01 1.61e-02  3e-03  2e-02 2:01.1
  229   2519 3.642706193839113e-02 3.2e+01 1.84e-02  3e-03  3e-02 2:18.6
  259   2849 3.634715624652575e-02 6.8e+01 1.32e-02  2e-03  3e-02 2:36.8
  291   3201 3.633506759140667e-02 6.2e+01 3.65e-03  4e-04  8e-03 2:56.2
  300   3300 3.633392584737163e-02 6.0e+01 4.71e-03  5e-04  9e-03 3:01.6
  335   3685 3.633088369804656e-02 6.8e+01 3.28e-03  3e-04  5e-03 3:22.8
  372   4092 3.633082208099250e-02 7.6e+01 3.10e-04  2e-05  4e-04 3:45.2
  400   4400 3.633082148503604e-02 7.3e+01 5.98e-05  3e-06  6e-05 4:02.2
  440   4840 3.633082147512409e-02 7.7e+01 4.09e-06  1e-07  3e-06 4:26.3
  443   4873 3.633082147509667e-02 7.6e+01 3.11e-06  9e-08  2e-06 4:28.1
termination on tolfun=1e-11 (Fri Nov 27 10:12:42 2020)
final/bestever f-value = 3.633082e-02 3.633082e-02
incumbent solution: [ 3.14159286 -2.71930332 -1.88405365  9.42477909 -5.59446894 -6.49831966
 -6.28318665 10.86251337 ...]
std deviations: [2.01186975e-07 2.91427165e-07 1.44647148e-07 1.82818363e-06
 1.88310964e-06 9.83788911e-08 2.02598331e-06 2.12633235e-06 ...]
cma
(5_w,11)-aCMA-ES (mu_w=3.4,w_1=42%) in dimension 11 (seed=558372, Fri Nov 27 10:12:43 2020)
Iterat #Fevals   function value  axis ratio  sigma  min&max std  t[m:s]
    1     11 3.630293967647618e-01 1.0e+00 8.89e-01  8e-01  9e-01 0:00.6
    2     22 7.311526851436985e-01 1.1e+00 8.15e-01  8e-01  8e-01 0:01.2
    3     33 1.264836267267874e+00 1.2e+00 7.58e-01  7e-01  8e-01 0:01.8
    9     99 4.906892302682838e-01 1.7e+00 6.93e-01  6e-01  8e-01 0:05.4
   16    176 2.737969589866275e-01 2.1e+00 5.83e-01  5e-01  7e-01 0:09.5
   25    275 2.095495595827875e-01 2.6e+00 3.72e-01  3e-01  4e-01 0:14.9
   36    396 1.616591775553864e-01 3.3e+00 2.61e-01  2e-01  3e-01 0:21.4
   48    528 1.434822041597656e-01 4.7e+00 1.70e-01  1e-01  2e-01 0:28.5
   62    682 1.290394430127393e-01 5.8e+00 9.07e-02  5e-02  1e-01 0:36.9
   78    858 1.248566200809112e-01 7.9e+00 4.08e-02  2e-02  5e-02 0:46.4
   95   1045 1.242162763209776e-01 1.1e+01 1.79e-02  7e-03  3e-02 0:56.5
  100   1100 1.241818002505965e-01 1.2e+01 1.23e-02  4e-03  2e-02 0:59.5
  121   1331 1.241205825233042e-01 1.4e+01 5.51e-03  2e-03  7e-03 1:12.0
  143   1573 1.239914771329961e-01 2.2e+01 1.95e-02  9e-03  2e-02 1:25.1
  167   1837 1.223330200774115e-01 3.3e+01 5.36e-02  3e-02  8e-02 1:39.4
  193   2123 1.170551735991898e-01 2.5e+01 9.02e-02  3e-02  1e-01 1:54.8
  200   2200 1.137569636780903e-01 2.7e+01 7.22e-02  2e-02  9e-02 1:59.0
  229   2519 8.114707553187718e-02 2.5e+01 1.13e-01  3e-02  1e-01 2:16.3
  260   2860 6.517164566720499e-02 2.0e+01 1.16e-01  2e-02  9e-02 2:34.7
  292   3212 6.169946666261753e-02 1.6e+01 9.22e-02  1e-02  5e-02 2:53.8
  300   3300 6.197364292329351e-02 1.6e+01 8.04e-02  1e-02  4e-02 2:58.6
  336   3696 5.983623269612688e-02 1.5e+01 8.90e-02  1e-02  4e-02 3:20.0
  373   4103 5.921413877246678e-02 1.9e+01 3.65e-02  4e-03  1e-02 3:42.1
  400   4400 5.919811253766689e-02 1.9e+01 5.91e-03  5e-04  2e-03 3:58.2
  441   4851 5.919791867945418e-02 1.9e+01 9.52e-04  6e-05  3e-04 4:22.6
  484   5324 5.919725070648597e-02 5.5e+01 7.38e-03  3e-04  5e-03 4:48.1
  500   5500 5.919630107202651e-02 8.8e+01 1.19e-02  5e-04  1e-02 4:57.7
  546   6006 5.919327227381523e-02 9.7e+01 1.59e-02  5e-04  1e-02 5:24.9
  594   6534 5.919115676421332e-02 7.1e+01 1.48e-02  3e-04  6e-03 5:53.3
  600   6600 5.919072276957165e-02 6.9e+01 1.19e-02  3e-04  4e-03 5:56.9
  651   7161 5.918696180172898e-02 8.9e+01 1.55e-02  3e-04  6e-03 6:27.1
  700   7700 5.918286165083741e-02 8.6e+01 3.05e-02  4e-04  9e-03 6:56.1
  755   8305 5.917613235306925e-02 8.2e+01 5.82e-02  6e-04  1e-02 7:28.6
  800   8800 5.916955589138996e-02 6.4e+01 6.47e-02  5e-04  1e-02 7:55.2
  858   9438 5.915641711782679e-02 7.4e+01 8.87e-02  5e-04  1e-02 8:29.5
  900   9900 5.915164398235771e-02 7.4e+01 6.40e-02  3e-04  7e-03 8:54.5
  961  10571 5.915110490052303e-02 7.8e+01 2.65e-03  8e-06  2e-04 9:30.8
 1000  11000 5.915110477723704e-02 7.5e+01 2.19e-04  5e-07  1e-05 9:54.0
Iterat #Fevals   function value  axis ratio  sigma  min&max std  t[m:s]
 1014  11154 5.915110477685357e-02 8.0e+01 9.95e-05  2e-07  4e-06 10:02.3
termination on tolfun=1e-11 (Fri Nov 27 10:22:46 2020)
final/bestever f-value = 5.915110e-02 5.915110e-02
incumbent solution: [ 1.28546127 -0.14119343 -0.95036777  0.62899807  5.2742605   2.09619667
  0.87392621  2.52980169 ...]
std deviations: [2.38777428e-06 1.36243858e-06 9.49346457e-07 4.12501379e-06
 2.43293386e-06 3.53871505e-07 2.10657046e-07 4.63742738e-07 ...]
cma
(5_w,11)-aCMA-ES (mu_w=3.4,w_1=42%) in dimension 14 (seed=482823, Fri Nov 27 10:22:48 2020)
Iterat #Fevals   function value  axis ratio  sigma  min&max std  t[m:s]
    1     11 7.565357518093457e-01 1.0e+00 9.65e-01  9e-01  1e+00 0:00.7
    2     22 6.402039742723561e-01 1.2e+00 9.38e-01  9e-01  1e+00 0:01.3
    3     33 1.026020874035998e+00 1.2e+00 9.16e-01  9e-01  1e+00 0:02.0
    8     88 6.379440994698183e-01 1.5e+00 9.48e-01  8e-01  1e+00 0:05.2
   15    165 8.724560263961817e-01 1.8e+00 8.96e-01  8e-01  1e+00 0:09.8
   23    253 6.645931994086846e-01 1.9e+00 1.25e+00  1e+00  2e+00 0:15.1
   33    363 1.318866134896285e+00 2.2e+00 1.79e+00  2e+00  2e+00 0:21.7
   44    484 9.967161608938229e-01 2.4e+00 2.15e+00  2e+00  3e+00 0:28.9
   57    627 1.339033738533950e+00 2.8e+00 1.87e+00  1e+00  2e+00 0:37.4
   71    781 9.839878176788576e-01 2.7e+00 1.83e+00  1e+00  2e+00 0:46.7
   87    957 1.173194095401398e+00 3.8e+00 2.28e+00  2e+00  3e+00 0:57.2
  100   1100 6.160483436221885e-01 4.3e+00 2.01e+00  2e+00  3e+00 1:05.7
  119   1309 8.705694586510838e-01 4.0e+00 1.90e+00  1e+00  3e+00 1:18.1
  139   1529 1.047663906610381e+00 4.1e+00 1.96e+00  1e+00  3e+00 1:31.3
  161   1771 1.262586625117563e+00 4.8e+00 2.02e+00  2e+00  3e+00 1:45.7
  184   2024 7.447462484362366e-01 5.9e+00 1.95e+00  2e+00  3e+00 2:00.8
  200   2200 9.349432974581332e-01 6.8e+00 3.17e+00  2e+00  5e+00 2:11.3
  226   2486 1.386192186459482e+00 6.5e+00 2.25e+00  2e+00  3e+00 2:28.4
  254   2794 1.366177315810281e+00 7.5e+00 2.47e+00  2e+00  3e+00 2:46.8
  283   3113 1.265846710787160e+00 8.6e+00 2.06e+00  1e+00  3e+00 3:05.8
  300   3300 9.199458582393057e-01 9.7e+00 2.15e+00  1e+00  3e+00 3:17.0
  332   3652 1.343074418908533e+00 1.3e+01 1.50e+00  1e+00  2e+00 3:38.0
  366   4026 1.044426240891885e+00 1.7e+01 1.06e+00  7e-01  2e+00 4:00.4
  400   4400 1.221787664873257e+00 1.6e+01 1.18e+00  8e-01  2e+00 4:22.7
  437   4807 1.067959855683691e+00 2.1e+01 6.21e-01  4e-01  9e-01 4:47.0
  476   5236 6.157401938979420e-01 1.4e+01 2.17e-01  1e-01  2e-01 5:12.6
  500   5500 3.815399640122876e-01 1.2e+01 1.81e-01  8e-02  2e-01 5:28.1
  542   5962 1.411982287270281e-01 1.3e+01 2.21e-01  7e-02  2e-01 5:55.2
  586   6446 1.045645357519282e-01 1.3e+01 7.61e-02  2e-02  6e-02 6:23.6
  600   6600 1.035462789165002e-01 1.3e+01 8.11e-02  2e-02  7e-02 6:32.6
  647   7117 9.907822943017404e-02 1.8e+01 9.24e-02  1e-02  8e-02 7:02.9
  696   7656 8.623464808302507e-02 2.3e+01 1.42e-01  2e-02  2e-01 7:34.5
  700   7700 8.451335907802469e-02 2.3e+01 1.49e-01  2e-02  2e-01 7:37.1
  752   8272 6.462139476131271e-02 2.2e+01 2.40e-01  2e-02  2e-01 8:10.6
  800   8800 3.473952821852563e-02 2.4e+01 3.85e-01  3e-02  3e-01 8:41.6
  855   9405 2.281171333737118e-02 3.1e+01 1.22e-01  7e-03  1e-01 9:17.0
  900   9900 2.207585250872741e-02 4.2e+01 4.02e-02  2e-03  3e-02 9:46.0
  958  10538 2.198032967491083e-02 4.9e+01 3.07e-02  1e-03  2e-02 10:23.4
 1000  11000 2.187237528403370e-02 7.0e+01 6.43e-02  3e-03  5e-02 10:50.6
Iterat #Fevals   function value  axis ratio  sigma  min&max std  t[m:s]
 1061  11671 2.185393547983370e-02 7.9e+01 2.93e-03  9e-05  2e-03 11:29.8
 1100  12100 2.185391095255937e-02 7.4e+01 6.14e-04  2e-05  3e-04 11:54.9
 1164  12804 2.185390997865439e-02 7.8e+01 1.60e-05  3e-07  6e-06 12:36.0
 1181  12991 2.185390997828451e-02 7.9e+01 6.25e-06  1e-07  2e-06 12:47.0
termination on tolfun=1e-11 (Fri Nov 27 10:35:36 2020)
final/bestever f-value = 2.185391e-02 2.185391e-02
incumbent solution: [ 15.70796319   2.79440358 -17.7558883    6.28318621 -10.69017397
  28.1382305  -28.27433266   6.49907242 ...]
std deviations: [1.51383508e-07 2.90132035e-07 1.47834069e-07 1.21513874e-06
 1.59686761e-06 1.36739122e-07 1.47966937e-06 2.20910848e-06 ...]
cma
(5_w,11)-aCMA-ES (mu_w=3.4,w_1=42%) in dimension 14 (seed=570604, Fri Nov 27 10:35:38 2020)
Iterat #Fevals   function value  axis ratio  sigma  min&max std  t[m:s]
    1     11 7.024664460851298e-01 1.0e+00 9.26e-01  9e-01  9e-01 0:00.6
    2     22 9.990169198935120e-01 1.1e+00 9.29e-01  9e-01  9e-01 0:01.3
    3     33 4.163372988841829e-01 1.2e+00 9.23e-01  9e-01  9e-01 0:01.9
    8     88 9.046627506409513e-01 1.4e+00 7.76e-01  7e-01  8e-01 0:05.1
   15    165 7.779613519091698e-01 1.5e+00 7.12e-01  7e-01  7e-01 0:09.6
   23    253 7.678660414948599e-01 1.7e+00 7.78e-01  7e-01  8e-01 0:14.7
   33    363 5.380621181048257e-01 1.8e+00 6.13e-01  5e-01  7e-01 0:21.1
   44    484 4.837914649438073e-01 2.2e+00 4.01e-01  3e-01  4e-01 0:28.2
   57    627 1.705429221659800e-01 2.3e+00 2.59e-01  2e-01  3e-01 0:36.5
   72    792 1.479564676790257e-01 2.4e+00 1.56e-01  1e-01  2e-01 0:46.1
   88    968 1.269742066395681e-01 3.4e+00 7.31e-02  5e-02  7e-02 0:56.3
  100   1100 1.256385635198957e-01 4.2e+00 4.23e-02  3e-02  4e-02 1:04.0
  119   1309 1.247727814138000e-01 5.9e+00 2.11e-02  1e-02  2e-02 1:16.1
  140   1540 1.243730218178824e-01 1.0e+01 1.83e-02  9e-03  2e-02 1:29.6
  162   1782 1.239133673118319e-01 1.5e+01 1.84e-02  8e-03  3e-02 1:43.8
  186   2046 1.226509634078479e-01 2.4e+01 3.71e-02  1e-02  7e-02 1:59.2
  200   2200 1.061899519025026e-01 2.7e+01 1.47e-01  6e-02  3e-01 2:08.2
  227   2497 7.160326115706267e-02 2.0e+01 1.40e-01  5e-02  2e-01 2:25.5
  256   2816 5.284443160514325e-02 1.5e+01 1.14e-01  4e-02  1e-01 2:44.2
  286   3146 4.572655518046458e-02 1.4e+01 6.07e-02  2e-02  5e-02 3:03.5
  300   3300 4.298039215307155e-02 1.4e+01 6.34e-02  2e-02  5e-02 3:12.5
  333   3663 4.164190654698231e-02 1.4e+01 4.95e-02  1e-02  4e-02 3:33.7
  368   4048 4.126331145720605e-02 1.7e+01 2.15e-02  4e-03  2e-02 3:56.1
  400   4400 4.092480630233099e-02 2.1e+01 3.12e-02  6e-03  2e-02 4:16.7
  438   4818 3.926419220999912e-02 3.7e+01 6.62e-02  1e-02  8e-02 4:41.1
  478   5258 3.841062504689398e-02 4.5e+01 3.87e-02  4e-03  5e-02 5:06.5
  500   5500 3.786331189924921e-02 5.6e+01 5.36e-02  6e-03  8e-02 5:20.5
  543   5973 2.669481474173769e-02 5.8e+01 1.69e-01  2e-02  2e-01 5:47.9
  587   6457 2.472731314097873e-02 6.0e+01 1.01e-01  9e-03  1e-01 6:15.9
  600   6600 2.456552494246416e-02 6.9e+01 1.21e-01  9e-03  2e-01 6:24.2
  648   7128 2.127702195948200e-02 5.9e+01 2.02e-01  1e-02  2e-01 6:54.8
  697   7667 1.601657487608447e-02 5.2e+01 1.81e-01  9e-03  1e-01 7:26.0
  700   7700 1.556664622059502e-02 5.3e+01 2.21e-01  1e-02  2e-01 7:27.9
  752   8272 9.915932146330035e-03 1.0e+02 2.20e-01  1e-02  2e-01 8:01.0
  800   8800 6.716013974654240e-03 1.0e+02 8.59e-02  4e-03  9e-02 8:31.6
  856   9416 6.592755627630823e-03 7.6e+01 3.38e-02  1e-03  2e-02 9:07.2
  900   9900 6.563411986344193e-03 1.1e+02 2.90e-02  8e-04  2e-02 9:35.2
  959  10549 6.558066890728136e-03 1.4e+02 4.13e-03  8e-05  3e-03 10:12.5
 1000  11000 6.558046814541461e-03 1.5e+02 3.50e-04  6e-06  2e-04 10:38.4
Iterat #Fevals   function value  axis ratio  sigma  min&max std  t[m:s]
 1062  11682 6.558046747786116e-03 1.6e+02 1.51e-05  2e-07  7e-06 11:17.7
 1072  11792 6.558046747736867e-03 1.6e+02 9.35e-06  1e-07  4e-06 11:24.0
termination on tolfun=1e-11 (Fri Nov 27 10:47:03 2020)
final/bestever f-value = 6.558047e-03 6.558047e-03
incumbent solution: [ 3.15577166e+00  1.44264764e+01  4.17282904e+00  6.28804688e+00
  1.47100214e-06 -4.51574020e+00 -3.15399649e+00 -5.72470661e+00 ...]
std deviations: [2.36556008e-06 4.02202281e-06 1.18844082e-06 8.12871417e-07
 1.32376559e-06 1.18854242e-06 2.06035771e-06 3.49699460e-06 ...]
cma
(6_w,12)-aCMA-ES (mu_w=3.7,w_1=40%) in dimension 17 (seed=520187, Fri Nov 27 10:47:06 2020)
Iterat #Fevals   function value  axis ratio  sigma  min&max std  t[m:s]
    1     12 9.363162379584661e-01 1.0e+00 9.39e-01  9e-01  1e+00 0:00.8
    2     24 4.535656417035468e-01 1.1e+00 9.10e-01  9e-01  9e-01 0:01.5
    3     36 5.868692124564387e-01 1.2e+00 8.88e-01  9e-01  9e-01 0:02.3
    7     84 3.444401596915078e-01 1.3e+00 9.04e-01  9e-01  9e-01 0:05.3
   13    156 8.871094852286338e-01 1.6e+00 9.65e-01  9e-01  1e+00 0:09.9
   20    240 9.315020331124036e-01 1.6e+00 8.46e-01  8e-01  9e-01 0:15.1
   28    336 1.383197218040239e+00 1.8e+00 1.05e+00  1e+00  1e+00 0:21.1
   38    456 7.222243742251183e-01 1.9e+00 9.65e-01  9e-01  1e+00 0:28.7
   49    588 1.116917745336939e+00 2.1e+00 1.00e+00  9e-01  1e+00 0:37.0
   61    732 9.470439002424647e-01 2.3e+00 9.44e-01  8e-01  1e+00 0:46.0
   75    900 1.112106849185827e+00 2.6e+00 7.43e-01  6e-01  9e-01 0:56.6
   90   1080 7.013791616549048e-01 2.6e+00 4.69e-01  4e-01  5e-01 1:07.9
  100   1200 7.865130395065524e-01 2.6e+00 4.36e-01  3e-01  5e-01 1:15.5
  118   1416 6.745129120478608e-01 2.8e+00 2.42e-01  2e-01  3e-01 1:29.0
  137   1644 3.759575960252662e-01 3.6e+00 2.60e-01  2e-01  3e-01 1:43.3
  157   1884 1.637890636451159e-01 3.6e+00 2.14e-01  1e-01  2e-01 1:58.3
  179   2148 9.493771298785600e-02 4.0e+00 1.25e-01  8e-02  1e-01 2:14.9
  200   2400 5.691742765765832e-02 4.3e+00 6.79e-02  4e-02  7e-02 2:30.7
  224   2688 5.380470826004991e-02 4.9e+00 4.43e-02  2e-02  4e-02 2:48.8
  250   3000 5.037767720586557e-02 6.4e+00 3.39e-02  2e-02  4e-02 3:08.3
  277   3324 4.366033900860389e-02 1.0e+01 7.61e-02  3e-02  1e-01 3:28.6
  300   3600 3.778687723320411e-02 1.4e+01 4.14e-02  2e-02  7e-02 3:45.9
  330   3960 3.543100288735505e-02 1.8e+01 4.95e-02  2e-02  9e-02 4:08.4
  361   4332 3.384933745416227e-02 1.7e+01 2.62e-02  1e-02  4e-02 4:31.7
  393   4716 3.311015763098379e-02 1.6e+01 1.81e-02  7e-03  2e-02 4:55.8
  400   4800 3.307838437197589e-02 1.7e+01 1.62e-02  6e-03  2e-02 5:01.0
  435   5220 3.298756310827427e-02 1.7e+01 8.46e-03  2e-03  1e-02 5:27.3
  472   5664 3.250920638543148e-02 3.6e+01 3.53e-02  8e-03  9e-02 5:55.0
  500   6000 3.177686614988211e-02 3.9e+01 3.55e-02  8e-03  9e-02 6:16.0
  539   6468 3.026175314800144e-02 3.7e+01 5.17e-02  1e-02  1e-01 6:45.2
  579   6948 2.578215782475249e-02 4.0e+01 7.25e-02  1e-02  1e-01 7:15.3
  600   7200 2.320551989394032e-02 3.7e+01 9.03e-02  1e-02  2e-01 7:31.0
  643   7716 2.003703828540051e-02 4.0e+01 1.19e-01  2e-02  2e-01 8:03.3
  688   8256 1.770932124172462e-02 3.8e+01 2.77e-02  4e-03  5e-02 8:36.8
  700   8400 1.768105006836868e-02 3.7e+01 1.89e-02  2e-03  3e-02 8:45.6
  748   8976 1.764241921468102e-02 3.4e+01 3.91e-03  4e-04  5e-03 9:21.0
  797   9564 1.764173365524618e-02 3.5e+01 3.29e-04  3e-05  4e-04 9:57.2
  800   9600 1.764173163046424e-02 3.4e+01 2.78e-04  2e-05  3e-04 9:59.4
  852  10224 1.764173028791729e-02 2.9e+01 2.52e-05  2e-06  2e-05 10:37.7
  900  10800 1.764173027216650e-02 3.0e+01 2.05e-06  1e-07  1e-06 11:13.0
  907  10884 1.764173027216452e-02 3.0e+01 1.42e-06  8e-08  1e-06 11:18.1
termination on tolfun=1e-11 (Fri Nov 27 10:58:25 2020)
final/bestever f-value = 1.764173e-02 1.764173e-02
incumbent solution: [-5.23670528e+00  2.76142878e+00  1.05952870e+01  4.36981484e+00
  5.53666638e+00 -2.26091140e+00 -1.56013625e+00 -2.71291430e-03 ...]
std deviations: [1.64184069e-07 1.99629898e-07 2.64623028e-07 5.32705158e-07
 3.43865505e-07 2.23737602e-07 5.19714251e-07 2.54444096e-07 ...]
cma
(6_w,12)-aCMA-ES (mu_w=3.7,w_1=40%) in dimension 17 (seed=505967, Fri Nov 27 10:58:28 2020)
Iterat #Fevals   function value  axis ratio  sigma  min&max std  t[m:s]
    1     12 4.843846771067055e-01 1.0e+00 9.19e-01  9e-01  9e-01 0:00.7
    2     24 5.908446317585544e-01 1.1e+00 9.02e-01  9e-01  9e-01 0:01.5
    3     36 8.639465428025048e-01 1.1e+00 8.89e-01  9e-01  9e-01 0:02.2
    8     96 6.510355064377696e-01 1.3e+00 8.78e-01  8e-01  9e-01 0:05.9
   14    168 1.082653334922938e+00 1.5e+00 8.97e-01  8e-01  1e+00 0:10.3
   21    252 7.737682017339378e-01 1.8e+00 8.11e-01  7e-01  9e-01 0:15.4
   30    360 7.697090116267203e-01 1.9e+00 7.66e-01  7e-01  9e-01 0:22.1
   40    480 7.474550178783249e-01 2.1e+00 5.78e-01  5e-01  7e-01 0:29.4
   51    612 3.417607323791763e-01 2.2e+00 4.96e-01  4e-01  6e-01 0:37.5
   64    768 4.695688424406667e-01 2.5e+00 4.24e-01  3e-01  5e-01 0:47.1
   78    936 2.665261410385000e-01 2.6e+00 3.20e-01  3e-01  3e-01 0:57.3
   93   1116 1.466412004350079e-01 2.7e+00 1.91e-01  1e-01  2e-01 1:08.4
  100   1200 1.223234673052703e-01 2.9e+00 1.30e-01  1e-01  1e-01 1:13.5
  118   1416 1.094147190088363e-01 3.2e+00 8.77e-02  6e-02  1e-01 1:26.8
  138   1656 9.786987217052909e-02 4.1e+00 6.89e-02  4e-02  7e-02 1:41.5
  159   1908 7.225003909761633e-02 6.3e+00 9.67e-02  5e-02  1e-01 1:56.9
  181   2172 5.503658789411148e-02 8.7e+00 6.44e-02  4e-02  1e-01 2:13.2
  200   2400 4.412900814630261e-02 8.4e+00 7.24e-02  4e-02  1e-01 2:27.1
  225   2700 3.789445744593050e-02 8.7e+00 4.17e-02  2e-02  5e-02 2:45.5
  251   3012 3.566566745599763e-02 9.9e+00 2.07e-02  8e-03  2e-02 3:04.6
  279   3348 3.531725628017832e-02 1.2e+01 2.22e-02  8e-03  3e-02 3:25.2
  300   3600 3.421740417790457e-02 1.9e+01 3.38e-02  1e-02  5e-02 3:40.7
  330   3960 2.874574753634726e-02 2.6e+01 5.67e-02  2e-02  9e-02 4:02.7
  362   4344 2.731864674762748e-02 2.4e+01 2.66e-02  9e-03  4e-02 4:26.3
  395   4740 2.528172401835949e-02 2.5e+01 3.99e-02  1e-02  6e-02 4:50.6
  400   4800 2.516433764879751e-02 2.6e+01 3.63e-02  1e-02  5e-02 4:54.3
  436   5232 2.397946392310482e-02 3.2e+01 3.19e-02  9e-03  5e-02 5:20.8
  473   5676 2.119970793917543e-02 2.9e+01 5.12e-02  1e-02  8e-02 5:48.0
  500   6000 2.016752391942513e-02 2.9e+01 3.87e-02  9e-03  6e-02 6:07.9
  540   6480 1.888487191506431e-02 2.9e+01 3.65e-02  7e-03  4e-02 6:37.3
  581   6972 1.698781212272297e-02 2.7e+01 4.57e-02  8e-03  5e-02 7:07.6
  600   7200 1.617083269142087e-02 3.3e+01 4.74e-02  8e-03  7e-02 7:21.5
  644   7728 1.525772084358200e-02 4.9e+01 4.07e-02  7e-03  6e-02 7:54.0
  690   8280 1.433231081817521e-02 4.8e+01 3.59e-02  6e-03  5e-02 8:27.7
  700   8400 1.418711316281932e-02 5.4e+01 4.03e-02  7e-03  6e-02 8:35.0
  748   8976 1.018170297650491e-02 5.8e+01 8.37e-02  1e-02  1e-01 9:10.1
  798   9576 7.606649070591148e-03 5.7e+01 6.80e-02  8e-03  1e-01 9:46.6
  800   9600 7.531025276459014e-03 5.5e+01 6.61e-02  8e-03  9e-02 9:48.0
  853  10236 6.889190073733753e-03 3.7e+01 2.93e-02  3e-03  3e-02 10:26.6
  900  10800 6.814316462545844e-03 3.2e+01 1.54e-02  2e-03  1e-02 11:00.9
  955  11460 6.808284400251047e-03 2.9e+01 1.74e-03  2e-04  9e-04 11:41.0
 1000  12000 6.808192010578171e-03 3.1e+01 2.02e-04  2e-05  9e-05 12:13.8
Iterat #Fevals   function value  axis ratio  sigma  min&max std  t[m:s]
 1058  12696 6.808191454946690e-03 2.9e+01 2.09e-05  1e-06  7e-06 12:56.0
 1100  13200 6.808191450911267e-03 3.1e+01 3.03e-06  2e-07  9e-07 13:26.6
 1102  13224 6.808191450907454e-03 3.2e+01 2.77e-06  2e-07  8e-07 13:28.1
/home/adrianps/venvs/quantum_simulation/lib/python3.6/site-packages/scipy/optimize/optimize.py:705: ComplexWarning: Casting complex values to real discards the imaginary part
  grad[k] = df
/home/adrianps/venvs/quantum_simulation/lib/python3.6/site-packages/scipy/optimize/linesearch.py:172: ComplexWarning: Casting complex values to real discards the imaginary part
  amin, amax, isave, dsave)
/home/adrianps/venvs/quantum_simulation/lib/python3.6/site-packages/scipy/optimize/optimize.py:705: ComplexWarning: Casting complex values to real discards the imaginary part
  grad[k] = df
/home/adrianps/venvs/quantum_simulation/lib/python3.6/site-packages/scipy/optimize/linesearch.py:172: ComplexWarning: Casting complex values to real discards the imaginary part
  amin, amax, isave, dsave)
/home/adrianps/venvs/quantum_simulation/lib/python3.6/site-packages/scipy/optimize/optimize.py:705: ComplexWarning: Casting complex values to real discards the imaginary part
  grad[k] = df
/home/adrianps/venvs/quantum_simulation/lib/python3.6/site-packages/scipy/optimize/linesearch.py:172: ComplexWarning: Casting complex values to real discards the imaginary part
  amin, amax, isave, dsave)
/home/adrianps/venvs/quantum_simulation/lib/python3.6/site-packages/scipy/optimize/optimize.py:705: ComplexWarning: Casting complex values to real discards the imaginary part
  grad[k] = df
/home/adrianps/venvs/quantum_simulation/lib/python3.6/site-packages/scipy/optimize/linesearch.py:172: ComplexWarning: Casting complex values to real discards the imaginary part
  amin, amax, isave, dsave)
/home/adrianps/venvs/quantum_simulation/lib/python3.6/site-packages/scipy/optimize/optimize.py:705: ComplexWarning: Casting complex values to real discards the imaginary part
  grad[k] = df
/home/adrianps/venvs/quantum_simulation/lib/python3.6/site-packages/scipy/optimize/linesearch.py:172: ComplexWarning: Casting complex values to real discards the imaginary part
  amin, amax, isave, dsave)
/home/adrianps/venvs/quantum_simulation/lib/python3.6/site-packages/scipy/optimize/optimize.py:705: ComplexWarning: Casting complex values to real discards the imaginary part
  grad[k] = df
/home/adrianps/venvs/quantum_simulation/lib/python3.6/site-packages/scipy/optimize/linesearch.py:172: ComplexWarning: Casting complex values to real discards the imaginary part
  amin, amax, isave, dsave)
/home/adrianps/venvs/quantum_simulation/lib/python3.6/site-packages/scipy/optimize/optimize.py:705: ComplexWarning: Casting complex values to real discards the imaginary part
  grad[k] = df
/home/adrianps/venvs/quantum_simulation/lib/python3.6/site-packages/scipy/optimize/linesearch.py:172: ComplexWarning: Casting complex values to real discards the imaginary part
  amin, amax, isave, dsave)
/home/adrianps/venvs/quantum_simulation/lib/python3.6/site-packages/scipy/optimize/optimize.py:705: ComplexWarning: Casting complex values to real discards the imaginary part
  grad[k] = df
/home/adrianps/venvs/quantum_simulation/lib/python3.6/site-packages/scipy/optimize/linesearch.py:172: ComplexWarning: Casting complex values to real discards the imaginary part
  amin, amax, isave, dsave)
/home/adrianps/venvs/quantum_simulation/lib/python3.6/site-packages/scipy/optimize/optimize.py:705: ComplexWarning: Casting complex values to real discards the imaginary part
  grad[k] = df
/home/adrianps/venvs/quantum_simulation/lib/python3.6/site-packages/scipy/optimize/linesearch.py:172: ComplexWarning: Casting complex values to real discards the imaginary part
  amin, amax, isave, dsave)
/home/adrianps/venvs/quantum_simulation/lib/python3.6/site-packages/scipy/optimize/optimize.py:705: ComplexWarning: Casting complex values to real discards the imaginary part
  grad[k] = df
/home/adrianps/venvs/quantum_simulation/lib/python3.6/site-packages/scipy/optimize/linesearch.py:172: ComplexWarning: Casting complex values to real discards the imaginary part
  amin, amax, isave, dsave)
/home/adrianps/Universal-Approximator/qibo_sim/classes/ApproximantNN.py:552: RuntimeWarning: More than 20 figures have been opened. Figures created through the pyplot interface (`matplotlib.pyplot.figure`) are retained until explicitly closed and may consume too much memory. (To control this warning, see the rcParam `figure.max_open_warning`).
  fig, axs = plt.subplots(nrows=2, figsize=(8,10))
/home/adrianps/venvs/quantum_simulation/lib/python3.6/site-packages/scipy/optimize/optimize.py:705: ComplexWarning: Casting complex values to real discards the imaginary part
  grad[k] = df
/home/adrianps/venvs/quantum_simulation/lib/python3.6/site-packages/scipy/optimize/linesearch.py:172: ComplexWarning: Casting complex values to real discards the imaginary part
  amin, amax, isave, dsave)
/home/adrianps/Universal-Approximator/qibo_sim/classes/ApproximantNN.py:577: RuntimeWarning: More than 20 figures have been opened. Figures created through the pyplot interface (`matplotlib.pyplot.figure`) are retained until explicitly closed and may consume too much memory. (To control this warning, see the rcParam `figure.max_open_warning`).
  fig, axs = plt.subplots(nrows=2, figsize=(8,10))
/home/adrianps/Universal-Approximator/qibo_sim/classes/ApproximantNN.py:552: RuntimeWarning: More than 20 figures have been opened. Figures created through the pyplot interface (`matplotlib.pyplot.figure`) are retained until explicitly closed and may consume too much memory. (To control this warning, see the rcParam `figure.max_open_warning`).
  fig, axs = plt.subplots(nrows=2, figsize=(8,10))
/home/adrianps/venvs/quantum_simulation/lib/python3.6/site-packages/scipy/optimize/optimize.py:705: ComplexWarning: Casting complex values to real discards the imaginary part
  grad[k] = df
/home/adrianps/venvs/quantum_simulation/lib/python3.6/site-packages/scipy/optimize/linesearch.py:172: ComplexWarning: Casting complex values to real discards the imaginary part
  amin, amax, isave, dsave)
/home/adrianps/Universal-Approximator/qibo_sim/classes/ApproximantNN.py:577: RuntimeWarning: More than 20 figures have been opened. Figures created through the pyplot interface (`matplotlib.pyplot.figure`) are retained until explicitly closed and may consume too much memory. (To control this warning, see the rcParam `figure.max_open_warning`).
  fig, axs = plt.subplots(nrows=2, figsize=(8,10))
termination on tolfun=1e-11 (Fri Nov 27 11:11:57 2020)
final/bestever f-value = 6.808191e-03 6.808191e-03
incumbent solution: [-6.66496393 -2.84663224  5.06511888 -1.09244343  5.72902279  5.21072066
 -3.95609191 11.37447615 ...]
std deviations: [1.92135813e-07 3.18678380e-07 2.40982360e-07 3.29915137e-07
 4.89014620e-07 2.89713977e-07 4.35854467e-07 8.09862947e-07 ...]
