cma
(3_w,6)-aCMA-ES (mu_w=2.0,w_1=63%) in dimension 2 (seed=635243, Fri Nov 27 10:01:46 2020)
Iterat #Fevals   function value  axis ratio  sigma  min&max std  t[m:s]
    1      6 4.677017342135694e-01 1.0e+00 9.92e-01  8e-01  1e+00 0:00.2
    2     12 3.630227837733683e-01 1.3e+00 1.08e+00  8e-01  1e+00 0:00.5
    3     18 5.544879363454629e-01 1.5e+00 1.24e+00  1e+00  1e+00 0:00.7
   16     96 3.612962406651662e-01 2.3e+00 1.51e-01  4e-02  6e-02 0:03.9
   33    198 3.611375577157694e-01 2.0e+00 2.75e-02  2e-03  3e-03 0:08.1
   54    324 3.611374888076379e-01 3.2e+00 2.02e-03  3e-05  5e-05 0:13.4
   75    450 3.611374887721451e-01 1.8e+00 6.04e-05  9e-08  1e-07 0:18.5
termination on tolfun=1e-11 (Fri Nov 27 10:02:05 2020)
final/bestever f-value = 3.611375e-01 3.611375e-01
incumbent solution: [-0.8138757740591064, 1.6343071754530583]
std deviation: [9.110834410334821e-08, 1.2438365889296383e-07]
cma
(3_w,6)-aCMA-ES (mu_w=2.0,w_1=63%) in dimension 2 (seed=561032, Fri Nov 27 10:02:05 2020)
Iterat #Fevals   function value  axis ratio  sigma  min&max std  t[m:s]
    1      6 9.269153612116677e-01 1.0e+00 7.69e-01  7e-01  7e-01 0:00.2
    2     12 6.296821949424869e-01 1.2e+00 8.27e-01  6e-01  8e-01 0:00.5
    3     18 4.050687738694015e-01 1.4e+00 8.28e-01  6e-01  8e-01 0:00.7
   16     96 3.653604202391264e-01 3.1e+00 1.69e-01  4e-02  8e-02 0:03.9
   33    198 3.611381736061314e-01 3.9e+00 3.41e-02  3e-03  4e-03 0:08.1
   54    324 3.611374887795891e-01 2.5e+00 6.27e-04  6e-06  9e-06 0:13.3
   72    432 3.611374887721431e-01 4.1e+00 2.92e-05  6e-08  9e-08 0:17.7
termination on tolfun=1e-11 (Fri Nov 27 10:02:23 2020)
final/bestever f-value = 3.611375e-01 3.611375e-01
incumbent solution: [-0.8138758018732513, 1.6343072070720916]
std deviation: [5.764597407314627e-08, 9.274143035871454e-08]
cma
(4_w,8)-aCMA-ES (mu_w=2.6,w_1=52%) in dimension 5 (seed=572122, Fri Nov 27 10:02:24 2020)
Iterat #Fevals   function value  axis ratio  sigma  min&max std  t[m:s]
    1      8 6.675633356188998e-01 1.0e+00 8.88e-01  8e-01  9e-01 0:00.4
    2     16 2.430010069716499e-01 1.2e+00 8.58e-01  8e-01  9e-01 0:00.7
    3     24 2.820681480484277e-01 1.3e+00 9.58e-01  8e-01  1e+00 0:01.1
   12     96 2.252165905279251e-01 2.7e+00 4.81e-01  4e-01  5e-01 0:04.4
   23    184 4.135485037136187e-02 3.0e+00 2.74e-01  1e-01  2e-01 0:08.5
   37    296 2.332402587246407e-02 4.5e+00 7.64e-02  3e-02  5e-02 0:13.7
   54    432 2.267843728010733e-02 6.1e+00 2.35e-02  4e-03  1e-02 0:20.0
   73    584 2.266444430798641e-02 5.2e+00 4.92e-03  5e-04  2e-03 0:27.0
   95    760 2.266413267366033e-02 6.0e+00 3.80e-04  2e-05  7e-05 0:35.2
  100    800 2.266413097857286e-02 6.6e+00 3.24e-04  2e-05  5e-05 0:37.1
  128   1024 2.266413043235284e-02 6.4e+00 4.72e-05  1e-06  4e-06 0:47.4
  149   1192 2.266413043106962e-02 7.3e+00 7.24e-06  8e-08  3e-07 0:55.2
termination on tolfun=1e-11 (Fri Nov 27 10:03:19 2020)
final/bestever f-value = 2.266413e-02 2.266413e-02
incumbent solution: [0.7808525927088266, -1.598774788365327, -0.7853981915404484, -3.141592701579409, 1.3890778064848534e-07]
std deviation: [1.956037691507271e-07, 3.00332028694837e-07, 8.222547303469871e-08, 2.1084813886683195e-07, 3.4897942950480145e-07]
cma
(4_w,8)-aCMA-ES (mu_w=2.6,w_1=52%) in dimension 5 (seed=540882, Fri Nov 27 10:03:20 2020)
Iterat #Fevals   function value  axis ratio  sigma  min&max std  t[m:s]
    1      8 8.420549644176555e-01 1.0e+00 1.07e+00  1e+00  1e+00 0:00.4
    2     16 7.354920642621418e-01 1.3e+00 1.05e+00  1e+00  1e+00 0:00.7
    3     24 5.199172065446478e-01 1.3e+00 1.12e+00  1e+00  1e+00 0:01.1
   12     96 5.343197288233389e-01 2.4e+00 7.86e-01  6e-01  1e+00 0:04.4
   23    184 3.874350687211857e-01 3.8e+00 9.35e-01  5e-01  1e+00 0:08.5
   37    296 3.060839687562796e-02 3.3e+00 3.76e-01  1e-01  3e-01 0:13.7
   54    432 1.024029559774530e-02 4.7e+00 1.12e-01  3e-02  7e-02 0:20.0
   73    584 9.741821417095805e-03 6.9e+00 2.14e-02  3e-03  1e-02 0:27.1
   95    760 9.736308537338244e-03 1.0e+01 1.52e-03  1e-04  5e-04 0:35.2
  100    800 9.736308135241399e-03 1.0e+01 8.75e-04  6e-05  2e-04 0:37.1
  127   1016 9.736306530758630e-03 8.6e+00 1.51e-04  4e-06  2e-05 0:47.1
  157   1256 9.736306522554918e-03 1.1e+01 4.99e-06  5e-08  3e-07 0:58.2
termination on tolfun=1e-11 (Fri Nov 27 10:04:18 2020)
final/bestever f-value = 9.736307e-03 9.736307e-03
incumbent solution: [3.895427006965103, -1.5469235055182033, 0.8850406577022657, 1.6964004902317296, 2.90216573740612]
std deviation: [6.871098762048277e-08, 1.2283714058676527e-07, 5.383537775872415e-08, 1.751215252495094e-07, 3.404816875506976e-07]
cma
(5_w,10)-aCMA-ES (mu_w=3.2,w_1=45%) in dimension 8 (seed=495367, Fri Nov 27 10:04:19 2020)
Iterat #Fevals   function value  axis ratio  sigma  min&max std  t[m:s]
    1     10 3.544158240971079e-01 1.0e+00 8.63e-01  8e-01  9e-01 0:00.5
    2     20 1.592660451973618e-01 1.2e+00 9.08e-01  9e-01  1e+00 0:01.0
    3     30 3.552023430089364e-01 1.4e+00 8.97e-01  8e-01  1e+00 0:01.5
    9     90 3.319884672944465e-01 1.8e+00 7.22e-01  6e-01  9e-01 0:04.6
   17    170 9.292665165220665e-02 2.0e+00 4.25e-01  3e-01  4e-01 0:08.7
   27    270 2.270956957220987e-02 2.5e+00 2.52e-01  2e-01  2e-01 0:13.8
   39    390 1.040178790786528e-02 3.9e+00 1.09e-01  5e-02  1e-01 0:19.9
   53    530 9.189240832806089e-03 5.0e+00 4.01e-02  2e-02  3e-02 0:27.0
   69    690 7.473858512207320e-03 1.3e+01 7.34e-02  3e-02  1e-01 0:35.2
   87    870 5.954043410067517e-03 1.6e+01 9.44e-02  3e-02  1e-01 0:44.3
  100   1000 5.353392930559096e-03 1.3e+01 4.87e-02  2e-02  5e-02 0:51.0
  122   1220 4.935100478056983e-03 1.5e+01 3.67e-02  1e-02  3e-02 1:02.2
  146   1460 4.686961863857298e-03 2.4e+01 4.92e-02  1e-02  4e-02 1:14.4
  172   1720 4.466185069517902e-03 2.9e+01 5.84e-02  1e-02  4e-02 1:27.7
  200   2000 4.275352356321570e-03 2.8e+01 5.58e-02  1e-02  3e-02 1:42.0
  230   2300 4.189820567623820e-03 2.4e+01 4.20e-02  5e-03  1e-02 1:57.3
  262   2620 4.150432766717544e-03 3.6e+01 4.46e-02  6e-03  2e-02 2:13.6
  296   2960 4.144015712401846e-03 4.6e+01 1.51e-02  1e-03  4e-03 2:30.9
  300   3000 4.143922156433614e-03 4.8e+01 1.12e-02  8e-04  3e-03 2:32.9
  338   3380 4.143867708250104e-03 4.8e+01 6.61e-04  3e-05  1e-04 2:52.3
  378   3780 4.143867638098713e-03 6.3e+01 2.10e-05  6e-07  2e-06 3:12.6
termination on tolfun=1e-11 (Fri Nov 27 10:07:32 2020)
final/bestever f-value = 4.143868e-03 4.143868e-03
incumbent solution: [-2.167544471666118, -0.8825328686869566, -0.6978368036722932, -1.6538195515232421, 2.344114671859017, -1.502495577794233, 1.6201698158577016, -2.532473998842659]
std deviation: [9.73417021627555e-07, 2.038274190221212e-06, 1.3316126434451363e-06, 1.311199602640793e-06, 2.231314124416129e-06, 1.2024874743751795e-06, 5.888256499453073e-07, 2.2884325215432015e-06]
cma
(5_w,10)-aCMA-ES (mu_w=3.2,w_1=45%) in dimension 8 (seed=568398, Fri Nov 27 10:07:32 2020)
Iterat #Fevals   function value  axis ratio  sigma  min&max std  t[m:s]
    1     10 6.601406557562031e-01 1.0e+00 9.12e-01  9e-01  9e-01 0:00.5
    2     20 1.491057777832166e-01 1.2e+00 8.96e-01  8e-01  9e-01 0:01.0
    3     30 2.839312855206736e-01 1.3e+00 8.70e-01  8e-01  9e-01 0:01.5
    9     90 3.506294718446868e-01 1.7e+00 6.61e-01  5e-01  7e-01 0:04.6
   17    170 4.236372741432411e-01 2.5e+00 8.61e-01  7e-01  1e+00 0:08.6
   27    270 5.165962994674995e-02 3.5e+00 3.98e-01  3e-01  5e-01 0:13.7
   39    390 4.562432674290078e-02 3.7e+00 1.80e-01  1e-01  2e-01 0:19.8
   53    530 2.317622670735365e-02 5.9e+00 1.16e-01  6e-02  1e-01 0:27.0
   69    690 1.631777291262085e-02 6.1e+00 8.34e-02  4e-02  7e-02 0:35.1
   87    870 1.135571420774864e-02 8.0e+00 1.17e-01  5e-02  1e-01 0:44.2
  100   1000 4.574294978102965e-03 9.5e+00 1.11e-01  4e-02  1e-01 0:50.9
  122   1220 2.948089379791311e-03 1.1e+01 4.50e-02  1e-02  3e-02 1:02.1
  146   1460 2.105934718086037e-03 2.0e+01 6.61e-02  2e-02  5e-02 1:14.3
  172   1720 1.662414958377301e-03 1.9e+01 5.54e-02  1e-02  3e-02 1:27.5
  200   2000 1.559063321619433e-03 2.2e+01 1.98e-02  4e-03  9e-03 1:41.8
  230   2300 1.555978712751653e-03 2.9e+01 1.69e-03  2e-04  5e-04 1:57.2
  262   2620 1.555972166861920e-03 4.2e+01 1.63e-04  2e-05  4e-05 2:13.6
  296   2960 1.555972146050266e-03 3.6e+01 9.73e-06  6e-07  2e-06 2:30.9
  299   2990 1.555972146026223e-03 3.5e+01 9.22e-06  5e-07  1e-06 2:32.4
termination on tolfun=1e-11 (Fri Nov 27 10:10:05 2020)
final/bestever f-value = 1.555972e-03 1.555972e-03
incumbent solution: [4.086939850925564, -1.8838669519149747, 2.393945215196626, 1.2544122133185005, -2.502408338136303, 0.8980814500469284, 2.449439271603275, 1.3849578998479986]
std deviation: [5.586397536572784e-07, 9.232582409814389e-07, 4.68200698250886e-07, 6.590826877694811e-07, 1.2065781908812665e-06, 5.517743329822168e-07, 5.407598159580456e-07, 1.3504495537161948e-06]
cma
(5_w,11)-aCMA-ES (mu_w=3.4,w_1=42%) in dimension 11 (seed=536169, Fri Nov 27 10:10:07 2020)
Iterat #Fevals   function value  axis ratio  sigma  min&max std  t[m:s]
    1     11 5.668686628036020e-01 1.0e+00 9.66e-01  9e-01  1e+00 0:00.6
    2     22 4.886526174776158e-01 1.2e+00 9.12e-01  9e-01  9e-01 0:01.2
    3     33 5.836421205726187e-01 1.2e+00 8.89e-01  8e-01  9e-01 0:01.8
    8     88 3.054382615489371e-01 1.5e+00 8.24e-01  8e-01  9e-01 0:04.9
   15    165 3.006076764505464e-01 1.7e+00 6.79e-01  6e-01  7e-01 0:09.2
   24    264 2.020963332020338e-01 2.0e+00 4.02e-01  3e-01  4e-01 0:14.8
   34    374 3.379061488151387e-02 2.3e+00 1.77e-01  1e-01  2e-01 0:20.9
   46    506 1.622208780017364e-02 3.2e+00 8.99e-02  6e-02  9e-02 0:28.3
   60    660 9.206323264786567e-03 3.4e+00 3.93e-02  2e-02  4e-02 0:36.9
   75    825 8.573548059964839e-03 6.4e+00 4.60e-02  3e-02  5e-02 0:46.2
   92   1012 8.009898547716809e-03 9.3e+00 1.73e-02  1e-02  2e-02 0:56.7
  100   1100 7.976624184837472e-03 1.1e+01 1.44e-02  8e-03  2e-02 1:01.6
  120   1320 7.888937966851618e-03 1.3e+01 1.75e-02  1e-02  2e-02 1:13.9
  142   1562 7.558351874208003e-03 2.2e+01 3.93e-02  2e-02  5e-02 1:27.5
  165   1815 6.829135045603804e-03 3.3e+01 3.48e-02  2e-02  6e-02 1:41.6
  190   2090 6.185947311815939e-03 3.6e+01 5.36e-02  2e-02  9e-02 1:57.0
  200   2200 5.846755580767354e-03 3.8e+01 5.93e-02  2e-02  8e-02 2:03.2
  228   2508 5.112543191494907e-03 3.9e+01 7.10e-02  2e-02  1e-01 2:20.5
  258   2838 4.619121197494769e-03 7.2e+01 5.08e-02  9e-03  1e-01 2:38.8
  290   3190 4.422924945357931e-03 6.6e+01 3.96e-02  7e-03  8e-02 2:58.2
  300   3300 4.325707778183252e-03 6.0e+01 2.69e-02  4e-03  5e-02 3:04.3
  335   3685 4.185897867221327e-03 6.8e+01 2.72e-02  4e-03  4e-02 3:25.5
  372   4092 4.108720701739132e-03 9.2e+01 4.80e-02  5e-03  8e-02 3:48.0
  400   4400 4.060964557655910e-03 9.7e+01 1.75e-02  2e-03  2e-02 4:05.0
  440   4840 4.059692097953396e-03 9.8e+01 8.94e-03  1e-03  8e-03 4:29.3
  482   5302 4.056363428087306e-03 1.8e+02 1.53e-02  2e-03  2e-02 4:54.8
  500   5500 4.054316229383375e-03 2.1e+02 2.43e-02  2e-03  3e-02 5:05.7
  545   5995 4.051583612917389e-03 1.9e+02 2.23e-02  2e-03  2e-02 5:32.9
  592   6512 4.049349964314451e-03 2.2e+02 1.71e-02  9e-04  1e-02 6:01.5
  600   6600 4.049099259540088e-03 2.3e+02 1.73e-02  9e-04  1e-02 6:06.3
  650   7150 4.048850942672470e-03 3.3e+02 6.51e-03  2e-04  4e-03 6:36.6
  700   7700 4.048808533999153e-03 4.5e+02 1.22e-02  3e-04  6e-03 7:07.0
  753   8283 4.048701876568845e-03 6.8e+02 1.43e-02  3e-04  6e-03 7:39.1
  800   8800 4.048621267350637e-03 6.0e+02 1.89e-02  2e-04  5e-03 8:07.5
  857   9427 4.048532311788250e-03 5.8e+02 2.06e-02  2e-04  5e-03 8:42.1
  900   9900 4.048450159756216e-03 6.0e+02 2.20e-02  2e-04  4e-03 9:08.1
  960  10560 4.048352665415883e-03 4.7e+02 2.49e-02  1e-04  4e-03 9:44.4
 1000  11000 4.048276937100688e-03 5.8e+02 5.38e-02  3e-04  8e-03 10:08.6
Iterat #Fevals   function value  axis ratio  sigma  min&max std  t[m:s]
 1063  11693 4.048192332306856e-03 7.5e+02 5.20e-02  2e-04  7e-03 10:47.0
 1100  12100 4.048136970788940e-03 6.0e+02 5.78e-02  2e-04  6e-03 11:09.6
 1166  12826 4.048039906754557e-03 7.3e+02 8.65e-02  2e-04  8e-03 11:50.1
 1200  13200 4.047989224098137e-03 1.0e+03 1.00e-01  1e-04  8e-03 12:10.9
 1269  13959 4.047895640796149e-03 6.9e+02 1.06e-01  1e-04  6e-03 12:53.3
 1300  14300 4.047861737948627e-03 7.9e+02 1.42e-01  1e-04  8e-03 13:12.3
 1372  15092 4.047740682149090e-03 8.0e+02 2.87e-01  2e-04  1e-02 13:56.5
 1400  15400 4.047698203156099e-03 6.4e+02 2.19e-01  1e-04  7e-03 14:13.6
 1475  16225 4.047578721203007e-03 6.6e+02 4.76e-01  2e-04  1e-02 14:59.7
 1500  16500 4.047532800274773e-03 6.7e+02 4.72e-01  2e-04  9e-03 15:15.0
 1579  17369 4.047386338736313e-03 6.4e+02 6.89e-01  2e-04  7e-03 16:03.5
 1600  17600 4.047339278094376e-03 5.7e+02 7.78e-01  2e-04  6e-03 16:16.4
 1682  18502 4.047154859863162e-03 6.9e+02 1.76e+00  3e-04  9e-03 17:06.7
 1700  18700 4.047119066608135e-03 6.2e+02 3.01e+00  5e-04  1e-02 17:17.7
 1785  19635 4.046783632681740e-03 7.4e+02 3.79e+00  4e-04  1e-02 18:10.0
 1800  19800 4.046681824876906e-03 7.1e+02 3.76e+00  4e-04  8e-03 18:19.2
 1888  20768 4.046129010746016e-03 6.0e+02 6.49e+00  4e-04  1e-02 19:13.2
 1900  20900 4.046096297017654e-03 5.8e+02 5.82e+00  3e-04  8e-03 19:20.6
 1992  21912 4.044985425741065e-03 5.0e+02 1.20e+01  4e-04  1e-02 20:17.0
 2000  22000 4.044739346841809e-03 5.1e+02 1.66e+01  6e-04  1e-02 20:21.9
Iterat #Fevals   function value  axis ratio  sigma  min&max std  t[m:s]
 2095  23045 4.041945333203699e-03 3.9e+02 3.72e+01  9e-04  2e-02 21:20.1
 2100  23100 4.041478638942363e-03 3.8e+02 4.08e+01  9e-04  2e-02 21:23.2
 2198  24178 4.027622947712774e-03 3.7e+02 1.03e+02  2e-03  4e-02 22:23.3
 2200  24200 4.027019542365862e-03 3.9e+02 1.09e+02  2e-03  4e-02 22:24.5
 2300  25300 3.967411379035239e-03 3.2e+02 4.60e+02  4e-03  1e-01 23:25.9
 2400  26400 3.892708172966479e-03 1.2e+02 8.42e+02  5e-03  7e-02 24:27.2
 2500  27500 3.305990019152530e-03 1.3e+02 2.58e+03  4e-03  1e-01 25:28.5
 2600  28600 2.112508720057134e-03 6.5e+01 2.87e+03  3e-03  5e-02 26:29.8
 2700  29700 1.702660739867588e-03 7.0e+01 9.38e+02  8e-04  1e-02 27:31.1
 2800  30800 1.674038522588360e-03 1.2e+02 1.06e+03  4e-04  9e-03 28:32.5
 2900  31900 1.673792602153916e-03 1.6e+02 3.97e+02  9e-05  2e-03 29:33.9
 3000  33000 1.661851096353746e-03 1.8e+02 7.07e+03  1e-03  3e-02 30:35.1
Iterat #Fevals   function value  axis ratio  sigma  min&max std  t[m:s]
 3100  34100 1.426514073319803e-03 1.2e+02 4.11e+04  4e-03  8e-02 31:36.0
 3200  35200 9.578456225246816e-04 6.8e+01 2.93e+04  2e-03  2e-02 32:36.8
 3300  36300 9.399051833302750e-04 6.9e+01 6.35e+02  2e-05  3e-04 33:37.7
 3362  36982 9.399046907375961e-04 7.6e+01 6.31e+00  1e-07  2e-06 34:15.5
termination on tolfun=1e-11 (Fri Nov 27 10:44:27 2020)
final/bestever f-value = 9.399047e-04 9.399047e-04
incumbent solution: [-5.50260695 -1.6236466   1.15354757  2.90648104 -5.74360741 -2.95787491
 -0.19173558 -5.8862184  ...]
std deviations: [5.11623724e-07 7.13971711e-07 8.22603628e-07 8.47138704e-07
 1.65232567e-06 1.04968643e-07 8.41682468e-07 1.36947149e-06 ...]
cma
(5_w,11)-aCMA-ES (mu_w=3.4,w_1=42%) in dimension 11 (seed=567474, Fri Nov 27 10:44:28 2020)
Iterat #Fevals   function value  axis ratio  sigma  min&max std  t[m:s]
    1     11 6.918151540490914e-01 1.0e+00 9.28e-01  9e-01  9e-01 0:00.6
    2     22 3.133481175760530e-01 1.2e+00 8.94e-01  9e-01  9e-01 0:01.2
    3     33 5.476728980226950e-01 1.2e+00 8.91e-01  9e-01  9e-01 0:01.8
    8     88 6.483223685563709e-01 1.5e+00 9.17e-01  8e-01  1e+00 0:04.9
   15    165 2.086158238074547e-01 1.9e+00 7.28e-01  6e-01  8e-01 0:09.1
   24    264 1.527153262694665e-01 2.2e+00 3.93e-01  3e-01  4e-01 0:14.6
   34    374 1.271653848985899e-01 2.7e+00 4.43e-01  3e-01  5e-01 0:20.7
   46    506 3.064202026211888e-02 3.6e+00 2.75e-01  2e-01  3e-01 0:28.0
   60    660 3.022031039023095e-02 4.6e+00 1.09e-01  6e-02  1e-01 0:36.5
   75    825 9.448628593275946e-03 8.4e+00 1.54e-01  1e-01  2e-01 0:45.6
   92   1012 6.160494234893527e-03 7.5e+00 8.67e-02  5e-02  1e-01 0:55.9
  100   1100 4.319405458741361e-03 8.5e+00 5.86e-02  3e-02  7e-02 1:00.7
  121   1331 3.432191225739740e-03 1.1e+01 1.82e-02  8e-03  2e-02 1:13.2
  143   1573 2.891425554219205e-03 1.8e+01 3.00e-02  9e-03  4e-02 1:26.4
  167   1837 2.466193015375054e-03 2.3e+01 2.66e-02  6e-03  3e-02 1:40.7
  193   2123 2.105380954174345e-03 4.0e+01 2.56e-02  7e-03  4e-02 1:56.2
  200   2200 2.067865297634094e-03 4.1e+01 1.60e-02  4e-03  3e-02 2:00.4
  229   2519 1.837043939328468e-03 3.8e+01 2.30e-02  5e-03  3e-02 2:17.7
  260   2860 1.621140808808434e-03 4.9e+01 2.04e-02  4e-03  3e-02 2:36.3
  292   3212 1.578327601531231e-03 5.7e+01 1.59e-02  3e-03  2e-02 2:55.3
  300   3300 1.569673015606793e-03 6.3e+01 1.30e-02  2e-03  2e-02 3:00.1
  336   3696 1.562071085220429e-03 6.0e+01 1.32e-02  2e-03  1e-02 3:21.6
  373   4103 1.548087805345576e-03 7.0e+01 2.15e-02  3e-03  1e-02 3:43.7
  400   4400 1.539304483595979e-03 6.6e+01 2.63e-02  3e-03  2e-02 3:59.8
  441   4851 1.529788227989884e-03 9.0e+01 1.60e-02  3e-03  1e-02 4:24.2
  483   5313 1.526259910294110e-03 1.4e+02 1.32e-02  2e-03  9e-03 4:49.3
  500   5500 1.524507213717282e-03 1.6e+02 2.75e-02  4e-03  2e-02 4:59.4
  546   6006 1.521418224608606e-03 1.4e+02 2.42e-02  3e-03  1e-02 5:26.8
  594   6534 1.512193082461901e-03 1.4e+02 4.82e-02  4e-03  2e-02 5:55.4
  600   6600 1.510668990202556e-03 1.3e+02 3.98e-02  4e-03  1e-02 5:59.0
  651   7161 1.507634498537940e-03 1.2e+02 2.01e-02  2e-03  6e-03 6:29.4
  700   7700 1.504489054647553e-03 1.1e+02 4.39e-02  3e-03  9e-03 6:58.6
  754   8294 1.500816945770038e-03 1.4e+02 3.36e-02  2e-03  5e-03 7:30.8
  800   8800 1.499815449608296e-03 2.0e+02 3.36e-02  1e-03  5e-03 7:58.2
  858   9438 1.499537102771573e-03 3.0e+02 1.79e-02  6e-04  3e-03 8:32.8
  900   9900 1.499526209290323e-03 3.5e+02 3.42e-03  8e-05  5e-04 8:57.8
  958  10538 1.499526097685159e-03 3.0e+02 1.22e-04  2e-06  1e-05 9:32.4
termination on tolfun=1e-11 (Fri Nov 27 10:54:02 2020)
final/bestever f-value = 1.499526e-03 1.499526e-03
incumbent solution: [ 5.38446573  1.56571278  2.14880597 -1.35393876  2.42227532  0.77751135
  0.61807018 -1.32681875 ...]
std deviations: [1.88827794e-06 4.77237012e-06 3.47720980e-06 4.26861051e-06
 7.59843756e-06 6.62267354e-06 2.42156433e-06 5.62386178e-06 ...]
cma
(5_w,11)-aCMA-ES (mu_w=3.4,w_1=42%) in dimension 14 (seed=518476, Fri Nov 27 10:54:04 2020)
Iterat #Fevals   function value  axis ratio  sigma  min&max std  t[m:s]
    1     11 4.679090709225560e-01 1.0e+00 9.45e-01  9e-01  9e-01 0:00.6
    2     22 5.232148857938149e-01 1.1e+00 9.18e-01  9e-01  9e-01 0:01.3
    3     33 6.016474837942349e-01 1.2e+00 8.91e-01  8e-01  9e-01 0:01.9
    8     88 3.435691288031407e-01 1.5e+00 9.53e-01  9e-01  1e+00 0:05.1
   15    165 3.453333377020708e-01 1.7e+00 6.64e-01  6e-01  7e-01 0:09.7
   23    253 4.904007489870723e-01 1.9e+00 6.75e-01  6e-01  7e-01 0:14.8
   33    363 2.311823630075771e-01 2.2e+00 5.41e-01  5e-01  5e-01 0:21.3
   44    484 1.113211636859710e-01 2.3e+00 3.37e-01  3e-01  3e-01 0:28.4
   57    627 2.423858131022601e-02 2.6e+00 1.89e-01  1e-01  2e-01 0:36.8
   71    781 8.055729896755083e-03 2.9e+00 1.56e-01  1e-01  2e-01 0:45.8
   87    957 8.588879416347077e-03 3.7e+00 5.63e-02  4e-02  6e-02 0:56.1
  100   1100 6.976640800000022e-03 4.5e+00 3.48e-02  2e-02  4e-02 1:04.5
  119   1309 6.147026948799637e-03 6.1e+00 2.39e-02  1e-02  3e-02 1:16.8
  140   1540 5.619568513613314e-03 1.1e+01 3.17e-02  2e-02  4e-02 1:30.4
  162   1782 4.735025336045228e-03 1.6e+01 2.63e-02  1e-02  4e-02 1:44.6
  186   2046 4.513954251616516e-03 2.5e+01 1.97e-02  9e-03  4e-02 2:00.1
  200   2200 4.455201448383012e-03 2.9e+01 1.88e-02  8e-03  4e-02 2:09.2
  227   2497 4.350643718699544e-03 4.7e+01 1.55e-02  6e-03  5e-02 2:26.6
  256   2816 4.220779168160069e-03 7.3e+01 1.73e-02  5e-03  6e-02 2:45.1
  286   3146 4.191849692367832e-03 7.1e+01 7.82e-03  2e-03  2e-02 3:04.3
  300   3300 4.178263430990886e-03 7.9e+01 9.76e-03  2e-03  3e-02 3:13.3
  333   3663 4.140607106489394e-03 8.5e+01 1.90e-02  4e-03  5e-02 3:34.4
  368   4048 4.096282639872825e-03 1.0e+02 1.58e-02  3e-03  4e-02 3:56.8
  400   4400 4.090496752767963e-03 1.1e+02 7.40e-03  1e-03  2e-02 4:17.3
  438   4818 4.076634063752814e-03 1.3e+02 1.13e-02  2e-03  3e-02 4:41.6
  478   5258 4.061930256588427e-03 1.5e+02 1.49e-02  2e-03  4e-02 5:07.2
  500   5500 4.043385522517685e-03 1.5e+02 2.11e-02  4e-03  6e-02 5:21.3
  543   5973 4.009411903009197e-03 2.1e+02 2.40e-02  4e-03  9e-02 5:48.9
  587   6457 3.970813307083898e-03 2.7e+02 2.19e-02  2e-03  9e-02 6:17.1
  600   6600 3.956076977454514e-03 3.2e+02 2.12e-02  2e-03  1e-01 6:25.4
  647   7117 3.928987994208186e-03 3.7e+02 1.76e-02  9e-04  8e-02 6:55.6
  696   7656 3.919154666564155e-03 3.2e+02 1.94e-02  7e-04  8e-02 7:27.0
  700   7700 3.917755033000367e-03 3.4e+02 2.38e-02  8e-04  9e-02 7:29.6
  752   8272 3.893848689005960e-03 3.3e+02 3.80e-02  1e-03  1e-01 8:02.9
  800   8800 3.826802901241373e-03 2.7e+02 7.47e-02  2e-03  1e-01 8:33.7
  855   9405 3.684538521696409e-03 1.8e+02 1.07e-01  2e-03  1e-01 9:09.0
  900   9900 3.465703441160933e-03 1.6e+02 1.10e-01  2e-03  1e-01 9:37.8
  958  10538 2.989600819525456e-03 1.9e+02 1.66e-01  5e-03  1e-01 10:15.0
 1000  11000 2.525925486029710e-03 1.4e+02 1.49e-01  5e-03  8e-02 10:42.0
Iterat #Fevals   function value  axis ratio  sigma  min&max std  t[m:s]
 1061  11671 1.958908903516056e-03 1.2e+02 2.50e-01  1e-02  1e-01 11:21.1
 1100  12100 1.763748645479800e-03 1.1e+02 1.41e-01  5e-03  5e-02 11:46.1
 1164  12804 1.455149144979662e-03 8.8e+01 2.04e-01  6e-03  6e-02 12:27.1
 1200  13200 1.324146269158404e-03 7.3e+01 1.71e-01  4e-03  4e-02 12:50.2
 1268  13948 1.069161555451689e-03 5.7e+01 3.94e-01  8e-03  6e-02 13:33.8
 1300  14300 9.248180569274214e-04 5.5e+01 1.79e-01  3e-03  3e-02 13:54.3
 1371  15081 8.170403030323541e-04 9.5e+01 2.19e-01  4e-03  3e-02 14:39.9
 1400  15400 7.781923506847685e-04 1.1e+02 1.34e-01  2e-03  2e-02 14:58.5
 1474  16214 7.561074077581729e-04 1.1e+02 2.06e-01  3e-03  2e-02 15:45.9
 1500  16500 7.175967266903159e-04 9.5e+01 3.79e-01  4e-03  4e-02 16:02.6
 1577  17347 6.333221287122951e-04 8.2e+01 3.87e-01  4e-03  3e-02 16:52.0
 1600  17600 6.038669206570971e-04 8.0e+01 3.92e-01  4e-03  3e-02 17:06.7
 1680  18480 5.647852626845064e-04 7.2e+01 2.87e-01  2e-03  2e-02 17:58.0
 1700  18700 5.600874295364348e-04 6.9e+01 2.08e-01  2e-03  1e-02 18:10.9
 1783  19613 5.525172604639390e-04 9.2e+01 2.42e-01  1e-03  1e-02 19:04.0
 1800  19800 5.502577567295161e-04 9.1e+01 2.80e-01  1e-03  1e-02 19:14.8
 1886  20746 5.487504887396840e-04 1.3e+02 2.29e-02  8e-05  8e-04 20:09.9
 1900  20900 5.487487376358720e-04 1.3e+02 1.00e-02  3e-05  3e-04 20:18.9
 1970  21670 5.487485124416151e-04 1.4e+02 1.48e-04  4e-07  4e-06 21:03.7
termination on tolfun=1e-11 (Fri Nov 27 11:15:10 2020)
final/bestever f-value = 5.487485e-04 5.487485e-04
incumbent solution: [-1.16129156  1.45813428 -2.03731819 -1.87082081  3.59369575 -1.67886345
 -4.14916231 -3.8827558  ...]
std deviations: [9.95914697e-07 1.69219641e-06 6.05090126e-07 2.28202975e-06
 1.33667086e-06 1.30628720e-06 1.42169819e-06 1.79900406e-06 ...]
cma
(5_w,11)-aCMA-ES (mu_w=3.4,w_1=42%) in dimension 14 (seed=530859, Fri Nov 27 11:15:14 2020)
Iterat #Fevals   function value  axis ratio  sigma  min&max std  t[m:s]
    1     11 3.507718717792087e-01 1.0e+00 9.72e-01  1e+00  1e+00 0:00.6
    2     22 2.125255823944140e-01 1.1e+00 9.66e-01  9e-01  1e+00 0:01.3
    3     33 2.739041834243841e-01 1.2e+00 9.43e-01  9e-01  1e+00 0:01.9
    8     88 5.739143460120435e-01 1.4e+00 7.91e-01  7e-01  9e-01 0:05.1
   15    165 6.586749572268301e-01 1.7e+00 6.59e-01  6e-01  8e-01 0:09.6
   23    253 6.344120235510794e-01 1.7e+00 5.28e-01  5e-01  6e-01 0:14.7
   33    363 2.660563113094015e-01 1.9e+00 4.18e-01  3e-01  5e-01 0:21.1
   44    484 2.415828587199976e-01 2.3e+00 4.58e-01  3e-01  5e-01 0:28.1
   57    627 1.682930711788614e-01 2.9e+00 2.64e-01  2e-01  3e-01 0:36.4
   72    792 6.755551889979428e-02 3.4e+00 2.08e-01  1e-01  2e-01 0:46.0
   88    968 1.107223321430729e-02 3.8e+00 1.22e-01  8e-02  1e-01 0:56.3
  100   1100 9.823108235208015e-03 4.0e+00 1.17e-01  8e-02  1e-01 1:03.9
  119   1309 3.849907750613198e-03 4.9e+00 4.03e-02  2e-02  4e-02 1:16.1
  140   1540 3.505020358822960e-03 6.0e+00 2.57e-02  1e-02  3e-02 1:29.5
  162   1782 3.076752506855689e-03 1.1e+01 2.48e-02  1e-02  3e-02 1:43.6
  186   2046 2.496562599433311e-03 2.2e+01 3.01e-02  1e-02  6e-02 1:58.9
  200   2200 2.426569280399304e-03 2.3e+01 1.69e-02  8e-03  3e-02 2:07.9
  227   2497 2.278542931431528e-03 2.7e+01 1.67e-02  7e-03  3e-02 2:25.2
  256   2816 2.037137475228669e-03 2.9e+01 2.35e-02  1e-02  3e-02 2:43.7
  286   3146 1.829715668246730e-03 3.4e+01 2.94e-02  1e-02  3e-02 3:02.9
  300   3300 1.757429840880206e-03 3.4e+01 1.78e-02  6e-03  2e-02 3:11.8
  333   3663 1.653472393674545e-03 3.8e+01 2.08e-02  7e-03  2e-02 3:32.9
  368   4048 1.577214859078499e-03 4.5e+01 1.69e-02  5e-03  2e-02 3:55.2
  400   4400 1.550339112208530e-03 5.0e+01 1.17e-02  4e-03  1e-02 4:15.6
  438   4818 1.548156766429271e-03 6.5e+01 2.76e-03  8e-04  3e-03 4:39.8
  478   5258 1.545931356942577e-03 6.8e+01 7.08e-03  2e-03  8e-03 5:05.3
  500   5500 1.542010156767078e-03 9.7e+01 8.17e-03  2e-03  1e-02 5:19.3
  543   5973 1.529629584878245e-03 1.2e+02 1.70e-02  3e-03  2e-02 5:46.6
  588   6468 1.510732158685630e-03 1.5e+02 2.09e-02  4e-03  2e-02 6:15.1
  600   6600 1.503906255268229e-03 1.5e+02 2.05e-02  4e-03  3e-02 6:22.7
  648   7128 1.493143396756822e-03 1.5e+02 1.90e-02  3e-03  2e-02 6:53.1
  697   7667 1.484225063264306e-03 1.6e+02 1.33e-02  2e-03  1e-02 7:24.1
  700   7700 1.484487940340085e-03 1.5e+02 1.30e-02  2e-03  1e-02 7:26.0
  753   8283 1.476782148014494e-03 1.8e+02 2.27e-02  3e-03  2e-02 7:59.6
  800   8800 1.468000872810264e-03 1.7e+02 2.50e-02  3e-03  2e-02 8:29.3
  856   9416 1.457358972468826e-03 1.3e+02 3.35e-02  3e-03  2e-02 9:04.8
  900   9900 1.442968442707662e-03 1.1e+02 3.23e-02  3e-03  2e-02 9:32.7
  959  10549 1.410658114919122e-03 1.3e+02 7.13e-02  5e-03  4e-02 10:10.1
 1000  11000 1.377922982293901e-03 1.2e+02 7.36e-02  4e-03  3e-02 10:36.1
Iterat #Fevals   function value  axis ratio  sigma  min&max std  t[m:s]
 1062  11682 1.288549857990495e-03 1.1e+02 1.00e-01  4e-03  3e-02 11:15.4
 1100  12100 1.198593103858295e-03 9.7e+01 1.20e-01  4e-03  4e-02 11:39.5
 1165  12815 1.126128774757126e-03 8.3e+01 8.00e-02  3e-03  2e-02 12:20.7
 1200  13200 1.074713179705271e-03 7.4e+01 1.67e-01  6e-03  4e-02 12:42.9
 1268  13948 9.885871270406943e-04 8.2e+01 1.06e-01  3e-03  2e-02 13:26.0
 1300  14300 8.932395695838509e-04 9.0e+01 2.94e-01  8e-03  6e-02 13:46.2
 1371  15081 7.946655884526920e-04 8.7e+01 8.87e-02  2e-03  1e-02 14:31.2
 1400  15400 7.924357353681406e-04 8.5e+01 4.71e-02  8e-04  6e-03 14:49.6
 1475  16225 7.684397239301189e-04 1.0e+02 1.53e-01  3e-03  2e-02 15:37.2
 1500  16500 7.489124608395896e-04 9.6e+01 2.66e-01  5e-03  3e-02 15:53.0
 1578  17358 6.974869246841417e-04 8.9e+01 1.76e-01  3e-03  1e-02 16:42.5
 1600  17600 6.912368350855233e-04 8.9e+01 2.38e-01  3e-03  2e-02 16:56.4
 1681  18491 6.388503215661075e-04 7.1e+01 3.80e-01  3e-03  2e-02 17:47.8
 1700  18700 6.219522187320390e-04 7.7e+01 4.12e-01  4e-03  2e-02 17:59.8
 1784  19624 5.768116281050420e-04 7.4e+01 3.11e-01  2e-03  1e-02 18:53.1
 1800  19800 5.717448948624975e-04 9.5e+01 2.68e-01  2e-03  1e-02 19:03.2
 1887  20757 5.473281939566989e-04 1.2e+02 3.31e-01  2e-03  1e-02 19:58.4
 1900  20900 5.456178768415771e-04 1.1e+02 3.68e-01  2e-03  2e-02 20:06.6
 1990  21890 5.338327220089638e-04 1.1e+02 2.56e-01  8e-04  7e-03 21:03.7
 2000  22000 5.336940162558178e-04 1.1e+02 1.90e-01  6e-04  5e-03 21:10.0
Iterat #Fevals   function value  axis ratio  sigma  min&max std  t[m:s]
 2094  23034 5.334643193685627e-04 1.2e+02 8.74e-02  2e-04  2e-03 22:09.6
 2100  23100 5.334491862357732e-04 1.2e+02 9.71e-02  3e-04  2e-03 22:13.4
 2197  24167 5.322373487792766e-04 2.4e+02 3.77e-01  9e-04  9e-03 23:14.8
 2200  24200 5.322201047583483e-04 2.4e+02 3.47e-01  8e-04  8e-03 23:16.7
 2300  25300 5.299413492044964e-04 2.4e+02 5.58e-01  1e-03  1e-02 24:19.9
 2400  26400 5.279760124575376e-04 2.6e+02 6.02e-01  4e-04  9e-03 25:22.9
 2500  27500 5.245016791667518e-04 2.1e+02 2.39e+00  2e-03  2e-02 26:25.8
 2600  28600 5.179060810260102e-04 1.6e+02 2.07e+00  2e-03  1e-02 27:28.7
 2700  29700 5.092648096065794e-04 1.9e+02 2.54e+00  2e-03  1e-02 28:31.3
 2800  30800 4.938722185567090e-04 2.2e+02 7.40e+00  5e-03  3e-02 29:32.9
 2900  31900 4.758621315811812e-04 3.2e+02 5.86e+00  3e-03  3e-02 30:34.6
 3000  33000 4.662113687083831e-04 2.6e+02 4.37e+00  9e-04  1e-02 31:36.2
Iterat #Fevals   function value  axis ratio  sigma  min&max std  t[m:s]
 3100  34100 4.631532118213403e-04 2.9e+02 6.17e+00  1e-03  2e-02 32:37.8
 3200  35200 4.601595243529666e-04 1.9e+02 8.38e+00  1e-03  1e-02 33:39.4
 3300  36300 4.596569491499047e-04 3.3e+02 3.43e+00  3e-04  5e-03 34:41.0
 3400  37400 4.595505518108743e-04 5.5e+02 1.69e+00  1e-04  3e-03 35:42.7
 3500  38500 4.595108676208147e-04 8.5e+02 3.06e+00  2e-04  5e-03 36:44.3
 3600  39600 4.594123755262777e-04 6.9e+02 6.61e+00  3e-04  8e-03 37:45.9
 3700  40700 4.586778727547770e-04 5.3e+02 2.53e+01  7e-04  2e-02 38:47.5
 3800  41800 4.554251275126221e-04 4.6e+02 4.06e+01  7e-04  2e-02 39:49.2
 3900  42900 4.437214417926296e-04 2.9e+02 1.34e+02  2e-03  3e-02 40:50.8
 4000  44000 4.331803161960260e-04 2.4e+02 1.14e+02  1e-03  2e-02 41:52.4
Iterat #Fevals   function value  axis ratio  sigma  min&max std  t[m:s]
 4100  45100 4.241573103524748e-04 2.4e+02 1.55e+02  1e-03  2e-02 42:54.2
 4200  46200 4.171781337201487e-04 2.1e+02 2.79e+02  1e-03  2e-02 43:55.8
 4300  47300 4.126216393450038e-04 2.2e+02 2.42e+02  7e-04  1e-02 44:57.5
 4400  48400 4.068175175678137e-04 2.1e+02 2.76e+02  6e-04  1e-02 45:58.8
 4500  49500 4.038306158216332e-04 2.6e+02 2.58e+02  4e-04  8e-03 46:49.8
 4600  50600 3.838067454482049e-04 1.8e+02 9.53e+02  1e-03  2e-02 47:40.1
 4700  51700 3.546002625927146e-04 2.3e+02 1.05e+03  1e-03  2e-02 48:27.0
 4800  52800 3.003089311673245e-04 2.7e+02 3.32e+03  2e-03  6e-02 49:14.0
 4900  53900 2.673654928095470e-04 2.3e+02 7.02e+02  3e-04  9e-03 50:01.0
 5000  55000 2.669241213080481e-04 2.5e+02 1.96e+02  6e-05  2e-03 50:48.1
Iterat #Fevals   function value  axis ratio  sigma  min&max std  t[m:s]
 5100  56100 2.668907427396186e-04 3.2e+02 1.22e+02  3e-05  7e-04 51:35.1
 5184  57024 2.668904367913960e-04 3.5e+02 1.42e+00  2e-07  5e-06 52:14.5
termination on tolfun=1e-11 (Fri Nov 27 12:07:36 2020)
final/bestever f-value = 2.668904e-04 2.668904e-04
incumbent solution: [-1.95427119 -2.38966057 -3.69786633 -1.6245999  -2.98391159  0.30087198
 -0.71602331  7.64553092 ...]
std deviations: [7.47736780e-07 1.23202343e-06 3.95446232e-07 2.60701013e-06
 4.70067044e-06 1.13228608e-06 2.92727306e-06 5.48189134e-06 ...]
cma
(6_w,12)-aCMA-ES (mu_w=3.7,w_1=40%) in dimension 17 (seed=565163, Fri Nov 27 12:07:40 2020)
Iterat #Fevals   function value  axis ratio  sigma  min&max std  t[m:s]
    1     12 2.746030669743031e-01 1.0e+00 9.18e-01  9e-01  9e-01 0:00.5
    2     24 7.063357198298801e-01 1.1e+00 8.58e-01  8e-01  9e-01 0:01.1
    3     36 6.580002642517457e-01 1.1e+00 8.68e-01  8e-01  9e-01 0:01.6
    9    108 4.518968098609956e-01 1.6e+00 1.10e+00  1e+00  1e+00 0:04.9
   17    204 5.981791019129761e-01 1.7e+00 1.48e+00  1e+00  2e+00 0:09.4
   27    324 7.455479903180434e-01 1.8e+00 1.50e+00  1e+00  2e+00 0:14.8
   38    456 1.034463694852830e+00 2.0e+00 1.59e+00  1e+00  2e+00 0:20.8
   51    612 6.601874889213309e-01 2.0e+00 1.29e+00  1e+00  2e+00 0:27.9
   66    792 8.741042117088939e-01 2.7e+00 2.09e+00  2e+00  3e+00 0:36.2
   83    996 8.971540337737098e-01 2.9e+00 2.79e+00  2e+00  4e+00 0:45.5
  100   1200 9.814984966986120e-01 3.3e+00 4.14e+00  3e+00  6e+00 0:54.8
  121   1452 1.072615593091922e+00 4.0e+00 3.55e+00  3e+00  5e+00 1:06.3
  143   1716 7.740871858584221e-01 4.4e+00 3.08e+00  2e+00  4e+00 1:18.4
  167   2004 7.704504964017775e-01 5.4e+00 2.86e+00  2e+00  5e+00 1:31.5
  193   2316 9.726838609699855e-01 5.3e+00 2.86e+00  2e+00  4e+00 1:45.8
  200   2400 1.110488386055473e+00 5.3e+00 2.69e+00  2e+00  4e+00 1:49.6
  230   2760 9.088338768738459e-01 5.8e+00 1.20e+00  8e-01  2e+00 2:06.1
  262   3144 9.481854435645760e-01 5.6e+00 6.70e-01  5e-01  9e-01 2:23.6
  295   3540 4.152858708400691e-01 5.2e+00 4.04e-01  3e-01  5e-01 2:41.7
  300   3600 4.447040358349560e-01 5.3e+00 3.35e-01  2e-01  4e-01 2:44.4
  337   4044 3.378634581102007e-01 6.3e+00 1.32e-01  8e-02  1e-01 3:04.7
  376   4512 3.218349627571603e-01 8.3e+00 3.21e-02  2e-02  4e-02 3:26.1
  400   4800 3.177068733485239e-01 1.1e+01 3.41e-02  1e-02  5e-02 3:39.3
  442   5304 3.103744293030249e-01 1.9e+01 8.14e-02  3e-02  2e-01 4:02.3
  486   5832 3.024976409904106e-01 2.8e+01 6.25e-02  2e-02  1e-01 4:26.4
  500   6000 2.999332093430042e-01 2.9e+01 6.61e-02  2e-02  1e-01 4:34.1
  548   6576 2.971172649512823e-01 2.6e+01 3.50e-02  7e-03  5e-02 5:00.4
  598   7176 2.956518206744334e-01 4.7e+01 4.96e-02  8e-03  9e-02 5:27.9
  600   7200 2.955776689892909e-01 4.7e+01 4.35e-02  7e-03  8e-02 5:29.0
  653   7836 2.951820427594566e-01 6.5e+01 2.15e-02  3e-03  5e-02 5:58.0
  700   8400 2.947630542393773e-01 6.1e+01 3.56e-02  4e-03  7e-02 6:23.8
  757   9084 2.944472382128011e-01 6.3e+01 1.82e-02  2e-03  3e-02 6:55.1
  800   9600 2.943802072176377e-01 7.3e+01 1.44e-02  1e-03  2e-02 7:18.7
  861  10332 2.943491842459386e-01 6.9e+01 8.42e-03  5e-04  1e-02 7:52.1
  900  10800 2.943447823779258e-01 7.0e+01 5.89e-03  3e-04  7e-03 8:13.5
  964  11568 2.943338071836116e-01 1.4e+02 1.18e-02  5e-04  2e-02 8:48.5
 1000  12000 2.943300854025540e-01 1.3e+02 7.82e-03  3e-04  1e-02 9:08.3
Iterat #Fevals   function value  axis ratio  sigma  min&max std  t[m:s]
 1074  12888 2.943240612290229e-01 2.1e+02 7.11e-03  2e-04  2e-02 9:45.4
 1100  13200 2.943219495035984e-01 2.3e+02 8.04e-03  3e-04  2e-02 9:53.1
 1200  14400 2.943192769490230e-01 2.9e+02 3.42e-03  9e-05  8e-03 10:25.3
 1300  15600 2.943190661623674e-01 3.0e+02 1.84e-04  3e-06  4e-04 10:57.5
 1376  16512 2.943190660875216e-01 4.2e+02 5.48e-06  7e-08  1e-05 11:22.0
termination on tolfun=1e-11 (Fri Nov 27 12:19:05 2020)
final/bestever f-value = 2.943191e-01 6.957291e-02
incumbent solution: [ 15.84915601  -7.65525394  17.69152354   6.21427002   0.64191986
  32.63940591  15.73398448 -11.93706516 ...]
std deviations: [2.78428348e-07 7.84967269e-07 2.01556973e-06 1.12580710e-07
 5.53233808e-07 2.01995626e-06 6.38563021e-07 1.78449655e-06 ...]
cma
(6_w,12)-aCMA-ES (mu_w=3.7,w_1=40%) in dimension 17 (seed=506450, Fri Nov 27 12:19:07 2020)
Iterat #Fevals   function value  axis ratio  sigma  min&max std  t[m:s]
    1     12 4.955261334270972e-01 1.0e+00 9.05e-01  9e-01  9e-01 0:00.3
    2     24 2.315347697215381e-01 1.1e+00 8.76e-01  9e-01  9e-01 0:00.6
    3     36 6.791914500091604e-01 1.1e+00 8.58e-01  8e-01  9e-01 0:00.9
   11    132 8.471917351464588e-01 1.4e+00 6.14e-01  6e-01  6e-01 0:04.1
   22    264 7.301349793342339e-01 1.6e+00 6.08e-01  5e-01  6e-01 0:08.4
   37    444 1.762257895602008e-01 1.9e+00 3.96e-01  3e-01  4e-01 0:13.6
   56    672 7.495880388958696e-02 2.2e+00 2.96e-01  2e-01  3e-01 0:19.7
   78    936 3.913618832081139e-02 2.7e+00 1.39e-01  1e-01  2e-01 0:26.7
  100   1200 1.088027777338589e-02 3.2e+00 9.98e-02  8e-02  1e-01 0:33.7
  128   1536 6.161389951803820e-03 4.7e+00 7.09e-02  5e-02  9e-02 0:42.9
  160   1920 4.530268241408248e-03 6.7e+00 1.82e-02  1e-02  2e-02 0:53.0
  195   2340 4.053497230868350e-03 1.1e+01 1.95e-02  1e-02  3e-02 1:04.1
  200   2400 3.781639603443345e-03 1.3e+01 2.23e-02  1e-02  3e-02 1:05.7
  240   2880 2.251795526593052e-03 1.9e+01 4.60e-02  2e-02  8e-02 1:18.9
  283   3396 1.632095671512795e-03 2.4e+01 1.45e-02  7e-03  2e-02 1:33.0
  300   3600 1.549153877263180e-03 2.9e+01 1.65e-02  9e-03  3e-02 1:38.4
  348   4176 1.530944013890372e-03 2.9e+01 5.67e-03  3e-03  6e-03 1:54.6
  388   4656 1.524742009414669e-03 4.5e+01 2.73e-03  2e-03  3e-03 2:12.0
  400   4800 1.524227993642098e-03 5.0e+01 2.43e-03  1e-03  3e-03 2:22.1
  423   5076 1.523160871506938e-03 6.9e+01 2.81e-03  2e-03  4e-03 2:41.5
  447   5364 1.521827499193219e-03 9.7e+01 3.81e-03  2e-03  7e-03 3:01.7
  472   5664 1.518481214270196e-03 1.4e+02 7.09e-03  4e-03  2e-02 3:22.8
  499   5988 1.516190205809375e-03 1.6e+02 6.76e-03  3e-03  2e-02 3:45.5
  500   6000 1.515681309897316e-03 1.6e+02 6.17e-03  3e-03  2e-02 3:46.4
  529   6348 1.512469992581938e-03 1.8e+02 5.11e-03  3e-03  1e-02 4:10.8
  559   6708 1.510163544670857e-03 2.0e+02 5.11e-03  3e-03  2e-02 4:36.0
  590   7080 1.507100922291864e-03 2.1e+02 5.22e-03  3e-03  1e-02 5:02.1
  600   7200 1.506631706180413e-03 2.0e+02 4.47e-03  2e-03  1e-02 5:10.4
  634   7608 1.502730207420580e-03 2.4e+02 6.17e-03  3e-03  2e-02 5:38.5
  670   8040 1.499277451170869e-03 2.5e+02 6.17e-03  3e-03  1e-02 6:08.3
  700   8400 1.496645513157979e-03 2.3e+02 5.66e-03  2e-03  1e-02 6:33.0
  738   8856 1.493879723353665e-03 2.5e+02 4.81e-03  1e-03  8e-03 7:04.4
  777   9324 1.491011870335088e-03 2.8e+02 5.49e-03  2e-03  9e-03 7:36.7
  800   9600 1.489785913681866e-03 2.7e+02 5.97e-03  2e-03  9e-03 7:55.8
  842  10104 1.487778284262841e-03 2.8e+02 3.87e-03  1e-03  5e-03 8:30.6
  885  10620 1.485225083186639e-03 2.8e+02 6.36e-03  2e-03  1e-02 9:06.2
  900  10800 1.484598979232836e-03 2.7e+02 7.26e-03  2e-03  1e-02 9:18.7
  945  11340 1.482222332685706e-03 2.4e+02 7.06e-03  2e-03  1e-02 9:56.1
  991  11892 1.479644399729867e-03 2.4e+02 1.21e-02  4e-03  2e-02 10:34.2
 1000  12000 1.477697645150461e-03 2.3e+02 1.34e-02  4e-03  2e-02 10:41.7
Iterat #Fevals   function value  axis ratio  sigma  min&max std  t[m:s]
 1049  12588 1.471152359802889e-03 1.8e+02 1.11e-02  3e-03  1e-02 11:22.3
 1099  13188 1.460921032736045e-03 1.9e+02 1.28e-02  3e-03  1e-02 12:03.8
 1100  13200 1.461081139528197e-03 2.0e+02 1.36e-02  3e-03  1e-02 12:04.6
 1152  13824 1.436713725377577e-03 2.1e+02 1.65e-02  3e-03  2e-02 12:47.8
 1200  14400 1.410498996915613e-03 2.4e+02 2.06e-02  3e-03  2e-02 13:28.0
 1254  15048 1.369150223305873e-03 2.4e+02 3.41e-02  4e-03  4e-02 14:13.3
 1300  15600 1.329942359704015e-03 2.1e+02 4.68e-02  5e-03  4e-02 14:51.9
 1357  16284 1.293450073051361e-03 1.8e+02 2.87e-02  3e-03  2e-02 15:39.7
 1400  16800 1.260011540885373e-03 2.2e+02 4.23e-02  5e-03  4e-02 16:15.7
 1459  17508 1.209187843094557e-03 2.1e+02 3.26e-02  4e-03  2e-02 17:05.3
 1500  18000 1.158476530067166e-03 2.7e+02 5.27e-02  6e-03  5e-02 17:39.7
 1561  18732 1.076225182180009e-03 2.8e+02 9.13e-02  6e-03  8e-02 18:30.9
 1600  19200 9.425903132428825e-04 3.1e+02 1.02e-01  6e-03  9e-02 19:03.6
 1664  19968 7.277712132183997e-04 3.4e+02 8.99e-02  3e-03  8e-02 19:57.3
 1700  20400 6.769456239437247e-04 3.3e+02 5.03e-02  1e-03  4e-02 20:27.6
 1766  21192 5.917714272281337e-04 2.2e+02 5.25e-02  1e-03  2e-02 21:22.9
 1800  21600 5.713288443861703e-04 1.8e+02 4.26e-02  8e-04  2e-02 21:51.5
 1868  22416 5.458235596743076e-04 1.2e+02 5.98e-02  9e-04  2e-02 22:48.5
 1900  22800 5.401014278325029e-04 1.0e+02 5.11e-02  7e-04  1e-02 23:15.4
 1971  23652 4.965018094180903e-04 1.0e+02 1.22e-01  1e-03  2e-02 24:15.0
 2000  24000 4.870675891584529e-04 1.1e+02 8.41e-02  9e-04  2e-02 24:39.3
Iterat #Fevals   function value  axis ratio  sigma  min&max std  t[m:s]
 2073  24876 4.706088395201511e-04 9.6e+01 6.39e-02  6e-04  9e-03 25:40.6
 2100  25200 4.666838671567676e-04 1.0e+02 5.54e-02  5e-04  7e-03 26:03.2
 2176  26112 4.629149117781676e-04 1.1e+02 3.41e-02  2e-04  4e-03 27:06.9
 2200  26400 4.615948709775696e-04 1.1e+02 1.16e-01  7e-04  1e-02 27:27.1
 2278  27336 4.545340249695896e-04 1.0e+02 7.20e-02  4e-04  5e-03 28:32.5
 2300  27600 4.540385607695521e-04 1.2e+02 6.12e-02  3e-04  4e-03 28:50.9
 2380  28560 4.507236072666307e-04 2.0e+02 7.69e-02  3e-04  7e-03 29:58.0
 2400  28800 4.503511914006417e-04 2.0e+02 6.37e-02  2e-04  5e-03 30:14.8
 2483  29796 4.487107913922586e-04 1.9e+02 1.74e-01  5e-04  1e-02 31:24.3
 2500  30000 4.477443697143930e-04 2.1e+02 1.61e-01  4e-04  9e-03 31:38.6
 2585  31020 4.429456222815260e-04 2.3e+02 2.16e-01  5e-04  1e-02 32:49.9
 2600  31200 4.425688094879557e-04 2.2e+02 2.16e-01  5e-04  1e-02 33:02.5
 2688  32256 4.388285055305764e-04 2.2e+02 1.91e-01  3e-04  9e-03 34:16.3
 2700  32400 4.385019667625789e-04 2.1e+02 1.43e-01  3e-04  6e-03 34:26.3
 2790  33480 4.335026727101684e-04 2.0e+02 2.88e-01  4e-04  1e-02 35:41.8
 2800  33600 4.326516406324302e-04 2.1e+02 3.29e-01  5e-04  1e-02 35:50.2
 2892  34704 4.279783226607982e-04 2.1e+02 2.62e-01  4e-04  8e-03 37:07.5
 2900  34800 4.275869046205802e-04 2.0e+02 1.97e-01  3e-04  6e-03 37:14.2
 2995  35940 4.222207985692518e-04 2.1e+02 2.34e-01  3e-04  6e-03 38:33.8
 3000  36000 4.219907160696676e-04 2.2e+02 2.62e-01  3e-04  7e-03 38:38.0
Iterat #Fevals   function value  axis ratio  sigma  min&max std  t[m:s]
 3097  37164 4.202447792960470e-04 2.4e+02 2.29e-01  3e-04  5e-03 39:59.4
 3100  37200 4.201782818984234e-04 2.4e+02 2.11e-01  2e-04  5e-03 40:01.9
 3199  38388 4.183150463106214e-04 1.7e+02 1.83e-01  2e-04  3e-03 41:25.0
 3200  38400 4.182736680661972e-04 1.7e+02 1.81e-01  2e-04  3e-03 41:25.8
 3300  39600 4.124498035251338e-04 1.2e+02 1.23e+00  8e-04  1e-02 42:49.6
 3400  40800 3.981555739314563e-04 1.1e+02 1.33e+00  7e-04  1e-02 44:13.3
 3500  42000 3.848108943019607e-04 1.2e+02 1.89e+00  8e-04  1e-02 45:37.1
 3600  43200 3.661855220726802e-04 1.3e+02 1.60e+00  6e-04  1e-02 47:00.8
 3700  44400 3.579797327483049e-04 1.4e+02 1.05e+00  3e-04  7e-03 48:24.6
 3800  45600 3.509674155117219e-04 1.4e+02 1.34e+00  3e-04  7e-03 49:48.3
 3900  46800 3.444411053835518e-04 1.1e+02 1.56e+00  4e-04  6e-03 51:12.0
 4000  48000 3.431914300106460e-04 1.5e+02 9.54e-01  2e-04  4e-03 52:35.8
Iterat #Fevals   function value  axis ratio  sigma  min&max std  t[m:s]
 4100  49200 3.427931023945635e-04 1.6e+02 7.59e-01  1e-04  3e-03 53:59.6
 4200  50400 3.422451580794576e-04 2.0e+02 3.05e+00  3e-04  8e-03 55:23.3
 4300  51600 3.409790718671736e-04 1.5e+02 2.17e+00  2e-04  4e-03 56:47.0
 4400  52800 3.395730003017044e-04 2.1e+02 4.69e+00  3e-04  7e-03 58:10.7
 4500  54000 3.370691754770537e-04 2.5e+02 5.31e+00  3e-04  8e-03 59:34.3
 4600  55200 3.327185237409974e-04 2.3e+02 8.33e+00  4e-04  1e-02 60:58.0
 4700  56400 3.271439156444633e-04 2.0e+02 1.24e+01  5e-04  1e-02 62:21.6
 4800  57600 3.168923935057910e-04 2.1e+02 2.07e+01  8e-04  2e-02 63:45.3
 4900  58800 3.062471136001150e-04 2.2e+02 1.47e+01  4e-04  1e-02 65:09.0
 5000  60000 3.029113184623910e-04 2.3e+02 1.40e+01  3e-04  1e-02 66:32.6
Iterat #Fevals   function value  axis ratio  sigma  min&max std  t[m:s]
 5100  61200 2.998912262320985e-04 2.4e+02 2.99e+01  6e-04  2e-02 67:56.2
 5200  62400 2.879290480671783e-04 1.4e+02 3.47e+01  6e-04  1e-02 69:19.9
 5300  63600 2.837186095392882e-04 1.7e+02 2.94e+01  4e-04  8e-03 70:43.5
 5400  64800 2.762288610658882e-04 1.7e+02 5.23e+01  7e-04  1e-02 72:07.1
 5500  66000 2.660364256165664e-04 2.3e+02 6.76e+01  7e-04  2e-02 73:30.7
 5600  67200 2.580390640093340e-04 2.3e+02 3.05e+01  3e-04  6e-03 74:54.5
 5700  68400 2.555106642860706e-04 2.5e+02 1.02e+02  1e-03  2e-02 76:18.3
 5800  69600 2.495059321318614e-04 1.9e+02 1.32e+02  9e-04  2e-02 77:42.2
 5900  70800 2.444452583258859e-04 2.0e+02 1.21e+02  6e-04  1e-02 79:06.2
 6000  72000 2.398280988293251e-04 2.3e+02 9.44e+01  3e-04  7e-03 80:30.2
Iterat #Fevals   function value  axis ratio  sigma  min&max std  t[m:s]
 6100  73200 2.373536547356678e-04 2.2e+02 1.71e+02  6e-04  2e-02 81:54.2
 6200  74400 2.359277153862075e-04 2.5e+02 9.78e+01  3e-04  7e-03 83:17.8
 6300  75600 2.346077831288734e-04 2.8e+02 8.61e+01  2e-04  6e-03 84:41.2
 6400  76800 2.332876295040043e-04 3.1e+02 1.88e+02  4e-04  1e-02 86:04.5
 6500  78000 2.322695884662895e-04 3.3e+02 2.20e+02  4e-04  1e-02 87:27.8
 6600  79200 2.309522769467866e-04 3.1e+02 3.83e+02  4e-04  2e-02 88:51.0
 6700  80400 2.299133191411152e-04 3.0e+02 3.21e+02  3e-04  1e-02 90:14.3
 6800  81600 2.295375630286499e-04 4.0e+02 1.58e+02  1e-04  7e-03 91:37.6
 6900  82800 2.293184586821110e-04 4.3e+02 1.61e+02  1e-04  7e-03 93:00.9
 7000  84000 2.291896693817712e-04 4.1e+02 1.62e+02  7e-05  5e-03 94:24.2
Iterat #Fevals   function value  axis ratio  sigma  min&max std  t[m:s]
 7100  85200 2.290006050793805e-04 2.9e+02 2.56e+02  8e-05  5e-03 95:47.5
 7200  86400 2.288583552068387e-04 3.2e+02 4.89e+02  1e-04  7e-03 97:10.8
 7300  87600 2.287162345943526e-04 4.8e+02 2.31e+02  4e-05  3e-03 98:34.2
 7400  88800 2.286584533139739e-04 4.9e+02 1.66e+02  2e-05  2e-03 99:58.1
 7500  90000 2.286452823124341e-04 5.5e+02 8.17e+01  1e-05  7e-04 101:22.1
 7593  91116 2.286451964344844e-04 5.8e+02 8.98e+00  1e-06  6e-05 102:40.2
/home/adrianps/venvs/quantum_simulation/lib/python3.6/site-packages/scipy/optimize/optimize.py:705: ComplexWarning: Casting complex values to real discards the imaginary part
  grad[k] = df
/home/adrianps/venvs/quantum_simulation/lib/python3.6/site-packages/scipy/optimize/linesearch.py:172: ComplexWarning: Casting complex values to real discards the imaginary part
  amin, amax, isave, dsave)
/home/adrianps/venvs/quantum_simulation/lib/python3.6/site-packages/scipy/optimize/optimize.py:705: ComplexWarning: Casting complex values to real discards the imaginary part
  grad[k] = df
/home/adrianps/venvs/quantum_simulation/lib/python3.6/site-packages/scipy/optimize/linesearch.py:172: ComplexWarning: Casting complex values to real discards the imaginary part
  amin, amax, isave, dsave)
/home/adrianps/venvs/quantum_simulation/lib/python3.6/site-packages/scipy/optimize/optimize.py:705: ComplexWarning: Casting complex values to real discards the imaginary part
  grad[k] = df
/home/adrianps/venvs/quantum_simulation/lib/python3.6/site-packages/scipy/optimize/linesearch.py:172: ComplexWarning: Casting complex values to real discards the imaginary part
  amin, amax, isave, dsave)
/home/adrianps/venvs/quantum_simulation/lib/python3.6/site-packages/scipy/optimize/optimize.py:705: ComplexWarning: Casting complex values to real discards the imaginary part
  grad[k] = df
/home/adrianps/venvs/quantum_simulation/lib/python3.6/site-packages/scipy/optimize/linesearch.py:172: ComplexWarning: Casting complex values to real discards the imaginary part
  amin, amax, isave, dsave)
/home/adrianps/venvs/quantum_simulation/lib/python3.6/site-packages/scipy/optimize/optimize.py:705: ComplexWarning: Casting complex values to real discards the imaginary part
  grad[k] = df
/home/adrianps/venvs/quantum_simulation/lib/python3.6/site-packages/scipy/optimize/linesearch.py:172: ComplexWarning: Casting complex values to real discards the imaginary part
  amin, amax, isave, dsave)
/home/adrianps/venvs/quantum_simulation/lib/python3.6/site-packages/scipy/optimize/optimize.py:705: ComplexWarning: Casting complex values to real discards the imaginary part
  grad[k] = df
/home/adrianps/venvs/quantum_simulation/lib/python3.6/site-packages/scipy/optimize/linesearch.py:172: ComplexWarning: Casting complex values to real discards the imaginary part
  amin, amax, isave, dsave)
/home/adrianps/venvs/quantum_simulation/lib/python3.6/site-packages/scipy/optimize/optimize.py:705: ComplexWarning: Casting complex values to real discards the imaginary part
  grad[k] = df
/home/adrianps/venvs/quantum_simulation/lib/python3.6/site-packages/scipy/optimize/linesearch.py:172: ComplexWarning: Casting complex values to real discards the imaginary part
  amin, amax, isave, dsave)
/home/adrianps/venvs/quantum_simulation/lib/python3.6/site-packages/scipy/optimize/optimize.py:705: ComplexWarning: Casting complex values to real discards the imaginary part
  grad[k] = df
/home/adrianps/venvs/quantum_simulation/lib/python3.6/site-packages/scipy/optimize/linesearch.py:172: ComplexWarning: Casting complex values to real discards the imaginary part
  amin, amax, isave, dsave)
/home/adrianps/venvs/quantum_simulation/lib/python3.6/site-packages/scipy/optimize/optimize.py:705: ComplexWarning: Casting complex values to real discards the imaginary part
  grad[k] = df
/home/adrianps/venvs/quantum_simulation/lib/python3.6/site-packages/scipy/optimize/linesearch.py:172: ComplexWarning: Casting complex values to real discards the imaginary part
  amin, amax, isave, dsave)
/home/adrianps/venvs/quantum_simulation/lib/python3.6/site-packages/scipy/optimize/optimize.py:705: ComplexWarning: Casting complex values to real discards the imaginary part
  grad[k] = df
/home/adrianps/venvs/quantum_simulation/lib/python3.6/site-packages/scipy/optimize/linesearch.py:172: ComplexWarning: Casting complex values to real discards the imaginary part
  amin, amax, isave, dsave)
/home/adrianps/Universal-Approximator/qibo_sim/classes/ApproximantNN.py:552: RuntimeWarning: More than 20 figures have been opened. Figures created through the pyplot interface (`matplotlib.pyplot.figure`) are retained until explicitly closed and may consume too much memory. (To control this warning, see the rcParam `figure.max_open_warning`).
  fig, axs = plt.subplots(nrows=2, figsize=(8,10))
/home/adrianps/venvs/quantum_simulation/lib/python3.6/site-packages/scipy/optimize/optimize.py:705: ComplexWarning: Casting complex values to real discards the imaginary part
  grad[k] = df
/home/adrianps/venvs/quantum_simulation/lib/python3.6/site-packages/scipy/optimize/linesearch.py:172: ComplexWarning: Casting complex values to real discards the imaginary part
  amin, amax, isave, dsave)
/home/adrianps/Universal-Approximator/qibo_sim/classes/ApproximantNN.py:577: RuntimeWarning: More than 20 figures have been opened. Figures created through the pyplot interface (`matplotlib.pyplot.figure`) are retained until explicitly closed and may consume too much memory. (To control this warning, see the rcParam `figure.max_open_warning`).
  fig, axs = plt.subplots(nrows=2, figsize=(8,10))
/home/adrianps/Universal-Approximator/qibo_sim/classes/ApproximantNN.py:552: RuntimeWarning: More than 20 figures have been opened. Figures created through the pyplot interface (`matplotlib.pyplot.figure`) are retained until explicitly closed and may consume too much memory. (To control this warning, see the rcParam `figure.max_open_warning`).
  fig, axs = plt.subplots(nrows=2, figsize=(8,10))
/home/adrianps/venvs/quantum_simulation/lib/python3.6/site-packages/scipy/optimize/optimize.py:705: ComplexWarning: Casting complex values to real discards the imaginary part
  grad[k] = df
/home/adrianps/venvs/quantum_simulation/lib/python3.6/site-packages/scipy/optimize/linesearch.py:172: ComplexWarning: Casting complex values to real discards the imaginary part
  amin, amax, isave, dsave)
/home/adrianps/Universal-Approximator/qibo_sim/classes/ApproximantNN.py:577: RuntimeWarning: More than 20 figures have been opened. Figures created through the pyplot interface (`matplotlib.pyplot.figure`) are retained until explicitly closed and may consume too much memory. (To control this warning, see the rcParam `figure.max_open_warning`).
  fig, axs = plt.subplots(nrows=2, figsize=(8,10))
termination on tolfun=1e-11 (Fri Nov 27 14:02:04 2020)
final/bestever f-value = 2.286452e-04 2.286452e-04
incumbent solution: [ 1.6429427  -0.20697455  1.61636522  3.11707202 10.84667031  0.06988399
  4.05004749 -6.68029429 ...]
std deviations: [5.65478563e-06 1.44106356e-05 5.10827965e-06 4.90135097e-05
 5.92942442e-05 1.02544095e-06 2.80645059e-05 4.52507889e-05 ...]
