cma
(3_w,6)-aCMA-ES (mu_w=2.0,w_1=63%) in dimension 2 (seed=631451, Fri Nov 27 10:01:46 2020)
Iterat #Fevals   function value  axis ratio  sigma  min&max std  t[m:s]
    1      6 8.768834113272638e-01 1.0e+00 8.27e-01  7e-01  8e-01 0:00.3
    2     12 7.488702453829056e-01 1.2e+00 6.30e-01  4e-01  6e-01 0:00.5
    3     18 6.497206198226018e-01 1.6e+00 5.44e-01  4e-01  5e-01 0:00.7
   16     96 6.132841481786107e-01 1.7e+00 7.67e-02  2e-02  2e-02 0:03.9
   33    198 6.130153824509297e-01 1.8e+00 5.93e-03  2e-04  4e-04 0:08.2
   54    324 6.130153572449725e-01 1.4e+00 7.93e-05  3e-07  5e-07 0:13.4
   64    384 6.130153572449363e-01 1.6e+00 1.70e-05  3e-08  4e-08 0:15.8
termination on tolfun=1e-11 (Fri Nov 27 10:02:02 2020)
final/bestever f-value = 6.130154e-01 6.130154e-01
incumbent solution: [-0.14839495164489752, 2.9810010275231336e-09]
std deviation: [3.1944013654876905e-08, 3.928251452678157e-08]
cma
(3_w,6)-aCMA-ES (mu_w=2.0,w_1=63%) in dimension 2 (seed=560282, Fri Nov 27 10:02:03 2020)
Iterat #Fevals   function value  axis ratio  sigma  min&max std  t[m:s]
    1      6 6.225404989798001e-01 1.0e+00 9.41e-01  8e-01  9e-01 0:00.2
    2     12 5.671109493428004e-01 1.2e+00 1.03e+00  8e-01  1e+00 0:00.5
    3     18 6.091298521866207e-01 1.8e+00 1.12e+00  8e-01  1e+00 0:00.7
   16     96 5.988320799184798e-01 2.4e+00 3.05e-01  7e-02  1e-01 0:04.0
   33    198 5.984652480815855e-01 1.6e+00 3.55e-02  2e-03  3e-03 0:08.1
   54    324 5.984650607124130e-01 1.8e+00 1.40e-03  1e-05  2e-05 0:13.3
   78    468 5.984650606945910e-01 1.5e+00 5.43e-05  5e-08  8e-08 0:19.2
termination on tolfun=1e-11 (Fri Nov 27 10:02:22 2020)
final/bestever f-value = 5.984651e-01 5.671109e-01
incumbent solution: [-1.5707963301655274, 4.502993360637956]
std deviation: [5.374934584665395e-08, 7.881180363696283e-08]
cma
(4_w,8)-aCMA-ES (mu_w=2.6,w_1=52%) in dimension 5 (seed=634668, Fri Nov 27 10:02:22 2020)
Iterat #Fevals   function value  axis ratio  sigma  min&max std  t[m:s]
    1      8 4.092277554643769e-01 1.0e+00 1.05e+00  1e+00  1e+00 0:00.4
    2     16 3.799512810126864e-01 1.3e+00 9.42e-01  9e-01  1e+00 0:00.7
    3     24 2.660521874191729e-01 1.3e+00 8.04e-01  7e-01  8e-01 0:01.1
   12     96 1.882897436389241e-01 1.8e+00 3.78e-01  2e-01  3e-01 0:04.5
   23    184 1.300613693332716e-01 2.5e+00 1.27e-01  6e-02  9e-02 0:08.5
   37    296 1.283931647047850e-01 2.8e+00 2.59e-02  6e-03  1e-02 0:13.7
   54    432 1.283410068488563e-01 4.3e+00 4.32e-03  6e-04  2e-03 0:20.0
   73    584 1.283405902124969e-01 3.8e+00 5.59e-04  4e-05  1e-04 0:27.0
   95    760 1.283405879279856e-01 3.9e+00 6.69e-05  2e-06  7e-06 0:35.2
  100    800 1.283405879044399e-01 4.2e+00 5.26e-05  2e-06  5e-06 0:37.1
  125   1000 1.283405878984554e-01 4.4e+00 4.91e-06  9e-08  3e-07 0:46.3
termination on tolfun=1e-11 (Fri Nov 27 10:03:09 2020)
final/bestever f-value = 1.283406e-01 1.283406e-01
incumbent solution: [0.6966159638982043, -1.6606942895753178, -1.398598493234719, -1.996387339379495, -2.0435076127850165]
std deviation: [9.026250057140917e-08, 1.532525594688674e-07, 2.2693687727910526e-07, 1.7721317072119648e-07, 2.520921064818497e-07]
cma
(4_w,8)-aCMA-ES (mu_w=2.6,w_1=52%) in dimension 5 (seed=576647, Fri Nov 27 10:03:09 2020)
Iterat #Fevals   function value  axis ratio  sigma  min&max std  t[m:s]
    1      8 6.398417410983623e-01 1.0e+00 9.54e-01  9e-01  1e+00 0:00.4
    2     16 8.203301599892829e-01 1.2e+00 9.95e-01  1e+00  1e+00 0:00.7
    3     24 1.026073141477424e+00 1.5e+00 9.89e-01  9e-01  1e+00 0:01.1
   12     96 2.567261597877256e-01 2.1e+00 5.25e-01  4e-01  5e-01 0:04.4
   23    184 1.701397018060690e-01 2.7e+00 3.97e-01  2e-01  4e-01 0:08.5
   37    296 1.314138448784297e-01 2.3e+00 1.56e-01  5e-02  1e-01 0:13.7
   54    432 1.283433922982459e-01 3.6e+00 2.47e-02  4e-03  1e-02 0:20.0
   73    584 1.283412651999921e-01 4.3e+00 4.83e-03  5e-04  1e-03 0:27.0
   95    760 1.283406088890673e-01 4.3e+00 1.26e-03  8e-05  2e-04 0:35.2
  100    800 1.283405900464627e-01 4.1e+00 9.67e-04  6e-05  1e-04 0:37.1
  127   1016 1.283405879033898e-01 3.6e+00 9.63e-05  3e-06  7e-06 0:47.1
  154   1232 1.283405878984510e-01 3.3e+00 7.11e-06  7e-08  2e-07 0:57.1
termination on tolfun=1e-11 (Fri Nov 27 10:04:07 2020)
final/bestever f-value = 1.283406e-01 1.283406e-01
incumbent solution: [-2.444976614277998, -1.660694295173713, 1.3985984552198745, 1.1452052146212912, -2.0435074733164047]
std deviation: [7.409875089972673e-08, 1.694201959263053e-07, 1.8128917550450974e-07, 9.773971824075118e-08, 1.9862195910324535e-07]
cma
(5_w,10)-aCMA-ES (mu_w=3.2,w_1=45%) in dimension 8 (seed=633778, Fri Nov 27 10:04:07 2020)
Iterat #Fevals   function value  axis ratio  sigma  min&max std  t[m:s]
    1     10 6.380272689222243e-01 1.0e+00 9.63e-01  9e-01  1e+00 0:00.5
    2     20 5.748488735788524e-01 1.2e+00 9.39e-01  9e-01  1e+00 0:01.0
    3     30 6.531356782606770e-01 1.2e+00 9.63e-01  9e-01  1e+00 0:01.5
    9     90 5.201997797231803e-01 1.9e+00 8.86e-01  8e-01  9e-01 0:04.6
   17    170 1.634421036022447e-01 2.1e+00 4.88e-01  4e-01  5e-01 0:08.7
   27    270 2.250150811062600e-01 2.5e+00 2.61e-01  2e-01  3e-01 0:13.8
   39    390 1.352024313491636e-01 3.5e+00 1.08e-01  7e-02  1e-01 0:19.9
   53    530 1.295134049188616e-01 5.8e+00 6.40e-02  3e-02  6e-02 0:27.1
   69    690 1.228554597558837e-01 1.0e+01 8.17e-02  5e-02  8e-02 0:35.3
   87    870 1.157187538042924e-01 1.1e+01 1.03e-01  5e-02  1e-01 0:44.4
  100   1000 1.155219554627677e-01 1.1e+01 7.17e-02  3e-02  6e-02 0:51.0
  122   1220 1.144538643260323e-01 1.1e+01 6.40e-02  3e-02  4e-02 1:02.3
  146   1460 1.127446492443410e-01 1.9e+01 1.02e-01  3e-02  9e-02 1:14.5
  172   1720 1.107184284224478e-01 2.0e+01 8.40e-02  1e-02  7e-02 1:27.8
  200   2000 1.097492608592426e-01 2.5e+01 6.79e-02  7e-03  5e-02 1:42.0
  230   2300 1.086452579536315e-01 2.3e+01 1.79e-01  1e-02  8e-02 1:57.3
  262   2620 1.083920274839901e-01 2.2e+01 7.41e-02  6e-03  3e-02 2:13.7
  296   2960 1.046719211419971e-01 2.8e+01 5.24e-01  5e-02  1e-01 2:31.0
  300   3000 1.033667383052894e-01 3.2e+01 5.91e-01  5e-02  2e-01 2:33.0
  338   3380 9.318224016791242e-02 1.3e+01 4.68e-01  2e-02  6e-02 2:52.4
  378   3780 9.145380965518149e-02 1.5e+01 3.58e-01  1e-02  3e-02 3:12.7
  400   4000 9.090212807993306e-02 1.7e+01 3.31e-01  8e-03  3e-02 3:24.0
  444   4440 9.043357598176274e-02 1.7e+01 2.93e-01  6e-03  1e-02 3:46.3
  490   4900 9.041950473275422e-02 2.5e+01 1.79e-02  2e-04  6e-04 4:09.8
  500   5000 9.041949414821505e-02 2.6e+01 6.78e-03  7e-05  2e-04 4:14.8
  549   5490 9.041949297251424e-02 2.8e+01 8.29e-05  4e-07  1e-06 4:39.8
  558   5580 9.041949297247882e-02 2.2e+01 5.08e-05  2e-07  6e-07 4:44.4
termination on tolfun=1e-11 (Fri Nov 27 10:08:52 2020)
final/bestever f-value = 9.041949e-02 9.041949e-02
incumbent solution: [0.35725316877089286, -2.275878870081802, 1.724988298648651, -0.46190626496147813, -1.6706218066551808, 2.276505709854129, 4.742377793173838, 0.5848884840927295]
std deviation: [2.0563981598901255e-07, 6.111092880431163e-07, 3.49322519403606e-07, 2.3850024873596255e-07, 3.6389824846294254e-07, 3.8346098352315453e-07, 4.024664600220259e-07, 4.2118621041541084e-07]
cma
(5_w,10)-aCMA-ES (mu_w=3.2,w_1=45%) in dimension 8 (seed=576038, Fri Nov 27 10:08:54 2020)
Iterat #Fevals   function value  axis ratio  sigma  min&max std  t[m:s]
    1     10 5.209836263172749e-01 1.0e+00 8.49e-01  8e-01  9e-01 0:00.5
    2     20 4.785249860185850e-01 1.1e+00 7.68e-01  7e-01  8e-01 0:01.0
    3     30 5.265966460038511e-01 1.2e+00 8.24e-01  7e-01  9e-01 0:01.5
    9     90 2.878805922069285e-01 1.9e+00 5.74e-01  5e-01  6e-01 0:04.6
   17    170 1.795214515598276e-01 3.0e+00 5.34e-01  4e-01  6e-01 0:08.6
   27    270 2.138233576171959e-01 4.4e+00 4.86e-01  3e-01  5e-01 0:13.7
   39    390 1.331889444966601e-01 5.5e+00 2.39e-01  1e-01  3e-01 0:19.8
   53    530 1.223786857136743e-01 8.2e+00 1.07e-01  6e-02  1e-01 0:27.0
   69    690 1.158042739490332e-01 1.0e+01 6.32e-02  3e-02  6e-02 0:35.2
   87    870 1.129162858472411e-01 1.1e+01 8.21e-02  3e-02  7e-02 0:44.5
  100   1000 1.116471814506025e-01 1.6e+01 8.09e-02  3e-02  9e-02 0:51.1
  122   1220 1.100480188665841e-01 2.4e+01 5.38e-02  2e-02  7e-02 1:02.3
  146   1460 1.080620030621741e-01 2.0e+01 6.63e-02  1e-02  7e-02 1:14.6
  172   1720 1.062006289126326e-01 1.6e+01 7.70e-02  1e-02  5e-02 1:28.0
  200   2000 1.018953913201398e-01 1.9e+01 7.78e-02  1e-02  5e-02 1:42.5
  230   2300 9.869155677993113e-02 1.7e+01 3.46e-01  4e-02  1e-01 1:58.0
  261   2610 9.312345825275117e-02 1.3e+01 3.54e-01  3e-02  8e-02 2:14.1
  294   2940 9.057068710877260e-02 1.5e+01 2.00e-01  1e-02  3e-02 2:31.1
  300   3000 9.051630019103608e-02 1.5e+01 1.62e-01  9e-03  2e-02 2:34.2
  337   3370 9.041981958104203e-02 2.1e+01 3.20e-02  2e-03  4e-03 2:53.4
  376   3760 9.041949322120688e-02 2.6e+01 1.15e-03  4e-05  1e-04 3:13.5
  400   4000 9.041949297418077e-02 3.1e+01 2.12e-04  5e-06  1e-05 3:25.9
  430   4300 9.041949297253489e-02 2.5e+01 4.17e-05  5e-07  2e-06 3:41.4
termination on tolfun=1e-11 (Fri Nov 27 10:12:36 2020)
final/bestever f-value = 9.041949e-02 9.041949e-02
incumbent solution: [3.498845919997705, -2.2758783297169427, 1.416604815243231, 0.46190659642217774, 1.6706216755459937, 0.8650865195928058, 1.600784661577037, 0.5848879919910295]
std deviation: [5.432957303683205e-07, 1.5039986910428348e-06, 1.0199168646923484e-06, 6.719715623650003e-07, 1.1020611801373714e-06, 9.666220329134654e-07, 1.004541378786739e-06, 1.3094392583441357e-06]
cma
(5_w,11)-aCMA-ES (mu_w=3.4,w_1=42%) in dimension 11 (seed=617623, Fri Nov 27 10:12:37 2020)
Iterat #Fevals   function value  axis ratio  sigma  min&max std  t[m:s]
    1     11 3.228258305555780e-01 1.0e+00 9.34e-01  9e-01  1e+00 0:00.6
    2     22 4.305742061186497e-01 1.1e+00 9.55e-01  9e-01  1e+00 0:01.2
    3     33 3.376947849380068e-01 1.3e+00 9.83e-01  9e-01  1e+00 0:01.8
    8     88 5.643712803300494e-01 1.5e+00 7.37e-01  6e-01  8e-01 0:04.9
   15    165 5.678364127409147e-01 1.9e+00 6.57e-01  5e-01  7e-01 0:09.1
   24    264 3.794107696932840e-01 2.2e+00 5.23e-01  4e-01  6e-01 0:14.6
   34    374 1.396767660335736e-01 2.5e+00 3.02e-01  2e-01  3e-01 0:20.6
   46    506 1.401041943888976e-01 3.1e+00 1.72e-01  1e-01  2e-01 0:27.9
   60    660 1.179511099405900e-01 3.9e+00 7.68e-02  5e-02  7e-02 0:36.4
   75    825 1.130688793318177e-01 5.8e+00 6.96e-02  4e-02  7e-02 0:45.5
   92   1012 9.825586395869404e-02 1.0e+01 9.41e-02  6e-02  1e-01 0:55.8
  100   1100 8.064265076715500e-02 9.9e+00 1.28e-01  8e-02  2e-01 1:00.7
  120   1320 7.256305828778359e-02 8.6e+00 5.88e-02  3e-02  7e-02 1:12.8
  142   1562 7.090071531680385e-02 9.5e+00 2.28e-02  1e-02  2e-02 1:26.2
  166   1826 6.958839783831852e-02 2.3e+01 6.20e-02  3e-02  1e-01 1:40.8
  191   2101 6.495210282553474e-02 2.3e+01 6.62e-02  3e-02  1e-01 1:56.0
  200   2200 6.403708145339226e-02 2.5e+01 6.08e-02  2e-02  8e-02 2:01.4
  229   2519 6.216944575787892e-02 2.0e+01 3.68e-02  1e-02  4e-02 2:19.0
  259   2849 6.174828998677157e-02 1.6e+01 1.60e-02  4e-03  1e-02 2:37.2
  291   3201 6.172269506552013e-02 1.3e+01 2.58e-03  4e-04  1e-03 2:56.6
  300   3300 6.172253370516121e-02 1.3e+01 1.57e-03  2e-04  8e-04 3:02.1
  335   3685 6.172244584408230e-02 1.4e+01 1.77e-04  2e-05  7e-05 3:23.3
  372   4092 6.172244520694498e-02 1.2e+01 1.17e-05  1e-06  3e-06 3:45.7
  400   4400 6.172244520563498e-02 1.5e+01 2.07e-06  1e-07  5e-07 4:02.7
  404   4444 6.172244520563283e-02 1.4e+01 1.67e-06  1e-07  4e-07 4:05.1
termination on tolfun=1e-11 (Fri Nov 27 10:16:43 2020)
final/bestever f-value = 6.172245e-02 6.172245e-02
incumbent solution: [-2.27063654  1.65622472 -1.17279322 -0.41903231 -3.85965521  1.4184203
 -1.92136067 -2.92197344 ...]
std deviations: [1.13922354e-07 2.57473161e-07 1.58966535e-07 2.41306244e-07
 2.50718911e-07 1.55657000e-07 2.75554476e-07 4.28776553e-07 ...]
cma
(5_w,11)-aCMA-ES (mu_w=3.4,w_1=42%) in dimension 11 (seed=548708, Fri Nov 27 10:16:45 2020)
Iterat #Fevals   function value  axis ratio  sigma  min&max std  t[m:s]
    1     11 6.144834822046135e-01 1.0e+00 9.11e-01  9e-01  9e-01 0:00.6
    2     22 8.847938305587599e-01 1.2e+00 8.89e-01  8e-01  9e-01 0:01.2
    3     33 3.301289140644243e-01 1.3e+00 8.82e-01  8e-01  9e-01 0:01.8
    8     88 3.193096927666096e-01 1.4e+00 7.74e-01  7e-01  8e-01 0:04.9
   15    165 2.544671106162320e-01 1.8e+00 6.68e-01  5e-01  8e-01 0:09.1
   24    264 2.415595947628315e-01 2.4e+00 5.26e-01  3e-01  7e-01 0:14.6
   34    374 7.335548921908717e-02 2.9e+00 2.49e-01  1e-01  3e-01 0:20.7
   46    506 4.635540978103601e-02 3.4e+00 1.15e-01  6e-02  1e-01 0:28.0
   60    660 4.025621777469640e-02 4.1e+00 6.98e-02  3e-02  7e-02 0:36.5
   75    825 3.910016820489325e-02 5.2e+00 2.76e-02  1e-02  3e-02 0:45.6
   92   1012 3.712359652302304e-02 1.2e+01 4.44e-02  1e-02  6e-02 0:55.9
  100   1100 3.608309908911687e-02 1.5e+01 4.25e-02  1e-02  6e-02 1:00.8
  120   1320 3.314559458772828e-02 1.7e+01 4.21e-02  1e-02  7e-02 1:12.9
  142   1562 3.114463044287851e-02 2.0e+01 4.69e-02  1e-02  8e-02 1:26.2
  166   1826 2.719871515455636e-02 2.4e+01 5.67e-02  2e-02  1e-01 1:40.7
  191   2101 2.601838997419530e-02 2.0e+01 2.56e-02  8e-03  3e-02 1:55.9
  200   2200 2.591593773844141e-02 1.7e+01 1.62e-02  4e-03  2e-02 2:01.4
  229   2519 2.576183196027737e-02 1.9e+01 1.40e-02  3e-03  1e-02 2:18.9
  259   2849 2.575170647272152e-02 1.7e+01 3.18e-03  6e-04  3e-03 2:37.1
  291   3201 2.575134836550571e-02 2.3e+01 3.86e-04  6e-05  3e-04 2:56.4
  300   3300 2.575134461666719e-02 2.3e+01 2.34e-04  3e-05  2e-04 3:01.9
  335   3685 2.575134316712386e-02 2.3e+01 2.36e-05  2e-06  1e-05 3:23.0
  367   4037 2.575134315961540e-02 2.3e+01 2.36e-06  2e-07  1e-06 3:42.4
termination on tolfun=1e-11 (Fri Nov 27 10:20:28 2020)
final/bestever f-value = 2.575134e-02 2.575134e-02
incumbent solution: [ 4.86983012e-01 -4.44211273e+00  1.10041547e+00  3.09064688e-03
  3.03788864e+00  1.25039817e+00  2.87151007e+00 -3.63464865e+00 ...]
std deviations: [1.81356650e-07 7.67546075e-07 3.43808203e-07 1.75761597e-07
 6.67823265e-07 2.23833915e-07 2.62072791e-07 4.99967880e-07 ...]
cma
(5_w,11)-aCMA-ES (mu_w=3.4,w_1=42%) in dimension 14 (seed=547357, Fri Nov 27 10:20:31 2020)
Iterat #Fevals   function value  axis ratio  sigma  min&max std  t[m:s]
    1     11 4.759074371466096e-01 1.0e+00 9.64e-01  9e-01  1e+00 0:00.7
    2     22 4.005415940107411e-01 1.1e+00 1.04e+00  1e+00  1e+00 0:01.3
    3     33 4.394946056911576e-01 1.2e+00 1.02e+00  1e+00  1e+00 0:02.0
    8     88 6.846841739788345e-01 1.3e+00 8.61e-01  8e-01  9e-01 0:05.3
   15    165 5.785574648901791e-01 1.5e+00 8.38e-01  8e-01  9e-01 0:10.0
   23    253 4.883438175970720e-01 1.9e+00 7.96e-01  7e-01  9e-01 0:15.3
   33    363 3.435914210386070e-01 2.0e+00 7.50e-01  7e-01  9e-01 0:21.9
   44    484 2.124812751251537e-01 2.2e+00 4.95e-01  4e-01  6e-01 0:29.3
   57    627 2.443912703118017e-01 2.4e+00 3.21e-01  2e-01  4e-01 0:37.9
   71    781 1.430031131986975e-01 2.9e+00 1.87e-01  1e-01  2e-01 0:47.2
   87    957 1.071476185931798e-01 3.8e+00 1.30e-01  8e-02  1e-01 0:57.9
  100   1100 8.063711998153150e-02 4.0e+00 9.05e-02  6e-02  9e-02 1:06.5
  119   1309 6.031024074900568e-02 4.9e+00 7.65e-02  5e-02  8e-02 1:19.2
  139   1529 3.559829828485123e-02 6.0e+00 1.12e-01  7e-02  1e-01 1:32.5
  161   1771 2.718678706128159e-02 6.2e+00 4.91e-02  3e-02  5e-02 1:47.1
  184   2024 2.446682815365886e-02 6.5e+00 3.35e-02  2e-02  3e-02 2:02.5
  200   2200 2.333473093266322e-02 6.8e+00 2.98e-02  1e-02  3e-02 2:13.2
  226   2486 2.037851756953901e-02 8.8e+00 4.38e-02  2e-02  5e-02 2:30.5
  253   2783 1.839374192517867e-02 1.3e+01 2.84e-02  1e-02  4e-02 2:48.5
  282   3102 1.688734780449447e-02 1.9e+01 3.77e-02  2e-02  6e-02 3:07.8
  300   3300 1.619546585046767e-02 1.9e+01 2.46e-02  8e-03  4e-02 3:19.8
  332   3652 1.566914236024134e-02 2.1e+01 1.81e-02  5e-03  3e-02 3:41.2
  366   4026 1.560764053164463e-02 2.1e+01 7.05e-03  2e-03  9e-03 4:03.8
  400   4400 1.556822610032228e-02 3.1e+01 8.46e-03  1e-03  1e-02 4:26.4
  437   4807 1.555052434982424e-02 3.7e+01 5.02e-03  7e-04  9e-03 4:51.1
  475   5225 1.554544991615518e-02 4.3e+01 2.20e-03  3e-04  4e-03 5:16.4
  500   5500 1.554518823536589e-02 4.3e+01 7.73e-04  8e-05  1e-03 5:33.0
  541   5951 1.554516819896222e-02 4.1e+01 1.42e-04  1e-05  2e-04 6:00.4
  584   6424 1.554516753228436e-02 4.1e+01 1.13e-05  8e-07  1e-05 6:29.0
  600   6600 1.554516753061602e-02 4.2e+01 4.61e-06  3e-07  4e-06 6:39.7
  618   6798 1.554516753039256e-02 4.7e+01 1.73e-06  1e-07  2e-06 6:51.7
termination on tolfun=1e-11 (Fri Nov 27 10:27:23 2020)
final/bestever f-value = 1.554517e-02 1.554517e-02
incumbent solution: [ 0.83326226  0.76486954  0.93146968 -2.50749591  3.81097955 -1.31688627
 -0.28378223 -2.13765288 ...]
std deviations: [6.51848108e-07 9.24090521e-07 3.41080952e-07 9.09872536e-07
 1.57964041e-06 5.22365610e-07 1.07232555e-07 4.57774483e-07 ...]
cma
(5_w,11)-aCMA-ES (mu_w=3.4,w_1=42%) in dimension 14 (seed=538092, Fri Nov 27 10:27:26 2020)
Iterat #Fevals   function value  axis ratio  sigma  min&max std  t[m:s]
    1     11 7.554979538848828e-01 1.0e+00 8.87e-01  9e-01  9e-01 0:00.7
    2     22 4.291848129011144e-01 1.1e+00 8.42e-01  8e-01  8e-01 0:01.3
    3     33 4.555743408019918e-01 1.2e+00 8.59e-01  8e-01  9e-01 0:02.0
    8     88 3.337452726114036e-01 1.5e+00 1.00e+00  9e-01  1e+00 0:05.4
   14    154 8.179941534171664e-01 1.5e+00 9.75e-01  9e-01  1e+00 0:09.4
   22    242 8.187165464334155e-01 1.7e+00 8.22e-01  7e-01  9e-01 0:14.7
   31    341 4.577453599531052e-01 1.9e+00 6.35e-01  5e-01  7e-01 0:20.7
   42    462 2.595287749798629e-01 2.2e+00 4.86e-01  4e-01  6e-01 0:28.1
   54    594 1.901711485326231e-01 2.5e+00 3.95e-01  3e-01  4e-01 0:36.1
   68    748 1.009416807720061e-01 2.8e+00 1.65e-01  1e-01  2e-01 0:45.5
   83    913 5.843509758411089e-02 3.0e+00 8.68e-02  6e-02  9e-02 0:55.5
  100   1100 5.396950891988607e-02 3.8e+00 6.46e-02  4e-02  7e-02 1:06.9
  118   1298 4.895969956278753e-02 4.4e+00 3.97e-02  3e-02  4e-02 1:19.0
  138   1518 4.650747844193601e-02 5.8e+00 2.75e-02  2e-02  3e-02 1:32.3
  159   1749 4.583397401153416e-02 8.4e+00 2.37e-02  1e-02  3e-02 1:46.4
  182   2002 4.554739066891916e-02 1.1e+01 1.78e-02  1e-02  2e-02 2:01.7
  200   2200 4.540032511415920e-02 1.2e+01 8.60e-03  5e-03  9e-03 2:13.8
  226   2486 4.522667219727085e-02 2.2e+01 1.70e-02  8e-03  3e-02 2:31.1
  253   2783 4.476842903141213e-02 3.8e+01 2.15e-02  1e-02  6e-02 2:49.2
  282   3102 4.403880036713731e-02 3.7e+01 3.78e-02  2e-02  8e-02 3:08.5
  300   3300 4.365068364136222e-02 3.7e+01 2.94e-02  1e-02  5e-02 3:20.5
  332   3652 4.301508877717783e-02 4.0e+01 2.84e-02  1e-02  4e-02 3:41.8
  365   4015 4.248684751610354e-02 3.7e+01 2.99e-02  9e-03  4e-02 4:03.8
  400   4400 4.225639853933592e-02 3.7e+01 1.71e-02  4e-03  2e-02 4:27.2
  436   4796 4.194988820325265e-02 3.6e+01 2.54e-02  6e-03  2e-02 4:51.2
  474   5214 4.105980139386263e-02 3.3e+01 5.26e-02  1e-02  5e-02 5:16.6
  500   5500 3.658211737979734e-02 4.4e+01 1.17e-01  2e-02  2e-01 5:33.9
  541   5951 2.659350883403135e-02 4.1e+01 8.98e-02  1e-02  1e-01 6:01.3
  583   6413 2.365955175128208e-02 3.0e+01 8.19e-02  9e-03  6e-02 6:29.3
  600   6600 2.289701875840688e-02 3.3e+01 9.61e-02  1e-02  8e-02 6:40.6
  645   7095 2.132935150227109e-02 4.3e+01 4.55e-02  4e-03  4e-02 7:10.6
  692   7612 2.103785673368820e-02 4.7e+01 4.06e-02  4e-03  3e-02 7:42.0
  700   7700 2.105448715265587e-02 5.2e+01 4.06e-02  4e-03  4e-02 7:47.3
  750   8250 2.099208682448436e-02 4.7e+01 2.46e-02  2e-03  2e-02 8:20.7
  800   8800 2.087237280177372e-02 5.1e+01 4.16e-02  3e-03  3e-02 8:54.0
  853   9383 2.082071231677236e-02 5.8e+01 2.18e-02  1e-03  1e-02 9:29.4
  900   9900 2.080848504857054e-02 6.3e+01 3.51e-02  2e-03  2e-02 10:00.7
  956  10516 2.072829881028727e-02 5.6e+01 4.65e-02  2e-03  2e-02 10:38.0
 1000  11000 2.062759550493042e-02 6.4e+01 9.75e-02  5e-03  4e-02 11:07.4
Iterat #Fevals   function value  axis ratio  sigma  min&max std  t[m:s]
 1059  11649 2.056610210773444e-02 4.2e+01 4.99e-02  2e-03  1e-02 11:46.7
 1100  12100 2.051863829288822e-02 4.8e+01 6.68e-02  3e-03  1e-02 12:14.1
 1162  12782 2.044449481427564e-02 5.8e+01 7.46e-02  2e-03  1e-02 12:55.4
 1200  13200 2.036758664658571e-02 5.2e+01 1.06e-01  3e-03  2e-02 13:20.6
 1266  13926 2.020897290824152e-02 6.9e+01 1.81e-01  4e-03  3e-02 14:04.2
 1300  14300 2.011728933491012e-02 5.6e+01 1.34e-01  2e-03  2e-02 14:26.7
 1368  15048 1.996523219331151e-02 6.7e+01 1.62e-01  2e-03  2e-02 15:11.7
 1400  15400 1.994365314031855e-02 7.6e+01 1.40e-01  2e-03  2e-02 15:32.9
 1471  16181 1.982210836723259e-02 6.6e+01 3.03e-01  3e-03  3e-02 16:19.9
 1500  16500 1.969076677200595e-02 4.8e+01 2.88e-01  3e-03  2e-02 16:39.1
 1574  17314 1.927552141100710e-02 3.6e+01 5.53e-01  4e-03  2e-02 17:28.1
 1600  17600 1.921564983351243e-02 3.2e+01 3.42e-01  2e-03  1e-02 17:45.3
 1679  18469 1.908133955696548e-02 5.2e+01 3.23e-01  2e-03  1e-02 18:36.8
 1700  18700 1.904673081833554e-02 5.3e+01 3.43e-01  2e-03  1e-02 18:50.4
 1782  19602 1.897648683903306e-02 6.3e+01 3.70e-01  1e-03  1e-02 19:43.7
 1800  19800 1.897037346845283e-02 6.2e+01 4.39e-01  1e-03  2e-02 19:55.3
 1885  20735 1.895760885780102e-02 7.8e+01 1.59e-01  4e-04  5e-03 20:50.6
 1900  20900 1.895695975404723e-02 7.4e+01 1.33e-01  3e-04  4e-03 21:00.3
 1988  21868 1.891935019253198e-02 8.8e+01 1.13e+00  2e-03  3e-02 21:57.4
 2000  22000 1.891101440409952e-02 8.4e+01 1.26e+00  2e-03  3e-02 22:05.2
Iterat #Fevals   function value  axis ratio  sigma  min&max std  t[m:s]
 2091  23001 1.879270595677140e-02 7.3e+01 9.53e-01  2e-03  1e-02 23:04.3
 2100  23100 1.877891320137519e-02 7.2e+01 1.34e+00  2e-03  2e-02 23:10.1
 2194  24134 1.768268071691100e-02 5.8e+01 4.68e+00  5e-03  7e-02 24:11.2
 2200  24200 1.743897214301256e-02 6.0e+01 6.01e+00  7e-03  1e-01 24:15.1
 2298  25278 1.376389973464781e-02 3.3e+01 1.13e+01  2e-02  7e-02 25:18.7
 2300  25300 1.394210717849552e-02 3.3e+01 1.14e+01  2e-02  7e-02 25:20.0
 2400  26400 1.307283567068213e-02 2.7e+01 8.46e-01  5e-04  3e-03 26:24.9
 2500  27500 1.291574156594294e-02 4.4e+01 8.83e+00  4e-03  4e-02 27:29.5
 2600  28600 1.185586835269268e-02 3.3e+01 8.93e+00  3e-03  2e-02 28:34.2
 2700  29700 1.178065226119447e-02 2.8e+01 4.18e-01  1e-04  6e-04 29:38.4
 2800  30800 1.178062984441749e-02 2.9e+01 2.89e-03  4e-07  3e-06 30:42.5
 2819  31009 1.178062984381035e-02 2.7e+01 1.36e-03  2e-07  1e-06 30:54.6
termination on tolfun=1e-11 (Fri Nov 27 10:58:25 2020)
final/bestever f-value = 1.178063e-02 1.178063e-02
incumbent solution: [ 4.52260656 -2.24209866 -4.78720017  4.41913489  3.94933539  2.0305913
  0.91520552  6.19598323 ...]
std deviations: [1.71406350e-07 6.99655529e-07 4.23925572e-07 6.91909025e-07
 5.52501962e-07 6.05458265e-07 4.11263215e-07 9.34625358e-07 ...]
cma
(6_w,12)-aCMA-ES (mu_w=3.7,w_1=40%) in dimension 17 (seed=639814, Fri Nov 27 10:58:28 2020)
Iterat #Fevals   function value  axis ratio  sigma  min&max std  t[m:s]
    1     12 5.758154877889357e-01 1.0e+00 9.53e-01  9e-01  1e+00 0:00.8
    2     24 5.414516992328139e-01 1.1e+00 8.96e-01  9e-01  9e-01 0:01.5
    3     36 6.419074115165577e-01 1.2e+00 8.87e-01  9e-01  9e-01 0:02.3
    7     84 5.592287407509504e-01 1.3e+00 9.12e-01  9e-01  1e+00 0:05.3
   13    156 6.709159556090125e-01 1.5e+00 1.00e+00  9e-01  1e+00 0:09.8
   20    240 2.810663355861044e-01 1.7e+00 9.42e-01  9e-01  1e+00 0:15.1
   28    336 4.389796846783648e-01 1.7e+00 9.12e-01  8e-01  1e+00 0:21.1
   38    456 7.015294529787642e-01 1.9e+00 8.47e-01  7e-01  9e-01 0:28.7
   49    588 3.965197907977589e-01 2.2e+00 6.07e-01  5e-01  7e-01 0:37.0
   61    732 3.204240681599564e-01 2.4e+00 5.27e-01  4e-01  6e-01 0:46.0
   75    900 2.146645841143862e-01 2.6e+00 3.84e-01  3e-01  4e-01 0:56.6
   90   1080 1.340840415408471e-01 3.0e+00 2.45e-01  2e-01  3e-01 1:07.9
  100   1200 9.816852303516881e-02 3.1e+00 1.18e-01  9e-02  1e-01 1:15.5
  118   1416 8.448729186419747e-02 3.5e+00 6.99e-02  5e-02  7e-02 1:29.0
  137   1644 7.845373763181607e-02 4.5e+00 5.96e-02  4e-02  6e-02 1:43.4
  157   1884 7.397645923053356e-02 4.7e+00 2.98e-02  2e-02  3e-02 1:58.5
  179   2148 7.093058240033882e-02 6.2e+00 2.34e-02  1e-02  3e-02 2:15.1
  200   2400 6.764513279569817e-02 8.7e+00 3.83e-02  2e-02  5e-02 2:31.0
  224   2688 6.433592287503857e-02 1.1e+01 3.40e-02  2e-02  5e-02 2:49.1
  250   3000 5.513212388521695e-02 1.4e+01 9.61e-02  6e-02  2e-01 3:08.7
  277   3324 4.593995416857430e-02 1.4e+01 4.54e-02  2e-02  7e-02 3:29.1
  300   3600 3.858076421429939e-02 1.3e+01 6.40e-02  3e-02  9e-02 3:46.5
  330   3960 3.413141503826962e-02 1.3e+01 5.06e-02  2e-02  6e-02 4:09.1
  361   4332 3.234152989960033e-02 1.3e+01 2.77e-02  1e-02  3e-02 4:32.5
  393   4716 3.193818002681424e-02 1.2e+01 1.03e-02  5e-03  1e-02 4:56.6
  400   4800 3.192201485689742e-02 1.3e+01 9.33e-03  4e-03  9e-03 5:01.9
  435   5220 3.186024214501414e-02 1.6e+01 6.31e-03  2e-03  6e-03 5:28.3
  471   5652 3.181430734423690e-02 2.2e+01 6.11e-03  2e-03  7e-03 5:55.4
  500   6000 3.174644301957100e-02 2.8e+01 1.24e-02  4e-03  1e-02 6:17.3
  539   6468 3.165934434926621e-02 2.9e+01 1.24e-02  3e-03  1e-02 6:46.7
  579   6948 3.152375614669340e-02 3.3e+01 1.55e-02  4e-03  2e-02 7:16.9
  600   7200 3.143348474660598e-02 3.3e+01 1.56e-02  4e-03  2e-02 7:32.7
  643   7716 3.133746508748211e-02 3.0e+01 1.22e-02  2e-03  1e-02 8:05.2
  687   8244 3.124187816092915e-02 3.4e+01 1.72e-02  3e-03  2e-02 8:38.3
  700   8400 3.119936646258073e-02 3.3e+01 1.63e-02  3e-03  2e-02 8:48.2
  747   8964 3.095678816145204e-02 3.6e+01 2.43e-02  4e-03  2e-02 9:23.6
  795   9540 3.075947564206655e-02 3.2e+01 2.05e-02  3e-03  1e-02 9:59.8
  800   9600 3.072203614996451e-02 3.3e+01 2.13e-02  3e-03  2e-02 10:03.6
  851  10212 3.039005950016241e-02 3.4e+01 2.99e-02  4e-03  2e-02 10:42.1
  900  10800 2.992011518558469e-02 3.7e+01 5.23e-02  7e-03  4e-02 11:19.0
  954  11448 2.883317849802905e-02 3.4e+01 7.03e-02  8e-03  4e-02 11:59.8
 1000  12000 2.246515278651866e-02 4.1e+01 2.53e-01  3e-02  1e-01 12:34.5
Iterat #Fevals   function value  axis ratio  sigma  min&max std  t[m:s]
 1056  12672 1.858352277975478e-02 2.8e+01 9.42e-02  9e-03  4e-02 13:16.7
 1100  13200 1.775189352917077e-02 2.4e+01 4.79e-02  4e-03  2e-02 13:49.9
 1159  13908 1.698138540776791e-02 3.0e+01 6.73e-02  5e-03  2e-02 14:34.3
 1200  14400 1.618939379890198e-02 3.9e+01 9.51e-02  7e-03  4e-02 15:05.1
 1262  15144 1.560287274276907e-02 5.1e+01 5.48e-02  3e-03  3e-02 15:51.8
 1300  15600 1.555341550770016e-02 4.6e+01 3.69e-02  2e-03  2e-02 16:20.4
 1364  16368 1.544028046553835e-02 5.2e+01 6.65e-02  3e-03  3e-02 17:08.5
 1400  16800 1.539283538805954e-02 5.3e+01 4.37e-02  2e-03  2e-02 17:35.5
 1467  17604 1.531874704202560e-02 7.4e+01 5.78e-02  2e-03  3e-02 18:25.9
 1500  18000 1.530083196482137e-02 7.1e+01 2.24e-02  7e-04  1e-02 18:50.8
 1570  18840 1.525978443620829e-02 8.0e+01 4.07e-02  1e-03  1e-02 19:43.5
 1600  19200 1.524061100866758e-02 6.9e+01 7.48e-02  2e-03  2e-02 20:06.0
 1672  20064 1.519565499867532e-02 6.1e+01 7.29e-02  2e-03  2e-02 21:00.1
 1700  20400 1.518602001810462e-02 5.5e+01 6.41e-02  2e-03  1e-02 21:21.1
 1775  21300 1.517930508679237e-02 6.1e+01 1.51e-02  3e-04  2e-03 22:17.3
 1800  21600 1.517813646311132e-02 5.7e+01 2.91e-02  5e-04  4e-03 22:36.0
 1878  22536 1.517650034744839e-02 1.0e+02 1.13e-02  2e-04  2e-03 23:34.1
 1900  22800 1.517646242312367e-02 1.0e+02 4.64e-03  6e-05  9e-04 23:50.5
 1981  23772 1.517645766294975e-02 1.1e+02 7.30e-05  7e-07  1e-05 24:50.9
 2000  24000 1.517645766226354e-02 1.2e+02 2.47e-05  2e-07  4e-06 25:05.1
Iterat #Fevals   function value  axis ratio  sigma  min&max std  t[m:s]
 2012  24144 1.517645766219970e-02 1.2e+02 1.12e-05  9e-08  2e-06 25:14.0
termination on tolfun=1e-11 (Fri Nov 27 11:23:46 2020)
final/bestever f-value = 1.517646e-02 1.517646e-02
incumbent solution: [-4.78536237 -0.81175098 -0.9439701  -2.87803587 -1.70526951  3.94382727
  4.6452909   3.74499544 ...]
std deviations: [5.74885108e-07 1.60885500e-06 1.05072621e-06 9.16502892e-07
 8.92887872e-07 1.01866360e-06 5.04827417e-07 1.18635747e-06 ...]
cma
(6_w,12)-aCMA-ES (mu_w=3.7,w_1=40%) in dimension 17 (seed=533660, Fri Nov 27 11:23:50 2020)
Iterat #Fevals   function value  axis ratio  sigma  min&max std  t[m:s]
    1     12 5.648932832879362e-01 1.0e+00 9.53e-01  9e-01  1e+00 0:00.7
    2     24 7.329201827075159e-01 1.1e+00 9.68e-01  9e-01  1e+00 0:01.5
    3     36 7.570903625962135e-01 1.2e+00 9.31e-01  9e-01  1e+00 0:02.2
    8     96 4.817479972954433e-01 1.3e+00 8.21e-01  8e-01  8e-01 0:06.0
   14    168 4.903629629248113e-01 1.5e+00 8.94e-01  8e-01  9e-01 0:10.5
   21    252 5.538140817527900e-01 1.7e+00 9.59e-01  9e-01  1e+00 0:15.7
   30    360 2.239917608805622e-01 1.8e+00 7.45e-01  7e-01  8e-01 0:22.4
   40    480 3.879495446589384e-01 2.0e+00 5.84e-01  5e-01  6e-01 0:29.9
   51    612 3.178655325074361e-01 2.2e+00 4.68e-01  4e-01  5e-01 0:38.2
   64    768 2.415447310543251e-01 2.2e+00 3.07e-01  2e-01  3e-01 0:47.9
   78    936 1.640919156075190e-01 2.5e+00 2.21e-01  2e-01  2e-01 0:58.4
   93   1116 9.592903701346459e-02 2.8e+00 2.07e-01  1e-01  2e-01 1:09.7
  100   1200 1.019296172043349e-01 3.0e+00 1.94e-01  1e-01  2e-01 1:14.9
  118   1416 5.534159855247298e-02 3.3e+00 1.21e-01  8e-02  1e-01 1:28.4
  137   1644 3.717852221471061e-02 3.9e+00 4.38e-02  3e-02  4e-02 1:42.6
  157   1884 3.608240889750271e-02 4.9e+00 2.38e-02  1e-02  2e-02 1:57.6
  179   2148 3.540944374987000e-02 5.6e+00 2.77e-02  2e-02  3e-02 2:14.1
  200   2400 3.442096177866675e-02 7.6e+00 2.09e-02  1e-02  2e-02 2:29.9
  225   2700 3.341976630154803e-02 1.1e+01 2.34e-02  2e-02  3e-02 2:48.6
  251   3012 3.247756160031830e-02 1.6e+01 2.42e-02  2e-02  3e-02 3:08.1
  278   3336 3.202643483241969e-02 2.0e+01 1.69e-02  1e-02  2e-02 3:28.3
  300   3600 3.181294067444029e-02 2.2e+01 1.65e-02  1e-02  2e-02 3:44.8
  330   3960 3.156411541721100e-02 2.3e+01 1.29e-02  8e-03  2e-02 4:07.2
  361   4332 3.125989969044538e-02 2.5e+01 1.82e-02  1e-02  3e-02 4:30.4
  394   4728 3.117936532065056e-02 3.3e+01 1.97e-02  1e-02  4e-02 4:55.1
  400   4800 3.114556547482660e-02 3.5e+01 1.44e-02  8e-03  3e-02 4:59.6
  435   5220 3.103257928476037e-02 4.0e+01 9.33e-03  5e-03  2e-02 5:25.7
  472   5664 3.086348859025993e-02 4.3e+01 1.73e-02  9e-03  3e-02 5:53.4
  500   6000 3.081870000155608e-02 5.0e+01 1.09e-02  5e-03  2e-02 6:14.3
  539   6468 3.080442142084529e-02 6.1e+01 6.64e-03  2e-03  1e-02 6:43.4
  580   6960 3.079631438120375e-02 7.5e+01 2.83e-03  9e-04  4e-03 7:14.1
  600   7200 3.079437960231211e-02 8.1e+01 4.04e-03  1e-03  6e-03 7:29.1
  643   7716 3.066717517226715e-02 9.8e+01 2.66e-02  1e-02  6e-02 8:01.2
  688   8256 3.019935086402244e-02 1.4e+02 3.13e-02  1e-02  8e-02 8:34.9
  700   8400 3.012902500166997e-02 1.4e+02 4.97e-02  2e-02  1e-01 8:43.9
  747   8964 2.934090565103758e-02 1.2e+02 3.15e-02  1e-02  6e-02 9:19.0
  796   9552 2.775163150400594e-02 1.1e+02 3.47e-02  9e-03  7e-02 9:55.7
  800   9600 2.760157244459331e-02 1.1e+02 3.51e-02  9e-03  7e-02 9:58.6
  851  10212 2.670870613535716e-02 1.0e+02 6.24e-02  1e-02  1e-01 10:36.8
  900  10800 2.489872681595555e-02 7.1e+01 7.03e-02  1e-02  9e-02 11:13.4
  954  11448 2.335938504582008e-02 5.1e+01 6.37e-02  1e-02  6e-02 11:53.8
 1000  12000 2.315601059742428e-02 5.2e+01 3.41e-02  6e-03  3e-02 12:28.2
Iterat #Fevals   function value  axis ratio  sigma  min&max std  t[m:s]
 1057  12684 2.311862998147290e-02 4.6e+01 7.98e-03  1e-03  5e-03 13:10.9
 1100  13200 2.311540540416356e-02 4.6e+01 7.19e-03  9e-04  4e-03 13:43.0
 1159  13908 2.309014726941852e-02 1.1e+02 2.69e-02  3e-03  2e-02 14:27.0
 1200  14400 2.308038413374830e-02 8.5e+01 1.66e-02  2e-03  1e-02 14:57.7
 1262  15144 2.305498983273983e-02 8.1e+01 2.71e-02  3e-03  1e-02 15:43.9
 1300  15600 2.300432652267329e-02 9.6e+01 4.44e-02  4e-03  2e-02 16:12.1
 1365  16380 2.268604336561552e-02 5.8e+01 8.78e-02  6e-03  3e-02 17:00.3
 1400  16800 2.240939944915430e-02 5.1e+01 1.19e-01  1e-02  3e-02 17:26.3
 1468  17616 2.206399561422232e-02 5.8e+01 8.07e-02  6e-03  2e-02 18:16.7
 1500  18000 2.197724769278346e-02 6.5e+01 9.57e-02  6e-03  3e-02 18:40.5
 1571  18852 2.192790889319952e-02 5.9e+01 4.64e-02  3e-03  1e-02 19:33.2
 1600  19200 2.189590129177154e-02 6.4e+01 9.24e-02  4e-03  2e-02 19:54.4
 1675  20100 2.175030932623023e-02 5.3e+01 1.53e-01  6e-03  2e-02 20:49.0
 1700  20400 2.172064311555456e-02 5.1e+01 9.42e-02  3e-03  1e-02 21:07.2
 1777  21324 2.170490610667948e-02 6.1e+01 1.93e-02  6e-04  3e-03 22:03.2
 1800  21600 2.170429859931137e-02 6.7e+01 2.38e-02  7e-04  4e-03 22:19.9
 1880  22560 2.169704300365088e-02 1.1e+02 7.13e-02  2e-03  2e-02 23:18.1
 1900  22800 2.169422686230152e-02 1.1e+02 5.17e-02  1e-03  1e-02 23:32.7
 1983  23796 2.168610594315703e-02 1.9e+02 7.89e-02  2e-03  2e-02 24:33.0
 2000  24000 2.168351556915335e-02 2.0e+02 6.22e-02  1e-03  2e-02 24:45.4
Iterat #Fevals   function value  axis ratio  sigma  min&max std  t[m:s]
 2086  25032 2.167987764796514e-02 2.0e+02 3.98e-02  6e-04  9e-03 25:47.9
 2100  25200 2.167954950915991e-02 2.2e+02 3.73e-02  7e-04  9e-03 25:58.1
 2188  26256 2.167867006614382e-02 2.3e+02 2.71e-02  5e-04  5e-03 27:02.1
 2200  26400 2.167859464118151e-02 2.4e+02 3.51e-02  6e-04  7e-03 27:10.8
 2291  27492 2.167643073389571e-02 2.1e+02 5.73e-02  7e-04  7e-03 28:17.0
 2300  27600 2.167626896043925e-02 2.1e+02 4.74e-02  6e-04  5e-03 28:23.6
 2394  28728 2.167380877345656e-02 2.1e+02 9.27e-02  1e-03  9e-03 29:31.9
 2400  28800 2.167358172684757e-02 2.1e+02 9.96e-02  1e-03  9e-03 29:36.3
 2497  29964 2.166907930078325e-02 1.9e+02 1.83e-01  2e-03  1e-02 30:46.9
 2500  30000 2.166870704761107e-02 1.9e+02 1.85e-01  2e-03  1e-02 30:49.0
 2599  31188 2.166117254542044e-02 1.5e+02 2.01e-01  1e-03  9e-03 32:01.1
 2600  31200 2.166105900939956e-02 1.5e+02 2.03e-01  1e-03  9e-03 32:01.8
 2700  32400 2.164390345343850e-02 1.3e+02 5.25e-01  3e-03  1e-02 33:14.6
 2800  33600 2.137173392099891e-02 1.9e+02 1.53e+00  6e-03  5e-02 34:27.4
 2900  34800 2.074349290175936e-02 9.3e+01 2.10e+00  6e-03  4e-02 35:40.1
 3000  36000 1.999853950907393e-02 6.6e+01 2.44e+00  6e-03  3e-02 36:52.9
Iterat #Fevals   function value  axis ratio  sigma  min&max std  t[m:s]
 3100  37200 1.762486926772388e-02 5.1e+01 7.03e+00  1e-02  6e-02 37:57.6
 3200  38400 1.398409799744524e-02 3.5e+01 5.39e+00  9e-03  3e-02 38:58.5
 3300  39600 1.255012477342516e-02 3.4e+01 7.76e+00  9e-03  3e-02 39:54.0
 3400  40800 1.166744249781668e-02 3.8e+01 4.73e+00  4e-03  2e-02 40:49.5
 3500  42000 1.126245994889837e-02 4.8e+01 3.78e+00  3e-03  2e-02 41:45.1
 3600  43200 1.101943279682439e-02 6.3e+01 8.74e+00  7e-03  4e-02 42:40.6
 3700  44400 1.075846939593493e-02 4.4e+01 6.41e+00  4e-03  2e-02 43:36.2
 3800  45600 1.028028661997703e-02 5.7e+01 6.06e+00  3e-03  2e-02 44:31.0
 3900  46800 1.020013046781704e-02 7.1e+01 4.07e+00  1e-03  1e-02 45:25.8
 4000  48000 1.015083848503268e-02 9.4e+01 5.11e+00  2e-03  2e-02 46:20.7
Iterat #Fevals   function value  axis ratio  sigma  min&max std  t[m:s]
 4100  49200 1.012405008858602e-02 6.8e+01 6.45e+00  1e-03  1e-02 47:15.5
 4200  50400 1.011608106345249e-02 7.8e+01 2.51e+00  5e-04  4e-03 48:10.3
 4300  51600 1.011290268424668e-02 1.4e+02 3.09e+00  5e-04  6e-03 49:05.1
 4400  52800 1.011112617261397e-02 2.3e+02 3.07e+00  4e-04  7e-03 50:00.0
 4500  54000 1.011023309962028e-02 3.1e+02 1.68e+00  2e-04  4e-03 50:54.9
 4600  55200 1.010989732007917e-02 2.9e+02 1.18e+00  9e-05  2e-03 51:49.7
 4700  56400 1.010986754575992e-02 4.1e+02 2.35e-01  2e-05  4e-04 52:44.5
 4771  57252 1.010986746243868e-02 4.6e+02 7.04e-03  3e-07  1e-05 53:23.4
/home/adrianps/venvs/quantum_simulation/lib/python3.6/site-packages/scipy/optimize/optimize.py:705: ComplexWarning: Casting complex values to real discards the imaginary part
  grad[k] = df
/home/adrianps/venvs/quantum_simulation/lib/python3.6/site-packages/scipy/optimize/linesearch.py:172: ComplexWarning: Casting complex values to real discards the imaginary part
  amin, amax, isave, dsave)
/home/adrianps/venvs/quantum_simulation/lib/python3.6/site-packages/scipy/optimize/optimize.py:705: ComplexWarning: Casting complex values to real discards the imaginary part
  grad[k] = df
/home/adrianps/venvs/quantum_simulation/lib/python3.6/site-packages/scipy/optimize/linesearch.py:172: ComplexWarning: Casting complex values to real discards the imaginary part
  amin, amax, isave, dsave)
/home/adrianps/venvs/quantum_simulation/lib/python3.6/site-packages/scipy/optimize/optimize.py:705: ComplexWarning: Casting complex values to real discards the imaginary part
  grad[k] = df
/home/adrianps/venvs/quantum_simulation/lib/python3.6/site-packages/scipy/optimize/linesearch.py:172: ComplexWarning: Casting complex values to real discards the imaginary part
  amin, amax, isave, dsave)
/home/adrianps/venvs/quantum_simulation/lib/python3.6/site-packages/scipy/optimize/optimize.py:705: ComplexWarning: Casting complex values to real discards the imaginary part
  grad[k] = df
/home/adrianps/venvs/quantum_simulation/lib/python3.6/site-packages/scipy/optimize/linesearch.py:172: ComplexWarning: Casting complex values to real discards the imaginary part
  amin, amax, isave, dsave)
/home/adrianps/venvs/quantum_simulation/lib/python3.6/site-packages/scipy/optimize/optimize.py:705: ComplexWarning: Casting complex values to real discards the imaginary part
  grad[k] = df
/home/adrianps/venvs/quantum_simulation/lib/python3.6/site-packages/scipy/optimize/linesearch.py:172: ComplexWarning: Casting complex values to real discards the imaginary part
  amin, amax, isave, dsave)
/home/adrianps/venvs/quantum_simulation/lib/python3.6/site-packages/scipy/optimize/optimize.py:705: ComplexWarning: Casting complex values to real discards the imaginary part
  grad[k] = df
/home/adrianps/venvs/quantum_simulation/lib/python3.6/site-packages/scipy/optimize/linesearch.py:489: ComplexWarning: Casting complex values to real discards the imaginary part
  d1[0, 1] = -db ** 2
/home/adrianps/venvs/quantum_simulation/lib/python3.6/site-packages/scipy/optimize/linesearch.py:491: ComplexWarning: Casting complex values to real discards the imaginary part
  d1[1, 1] = db ** 3
/home/adrianps/venvs/quantum_simulation/lib/python3.6/site-packages/scipy/optimize/optimize.py:705: ComplexWarning: Casting complex values to real discards the imaginary part
  grad[k] = df
/home/adrianps/venvs/quantum_simulation/lib/python3.6/site-packages/scipy/optimize/linesearch.py:172: ComplexWarning: Casting complex values to real discards the imaginary part
  amin, amax, isave, dsave)
/home/adrianps/venvs/quantum_simulation/lib/python3.6/site-packages/scipy/optimize/optimize.py:705: ComplexWarning: Casting complex values to real discards the imaginary part
  grad[k] = df
/home/adrianps/venvs/quantum_simulation/lib/python3.6/site-packages/scipy/optimize/linesearch.py:172: ComplexWarning: Casting complex values to real discards the imaginary part
  amin, amax, isave, dsave)
/home/adrianps/venvs/quantum_simulation/lib/python3.6/site-packages/scipy/optimize/optimize.py:705: ComplexWarning: Casting complex values to real discards the imaginary part
  grad[k] = df
/home/adrianps/venvs/quantum_simulation/lib/python3.6/site-packages/scipy/optimize/linesearch.py:172: ComplexWarning: Casting complex values to real discards the imaginary part
  amin, amax, isave, dsave)
/home/adrianps/venvs/quantum_simulation/lib/python3.6/site-packages/scipy/optimize/optimize.py:705: ComplexWarning: Casting complex values to real discards the imaginary part
  grad[k] = df
/home/adrianps/venvs/quantum_simulation/lib/python3.6/site-packages/scipy/optimize/linesearch.py:172: ComplexWarning: Casting complex values to real discards the imaginary part
  amin, amax, isave, dsave)
/home/adrianps/venvs/quantum_simulation/lib/python3.6/site-packages/scipy/optimize/optimize.py:705: ComplexWarning: Casting complex values to real discards the imaginary part
  grad[k] = df
/home/adrianps/venvs/quantum_simulation/lib/python3.6/site-packages/scipy/optimize/linesearch.py:172: ComplexWarning: Casting complex values to real discards the imaginary part
  amin, amax, isave, dsave)
/home/adrianps/venvs/quantum_simulation/lib/python3.6/site-packages/scipy/optimize/optimize.py:705: ComplexWarning: Casting complex values to real discards the imaginary part
  grad[k] = df
/home/adrianps/venvs/quantum_simulation/lib/python3.6/site-packages/scipy/optimize/linesearch.py:172: ComplexWarning: Casting complex values to real discards the imaginary part
  amin, amax, isave, dsave)
/home/adrianps/venvs/quantum_simulation/lib/python3.6/site-packages/scipy/optimize/optimize.py:705: ComplexWarning: Casting complex values to real discards the imaginary part
  grad[k] = df
/home/adrianps/venvs/quantum_simulation/lib/python3.6/site-packages/scipy/optimize/optimize.py:705: ComplexWarning: Casting complex values to real discards the imaginary part
  grad[k] = df
/home/adrianps/venvs/quantum_simulation/lib/python3.6/site-packages/scipy/optimize/linesearch.py:488: ComplexWarning: Casting complex values to real discards the imaginary part
  d1[0, 0] = dc ** 2
/home/adrianps/venvs/quantum_simulation/lib/python3.6/site-packages/scipy/optimize/linesearch.py:489: ComplexWarning: Casting complex values to real discards the imaginary part
  d1[0, 1] = -db ** 2
/home/adrianps/venvs/quantum_simulation/lib/python3.6/site-packages/scipy/optimize/linesearch.py:490: ComplexWarning: Casting complex values to real discards the imaginary part
  d1[1, 0] = -dc ** 3
/home/adrianps/venvs/quantum_simulation/lib/python3.6/site-packages/scipy/optimize/linesearch.py:491: ComplexWarning: Casting complex values to real discards the imaginary part
  d1[1, 1] = db ** 3
/home/adrianps/Universal-Approximator/qibo_sim/classes/ApproximantNN.py:552: RuntimeWarning: More than 20 figures have been opened. Figures created through the pyplot interface (`matplotlib.pyplot.figure`) are retained until explicitly closed and may consume too much memory. (To control this warning, see the rcParam `figure.max_open_warning`).
  fig, axs = plt.subplots(nrows=2, figsize=(8,10))
/home/adrianps/venvs/quantum_simulation/lib/python3.6/site-packages/scipy/optimize/optimize.py:705: ComplexWarning: Casting complex values to real discards the imaginary part
  grad[k] = df
/home/adrianps/venvs/quantum_simulation/lib/python3.6/site-packages/scipy/optimize/linesearch.py:172: ComplexWarning: Casting complex values to real discards the imaginary part
  amin, amax, isave, dsave)
/home/adrianps/Universal-Approximator/qibo_sim/classes/ApproximantNN.py:577: RuntimeWarning: More than 20 figures have been opened. Figures created through the pyplot interface (`matplotlib.pyplot.figure`) are retained until explicitly closed and may consume too much memory. (To control this warning, see the rcParam `figure.max_open_warning`).
  fig, axs = plt.subplots(nrows=2, figsize=(8,10))
/home/adrianps/Universal-Approximator/qibo_sim/classes/ApproximantNN.py:552: RuntimeWarning: More than 20 figures have been opened. Figures created through the pyplot interface (`matplotlib.pyplot.figure`) are retained until explicitly closed and may consume too much memory. (To control this warning, see the rcParam `figure.max_open_warning`).
  fig, axs = plt.subplots(nrows=2, figsize=(8,10))
/home/adrianps/venvs/quantum_simulation/lib/python3.6/site-packages/scipy/optimize/optimize.py:705: ComplexWarning: Casting complex values to real discards the imaginary part
  grad[k] = df
/home/adrianps/venvs/quantum_simulation/lib/python3.6/site-packages/scipy/optimize/linesearch.py:172: ComplexWarning: Casting complex values to real discards the imaginary part
  amin, amax, isave, dsave)
/home/adrianps/Universal-Approximator/qibo_sim/classes/ApproximantNN.py:577: RuntimeWarning: More than 20 figures have been opened. Figures created through the pyplot interface (`matplotlib.pyplot.figure`) are retained until explicitly closed and may consume too much memory. (To control this warning, see the rcParam `figure.max_open_warning`).
  fig, axs = plt.subplots(nrows=2, figsize=(8,10))
termination on tolfun=1e-11 (Fri Nov 27 12:17:22 2020)
final/bestever f-value = 1.010987e-02 1.010987e-02
incumbent solution: [ 1.69975082 -2.14862582 -1.31716811  2.72730378 -2.52356335  5.09726037
 -6.08696378  3.45151819 ...]
std deviations: [8.99942256e-07 2.45345000e-06 1.10051200e-06 3.45132774e-07
 6.32770055e-07 7.66619421e-07 3.64793608e-06 1.02287973e-05 ...]
