cma
(3_w,6)-aCMA-ES (mu_w=2.0,w_1=63%) in dimension 2 (seed=557412, Fri Nov 27 10:01:46 2020)
Iterat #Fevals   function value  axis ratio  sigma  min&max std  t[m:s]
    1      6 5.324586616595860e-01 1.0e+00 9.56e-01  9e-01  1e+00 0:00.2
    2     12 5.529537716378388e-01 1.2e+00 8.62e-01  7e-01  8e-01 0:00.5
    3     18 5.391826177516588e-01 1.1e+00 6.92e-01  5e-01  6e-01 0:00.7
   16     96 5.057569156525297e-01 2.5e+00 1.13e-01  3e-02  4e-02 0:03.9
   33    198 5.055819387182287e-01 2.0e+00 4.90e-03  2e-04  2e-04 0:08.0
   54    324 5.055819332165933e-01 3.2e+00 8.09e-05  4e-07  5e-07 0:13.1
   62    372 5.055819332165877e-01 4.2e+00 1.48e-05  3e-08  4e-08 0:15.0
termination on tolfun=1e-11 (Fri Nov 27 10:02:01 2020)
final/bestever f-value = 5.055819e-01 5.055819e-01
incumbent solution: [3.955468453594487, -1.6343072064972]
std deviation: [3.1362314880348785e-08, 4.376487029764271e-08]
cma
(3_w,6)-aCMA-ES (mu_w=2.0,w_1=63%) in dimension 2 (seed=597591, Fri Nov 27 10:02:02 2020)
Iterat #Fevals   function value  axis ratio  sigma  min&max std  t[m:s]
    1      6 8.866035822483861e-01 1.0e+00 9.46e-01  9e-01  9e-01 0:00.2
    2     12 6.303696119352851e-01 1.2e+00 1.03e+00  8e-01  1e+00 0:00.5
    3     18 5.064774862862172e-01 1.7e+00 1.07e+00  9e-01  1e+00 0:00.7
   16     96 5.086762814913585e-01 3.8e+00 2.29e-01  8e-02  1e-01 0:03.9
   33    198 5.055823668603130e-01 2.0e+00 2.32e-02  2e-03  2e-03 0:08.0
   54    324 5.055819332502859e-01 2.1e+00 2.01e-03  2e-05  3e-05 0:13.1
   77    462 5.055819332165877e-01 2.2e+00 4.11e-05  5e-08  8e-08 0:18.6
termination on tolfun=1e-11 (Fri Nov 27 10:02:21 2020)
final/bestever f-value = 5.055819e-01 5.055819e-01
incumbent solution: [-0.8138758324998155, 1.6343072241036392]
std deviation: [5.402421734387777e-08, 7.576800027399977e-08]
cma
(4_w,8)-aCMA-ES (mu_w=2.6,w_1=52%) in dimension 5 (seed=612031, Fri Nov 27 10:02:21 2020)
Iterat #Fevals   function value  axis ratio  sigma  min&max std  t[m:s]
    1      8 5.457849770207027e-01 1.0e+00 8.77e-01  8e-01  9e-01 0:00.4
    2     16 4.097562515813359e-01 1.2e+00 8.11e-01  7e-01  8e-01 0:00.7
    3     24 8.218332154260648e-01 1.3e+00 7.65e-01  6e-01  8e-01 0:01.1
   12     96 1.802280430457356e-01 2.2e+00 4.38e-01  2e-01  5e-01 0:04.4
   24    192 1.197322148686133e-01 2.8e+00 1.43e-01  5e-02  1e-01 0:08.7
   38    304 1.055957499438730e-01 5.8e+00 1.41e-01  3e-02  1e-01 0:13.8
   55    440 6.089773448104113e-02 7.9e+00 2.37e-01  5e-02  2e-01 0:20.0
   75    600 5.638858590238603e-02 5.6e+00 5.36e-02  7e-03  3e-02 0:27.2
   97    776 5.630318246202651e-02 5.6e+00 8.39e-03  5e-04  3e-03 0:35.2
  100    800 5.630286201384602e-02 6.6e+00 6.10e-03  3e-04  2e-03 0:36.3
  128   1024 5.630270474284117e-02 7.8e+00 1.01e-03  3e-05  1e-04 0:46.5
  159   1272 5.630270330690665e-02 6.9e+00 4.72e-05  7e-07  2e-06 0:57.7
  176   1408 5.630270330596630e-02 7.7e+00 9.69e-06  7e-08  4e-07 1:03.9
termination on tolfun=1e-11 (Fri Nov 27 10:03:25 2020)
final/bestever f-value = 5.630270e-02 5.630270e-02
incumbent solution: [-0.01604527109451579, -2.4706200277858055, -0.9069459764943393, -2.477738826025884, 1.0290024837944203]
std deviation: [9.746635517749398e-08, 2.657664502561049e-07, 7.173084217117317e-08, 1.218053773825585e-07, 4.0414839541179293e-07]
cma
(4_w,8)-aCMA-ES (mu_w=2.6,w_1=52%) in dimension 5 (seed=522025, Fri Nov 27 10:03:26 2020)
Iterat #Fevals   function value  axis ratio  sigma  min&max std  t[m:s]
    1      8 5.640898842098238e-01 1.0e+00 1.16e+00  1e+00  1e+00 0:00.4
    2     16 8.361740393585367e-01 1.3e+00 1.58e+00  2e+00  2e+00 0:00.7
    3     24 9.727211574186325e-01 1.6e+00 1.42e+00  1e+00  2e+00 0:01.1
   12     96 2.302160068980228e-01 3.0e+00 6.16e-01  4e-01  8e-01 0:04.3
   24    192 1.321788655734945e-01 5.0e+00 4.52e-01  1e-01  6e-01 0:08.7
   38    304 7.774412502936688e-02 7.8e+00 3.57e-01  7e-02  5e-01 0:13.7
   55    440 7.066381531415945e-02 1.2e+01 1.18e-01  2e-02  1e-01 0:19.8
   75    600 6.929413327809784e-02 1.0e+01 1.95e-02  2e-03  9e-03 0:27.0
   98    784 6.928380474313822e-02 9.9e+00 2.11e-03  1e-04  6e-04 0:35.3
  100    800 6.928379536720847e-02 1.2e+01 1.72e-03  1e-04  5e-04 0:36.1
  128   1024 6.928377770225416e-02 7.3e+00 1.93e-04  6e-06  2e-05 0:46.2
  159   1272 6.928377759383479e-02 6.3e+00 9.81e-06  1e-07  4e-07 0:57.5
  160   1280 6.928377759382305e-02 6.1e+00 8.47e-06  9e-08  3e-07 0:57.8
termination on tolfun=1e-11 (Fri Nov 27 10:04:24 2020)
final/bestever f-value = 6.928378e-02 6.928378e-02
incumbent solution: [0.020855811750670812, -2.5285262571456593, -0.8843777396794519, -0.8411469770513036, 4.262945163303825]
std deviation: [1.3272203464707627e-07, 2.071152209115414e-07, 9.488409126332619e-08, 1.816900298816951e-07, 3.2715863169490396e-07]
cma
(5_w,10)-aCMA-ES (mu_w=3.2,w_1=45%) in dimension 8 (seed=635123, Fri Nov 27 10:04:24 2020)
Iterat #Fevals   function value  axis ratio  sigma  min&max std  t[m:s]
    1     10 4.565675044686630e-01 1.0e+00 9.32e-01  9e-01  1e+00 0:00.5
    2     20 3.761337556181595e-01 1.2e+00 8.66e-01  8e-01  9e-01 0:01.0
    3     30 4.239806698388959e-01 1.3e+00 8.33e-01  8e-01  9e-01 0:01.5
   10    100 8.986014316926749e-02 1.6e+00 4.09e-01  3e-01  4e-01 0:05.0
   19    190 1.147813812032730e-01 2.4e+00 2.50e-01  2e-01  3e-01 0:09.4
   30    300 5.309788055590942e-02 3.3e+00 1.23e-01  7e-02  1e-01 0:14.9
   43    430 5.203938415480443e-02 4.2e+00 9.07e-02  4e-02  9e-02 0:21.4
   58    580 4.869996296957572e-02 5.8e+00 4.99e-02  2e-02  4e-02 0:28.8
   75    750 4.130150636434364e-02 1.1e+01 1.23e-01  3e-02  2e-01 0:37.3
   94    940 3.802590760157153e-02 9.0e+00 9.84e-02  2e-02  1e-01 0:46.8
  100   1000 3.666586682346579e-02 9.9e+00 9.30e-02  2e-02  1e-01 0:49.7
  123   1230 3.312880806467567e-02 1.7e+01 7.48e-02  1e-02  1e-01 1:01.2
  148   1480 2.886305435436715e-02 2.7e+01 1.01e-01  2e-02  2e-01 1:13.6
  175   1750 2.865798806152361e-02 1.8e+01 1.56e-02  2e-03  1e-02 1:26.9
  200   2000 2.865315435778974e-02 1.6e+01 2.94e-03  3e-04  1e-03 1:39.3
  231   2310 2.865301341760921e-02 1.7e+01 2.05e-04  1e-05  5e-05 1:54.6
  264   2640 2.865301322393213e-02 1.4e+01 2.05e-05  8e-07  3e-06 2:10.9
  285   2850 2.865301322324037e-02 1.6e+01 6.47e-06  2e-07  9e-07 2:21.2
termination on tolfun=1e-11 (Fri Nov 27 10:06:46 2020)
final/bestever f-value = 2.865301e-02 2.865301e-02
incumbent solution: [-0.0017384725205219968, 2.5773838856961584, 2.3177825524633207, -3.1429297211462495, 5.26897066646155, -1.533323242290132, 0.7421165900206553, 1.0730979982793993]
std deviation: [3.0409206502910865e-07, 5.712109652950192e-07, 2.203921069095265e-07, 3.618511208223461e-07, 8.812967889227514e-07, 2.0414526763315577e-07, 2.661621971308819e-07, 5.433245814399577e-07]
cma
(5_w,10)-aCMA-ES (mu_w=3.2,w_1=45%) in dimension 8 (seed=555034, Fri Nov 27 10:06:47 2020)
Iterat #Fevals   function value  axis ratio  sigma  min&max std  t[m:s]
    1     10 6.262038412138952e-01 1.0e+00 9.74e-01  9e-01  1e+00 0:00.5
    2     20 3.317389448915455e-01 1.2e+00 8.73e-01  8e-01  9e-01 0:01.0
    3     30 2.761770876254358e-01 1.3e+00 8.55e-01  8e-01  9e-01 0:01.5
   10    100 9.370447168722608e-02 2.1e+00 7.03e-01  6e-01  7e-01 0:05.0
   19    190 1.233700605980090e-01 2.4e+00 4.34e-01  3e-01  4e-01 0:09.4
   30    300 7.482411204232535e-02 3.0e+00 2.51e-01  2e-01  2e-01 0:14.9
   43    430 5.908623172057269e-02 5.2e+00 1.21e-01  7e-02  1e-01 0:21.4
   58    580 5.542363736835861e-02 6.2e+00 5.08e-02  3e-02  4e-02 0:28.9
   75    750 5.529747080405308e-02 8.4e+00 1.48e-02  6e-03  1e-02 0:37.3
   94    940 5.527966698391282e-02 1.6e+01 2.97e-03  9e-04  2e-03 0:46.8
  100   1000 5.527946216164595e-02 2.1e+01 2.40e-03  7e-04  2e-03 0:49.7
  123   1230 5.527885381745759e-02 4.0e+01 2.07e-03  5e-04  2e-03 1:01.1
  148   1480 5.527713249300917e-02 8.8e+01 6.21e-03  1e-03  1e-02 1:13.6
  175   1750 5.527481224744542e-02 1.0e+02 7.18e-03  1e-03  1e-02 1:27.0
  200   2000 5.527194192879702e-02 1.3e+02 1.31e-02  2e-03  3e-02 1:39.7
  230   2300 5.526596517202269e-02 1.2e+02 1.84e-02  2e-03  2e-02 1:54.9
  262   2620 5.525470509034992e-02 1.2e+02 4.99e-02  4e-03  4e-02 2:11.1
  296   2960 5.523060763996444e-02 9.2e+01 1.01e-01  6e-03  4e-02 2:28.2
  300   3000 5.522406660928197e-02 9.9e+01 1.10e-01  6e-03  5e-02 2:30.3
  338   3380 5.504582159334350e-02 8.7e+01 2.16e-01  1e-02  7e-02 2:49.5
  378   3780 5.447955114880777e-02 3.6e+01 5.14e-01  2e-02  7e-02 3:09.7
  400   4000 5.240591646393143e-02 3.4e+01 2.01e+00  7e-02  2e-01 3:20.9
  444   4440 3.817804879509030e-02 3.4e+01 2.67e+00  4e-02  2e-01 3:43.1
  490   4900 3.427788016603012e-02 1.6e+01 1.12e+00  8e-03  4e-02 4:06.4
  500   5000 3.373154075209827e-02 2.0e+01 1.58e+00  1e-02  6e-02 4:11.5
  550   5500 2.643424345475368e-02 2.9e+01 1.82e+00  6e-03  6e-02 4:36.8
  600   6000 2.638116869156050e-02 2.3e+01 5.36e-02  9e-05  8e-04 5:02.1
  654   6540 2.638115206240422e-02 1.9e+01 2.49e-03  2e-06  2e-05 5:29.4
  687   6870 2.638115205609820e-02 2.4e+01 3.09e-04  2e-07  2e-06 5:46.1
termination on tolfun=1e-11 (Fri Nov 27 10:12:34 2020)
final/bestever f-value = 2.638115e-02 2.638115e-02
incumbent solution: [3.1190010660508753, -2.7167158377693106, 0.957586381972252, 0.0017297197600788317, -5.1886790796427915, 0.25407630398657916, 0.7385663294820576, 6.440954034691031]
std deviation: [1.9270257791302494e-07, 3.648974513050177e-07, 1.6830120753238927e-07, 6.187192460314328e-07, 1.1993262318599128e-06, 1.5857440501642038e-07, 7.408162527660005e-07, 1.5035377130940291e-06]
cma
(5_w,11)-aCMA-ES (mu_w=3.4,w_1=42%) in dimension 11 (seed=594449, Fri Nov 27 10:12:35 2020)
Iterat #Fevals   function value  axis ratio  sigma  min&max std  t[m:s]
    1     11 9.517416847404249e-01 1.0e+00 9.12e-01  9e-01  9e-01 0:00.6
    2     22 2.523143302797369e-01 1.1e+00 9.21e-01  9e-01  1e+00 0:01.2
    3     33 9.953186299275810e-01 1.3e+00 1.00e+00  9e-01  1e+00 0:01.8
    9     99 2.528228537230515e-01 1.7e+00 9.76e-01  9e-01  1e+00 0:05.4
   16    176 2.375351550310442e-01 2.0e+00 8.36e-01  7e-01  1e+00 0:09.5
   25    275 5.241911376491344e-01 2.0e+00 7.19e-01  6e-01  8e-01 0:14.9
   36    396 1.900252741465949e-01 2.1e+00 4.49e-01  4e-01  5e-01 0:21.4
   48    528 9.323765098940888e-02 3.0e+00 3.64e-01  3e-01  4e-01 0:28.6
   62    682 7.331199749630439e-02 4.0e+00 2.61e-01  2e-01  3e-01 0:36.9
   78    858 7.117935177675537e-02 4.9e+00 1.29e-01  7e-02  1e-01 0:46.4
   95   1045 6.418240231341532e-02 6.8e+00 7.07e-02  4e-02  7e-02 0:56.5
  100   1100 6.233640261481235e-02 8.1e+00 7.62e-02  4e-02  8e-02 0:59.5
  121   1331 4.550104562503000e-02 1.2e+01 8.83e-02  4e-02  1e-01 1:12.0
  143   1573 4.026596567492049e-02 1.1e+01 5.06e-02  2e-02  6e-02 1:25.1
  167   1837 3.973952461113936e-02 1.3e+01 2.02e-02  7e-03  2e-02 1:39.4
  193   2123 3.950907617072717e-02 2.5e+01 2.93e-02  1e-02  3e-02 1:54.8
  200   2200 3.940158052545044e-02 2.9e+01 3.53e-02  1e-02  5e-02 1:59.0
  229   2519 3.921498874311800e-02 3.7e+01 3.59e-02  1e-02  4e-02 2:16.2
  260   2860 3.875655290527779e-02 5.4e+01 4.81e-02  1e-02  9e-02 2:34.7
  292   3212 3.829599189577958e-02 8.4e+01 4.62e-02  9e-03  1e-01 2:53.8
  300   3300 3.819501616328108e-02 8.8e+01 5.41e-02  1e-02  1e-01 2:58.5
  336   3696 3.719088283774743e-02 7.2e+01 1.12e-01  2e-02  2e-01 3:20.0
  373   4103 3.486488323558166e-02 5.1e+01 1.28e-01  2e-02  9e-02 3:42.0
  400   4400 3.364053359744019e-02 4.1e+01 1.42e-01  2e-02  8e-02 3:58.1
  441   4851 3.247919858149514e-02 4.0e+01 6.58e-02  5e-03  3e-02 4:22.6
  484   5324 3.192431867337464e-02 3.3e+01 1.75e-01  8e-03  6e-02 4:48.1
  500   5500 3.147894782307480e-02 3.0e+01 1.85e-01  7e-03  6e-02 4:57.6
  546   6006 3.013217216266850e-02 3.3e+01 2.29e-01  6e-03  7e-02 5:25.0
  594   6534 2.905238694156344e-02 3.4e+01 2.42e-01  5e-03  6e-02 5:53.4
  600   6600 2.905493731331867e-02 3.5e+01 1.83e-01  4e-03  4e-02 5:56.9
  651   7161 2.721113001809988e-02 3.9e+01 7.74e-01  1e-02  2e-01 6:27.1
  700   7700 2.111425882911652e-02 3.2e+01 1.09e+00  1e-02  2e-01 6:56.1
  755   8305 2.050858559362376e-02 3.2e+01 1.22e-01  8e-04  1e-02 7:28.6
  800   8800 2.050561249719630e-02 4.4e+01 8.94e-03  5e-05  7e-04 7:55.2
  858   9438 2.050560265742647e-02 3.9e+01 2.10e-04  7e-07  1e-05 8:29.6
  885   9735 2.050560265671036e-02 3.5e+01 4.86e-05  1e-07  2e-06 8:45.5
termination on tolfun=1e-11 (Fri Nov 27 10:21:21 2020)
final/bestever f-value = 2.050560e-02 2.050560e-02
incumbent solution: [-0.109802    2.87538505  2.43386721  3.08544076 -5.17239245  6.52919058
 -2.88166852 10.40393381 ...]
std deviations: [3.02575372e-07 6.14932421e-07 2.42419562e-07 5.36442839e-07
 9.49865841e-07 1.31037111e-07 8.49366191e-07 1.45106301e-06 ...]
cma
(5_w,11)-aCMA-ES (mu_w=3.4,w_1=42%) in dimension 11 (seed=501230, Fri Nov 27 10:21:23 2020)
Iterat #Fevals   function value  axis ratio  sigma  min&max std  t[m:s]
    1     11 7.037359752335726e-01 1.0e+00 1.02e+00  1e+00  1e+00 0:00.6
    2     22 2.352481099413334e-01 1.2e+00 1.02e+00  1e+00  1e+00 0:01.2
    3     33 7.971154190761860e-01 1.3e+00 1.00e+00  9e-01  1e+00 0:01.8
    9     99 5.784159275016499e-01 1.5e+00 7.57e-01  7e-01  8e-01 0:05.3
   16    176 2.651257443077235e-01 1.7e+00 4.71e-01  4e-01  5e-01 0:09.5
   25    275 1.014773521352795e-01 2.1e+00 4.06e-01  3e-01  4e-01 0:14.8
   36    396 5.639109648119622e-02 2.6e+00 2.51e-01  2e-01  3e-01 0:21.4
   48    528 4.536368381425895e-02 2.5e+00 1.19e-01  8e-02  1e-01 0:28.5
   62    682 4.091293047099632e-02 3.2e+00 6.16e-02  3e-02  6e-02 0:36.9
   78    858 3.872106193276797e-02 5.0e+00 4.96e-02  2e-02  5e-02 0:46.4
   95   1045 3.760710714113866e-02 7.1e+00 3.77e-02  1e-02  4e-02 0:56.5
  100   1100 3.750863472441467e-02 7.4e+00 3.67e-02  1e-02  4e-02 0:59.5
  121   1331 3.601807629737159e-02 9.4e+00 4.13e-02  1e-02  5e-02 1:12.0
  143   1573 3.365476196495688e-02 1.8e+01 8.50e-02  3e-02  2e-01 1:25.1
  167   1837 2.951889568571934e-02 2.1e+01 7.26e-02  2e-02  1e-01 1:39.7
  192   2112 2.873034937633420e-02 2.1e+01 3.43e-02  7e-03  4e-02 1:54.9
  200   2200 2.864382975513143e-02 2.2e+01 2.57e-02  5e-03  3e-02 1:59.8
  228   2508 2.750841821898524e-02 3.2e+01 6.42e-02  1e-02  9e-02 2:16.8
  258   2838 2.705841574271207e-02 3.4e+01 2.86e-02  4e-03  4e-02 2:35.1
  290   3190 2.670306866714450e-02 5.7e+01 3.58e-02  4e-03  6e-02 2:54.5
  300   3300 2.655026541176780e-02 6.2e+01 5.21e-02  6e-03  9e-02 3:00.6
  335   3685 2.529979558696264e-02 6.4e+01 1.24e-01  1e-02  2e-01 3:21.8
  372   4092 2.273012062515462e-02 4.3e+01 1.29e-01  1e-02  1e-01 3:44.3
  400   4400 1.955922598848091e-02 3.2e+01 2.02e-01  2e-02  1e-01 4:01.3
  440   4840 1.720535886104245e-02 2.4e+01 8.18e-02  7e-03  4e-02 4:25.6
  482   5302 1.548354808929485e-02 5.3e+01 1.69e-01  1e-02  1e-01 4:51.1
  500   5500 1.534804844610420e-02 4.4e+01 9.30e-02  4e-03  5e-02 5:02.1
  545   5995 1.527339624533831e-02 3.5e+01 5.41e-03  2e-04  1e-03 5:29.4
  592   6512 1.527331468394290e-02 3.0e+01 2.55e-04  5e-06  5e-05 5:57.9
  600   6600 1.527331465096285e-02 3.0e+01 1.51e-04  3e-06  3e-05 6:02.8
  648   7128 1.527331462364045e-02 3.1e+01 7.65e-06  1e-07  9e-07 6:31.9
termination on tolfun=1e-11 (Fri Nov 27 10:27:55 2020)
final/bestever f-value = 1.527331e-02 1.527331e-02
incumbent solution: [ 3.10721389e+00  4.96008249e+00 -2.51052771e+00 -4.46606400e-02
  7.98213453e+00 -1.83550433e+00  7.89449946e-03 -3.91525675e+00 ...]
std deviations: [1.85697517e-07 5.36556089e-07 1.67753516e-07 2.36909027e-07
 7.80974572e-07 1.56986642e-07 2.01959246e-07 6.38377797e-07 ...]
cma
(5_w,11)-aCMA-ES (mu_w=3.4,w_1=42%) in dimension 14 (seed=530938, Fri Nov 27 10:27:58 2020)
Iterat #Fevals   function value  axis ratio  sigma  min&max std  t[m:s]
    1     11 8.019014642666629e-01 1.0e+00 9.60e-01  9e-01  1e+00 0:00.7
    2     22 3.695991500612983e-01 1.2e+00 9.92e-01  1e+00  1e+00 0:01.3
    3     33 3.980996895044362e-01 1.3e+00 1.02e+00  1e+00  1e+00 0:01.9
    8     88 2.342700203678241e-01 1.5e+00 9.72e-01  9e-01  1e+00 0:05.2
   15    165 7.518644261085833e-01 1.7e+00 8.60e-01  8e-01  1e+00 0:09.7
   23    253 6.499685788963947e-01 1.9e+00 9.26e-01  8e-01  1e+00 0:14.9
   33    363 6.882724510409224e-01 2.2e+00 8.87e-01  7e-01  1e+00 0:21.3
   44    484 1.636746933168317e-01 2.2e+00 8.63e-01  7e-01  1e+00 0:28.4
   57    627 4.943458886756709e-01 2.9e+00 8.29e-01  6e-01  1e+00 0:36.8
   71    781 5.180985853897567e-01 3.3e+00 5.40e-01  4e-01  7e-01 0:45.8
   87    957 2.864397924891066e-01 3.1e+00 3.35e-01  2e-01  4e-01 0:56.2
  100   1100 2.420093472014169e-01 3.3e+00 2.30e-01  1e-01  3e-01 1:04.6
  119   1309 1.729694148126691e-01 4.2e+00 1.23e-01  6e-02  1e-01 1:16.8
  140   1540 1.119495075064992e-01 6.1e+00 1.37e-01  7e-02  2e-01 1:30.4
  162   1782 5.346099892257960e-02 7.1e+00 1.24e-01  5e-02  2e-01 1:44.6
  186   2046 3.976971749604197e-02 6.7e+00 7.13e-02  3e-02  9e-02 2:00.0
  200   2200 3.425271614813589e-02 7.3e+00 6.50e-02  2e-02  9e-02 2:09.1
  227   2497 2.519752122714793e-02 1.0e+01 6.83e-02  3e-02  1e-01 2:26.4
  255   2805 2.313869073228969e-02 1.4e+01 3.46e-02  1e-02  6e-02 2:44.5
  285   3135 2.170540278497297e-02 1.4e+01 6.10e-02  2e-02  8e-02 3:03.9
  300   3300 2.112156906499198e-02 1.7e+01 6.00e-02  2e-02  7e-02 3:13.5
  333   3663 1.922742732910210e-02 2.3e+01 4.62e-02  1e-02  7e-02 3:34.8
  368   4048 1.831625763320968e-02 2.7e+01 2.48e-02  5e-03  4e-02 3:57.4
  400   4400 1.789071265255928e-02 3.7e+01 2.62e-02  4e-03  5e-02 4:18.0
  438   4818 1.776626498950119e-02 4.0e+01 1.48e-02  2e-03  3e-02 4:42.5
  477   5247 1.760623557788669e-02 5.4e+01 2.91e-02  4e-03  5e-02 5:07.7
  500   5500 1.749619598633548e-02 5.2e+01 2.50e-02  3e-03  4e-02 5:22.6
  542   5962 1.738519947784047e-02 4.6e+01 1.40e-02  2e-03  2e-02 5:49.7
  586   6446 1.727851007320584e-02 4.7e+01 1.69e-02  2e-03  2e-02 6:18.0
  600   6600 1.723869323369898e-02 4.6e+01 2.66e-02  3e-03  2e-02 6:27.0
  647   7117 1.709172183594773e-02 6.1e+01 5.11e-02  4e-03  5e-02 6:57.2
  696   7656 1.677289721239724e-02 5.8e+01 2.75e-02  2e-03  2e-02 7:28.7
  700   7700 1.672050805679657e-02 6.0e+01 2.64e-02  2e-03  2e-02 7:31.3
  752   8272 1.492279475998553e-02 3.2e+01 1.92e-01  1e-02  9e-02 8:04.6
  800   8800 1.385396373204218e-02 3.2e+01 9.31e-02  5e-03  4e-02 8:35.3
  855   9405 1.336094284987662e-02 3.1e+01 6.75e-02  3e-03  3e-02 9:10.5
  900   9900 1.286876277461969e-02 4.2e+01 1.55e-01  6e-03  7e-02 9:39.4
  958  10538 1.155360442912697e-02 4.0e+01 1.98e-01  7e-03  7e-02 10:16.7
 1000  11000 1.110914777444399e-02 3.2e+01 7.59e-02  3e-03  2e-02 10:43.7
Iterat #Fevals   function value  axis ratio  sigma  min&max std  t[m:s]
 1061  11671 1.107505242998233e-02 3.6e+01 1.38e-02  4e-04  3e-03 11:22.8
 1100  12100 1.107301966662872e-02 3.9e+01 2.46e-02  6e-04  5e-03 11:47.9
 1165  12815 1.106944470583883e-02 4.4e+01 3.78e-03  7e-05  7e-04 12:29.5
 1200  13200 1.106942400629051e-02 4.8e+01 9.28e-04  1e-05  1e-04 12:51.8
 1268  13948 1.106942359219842e-02 4.6e+01 1.96e-05  2e-07  2e-06 13:35.0
 1280  14080 1.106942359216754e-02 4.4e+01 9.68e-06  1e-07  1e-06 13:42.6
termination on tolfun=1e-11 (Fri Nov 27 10:41:42 2020)
final/bestever f-value = 1.106942e-02 1.106942e-02
incumbent solution: [-0.06318847  3.67012153 -0.62427543  2.77016739 -5.00862191  1.48897677
  3.68451437 -2.78837775 ...]
std deviations: [1.95703461e-07 8.70604344e-07 2.00026631e-07 1.90633543e-07
 8.14588301e-07 3.45535933e-07 1.69513570e-07 4.38397094e-07 ...]
cma
(5_w,11)-aCMA-ES (mu_w=3.4,w_1=42%) in dimension 14 (seed=568872, Fri Nov 27 10:41:44 2020)
Iterat #Fevals   function value  axis ratio  sigma  min&max std  t[m:s]
    1     11 4.574657538700740e-01 1.0e+00 9.26e-01  9e-01  9e-01 0:00.6
    2     22 6.984273122848078e-01 1.1e+00 9.14e-01  9e-01  9e-01 0:01.3
    3     33 5.515621684339235e-01 1.2e+00 8.83e-01  8e-01  9e-01 0:01.9
    8     88 7.819557196069595e-01 1.5e+00 9.74e-01  9e-01  1e+00 0:05.1
   15    165 8.665165689470579e-01 1.8e+00 8.87e-01  8e-01  1e+00 0:09.6
   23    253 9.521712448679319e-01 2.1e+00 1.01e+00  9e-01  1e+00 0:14.7
   33    363 9.208389256809255e-01 2.3e+00 1.10e+00  1e+00  1e+00 0:21.1
   44    484 9.070084127940233e-01 2.6e+00 1.36e+00  1e+00  2e+00 0:28.1
   57    627 9.986724491535819e-01 3.0e+00 1.33e+00  1e+00  2e+00 0:36.4
   72    792 1.060716451127031e+00 3.9e+00 1.13e+00  9e-01  2e+00 0:45.9
   88    968 8.605432649322234e-01 4.5e+00 7.78e-01  6e-01  1e+00 0:56.1
  100   1100 6.781822793215087e-01 4.3e+00 8.58e-01  6e-01  1e+00 1:03.8
  119   1309 1.015870776045579e+00 5.0e+00 1.34e+00  9e-01  2e+00 1:15.9
  140   1540 8.434333517903536e-01 5.0e+00 1.26e+00  8e-01  2e+00 1:29.2
  162   1782 5.154922201861434e-01 5.1e+00 7.15e-01  4e-01  8e-01 1:43.3
  186   2046 2.221387307731334e-01 5.8e+00 4.23e-01  2e-01  5e-01 1:58.5
  200   2200 9.688148281114674e-02 5.3e+00 4.08e-01  2e-01  4e-01 2:07.5
  227   2497 7.508243678675422e-02 5.6e+00 1.26e-01  6e-02  1e-01 2:24.7
  256   2816 6.460063326260385e-02 8.2e+00 4.35e-02  2e-02  4e-02 2:43.2
  286   3146 4.255353823284207e-02 1.2e+01 9.30e-02  4e-02  1e-01 3:02.2
  300   3300 3.574300307588364e-02 1.2e+01 5.82e-02  2e-02  5e-02 3:11.1
  334   3674 2.869890612082146e-02 1.2e+01 6.55e-02  2e-02  6e-02 3:32.7
  369   4059 2.562060426530225e-02 1.7e+01 2.31e-02  7e-03  2e-02 3:54.9
  400   4400 2.540863013017750e-02 1.7e+01 1.84e-02  4e-03  2e-02 4:14.5
  438   4818 2.330655174982815e-02 2.8e+01 6.95e-02  1e-02  9e-02 4:38.5
  478   5258 2.157746289773592e-02 2.2e+01 3.74e-02  6e-03  4e-02 5:03.8
  500   5500 2.122251318193685e-02 2.1e+01 2.36e-02  3e-03  2e-02 5:17.8
  542   5962 2.048686008641211e-02 2.4e+01 5.53e-02  7e-03  4e-02 5:44.9
  586   6446 1.985571642817084e-02 2.5e+01 4.14e-02  5e-03  3e-02 6:13.3
  600   6600 1.976004410578184e-02 2.6e+01 2.98e-02  3e-03  2e-02 6:22.3
  647   7117 1.968289193483471e-02 2.6e+01 1.76e-02  2e-03  1e-02 6:52.7
  696   7656 1.964299155830883e-02 3.1e+01 2.43e-02  2e-03  2e-02 7:24.3
  700   7700 1.963224656489343e-02 3.1e+01 2.58e-02  2e-03  2e-02 7:26.9
  752   8272 1.955045708439589e-02 5.2e+01 3.38e-02  3e-03  3e-02 8:00.4
  800   8800 1.917045807361182e-02 6.2e+01 9.43e-02  6e-03  9e-02 8:31.4
  855   9405 1.628098278678810e-02 9.2e+01 1.15e-01  6e-03  1e-01 9:06.8
  900   9900 1.548233410552580e-02 9.5e+01 1.31e-01  6e-03  2e-01 9:35.9
  958  10538 1.418357168173928e-02 5.7e+01 2.31e-01  9e-03  2e-01 10:13.3
 1000  11000 1.346949862993658e-02 5.0e+01 7.84e-02  3e-03  4e-02 10:40.3
Iterat #Fevals   function value  axis ratio  sigma  min&max std  t[m:s]
 1061  11671 1.322219197614221e-02 4.8e+01 2.16e-02  7e-04  7e-03 11:19.6
 1100  12100 1.322091561021595e-02 5.3e+01 7.44e-03  2e-04  2e-03 11:44.7
 1164  12804 1.322074023190943e-02 6.0e+01 2.14e-03  4e-05  5e-04 12:26.0
 1200  13200 1.322073668933575e-02 6.1e+01 4.24e-04  6e-06  8e-05 12:49.2
 1267  13937 1.322073657624273e-02 6.0e+01 2.16e-05  2e-07  3e-06 13:32.4
 1271  13981 1.322073657626154e-02 6.0e+01 1.77e-05  2e-07  3e-06 13:35.0
termination on tolfun=1e-11 (Fri Nov 27 10:55:21 2020)
final/bestever f-value = 1.322074e-02 1.322074e-02
incumbent solution: [ -6.35090889   9.13373954  -0.27252438   2.57414456 -11.75440939
  11.61155601   9.85558569   3.49763036 ...]
std deviations: [6.93448739e-07 2.20190006e-06 1.78958039e-07 1.08636793e-06
 2.51861092e-06 6.97420792e-07 5.62663878e-07 1.11332198e-06 ...]
cma
(6_w,12)-aCMA-ES (mu_w=3.7,w_1=40%) in dimension 17 (seed=606032, Fri Nov 27 10:55:24 2020)
Iterat #Fevals   function value  axis ratio  sigma  min&max std  t[m:s]
    1     12 8.536339639342896e-01 1.0e+00 9.53e-01  9e-01  1e+00 0:00.7
    2     24 5.166516304197946e-01 1.1e+00 9.11e-01  9e-01  9e-01 0:01.5
    3     36 4.114876875410008e-01 1.2e+00 8.55e-01  8e-01  9e-01 0:02.2
    8     96 5.333137563241129e-01 1.3e+00 7.22e-01  7e-01  8e-01 0:05.9
   14    168 1.833983386944592e-01 1.5e+00 5.45e-01  5e-01  6e-01 0:10.4
   21    252 2.581361553782937e-01 1.6e+00 3.59e-01  3e-01  4e-01 0:15.5
   30    360 1.126732037181090e-01 1.8e+00 3.15e-01  3e-01  3e-01 0:22.1
   40    480 1.350491940652678e-01 2.0e+00 2.71e-01  2e-01  3e-01 0:29.5
   51    612 1.361544010365149e-01 2.2e+00 2.17e-01  2e-01  2e-01 0:37.6
   64    768 5.928955827398073e-02 2.4e+00 1.19e-01  8e-02  1e-01 0:47.2
   78    936 5.493474497490527e-02 3.0e+00 8.68e-02  6e-02  9e-02 0:57.6
   93   1116 4.475177986677785e-02 3.6e+00 5.59e-02  4e-02  6e-02 1:08.6
  100   1200 4.190880531942719e-02 3.9e+00 4.28e-02  3e-02  4e-02 1:13.8
  118   1416 3.962440081133261e-02 4.9e+00 4.06e-02  3e-02  5e-02 1:27.1
  137   1644 3.758780078562771e-02 5.9e+00 4.40e-02  3e-02  6e-02 1:41.1
  158   1896 3.193655376824827e-02 1.0e+01 7.90e-02  5e-02  1e-01 1:56.6
  180   2160 2.686672058198836e-02 9.6e+00 4.92e-02  3e-02  8e-02 2:12.8
  200   2400 2.498489500557140e-02 9.4e+00 2.28e-02  1e-02  3e-02 2:27.6
  225   2700 2.453667296335401e-02 1.1e+01 2.64e-02  1e-02  4e-02 2:45.9
  251   3012 2.342504963895525e-02 1.7e+01 2.41e-02  1e-02  4e-02 3:05.0
  279   3348 2.248627091131868e-02 2.0e+01 1.67e-02  7e-03  3e-02 3:25.6
  300   3600 2.170421962315585e-02 2.3e+01 1.80e-02  8e-03  3e-02 3:41.0
  330   3960 2.092940262739879e-02 2.2e+01 2.80e-02  1e-02  4e-02 4:03.1
  362   4344 2.056908297838137e-02 1.9e+01 1.95e-02  8e-03  3e-02 4:26.6
  395   4740 2.035388650095467e-02 2.1e+01 2.81e-02  1e-02  4e-02 4:50.9
  400   4800 2.036287882210108e-02 2.1e+01 2.18e-02  8e-03  3e-02 4:54.6
  436   5232 1.952100690741580e-02 2.8e+01 2.47e-02  8e-03  4e-02 5:21.2
  473   5676 1.760396016392893e-02 3.4e+01 5.42e-02  2e-02  9e-02 5:48.4
  500   6000 1.607019202334371e-02 3.1e+01 4.44e-02  1e-02  6e-02 6:08.2
  540   6480 1.496018079539038e-02 3.1e+01 2.29e-02  6e-03  3e-02 6:37.6
  581   6972 1.476482165806171e-02 2.7e+01 1.37e-02  3e-03  2e-02 7:07.8
  600   7200 1.474594908212785e-02 2.7e+01 7.40e-03  2e-03  8e-03 7:21.9
  644   7728 1.468991691275902e-02 2.6e+01 9.40e-03  2e-03  1e-02 7:54.3
  689   8268 1.456665881370975e-02 4.0e+01 2.04e-02  4e-03  3e-02 8:27.4
  700   8400 1.455114574755862e-02 4.4e+01 1.61e-02  3e-03  3e-02 8:35.5
  748   8976 1.446206195373318e-02 6.4e+01 1.11e-02  2e-03  2e-02 9:10.9
  797   9564 1.444006836682419e-02 6.3e+01 9.85e-03  1e-03  2e-02 9:47.0
  800   9600 1.443700249886770e-02 6.5e+01 9.31e-03  1e-03  2e-02 9:49.2
  852  10224 1.439765457332599e-02 5.4e+01 2.49e-02  3e-03  3e-02 10:27.5
  900  10800 1.428619198728650e-02 4.5e+01 2.53e-02  2e-03  2e-02 11:02.9
  955  11460 1.395992345071210e-02 5.8e+01 4.17e-02  4e-03  4e-02 11:43.2
 1000  12000 1.342957617347585e-02 6.9e+01 6.04e-02  5e-03  7e-02 12:16.0
Iterat #Fevals   function value  axis ratio  sigma  min&max std  t[m:s]
 1058  12696 1.108779187997628e-02 7.0e+01 1.47e-01  1e-02  2e-01 12:58.4
 1100  13200 1.022574439381941e-02 5.3e+01 1.06e-01  8e-03  9e-02 13:29.0
 1161  13932 9.858260471031525e-03 6.6e+01 5.69e-02  4e-03  5e-02 14:13.4
 1200  14400 9.712635474557512e-03 7.4e+01 6.20e-02  4e-03  6e-02 14:41.9
 1264  15168 9.567539115161852e-03 6.4e+01 4.67e-02  3e-03  3e-02 15:28.5
 1300  15600 9.506683440454302e-03 5.2e+01 2.93e-02  2e-03  1e-02 15:54.7
 1376  16512 9.338433610071443e-03 5.3e+01 4.36e-02  2e-03  2e-02 16:42.7
 1400  16800 9.240667235266129e-03 6.0e+01 7.95e-02  4e-03  3e-02 16:52.6
 1500  18000 8.600005394785568e-03 7.0e+01 1.00e-01  4e-03  4e-02 17:34.1
 1600  19200 8.182328584144577e-03 6.9e+01 9.92e-02  4e-03  3e-02 18:15.5
 1700  20400 8.128560520520047e-03 6.2e+01 1.39e-02  4e-04  3e-03 18:56.6
 1800  21600 8.128286546360752e-03 7.5e+01 5.40e-04  1e-05  1e-04 19:38.0
 1873  22476 8.128286455127259e-03 7.0e+01 9.90e-06  1e-07  1e-06 20:08.2
termination on tolfun=1e-11 (Fri Nov 27 11:15:35 2020)
final/bestever f-value = 8.128286e-03 8.128286e-03
incumbent solution: [-0.04626735 -3.30781138 -0.74513228  0.15826081  7.36677107  1.62731854
 -2.38133959  6.04579866 ...]
std deviations: [2.02594847e-07 6.41436722e-07 1.91653696e-07 2.80811056e-07
 1.16667276e-06 3.16616612e-07 3.73954662e-07 1.12287285e-06 ...]
cma
(6_w,12)-aCMA-ES (mu_w=3.7,w_1=40%) in dimension 17 (seed=594742, Fri Nov 27 11:15:37 2020)
Iterat #Fevals   function value  axis ratio  sigma  min&max std  t[m:s]
    1     12 8.762870083051493e-01 1.0e+00 9.30e-01  9e-01  9e-01 0:00.4
    2     24 1.009809536723910e+00 1.1e+00 9.33e-01  9e-01  1e+00 0:00.8
    3     36 9.187750250281000e-01 1.2e+00 9.19e-01  9e-01  1e+00 0:01.2
   11    132 5.705506228406524e-01 1.4e+00 7.48e-01  7e-01  8e-01 0:04.5
   21    252 6.935888350652056e-01 1.7e+00 9.45e-01  8e-01  1e+00 0:08.7
   34    408 3.297734908293884e-01 2.0e+00 7.77e-01  7e-01  9e-01 0:14.0
   49    588 3.462710572382761e-01 2.0e+00 5.15e-01  4e-01  6e-01 0:20.3
   66    792 1.882364328597068e-01 2.6e+00 3.62e-01  3e-01  4e-01 0:27.4
   86   1032 1.492496053710266e-01 2.9e+00 3.19e-01  2e-01  4e-01 0:35.7
  100   1200 8.308601541070539e-02 3.6e+00 2.93e-01  2e-01  4e-01 0:41.4
  125   1500 5.340776175781244e-02 4.6e+00 1.72e-01  1e-01  2e-01 0:51.8
  152   1824 3.537364139503352e-02 5.6e+00 7.93e-02  5e-02  9e-02 1:03.1
  182   2184 3.009595167987080e-02 6.6e+00 3.94e-02  2e-02  4e-02 1:15.4
  200   2400 2.973808853491719e-02 8.1e+00 1.98e-02  1e-02  2e-02 1:22.9
  234   2808 2.893771595620672e-02 1.4e+01 1.87e-02  9e-03  3e-02 1:36.9
  271   3252 2.766943624040838e-02 2.1e+01 2.53e-02  1e-02  5e-02 1:52.3
  300   3600 2.729535939935955e-02 2.7e+01 3.61e-02  1e-02  7e-02 2:04.2
  342   4104 2.624365434183209e-02 3.2e+01 2.92e-02  1e-02  6e-02 2:21.5
  386   4632 2.221917273614176e-02 5.3e+01 3.41e-02  1e-02  1e-01 2:39.9
  400   4800 2.196563121784004e-02 4.6e+01 2.77e-02  1e-02  7e-02 2:45.6
  449   5388 2.067439991320393e-02 3.6e+01 3.82e-02  1e-02  6e-02 3:05.9
  500   6000 1.881368481204695e-02 4.7e+01 4.61e-02  1e-02  8e-02 3:27.0
  554   6648 1.688942935885386e-02 6.1e+01 4.85e-02  7e-03  1e-01 3:49.2
  600   7200 1.636137162183832e-02 5.9e+01 3.07e-02  4e-03  7e-02 4:08.4
  659   7908 1.401065737917808e-02 6.5e+01 7.38e-02  8e-03  2e-01 4:32.7
  700   8400 1.304093445222962e-02 6.3e+01 2.76e-02  3e-03  5e-02 4:49.7
  764   9168 1.297510333059381e-02 5.8e+01 1.26e-02  1e-03  2e-02 5:16.1
  800   9600 1.294063128770981e-02 7.1e+01 1.45e-02  1e-03  3e-02 5:31.0
  868  10416 1.286701509534708e-02 1.2e+02 2.23e-02  1e-03  5e-02 5:59.1
  900  10800 1.283697520468765e-02 1.3e+02 1.95e-02  1e-03  4e-02 6:12.2
  973  11676 1.280236188641070e-02 1.0e+02 1.47e-02  7e-04  2e-02 6:42.5
 1000  12000 1.279578244948417e-02 1.1e+02 1.45e-02  7e-04  2e-02 6:53.6
Iterat #Fevals   function value  axis ratio  sigma  min&max std  t[m:s]
 1078  12936 1.278584104582271e-02 1.1e+02 1.56e-02  6e-04  1e-02 7:25.8
 1100  13200 1.278406121328439e-02 1.0e+02 8.37e-03  3e-04  7e-03 7:34.9
 1183  14196 1.277886015786349e-02 1.3e+02 9.82e-03  3e-04  8e-03 8:09.1
 1200  14400 1.277844210784097e-02 1.3e+02 8.82e-03  2e-04  6e-03 8:16.2
 1288  15456 1.277529046606522e-02 1.6e+02 8.13e-03  2e-04  5e-03 8:52.4
 1300  15600 1.277501463000104e-02 1.7e+02 7.24e-03  2e-04  5e-03 8:57.3
 1393  16716 1.277317398536255e-02 2.8e+02 1.07e-02  2e-04  1e-02 9:35.3
 1400  16800 1.277298600793461e-02 2.9e+02 8.07e-03  2e-04  1e-02 9:38.2
 1498  17976 1.277193232840648e-02 3.5e+02 7.46e-03  1e-04  8e-03 10:18.3
 1500  18000 1.277194965112311e-02 3.7e+02 7.27e-03  1e-04  8e-03 10:19.1
 1600  19200 1.277157651578328e-02 4.3e+02 3.35e-03  5e-05  4e-03 11:00.1
 1700  20400 1.277145696206346e-02 3.9e+02 3.70e-03  4e-05  3e-03 11:41.1
 1800  21600 1.277105918003757e-02 2.3e+02 8.86e-03  7e-05  5e-03 12:22.1
 1900  22800 1.277012979110283e-02 2.0e+02 2.03e-02  1e-04  5e-03 13:03.0
 2000  24000 1.276914282617917e-02 2.6e+02 1.99e-02  1e-04  5e-03 13:44.0
Iterat #Fevals   function value  axis ratio  sigma  min&max std  t[m:s]
 2100  25200 1.276803043358322e-02 3.5e+02 3.31e-02  2e-04  9e-03 14:25.0
 2200  26400 1.276695851863929e-02 3.9e+02 4.65e-02  2e-04  1e-02 15:06.0
 2300  27600 1.276615099941032e-02 2.7e+02 2.36e-02  8e-05  5e-03 15:47.0
 2400  28800 1.276571543818701e-02 3.3e+02 1.49e-02  5e-05  3e-03 16:27.9
 2500  30000 1.276563095059252e-02 3.3e+02 1.18e-02  3e-05  2e-03 17:08.9
 2600  31200 1.276553488593495e-02 3.5e+02 2.50e-02  4e-05  3e-03 17:49.9
 2700  32400 1.276535144171893e-02 1.9e+02 6.58e-02  8e-05  4e-03 18:30.9
 2800  33600 1.276523644317343e-02 2.2e+02 4.89e-02  5e-05  3e-03 19:11.9
 2900  34800 1.276513783845277e-02 2.0e+02 4.31e-02  3e-05  2e-03 19:52.8
 3000  36000 1.276509223408586e-02 3.2e+02 4.10e-02  3e-05  2e-03 20:33.8
Iterat #Fevals   function value  axis ratio  sigma  min&max std  t[m:s]
 3100  37200 1.276506907807608e-02 3.0e+02 4.59e-02  2e-05  2e-03 21:14.8
 3200  38400 1.276503739530969e-02 3.4e+02 4.21e-02  1e-05  1e-03 21:55.5
 3300  39600 1.276501442186271e-02 4.3e+02 5.39e-02  2e-05  2e-03 22:36.0
 3400  40800 1.276499257751664e-02 4.9e+02 7.12e-02  2e-05  2e-03 23:16.7
 3500  42000 1.276496597364522e-02 4.9e+02 1.07e-01  3e-05  2e-03 23:57.3
 3600  43200 1.276491552257662e-02 4.2e+02 1.46e-01  3e-05  3e-03 24:38.3
 3700  44400 1.276484955074926e-02 4.5e+02 2.43e-01  3e-05  4e-03 25:19.2
 3800  45600 1.276477719728173e-02 4.9e+02 1.69e-01  2e-05  3e-03 26:00.3
 3900  46800 1.276472433607254e-02 5.9e+02 3.11e-01  3e-05  4e-03 26:41.1
 4000  48000 1.276468674837601e-02 6.0e+02 2.17e-01  2e-05  3e-03 27:22.3
Iterat #Fevals   function value  axis ratio  sigma  min&max std  t[m:s]
 4100  49200 1.276465279873240e-02 4.7e+02 3.49e-01  3e-05  3e-03 28:02.7
 4200  50400 1.276461567980441e-02 4.7e+02 3.63e-01  2e-05  2e-03 28:42.1
 4300  51600 1.276454745609020e-02 4.0e+02 9.96e-01  5e-05  5e-03 29:21.7
 4400  52800 1.276442612221916e-02 3.1e+02 9.77e-01  4e-05  3e-03 30:01.3
 4500  54000 1.276429349484723e-02 2.8e+02 1.18e+00  4e-05  2e-03 30:40.9
 4600  55200 1.276394326876377e-02 3.2e+02 3.01e+00  8e-05  8e-03 31:20.4
 4700  56400 1.276367065860886e-02 3.2e+02 1.68e+00  3e-05  3e-03 32:00.1
 4800  57600 1.276344677227332e-02 3.1e+02 2.17e+00  4e-05  4e-03 32:39.6
 4900  58800 1.276293185628214e-02 2.6e+02 8.43e+00  2e-04  8e-03 33:19.2
 5000  60000 1.276239584773851e-02 1.9e+02 5.25e+00  9e-05  4e-03 33:58.8
Iterat #Fevals   function value  axis ratio  sigma  min&max std  t[m:s]
 5100  61200 1.276170091675312e-02 2.2e+02 7.98e+00  1e-04  6e-03 34:38.5
 5200  62400 1.276062292009626e-02 2.5e+02 8.83e+00  9e-05  6e-03 35:18.1
 5300  63600 1.275880837967914e-02 2.3e+02 1.54e+01  1e-04  7e-03 35:57.7
 5400  64800 1.275506139827878e-02 2.3e+02 2.63e+01  2e-04  1e-02 36:37.3
 5500  66000 1.274863171354614e-02 2.1e+02 5.16e+01  3e-04  2e-02 37:16.9
 5600  67200 1.273694248809470e-02 2.0e+02 6.72e+01  4e-04  1e-02 37:56.6
 5700  68400 1.267479466783723e-02 1.4e+02 1.56e+02  1e-03  2e-02 38:36.1
 5800  69600 1.262548821337917e-02 1.1e+02 3.20e+02  2e-03  3e-02 39:15.8
 5900  70800 1.200507740664340e-02 1.1e+02 9.59e+02  5e-03  8e-02 39:55.4
 6000  72000 9.982809830834780e-03 7.1e+01 9.75e+02  4e-03  4e-02 40:35.0
Iterat #Fevals   function value  axis ratio  sigma  min&max std  t[m:s]
 6100  73200 9.243056152854040e-03 5.7e+01 8.34e+02  3e-03  3e-02 41:14.7
 6200  74400 8.938188880528473e-03 4.7e+01 7.81e+02  3e-03  2e-02 41:54.4
 6300  75600 8.730614750287869e-03 5.1e+01 6.97e+02  2e-03  1e-02 42:34.0
 6400  76800 8.654286052472959e-03 6.8e+01 8.27e+02  2e-03  2e-02 43:13.6
 6500  78000 8.284475996209397e-03 6.6e+01 1.22e+03  2e-03  2e-02 43:53.3
 6600  79200 8.095953072940507e-03 4.6e+01 2.19e+03  4e-03  2e-02 44:32.8
 6700  80400 7.661882286662875e-03 5.0e+01 3.13e+03  4e-03  3e-02 45:12.5
 6800  81600 7.413904682700292e-03 5.9e+01 1.40e+03  1e-03  1e-02 45:48.7
 6900  82800 7.408676495017503e-03 8.0e+01 6.00e+01  3e-05  6e-04 46:22.4
 7000  84000 7.408674968370855e-03 9.1e+01 4.17e-01  2e-07  3e-06 46:56.3
Iterat #Fevals   function value  axis ratio  sigma  min&max std  t[m:s]
 7004  84048 7.408674968364479e-03 9.3e+01 3.41e-01  1e-07  3e-06 46:57.5
/home/adrianps/venvs/quantum_simulation/lib/python3.6/site-packages/scipy/optimize/optimize.py:705: ComplexWarning: Casting complex values to real discards the imaginary part
  grad[k] = df
/home/adrianps/venvs/quantum_simulation/lib/python3.6/site-packages/scipy/optimize/linesearch.py:172: ComplexWarning: Casting complex values to real discards the imaginary part
  amin, amax, isave, dsave)
/home/adrianps/venvs/quantum_simulation/lib/python3.6/site-packages/scipy/optimize/optimize.py:705: ComplexWarning: Casting complex values to real discards the imaginary part
  grad[k] = df
/home/adrianps/venvs/quantum_simulation/lib/python3.6/site-packages/scipy/optimize/linesearch.py:172: ComplexWarning: Casting complex values to real discards the imaginary part
  amin, amax, isave, dsave)
/home/adrianps/venvs/quantum_simulation/lib/python3.6/site-packages/scipy/optimize/optimize.py:705: ComplexWarning: Casting complex values to real discards the imaginary part
  grad[k] = df
/home/adrianps/venvs/quantum_simulation/lib/python3.6/site-packages/scipy/optimize/linesearch.py:172: ComplexWarning: Casting complex values to real discards the imaginary part
  amin, amax, isave, dsave)
/home/adrianps/venvs/quantum_simulation/lib/python3.6/site-packages/scipy/optimize/optimize.py:705: ComplexWarning: Casting complex values to real discards the imaginary part
  grad[k] = df
/home/adrianps/venvs/quantum_simulation/lib/python3.6/site-packages/scipy/optimize/linesearch.py:172: ComplexWarning: Casting complex values to real discards the imaginary part
  amin, amax, isave, dsave)
/home/adrianps/venvs/quantum_simulation/lib/python3.6/site-packages/scipy/optimize/optimize.py:705: ComplexWarning: Casting complex values to real discards the imaginary part
  grad[k] = df
/home/adrianps/venvs/quantum_simulation/lib/python3.6/site-packages/scipy/optimize/linesearch.py:172: ComplexWarning: Casting complex values to real discards the imaginary part
  amin, amax, isave, dsave)
/home/adrianps/venvs/quantum_simulation/lib/python3.6/site-packages/scipy/optimize/optimize.py:705: ComplexWarning: Casting complex values to real discards the imaginary part
  grad[k] = df
/home/adrianps/venvs/quantum_simulation/lib/python3.6/site-packages/scipy/optimize/linesearch.py:172: ComplexWarning: Casting complex values to real discards the imaginary part
  amin, amax, isave, dsave)
/home/adrianps/venvs/quantum_simulation/lib/python3.6/site-packages/scipy/optimize/optimize.py:705: ComplexWarning: Casting complex values to real discards the imaginary part
  grad[k] = df
/home/adrianps/venvs/quantum_simulation/lib/python3.6/site-packages/scipy/optimize/linesearch.py:172: ComplexWarning: Casting complex values to real discards the imaginary part
  amin, amax, isave, dsave)
/home/adrianps/venvs/quantum_simulation/lib/python3.6/site-packages/scipy/optimize/optimize.py:705: ComplexWarning: Casting complex values to real discards the imaginary part
  grad[k] = df
/home/adrianps/venvs/quantum_simulation/lib/python3.6/site-packages/scipy/optimize/linesearch.py:172: ComplexWarning: Casting complex values to real discards the imaginary part
  amin, amax, isave, dsave)
/home/adrianps/venvs/quantum_simulation/lib/python3.6/site-packages/scipy/optimize/optimize.py:705: ComplexWarning: Casting complex values to real discards the imaginary part
  grad[k] = df
/home/adrianps/venvs/quantum_simulation/lib/python3.6/site-packages/scipy/optimize/linesearch.py:172: ComplexWarning: Casting complex values to real discards the imaginary part
  amin, amax, isave, dsave)
/home/adrianps/venvs/quantum_simulation/lib/python3.6/site-packages/scipy/optimize/optimize.py:705: ComplexWarning: Casting complex values to real discards the imaginary part
  grad[k] = df
/home/adrianps/venvs/quantum_simulation/lib/python3.6/site-packages/scipy/optimize/linesearch.py:172: ComplexWarning: Casting complex values to real discards the imaginary part
  amin, amax, isave, dsave)
/home/adrianps/Universal-Approximator/qibo_sim/classes/ApproximantNN.py:552: RuntimeWarning: More than 20 figures have been opened. Figures created through the pyplot interface (`matplotlib.pyplot.figure`) are retained until explicitly closed and may consume too much memory. (To control this warning, see the rcParam `figure.max_open_warning`).
  fig, axs = plt.subplots(nrows=2, figsize=(8,10))
/home/adrianps/venvs/quantum_simulation/lib/python3.6/site-packages/scipy/optimize/optimize.py:705: ComplexWarning: Casting complex values to real discards the imaginary part
  grad[k] = df
/home/adrianps/venvs/quantum_simulation/lib/python3.6/site-packages/scipy/optimize/linesearch.py:172: ComplexWarning: Casting complex values to real discards the imaginary part
  amin, amax, isave, dsave)
/home/adrianps/Universal-Approximator/qibo_sim/classes/ApproximantNN.py:577: RuntimeWarning: More than 20 figures have been opened. Figures created through the pyplot interface (`matplotlib.pyplot.figure`) are retained until explicitly closed and may consume too much memory. (To control this warning, see the rcParam `figure.max_open_warning`).
  fig, axs = plt.subplots(nrows=2, figsize=(8,10))
/home/adrianps/Universal-Approximator/qibo_sim/classes/ApproximantNN.py:552: RuntimeWarning: More than 20 figures have been opened. Figures created through the pyplot interface (`matplotlib.pyplot.figure`) are retained until explicitly closed and may consume too much memory. (To control this warning, see the rcParam `figure.max_open_warning`).
  fig, axs = plt.subplots(nrows=2, figsize=(8,10))
/home/adrianps/venvs/quantum_simulation/lib/python3.6/site-packages/scipy/optimize/optimize.py:705: ComplexWarning: Casting complex values to real discards the imaginary part
  grad[k] = df
/home/adrianps/venvs/quantum_simulation/lib/python3.6/site-packages/scipy/optimize/linesearch.py:172: ComplexWarning: Casting complex values to real discards the imaginary part
  amin, amax, isave, dsave)
/home/adrianps/Universal-Approximator/qibo_sim/classes/ApproximantNN.py:577: RuntimeWarning: More than 20 figures have been opened. Figures created through the pyplot interface (`matplotlib.pyplot.figure`) are retained until explicitly closed and may consume too much memory. (To control this warning, see the rcParam `figure.max_open_warning`).
  fig, axs = plt.subplots(nrows=2, figsize=(8,10))
termination on tolfun=1e-11 (Fri Nov 27 12:02:42 2020)
final/bestever f-value = 7.408675e-03 7.408675e-03
incumbent solution: [ -0.41293503   1.76314732   4.70454054   0.53697726  -2.6151955
   3.60375141  -6.07063961 -12.11033981 ...]
std deviations: [3.00564431e-07 1.41845412e-06 3.63755495e-07 2.33819253e-07
 1.11916716e-06 8.26197786e-07 4.92510364e-07 2.62280323e-06 ...]
