cma
(3_w,6)-aCMA-ES (mu_w=2.0,w_1=63%) in dimension 2 (seed=605746, Fri Nov 27 10:01:46 2020)
Iterat #Fevals   function value  axis ratio  sigma  min&max std  t[m:s]
    1      6 1.175241496926962e+00 1.0e+00 1.12e+00  1e+00  1e+00 0:00.3
    2     12 8.806826679828527e-01 1.3e+00 1.15e+00  1e+00  1e+00 0:00.5
    3     18 5.214151665622803e-01 1.1e+00 1.80e+00  2e+00  2e+00 0:00.8
   15     90 4.006658009384125e-01 2.1e+00 3.39e-01  9e-02  2e-01 0:03.9
   31    186 3.986158568254644e-01 1.9e+00 2.64e-02  1e-03  3e-03 0:08.0
   51    306 3.986157647535981e-01 1.8e+00 2.00e-03  2e-05  4e-05 0:13.1
   75    450 3.986157647071297e-01 2.3e+00 7.21e-05  8e-08  2e-07 0:19.3
termination on tolfun=1e-11 (Fri Nov 27 10:02:06 2020)
final/bestever f-value = 3.986158e-01 3.986158e-01
incumbent solution: [-6.875878304217402e-08, 2.607563849363093]
std deviation: [8.05944774925515e-08, 1.7580555287027132e-07]
cma
(3_w,6)-aCMA-ES (mu_w=2.0,w_1=63%) in dimension 2 (seed=602434, Fri Nov 27 10:02:06 2020)
Iterat #Fevals   function value  axis ratio  sigma  min&max std  t[m:s]
    1      6 6.679115125506820e-01 1.0e+00 1.18e+00  1e+00  1e+00 0:00.3
    2     12 5.710876279527859e-01 1.5e+00 1.17e+00  1e+00  1e+00 0:00.5
    3     18 5.564418698237421e-01 2.1e+00 1.33e+00  1e+00  2e+00 0:00.8
   15     90 4.016000190480790e-01 3.3e+00 4.53e-01  1e-01  3e-01 0:03.8
   31    186 3.986176972378457e-01 2.0e+00 4.86e-02  4e-03  7e-03 0:07.9
   51    306 3.986157649085438e-01 1.8e+00 2.25e-03  2e-05  5e-05 0:13.0
   75    450 3.986157647071583e-01 1.6e+00 2.33e-04  5e-07  8e-07 0:19.2
   80    480 3.986157647071293e-01 2.2e+00 9.06e-05  1e-07  2e-07 0:20.4
termination on tolfun=1e-11 (Fri Nov 27 10:02:27 2020)
final/bestever f-value = 3.986158e-01 3.986158e-01
incumbent solution: [-3.141592603221291, -2.60756408459777]
std deviation: [9.861351866646032e-08, 2.0438542949794487e-07]
cma
(4_w,8)-aCMA-ES (mu_w=2.6,w_1=52%) in dimension 5 (seed=562711, Fri Nov 27 10:02:27 2020)
Iterat #Fevals   function value  axis ratio  sigma  min&max std  t[m:s]
    1      8 8.695431877317263e-01 1.0e+00 9.15e-01  9e-01  1e+00 0:00.4
    2     16 6.753949223559518e-01 1.3e+00 8.86e-01  8e-01  9e-01 0:00.8
    3     24 3.318865930782674e-01 1.4e+00 8.87e-01  8e-01  9e-01 0:01.2
   11     88 2.022049674902401e-01 1.9e+00 6.19e-01  4e-01  6e-01 0:04.2
   22    176 8.234019027509511e-02 2.3e+00 2.82e-01  1e-01  2e-01 0:08.4
   36    288 6.651584329261946e-02 3.9e+00 5.48e-02  2e-02  3e-02 0:13.8
   52    416 6.621641476680576e-02 4.8e+00 1.20e-02  2e-03  6e-03 0:19.9
   71    568 6.621290333431296e-02 5.3e+00 1.20e-03  1e-04  4e-04 0:27.2
   92    736 6.621288676806641e-02 5.3e+00 8.66e-05  5e-06  1e-05 0:35.3
  100    800 6.621288672511651e-02 4.9e+00 3.21e-05  1e-06  4e-06 0:38.3
  124    992 6.621288672192858e-02 7.6e+00 4.66e-06  1e-07  4e-07 0:47.5
termination on tolfun=1e-11 (Fri Nov 27 10:03:15 2020)
final/bestever f-value = 6.621289e-02 6.621289e-02
incumbent solution: [0.6800683349545348, -1.49996881751589, -2.3032557629255344, -2.5316398845950556, -3.8848315089545693]
std deviation: [1.2183965838907097e-07, 2.548099426836098e-07, 1.0311242497304278e-07, 1.8433626815932265e-07, 3.9134901056765605e-07]
cma
(4_w,8)-aCMA-ES (mu_w=2.6,w_1=52%) in dimension 5 (seed=630929, Fri Nov 27 10:03:15 2020)
Iterat #Fevals   function value  axis ratio  sigma  min&max std  t[m:s]
    1      8 9.381397772379623e-01 1.0e+00 8.98e-01  9e-01  9e-01 0:00.4
    2     16 4.160581915228896e-01 1.2e+00 9.55e-01  9e-01  1e+00 0:00.8
    3     24 4.829008872747659e-01 1.4e+00 8.85e-01  8e-01  1e+00 0:01.1
   11     88 1.470928933015412e-01 1.8e+00 4.90e-01  3e-01  5e-01 0:04.2
   22    176 8.124164847228520e-02 3.5e+00 2.16e-01  1e-01  2e-01 0:08.4
   36    288 7.096361650151643e-02 3.6e+00 4.24e-02  1e-02  3e-02 0:13.7
   52    416 7.082196559675491e-02 4.7e+00 9.70e-03  2e-03  5e-03 0:19.9
   71    568 7.081997110029922e-02 6.9e+00 2.48e-03  2e-04  1e-03 0:27.1
   92    736 7.081983817519562e-02 6.2e+00 5.17e-04  3e-05  1e-04 0:35.2
  100    800 7.081983764267583e-02 7.2e+00 2.36e-04  1e-05  4e-05 0:38.2
  127   1016 7.081983759647686e-02 4.6e+00 1.32e-05  3e-07  8e-07 0:48.6
  139   1112 7.081983759641385e-02 4.9e+00 4.78e-06  8e-08  2e-07 0:53.2
termination on tolfun=1e-11 (Fri Nov 27 10:04:09 2020)
final/bestever f-value = 7.081984e-02 7.081984e-02
incumbent solution: [0.8160717610862374, -1.7335900625305167, -0.836012900698252, 2.4949796208907045, -0.48757915649056366]
std deviation: [9.655605525159002e-08, 1.2286250359226823e-07, 7.756081747306482e-08, 1.1243606480436244e-07, 2.021155690900716e-07]
cma
(5_w,10)-aCMA-ES (mu_w=3.2,w_1=45%) in dimension 8 (seed=648747, Fri Nov 27 10:04:09 2020)
Iterat #Fevals   function value  axis ratio  sigma  min&max std  t[m:s]
    1     10 3.751842466524810e-01 1.0e+00 1.02e+00  1e+00  1e+00 0:00.5
    2     20 5.925047794204762e-01 1.3e+00 9.58e-01  9e-01  1e+00 0:01.0
    3     30 7.969942717021287e-01 1.4e+00 9.21e-01  8e-01  1e+00 0:01.6
    9     90 2.934128296817275e-01 2.0e+00 7.90e-01  7e-01  9e-01 0:04.7
   17    170 3.989745004707771e-01 2.3e+00 5.16e-01  4e-01  6e-01 0:08.9
   27    270 1.237311731746868e-01 3.0e+00 3.95e-01  3e-01  4e-01 0:14.1
   39    390 7.348281063568407e-02 4.1e+00 2.23e-01  1e-01  2e-01 0:20.4
   53    530 6.356682762785446e-02 6.0e+00 9.09e-02  4e-02  9e-02 0:27.7
   69    690 5.680169921154728e-02 8.3e+00 1.54e-01  6e-02  2e-01 0:36.1
   87    870 4.304816637011340e-02 1.0e+01 1.05e-01  3e-02  1e-01 0:45.5
  100   1000 3.788991512927627e-02 1.1e+01 1.33e-01  3e-02  1e-01 0:52.4
  122   1220 3.561547378112265e-02 8.0e+00 4.68e-02  9e-03  3e-02 1:03.9
  145   1450 3.542471098558500e-02 9.1e+00 7.31e-03  1e-03  3e-03 1:15.9
  170   1700 3.542206781102450e-02 8.5e+00 1.00e-03  9e-05  3e-04 1:29.0
  197   1970 3.542204732489789e-02 9.5e+00 9.87e-05  6e-06  2e-05 1:43.1
  200   2000 3.542204732406125e-02 9.7e+00 6.94e-05  4e-06  1e-05 1:44.7
  231   2310 3.542204729597088e-02 1.0e+01 8.83e-06  3e-07  1e-06 2:00.9
  242   2420 3.542204729580035e-02 9.2e+00 3.34e-06  1e-07  4e-07 2:06.7
termination on tolfun=1e-11 (Fri Nov 27 10:06:16 2020)
final/bestever f-value = 3.542205e-02 3.542205e-02
incumbent solution: [-2.831889326399733, -1.9490199639527015, -1.157323194968163, -2.45953834395333, 3.3772730771355115, -2.4763644352650527, -2.6545835544857654, -0.9032328161029158]
std deviation: [1.111541738395414e-07, 2.800030455445682e-07, 2.0538403800741393e-07, 2.920145431452892e-07, 3.8610221079629225e-07, 1.790370159973727e-07, 3.703596573282104e-07, 4.0757055697334885e-07]
cma
(5_w,10)-aCMA-ES (mu_w=3.2,w_1=45%) in dimension 8 (seed=589600, Fri Nov 27 10:06:17 2020)
Iterat #Fevals   function value  axis ratio  sigma  min&max std  t[m:s]
    1     10 5.680565303486804e-01 1.0e+00 9.95e-01  1e+00  1e+00 0:00.5
    2     20 4.012311876036787e-01 1.2e+00 9.32e-01  9e-01  1e+00 0:01.0
    3     30 3.702969424514658e-01 1.3e+00 9.78e-01  9e-01  1e+00 0:01.6
    9     90 1.396661313660701e-01 1.9e+00 6.36e-01  5e-01  6e-01 0:04.7
   17    170 1.143678827629747e-01 2.4e+00 5.10e-01  4e-01  5e-01 0:08.9
   27    270 9.905794214348250e-02 3.8e+00 2.81e-01  2e-01  3e-01 0:14.1
   39    390 7.655671407002738e-02 4.8e+00 1.16e-01  7e-02  1e-01 0:20.4
   53    530 7.139223660220378e-02 7.6e+00 6.06e-02  3e-02  6e-02 0:27.8
   69    690 7.099494142900241e-02 1.5e+01 2.97e-02  1e-02  3e-02 0:36.2
   87    870 6.984899352517146e-02 2.4e+01 1.02e-01  6e-02  2e-01 0:45.6
  100   1000 6.696109721209477e-02 2.1e+01 1.47e-01  6e-02  2e-01 0:52.5
  121   1210 6.042130752890887e-02 1.9e+01 1.33e-01  4e-02  1e-01 1:03.5
  144   1440 5.374235265169394e-02 2.5e+01 9.37e-02  2e-02  1e-01 1:15.6
  169   1690 5.262772638865520e-02 1.6e+01 6.73e-02  8e-03  4e-02 1:28.7
  196   1960 5.062968603324328e-02 1.8e+01 1.63e-01  2e-02  9e-02 1:42.9
  200   2000 5.023896207513821e-02 1.8e+01 1.37e-01  1e-02  7e-02 1:45.0
  231   2310 4.939398465552826e-02 1.8e+01 5.80e-02  3e-03  2e-02 2:01.3
  264   2640 4.917495978231376e-02 2.3e+01 4.23e-02  2e-03  2e-02 2:18.6
  299   2990 4.916943319709794e-02 3.3e+01 5.81e-03  1e-04  2e-03 2:37.0
  300   3000 4.916944496021657e-02 3.3e+01 5.05e-03  1e-04  1e-03 2:37.5
  339   3390 4.916941877558289e-02 3.8e+01 2.31e-04  3e-06  4e-05 2:58.0
  375   3750 4.916941875927739e-02 3.1e+01 8.64e-06  7e-08  8e-07 3:16.9
termination on tolfun=1e-11 (Fri Nov 27 10:09:35 2020)
final/bestever f-value = 4.916942e-02 4.916942e-02
incumbent solution: [0.467548876228224, -0.9148860237316336, 5.10505064782442, -1.8247758345653375, 4.049580266272313, 0.29994201389587016, 1.587342730251596, -1.305438337871608]
std deviation: [1.0070007591141461e-07, 1.8797906923496133e-07, 2.5061620093379335e-07, 2.869981522258984e-07, 7.946987159107889e-07, 6.6592837141841e-08, 2.506285996981675e-07, 6.905105807601499e-07]
cma
(5_w,11)-aCMA-ES (mu_w=3.4,w_1=42%) in dimension 11 (seed=571897, Fri Nov 27 10:09:35 2020)
Iterat #Fevals   function value  axis ratio  sigma  min&max std  t[m:s]
    1     11 1.002596721973196e+00 1.0e+00 9.63e-01  9e-01  1e+00 0:00.6
    2     22 1.013362031110340e+00 1.2e+00 9.23e-01  9e-01  1e+00 0:01.2
    3     33 1.017452124309665e+00 1.2e+00 8.72e-01  8e-01  9e-01 0:01.9
    8     88 5.740449476312298e-01 1.4e+00 6.87e-01  6e-01  7e-01 0:05.0
   15    165 1.612318577748632e-01 1.5e+00 6.04e-01  5e-01  6e-01 0:09.4
   23    253 2.909101350376767e-01 1.7e+00 4.22e-01  3e-01  4e-01 0:14.4
   33    363 7.977468590739546e-02 2.3e+00 2.53e-01  2e-01  3e-01 0:20.7
   45    495 7.793559552548805e-02 2.8e+00 1.22e-01  8e-02  1e-01 0:28.2
   58    638 6.628420546001036e-02 4.6e+00 7.46e-02  5e-02  8e-02 0:36.4
   73    803 6.148260053516232e-02 5.7e+00 6.09e-02  4e-02  7e-02 0:45.8
   89    979 5.548343985006476e-02 7.7e+00 1.03e-01  5e-02  1e-01 0:55.8
  100   1100 5.096667342968512e-02 8.2e+00 1.16e-01  6e-02  1e-01 1:02.7
  120   1320 4.326816786114570e-02 9.0e+00 9.43e-02  4e-02  1e-01 1:15.3
  141   1551 3.968499544330103e-02 8.9e+00 6.21e-02  2e-02  7e-02 1:28.5
  164   1804 3.783455538160026e-02 1.3e+01 7.75e-02  3e-02  8e-02 1:42.9
  188   2068 3.638175629780888e-02 1.6e+01 7.04e-02  2e-02  9e-02 1:58.0
  200   2200 3.568039746005636e-02 1.7e+01 1.02e-01  3e-02  1e-01 2:05.5
  228   2508 3.287795452376062e-02 2.2e+01 7.83e-02  2e-02  1e-01 2:23.1
  257   2827 2.691344510462689e-02 2.7e+01 8.70e-02  2e-02  1e-01 2:41.3
  288   3168 2.581759703493609e-02 2.1e+01 5.31e-02  7e-03  5e-02 3:00.8
  300   3300 2.573892143605640e-02 2.1e+01 3.65e-02  4e-03  3e-02 3:08.3
  334   3674 2.541569693046070e-02 3.3e+01 5.08e-02  5e-03  4e-02 3:29.6
  370   4070 2.495277291158828e-02 3.4e+01 5.23e-02  4e-03  3e-02 3:52.1
  400   4400 2.473867414177022e-02 3.7e+01 4.49e-02  3e-03  3e-02 4:10.9
  439   4829 2.460944690232714e-02 3.2e+01 3.57e-02  2e-03  1e-02 4:35.4
  479   5269 2.445324269183106e-02 4.7e+01 9.11e-02  5e-03  4e-02 5:00.4
  500   5500 2.428561112014511e-02 4.9e+01 1.13e-01  6e-03  6e-02 5:13.6
  544   5984 2.402525190470732e-02 3.8e+01 4.43e-02  1e-03  2e-02 5:41.1
  589   6479 2.398775073811315e-02 3.1e+01 2.53e-02  7e-04  7e-03 6:09.3
  600   6600 2.398582301337930e-02 3.2e+01 3.69e-02  1e-03  9e-03 6:16.2
  648   7128 2.398392395554523e-02 3.5e+01 9.56e-04  2e-05  2e-04 6:46.3
  698   7678 2.398392337769634e-02 3.7e+01 4.20e-05  5e-07  5e-06 7:17.6
  700   7700 2.398392337774443e-02 3.6e+01 3.73e-05  4e-07  4e-06 7:18.8
  713   7843 2.398392337739546e-02 3.2e+01 1.42e-05  1e-07  1e-06 7:27.0
termination on tolfun=1e-11 (Fri Nov 27 10:17:04 2020)
final/bestever f-value = 2.398392e-02 2.398392e-02
incumbent solution: [-3.06869759  2.25264927 -2.25079791  3.01546917  4.13763207  4.19284363
 -1.16247363 -2.95019118 ...]
std deviations: [2.07444076e-07 4.73220896e-07 2.38456256e-07 3.40855170e-07
 9.54573710e-07 3.89860601e-07 3.30682160e-07 1.30520627e-06 ...]
cma
(5_w,11)-aCMA-ES (mu_w=3.4,w_1=42%) in dimension 11 (seed=587169, Fri Nov 27 10:17:05 2020)
Iterat #Fevals   function value  axis ratio  sigma  min&max std  t[m:s]
    1     11 1.114863676169613e+00 1.0e+00 1.00e+00  1e+00  1e+00 0:00.6
    2     22 4.774097839829957e-01 1.2e+00 1.01e+00  1e+00  1e+00 0:01.3
    3     33 1.470587299443585e-01 1.3e+00 1.06e+00  1e+00  1e+00 0:01.9
    8     88 1.180503741061439e+00 1.7e+00 1.11e+00  1e+00  1e+00 0:05.0
   15    165 7.762545971132454e-01 1.8e+00 1.00e+00  9e-01  1e+00 0:09.4
   23    253 9.786358978991817e-01 2.3e+00 1.12e+00  1e+00  1e+00 0:14.5
   33    363 1.179160002999362e+00 2.3e+00 1.05e+00  9e-01  1e+00 0:20.7
   45    495 1.772376281251215e-01 2.7e+00 5.77e-01  4e-01  7e-01 0:28.3
   58    638 9.408940123630193e-02 2.8e+00 3.16e-01  2e-01  3e-01 0:36.5
   73    803 9.282764443274991e-02 3.5e+00 2.02e-01  1e-01  2e-01 0:45.9
   89    979 5.263802875195056e-02 5.3e+00 1.63e-01  7e-02  2e-01 0:55.9
  100   1100 4.587708609823057e-02 6.0e+00 7.84e-02  3e-02  1e-01 1:02.9
  120   1320 4.356600504300201e-02 7.6e+00 4.92e-02  2e-02  6e-02 1:15.4
  141   1551 4.054282903167529e-02 1.5e+01 6.23e-02  2e-02  1e-01 1:28.6
  164   1804 3.449265892227506e-02 2.9e+01 1.02e-01  3e-02  3e-01 1:43.1
  188   2068 3.058309912066159e-02 3.6e+01 1.05e-01  2e-02  3e-01 1:58.2
  200   2200 2.850959227887526e-02 4.2e+01 7.46e-02  1e-02  2e-01 2:05.7
  228   2508 2.688563822796422e-02 4.3e+01 4.29e-02  6e-03  1e-01 2:23.3
  257   2827 2.079012137504440e-02 3.1e+01 2.01e-01  3e-02  4e-01 2:41.6
  288   3168 1.918031485339820e-02 3.2e+01 7.25e-02  9e-03  1e-01 3:01.0
  300   3300 1.866738417154894e-02 3.4e+01 7.09e-02  8e-03  1e-01 3:08.6
  334   3674 1.811595183843667e-02 3.7e+01 3.21e-02  3e-03  5e-02 3:29.9
  369   4059 1.809083660949461e-02 4.3e+01 5.40e-03  3e-04  7e-03 3:51.9
  400   4400 1.809078329482356e-02 4.5e+01 7.27e-04  3e-05  8e-04 4:11.4
  439   4829 1.809077969671555e-02 5.8e+01 5.76e-05  2e-06  5e-05 4:35.9
  479   5269 1.809077968705324e-02 5.6e+01 3.32e-06  8e-08  2e-06 5:01.0
  480   5280 1.809077968704653e-02 5.6e+01 3.41e-06  8e-08  2e-06 5:01.6
termination on tolfun=1e-11 (Fri Nov 27 10:22:07 2020)
final/bestever f-value = 1.809078e-02 1.809078e-02
incumbent solution: [  0.8773436   -1.50187451  -2.07986946  -0.98823647   3.73871988
   0.52372112  -9.08608657 -10.84562643 ...]
std deviations: [2.17721397e-07 3.62731805e-07 1.36848921e-07 2.62418079e-07
 7.46381339e-07 1.39555377e-07 4.30385398e-07 2.10596924e-06 ...]
cma
(5_w,11)-aCMA-ES (mu_w=3.4,w_1=42%) in dimension 14 (seed=578333, Fri Nov 27 10:22:10 2020)
Iterat #Fevals   function value  axis ratio  sigma  min&max std  t[m:s]
    1     11 1.180637975900517e+00 1.0e+00 9.47e-01  9e-01  1e+00 0:00.7
    2     22 3.933746075867673e-01 1.1e+00 9.47e-01  9e-01  1e+00 0:01.4
    3     33 4.193936713241052e-01 1.2e+00 9.33e-01  9e-01  1e+00 0:02.0
    8     88 3.593528698831908e-01 1.3e+00 7.64e-01  7e-01  8e-01 0:05.4
   14    154 4.919378688670520e-01 1.6e+00 8.10e-01  7e-01  8e-01 0:09.5
   22    242 9.547797661776541e-01 2.1e+00 1.03e+00  9e-01  1e+00 0:14.9
   31    341 9.005879603356786e-01 2.3e+00 1.41e+00  1e+00  2e+00 0:21.1
   42    462 7.186742430370127e-01 2.5e+00 1.12e+00  9e-01  1e+00 0:28.5
   54    594 6.888165869799896e-01 2.7e+00 8.74e-01  7e-01  1e+00 0:36.7
   68    748 8.592440678344255e-01 3.1e+00 9.42e-01  8e-01  1e+00 0:46.2
   83    913 4.545133418648792e-01 3.5e+00 5.63e-01  4e-01  6e-01 0:56.4
  100   1100 5.842620036205129e-02 3.5e+00 3.25e-01  2e-01  4e-01 1:08.0
  118   1298 5.529743791424905e-02 3.8e+00 1.90e-01  1e-01  2e-01 1:20.2
  138   1518 3.641579650928401e-02 4.6e+00 1.17e-01  7e-02  1e-01 1:33.8
  159   1749 3.596911630112565e-02 6.0e+00 5.55e-02  3e-02  6e-02 1:48.1
  182   2002 3.260358017459861e-02 7.7e+00 2.97e-02  1e-02  4e-02 2:03.7
  200   2200 3.218505315541215e-02 9.4e+00 2.41e-02  9e-03  3e-02 2:15.9
  226   2486 3.046666010975591e-02 1.9e+01 2.98e-02  1e-02  7e-02 2:33.6
  253   2783 2.267279159502391e-02 3.7e+01 6.81e-02  2e-02  3e-01 2:51.9
  281   3091 1.936341061097401e-02 3.2e+01 3.56e-02  1e-02  1e-01 3:11.0
  300   3300 1.892873388847692e-02 2.8e+01 2.37e-02  6e-03  6e-02 3:23.9
  331   3641 1.839288309376137e-02 2.5e+01 1.43e-02  3e-03  3e-02 3:44.9
  364   4004 1.795517183945127e-02 2.6e+01 1.90e-02  3e-03  3e-02 4:07.4
  398   4378 1.759206208763672e-02 2.9e+01 2.75e-02  4e-03  5e-02 4:30.5
  400   4400 1.760475630013838e-02 2.9e+01 2.45e-02  4e-03  4e-02 4:31.8
  437   4807 1.681863426235353e-02 4.0e+01 5.61e-02  8e-03  1e-01 4:57.0
  476   5236 1.633568345659052e-02 3.5e+01 3.04e-02  3e-03  5e-02 5:23.5
  500   5500 1.618281494042463e-02 3.2e+01 2.32e-02  2e-03  3e-02 5:39.8
  542   5962 1.605295151849540e-02 3.6e+01 3.01e-02  3e-03  3e-02 6:08.3
  585   6435 1.594988345217607e-02 5.4e+01 3.00e-02  2e-03  3e-02 6:37.5
  600   6600 1.592514751966194e-02 5.0e+01 2.59e-02  2e-03  2e-02 6:47.7
  646   7106 1.585247989299403e-02 7.8e+01 3.27e-02  2e-03  5e-02 7:18.9
  694   7634 1.576277740282139e-02 9.2e+01 1.95e-02  9e-04  3e-02 7:51.5
  700   7700 1.575741652380559e-02 9.5e+01 2.37e-02  1e-03  3e-02 7:55.6
  751   8261 1.568107133883089e-02 9.4e+01 3.56e-02  1e-03  4e-02 8:30.2
  800   8800 1.562682166444103e-02 6.3e+01 2.19e-02  9e-04  1e-02 9:03.5
  853   9383 1.559294150454617e-02 7.8e+01 2.77e-02  9e-04  2e-02 9:39.5
  900   9900 1.557021052594660e-02 9.9e+01 2.77e-02  8e-04  2e-02 10:11.4
  956  10516 1.555592130623350e-02 7.7e+01 3.41e-02  8e-04  2e-02 10:49.5
 1000  11000 1.552090274211417e-02 6.7e+01 4.96e-02  9e-04  2e-02 11:19.4
Iterat #Fevals   function value  axis ratio  sigma  min&max std  t[m:s]
 1059  11649 1.542761321610572e-02 5.2e+01 9.07e-02  1e-03  2e-02 11:59.5
 1100  12100 1.537607287348065e-02 5.4e+01 8.61e-02  1e-03  2e-02 12:27.3
 1162  12782 1.525625060628318e-02 6.9e+01 7.36e-02  8e-04  2e-02 13:09.5
 1200  13200 1.515381363248173e-02 8.9e+01 1.52e-01  2e-03  4e-02 13:35.3
 1265  13915 1.458704480424032e-02 6.7e+01 5.40e-01  5e-03  1e-01 14:19.4
 1300  14300 1.415701577362454e-02 5.2e+01 3.29e-01  3e-03  4e-02 14:43.2
 1368  15048 1.173914367752963e-02 4.5e+01 5.53e-01  5e-03  6e-02 15:29.3
 1400  15400 1.090964344751358e-02 4.5e+01 6.60e-01  5e-03  7e-02 15:51.0
 1471  16181 9.324285462381201e-03 5.8e+01 8.93e-01  6e-03  1e-01 16:39.2
 1500  16500 8.844936693282080e-03 5.5e+01 5.66e-01  3e-03  6e-02 16:58.9
 1574  17314 7.823030329581626e-03 4.6e+01 7.04e-01  3e-03  6e-02 17:49.1
 1600  17600 7.734357148826748e-03 4.5e+01 4.51e-01  2e-03  4e-02 18:06.7
 1678  18458 7.503408098321330e-03 5.2e+01 1.31e-01  4e-04  8e-03 18:59.3
 1700  18700 7.503014681984080e-03 4.9e+01 3.19e-02  8e-05  2e-03 19:14.1
 1781  19591 7.502991790369922e-03 4.3e+01 4.38e-04  7e-07  2e-05 20:08.7
 1800  19800 7.502991787416968e-03 4.2e+01 1.62e-04  2e-07  5e-06 20:21.5
 1819  20009 7.502991787139914e-03 4.1e+01 5.71e-05  8e-08  2e-06 20:34.3
termination on tolfun=1e-11 (Fri Nov 27 10:42:47 2020)
final/bestever f-value = 7.502992e-03 7.502992e-03
incumbent solution: [-5.08740366 -1.52193721  4.87138781  3.99571759 -8.62353038 -2.81789198
 -3.13911051 -4.93077144 ...]
std deviations: [1.99478342e-07 5.39992930e-07 2.16353614e-07 3.83726464e-07
 9.32504282e-07 1.05219297e-07 3.28847549e-07 5.87506801e-07 ...]
cma
(5_w,11)-aCMA-ES (mu_w=3.4,w_1=42%) in dimension 14 (seed=511898, Fri Nov 27 10:42:49 2020)
Iterat #Fevals   function value  axis ratio  sigma  min&max std  t[m:s]
    1     11 5.407140902632954e-01 1.0e+00 9.13e-01  9e-01  9e-01 0:00.7
    2     22 7.108423342847253e-01 1.1e+00 8.65e-01  8e-01  9e-01 0:01.3
    3     33 5.568955888097956e-01 1.2e+00 8.14e-01  8e-01  8e-01 0:02.0
    8     88 4.312975970386067e-01 1.4e+00 7.49e-01  7e-01  8e-01 0:05.4
   14    154 4.870344075738020e-01 1.6e+00 5.78e-01  5e-01  6e-01 0:09.4
   22    242 8.831281238067691e-02 1.9e+00 4.48e-01  4e-01  5e-01 0:14.8
   31    341 1.885664502934969e-01 2.3e+00 4.05e-01  3e-01  4e-01 0:20.8
   42    462 9.253265077242509e-02 2.4e+00 2.72e-01  2e-01  3e-01 0:28.2
   54    594 5.515558556492583e-02 2.7e+00 1.61e-01  1e-01  2e-01 0:36.3
   68    748 3.960531482842936e-02 3.5e+00 1.35e-01  1e-01  1e-01 0:45.7
   83    913 3.081195780785041e-02 4.0e+00 7.02e-02  5e-02  7e-02 0:55.8
  100   1100 3.103061621737811e-02 4.7e+00 4.30e-02  3e-02  4e-02 1:07.2
  118   1298 2.986003196120440e-02 5.9e+00 3.95e-02  2e-02  4e-02 1:19.3
  138   1518 2.977062453738346e-02 7.0e+00 2.22e-02  1e-02  2e-02 1:32.8
  159   1749 2.942578373349132e-02 8.0e+00 1.03e-02  5e-03  1e-02 1:46.9
  182   2002 2.936112126922984e-02 1.1e+01 5.96e-03  2e-03  7e-03 2:02.4
  200   2200 2.931752234103856e-02 1.5e+01 8.72e-03  3e-03  1e-02 2:14.5
  226   2486 2.856634551179349e-02 2.9e+01 3.82e-02  2e-02  7e-02 2:32.0
  253   2783 2.739226372424657e-02 2.6e+01 3.64e-02  2e-02  6e-02 2:50.0
  282   3102 2.490148548733743e-02 2.5e+01 5.11e-02  2e-02  7e-02 3:09.3
  300   3300 2.189632757971929e-02 2.9e+01 7.68e-02  3e-02  1e-01 3:21.3
  332   3652 1.811170901608025e-02 2.3e+01 4.15e-02  1e-02  5e-02 3:42.6
  366   4026 1.720997214533185e-02 2.4e+01 3.28e-02  9e-03  4e-02 4:05.3
  400   4400 1.642162361370796e-02 2.6e+01 2.46e-02  6e-03  3e-02 4:27.9
  437   4807 1.633132928782858e-02 2.5e+01 8.03e-03  2e-03  7e-03 4:52.6
  475   5225 1.628923425252125e-02 2.7e+01 1.23e-02  2e-03  1e-02 5:17.9
  500   5500 1.622044415091331e-02 3.8e+01 4.40e-02  6e-03  4e-02 5:34.6
  541   5951 1.599509277747217e-02 4.2e+01 3.93e-02  5e-03  3e-02 6:01.9
  584   6424 1.590008510808284e-02 3.8e+01 2.04e-02  2e-03  2e-02 6:30.6
  600   6600 1.587252949666799e-02 4.4e+01 2.00e-02  2e-03  2e-02 6:41.2
  646   7106 1.579215690115140e-02 4.6e+01 2.09e-02  2e-03  1e-02 7:11.9
  693   7623 1.573363797233290e-02 4.7e+01 2.84e-02  2e-03  2e-02 7:43.2
  700   7700 1.572214054652821e-02 4.5e+01 2.99e-02  2e-03  2e-02 7:47.9
  750   8250 1.565819328388753e-02 4.9e+01 2.63e-02  2e-03  1e-02 8:21.2
  800   8800 1.559939541115648e-02 4.1e+01 2.92e-02  2e-03  1e-02 8:54.5
  853   9383 1.554093180178685e-02 4.7e+01 4.48e-02  2e-03  2e-02 9:29.9
  900   9900 1.549095565525294e-02 4.0e+01 3.24e-02  1e-03  1e-02 10:01.2
  956  10516 1.542714790294810e-02 5.1e+01 5.98e-02  2e-03  2e-02 10:38.5
 1000  11000 1.536249979668138e-02 4.5e+01 4.18e-02  1e-03  1e-02 11:07.8
Iterat #Fevals   function value  axis ratio  sigma  min&max std  t[m:s]
 1059  11649 1.529465277544679e-02 3.8e+01 7.42e-02  2e-03  2e-02 11:47.1
 1100  12100 1.518491282358769e-02 4.1e+01 1.34e-01  3e-03  3e-02 12:14.4
 1162  12782 1.502567761032361e-02 4.3e+01 9.80e-02  2e-03  2e-02 12:55.7
 1200  13200 1.485619831944211e-02 5.0e+01 2.32e-01  4e-03  4e-02 13:21.0
 1265  13915 1.462448340574486e-02 6.2e+01 1.44e-01  2e-03  3e-02 14:04.3
 1300  14300 1.456775354144173e-02 6.2e+01 1.49e-01  2e-03  2e-02 14:27.6
 1368  15048 1.436912982730217e-02 5.5e+01 4.55e-01  6e-03  5e-02 15:12.8
 1400  15400 1.419904316583275e-02 4.9e+01 3.21e-01  3e-03  3e-02 15:34.0
 1471  16181 1.373537276163046e-02 4.9e+01 6.00e-01  6e-03  4e-02 16:21.1
 1500  16500 1.348893255083131e-02 6.5e+01 5.56e-01  6e-03  5e-02 16:40.4
 1574  17314 1.342323174319506e-02 5.5e+01 1.75e-01  1e-03  1e-02 17:29.4
 1600  17600 1.340417371082255e-02 5.7e+01 2.14e-01  1e-03  1e-02 17:46.7
 1677  18447 1.339865205879434e-02 5.9e+01 9.69e-03  5e-05  5e-04 18:37.8
 1700  18700 1.339864909810263e-02 5.9e+01 3.38e-03  2e-05  1e-04 18:53.0
 1778  19558 1.339864890345437e-02 6.4e+01 6.72e-05  2e-07  2e-06 19:44.7
termination on tolfun=1e-11 (Fri Nov 27 11:02:36 2020)
final/bestever f-value = 1.339865e-02 1.339865e-02
incumbent solution: [-2.97414397 -4.28696099  2.20492576  3.81907234 -2.80781123 -2.52122113
 -6.23960115  3.07859305 ...]
std deviations: [3.33351415e-07 1.56113129e-06 3.82703523e-07 3.74786093e-07
 1.96773610e-06 2.55087484e-07 6.21660266e-07 1.41052978e-06 ...]
cma
(6_w,12)-aCMA-ES (mu_w=3.7,w_1=40%) in dimension 17 (seed=555148, Fri Nov 27 11:02:38 2020)
Iterat #Fevals   function value  axis ratio  sigma  min&max std  t[m:s]
    1     12 7.128951114548663e-01 1.0e+00 9.51e-01  9e-01  1e+00 0:00.8
    2     24 7.771039600932639e-01 1.1e+00 9.30e-01  9e-01  9e-01 0:01.5
    3     36 1.069450366255909e+00 1.2e+00 9.27e-01  9e-01  9e-01 0:02.3
    7     84 9.077590747780007e-01 1.3e+00 8.54e-01  8e-01  9e-01 0:05.4
   13    156 5.250880793148338e-01 1.3e+00 6.77e-01  6e-01  7e-01 0:10.0
   20    240 8.516599998890932e-01 1.7e+00 8.15e-01  7e-01  9e-01 0:15.4
   28    336 8.712832546731073e-01 1.8e+00 7.43e-01  6e-01  8e-01 0:21.6
   38    456 3.350312512672938e-01 2.0e+00 4.98e-01  4e-01  5e-01 0:29.4
   49    588 8.434485458828925e-02 2.2e+00 3.46e-01  3e-01  4e-01 0:37.9
   61    732 7.447241102560029e-02 2.5e+00 1.80e-01  1e-01  2e-01 0:47.2
   74    888 4.645183502423132e-02 2.9e+00 1.54e-01  1e-01  2e-01 0:57.2
   89   1068 3.641361063251092e-02 3.5e+00 1.11e-01  7e-02  1e-01 1:08.8
  100   1200 2.744082847481253e-02 4.0e+00 8.46e-02  5e-02  1e-01 1:17.3
  117   1404 2.260468203814648e-02 4.6e+00 5.95e-02  3e-02  7e-02 1:30.5
  136   1632 2.060801443160069e-02 5.5e+00 3.37e-02  2e-02  4e-02 1:45.2
  156   1872 1.970441953287663e-02 6.5e+00 1.81e-02  8e-03  2e-02 2:00.7
  177   2124 1.934630745034949e-02 7.9e+00 1.79e-02  7e-03  2e-02 2:16.9
  199   2388 1.895034648667461e-02 9.4e+00 2.04e-02  7e-03  3e-02 2:34.0
  200   2400 1.894835228448610e-02 9.4e+00 2.09e-02  7e-03  3e-02 2:34.7
  225   2700 1.859194656100931e-02 1.1e+01 1.49e-02  4e-03  2e-02 2:54.1
  251   3012 1.781055659461639e-02 1.4e+01 2.57e-02  7e-03  4e-02 3:14.2
  279   3348 1.648660631299653e-02 1.9e+01 3.28e-02  7e-03  6e-02 3:35.9
  300   3600 1.566859959112111e-02 2.1e+01 2.22e-02  5e-03  4e-02 3:52.1
  330   3960 1.504913402892905e-02 2.8e+01 3.71e-02  7e-03  7e-02 4:15.3
  361   4332 1.327368642250035e-02 3.3e+01 3.26e-02  6e-03  7e-02 4:39.3
  394   4728 1.206192153366024e-02 3.2e+01 3.19e-02  6e-03  6e-02 5:04.9
  400   4800 1.162518507070357e-02 3.2e+01 4.52e-02  8e-03  9e-02 5:09.5
  435   5220 1.002265018422305e-02 2.9e+01 2.60e-02  4e-03  4e-02 5:36.6
  472   5664 9.022023226067509e-03 3.0e+01 3.15e-02  5e-03  4e-02 6:05.2
  500   6000 8.786696476774021e-03 2.7e+01 1.53e-02  3e-03  2e-02 6:26.9
  539   6468 8.699750662803270e-03 2.3e+01 1.52e-02  2e-03  2e-02 6:57.1
  580   6960 8.679173392809490e-03 2.5e+01 3.33e-03  5e-04  4e-03 7:28.8
  600   7200 8.678507376372668e-03 2.6e+01 1.33e-03  2e-04  1e-03 7:44.3
  643   7716 8.678136433875305e-03 2.9e+01 1.30e-03  1e-04  1e-03 8:17.5
  687   8244 8.675931246841470e-03 1.0e+02 3.56e-03  3e-04  1e-02 8:51.6
  700   8400 8.674492842992289e-03 1.2e+02 4.45e-03  4e-04  1e-02 9:01.6
  747   8964 8.670508907806417e-03 1.1e+02 3.64e-03  3e-04  9e-03 9:38.0
  795   9540 8.667903953792836e-03 1.1e+02 3.87e-03  3e-04  8e-03 10:15.1
  800   9600 8.667417309179051e-03 1.1e+02 4.06e-03  3e-04  8e-03 10:18.9
  851  10212 8.663858754542396e-03 1.2e+02 4.71e-03  4e-04  9e-03 10:58.4
  900  10800 8.659259099441428e-03 1.3e+02 6.81e-03  5e-04  1e-02 11:36.2
  954  11448 8.651722315716513e-03 1.3e+02 8.33e-03  5e-04  1e-02 12:18.0
 1000  12000 8.644953476940942e-03 1.1e+02 1.00e-02  5e-04  1e-02 12:53.5
Iterat #Fevals   function value  axis ratio  sigma  min&max std  t[m:s]
 1056  12672 8.632534094542949e-03 1.2e+02 1.30e-02  6e-04  1e-02 13:36.8
 1100  13200 8.618576001237662e-03 1.0e+02 1.67e-02  8e-04  1e-02 14:10.8
 1159  13908 8.600097202191717e-03 1.2e+02 1.97e-02  9e-04  2e-02 14:56.4
 1200  14400 8.586118446137285e-03 1.3e+02 2.56e-02  1e-03  3e-02 15:28.1
 1261  15132 8.579725141630041e-03 1.4e+02 7.51e-03  3e-04  7e-03 16:15.2
 1300  15600 8.578909826015909e-03 1.3e+02 9.16e-03  3e-04  8e-03 16:45.3
 1364  16368 8.578557296617089e-03 1.2e+02 1.54e-03  5e-05  1e-03 17:34.6
 1400  16800 8.578553860489870e-03 1.2e+02 4.79e-04  1e-05  3e-04 18:02.4
 1467  17604 8.578547411519874e-03 1.4e+02 1.36e-03  3e-05  7e-04 18:53.8
 1500  18000 8.578542382909326e-03 1.5e+02 1.01e-03  2e-05  6e-04 19:19.1
 1570  18840 8.578541519429580e-03 1.6e+02 1.79e-05  3e-07  8e-06 20:12.9
 1589  19068 8.578541519174691e-03 1.8e+02 9.82e-06  1e-07  4e-06 20:27.5
termination on tolfun=1e-11 (Fri Nov 27 11:23:09 2020)
final/bestever f-value = 8.578542e-03 8.578542e-03
incumbent solution: [-1.30719841  2.68944532  1.79781342 -1.13272137  4.93609276 -0.49994431
 -5.56408349 -1.24964504 ...]
std deviations: [1.45197498e-07 1.15212714e-06 4.94349705e-07 2.24359696e-06
 4.30458853e-06 2.36696959e-06 1.66766628e-06 2.92481402e-06 ...]
cma
(6_w,12)-aCMA-ES (mu_w=3.7,w_1=40%) in dimension 17 (seed=589226, Fri Nov 27 11:23:11 2020)
Iterat #Fevals   function value  axis ratio  sigma  min&max std  t[m:s]
    1     12 5.223965457892958e-01 1.0e+00 9.28e-01  9e-01  9e-01 0:00.8
    2     24 9.679612878849970e-01 1.1e+00 9.07e-01  9e-01  9e-01 0:01.5
    3     36 1.004210130627265e+00 1.2e+00 8.75e-01  8e-01  9e-01 0:02.3
    7     84 6.095136793830310e-01 1.4e+00 8.62e-01  8e-01  9e-01 0:05.4
   13    156 8.466318975309972e-01 1.5e+00 8.82e-01  8e-01  1e+00 0:10.0
   20    240 8.917921400741675e-01 1.7e+00 8.02e-01  7e-01  9e-01 0:15.4
   28    336 4.522098339599531e-01 1.9e+00 6.68e-01  6e-01  7e-01 0:21.6
   38    456 1.990461017087079e-01 2.0e+00 4.12e-01  3e-01  4e-01 0:29.3
   49    588 1.578484161780281e-01 2.0e+00 3.34e-01  3e-01  3e-01 0:37.8
   61    732 1.034891991206324e-01 2.2e+00 2.41e-01  2e-01  2e-01 0:47.1
   74    888 5.320085288239521e-02 2.5e+00 1.15e-01  9e-02  1e-01 0:57.1
   89   1068 4.694265082725054e-02 2.7e+00 9.50e-02  7e-02  9e-02 1:08.7
  100   1200 3.994706158667966e-02 3.2e+00 8.14e-02  6e-02  8e-02 1:17.2
  117   1404 3.422809876713633e-02 3.6e+00 4.78e-02  3e-02  5e-02 1:30.3
  136   1632 3.251941334644178e-02 5.0e+00 3.08e-02  2e-02  3e-02 1:44.9
  156   1872 3.167046155087550e-02 5.6e+00 3.35e-02  2e-02  3e-02 2:00.4
  177   2124 2.961208135024006e-02 9.4e+00 3.41e-02  2e-02  4e-02 2:16.6
  200   2400 2.772463231581167e-02 1.3e+01 3.53e-02  2e-02  5e-02 2:34.3
  224   2688 2.556181256158947e-02 1.5e+01 4.46e-02  3e-02  7e-02 2:52.8
  249   2988 2.146135102427068e-02 1.9e+01 5.83e-02  3e-02  1e-01 3:12.2
  275   3300 1.925434508438715e-02 1.8e+01 4.36e-02  2e-02  8e-02 3:32.2
  300   3600 1.769053036524334e-02 1.9e+01 5.22e-02  2e-02  1e-01 3:51.5
  329   3948 1.551801829775350e-02 2.7e+01 3.69e-02  2e-02  1e-01 4:13.8
  359   4308 1.477223973860103e-02 3.6e+01 3.92e-02  2e-02  1e-01 4:36.9
  391   4692 1.377556114594349e-02 4.4e+01 2.85e-02  1e-02  9e-02 5:01.6
  400   4800 1.370270254653108e-02 4.6e+01 2.33e-02  8e-03  7e-02 5:08.5
  434   5208 1.344707069573013e-02 4.8e+01 1.47e-02  4e-03  4e-02 5:34.7
  470   5640 1.336704914864570e-02 5.1e+01 1.07e-02  3e-03  2e-02 6:02.5
  500   6000 1.327997774310580e-02 5.8e+01 2.06e-02  5e-03  4e-02 6:25.6
  538   6456 1.295259685855398e-02 6.4e+01 4.31e-02  9e-03  8e-02 6:54.9
  577   6924 1.247915652948510e-02 5.3e+01 3.62e-02  7e-03  6e-02 7:25.0
  600   7200 1.217374955589390e-02 4.9e+01 3.20e-02  5e-03  5e-02 7:42.7
  642   7704 1.161263509405201e-02 5.2e+01 3.58e-02  5e-03  5e-02 8:15.1
  685   8220 1.142139451866815e-02 4.6e+01 2.33e-02  3e-03  3e-02 8:48.2
  700   8400 1.130227959807412e-02 4.8e+01 2.68e-02  4e-03  4e-02 8:59.8
  746   8952 1.056960180523540e-02 8.1e+01 5.28e-02  7e-03  1e-01 9:35.2
  793   9516 8.830932240987650e-03 1.1e+02 5.68e-02  8e-03  2e-01 10:11.5
  800   9600 8.618769845827460e-03 1.1e+02 4.95e-02  6e-03  1e-01 10:16.9
  850  10200 6.811263137101929e-03 9.3e+01 9.45e-02  1e-02  2e-01 10:55.4
  900  10800 6.294712182475059e-03 7.8e+01 4.33e-02  4e-03  7e-02 11:33.9
  952  11424 6.184681937764000e-03 6.5e+01 1.28e-02  1e-03  2e-02 12:14.0
 1000  12000 6.168776551780445e-03 8.4e+01 1.09e-02  8e-04  2e-02 12:51.0
Iterat #Fevals   function value  axis ratio  sigma  min&max std  t[m:s]
 1055  12660 6.134436955740613e-03 9.3e+01 1.76e-02  1e-03  2e-02 13:33.4
 1100  13200 6.131225895915705e-03 9.5e+01 4.88e-03  3e-04  5e-03 14:08.1
 1158  13896 6.130916581214361e-03 1.0e+02 7.04e-04  4e-05  6e-04 14:52.8
 1200  14400 6.130913171211415e-03 1.1e+02 1.02e-04  5e-06  8e-05 15:25.2
 1260  15120 6.130913135762013e-03 1.1e+02 3.60e-06  1e-07  2e-06 16:11.4
 1264  15168 6.130913135751688e-03 1.1e+02 2.91e-06  1e-07  2e-06 16:14.5
/home/adrianps/venvs/quantum_simulation/lib/python3.6/site-packages/scipy/optimize/optimize.py:705: ComplexWarning: Casting complex values to real discards the imaginary part
  grad[k] = df
/home/adrianps/venvs/quantum_simulation/lib/python3.6/site-packages/scipy/optimize/linesearch.py:172: ComplexWarning: Casting complex values to real discards the imaginary part
  amin, amax, isave, dsave)
/home/adrianps/venvs/quantum_simulation/lib/python3.6/site-packages/scipy/optimize/optimize.py:705: ComplexWarning: Casting complex values to real discards the imaginary part
  grad[k] = df
/home/adrianps/venvs/quantum_simulation/lib/python3.6/site-packages/scipy/optimize/linesearch.py:172: ComplexWarning: Casting complex values to real discards the imaginary part
  amin, amax, isave, dsave)
/home/adrianps/venvs/quantum_simulation/lib/python3.6/site-packages/scipy/optimize/optimize.py:705: ComplexWarning: Casting complex values to real discards the imaginary part
  grad[k] = df
/home/adrianps/venvs/quantum_simulation/lib/python3.6/site-packages/scipy/optimize/linesearch.py:172: ComplexWarning: Casting complex values to real discards the imaginary part
  amin, amax, isave, dsave)
/home/adrianps/venvs/quantum_simulation/lib/python3.6/site-packages/scipy/optimize/optimize.py:705: ComplexWarning: Casting complex values to real discards the imaginary part
  grad[k] = df
/home/adrianps/venvs/quantum_simulation/lib/python3.6/site-packages/scipy/optimize/linesearch.py:172: ComplexWarning: Casting complex values to real discards the imaginary part
  amin, amax, isave, dsave)
/home/adrianps/venvs/quantum_simulation/lib/python3.6/site-packages/scipy/optimize/optimize.py:705: ComplexWarning: Casting complex values to real discards the imaginary part
  grad[k] = df
/home/adrianps/venvs/quantum_simulation/lib/python3.6/site-packages/scipy/optimize/linesearch.py:172: ComplexWarning: Casting complex values to real discards the imaginary part
  amin, amax, isave, dsave)
/home/adrianps/venvs/quantum_simulation/lib/python3.6/site-packages/scipy/optimize/optimize.py:705: ComplexWarning: Casting complex values to real discards the imaginary part
  grad[k] = df
/home/adrianps/venvs/quantum_simulation/lib/python3.6/site-packages/scipy/optimize/linesearch.py:172: ComplexWarning: Casting complex values to real discards the imaginary part
  amin, amax, isave, dsave)
/home/adrianps/venvs/quantum_simulation/lib/python3.6/site-packages/scipy/optimize/optimize.py:705: ComplexWarning: Casting complex values to real discards the imaginary part
  grad[k] = df
/home/adrianps/venvs/quantum_simulation/lib/python3.6/site-packages/scipy/optimize/linesearch.py:172: ComplexWarning: Casting complex values to real discards the imaginary part
  amin, amax, isave, dsave)
/home/adrianps/venvs/quantum_simulation/lib/python3.6/site-packages/scipy/optimize/optimize.py:705: ComplexWarning: Casting complex values to real discards the imaginary part
  grad[k] = df
/home/adrianps/venvs/quantum_simulation/lib/python3.6/site-packages/scipy/optimize/linesearch.py:172: ComplexWarning: Casting complex values to real discards the imaginary part
  amin, amax, isave, dsave)
/home/adrianps/venvs/quantum_simulation/lib/python3.6/site-packages/scipy/optimize/optimize.py:705: ComplexWarning: Casting complex values to real discards the imaginary part
  grad[k] = df
/home/adrianps/venvs/quantum_simulation/lib/python3.6/site-packages/scipy/optimize/linesearch.py:172: ComplexWarning: Casting complex values to real discards the imaginary part
  amin, amax, isave, dsave)
/home/adrianps/venvs/quantum_simulation/lib/python3.6/site-packages/scipy/optimize/optimize.py:705: ComplexWarning: Casting complex values to real discards the imaginary part
  grad[k] = df
/home/adrianps/venvs/quantum_simulation/lib/python3.6/site-packages/scipy/optimize/linesearch.py:172: ComplexWarning: Casting complex values to real discards the imaginary part
  amin, amax, isave, dsave)
/home/adrianps/Universal-Approximator/qibo_sim/classes/ApproximantNN.py:552: RuntimeWarning: More than 20 figures have been opened. Figures created through the pyplot interface (`matplotlib.pyplot.figure`) are retained until explicitly closed and may consume too much memory. (To control this warning, see the rcParam `figure.max_open_warning`).
  fig, axs = plt.subplots(nrows=2, figsize=(8,10))
/home/adrianps/venvs/quantum_simulation/lib/python3.6/site-packages/scipy/optimize/optimize.py:705: ComplexWarning: Casting complex values to real discards the imaginary part
  grad[k] = df
/home/adrianps/venvs/quantum_simulation/lib/python3.6/site-packages/scipy/optimize/linesearch.py:172: ComplexWarning: Casting complex values to real discards the imaginary part
  amin, amax, isave, dsave)
/home/adrianps/Universal-Approximator/qibo_sim/classes/ApproximantNN.py:577: RuntimeWarning: More than 20 figures have been opened. Figures created through the pyplot interface (`matplotlib.pyplot.figure`) are retained until explicitly closed and may consume too much memory. (To control this warning, see the rcParam `figure.max_open_warning`).
  fig, axs = plt.subplots(nrows=2, figsize=(8,10))
/home/adrianps/Universal-Approximator/qibo_sim/classes/ApproximantNN.py:552: RuntimeWarning: More than 20 figures have been opened. Figures created through the pyplot interface (`matplotlib.pyplot.figure`) are retained until explicitly closed and may consume too much memory. (To control this warning, see the rcParam `figure.max_open_warning`).
  fig, axs = plt.subplots(nrows=2, figsize=(8,10))
/home/adrianps/venvs/quantum_simulation/lib/python3.6/site-packages/scipy/optimize/optimize.py:705: ComplexWarning: Casting complex values to real discards the imaginary part
  grad[k] = df
/home/adrianps/venvs/quantum_simulation/lib/python3.6/site-packages/scipy/optimize/linesearch.py:172: ComplexWarning: Casting complex values to real discards the imaginary part
  amin, amax, isave, dsave)
/home/adrianps/Universal-Approximator/qibo_sim/classes/ApproximantNN.py:577: RuntimeWarning: More than 20 figures have been opened. Figures created through the pyplot interface (`matplotlib.pyplot.figure`) are retained until explicitly closed and may consume too much memory. (To control this warning, see the rcParam `figure.max_open_warning`).
  fig, axs = plt.subplots(nrows=2, figsize=(8,10))
termination on tolfun=1e-11 (Fri Nov 27 11:39:28 2020)
final/bestever f-value = 6.130913e-03 6.130913e-03
incumbent solution: [ 0.37515151  1.38276     1.96677169  0.77408206 -3.90681155  2.45153975
 -3.00627054  4.39254046 ...]
std deviations: [3.81391963e-07 3.46952432e-07 4.95701203e-07 3.85865037e-07
 1.21797561e-06 9.87935254e-08 3.43270700e-07 8.71036392e-07 ...]
