cma
(3_w,6)-aCMA-ES (mu_w=2.0,w_1=63%) in dimension 2 (seed=375934, Wed Nov 25 15:55:23 2020)
Iterat #Fevals   function value  axis ratio  sigma  min&max std  t[m:s]
    1      6 7.089021490404910e-01 1.0e+00 1.24e+00  1e+00  1e+00 0:00.1
    2     12 4.167965936494100e-01 1.6e+00 1.64e+00  2e+00  2e+00 0:00.2
    3     18 3.560767293629011e-01 2.0e+00 1.27e+00  1e+00  2e+00 0:00.3
   39    234 2.928817965856686e-01 2.7e+00 1.03e-02  3e-04  8e-04 0:03.3
   77    462 2.928816202209598e-01 2.3e+00 3.58e-05  3e-08  8e-08 0:06.4
termination on tolfun=1e-11 (Wed Nov 25 15:55:29 2020)
final/bestever f-value = 2.928816e-01 2.928816e-01
incumbent solution: [3.141592666849691, 2.6199043767077885]
std deviation: [3.2025986934422263e-08, 8.142814434041246e-08]
cma
(3_w,6)-aCMA-ES (mu_w=2.0,w_1=63%) in dimension 2 (seed=386602, Wed Nov 25 15:55:30 2020)
Iterat #Fevals   function value  axis ratio  sigma  min&max std  t[m:s]
    1      6 3.351612528688583e-01 1.0e+00 1.13e+00  1e+00  1e+00 0:00.1
    2     12 2.963758691265653e-01 1.6e+00 9.08e-01  8e-01  8e-01 0:00.2
    3     18 3.084076918126020e-01 1.4e+00 7.62e-01  6e-01  6e-01 0:00.2
   40    240 2.928816202592816e-01 1.5e+00 9.19e-04  1e-05  2e-05 0:03.3
   60    360 2.928816202209676e-01 1.6e+00 5.62e-05  1e-07  2e-07 0:04.9
termination on tolfun=1e-11 (Wed Nov 25 15:55:35 2020)
final/bestever f-value = 2.928816e-01 2.928816e-01
incumbent solution: [-3.141592622077036, 2.6199044382454533]
std deviation: [1.407265898024373e-07, 2.462298261967655e-07]
cma
(4_w,8)-aCMA-ES (mu_w=2.6,w_1=52%) in dimension 5 (seed=341991, Wed Nov 25 15:55:35 2020)
Iterat #Fevals   function value  axis ratio  sigma  min&max std  t[m:s]
    1      8 2.982352337298770e-01 1.0e+00 1.08e+00  1e+00  1e+00 0:00.1
    2     16 2.576165303788753e-01 1.5e+00 1.14e+00  1e+00  1e+00 0:00.3
    3     24 3.596463974501477e-01 1.7e+00 1.08e+00  9e-01  1e+00 0:00.4
   26    208 2.032320776885357e-01 3.8e+00 4.84e-01  2e-01  5e-01 0:03.5
   56    448 1.668626191356812e-01 5.6e+00 1.91e-01  4e-02  1e-01 0:07.5
   94    752 1.647360496485286e-01 6.8e+00 1.92e-02  1e-03  5e-03 0:12.7
  100    800 1.647359809314761e-01 8.1e+00 1.01e-02  5e-04  2e-03 0:13.5
  152   1216 1.647357178555017e-01 1.3e+01 5.20e-05  7e-07  4e-06 0:20.5
  168   1344 1.647357178553464e-01 1.0e+01 1.47e-05  1e-07  7e-07 0:22.6
termination on tolfun=1e-11 (Wed Nov 25 15:55:57 2020)
final/bestever f-value = 1.647357e-01 1.647357e-01
incumbent solution: [6.917175891828737e-08, 2.0960980747061253, 2.015809907920404, -3.141592611671442, -2.0960986553536203]
std deviation: [2.589938411875165e-07, 6.789271338480715e-07, 1.1314350860631657e-07, 2.6015098561694363e-07, 6.718864031351412e-07]
cma
(4_w,8)-aCMA-ES (mu_w=2.6,w_1=52%) in dimension 5 (seed=366643, Wed Nov 25 15:55:58 2020)
Iterat #Fevals   function value  axis ratio  sigma  min&max std  t[m:s]
    1      8 3.538248678583794e-01 1.0e+00 8.76e-01  8e-01  9e-01 0:00.1
    2     16 6.182759176694642e-01 1.2e+00 8.24e-01  8e-01  9e-01 0:00.3
    3     24 5.040837919156216e-01 1.3e+00 8.61e-01  8e-01  1e+00 0:00.4
   26    208 1.687869125179230e-01 2.6e+00 3.34e-01  2e-01  3e-01 0:03.5
   54    432 1.648213591583328e-01 6.4e+00 4.80e-02  9e-03  3e-02 0:07.6
   92    736 1.647357252465441e-01 1.0e+01 1.65e-03  9e-05  5e-04 0:12.6
  100    800 1.647357187807537e-01 9.5e+00 9.65e-04  4e-05  3e-04 0:13.7
  150   1200 1.647357178553468e-01 1.1e+01 7.99e-06  1e-07  5e-07 0:20.6
termination on tolfun=1e-11 (Wed Nov 25 15:56:18 2020)
final/bestever f-value = 1.647357e-01 1.647357e-01
incumbent solution: [3.1415927015297505, -2.0960982555180534, -2.015809829051615, 2.1629838977639705e-07, 2.0960987079864983]
std deviation: [1.7234727561786834e-07, 5.14076184564043e-07, 1.039227905273538e-07, 1.8329566695094942e-07, 5.039041384009467e-07]
cma
(5_w,10)-aCMA-ES (mu_w=3.2,w_1=45%) in dimension 8 (seed=427519, Wed Nov 25 15:56:18 2020)
Iterat #Fevals   function value  axis ratio  sigma  min&max std  t[m:s]
    1     10 4.865152398946772e-01 1.0e+00 9.33e-01  9e-01  1e+00 0:00.2
    2     20 6.502341336411233e-01 1.2e+00 9.07e-01  9e-01  1e+00 0:00.4
    3     30 2.536438600849530e-01 1.3e+00 8.91e-01  8e-01  1e+00 0:00.7
   19    190 2.308169681699541e-01 2.6e+00 5.65e-01  4e-01  7e-01 0:03.8
   40    400 1.681260897936754e-01 4.5e+00 1.31e-01  7e-02  1e-01 0:07.8
   67    670 1.648649006756308e-01 9.0e+00 4.09e-02  2e-02  4e-02 0:12.9
   99    990 1.646903641910105e-01 3.7e+01 1.22e-02  3e-03  2e-02 0:19.0
  100   1000 1.646917115755567e-01 3.7e+01 1.15e-02  3e-03  2e-02 0:19.2
  143   1430 1.645754545725865e-01 4.7e+01 3.22e-02  5e-03  5e-02 0:27.4
  191   1910 1.644835195060815e-01 4.2e+01 2.59e-02  3e-03  2e-02 0:36.6
  200   2000 1.644778900102736e-01 3.5e+01 3.51e-02  3e-03  2e-02 0:38.3
  258   2580 1.644229369727270e-01 4.6e+01 2.23e-02  1e-03  1e-02 0:49.3
  300   3000 1.643745887012746e-01 6.7e+01 8.02e-02  2e-03  7e-02 0:57.3
  369   3690 1.643022062097173e-01 6.0e+01 1.29e-01  1e-03  5e-02 1:10.5
  400   4000 1.642227542131260e-01 3.1e+01 2.55e-01  2e-03  4e-02 1:16.4
  479   4790 1.638126906697561e-01 5.3e+01 3.11e-01  2e-03  3e-02 1:31.5
  500   5000 1.638111393294912e-01 4.8e+01 7.21e-02  4e-04  5e-03 1:35.6
  588   5880 1.638110806039446e-01 6.4e+01 1.78e-04  4e-07  3e-06 1:52.7
  593   5930 1.638110806038985e-01 6.3e+01 1.15e-04  2e-07  2e-06 1:53.7
termination on tolfun=1e-11 (Wed Nov 25 15:58:13 2020)
final/bestever f-value = 1.638111e-01 1.638111e-01
incumbent solution: [-6.141777662111042e-08, -1.4059375057284607, 2.498611644954329, -3.1415926270168897, 1.291487548685745, -2.4986141571703637, 1.1224006302015791e-07, -1.4059340762292558]
std deviation: [2.3875438066381114e-07, 1.8845894839803333e-06, 1.253329403081939e-06, 2.445605064585713e-07, 1.863106945317225e-06, 1.1395867373703892e-06, 2.2244135564847322e-07, 2.1295368973857697e-06]
cma
(5_w,10)-aCMA-ES (mu_w=3.2,w_1=45%) in dimension 8 (seed=429772, Wed Nov 25 15:58:13 2020)
Iterat #Fevals   function value  axis ratio  sigma  min&max std  t[m:s]
    1     10 5.134102581796791e-01 1.0e+00 9.64e-01  9e-01  1e+00 0:00.2
    2     20 3.236419322113345e-01 1.3e+00 9.26e-01  9e-01  1e+00 0:00.4
    3     30 4.025010683121932e-01 1.4e+00 9.57e-01  9e-01  1e+00 0:00.6
   19    190 3.251192767036251e-01 2.1e+00 5.73e-01  4e-01  6e-01 0:03.7
   40    400 1.816094542969703e-01 2.4e+00 1.85e-01  1e-01  2e-01 0:07.8
   66    660 1.687750511266427e-01 5.2e+00 1.24e-01  6e-02  1e-01 0:12.8
   97    970 1.647570153462097e-01 1.6e+01 6.67e-02  2e-02  9e-02 0:18.8
  100   1000 1.647275209730654e-01 1.6e+01 5.68e-02  2e-02  7e-02 0:19.4
  142   1420 1.644443634787985e-01 3.9e+01 5.94e-02  1e-02  8e-02 0:27.6
  189   1890 1.638350750443268e-01 3.5e+01 4.85e-02  6e-03  4e-02 0:36.7
  200   2000 1.638202529155807e-01 3.5e+01 4.35e-02  5e-03  3e-02 0:38.9
  257   2570 1.638110809446525e-01 5.6e+01 5.73e-04  3e-05  3e-04 0:49.9
  300   3000 1.638110806039927e-01 5.0e+01 2.45e-05  7e-07  5e-06 0:58.3
  311   3110 1.638110806039226e-01 6.5e+01 1.25e-05  3e-07  2e-06 1:00.4
termination on tolfun=1e-11 (Wed Nov 25 15:59:14 2020)
final/bestever f-value = 1.638111e-01 1.638111e-01
incumbent solution: [3.1415931232154515, -1.4059366360068033, 2.4986121392688787, 1.5498606740141584e-07, 1.2914877553993889, 2.498613494198351, -2.1832212172203204e-07, -1.4059350329225255]
std deviation: [3.1788291473082e-07, 2.472325561297103e-06, 1.5398111162704436e-06, 3.2402720376895286e-07, 1.8897839720468746e-06, 1.5815976175502906e-06, 2.941721428752966e-07, 2.3618306978168035e-06]
cma
(5_w,11)-aCMA-ES (mu_w=3.4,w_1=42%) in dimension 11 (seed=426685, Wed Nov 25 15:59:14 2020)
Iterat #Fevals   function value  axis ratio  sigma  min&max std  t[m:s]
    1     11 6.582670451954071e-01 1.0e+00 9.05e-01  9e-01  9e-01 0:00.2
    2     22 3.849239790868159e-01 1.1e+00 8.03e-01  7e-01  8e-01 0:00.5
    3     33 3.355155783866141e-01 1.2e+00 7.37e-01  7e-01  8e-01 0:00.7
   16    176 2.792539617448716e-01 1.9e+00 4.89e-01  4e-01  5e-01 0:03.8
   33    363 1.827444227790530e-01 2.8e+00 2.43e-01  2e-01  3e-01 0:07.9
   54    594 1.667829759831404e-01 4.9e+00 1.08e-01  6e-02  1e-01 0:13.0
   79    869 1.651878952555364e-01 8.1e+00 5.43e-02  3e-02  6e-02 0:19.0
  100   1100 1.646057235428871e-01 1.1e+01 3.44e-02  2e-02  4e-02 0:24.0
  134   1474 1.641636467480035e-01 1.9e+01 1.16e-02  3e-03  1e-02 0:32.2
  172   1892 1.640606602760148e-01 2.2e+01 2.53e-02  5e-03  3e-02 0:41.3
  200   2200 1.639033155760154e-01 4.0e+01 2.19e-02  4e-03  3e-02 0:48.0
  246   2706 1.638186979835277e-01 7.0e+01 1.19e-02  2e-03  2e-02 0:59.1
  297   3267 1.638111414522018e-01 8.8e+01 2.56e-03  4e-04  4e-03 1:11.3
  300   3300 1.638111331353703e-01 8.9e+01 2.29e-03  3e-04  3e-03 1:12.0
  359   3949 1.638110806499323e-01 1.1e+02 1.77e-04  2e-05  2e-04 1:26.2
  400   4400 1.638110806039773e-01 1.3e+02 9.05e-06  5e-07  8e-06 1:36.0
  411   4521 1.638110806039057e-01 1.4e+02 5.74e-06  3e-07  5e-06 1:38.6
termination on tolfun=1e-11 (Wed Nov 25 16:00:53 2020)
final/bestever f-value = 1.638111e-01 1.638111e-01
incumbent solution: [-6.81482026e-08  1.40593602e+00 -2.49861300e+00 -1.37856701e-01
 -1.29148635e+00  2.03405594e+00 -8.37644330e-02  1.08151289e-06 ...]
std deviations: [2.58198543e-07 1.76911146e-06 1.26003536e-06 9.26603782e-07
 2.10216744e-06 4.25685800e-06 5.29539123e-07 9.59871527e-07 ...]
cma
(5_w,11)-aCMA-ES (mu_w=3.4,w_1=42%) in dimension 11 (seed=356589, Wed Nov 25 16:00:54 2020)
Iterat #Fevals   function value  axis ratio  sigma  min&max std  t[m:s]
    1     11 2.027138018051641e-01 1.0e+00 9.67e-01  9e-01  1e+00 0:00.2
    2     22 2.549483879523870e-01 1.1e+00 9.72e-01  9e-01  1e+00 0:00.5
    3     33 2.873050020440356e-01 1.3e+00 9.14e-01  9e-01  1e+00 0:00.7
   16    176 2.799845844684657e-01 1.8e+00 6.37e-01  5e-01  7e-01 0:03.9
   33    363 2.569249806936441e-01 2.6e+00 4.37e-01  3e-01  5e-01 0:07.9
   54    594 1.829651026747977e-01 4.0e+00 1.24e-01  8e-02  1e-01 0:13.0
   79    869 1.689326055491682e-01 7.0e+00 1.06e-01  6e-02  1e-01 0:19.0
  100   1100 1.647971581579314e-01 1.1e+01 4.01e-02  2e-02  5e-02 0:24.1
  134   1474 1.644077751004906e-01 1.9e+01 2.57e-02  9e-03  3e-02 0:32.3
  172   1892 1.639924306304790e-01 2.4e+01 4.53e-02  1e-02  5e-02 0:41.4
  200   2200 1.607455032688696e-01 3.0e+01 9.83e-02  2e-02  1e-01 0:48.2
  246   2706 9.439791910111309e-02 2.4e+01 4.75e-01  9e-02  4e-01 0:59.3
  296   3256 5.980310228455138e-02 2.0e+01 2.03e-01  3e-02  1e-01 1:11.3
  300   3300 5.981490703286650e-02 2.0e+01 1.75e-01  3e-02  1e-01 1:12.3
  359   3949 5.847343573059707e-02 2.1e+01 1.00e-02  1e-03  5e-03 1:26.5
  400   4400 5.846027502713078e-02 2.7e+01 1.55e-02  1e-03  8e-03 1:36.3
  467   5137 5.845867334029111e-02 7.4e+01 3.04e-03  1e-04  3e-03 1:52.5
  500   5500 5.845866746444307e-02 9.6e+01 7.68e-04  3e-05  6e-04 2:00.4
  575   6325 5.845866678455341e-02 1.6e+02 1.27e-05  2e-07  9e-06 2:18.4
  581   6391 5.845866678454351e-02 1.7e+02 8.72e-06  2e-07  6e-06 2:19.9
termination on tolfun=1e-11 (Wed Nov 25 16:03:14 2020)
final/bestever f-value = 5.845867e-02 5.845867e-02
incumbent solution: [ 1.57079632e+00  1.74238053e+00  1.27762881e+00  3.30530292e+00
  4.88589260e+00 -1.83786268e+00  2.87325187e-01 -3.94933421e-07 ...]
std deviations: [1.53743612e-07 7.20080222e-07 2.53247279e-06 9.89789344e-07
 3.63016126e-07 6.33951392e-06 1.75347562e-06 6.16952714e-07 ...]
cma
(5_w,11)-aCMA-ES (mu_w=3.4,w_1=42%) in dimension 14 (seed=412323, Wed Nov 25 16:03:14 2020)
Iterat #Fevals   function value  axis ratio  sigma  min&max std  t[m:s]
    1     11 5.874919372739351e-01 1.0e+00 9.14e-01  9e-01  9e-01 0:00.3
    2     22 4.515392924354941e-01 1.1e+00 8.55e-01  8e-01  9e-01 0:00.5
    3     33 4.012479339265069e-01 1.2e+00 8.37e-01  8e-01  9e-01 0:00.8
   15    165 4.081532912656604e-01 1.6e+00 5.85e-01  5e-01  6e-01 0:04.0
   31    341 2.694925784893284e-01 2.1e+00 5.77e-01  5e-01  6e-01 0:08.2
   50    550 2.569099436228863e-01 2.6e+00 4.32e-01  3e-01  5e-01 0:13.3
   73    803 2.205161267535731e-01 3.6e+00 2.98e-01  2e-01  3e-01 0:19.4
  100   1100 4.002076875789274e-02 3.9e+00 1.62e-01  1e-01  2e-01 0:26.5
  131   1441 2.860586924497512e-02 4.5e+00 3.30e-02  2e-02  3e-02 0:34.8
  165   1815 2.773914218677098e-02 5.4e+00 1.12e-02  5e-03  1e-02 0:43.8
  200   2200 2.769091418627481e-02 7.9e+00 5.54e-03  2e-03  5e-03 0:53.1
  242   2662 2.759949035467387e-02 1.9e+01 1.55e-02  5e-03  2e-02 1:04.2
  288   3168 2.394149635596729e-02 2.6e+01 8.58e-02  3e-02  1e-01 1:16.4
  300   3300 2.172305945340468e-02 2.1e+01 9.82e-02  3e-02  1e-01 1:19.6
  353   3883 1.912689752805016e-02 1.7e+01 5.21e-02  1e-02  5e-02 1:33.6
  400   4400 1.865243015843433e-02 2.5e+01 3.19e-02  7e-03  3e-02 1:46.1
  461   5071 1.836433647346851e-02 4.3e+01 1.91e-02  3e-03  2e-02 2:02.2
  500   5500 1.831501399180326e-02 4.9e+01 1.62e-02  2e-03  2e-02 2:12.6
  568   6248 1.830974525668159e-02 4.8e+01 1.78e-03  2e-04  1e-03 2:30.6
  600   6600 1.830970804661115e-02 5.0e+01 3.33e-04  3e-05  2e-04 2:39.0
  676   7436 1.830970758902641e-02 5.0e+01 6.69e-06  3e-07  3e-06 2:59.2
  682   7502 1.830970758899644e-02 5.0e+01 4.39e-06  2e-07  2e-06 3:00.8
termination on tolfun=1e-11 (Wed Nov 25 16:06:16 2020)
final/bestever f-value = 1.830971e-02 1.830971e-02
incumbent solution: [-1.92017426e-08 -2.79366295e+00  2.19625722e+00 -3.14159287e+00
  2.31140934e+00 -1.81660948e+00  3.14159270e+00 -3.95447723e+00 ...]
std deviations: [4.05485731e-07 1.83692020e-06 1.35990059e-06 4.93065568e-07
 1.12185328e-06 9.95256116e-07 3.08606972e-07 2.16685600e-06 ...]
cma
(5_w,11)-aCMA-ES (mu_w=3.4,w_1=42%) in dimension 14 (seed=384148, Wed Nov 25 16:06:17 2020)
Iterat #Fevals   function value  axis ratio  sigma  min&max std  t[m:s]
    1     11 2.952628850223860e-01 1.0e+00 9.23e-01  9e-01  9e-01 0:00.3
    2     22 4.680706485295840e-01 1.1e+00 8.78e-01  8e-01  9e-01 0:00.5
    3     33 3.819633399440485e-01 1.1e+00 8.05e-01  8e-01  8e-01 0:00.8
   15    165 6.322451261819861e-01 1.9e+00 1.04e+00  9e-01  1e+00 0:04.0
   31    341 4.478079927673851e-01 2.3e+00 9.36e-01  8e-01  1e+00 0:08.2
   50    550 2.483248153065732e-01 3.0e+00 8.81e-01  7e-01  1e+00 0:13.3
   73    803 2.772028025845697e-01 3.5e+00 7.01e-01  6e-01  8e-01 0:19.4
  100   1100 1.506731435986587e-01 3.8e+00 3.53e-01  3e-01  4e-01 0:26.5
  131   1441 5.317221195113307e-02 4.6e+00 1.18e-01  8e-02  1e-01 0:34.8
  165   1815 1.967495220199027e-02 7.1e+00 5.72e-02  3e-02  8e-02 0:43.8
  200   2200 1.824465535227774e-02 7.9e+00 1.68e-02  9e-03  2e-02 0:53.1
  242   2662 1.761782084788212e-02 1.3e+01 3.08e-02  1e-02  3e-02 1:04.3
  288   3168 1.733683366626370e-02 2.1e+01 1.14e-02  4e-03  1e-02 1:16.5
  300   3300 1.731820173788181e-02 2.3e+01 8.46e-03  3e-03  1e-02 1:19.6
  353   3883 1.729735952501755e-02 3.4e+01 6.37e-03  2e-03  9e-03 1:33.7
  400   4400 1.722038811009516e-02 7.4e+01 3.33e-02  7e-03  1e-01 1:46.1
  461   5071 1.713899972388488e-02 6.7e+01 6.09e-03  1e-03  1e-02 2:02.3
  500   5500 1.713469380104339e-02 8.9e+01 3.72e-03  7e-04  8e-03 2:12.6
  568   6248 1.713418600840438e-02 8.4e+01 3.41e-04  5e-05  5e-04 2:30.6
  600   6600 1.713418504736998e-02 9.0e+01 1.04e-04  1e-05  1e-04 2:39.1
  676   7436 1.713418479249272e-02 1.1e+02 6.96e-06  6e-07  7e-06 2:59.2
  688   7568 1.713418479244453e-02 1.1e+02 3.31e-06  3e-07  3e-06 3:02.4
termination on tolfun=1e-11 (Wed Nov 25 16:09:20 2020)
final/bestever f-value = 1.713418e-02 1.713418e-02
incumbent solution: [ 1.57079636e+00  5.39210179e+00 -6.58715155e-01 -1.01735941e-08
  2.07719751e+00  1.62587072e+00 -2.80605390e-08 -1.86915906e+00 ...]
std deviations: [5.48158294e-07 2.86882290e-06 1.51927167e-06 5.63396438e-07
 1.52416534e-06 1.03884125e-06 2.67927616e-07 1.80797511e-06 ...]
cma
(6_w,12)-aCMA-ES (mu_w=3.7,w_1=40%) in dimension 17 (seed=349491, Wed Nov 25 16:09:21 2020)
Iterat #Fevals   function value  axis ratio  sigma  min&max std  t[m:s]
    1     12 2.195304040015952e-01 1.0e+00 9.40e-01  9e-01  1e+00 0:00.3
    2     24 3.363273898703436e-01 1.1e+00 9.71e-01  1e+00  1e+00 0:00.6
    3     36 2.909375159572811e-01 1.2e+00 9.79e-01  1e+00  1e+00 0:01.0
   13    156 4.103862484630887e-01 1.4e+00 9.47e-01  9e-01  1e+00 0:04.1
   26    312 3.435828269099754e-01 1.6e+00 7.06e-01  6e-01  7e-01 0:08.3
   42    504 3.751048412569241e-01 1.8e+00 5.99e-01  5e-01  7e-01 0:13.4
   61    732 1.884155864086206e-01 2.2e+00 3.53e-01  3e-01  4e-01 0:19.4
   84   1008 6.886623200354032e-02 2.6e+00 1.60e-01  1e-01  2e-01 0:26.7
  100   1200 6.571738543674005e-02 3.2e+00 1.11e-01  8e-02  1e-01 0:31.8
  129   1548 6.168724206389638e-02 3.9e+00 4.61e-02  3e-02  5e-02 0:41.0
  161   1932 6.099659632326301e-02 5.5e+00 1.99e-02  1e-02  2e-02 0:51.1
  196   2352 5.976192774550550e-02 1.1e+01 3.88e-02  3e-02  5e-02 1:02.3
  200   2400 5.957309292887073e-02 1.1e+01 4.07e-02  3e-02  5e-02 1:03.6
  241   2892 5.672828594843259e-02 1.8e+01 3.07e-02  2e-02  5e-02 1:16.6
  286   3432 3.889342788785036e-02 2.9e+01 1.11e-01  7e-02  3e-01 1:30.8
  300   3600 2.987483265448210e-02 2.6e+01 1.40e-01  8e-02  3e-01 1:35.2
  351   4212 2.282651739943430e-02 1.7e+01 5.77e-02  3e-02  6e-02 1:51.4
  400   4800 2.248032349710920e-02 1.9e+01 1.72e-02  7e-03  2e-02 2:07.0
  457   5484 2.232370198012981e-02 3.0e+01 1.25e-02  4e-03  2e-02 2:25.1
  500   6000 2.228402264331296e-02 4.9e+01 1.03e-02  2e-03  2e-02 2:38.7
  564   6768 2.215729387695324e-02 1.0e+02 2.39e-02  4e-03  5e-02 2:58.9
  600   7200 2.208793513448044e-02 1.1e+02 2.29e-02  3e-03  4e-02 3:10.3
  670   8040 2.202204680568959e-02 8.3e+01 1.35e-02  2e-03  2e-02 3:32.5
  700   8400 2.201869616113701e-02 9.8e+01 5.70e-03  6e-04  9e-03 3:42.1
  776   9312 2.201737829019780e-02 1.2e+02 2.85e-03  2e-04  4e-03 4:06.2
  800   9600 2.201726875635409e-02 1.4e+02 2.60e-03  2e-04  4e-03 4:13.8
  883  10596 2.201478094615351e-02 3.2e+02 8.37e-03  4e-04  2e-02 4:40.1
  900  10800 2.201465028111936e-02 3.5e+02 4.06e-03  2e-04  1e-02 4:45.5
  989  11868 2.201447473367348e-02 4.0e+02 1.60e-03  6e-05  3e-03 5:13.7
 1000  12000 2.201447124259405e-02 4.1e+02 1.37e-03  5e-05  3e-03 5:17.2
Iterat #Fevals   function value  axis ratio  sigma  min&max std  t[m:s]
 1095  13140 2.201446859478616e-02 4.6e+02 1.64e-05  4e-07  3e-05 5:47.4
 1100  13200 2.201446859470512e-02 4.4e+02 1.23e-05  3e-07  2e-05 5:49.0
 1107  13284 2.201446859465636e-02 4.4e+02 9.83e-06  2e-07  1e-05 5:51.2
termination on tolfun=1e-11 (Wed Nov 25 16:15:13 2020)
final/bestever f-value = 2.201447e-02 2.201447e-02
incumbent solution: [-4.71238918e+00  3.96377333e+00 -1.06693058e+00  1.85984988e-07
 -2.45451612e+00 -1.24022928e+00  3.14159192e+00  4.68959373e+00 ...]
std deviations: [2.50885519e-07 1.20556813e-06 6.95533765e-07 2.16890029e-07
 4.83584645e-07 7.20293373e-07 2.01227408e-06 4.06365241e-06 ...]
cma
(6_w,12)-aCMA-ES (mu_w=3.7,w_1=40%) in dimension 17 (seed=370414, Wed Nov 25 16:15:14 2020)
Iterat #Fevals   function value  axis ratio  sigma  min&max std  t[m:s]
    1     12 2.290516141480980e-01 1.0e+00 9.14e-01  9e-01  9e-01 0:00.3
    2     24 3.318393792700465e-01 1.1e+00 8.70e-01  8e-01  9e-01 0:00.6
    3     36 3.404598056191074e-01 1.2e+00 8.53e-01  8e-01  9e-01 0:01.0
   13    156 3.848062106514682e-01 1.7e+00 1.03e+00  1e+00  1e+00 0:04.1
   26    312 7.705320174942428e-01 1.9e+00 1.01e+00  9e-01  1e+00 0:08.2
   42    504 3.920674381978994e-01 2.2e+00 9.00e-01  8e-01  1e+00 0:13.3
   61    732 4.812261335481799e-01 2.4e+00 8.96e-01  8e-01  1e+00 0:19.3
   84   1008 5.593852039625598e-01 2.7e+00 8.59e-01  7e-01  1e+00 0:26.6
  100   1200 2.642686878347653e-01 2.7e+00 5.69e-01  4e-01  7e-01 0:31.7
  129   1548 1.380062757558695e-01 2.8e+00 3.12e-01  2e-01  3e-01 0:40.9
  161   1932 5.896279499451613e-02 3.1e+00 1.32e-01  8e-02  1e-01 0:51.0
  196   2352 2.762978149380301e-02 4.5e+00 9.70e-02  6e-02  1e-01 1:02.2
  200   2400 2.279091122697527e-02 4.9e+00 8.70e-02  5e-02  1e-01 1:03.4
  241   2892 1.529191424419354e-02 8.0e+00 5.84e-02  3e-02  1e-01 1:16.4
  286   3432 1.249135707119325e-02 1.2e+01 3.81e-02  2e-02  6e-02 1:30.7
  300   3600 1.230349885354516e-02 1.3e+01 2.53e-02  1e-02  4e-02 1:35.2
  351   4212 1.189665622699082e-02 2.0e+01 1.73e-02  6e-03  3e-02 1:51.3
  400   4800 1.180212762632699e-02 2.6e+01 9.76e-03  3e-03  2e-02 2:06.8
  457   5484 1.174191807229456e-02 3.1e+01 7.30e-03  2e-03  1e-02 2:24.9
  500   6000 1.172681986439465e-02 3.8e+01 6.21e-03  1e-03  1e-02 2:38.5
  564   6768 1.172085170603691e-02 5.6e+01 2.83e-03  5e-04  5e-03 2:58.7
  600   7200 1.171949872972395e-02 7.5e+01 3.88e-03  6e-04  9e-03 3:10.1
  670   8040 1.171814356702288e-02 1.3e+02 1.50e-03  2e-04  5e-03 3:32.3
  700   8400 1.171811032066207e-02 1.3e+02 3.13e-04  3e-05  9e-04 3:41.8
  776   9312 1.171810836306697e-02 1.3e+02 1.12e-05  8e-07  3e-05 4:05.9
  800   9600 1.171810836240376e-02 1.3e+02 3.68e-06  3e-07  8e-06 4:13.5
  807   9684 1.171810836232526e-02 1.3e+02 2.73e-06  2e-07  6e-06 4:15.7
/home/adrianps/Universal-Approximator/qibo_sim/classes/ApproximantNN.py:437: RuntimeWarning: More than 20 figures have been opened. Figures created through the pyplot interface (`matplotlib.pyplot.figure`) are retained until explicitly closed and may consume too much memory. (To control this warning, see the rcParam `figure.max_open_warning`).
  fig, axs = plt.subplots()
/home/adrianps/Universal-Approximator/qibo_sim/classes/ApproximantNN.py:452: RuntimeWarning: More than 20 figures have been opened. Figures created through the pyplot interface (`matplotlib.pyplot.figure`) are retained until explicitly closed and may consume too much memory. (To control this warning, see the rcParam `figure.max_open_warning`).
  fig, axs = plt.subplots()
/home/adrianps/Universal-Approximator/qibo_sim/classes/ApproximantNN.py:437: RuntimeWarning: More than 20 figures have been opened. Figures created through the pyplot interface (`matplotlib.pyplot.figure`) are retained until explicitly closed and may consume too much memory. (To control this warning, see the rcParam `figure.max_open_warning`).
  fig, axs = plt.subplots()
/home/adrianps/Universal-Approximator/qibo_sim/classes/ApproximantNN.py:452: RuntimeWarning: More than 20 figures have been opened. Figures created through the pyplot interface (`matplotlib.pyplot.figure`) are retained until explicitly closed and may consume too much memory. (To control this warning, see the rcParam `figure.max_open_warning`).
  fig, axs = plt.subplots()
termination on tolfun=1e-11 (Wed Nov 25 16:19:30 2020)
final/bestever f-value = 1.171811e-02 1.171811e-02
incumbent solution: [ 6.28318567  3.19652509 -2.01969081  3.14159328 -3.59138113 -4.54166068
 -3.14159257  3.13815613 ...]
std deviations: [3.40987908e-07 1.12779826e-06 4.98940302e-07 4.41909044e-07
 1.14461922e-06 6.39591031e-07 1.88870386e-07 1.17493416e-06 ...]
