cma
(3_w,6)-aCMA-ES (mu_w=2.0,w_1=63%) in dimension 2 (seed=599970, Fri Nov 27 10:01:45 2020)
Iterat #Fevals   function value  axis ratio  sigma  min&max std  t[m:s]
    1      6 7.274229453481547e-01 1.0e+00 1.09e+00  9e-01  1e+00 0:00.1
    2     12 5.699559071151106e-01 1.4e+00 1.64e+00  1e+00  2e+00 0:00.3
    3     18 5.998807031518375e-01 1.8e+00 1.77e+00  1e+00  2e+00 0:00.4
   25    150 5.023120910715195e-01 2.2e+00 8.55e-02  1e-02  1e-02 0:03.5
   55    330 5.022454419520169e-01 1.5e+00 7.81e-04  6e-06  7e-06 0:07.6
   72    432 5.022454419511927e-01 1.8e+00 2.95e-05  4e-08  5e-08 0:10.0
termination on tolfun=1e-11 (Fri Nov 27 10:01:55 2020)
final/bestever f-value = 5.022454e-01 5.022454e-01
incumbent solution: [-1.5707963330359034, 2.4649870283505164]
std deviation: [3.709304936633444e-08, 4.962304586805901e-08]
cma
(3_w,6)-aCMA-ES (mu_w=2.0,w_1=63%) in dimension 2 (seed=612554, Fri Nov 27 10:01:55 2020)
Iterat #Fevals   function value  axis ratio  sigma  min&max std  t[m:s]
    1      6 7.376357974081331e-01 1.0e+00 8.87e-01  7e-01  9e-01 0:00.1
    2     12 6.643453786284738e-01 1.2e+00 8.27e-01  7e-01  8e-01 0:00.3
    3     18 6.144419563794443e-01 1.4e+00 8.77e-01  8e-01  8e-01 0:00.4
   25    150 5.690375711122632e-01 2.1e+00 9.16e-03  6e-04  8e-04 0:03.4
   55    330 5.690375588494522e-01 2.1e+00 1.69e-04  6e-07  1e-06 0:07.5
   68    408 5.690375588486554e-01 2.5e+00 1.90e-05  2e-08  4e-08 0:09.3
termination on tolfun=1e-11 (Fri Nov 27 10:02:05 2020)
final/bestever f-value = 5.690376e-01 5.690376e-01
incumbent solution: [-2.9931977005862067, 2.031822109283372e-08]
std deviation: [1.997762738020675e-08, 4.444303587054978e-08]
cma
(4_w,8)-aCMA-ES (mu_w=2.6,w_1=52%) in dimension 5 (seed=556290, Fri Nov 27 10:02:05 2020)
Iterat #Fevals   function value  axis ratio  sigma  min&max std  t[m:s]
    1      8 6.890836613426441e-01 1.0e+00 9.76e-01  9e-01  1e+00 0:00.2
    2     16 7.715042987904155e-01 1.2e+00 9.30e-01  8e-01  1e+00 0:00.4
    3     24 5.706409479567871e-01 1.4e+00 8.21e-01  7e-01  9e-01 0:00.6
   18    144 5.028550046677902e-01 3.0e+00 4.57e-01  3e-01  4e-01 0:03.7
   38    304 3.211889236733746e-01 6.2e+00 4.42e-01  2e-01  4e-01 0:07.9
   63    504 2.929094295672477e-01 5.2e+00 2.55e-02  4e-03  1e-02 0:13.0
   92    736 2.928816382166826e-01 5.1e+00 1.58e-03  1e-04  3e-04 0:19.1
  100    800 2.928816234041008e-01 4.3e+00 5.69e-04  4e-05  8e-05 0:20.7
  139   1112 2.928816202210366e-01 4.3e+00 1.41e-05  3e-07  6e-07 0:28.9
  151   1208 2.928816202209626e-01 4.3e+00 4.37e-06  7e-08  2e-07 0:31.4
termination on tolfun=1e-11 (Fri Nov 27 10:02:37 2020)
final/bestever f-value = 2.928816e-01 2.928816e-01
incumbent solution: [-1.5707963705424381, -2.6199044104272273, 0.7853981111947241, 5.867031220630469e-08, 5.647139447752956e-08]
std deviation: [7.926561836237245e-08, 1.5688059862056205e-07, 6.761734285928016e-08, 7.073951859141987e-08, 1.2720125814827752e-07]
cma
(4_w,8)-aCMA-ES (mu_w=2.6,w_1=52%) in dimension 5 (seed=529867, Fri Nov 27 10:02:37 2020)
Iterat #Fevals   function value  axis ratio  sigma  min&max std  t[m:s]
    1      8 7.599666718221967e-01 1.0e+00 9.80e-01  9e-01  1e+00 0:00.2
    2     16 6.600149977343045e-01 1.2e+00 1.06e+00  1e+00  1e+00 0:00.4
    3     24 6.419025104554390e-01 1.5e+00 1.29e+00  1e+00  2e+00 0:00.6
   18    144 5.632055062360108e-01 2.9e+00 1.68e+00  1e+00  2e+00 0:03.7
   38    304 3.298855917023726e-01 2.4e+00 4.45e-01  2e-01  4e-01 0:07.9
   63    504 2.894111556115069e-01 4.1e+00 4.25e-02  9e-03  2e-02 0:13.1
   92    736 2.892711597706182e-01 5.7e+00 4.50e-03  4e-04  1e-03 0:19.1
  100    800 2.892710967393863e-01 5.6e+00 2.12e-03  1e-04  5e-04 0:20.7
  139   1112 2.892710771546667e-01 6.3e+00 5.02e-05  1e-06  4e-06 0:28.8
  162   1296 2.892710771534373e-01 5.5e+00 2.86e-06  4e-08  9e-08 0:33.6
termination on tolfun=1e-11 (Fri Nov 27 10:03:11 2020)
final/bestever f-value = 2.892711e-01 2.892711e-01
incumbent solution: [-4.71238902004891, -3.2202113737405464, -0.81059933157578, -3.141592600890041, 5.775045445322147]
std deviation: [3.771989998721042e-08, 8.697004271588873e-08, 4.1435841470127195e-08, 4.3562665198797045e-08, 9.433038950705169e-08]
cma
(5_w,10)-aCMA-ES (mu_w=3.2,w_1=45%) in dimension 8 (seed=577471, Fri Nov 27 10:03:11 2020)
Iterat #Fevals   function value  axis ratio  sigma  min&max std  t[m:s]
    1     10 5.890081437917749e-01 1.0e+00 9.58e-01  9e-01  1e+00 0:00.3
    2     20 7.132517453062270e-01 1.2e+00 9.55e-01  9e-01  1e+00 0:00.6
    3     30 6.428489739688550e-01 1.4e+00 9.86e-01  9e-01  1e+00 0:00.9
   14    140 7.925123671844752e-01 2.2e+00 1.78e+00  2e+00  2e+00 0:04.0
   29    290 5.568499321120659e-01 2.6e+00 1.01e+00  6e-01  1e+00 0:08.2
   47    470 3.997410823168029e-01 3.6e+00 4.77e-01  3e-01  5e-01 0:13.3
   69    690 3.021276917602127e-01 5.9e+00 1.81e-01  7e-02  2e-01 0:19.6
   94    940 2.931381979290002e-01 1.0e+01 4.06e-02  9e-03  4e-02 0:26.6
  100   1000 2.929313433639500e-01 1.6e+01 3.26e-02  7e-03  4e-02 0:28.4
  132   1320 2.928820965012059e-01 3.4e+01 4.08e-03  5e-04  5e-03 0:37.4
  168   1680 2.928816207973993e-01 7.0e+01 2.41e-04  1e-05  3e-04 0:47.6
  200   2000 2.928816202218955e-01 1.0e+02 1.95e-05  6e-07  2e-05 0:56.7
  218   2180 2.928816202209654e-01 1.4e+02 3.64e-06  9e-08  4e-06 1:01.8
termination on tolfun=1e-11 (Fri Nov 27 10:04:13 2020)
final/bestever f-value = 2.928816e-01 2.928816e-01
incumbent solution: [-3.506518896789639, -11.262694769972093, 3.5787364660072862e-09, -1.2058701368343845, 8.642790536846837, -2.3561944674851074, 6.283185297492683, 1.245550041476204e-07]
std deviation: [4.048064086198576e-06, 4.061753700525302e-06, 8.946667406440623e-08, 4.0295837589914835e-06, 4.093642384086198e-06, 1.1544308669049528e-07, 9.482623284610972e-08, 1.7475655333426964e-07]
cma
(5_w,10)-aCMA-ES (mu_w=3.2,w_1=45%) in dimension 8 (seed=653529, Fri Nov 27 10:04:13 2020)
Iterat #Fevals   function value  axis ratio  sigma  min&max std  t[m:s]
    1     10 5.352318958883910e-01 1.0e+00 1.02e+00  1e+00  1e+00 0:00.3
    2     20 4.668843483172150e-01 1.2e+00 1.13e+00  1e+00  1e+00 0:00.6
    3     30 6.910110695521229e-01 1.4e+00 1.15e+00  1e+00  1e+00 0:00.9
   14    140 5.206083671841573e-01 2.0e+00 9.09e-01  7e-01  1e+00 0:04.0
   29    290 3.309033852041330e-01 2.5e+00 3.80e-01  2e-01  4e-01 0:08.2
   47    470 2.452582714017987e-01 3.5e+00 1.09e-01  5e-02  1e-01 0:13.3
   69    690 2.150763331147508e-01 5.5e+00 1.52e-01  7e-02  2e-01 0:19.5
   94    940 2.019882883753981e-01 6.3e+00 3.88e-02  1e-02  3e-02 0:26.6
  100   1000 2.018309356893563e-01 6.5e+00 2.43e-02  6e-03  2e-02 0:28.3
  132   1320 2.017749393048559e-01 1.1e+01 2.25e-03  3e-04  1e-03 0:37.4
  168   1680 2.017745009150375e-01 1.4e+01 1.32e-04  1e-05  6e-05 0:47.6
  200   2000 2.017745005140767e-01 1.5e+01 1.31e-05  8e-07  4e-06 0:56.6
  226   2260 2.017745005122722e-01 1.5e+01 1.61e-06  6e-08  3e-07 1:04.0
termination on tolfun=1e-11 (Fri Nov 27 10:05:18 2020)
final/bestever f-value = 2.017745e-01 2.017745e-01
incumbent solution: [1.5707963082996166, -0.8872389550375218, -1.2451768449205478, -3.1415925137005054, -2.7470419779373545, 1.1255844382424456, 3.14159261519829, 2.443857121182976]
std deviation: [5.9359340101853454e-08, 3.1165321714350055e-07, 1.6317258633315477e-07, 1.6108081359445386e-07, 2.2806889056994436e-07, 1.4420447666620586e-07, 8.361418302825474e-08, 2.5013061323501054e-07]
cma
(5_w,11)-aCMA-ES (mu_w=3.4,w_1=42%) in dimension 11 (seed=635947, Fri Nov 27 10:05:18 2020)
Iterat #Fevals   function value  axis ratio  sigma  min&max std  t[m:s]
    1     11 7.285769857413673e-01 1.0e+00 8.96e-01  9e-01  9e-01 0:00.3
    2     22 6.693458919987784e-01 1.1e+00 8.63e-01  8e-01  9e-01 0:00.7
    3     33 6.954350039119197e-01 1.2e+00 8.50e-01  8e-01  9e-01 0:01.0
   12    132 7.385276095562695e-01 1.6e+00 8.30e-01  7e-01  9e-01 0:04.1
   24    264 4.507862979972512e-01 2.2e+00 7.53e-01  6e-01  8e-01 0:08.1
   39    429 4.481235085623398e-01 2.3e+00 4.97e-01  4e-01  6e-01 0:13.2
   57    627 2.953059179871589e-01 2.7e+00 2.09e-01  1e-01  2e-01 0:19.2
   78    858 2.462279611583354e-01 4.0e+00 4.34e-02  2e-02  4e-02 0:26.3
  100   1100 2.403958015933876e-01 7.9e+00 4.03e-02  2e-02  4e-02 0:33.8
  127   1397 2.376522783881986e-01 1.2e+01 2.77e-02  1e-02  3e-02 0:42.9
  157   1727 2.373256245467680e-01 1.5e+01 1.21e-02  5e-03  1e-02 0:53.0
  190   2090 2.351677863382658e-01 2.5e+01 5.62e-02  2e-02  9e-02 1:04.2
  200   2200 2.338862226905902e-01 2.5e+01 5.68e-02  2e-02  9e-02 1:07.6
  239   2629 2.292666574031986e-01 2.0e+01 6.62e-02  2e-02  6e-02 1:20.7
  281   3091 2.260779501086752e-01 1.8e+01 7.09e-02  2e-02  4e-02 1:34.9
  300   3300 2.235767523931937e-01 2.1e+01 8.79e-02  2e-02  5e-02 1:41.3
  348   3828 2.176260447123230e-01 2.2e+01 9.10e-02  1e-02  5e-02 1:57.4
  399   4389 2.062947298525274e-01 1.9e+01 1.94e-01  2e-02  7e-02 2:14.6
  400   4400 2.057238146228481e-01 2.0e+01 2.07e-01  2e-02  8e-02 2:14.9
  457   5027 1.218996835535540e-01 1.5e+01 5.14e-01  4e-02  1e-01 2:34.1
  500   5500 8.679654624115232e-02 7.8e+00 2.84e-01  2e-02  5e-02 2:48.6
  563   6193 8.576703729807816e-02 9.2e+00 9.74e-03  3e-04  1e-03 3:09.8
  600   6600 8.576662066864076e-02 9.5e+00 7.70e-04  2e-05  6e-05 3:22.3
  669   7359 8.576661879082771e-02 9.6e+00 8.01e-06  1e-07  3e-07 3:45.6
termination on tolfun=1e-11 (Fri Nov 27 10:09:05 2020)
final/bestever f-value = 8.576662e-02 8.576662e-02
incumbent solution: [-0.6225767   3.23939717  1.77070092  5.44372383 -6.08803948 -2.48754277
  1.1923316  -4.18048434 ...]
std deviations: [2.16180313e-07 2.67340646e-07 2.40534040e-07 1.79095902e-07
 3.10001336e-07 1.30053631e-07 1.95794863e-07 3.02701057e-07 ...]
cma
(5_w,11)-aCMA-ES (mu_w=3.4,w_1=42%) in dimension 11 (seed=521321, Fri Nov 27 10:09:06 2020)
Iterat #Fevals   function value  axis ratio  sigma  min&max std  t[m:s]
    1     11 9.260619624417399e-01 1.0e+00 9.54e-01  9e-01  1e+00 0:00.3
    2     22 6.689874347745877e-01 1.2e+00 9.73e-01  9e-01  1e+00 0:00.7
    3     33 8.429795496093339e-01 1.3e+00 9.85e-01  9e-01  1e+00 0:01.0
   12    132 8.610848756182991e-01 1.8e+00 1.07e+00  9e-01  1e+00 0:04.0
   24    264 6.489663534971264e-01 3.0e+00 1.68e+00  1e+00  3e+00 0:08.1
   39    429 6.336462117772971e-01 3.3e+00 1.60e+00  1e+00  2e+00 0:13.1
   57    627 6.650583108581374e-01 3.7e+00 2.71e+00  2e+00  4e+00 0:19.2
   78    858 8.239878170273182e-01 5.0e+00 2.75e+00  2e+00  4e+00 0:26.3
  100   1100 8.980109395240915e-01 5.1e+00 3.18e+00  2e+00  4e+00 0:33.8
  127   1397 7.970509420433962e-01 5.9e+00 4.60e+00  3e+00  6e+00 0:42.9
  157   1727 1.092045589366390e+00 6.7e+00 2.83e+00  2e+00  4e+00 0:53.0
  190   2090 6.080561476613242e-01 1.1e+01 2.55e+00  2e+00  3e+00 1:04.2
  200   2200 7.060742778169842e-01 1.3e+01 3.54e+00  2e+00  5e+00 1:07.6
  239   2629 8.528681864462060e-01 1.0e+01 7.84e+00  4e+00  1e+01 1:20.8
  281   3091 9.882325906868398e-01 9.7e+00 3.84e+00  2e+00  4e+00 1:35.0
  300   3300 1.013660374001676e+00 1.0e+01 3.52e+00  1e+00  4e+00 1:41.4
  348   3828 8.111137097075530e-01 1.6e+01 5.46e+00  3e+00  7e+00 1:57.6
  399   4389 1.073000820985595e+00 2.4e+01 3.37e+00  1e+00  4e+00 2:14.8
  400   4400 1.124495404419318e+00 2.5e+01 3.21e+00  1e+00  4e+00 2:15.2
  457   5027 8.037354313111827e-01 4.9e+01 2.66e+00  1e+00  5e+00 2:34.4
  500   5500 1.084780051790477e+00 4.6e+01 3.35e+00  1e+00  4e+00 2:48.9
  505   5555 1.048484608248073e+00 4.7e+01 3.35e+00  1e+00  4e+00 2:50.6
termination on tolstagnation=431 (Fri Nov 27 10:11:57 2020)
final/bestever f-value = 9.185363e-01 3.500361e-01
incumbent solution: [ -6.39421401 -14.81196627 -12.7014001  -17.45603745 -18.86294293
  -9.15014922  27.39763109 -58.50429605 ...]
std deviations: [3.48124267 3.14554538 2.92962324 1.43510536 3.56090797 3.61217067
 3.9202467  3.87355156 ...]
cma
(5_w,11)-aCMA-ES (mu_w=3.4,w_1=42%) in dimension 14 (seed=566192, Fri Nov 27 10:11:58 2020)
Iterat #Fevals   function value  axis ratio  sigma  min&max std  t[m:s]
    1     11 6.361787991606380e-01 1.0e+00 9.54e-01  9e-01  1e+00 0:00.4
    2     22 7.950416946670024e-01 1.1e+00 9.37e-01  9e-01  1e+00 0:00.7
    3     33 8.291126381036498e-01 1.2e+00 9.50e-01  9e-01  1e+00 0:01.1
   12    132 7.000550481458653e-01 1.7e+00 1.11e+00  1e+00  1e+00 0:04.3
   24    264 6.128907374298787e-01 2.3e+00 1.52e+00  1e+00  2e+00 0:08.7
   38    418 6.933876897098110e-01 2.5e+00 1.06e+00  9e-01  1e+00 0:13.8
   55    605 6.348958817659892e-01 2.8e+00 1.31e+00  1e+00  2e+00 0:20.0
   75    825 5.503886607043563e-01 3.4e+00 1.43e+00  1e+00  2e+00 0:27.2
   98   1078 1.046659810244290e+00 3.8e+00 1.23e+00  9e-01  2e+00 0:35.6
  100   1100 9.352446563856939e-01 3.8e+00 1.22e+00  9e-01  2e+00 0:36.3
  128   1408 5.852860428565742e-01 4.3e+00 2.56e+00  2e+00  3e+00 0:46.5
  159   1749 9.673165003220453e-01 4.8e+00 1.91e+00  1e+00  2e+00 0:57.7
  193   2123 9.393887132808655e-01 5.8e+00 3.36e+00  2e+00  4e+00 1:10.1
  200   2200 1.068575070034538e+00 6.0e+00 3.30e+00  2e+00  4e+00 1:12.6
  239   2629 9.879721756981644e-01 9.4e+00 6.35e+00  4e+00  1e+01 1:26.8
  281   3091 1.090513550642847e+00 1.1e+01 3.46e+00  2e+00  5e+00 1:42.0
  300   3300 9.099677810066817e-01 1.2e+01 2.15e+00  1e+00  3e+00 1:48.9
  347   3817 1.112322602519662e+00 1.5e+01 2.07e+00  1e+00  3e+00 2:06.0
  397   4367 1.005878500578185e+00 1.4e+01 1.72e+00  1e+00  2e+00 2:24.1
  400   4400 1.014691448735637e+00 1.4e+01 1.47e+00  8e-01  2e+00 2:25.2
  456   5016 4.247309965846354e-01 9.5e+00 2.31e-01  1e-01  2e-01 2:45.5
  500   5500 3.588072116639019e-01 8.3e+00 5.75e-02  2e-02  4e-02 3:01.4
  561   6171 3.110696285821314e-01 1.4e+01 1.82e-01  4e-02  2e-01 3:23.6
  600   6600 2.833604770269567e-01 1.2e+01 1.38e-01  3e-02  1e-01 3:37.7
  667   7337 2.412652640448157e-01 8.5e+00 2.18e-01  3e-02  1e-01 4:02.1
  700   7700 2.303349708875204e-01 9.1e+00 9.71e-02  1e-02  5e-02 4:14.1
  772   8492 2.283540146319639e-01 7.6e+00 1.38e-02  1e-03  5e-03 4:40.2
  800   8800 2.283399651031327e-01 8.8e+00 2.99e-03  3e-04  1e-03 4:50.4
  878   9658 2.283393407769977e-01 1.1e+01 7.95e-05  5e-06  2e-05 5:18.7
  900   9900 2.283393406445455e-01 1.1e+01 2.43e-05  1e-06  6e-06 5:26.6
  954  10494 2.283393406349283e-01 1.2e+01 8.59e-07  4e-08  2e-07 5:46.2
termination on tolfun=1e-11 (Fri Nov 27 10:17:45 2020)
final/bestever f-value = 2.283393e-01 2.283393e-01
incumbent solution: [ 36.12831552  27.12283464  17.89455133  21.99114858 -22.70181629
  -7.77001913 -21.9911486  -31.01548211 ...]
std deviations: [4.86272338e-08 1.55565212e-07 4.66885720e-08 5.61530203e-08
 1.23966255e-07 3.79312397e-08 3.78594191e-08 8.13671129e-08 ...]
cma
(5_w,11)-aCMA-ES (mu_w=3.4,w_1=42%) in dimension 14 (seed=566361, Fri Nov 27 10:17:46 2020)
Iterat #Fevals   function value  axis ratio  sigma  min&max std  t[m:s]
    1     11 8.002433238251023e-01 1.0e+00 9.60e-01  9e-01  1e+00 0:00.4
    2     22 6.283723941925957e-01 1.1e+00 9.02e-01  9e-01  9e-01 0:00.7
    3     33 9.357290998242158e-01 1.2e+00 8.70e-01  8e-01  9e-01 0:01.1
   12    132 5.425021465812715e-01 1.5e+00 7.76e-01  7e-01  8e-01 0:04.3
   24    264 5.021218121790543e-01 2.1e+00 8.42e-01  8e-01  1e+00 0:08.7
   38    418 9.352974183463838e-01 2.8e+00 9.16e-01  8e-01  1e+00 0:13.8
   55    605 5.562915934941253e-01 3.0e+00 5.07e-01  4e-01  6e-01 0:19.9
   75    825 4.303569655001117e-01 3.3e+00 4.79e-01  4e-01  5e-01 0:27.2
   98   1078 1.834880897780554e-01 3.1e+00 2.11e-01  1e-01  2e-01 0:35.5
  100   1100 1.429549576700823e-01 3.2e+00 2.03e-01  1e-01  2e-01 0:36.2
  128   1408 8.254384636084183e-02 3.5e+00 1.07e-01  6e-02  1e-01 0:46.4
  159   1749 3.211544138055159e-02 4.7e+00 9.12e-02  5e-02  1e-01 0:57.6
  193   2123 2.835347114762399e-02 5.9e+00 3.05e-02  2e-02  4e-02 1:10.0
  200   2200 2.816916156806804e-02 6.2e+00 1.86e-02  9e-03  2e-02 1:12.5
  239   2629 2.774926128869697e-02 7.6e+00 1.55e-02  6e-03  2e-02 1:26.7
  281   3091 2.712191085304647e-02 2.4e+01 1.27e-02  4e-03  3e-02 1:41.9
  300   3300 2.701203615333143e-02 2.4e+01 1.05e-02  3e-03  2e-02 1:48.8
  348   3828 2.693487922119640e-02 2.5e+01 2.46e-03  6e-04  5e-03 2:06.1
  398   4378 2.693289914713208e-02 3.4e+01 5.88e-04  1e-04  1e-03 2:24.2
  400   4400 2.693288626999125e-02 3.6e+01 5.06e-04  8e-05  1e-03 2:24.9
  456   5016 2.693263747079656e-02 4.6e+01 4.59e-04  6e-05  9e-04 2:45.2
  500   5500 2.693261453620107e-02 4.5e+01 4.68e-05  5e-06  7e-05 3:01.1
  561   6171 2.693261448328299e-02 5.2e+01 1.53e-06  1e-07  2e-06 3:23.2
  565   6215 2.693261448326964e-02 5.0e+01 1.14e-06  9e-08  1e-06 3:24.6
termination on tolfun=1e-11 (Fri Nov 27 10:21:11 2020)
final/bestever f-value = 2.693261e-02 2.693261e-02
incumbent solution: [ 1.57079637e+00 -1.66435535e+00 -1.21588115e+00  1.62799188e-07
 -2.49716113e+00 -1.53169335e+00  3.14159255e+00 -4.22759887e+00 ...]
std deviations: [9.38751252e-08 8.43855464e-07 5.84042264e-07 1.47032537e-07
 3.84076118e-07 4.71529683e-07 1.54453835e-07 1.32165132e-06 ...]
cma
(6_w,12)-aCMA-ES (mu_w=3.7,w_1=40%) in dimension 17 (seed=567992, Fri Nov 27 10:21:13 2020)
Iterat #Fevals   function value  axis ratio  sigma  min&max std  t[m:s]
    1     12 4.874413448909418e-01 1.0e+00 9.57e-01  9e-01  1e+00 0:00.4
    2     24 6.418358009956534e-01 1.1e+00 9.22e-01  9e-01  9e-01 0:00.8
    3     36 6.292164902268311e-01 1.2e+00 8.90e-01  9e-01  9e-01 0:01.3
   11    132 7.152907188968927e-01 1.4e+00 6.85e-01  7e-01  7e-01 0:04.6
   21    252 7.575839505880433e-01 1.5e+00 5.31e-01  5e-01  5e-01 0:08.8
   33    396 3.879450857904360e-01 1.7e+00 3.93e-01  4e-01  4e-01 0:13.9
   48    576 2.803452120521713e-01 2.1e+00 2.36e-01  2e-01  2e-01 0:20.2
   65    780 2.031193665780586e-01 2.6e+00 2.01e-01  2e-01  2e-01 0:27.4
   84   1008 1.650499946396222e-01 3.5e+00 1.38e-01  1e-01  2e-01 0:35.4
  100   1200 1.423780900335332e-01 4.2e+00 9.65e-02  7e-02  1e-01 0:42.1
  124   1488 1.160889521832149e-01 5.2e+00 7.53e-02  5e-02  8e-02 0:52.2
  151   1812 8.934395094925318e-02 5.9e+00 7.72e-02  5e-02  8e-02 1:03.6
  180   2160 6.193087231689918e-02 7.3e+00 6.31e-02  4e-02  9e-02 1:15.8
  200   2400 5.413412128749408e-02 7.8e+00 5.60e-02  3e-02  7e-02 1:24.3
  234   2808 4.944883179642637e-02 8.5e+00 2.62e-02  1e-02  3e-02 1:38.6
  270   3240 4.743266643021087e-02 1.1e+01 1.97e-02  1e-02  2e-02 1:53.8
  300   3600 4.682196288597256e-02 1.2e+01 1.02e-02  5e-03  1e-02 2:06.4
  341   4092 4.585121127044466e-02 2.4e+01 1.70e-02  8e-03  2e-02 2:23.7
  384   4608 4.511732859809321e-02 3.0e+01 1.48e-02  6e-03  2e-02 2:41.9
  400   4800 4.492477177420025e-02 2.9e+01 1.44e-02  6e-03  2e-02 2:48.6
  448   5376 4.453467573519145e-02 3.3e+01 8.83e-03  3e-03  1e-02 3:08.9
  498   5976 4.424520719619975e-02 3.2e+01 1.15e-02  3e-03  2e-02 3:30.0
  500   6000 4.421748523031459e-02 3.2e+01 1.05e-02  3e-03  1e-02 3:30.8
  555   6660 4.373931480992267e-02 4.0e+01 2.68e-02  7e-03  5e-02 3:54.0
  600   7200 4.352078545043485e-02 3.7e+01 8.42e-03  2e-03  1e-02 4:13.0
  660   7920 4.344259519927758e-02 5.2e+01 9.11e-03  2e-03  2e-02 4:38.3
  700   8400 4.342674135352330e-02 5.3e+01 4.25e-03  7e-04  8e-03 4:55.2
  764   9168 4.342040329036533e-02 6.5e+01 1.25e-03  2e-04  2e-03 5:22.2
  800   9600 4.342028130472687e-02 6.8e+01 4.18e-04  6e-05  6e-04 5:37.4
  869  10428 4.342027318579668e-02 7.7e+01 2.42e-05  3e-06  3e-05 6:06.6
  900  10800 4.342027317646642e-02 9.1e+01 4.54e-06  5e-07  5e-06 6:19.6
  920  11040 4.342027317602561e-02 9.4e+01 1.98e-06  2e-07  2e-06 6:28.1
termination on tolfun=1e-11 (Fri Nov 27 10:27:42 2020)
final/bestever f-value = 4.342027e-02 4.342027e-02
incumbent solution: [ 0.57719156  1.54474976 -0.97017554 -1.65665692  2.70206874 -4.1830247
  0.87664382 -2.83664872 ...]
std deviations: [6.34565484e-07 1.67417215e-06 3.10250981e-07 1.29002559e-06
 2.27979440e-06 4.83153384e-07 9.17076125e-07 1.30660673e-06 ...]
cma
(6_w,12)-aCMA-ES (mu_w=3.7,w_1=40%) in dimension 17 (seed=536659, Fri Nov 27 10:27:44 2020)
Iterat #Fevals   function value  axis ratio  sigma  min&max std  t[m:s]
    1     12 6.155239151363768e-01 1.0e+00 9.28e-01  9e-01  9e-01 0:00.4
    2     24 5.146352055421536e-01 1.1e+00 8.95e-01  9e-01  9e-01 0:00.8
    3     36 6.064242020178255e-01 1.2e+00 8.46e-01  8e-01  9e-01 0:01.3
   11    132 4.613335096344658e-01 1.5e+00 1.03e+00  1e+00  1e+00 0:04.7
   21    252 8.905068906640914e-01 1.8e+00 9.73e-01  9e-01  1e+00 0:08.9
   33    396 4.944148744306850e-01 2.1e+00 1.04e+00  1e+00  1e+00 0:14.0
   48    576 7.103480751142153e-01 2.3e+00 8.05e-01  7e-01  1e+00 0:20.3
   65    780 8.146436960017016e-01 2.6e+00 8.47e-01  7e-01  1e+00 0:27.5
   84   1008 6.372617769380966e-01 2.6e+00 6.17e-01  5e-01  7e-01 0:35.6
  100   1200 4.683889044828496e-01 2.9e+00 4.90e-01  4e-01  6e-01 0:42.3
  124   1488 3.878447333818060e-01 3.0e+00 4.00e-01  3e-01  5e-01 0:52.5
  150   1800 2.011063377959720e-01 3.8e+00 2.32e-01  2e-01  3e-01 1:03.5
  179   2148 1.168379486523509e-01 4.3e+00 6.15e-02  4e-02  7e-02 1:15.8
  200   2400 1.072226109619928e-01 5.5e+00 4.51e-02  2e-02  5e-02 1:24.7
  234   2808 9.854299177274568e-02 9.5e+00 5.22e-02  2e-02  7e-02 1:39.1
  270   3240 9.156614217978166e-02 1.2e+01 3.15e-02  1e-02  4e-02 1:54.3
  300   3600 9.003071011223858e-02 1.4e+01 2.39e-02  8e-03  3e-02 2:07.0
  341   4092 8.917915532393193e-02 1.8e+01 1.19e-02  3e-03  2e-02 2:24.4
  384   4608 8.893325119697200e-02 2.3e+01 1.15e-02  3e-03  2e-02 2:42.6
  400   4800 8.861448628592525e-02 3.4e+01 1.96e-02  4e-03  3e-02 2:49.3
  448   5376 8.480570730717990e-02 3.7e+01 4.54e-02  1e-02  8e-02 3:09.6
  498   5976 7.302401707612242e-02 2.8e+01 6.67e-02  2e-02  9e-02 3:30.7
  500   6000 7.353008365174972e-02 2.7e+01 6.54e-02  2e-02  9e-02 3:31.6
  555   6660 6.314000511252334e-02 3.0e+01 3.74e-02  9e-03  5e-02 3:54.8
  600   7200 6.119996853638882e-02 2.9e+01 3.31e-02  6e-03  4e-02 4:13.8
  660   7920 5.911785667148049e-02 2.4e+01 3.38e-02  5e-03  4e-02 4:39.2
  700   8400 5.451922424637415e-02 2.5e+01 5.32e-02  8e-03  6e-02 4:56.1
  764   9168 4.970377414671977e-02 2.5e+01 6.83e-02  1e-02  8e-02 5:23.2
  800   9600 4.923897820171708e-02 2.5e+01 1.89e-02  2e-03  2e-02 5:38.4
  869  10428 4.908155458198420e-02 2.3e+01 9.11e-03  9e-04  7e-03 6:07.6
  900  10800 4.907653775933780e-02 2.6e+01 3.46e-03  3e-04  3e-03 6:20.7
  974  11688 4.906921474706698e-02 5.4e+01 7.91e-03  7e-04  9e-03 6:52.0
 1000  12000 4.903771211002787e-02 1.1e+02 1.90e-02  1e-03  3e-02 7:03.0
Iterat #Fevals   function value  axis ratio  sigma  min&max std  t[m:s]
 1079  12948 4.887258341110250e-02 9.4e+01 3.44e-02  2e-03  4e-02 7:36.4
 1100  13200 4.879249754185125e-02 7.4e+01 3.32e-02  2e-03  3e-02 7:45.3
 1183  14196 4.859043778329436e-02 5.0e+01 3.05e-02  2e-03  2e-02 8:20.4
 1200  14400 4.855187192597001e-02 5.1e+01 2.89e-02  2e-03  2e-02 8:27.5
 1288  15456 4.834898936668738e-02 5.8e+01 3.68e-02  2e-03  2e-02 9:04.7
 1300  15600 4.832360113971652e-02 5.8e+01 4.56e-02  2e-03  3e-02 9:09.7
 1393  16716 4.821523716740589e-02 5.8e+01 1.93e-02  7e-04  9e-03 9:49.0
 1400  16800 4.821284427692667e-02 5.5e+01 1.94e-02  7e-04  9e-03 9:52.0
 1498  17976 4.815082899438120e-02 6.9e+01 1.77e-02  5e-04  6e-03 10:33.4
 1500  18000 4.815054038776477e-02 6.8e+01 1.63e-02  4e-04  5e-03 10:34.3
 1600  19200 4.814596931658741e-02 7.7e+01 2.64e-03  5e-05  9e-04 11:16.5
 1700  20400 4.814592694247066e-02 8.0e+01 1.34e-04  2e-06  3e-05 11:59.0
 1761  21132 4.814592691839647e-02 8.9e+01 8.06e-06  9e-08  2e-06 12:24.9
/home/adrianps/venvs/quantum_simulation/lib/python3.6/site-packages/scipy/optimize/optimize.py:705: ComplexWarning: Casting complex values to real discards the imaginary part
  grad[k] = df
/home/adrianps/venvs/quantum_simulation/lib/python3.6/site-packages/scipy/optimize/linesearch.py:172: ComplexWarning: Casting complex values to real discards the imaginary part
  amin, amax, isave, dsave)
/home/adrianps/venvs/quantum_simulation/lib/python3.6/site-packages/scipy/optimize/optimize.py:705: ComplexWarning: Casting complex values to real discards the imaginary part
  grad[k] = df
/home/adrianps/venvs/quantum_simulation/lib/python3.6/site-packages/scipy/optimize/linesearch.py:172: ComplexWarning: Casting complex values to real discards the imaginary part
  amin, amax, isave, dsave)
/home/adrianps/venvs/quantum_simulation/lib/python3.6/site-packages/scipy/optimize/optimize.py:705: ComplexWarning: Casting complex values to real discards the imaginary part
  grad[k] = df
/home/adrianps/venvs/quantum_simulation/lib/python3.6/site-packages/scipy/optimize/linesearch.py:172: ComplexWarning: Casting complex values to real discards the imaginary part
  amin, amax, isave, dsave)
/home/adrianps/venvs/quantum_simulation/lib/python3.6/site-packages/scipy/optimize/optimize.py:705: ComplexWarning: Casting complex values to real discards the imaginary part
  grad[k] = df
/home/adrianps/venvs/quantum_simulation/lib/python3.6/site-packages/scipy/optimize/linesearch.py:172: ComplexWarning: Casting complex values to real discards the imaginary part
  amin, amax, isave, dsave)
/home/adrianps/venvs/quantum_simulation/lib/python3.6/site-packages/scipy/optimize/optimize.py:705: ComplexWarning: Casting complex values to real discards the imaginary part
  grad[k] = df
/home/adrianps/venvs/quantum_simulation/lib/python3.6/site-packages/scipy/optimize/linesearch.py:172: ComplexWarning: Casting complex values to real discards the imaginary part
  amin, amax, isave, dsave)
/home/adrianps/venvs/quantum_simulation/lib/python3.6/site-packages/scipy/optimize/optimize.py:705: ComplexWarning: Casting complex values to real discards the imaginary part
  grad[k] = df
/home/adrianps/venvs/quantum_simulation/lib/python3.6/site-packages/scipy/optimize/linesearch.py:172: ComplexWarning: Casting complex values to real discards the imaginary part
  amin, amax, isave, dsave)
/home/adrianps/venvs/quantum_simulation/lib/python3.6/site-packages/scipy/optimize/optimize.py:705: ComplexWarning: Casting complex values to real discards the imaginary part
  grad[k] = df
/home/adrianps/venvs/quantum_simulation/lib/python3.6/site-packages/scipy/optimize/linesearch.py:172: ComplexWarning: Casting complex values to real discards the imaginary part
  amin, amax, isave, dsave)
/home/adrianps/venvs/quantum_simulation/lib/python3.6/site-packages/scipy/optimize/optimize.py:705: ComplexWarning: Casting complex values to real discards the imaginary part
  grad[k] = df
/home/adrianps/venvs/quantum_simulation/lib/python3.6/site-packages/scipy/optimize/linesearch.py:172: ComplexWarning: Casting complex values to real discards the imaginary part
  amin, amax, isave, dsave)
/home/adrianps/venvs/quantum_simulation/lib/python3.6/site-packages/scipy/optimize/optimize.py:705: ComplexWarning: Casting complex values to real discards the imaginary part
  grad[k] = df
/home/adrianps/venvs/quantum_simulation/lib/python3.6/site-packages/scipy/optimize/linesearch.py:172: ComplexWarning: Casting complex values to real discards the imaginary part
  amin, amax, isave, dsave)
/home/adrianps/venvs/quantum_simulation/lib/python3.6/site-packages/scipy/optimize/optimize.py:705: ComplexWarning: Casting complex values to real discards the imaginary part
  grad[k] = df
/home/adrianps/venvs/quantum_simulation/lib/python3.6/site-packages/scipy/optimize/linesearch.py:172: ComplexWarning: Casting complex values to real discards the imaginary part
  amin, amax, isave, dsave)
/home/adrianps/venvs/quantum_simulation/lib/python3.6/site-packages/scipy/optimize/optimize.py:705: ComplexWarning: Casting complex values to real discards the imaginary part
  grad[k] = df
/home/adrianps/Universal-Approximator/qibo_sim/classes/ApproximantNN.py:552: RuntimeWarning: More than 20 figures have been opened. Figures created through the pyplot interface (`matplotlib.pyplot.figure`) are retained until explicitly closed and may consume too much memory. (To control this warning, see the rcParam `figure.max_open_warning`).
  fig, axs = plt.subplots(nrows=2, figsize=(8,10))
/home/adrianps/venvs/quantum_simulation/lib/python3.6/site-packages/scipy/optimize/optimize.py:705: ComplexWarning: Casting complex values to real discards the imaginary part
  grad[k] = df
/home/adrianps/venvs/quantum_simulation/lib/python3.6/site-packages/scipy/optimize/linesearch.py:172: ComplexWarning: Casting complex values to real discards the imaginary part
  amin, amax, isave, dsave)
/home/adrianps/Universal-Approximator/qibo_sim/classes/ApproximantNN.py:577: RuntimeWarning: More than 20 figures have been opened. Figures created through the pyplot interface (`matplotlib.pyplot.figure`) are retained until explicitly closed and may consume too much memory. (To control this warning, see the rcParam `figure.max_open_warning`).
  fig, axs = plt.subplots(nrows=2, figsize=(8,10))
/home/adrianps/Universal-Approximator/qibo_sim/classes/ApproximantNN.py:552: RuntimeWarning: More than 20 figures have been opened. Figures created through the pyplot interface (`matplotlib.pyplot.figure`) are retained until explicitly closed and may consume too much memory. (To control this warning, see the rcParam `figure.max_open_warning`).
  fig, axs = plt.subplots(nrows=2, figsize=(8,10))
/home/adrianps/venvs/quantum_simulation/lib/python3.6/site-packages/scipy/optimize/optimize.py:705: ComplexWarning: Casting complex values to real discards the imaginary part
  grad[k] = df
/home/adrianps/venvs/quantum_simulation/lib/python3.6/site-packages/scipy/optimize/linesearch.py:172: ComplexWarning: Casting complex values to real discards the imaginary part
  amin, amax, isave, dsave)
/home/adrianps/venvs/quantum_simulation/lib/python3.6/site-packages/scipy/optimize/optimize.py:705: ComplexWarning: Casting complex values to real discards the imaginary part
  grad[k] = df
/home/adrianps/venvs/quantum_simulation/lib/python3.6/site-packages/scipy/optimize/linesearch.py:489: ComplexWarning: Casting complex values to real discards the imaginary part
  d1[0, 1] = -db ** 2
/home/adrianps/venvs/quantum_simulation/lib/python3.6/site-packages/scipy/optimize/linesearch.py:491: ComplexWarning: Casting complex values to real discards the imaginary part
  d1[1, 1] = db ** 3
/home/adrianps/Universal-Approximator/qibo_sim/classes/ApproximantNN.py:577: RuntimeWarning: More than 20 figures have been opened. Figures created through the pyplot interface (`matplotlib.pyplot.figure`) are retained until explicitly closed and may consume too much memory. (To control this warning, see the rcParam `figure.max_open_warning`).
  fig, axs = plt.subplots(nrows=2, figsize=(8,10))
termination on tolfun=1e-11 (Fri Nov 27 10:40:11 2020)
final/bestever f-value = 4.814593e-02 4.814593e-02
incumbent solution: [ 4.71238906e+00  1.40864137e+00  1.78375547e+00 -1.69386744e-07
 -5.80534610e+00 -1.31379403e+00  3.02089855e-07 -4.39373520e+00 ...]
std deviations: [8.72648298e-08 1.99916713e-07 2.26636751e-07 1.39531086e-07
 3.81483585e-07 1.70470213e-07 2.64548827e-07 1.07040001e-06 ...]
