cma
(3_w,6)-aCMA-ES (mu_w=2.0,w_1=63%) in dimension 2 (seed=616735, Fri Nov 27 10:01:45 2020)
Iterat #Fevals   function value  axis ratio  sigma  min&max std  t[m:s]
    1      6 7.148132445064808e-01 1.0e+00 1.21e+00  1e+00  1e+00 0:00.1
    2     12 8.915739812694641e-01 1.5e+00 9.54e-01  8e-01  1e+00 0:00.3
    3     18 8.275419317671954e-01 1.6e+00 8.25e-01  6e-01  9e-01 0:00.4
   25    150 6.912006525446293e-01 2.2e+00 1.27e-01  2e-02  3e-02 0:03.5
   54    324 6.906676852792540e-01 2.2e+00 5.12e-03  6e-05  1e-04 0:07.6
   83    498 6.906676847919214e-01 1.8e+00 1.10e-04  1e-07  2e-07 0:11.7
termination on tolfun=1e-11 (Fri Nov 27 10:01:57 2020)
final/bestever f-value = 6.906677e-01 6.906677e-01
incumbent solution: [-1.570796274115733, -2.4649870908910008]
std deviation: [1.1377394325717641e-07, 1.8234711497215946e-07]
cma
(3_w,6)-aCMA-ES (mu_w=2.0,w_1=63%) in dimension 2 (seed=609922, Fri Nov 27 10:01:57 2020)
Iterat #Fevals   function value  axis ratio  sigma  min&max std  t[m:s]
    1      6 7.586874097238987e-01 1.0e+00 1.34e+00  1e+00  2e+00 0:00.1
    2     12 7.803387314902774e-01 1.8e+00 1.05e+00  8e-01  1e+00 0:00.3
    3     18 7.247901452341491e-01 2.0e+00 8.97e-01  6e-01  1e+00 0:00.4
   25    150 6.906716274802776e-01 2.4e+00 5.05e-02  5e-03  1e-02 0:03.5
   54    324 6.906676848178448e-01 1.7e+00 1.41e-03  1e-05  2e-05 0:07.6
   77    462 6.906676847919190e-01 1.8e+00 5.70e-05  7e-08  1e-07 0:10.8
termination on tolfun=1e-11 (Fri Nov 27 10:02:08 2020)
final/bestever f-value = 6.906677e-01 6.906677e-01
incumbent solution: [-1.5707963585113527, 2.4649870413452493]
std deviation: [7.375503623454743e-08, 9.745989438891576e-08]
cma
(4_w,8)-aCMA-ES (mu_w=2.6,w_1=52%) in dimension 5 (seed=615925, Fri Nov 27 10:02:08 2020)
Iterat #Fevals   function value  axis ratio  sigma  min&max std  t[m:s]
    1      8 5.014709388505134e-01 1.0e+00 9.07e-01  8e-01  9e-01 0:00.2
    2     16 7.703342697469908e-01 1.2e+00 1.03e+00  9e-01  1e+00 0:00.4
    3     24 9.047386844341007e-01 1.5e+00 9.18e-01  8e-01  1e+00 0:00.6
   18    144 1.385441174399308e-01 3.5e+00 3.76e-01  2e-01  5e-01 0:03.8
   38    304 1.237669885071959e-01 4.4e+00 7.35e-02  2e-02  5e-02 0:08.0
   62    496 1.234838738698509e-01 3.2e+00 6.90e-03  1e-03  2e-03 0:13.0
   91    728 1.234832811947252e-01 3.8e+00 5.00e-04  3e-05  8e-05 0:19.2
  100    800 1.234832807002501e-01 4.4e+00 2.05e-04  1e-05  3e-05 0:21.1
  133   1064 1.234832805068300e-01 4.2e+00 1.05e-05  2e-07  6e-07 0:28.0
termination on tolfun=1e-11 (Fri Nov 27 10:02:37 2020)
final/bestever f-value = 1.234833e-01 1.234833e-01
incumbent solution: [-1.314044131358082e-07, -2.47517567779464, -1.1774215163167718, -1.5707962615366828, -1.900118276045722]
std deviation: [2.079789704965202e-07, 5.342250642894544e-07, 1.955239511136878e-07, 2.8783569675916177e-07, 5.570126434457261e-07]
cma
(4_w,8)-aCMA-ES (mu_w=2.6,w_1=52%) in dimension 5 (seed=521198, Fri Nov 27 10:02:37 2020)
Iterat #Fevals   function value  axis ratio  sigma  min&max std  t[m:s]
    1      8 6.975363375050828e-01 1.0e+00 1.02e+00  1e+00  1e+00 0:00.2
    2     16 9.916440363193239e-01 1.3e+00 1.18e+00  1e+00  1e+00 0:00.4
    3     24 6.139373261917437e-01 1.5e+00 1.42e+00  1e+00  2e+00 0:00.6
   18    144 1.772794193567515e-01 2.0e+00 3.16e-01  2e-01  3e-01 0:03.8
   37    296 1.281257816429624e-01 3.4e+00 1.55e-01  6e-02  1e-01 0:07.8
   61    488 1.234977999971877e-01 4.6e+00 2.44e-02  4e-03  1e-02 0:12.9
   90    720 1.234832990828849e-01 5.4e+00 1.46e-03  1e-04  3e-04 0:19.0
  100    800 1.234832817418840e-01 4.7e+00 6.84e-04  4e-05  9e-05 0:21.1
  138   1104 1.234832805067641e-01 5.4e+00 1.23e-05  2e-07  6e-07 0:29.1
  146   1168 1.234832805067397e-01 4.2e+00 5.71e-06  9e-08  2e-07 0:30.8
termination on tolfun=1e-11 (Fri Nov 27 10:03:08 2020)
final/bestever f-value = 1.234833e-01 1.234833e-01
incumbent solution: [3.1415927320453916, 2.4751757051132692, -1.177421661928296, 1.5707962184565838, 1.900118774644704]
std deviation: [8.92374803349382e-08, 1.8113526987972615e-07, 9.581397332512814e-08, 1.6419976299950127e-07, 2.2150582045990451e-07]
cma
(5_w,10)-aCMA-ES (mu_w=3.2,w_1=45%) in dimension 8 (seed=545307, Fri Nov 27 10:03:08 2020)
Iterat #Fevals   function value  axis ratio  sigma  min&max std  t[m:s]
    1     10 3.024549134082121e-01 1.0e+00 9.72e-01  9e-01  1e+00 0:00.3
    2     20 7.448977548432162e-01 1.2e+00 8.94e-01  8e-01  9e-01 0:00.6
    3     30 6.193233644864455e-01 1.2e+00 8.71e-01  8e-01  9e-01 0:00.9
   14    140 2.198976539201241e-01 1.9e+00 5.41e-01  4e-01  6e-01 0:04.0
   28    280 1.338636953830397e-01 3.0e+00 3.27e-01  2e-01  4e-01 0:08.1
   46    460 1.178439134617263e-01 3.9e+00 1.61e-01  7e-02  2e-01 0:13.3
   67    670 1.112716017686158e-01 5.7e+00 3.22e-02  1e-02  3e-02 0:19.3
   92    920 1.109335007574433e-01 1.0e+01 1.52e-02  4e-03  2e-02 0:26.5
  100   1000 1.109155516831308e-01 1.1e+01 7.60e-03  2e-03  7e-03 0:28.8
  132   1320 1.109107466961799e-01 1.2e+01 1.37e-03  2e-04  1e-03 0:38.1
  167   1670 1.109106850174895e-01 1.6e+01 1.46e-04  1e-05  8e-05 0:48.2
  200   2000 1.109106848377341e-01 1.7e+01 9.78e-06  5e-07  3e-06 0:57.9
  222   2220 1.109106848372532e-01 1.6e+01 1.27e-06  5e-08  3e-07 1:04.3
termination on tolfun=1e-11 (Fri Nov 27 10:04:12 2020)
final/bestever f-value = 1.109107e-01 1.109107e-01
incumbent solution: [-8.977582769315588e-09, 2.57438932138431, 1.9701869160094199, -3.1415926532180984, 3.505335306849677, -0.84898941197144, 1.5707963029578833, -1.5318468992324459]
std deviation: [5.5544386835453896e-08, 1.801876746440784e-07, 1.1358950270955661e-07, 6.009914324354351e-08, 1.764905591921763e-07, 9.762325134408642e-08, 5.3137835806552964e-08, 2.9825617585629834e-07]
cma
(5_w,10)-aCMA-ES (mu_w=3.2,w_1=45%) in dimension 8 (seed=579079, Fri Nov 27 10:04:13 2020)
Iterat #Fevals   function value  axis ratio  sigma  min&max std  t[m:s]
    1     10 6.139513223911222e-01 1.0e+00 9.26e-01  9e-01  9e-01 0:00.3
    2     20 5.850414633699772e-01 1.2e+00 8.43e-01  8e-01  9e-01 0:00.6
    3     30 8.686420134985969e-01 1.3e+00 7.89e-01  7e-01  8e-01 0:00.9
   14    140 1.822561527713242e-01 2.1e+00 4.36e-01  3e-01  5e-01 0:04.0
   28    280 1.313347683679314e-01 2.8e+00 1.45e-01  9e-02  1e-01 0:08.0
   46    460 1.241195470390956e-01 4.4e+00 5.59e-02  3e-02  5e-02 0:13.2
   67    670 1.235216097914362e-01 9.7e+00 2.83e-02  1e-02  3e-02 0:19.3
   90    900 1.234737689216938e-01 1.8e+01 4.34e-03  1e-03  5e-03 0:26.3
  100   1000 1.234729497163600e-01 2.1e+01 4.12e-03  9e-04  5e-03 0:29.2
  132   1320 1.232991999283630e-01 1.3e+02 7.69e-02  1e-02  3e-01 0:38.4
  167   1670 1.219530994693203e-01 5.0e+01 1.63e-01  2e-02  2e-01 0:48.4
  200   2000 1.209062493069798e-01 3.3e+01 8.25e-02  7e-03  5e-02 0:58.3
  242   2420 1.192930405867047e-01 2.5e+01 1.57e-01  1e-02  7e-02 1:10.4
  288   2880 1.176752638199218e-01 4.0e+01 4.51e-01  2e-02  2e-01 1:23.6
  300   3000 1.171877748621202e-01 3.2e+01 2.89e-01  1e-02  1e-01 1:27.1
  353   3530 1.169605234605511e-01 4.3e+01 1.09e-01  2e-03  3e-02 1:42.3
  400   4000 1.169505518026336e-01 7.1e+01 2.35e-02  2e-04  6e-03 1:55.9
  460   4600 1.169505198382905e-01 8.3e+01 1.31e-04  5e-07  1e-05 2:13.2
  477   4770 1.169505198380961e-01 7.9e+01 3.22e-05  9e-08  2e-06 2:18.1
termination on tolfun=1e-11 (Fri Nov 27 10:06:32 2020)
final/bestever f-value = 1.169505e-01 1.169505e-01
incumbent solution: [2.6410085107552426e-08, -2.3524262933442817, 4.4194214815766095, -4.313763766509165e-08, 3.3126043219135184, 0.1943976554091328, -1.5707962740474801, -1.2436671412553253]
std deviation: [8.996642402190302e-08, 4.502811965149928e-07, 1.0258257683430926e-07, 4.54874340933238e-07, 2.007708738536942e-06, 2.712521213139266e-07, 4.510031872259643e-07, 2.4644264636281986e-06]
cma
(5_w,11)-aCMA-ES (mu_w=3.4,w_1=42%) in dimension 11 (seed=568596, Fri Nov 27 10:06:32 2020)
Iterat #Fevals   function value  axis ratio  sigma  min&max std  t[m:s]
    1     11 7.772170589377270e-01 1.0e+00 9.48e-01  9e-01  1e+00 0:00.3
    2     22 8.068683145901436e-01 1.2e+00 9.02e-01  9e-01  9e-01 0:00.7
    3     33 5.100771693054336e-01 1.3e+00 9.13e-01  9e-01  1e+00 0:01.0
   12    132 5.713436341506644e-01 1.6e+00 7.63e-01  7e-01  8e-01 0:04.1
   24    264 3.076287367790787e-01 2.2e+00 6.65e-01  5e-01  7e-01 0:08.2
   39    429 1.974471979090822e-01 3.0e+00 4.85e-01  4e-01  5e-01 0:13.4
   57    627 1.436945991266066e-01 4.0e+00 1.64e-01  1e-01  2e-01 0:19.5
   78    858 1.117743751486956e-01 4.0e+00 9.03e-02  6e-02  9e-02 0:26.7
  100   1100 9.323907246896343e-02 5.9e+00 1.11e-01  6e-02  1e-01 0:34.3
  126   1386 7.080357842887627e-02 1.0e+01 1.14e-01  5e-02  1e-01 0:43.6
  156   1716 6.008186322067184e-02 1.2e+01 5.88e-02  3e-02  7e-02 0:53.9
  189   2079 5.886891223827858e-02 1.7e+01 6.43e-02  2e-02  7e-02 1:05.2
  200   2200 5.843306448665424e-02 1.7e+01 2.36e-02  7e-03  2e-02 1:09.0
  238   2618 5.839530938051032e-02 2.3e+01 2.45e-03  5e-04  2e-03 1:22.0
  279   3069 5.839139965150732e-02 3.1e+01 2.34e-03  4e-04  2e-03 1:36.1
  300   3300 5.839117420130489e-02 3.9e+01 1.14e-03  2e-04  1e-03 1:43.3
  347   3817 5.839114696488781e-02 5.2e+01 3.99e-05  5e-06  3e-05 1:59.4
  393   4323 5.839114694704904e-02 4.1e+01 3.17e-06  2e-07  2e-06 2:15.1
termination on tolfun=1e-11 (Fri Nov 27 10:08:48 2020)
final/bestever f-value = 5.839115e-02 5.839115e-02
incumbent solution: [-5.9071395   5.63260318 -1.06643515 -3.454754   -2.0094288   1.85025878
 -2.99255832  2.10343005 ...]
std deviations: [2.96061960e-07 9.16643575e-07 8.25423344e-07 2.91914226e-07
 1.81878903e-06 7.76166074e-07 2.35347337e-07 1.18935249e-06 ...]
cma
(5_w,11)-aCMA-ES (mu_w=3.4,w_1=42%) in dimension 11 (seed=619230, Fri Nov 27 10:08:49 2020)
Iterat #Fevals   function value  axis ratio  sigma  min&max std  t[m:s]
    1     11 3.372666559255741e-01 1.0e+00 1.00e+00  1e+00  1e+00 0:00.3
    2     22 3.617677033467602e-01 1.2e+00 1.04e+00  1e+00  1e+00 0:00.7
    3     33 6.268041848890383e-01 1.3e+00 1.03e+00  1e+00  1e+00 0:01.0
   12    132 3.295990157331366e-01 1.6e+00 1.36e+00  1e+00  2e+00 0:04.1
   24    264 6.789496443329105e-01 2.2e+00 1.77e+00  2e+00  2e+00 0:08.2
   39    429 5.980028075341474e-01 2.9e+00 2.40e+00  2e+00  3e+00 0:13.4
   57    627 4.649607588464371e-01 3.7e+00 2.05e+00  2e+00  3e+00 0:19.5
   78    858 7.304203923445890e-01 4.7e+00 1.38e+00  1e+00  2e+00 0:26.8
  100   1100 8.006273897400858e-01 5.4e+00 1.85e+00  2e+00  2e+00 0:34.3
  127   1397 6.713374079215385e-01 6.8e+00 2.71e+00  2e+00  4e+00 0:43.6
  157   1727 6.904156635472984e-01 7.5e+00 2.91e+00  2e+00  5e+00 0:53.9
  190   2090 4.758886737741709e-01 8.2e+00 1.35e+00  7e-01  2e+00 1:05.3
  200   2200 5.390221658667492e-01 8.0e+00 1.11e+00  6e-01  2e+00 1:08.7
  238   2618 4.258193919822570e-01 7.5e+00 1.52e-01  6e-02  2e-01 1:21.8
  279   3069 4.229130313974944e-01 1.2e+01 4.54e-02  1e-02  4e-02 1:35.8
  300   3300 4.227965452007064e-01 1.5e+01 1.34e-02  3e-03  1e-02 1:43.0
  347   3817 4.222613815186820e-01 5.3e+01 9.44e-02  2e-02  1e-01 1:59.1
  397   4367 4.001763932541645e-01 2.9e+01 1.98e-01  3e-02  2e-01 2:16.2
  400   4400 4.000194413798441e-01 2.7e+01 1.83e-01  3e-02  1e-01 2:17.3
  456   5016 3.687924325758599e-01 2.1e+01 3.16e-01  4e-02  2e-01 2:36.4
  500   5500 3.292908117559096e-01 1.3e+01 7.49e-01  5e-02  3e-01 2:51.5
  562   6182 2.840497499841230e-01 9.4e+00 5.23e-01  4e-02  1e-01 3:12.8
  600   6600 2.818060137223707e-01 8.9e+00 8.69e-02  5e-03  1e-02 3:25.8
  668   7348 2.817764653064975e-01 9.4e+00 1.76e-03  6e-05  2e-04 3:49.1
  700   7700 2.817764590423943e-01 1.1e+01 2.27e-04  6e-06  2e-05 4:00.0
  756   8316 2.817764589758526e-01 1.0e+01 7.94e-06  2e-07  4e-07 4:19.2
termination on tolfun=1e-11 (Fri Nov 27 10:13:09 2020)
final/bestever f-value = 2.817765e-01 1.911896e-01
incumbent solution: [ -5.03660616   2.09479455   4.62522433 -10.00647423  -4.6556838
   4.8982855   -7.57794306   4.5021504  ...]
std deviations: [1.53273916e-07 1.88450347e-07 2.71897541e-07 2.28279554e-07
 2.77721023e-07 1.51188868e-07 1.53070507e-07 3.67202778e-07 ...]
cma
(5_w,11)-aCMA-ES (mu_w=3.4,w_1=42%) in dimension 14 (seed=579136, Fri Nov 27 10:13:10 2020)
Iterat #Fevals   function value  axis ratio  sigma  min&max std  t[m:s]
    1     11 4.165936542940622e-01 1.0e+00 9.77e-01  1e+00  1e+00 0:00.4
    2     22 3.890936812947616e-01 1.2e+00 9.58e-01  9e-01  1e+00 0:00.7
    3     33 3.713069369357693e-01 1.2e+00 9.26e-01  9e-01  1e+00 0:01.1
   12    132 4.715553129695239e-01 1.5e+00 6.11e-01  6e-01  6e-01 0:04.4
   23    253 3.211292491401729e-01 1.7e+00 4.61e-01  4e-01  5e-01 0:08.4
   37    407 2.129516086458262e-01 2.2e+00 3.10e-01  2e-01  3e-01 0:13.5
   54    594 1.505098679980683e-01 3.0e+00 1.97e-01  1e-01  2e-01 0:19.7
   74    814 1.331377399848207e-01 3.4e+00 9.48e-02  6e-02  9e-02 0:27.1
   96   1056 1.272687540889166e-01 4.4e+00 3.69e-02  2e-02  4e-02 0:35.1
  100   1100 1.269575874372891e-01 4.4e+00 3.32e-02  2e-02  3e-02 0:36.6
  128   1408 1.240801927840743e-01 9.0e+00 4.46e-02  3e-02  7e-02 0:46.9
  159   1749 1.230625658779871e-01 1.3e+01 2.88e-02  2e-02  4e-02 0:58.2
  192   2112 1.215608038733528e-01 1.7e+01 2.63e-02  1e-02  4e-02 1:10.3
  200   2200 1.212410897665416e-01 2.1e+01 2.43e-02  1e-02  4e-02 1:13.2
  239   2629 1.202138248371929e-01 2.4e+01 2.02e-02  9e-03  3e-02 1:27.5
  280   3080 1.186502471272095e-01 2.3e+01 2.46e-02  1e-02  3e-02 1:42.5
  300   3300 1.182655736663587e-01 2.2e+01 2.07e-02  8e-03  2e-02 1:49.8
  347   3817 1.176625770909351e-01 2.3e+01 2.52e-02  9e-03  3e-02 2:07.0
  397   4367 1.172353265013145e-01 3.6e+01 3.44e-02  1e-02  5e-02 2:25.3
  400   4400 1.171546554925489e-01 3.5e+01 3.25e-02  1e-02  5e-02 2:26.4
  455   5005 1.169527177846361e-01 4.5e+01 1.73e-02  4e-03  3e-02 2:46.5
  500   5500 1.158839240330148e-01 6.4e+01 1.20e-01  2e-02  2e-01 3:02.9
  561   6171 1.044509812381074e-01 3.6e+01 1.70e-01  3e-02  1e-01 3:25.2
  600   6600 1.029074258800017e-01 2.7e+01 5.30e-02  7e-03  3e-02 3:39.5
  666   7326 1.028162910911103e-01 4.3e+01 2.52e-02  4e-03  1e-02 4:03.6
  700   7700 1.027851397045054e-01 5.2e+01 1.47e-02  2e-03  8e-03 4:16.1
  772   8492 1.027652025604062e-01 6.2e+01 4.05e-02  3e-03  2e-02 4:42.4
  800   8800 1.027363644081001e-01 5.8e+01 3.86e-02  2e-03  2e-02 4:52.6
  877   9647 1.026412528929920e-01 1.1e+02 4.53e-02  2e-03  3e-02 5:20.7
  900   9900 1.026209803111599e-01 1.5e+02 5.78e-02  3e-03  5e-02 5:29.1
  983  10813 1.024071636650187e-01 1.5e+02 1.57e-01  6e-03  1e-01 5:59.5
 1000  11000 1.019395273168814e-01 1.2e+02 2.06e-01  7e-03  1e-01 6:05.7
Iterat #Fevals   function value  axis ratio  sigma  min&max std  t[m:s]
 1088  11968 9.300867848133797e-02 5.1e+01 5.22e-01  2e-02  1e-01 6:37.9
 1100  12100 9.126618461768182e-02 4.7e+01 5.11e-01  2e-02  1e-01 6:42.3
 1193  13123 8.813036655517852e-02 2.6e+01 9.45e-02  2e-03  1e-02 7:16.3
 1200  13200 8.812911827690188e-02 2.8e+01 8.87e-02  2e-03  9e-03 7:18.8
 1299  14289 8.807344000070362e-02 2.2e+01 6.32e-02  1e-03  4e-03 7:55.0
 1300  14300 8.807415305342899e-02 2.2e+01 6.67e-02  1e-03  4e-03 7:55.4
 1400  15400 8.762470231138625e-02 2.8e+01 3.74e-01  8e-03  2e-02 8:32.0
 1500  16500 8.692193616060420e-02 3.6e+01 3.33e-01  4e-03  2e-02 9:08.6
 1600  17600 8.646067019352258e-02 4.7e+01 4.63e-01  4e-03  2e-02 9:45.2
 1700  18700 8.591227344619864e-02 7.4e+01 3.51e-01  3e-03  2e-02 10:21.7
 1800  19800 8.451442955612537e-02 9.0e+01 2.98e+00  2e-02  2e-01 10:58.3
 1900  20900 5.361716765693839e-02 2.4e+01 4.98e+00  2e-02  8e-02 11:34.9
 2000  22000 3.337154590271364e-02 1.2e+01 3.01e+00  8e-03  2e-02 12:11.4
Iterat #Fevals   function value  axis ratio  sigma  min&max std  t[m:s]
 2100  23100 3.287966033179118e-02 9.2e+00 2.47e-01  4e-04  1e-03 12:48.0
 2200  24200 3.287864862159007e-02 1.0e+01 3.56e-03  3e-06  1e-05 13:24.6
 2258  24838 3.287864858042684e-02 1.1e+01 1.01e-04  7e-08  2e-07 13:45.9
termination on tolfun=1e-11 (Fri Nov 27 10:26:58 2020)
final/bestever f-value = 3.287865e-02 3.287865e-02
incumbent solution: [ 0.83780835  2.45507451 -1.75063724 -2.37407985 -3.76428168  1.60414623
 -7.68398294 -4.78548463 ...]
std deviations: [1.30437421e-07 1.88952893e-07 9.26587449e-08 1.12886182e-07
 2.38733532e-07 7.84540692e-08 7.16176711e-08 1.37648902e-07 ...]
cma
(5_w,11)-aCMA-ES (mu_w=3.4,w_1=42%) in dimension 14 (seed=580188, Fri Nov 27 10:27:00 2020)
Iterat #Fevals   function value  axis ratio  sigma  min&max std  t[m:s]
    1     11 7.187106917267315e-01 1.0e+00 9.59e-01  9e-01  1e+00 0:00.4
    2     22 1.876243191392841e-01 1.2e+00 9.72e-01  9e-01  1e+00 0:00.7
    3     33 2.129249897142339e-01 1.2e+00 9.88e-01  1e+00  1e+00 0:01.1
   12    132 6.702361237934673e-01 1.6e+00 1.10e+00  1e+00  1e+00 0:04.4
   23    253 5.795599590790311e-01 1.9e+00 7.62e-01  6e-01  8e-01 0:08.5
   37    407 3.652144824196433e-01 2.2e+00 4.20e-01  3e-01  4e-01 0:13.6
   54    594 1.316816166174656e-01 3.0e+00 2.27e-01  2e-01  2e-01 0:19.8
   74    814 6.511870253627797e-02 3.6e+00 1.42e-01  1e-01  2e-01 0:27.2
   96   1056 4.074547407701531e-02 4.5e+00 4.89e-02  3e-02  6e-02 0:35.3
  100   1100 3.986545802174331e-02 4.7e+00 4.05e-02  3e-02  5e-02 0:36.7
  128   1408 3.791184081274827e-02 6.4e+00 2.08e-02  1e-02  2e-02 0:47.0
  158   1738 3.753490013510041e-02 8.1e+00 7.65e-03  3e-03  7e-03 0:58.0
  191   2101 3.752137621962035e-02 9.4e+00 1.53e-03  6e-04  1e-03 1:10.1
  200   2200 3.752120832820595e-02 9.5e+00 9.27e-04  3e-04  8e-04 1:13.4
  239   2629 3.752097844874641e-02 1.9e+01 6.12e-04  2e-04  7e-04 1:27.8
  280   3080 3.752038844943972e-02 5.5e+01 1.31e-03  2e-04  3e-03 1:42.8
  300   3300 3.752024101498020e-02 6.7e+01 8.98e-04  1e-04  2e-03 1:50.1
  347   3817 3.751832666834545e-02 1.1e+02 2.82e-03  3e-04  9e-03 2:07.3
  397   4367 3.741343933623755e-02 9.5e+01 1.67e-02  2e-03  3e-02 2:25.7
  400   4400 3.741302203699946e-02 1.0e+02 1.64e-02  2e-03  3e-02 2:26.8
  455   5005 3.715505141984894e-02 1.0e+02 2.89e-02  3e-03  5e-02 2:46.9
  500   5500 3.695953289007486e-02 7.5e+01 1.79e-02  2e-03  2e-02 3:03.4
  561   6171 3.680303178154136e-02 8.5e+01 2.13e-02  3e-03  2e-02 3:25.8
  600   6600 3.669231022742541e-02 1.5e+02 3.20e-02  4e-03  6e-02 3:40.1
  666   7326 3.659424654055531e-02 1.3e+02 1.68e-02  2e-03  2e-02 4:04.2
  700   7700 3.656721739890396e-02 1.4e+02 2.15e-02  2e-03  3e-02 4:16.7
  771   8481 3.652322707743876e-02 8.7e+01 2.79e-02  2e-03  3e-02 4:42.7
  800   8800 3.651436685685189e-02 9.0e+01 2.50e-02  2e-03  2e-02 4:53.3
  877   9647 3.631224111535550e-02 1.3e+02 8.02e-02  5e-03  8e-02 5:21.6
  900   9900 3.607835569761831e-02 1.4e+02 1.77e-01  9e-03  2e-01 5:30.0
  982  10802 1.833454011621854e-02 1.2e+02 2.58e-01  9e-03  2e-01 6:00.0
 1000  11000 1.728904853816343e-02 9.0e+01 3.71e-01  1e-02  2e-01 6:06.6
Iterat #Fevals   function value  axis ratio  sigma  min&max std  t[m:s]
 1088  11968 1.457803303019071e-02 4.7e+01 2.04e-01  6e-03  5e-02 6:38.9
 1100  12100 1.451538789386414e-02 4.2e+01 1.69e-01  5e-03  4e-02 6:43.3
 1193  13123 1.444127343246283e-02 3.7e+01 7.28e-03  1e-04  9e-04 7:17.3
 1200  13200 1.444126314577934e-02 3.9e+01 5.89e-03  1e-04  8e-04 7:19.9
 1299  14289 1.443945666202599e-02 1.7e+02 2.99e-02  3e-04  1e-02 7:56.2
 1300  14300 1.443930177108672e-02 1.7e+02 2.90e-02  3e-04  1e-02 7:56.5
 1400  15400 1.443863783211671e-02 2.0e+02 2.67e-03  2e-05  9e-04 8:33.2
 1486  16346 1.443863659364310e-02 2.8e+02 2.97e-05  2e-07  9e-06 9:04.8
termination on tolfun=1e-11 (Fri Nov 27 10:36:06 2020)
final/bestever f-value = 1.443864e-02 1.443864e-02
incumbent solution: [-3.14159336e+00  9.28848858e+00  3.52933515e+00  3.14159183e+00
  6.35683729e+00  1.87681034e+00 -5.67380936e-07 -2.68387583e+00 ...]
std deviations: [3.02103004e-07 8.44489085e-07 1.54301234e-07 3.21794116e-07
 1.62227038e-06 1.58471857e-06 3.12544865e-07 8.83023279e-06 ...]
cma
(6_w,12)-aCMA-ES (mu_w=3.7,w_1=40%) in dimension 17 (seed=572468, Fri Nov 27 10:36:08 2020)
Iterat #Fevals   function value  axis ratio  sigma  min&max std  t[m:s]
    1     12 6.421993516789805e-01 1.0e+00 9.20e-01  9e-01  9e-01 0:00.4
    2     24 3.467528906919237e-01 1.1e+00 8.35e-01  8e-01  8e-01 0:00.9
    3     36 5.421461603585657e-01 1.1e+00 8.02e-01  8e-01  8e-01 0:01.3
   11    132 8.900724401396266e-01 1.4e+00 6.72e-01  6e-01  7e-01 0:04.7
   21    252 6.936300643469273e-01 1.5e+00 5.12e-01  5e-01  5e-01 0:09.0
   33    396 4.426538206501925e-01 1.9e+00 4.58e-01  4e-01  5e-01 0:14.1
   48    576 2.083467663203454e-01 2.2e+00 2.91e-01  2e-01  3e-01 0:20.5
   65    780 1.648391251245451e-01 2.8e+00 1.81e-01  1e-01  2e-01 0:27.7
   84   1008 1.411429796595776e-01 3.9e+00 1.62e-01  1e-01  2e-01 0:35.8
  100   1200 1.321019546593767e-01 4.3e+00 7.70e-02  5e-02  9e-02 0:42.7
  124   1488 1.280133086716784e-01 5.6e+00 3.73e-02  2e-02  4e-02 0:52.9
  150   1800 1.255501127106331e-01 7.6e+00 3.45e-02  2e-02  4e-02 1:04.0
  179   2148 1.239503292121756e-01 1.2e+01 4.02e-02  3e-02  5e-02 1:16.4
  200   2400 1.228794787659800e-01 1.3e+01 3.05e-02  2e-02  4e-02 1:25.3
  233   2796 1.204459937237338e-01 1.6e+01 3.56e-02  3e-02  5e-02 1:39.4
  269   3228 1.188871412470085e-01 2.1e+01 2.49e-02  2e-02  4e-02 1:54.7
  300   3600 1.181300825437019e-01 2.6e+01 2.27e-02  1e-02  4e-02 2:07.9
  340   4080 1.173200771146367e-01 3.4e+01 2.53e-02  1e-02  6e-02 2:25.0
  383   4596 1.171461289713782e-01 3.7e+01 1.96e-02  1e-02  5e-02 2:43.3
  400   4800 1.170675926434899e-01 4.0e+01 2.39e-02  1e-02  6e-02 2:50.5
  447   5364 1.169685873548575e-01 4.8e+01 8.51e-03  4e-03  2e-02 3:10.5
  497   5964 1.169521692947497e-01 6.5e+01 3.63e-03  1e-03  9e-03 3:31.8
  500   6000 1.169521421866777e-01 6.8e+01 3.80e-03  1e-03  9e-03 3:33.1
  555   6660 1.169507523687448e-01 8.2e+01 2.28e-03  7e-04  5e-03 3:56.5
  600   7200 1.169505263983806e-01 9.9e+01 9.30e-04  2e-04  2e-03 4:15.5
  660   7920 1.169505199219109e-01 1.2e+02 1.01e-04  2e-05  2e-04 4:40.7
  700   8400 1.169505198443053e-01 1.4e+02 4.29e-05  8e-06  8e-05 4:57.4
  745   8940 1.169505198382507e-01 1.5e+02 6.01e-06  1e-06  9e-06 5:16.1
termination on tolfun=1e-11 (Fri Nov 27 10:41:25 2020)
final/bestever f-value = 1.169505e-01 1.169505e-01
incumbent solution: [ 1.75917191e+00  2.35242612e+00 -1.10592016e+00  2.86296939e+00
 -5.67958768e-07 -2.54779505e+00  1.60903016e+00  2.63471145e-07 ...]
std deviations: [3.03317716e-06 3.01136839e-06 4.88241544e-06 6.90000183e-06
 4.41301310e-06 3.38090518e-06 5.70745857e-06 3.83686361e-06 ...]
cma
(6_w,12)-aCMA-ES (mu_w=3.7,w_1=40%) in dimension 17 (seed=496537, Fri Nov 27 10:41:28 2020)
Iterat #Fevals   function value  axis ratio  sigma  min&max std  t[m:s]
    1     12 1.110331995030231e+00 1.0e+00 9.39e-01  9e-01  1e+00 0:00.4
    2     24 4.879888586314244e-01 1.1e+00 9.05e-01  9e-01  9e-01 0:00.8
    3     36 7.507695220363438e-01 1.2e+00 8.87e-01  9e-01  9e-01 0:01.3
   11    132 1.154065558407549e+00 1.7e+00 1.31e+00  1e+00  1e+00 0:04.6
   21    252 1.038233808087724e+00 2.0e+00 1.53e+00  1e+00  2e+00 0:08.8
   33    396 5.557769830999320e-01 2.1e+00 1.33e+00  1e+00  2e+00 0:13.8
   48    576 7.086321500069016e-01 2.4e+00 1.39e+00  1e+00  2e+00 0:20.1
   65    780 7.181680027232278e-01 2.4e+00 1.38e+00  1e+00  2e+00 0:27.3
   85   1020 6.338153329614805e-01 2.8e+00 8.94e-01  8e-01  1e+00 0:35.7
  100   1200 3.449010424950277e-01 2.9e+00 6.15e-01  5e-01  8e-01 0:42.0
  124   1488 2.085026201515737e-01 3.3e+00 3.52e-01  3e-01  4e-01 0:52.0
  150   1800 1.506815921265308e-01 4.0e+00 1.78e-01  1e-01  2e-01 1:03.1
  179   2148 1.307882613627836e-01 5.2e+00 8.41e-02  6e-02  9e-02 1:15.3
  200   2400 1.183400974414436e-01 6.6e+00 6.83e-02  5e-02  7e-02 1:24.1
  234   2808 8.184979392139444e-02 7.0e+00 9.46e-02  6e-02  1e-01 1:38.4
  270   3240 5.873937797833831e-02 8.3e+00 4.26e-02  2e-02  4e-02 1:53.5
  300   3600 5.554775041031693e-02 1.0e+01 3.57e-02  2e-02  4e-02 2:06.0
  341   4092 5.003142651782099e-02 1.6e+01 2.42e-02  1e-02  4e-02 2:23.2
  384   4608 4.754450735038157e-02 2.0e+01 3.94e-02  1e-02  6e-02 2:41.2
  400   4800 4.717755108717430e-02 1.9e+01 2.56e-02  9e-03  3e-02 2:47.9
  448   5376 4.226981169353144e-02 2.3e+01 4.02e-02  1e-02  8e-02 3:08.0
  499   5988 3.585724372193891e-02 1.8e+01 2.86e-02  9e-03  4e-02 3:29.4
  500   6000 3.590304820661934e-02 1.7e+01 2.93e-02  9e-03  4e-02 3:29.8
  555   6660 3.342191067256147e-02 1.5e+01 2.87e-02  9e-03  3e-02 3:52.8
  600   7200 3.215153230293138e-02 1.5e+01 3.67e-02  1e-02  3e-02 4:11.7
  661   7932 3.119700278895227e-02 2.2e+01 1.44e-02  4e-03  2e-02 4:37.0
  700   8400 3.069911199641665e-02 2.4e+01 2.75e-02  6e-03  3e-02 4:53.3
  764   9168 2.951571239301443e-02 2.2e+01 2.47e-02  5e-03  2e-02 5:20.3
  800   9600 2.917138094809204e-02 2.2e+01 3.08e-02  6e-03  2e-02 5:35.3
  870  10440 2.856105025527267e-02 2.9e+01 3.81e-02  7e-03  4e-02 6:04.6
  900  10800 2.837335418054326e-02 3.3e+01 2.44e-02  4e-03  3e-02 6:17.0
  975  11700 2.805948276528580e-02 4.9e+01 2.86e-02  4e-03  4e-02 6:48.4
 1000  12000 2.792072607727665e-02 4.9e+01 3.98e-02  6e-03  6e-02 6:58.8
Iterat #Fevals   function value  axis ratio  sigma  min&max std  t[m:s]
 1080  12960 2.759372237078385e-02 5.8e+01 4.65e-02  6e-03  6e-02 7:32.0
 1100  13200 2.749230152122331e-02 6.1e+01 3.93e-02  4e-03  5e-02 7:40.3
 1184  14208 2.727709260404225e-02 5.8e+01 3.98e-02  5e-03  4e-02 8:15.4
 1200  14400 2.719742926597809e-02 6.0e+01 8.95e-02  1e-02  8e-02 8:22.1
 1290  15480 2.570585435139168e-02 3.4e+01 9.89e-02  8e-03  3e-02 8:59.4
 1300  15600 2.550416853224364e-02 3.3e+01 8.40e-02  7e-03  3e-02 9:03.6
 1394  16728 2.267217621392412e-02 3.2e+01 1.68e-01  1e-02  5e-02 9:42.6
 1400  16800 2.255458602537212e-02 3.3e+01 1.47e-01  8e-03  4e-02 9:45.1
 1499  17988 2.153180013545651e-02 3.9e+01 5.20e-02  2e-03  1e-02 10:26.2
 1500  18000 2.152533791272076e-02 3.9e+01 5.25e-02  2e-03  1e-02 10:26.6
 1600  19200 2.126946431736863e-02 4.3e+01 7.62e-02  2e-03  2e-02 11:08.2
 1700  20400 2.102314729192598e-02 5.3e+01 1.54e-01  3e-03  3e-02 11:49.8
 1800  21600 2.071316001903499e-02 3.7e+01 1.18e-01  2e-03  1e-02 12:31.8
 1900  22800 2.059535158731098e-02 4.9e+01 8.93e-02  1e-03  1e-02 13:13.3
 2000  24000 2.054935444907642e-02 5.8e+01 1.28e-01  2e-03  1e-02 13:54.9
Iterat #Fevals   function value  axis ratio  sigma  min&max std  t[m:s]
 2100  25200 2.050091015162581e-02 5.6e+01 9.11e-02  2e-03  8e-03 14:37.7
 2200  26400 2.048862381999816e-02 5.3e+01 2.19e-02  3e-04  1e-03 15:19.7
 2300  27600 2.048853374267867e-02 5.7e+01 2.75e-04  3e-06  1e-05 16:01.6
 2345  28140 2.048853373769965e-02 6.3e+01 3.08e-05  2e-07  1e-06 16:20.3
/home/adrianps/venvs/quantum_simulation/lib/python3.6/site-packages/scipy/optimize/optimize.py:705: ComplexWarning: Casting complex values to real discards the imaginary part
  grad[k] = df
/home/adrianps/venvs/quantum_simulation/lib/python3.6/site-packages/scipy/optimize/linesearch.py:172: ComplexWarning: Casting complex values to real discards the imaginary part
  amin, amax, isave, dsave)
/home/adrianps/venvs/quantum_simulation/lib/python3.6/site-packages/scipy/optimize/optimize.py:705: ComplexWarning: Casting complex values to real discards the imaginary part
  grad[k] = df
/home/adrianps/venvs/quantum_simulation/lib/python3.6/site-packages/scipy/optimize/linesearch.py:172: ComplexWarning: Casting complex values to real discards the imaginary part
  amin, amax, isave, dsave)
/home/adrianps/venvs/quantum_simulation/lib/python3.6/site-packages/scipy/optimize/optimize.py:705: ComplexWarning: Casting complex values to real discards the imaginary part
  grad[k] = df
/home/adrianps/venvs/quantum_simulation/lib/python3.6/site-packages/scipy/optimize/linesearch.py:172: ComplexWarning: Casting complex values to real discards the imaginary part
  amin, amax, isave, dsave)
/home/adrianps/venvs/quantum_simulation/lib/python3.6/site-packages/scipy/optimize/optimize.py:705: ComplexWarning: Casting complex values to real discards the imaginary part
  grad[k] = df
/home/adrianps/venvs/quantum_simulation/lib/python3.6/site-packages/scipy/optimize/linesearch.py:172: ComplexWarning: Casting complex values to real discards the imaginary part
  amin, amax, isave, dsave)
/home/adrianps/venvs/quantum_simulation/lib/python3.6/site-packages/scipy/optimize/optimize.py:705: ComplexWarning: Casting complex values to real discards the imaginary part
  grad[k] = df
/home/adrianps/venvs/quantum_simulation/lib/python3.6/site-packages/scipy/optimize/linesearch.py:172: ComplexWarning: Casting complex values to real discards the imaginary part
  amin, amax, isave, dsave)
/home/adrianps/venvs/quantum_simulation/lib/python3.6/site-packages/scipy/optimize/optimize.py:705: ComplexWarning: Casting complex values to real discards the imaginary part
  grad[k] = df
/home/adrianps/venvs/quantum_simulation/lib/python3.6/site-packages/scipy/optimize/linesearch.py:172: ComplexWarning: Casting complex values to real discards the imaginary part
  amin, amax, isave, dsave)
/home/adrianps/venvs/quantum_simulation/lib/python3.6/site-packages/scipy/optimize/optimize.py:705: ComplexWarning: Casting complex values to real discards the imaginary part
  grad[k] = df
/home/adrianps/venvs/quantum_simulation/lib/python3.6/site-packages/scipy/optimize/linesearch.py:172: ComplexWarning: Casting complex values to real discards the imaginary part
  amin, amax, isave, dsave)
/home/adrianps/venvs/quantum_simulation/lib/python3.6/site-packages/scipy/optimize/optimize.py:705: ComplexWarning: Casting complex values to real discards the imaginary part
  grad[k] = df
/home/adrianps/venvs/quantum_simulation/lib/python3.6/site-packages/scipy/optimize/linesearch.py:489: ComplexWarning: Casting complex values to real discards the imaginary part
  d1[0, 1] = -db ** 2
/home/adrianps/venvs/quantum_simulation/lib/python3.6/site-packages/scipy/optimize/linesearch.py:491: ComplexWarning: Casting complex values to real discards the imaginary part
  d1[1, 1] = db ** 3
/home/adrianps/venvs/quantum_simulation/lib/python3.6/site-packages/scipy/optimize/linesearch.py:488: ComplexWarning: Casting complex values to real discards the imaginary part
  d1[0, 0] = dc ** 2
/home/adrianps/venvs/quantum_simulation/lib/python3.6/site-packages/scipy/optimize/linesearch.py:490: ComplexWarning: Casting complex values to real discards the imaginary part
  d1[1, 0] = -dc ** 3
/home/adrianps/venvs/quantum_simulation/lib/python3.6/site-packages/scipy/optimize/optimize.py:705: ComplexWarning: Casting complex values to real discards the imaginary part
  grad[k] = df
/home/adrianps/venvs/quantum_simulation/lib/python3.6/site-packages/scipy/optimize/linesearch.py:172: ComplexWarning: Casting complex values to real discards the imaginary part
  amin, amax, isave, dsave)
/home/adrianps/venvs/quantum_simulation/lib/python3.6/site-packages/scipy/optimize/optimize.py:705: ComplexWarning: Casting complex values to real discards the imaginary part
  grad[k] = df
/home/adrianps/venvs/quantum_simulation/lib/python3.6/site-packages/scipy/optimize/linesearch.py:172: ComplexWarning: Casting complex values to real discards the imaginary part
  amin, amax, isave, dsave)
/home/adrianps/venvs/quantum_simulation/lib/python3.6/site-packages/scipy/optimize/optimize.py:705: ComplexWarning: Casting complex values to real discards the imaginary part
  grad[k] = df
/home/adrianps/venvs/quantum_simulation/lib/python3.6/site-packages/scipy/optimize/optimize.py:705: ComplexWarning: Casting complex values to real discards the imaginary part
  grad[k] = df
/home/adrianps/venvs/quantum_simulation/lib/python3.6/site-packages/scipy/optimize/linesearch.py:172: ComplexWarning: Casting complex values to real discards the imaginary part
  amin, amax, isave, dsave)
/home/adrianps/Universal-Approximator/qibo_sim/classes/ApproximantNN.py:552: RuntimeWarning: More than 20 figures have been opened. Figures created through the pyplot interface (`matplotlib.pyplot.figure`) are retained until explicitly closed and may consume too much memory. (To control this warning, see the rcParam `figure.max_open_warning`).
  fig, axs = plt.subplots(nrows=2, figsize=(8,10))
/home/adrianps/venvs/quantum_simulation/lib/python3.6/site-packages/scipy/optimize/optimize.py:705: ComplexWarning: Casting complex values to real discards the imaginary part
  grad[k] = df
/home/adrianps/venvs/quantum_simulation/lib/python3.6/site-packages/scipy/optimize/linesearch.py:172: ComplexWarning: Casting complex values to real discards the imaginary part
  amin, amax, isave, dsave)
/home/adrianps/venvs/quantum_simulation/lib/python3.6/site-packages/scipy/optimize/optimize.py:705: ComplexWarning: Casting complex values to real discards the imaginary part
  grad[k] = df
/home/adrianps/venvs/quantum_simulation/lib/python3.6/site-packages/scipy/optimize/linesearch.py:489: ComplexWarning: Casting complex values to real discards the imaginary part
  d1[0, 1] = -db ** 2
/home/adrianps/venvs/quantum_simulation/lib/python3.6/site-packages/scipy/optimize/linesearch.py:491: ComplexWarning: Casting complex values to real discards the imaginary part
  d1[1, 1] = db ** 3
/home/adrianps/venvs/quantum_simulation/lib/python3.6/site-packages/scipy/optimize/linesearch.py:488: ComplexWarning: Casting complex values to real discards the imaginary part
  d1[0, 0] = dc ** 2
/home/adrianps/venvs/quantum_simulation/lib/python3.6/site-packages/scipy/optimize/linesearch.py:490: ComplexWarning: Casting complex values to real discards the imaginary part
  d1[1, 0] = -dc ** 3
/home/adrianps/Universal-Approximator/qibo_sim/classes/ApproximantNN.py:577: RuntimeWarning: More than 20 figures have been opened. Figures created through the pyplot interface (`matplotlib.pyplot.figure`) are retained until explicitly closed and may consume too much memory. (To control this warning, see the rcParam `figure.max_open_warning`).
  fig, axs = plt.subplots(nrows=2, figsize=(8,10))
/home/adrianps/Universal-Approximator/qibo_sim/classes/ApproximantNN.py:552: RuntimeWarning: More than 20 figures have been opened. Figures created through the pyplot interface (`matplotlib.pyplot.figure`) are retained until explicitly closed and may consume too much memory. (To control this warning, see the rcParam `figure.max_open_warning`).
  fig, axs = plt.subplots(nrows=2, figsize=(8,10))
/home/adrianps/venvs/quantum_simulation/lib/python3.6/site-packages/scipy/optimize/optimize.py:705: ComplexWarning: Casting complex values to real discards the imaginary part
  grad[k] = df
/home/adrianps/venvs/quantum_simulation/lib/python3.6/site-packages/scipy/optimize/linesearch.py:172: ComplexWarning: Casting complex values to real discards the imaginary part
  amin, amax, isave, dsave)
/home/adrianps/venvs/quantum_simulation/lib/python3.6/site-packages/scipy/optimize/optimize.py:705: ComplexWarning: Casting complex values to real discards the imaginary part
  grad[k] = df
/home/adrianps/venvs/quantum_simulation/lib/python3.6/site-packages/scipy/optimize/linesearch.py:489: ComplexWarning: Casting complex values to real discards the imaginary part
  d1[0, 1] = -db ** 2
/home/adrianps/venvs/quantum_simulation/lib/python3.6/site-packages/scipy/optimize/linesearch.py:491: ComplexWarning: Casting complex values to real discards the imaginary part
  d1[1, 1] = db ** 3
/home/adrianps/Universal-Approximator/qibo_sim/classes/ApproximantNN.py:577: RuntimeWarning: More than 20 figures have been opened. Figures created through the pyplot interface (`matplotlib.pyplot.figure`) are retained until explicitly closed and may consume too much memory. (To control this warning, see the rcParam `figure.max_open_warning`).
  fig, axs = plt.subplots(nrows=2, figsize=(8,10))
termination on tolfun=1e-11 (Fri Nov 27 10:57:51 2020)
final/bestever f-value = 2.048853e-02 2.048853e-02
incumbent solution: [ -2.55826961  -2.16254707 -17.17239175   0.80758042  -2.8281954
   1.15580472  -7.20698164  -3.6072765  ...]
std deviations: [4.11668739e-07 1.25866527e-06 5.49089776e-07 2.49667980e-07
 1.26941331e-06 4.48336376e-07 4.35919993e-07 1.18808939e-06 ...]
