cma
(3_w,6)-aCMA-ES (mu_w=2.0,w_1=63%) in dimension 2 (seed=415895, Wed Nov 25 15:55:24 2020)
Iterat #Fevals   function value  axis ratio  sigma  min&max std  t[m:s]
    1      6 5.917920282889341e-01 1.0e+00 1.16e+00  1e+00  1e+00 0:00.1
    2     12 3.006226911172144e-01 1.4e+00 1.94e+00  2e+00  2e+00 0:00.3
    3     18 5.228883632472685e-01 1.5e+00 1.83e+00  2e+00  2e+00 0:00.4
   24    144 3.180868979945479e-02 1.5e+00 7.82e-02  9e-03  2e-02 0:03.5
   52    312 3.178237793449856e-02 2.7e+00 5.13e-04  3e-06  6e-06 0:07.6
   68    408 3.178237793423827e-02 2.2e+00 2.68e-05  3e-08  6e-08 0:09.9
termination on tolfun=1e-11 (Wed Nov 25 15:55:34 2020)
final/bestever f-value = 3.178238e-02 3.178238e-02
incumbent solution: [-1.5707963259046265, 2.3050214494787107]
std deviation: [3.095105705465758e-08, 6.070644028654277e-08]
cma
(3_w,6)-aCMA-ES (mu_w=2.0,w_1=63%) in dimension 2 (seed=412866, Wed Nov 25 15:55:34 2020)
Iterat #Fevals   function value  axis ratio  sigma  min&max std  t[m:s]
    1      6 2.182963438185528e-01 1.0e+00 8.35e-01  7e-01  9e-01 0:00.1
    2     12 4.755419637249306e-02 1.3e+00 9.87e-01  9e-01  1e+00 0:00.3
    3     18 4.538281465084921e-02 1.3e+00 8.83e-01  7e-01  9e-01 0:00.4
   24    144 3.179076416093945e-02 1.2e+00 4.72e-02  5e-03  7e-03 0:03.5
   52    312 3.178237793888247e-02 2.8e+00 7.20e-04  4e-06  1e-05 0:07.5
   71    426 3.178237793424536e-02 2.7e+00 7.85e-05  1e-07  3e-07 0:10.3
termination on tolfun=1e-11 (Wed Nov 25 15:55:45 2020)
final/bestever f-value = 3.178238e-02 3.178238e-02
incumbent solution: [-1.5707963150363657, 2.3050212464298006]
std deviation: [1.0400412865278997e-07, 2.632859739934712e-07]
cma
(4_w,8)-aCMA-ES (mu_w=2.6,w_1=52%) in dimension 5 (seed=400679, Wed Nov 25 15:55:45 2020)
Iterat #Fevals   function value  axis ratio  sigma  min&max std  t[m:s]
    1      8 4.589078633088267e-01 1.0e+00 9.68e-01  9e-01  1e+00 0:00.2
    2     16 2.618692065706487e-01 1.3e+00 1.03e+00  1e+00  1e+00 0:00.5
    3     24 7.401932116388990e-02 1.7e+00 1.09e+00  1e+00  1e+00 0:00.7
   17    136 4.448618740399196e-02 3.2e+00 9.78e-01  7e-01  1e+00 0:03.9
   35    280 3.380208492324188e-02 6.6e+00 4.70e-01  3e-01  5e-01 0:08.1
   57    456 3.179343292928746e-02 2.3e+01 1.36e-01  6e-02  2e-01 0:13.2
   83    664 3.178239120544177e-02 1.1e+02 2.01e-02  5e-03  3e-02 0:19.2
  100    800 3.178238082249883e-02 3.3e+02 6.69e-03  9e-04  9e-03 0:23.1
  135   1080 3.178237793445044e-02 2.2e+03 3.15e-04  8e-06  4e-04 0:31.3
  144   1152 3.178237793424955e-02 3.6e+03 1.30e-04  2e-06  2e-04 0:33.4
termination on tolfun=1e-11 (Wed Nov 25 15:56:18 2020)
final/bestever f-value = 3.178238e-02 3.178238e-02
incumbent solution: [1.735690990313869, -2.2909548143330523, 1.5759245975829867e-07, -0.16489468319911132, -0.014066692583674843]
std deviation: [0.00014109342553714855, 0.00019605470237673612, 1.997952408484142e-06, 0.00014116335713962205, 0.00019606819883786255]
cma
(4_w,8)-aCMA-ES (mu_w=2.6,w_1=52%) in dimension 5 (seed=430732, Wed Nov 25 15:56:19 2020)
Iterat #Fevals   function value  axis ratio  sigma  min&max std  t[m:s]
    1      8 6.097785161669859e-01 1.0e+00 1.01e+00  1e+00  1e+00 0:00.2
    2     16 6.553417486428753e-01 1.3e+00 1.16e+00  1e+00  1e+00 0:00.5
    3     24 9.077333822011195e-02 1.6e+00 1.49e+00  1e+00  2e+00 0:00.7
   16    128 8.726200697434846e-01 2.6e+00 2.40e+00  2e+00  3e+00 0:03.7
   34    272 2.585931329116516e-01 3.1e+00 2.04e+00  1e+00  2e+00 0:07.9
   56    448 3.231969246741703e-02 4.4e+00 2.45e-01  9e-02  1e-01 0:13.1
   82    656 3.178249271035741e-02 2.1e+01 1.32e-02  2e-03  6e-03 0:19.1
  100    800 3.178238018260779e-02 4.5e+01 3.18e-03  2e-04  1e-03 0:23.3
  135   1080 3.178237793439492e-02 3.5e+02 1.77e-04  2e-06  1e-04 0:31.5
  150   1200 3.178237793423865e-02 7.2e+02 2.43e-05  2e-07  1e-05 0:35.0
termination on tolfun=1e-11 (Wed Nov 25 15:56:54 2020)
final/bestever f-value = 3.178238e-02 3.178238e-02
incumbent solution: [0.6281349079237254, -3.248951659121469, 3.1415925192160596, 2.198931240015639, -5.553973070194865]
std deviation: [1.3472555295955703e-05, 1.1026866388033035e-05, 1.7284200203384814e-07, 1.3476312410852807e-05, 1.105480998047831e-05]
cma
(5_w,10)-aCMA-ES (mu_w=3.2,w_1=45%) in dimension 8 (seed=378131, Wed Nov 25 15:56:54 2020)
Iterat #Fevals   function value  axis ratio  sigma  min&max std  t[m:s]
    1     10 1.918465848542058e-01 1.0e+00 8.84e-01  8e-01  9e-01 0:00.3
    2     20 7.903801013821592e-02 1.2e+00 8.01e-01  7e-01  8e-01 0:00.7
    3     30 1.261823975511914e-01 1.3e+00 8.59e-01  8e-01  9e-01 0:01.0
   12    120 7.766906509919673e-02 1.7e+00 6.22e-01  5e-01  7e-01 0:04.0
   24    240 7.643503783455033e-02 2.9e+00 3.76e-01  2e-01  4e-01 0:08.0
   39    390 3.213433118284210e-02 5.0e+00 9.87e-02  6e-02  1e-01 0:13.1
   57    570 3.181273828561087e-02 1.1e+01 3.24e-02  2e-02  3e-02 0:19.1
   78    780 3.178312116247597e-02 2.3e+01 1.14e-02  6e-03  2e-02 0:26.1
  100   1000 3.178239117806900e-02 4.4e+01 1.32e-03  4e-04  2e-03 0:33.5
  127   1270 3.178237802106863e-02 9.0e+01 2.38e-04  4e-05  4e-04 0:42.6
  157   1570 3.178237793462331e-02 1.8e+02 3.46e-05  3e-06  5e-05 0:52.7
  174   1740 3.178237793424735e-02 3.4e+02 9.49e-06  6e-07  2e-05 0:58.5
termination on tolfun=1e-11 (Wed Nov 25 15:57:53 2020)
final/bestever f-value = 3.178238e-02 3.178238e-02
incumbent solution: [-0.9286402965832804, -3.549010955296607, -2.793183044686453e-07, -3.783748911031676, 1.243989163603091, -2.3114304806302814, -2.792416867679605e-07, -2.8296856745764183e-07]
std deviation: [9.17293336742644e-06, 8.281287516747899e-06, 7.711163763003923e-07, 9.145817025553445e-06, 8.376409647982528e-06, 1.519235725175492e-05, 5.967471922650551e-07, 7.771825065408127e-07]
cma
(5_w,10)-aCMA-ES (mu_w=3.2,w_1=45%) in dimension 8 (seed=397378, Wed Nov 25 15:57:53 2020)
Iterat #Fevals   function value  axis ratio  sigma  min&max std  t[m:s]
    1     10 9.869460006957838e-02 1.0e+00 9.72e-01  9e-01  1e+00 0:00.3
    2     20 2.479612983801118e-01 1.2e+00 9.31e-01  9e-01  1e+00 0:00.7
    3     30 1.092906193878710e-01 1.3e+00 8.77e-01  8e-01  9e-01 0:01.0
   12    120 8.995336486743423e-02 1.6e+00 5.48e-01  4e-01  6e-01 0:04.1
   24    240 3.478360955577999e-02 2.4e+00 2.82e-01  2e-01  3e-01 0:08.2
   39    390 5.895079290917525e-03 4.1e+00 2.11e-01  1e-01  2e-01 0:13.4
   57    570 1.008449543256796e-03 5.3e+00 1.04e-01  4e-02  9e-02 0:19.6
   78    780 3.526529920119049e-04 1.3e+01 1.20e-01  3e-02  2e-01 0:26.8
  100   1000 1.174920397363832e-04 2.8e+01 9.14e-02  2e-02  1e-01 0:34.4
  127   1270 7.906698070376534e-05 2.7e+01 1.84e-02  2e-03  2e-02 0:43.6
  157   1570 7.677618344267782e-05 3.3e+01 2.58e-03  2e-04  2e-03 0:54.0
  190   1900 7.676884782930509e-05 3.4e+01 1.64e-04  9e-06  8e-05 1:05.3
  200   2000 7.676884029900637e-05 3.5e+01 6.41e-05  3e-06  3e-05 1:08.7
  227   2270 7.676883889426748e-05 4.0e+01 9.30e-06  3e-07  3e-06 1:18.0
termination on tolfun=1e-11 (Wed Nov 25 15:59:12 2020)
final/bestever f-value = 7.676884e-05 7.676884e-05
incumbent solution: [1.5707963778602083, -2.246474424463433, 1.7929017147566728, -2.1069801555825363e-07, 4.700655814068196, 2.616971801017403, 1.7034925887534674e-07, 4.777779040362466]
std deviation: [3.133348767230319e-07, 9.757856219439861e-07, 1.2125753184224465e-06, 9.372828242273792e-07, 2.943233610803137e-06, 4.095035841606833e-07, 5.544972647017031e-07, 2.9699991003467004e-06]
cma
(5_w,11)-aCMA-ES (mu_w=3.4,w_1=42%) in dimension 11 (seed=418900, Wed Nov 25 15:59:12 2020)
Iterat #Fevals   function value  axis ratio  sigma  min&max std  t[m:s]
    1     11 6.791768775526114e-02 1.0e+00 8.99e-01  9e-01  9e-01 0:00.4
    2     22 6.009534036458625e-01 1.1e+00 8.80e-01  8e-01  9e-01 0:00.9
    3     33 2.264539858022641e-01 1.2e+00 8.50e-01  8e-01  9e-01 0:01.3
   11    121 1.779164189052908e-01 1.7e+00 9.10e-01  8e-01  1e+00 0:04.7
   21    231 1.423954860286011e-01 2.5e+00 7.39e-01  6e-01  9e-01 0:09.0
   33    363 4.830386578553551e-02 3.4e+00 6.51e-01  6e-01  8e-01 0:14.1
   48    528 1.930468648762247e-02 4.6e+00 4.59e-01  3e-01  6e-01 0:20.5
   65    715 3.575828976902660e-03 5.5e+00 2.09e-01  1e-01  2e-01 0:27.8
   84    924 8.267395691287395e-04 5.9e+00 1.20e-01  5e-02  1e-01 0:35.9
  100   1100 5.439317229420190e-04 7.0e+00 7.00e-02  3e-02  7e-02 0:42.8
  124   1364 3.484164309295066e-04 1.3e+01 6.69e-02  2e-02  8e-02 0:53.0
  150   1650 1.530575711238668e-04 2.4e+01 5.03e-02  1e-02  8e-02 1:04.2
  179   1969 8.248643394444916e-05 2.9e+01 2.16e-02  3e-03  3e-02 1:16.6
  200   2200 7.729216582427745e-05 4.5e+01 1.24e-02  2e-03  2e-02 1:25.5
  233   2563 7.677215028334430e-05 5.5e+01 1.34e-03  1e-04  2e-03 1:39.7
  269   2959 7.676885695439824e-05 7.9e+01 1.38e-04  1e-05  2e-04 1:55.0
  300   3300 7.676883918295780e-05 8.1e+01 2.25e-05  2e-06  2e-05 2:08.3
  315   3465 7.676883893510255e-05 8.1e+01 8.85e-06  5e-07  8e-06 2:14.7
termination on tolfun=1e-11 (Wed Nov 25 16:01:27 2020)
final/bestever f-value = 7.676884e-05 7.676884e-05
incumbent solution: [-2.71386588e+00  4.77778933e+00 -3.75745574e+00  2.33904938e-01
  5.57393471e-06  4.25319958e+00 -2.70596449e-01 -4.70066263e+00 ...]
std deviations: [4.72064494e-06 8.17216098e-06 7.26040218e-06 2.96502102e-06
 4.35580219e-06 7.28457144e-06 2.86179020e-06 5.70961238e-06 ...]
cma
(5_w,11)-aCMA-ES (mu_w=3.4,w_1=42%) in dimension 11 (seed=373194, Wed Nov 25 16:01:28 2020)
Iterat #Fevals   function value  axis ratio  sigma  min&max std  t[m:s]
    1     11 2.719114252752697e-01 1.0e+00 9.62e-01  9e-01  1e+00 0:00.4
    2     22 1.021120618131682e-01 1.2e+00 9.89e-01  1e+00  1e+00 0:00.9
    3     33 6.443124862053256e-01 1.2e+00 1.01e+00  1e+00  1e+00 0:01.3
   11    121 3.495343179320948e-01 1.7e+00 9.59e-01  9e-01  1e+00 0:04.7
   21    231 4.223712614736256e-01 1.8e+00 7.02e-01  6e-01  8e-01 0:09.0
   33    363 6.283042749173834e-02 2.0e+00 3.79e-01  3e-01  4e-01 0:14.1
   48    528 5.709633134094134e-03 2.5e+00 1.86e-01  1e-01  2e-01 0:20.6
   65    715 3.303545199651401e-03 3.3e+00 1.03e-01  6e-02  1e-01 0:27.8
   84    924 1.171825648962404e-03 5.4e+00 4.84e-02  3e-02  5e-02 0:36.0
  100   1100 1.100118564328393e-03 9.0e+00 2.61e-02  1e-02  2e-02 0:42.8
  124   1364 1.079831432600799e-03 1.4e+01 8.32e-03  3e-03  8e-03 0:53.1
  150   1650 1.073123855617546e-03 3.3e+01 8.75e-03  4e-03  9e-03 1:04.2
  179   1969 1.072255142843252e-03 5.0e+01 3.03e-03  1e-03  4e-03 1:16.6
  200   2200 1.072216556670178e-03 5.9e+01 7.70e-04  2e-04  9e-04 1:25.6
  233   2563 1.072215431567625e-03 7.4e+01 6.45e-05  2e-05  7e-05 1:39.7
  269   2959 1.072215423468728e-03 8.5e+01 7.95e-06  2e-06  9e-06 1:55.1
  271   2981 1.072215423453888e-03 8.5e+01 6.52e-06  1e-06  7e-06 1:55.9
termination on tolfun=1e-11 (Wed Nov 25 16:03:24 2020)
final/bestever f-value = 1.072215e-03 1.072215e-03
incumbent solution: [ 5.74401522e+00 -2.37483387e+00 -1.30868808e+00  7.52217565e-01
  3.55970528e-06 -7.92200189e-01  4.79194240e-01 -4.74966845e+00 ...]
std deviations: [2.04993584e-06 1.62596094e-06 4.89916306e-06 3.70416976e-06
 2.54956867e-06 3.93602607e-06 7.19269746e-06 3.34426921e-06 ...]
cma
(5_w,11)-aCMA-ES (mu_w=3.4,w_1=42%) in dimension 14 (seed=425257, Wed Nov 25 16:03:24 2020)
Iterat #Fevals   function value  axis ratio  sigma  min&max std  t[m:s]
    1     11 4.584583640752535e-01 1.0e+00 9.31e-01  9e-01  1e+00 0:00.5
    2     22 3.573037819834904e-01 1.1e+00 9.36e-01  9e-01  1e+00 0:01.0
    3     33 2.092951068071268e-01 1.2e+00 9.20e-01  9e-01  1e+00 0:01.4
   10    110 3.446264184273995e-01 1.4e+00 7.38e-01  7e-01  8e-01 0:04.8
   19    209 1.937978045217584e-01 1.6e+00 4.40e-01  4e-01  5e-01 0:09.0
   30    330 6.263853375460997e-02 2.0e+00 2.51e-01  2e-01  3e-01 0:14.3
   43    473 1.814436080264964e-02 2.9e+00 2.03e-01  2e-01  2e-01 0:20.4
   58    638 2.949409715472903e-03 3.7e+00 1.72e-01  1e-01  2e-01 0:27.6
   75    825 1.816932401512673e-03 4.2e+00 6.83e-02  5e-02  7e-02 0:35.7
   94   1034 8.800048682017274e-04 5.9e+00 6.62e-02  4e-02  9e-02 0:44.7
  100   1100 8.511151927554374e-04 6.9e+00 7.03e-02  4e-02  1e-01 0:47.6
  124   1364 5.137203855395307e-04 1.1e+01 4.92e-02  3e-02  8e-02 0:59.0
  150   1650 3.473145354596571e-04 2.3e+01 5.71e-02  3e-02  1e-01 1:11.3
  178   1958 1.510420353196188e-04 2.9e+01 3.84e-02  2e-02  6e-02 1:24.7
  200   2200 6.922697741212266e-05 3.6e+01 2.45e-02  9e-03  4e-02 1:35.1
  232   2552 5.846207576062697e-05 3.8e+01 1.51e-02  5e-03  2e-02 1:50.4
  266   2926 5.550119687479284e-05 4.3e+01 7.80e-03  2e-03  1e-02 2:06.5
  300   3300 5.299879632926746e-05 5.4e+01 8.55e-03  2e-03  1e-02 2:22.7
  338   3718 4.678077696856241e-05 9.7e+01 1.55e-02  4e-03  3e-02 2:40.7
  379   4169 3.765689129862001e-05 1.3e+02 1.52e-02  3e-03  4e-02 3:00.2
  400   4400 3.092858902178077e-05 1.6e+02 1.88e-02  4e-03  5e-02 3:10.2
  445   4895 1.464828745534470e-05 1.8e+02 2.88e-02  5e-03  7e-02 3:31.6
  492   5412 6.438409578838183e-06 2.4e+02 1.36e-02  2e-03  3e-02 3:53.9
  500   5500 6.324857227428223e-06 2.3e+02 1.30e-02  2e-03  3e-02 3:57.7
  551   6061 5.357778545146805e-06 2.3e+02 1.35e-02  2e-03  3e-02 4:22.0
  600   6600 3.481708420674321e-06 2.3e+02 3.15e-02  5e-03  5e-02 4:45.3
  655   7205 2.248615962735909e-06 2.0e+02 1.62e-02  2e-03  2e-02 5:11.4
  700   7700 1.888257724243954e-06 2.4e+02 9.79e-03  1e-03  1e-02 5:32.8
  759   8349 1.821149022717080e-06 2.8e+02 6.50e-03  5e-04  6e-03 6:00.8
  800   8800 1.788388326544152e-06 4.1e+02 8.09e-03  6e-04  8e-03 6:20.3
  864   9504 1.571618733629457e-06 5.0e+02 1.47e-02  8e-04  1e-02 6:50.7
  900   9900 1.201212958215385e-06 5.6e+02 3.75e-02  2e-03  4e-02 7:07.8
  968  10648 8.751683310765783e-07 4.9e+02 1.97e-02  7e-04  1e-02 7:40.1
 1000  11000 8.496646867640922e-07 4.7e+02 1.05e-02  4e-04  6e-03 7:55.4
Iterat #Fevals   function value  axis ratio  sigma  min&max std  t[m:s]
 1072  11792 8.444177999997008e-07 4.7e+02 1.33e-03  4e-05  5e-04 8:29.6
 1100  12100 8.444036751054008e-07 5.7e+02 2.29e-04  7e-06  8e-05 8:42.9
 1120  12320 8.444034566863115e-07 5.6e+02 6.77e-05  2e-06  2e-05 8:52.4
termination on tolfun=1e-11 (Wed Nov 25 16:12:18 2020)
final/bestever f-value = 8.444035e-07 8.444035e-07
incumbent solution: [-3.14159197 -8.25814136  3.41322768 -3.14159202 -4.26005685 -0.92688375
  2.95954398 -4.06812221 ...]
std deviations: [5.74267003e-06 2.18375736e-05 2.79115793e-06 5.88088027e-06
 1.31472257e-05 3.75388840e-06 2.04693872e-06 1.53405842e-05 ...]
cma
(5_w,11)-aCMA-ES (mu_w=3.4,w_1=42%) in dimension 14 (seed=433140, Wed Nov 25 16:12:19 2020)
Iterat #Fevals   function value  axis ratio  sigma  min&max std  t[m:s]
    1     11 1.397900043035667e-01 1.0e+00 9.36e-01  9e-01  9e-01 0:00.5
    2     22 8.969802593929439e-02 1.1e+00 9.14e-01  9e-01  9e-01 0:01.0
    3     33 4.541350278398730e-01 1.2e+00 9.02e-01  9e-01  9e-01 0:01.4
   10    110 3.538747597225415e-01 1.5e+00 7.44e-01  7e-01  8e-01 0:04.8
   19    209 2.176997751780548e-01 1.7e+00 6.36e-01  6e-01  7e-01 0:09.0
   30    330 2.521102611435970e-01 2.2e+00 8.26e-01  7e-01  9e-01 0:14.3
   43    473 6.444274268075330e-02 2.5e+00 5.52e-01  5e-01  6e-01 0:20.5
   58    638 1.808052324322319e-01 2.5e+00 4.87e-01  4e-01  5e-01 0:27.6
   75    825 4.225727729398657e-02 3.3e+00 2.79e-01  2e-01  3e-01 0:35.7
   94   1034 1.033374372801675e-02 4.1e+00 1.67e-01  1e-01  2e-01 0:44.8
  100   1100 1.469570000206645e-03 5.0e+00 1.65e-01  1e-01  2e-01 0:47.6
  124   1364 1.032183896024104e-03 5.2e+00 8.57e-02  6e-02  1e-01 0:59.1
  150   1650 4.486072763094706e-04 7.0e+00 3.55e-02  2e-02  4e-02 1:11.5
  178   1958 2.603364000999096e-04 1.1e+01 3.97e-02  2e-02  4e-02 1:24.8
  200   2200 1.921934903096596e-04 2.0e+01 5.98e-02  3e-02  9e-02 1:35.3
  232   2552 3.306934614237094e-05 2.3e+01 2.06e-02  9e-03  3e-02 1:50.6
  266   2926 2.601799132568817e-05 3.0e+01 9.82e-03  3e-03  1e-02 2:06.7
  300   3300 2.453169507257967e-05 4.0e+01 5.82e-03  2e-03  7e-03 2:22.9
  338   3718 1.749676371569934e-05 1.1e+02 1.72e-02  4e-03  4e-02 2:41.0
  378   4158 9.256893331391749e-06 2.0e+02 1.27e-02  3e-03  4e-02 3:00.1
  400   4400 7.773310233469375e-06 2.3e+02 1.16e-02  3e-03  4e-02 3:10.5
  445   4895 4.966309217863489e-06 2.5e+02 1.80e-02  4e-03  4e-02 3:32.0
  492   5412 2.311738037343352e-06 3.0e+02 2.20e-02  4e-03  6e-02 3:54.3
  500   5500 1.675324512902011e-06 2.9e+02 1.94e-02  3e-03  5e-02 3:58.1
  551   6061 6.344357298478245e-07 4.3e+02 1.68e-02  2e-03  5e-02 4:22.4
  600   6600 1.404710968697220e-07 5.6e+02 1.03e-02  9e-04  4e-02 4:45.7
  655   7205 5.417948333466904e-08 6.4e+02 4.80e-03  4e-04  1e-02 5:11.9
  700   7700 4.468819364559963e-08 9.6e+02 3.04e-03  2e-04  1e-02 5:33.3
  759   8349 4.348470274241827e-08 1.4e+03 5.20e-04  2e-05  2e-03 6:01.3
  800   8800 4.342901260137138e-08 1.4e+03 7.06e-04  3e-05  2e-03 6:20.8
  856   9416 4.341421024640173e-08 1.5e+03 4.72e-05  1e-06  9e-05 6:47.5
termination on tolfun=1e-11 (Wed Nov 25 16:19:08 2020)
final/bestever f-value = 4.341420e-08 4.341420e-08
incumbent solution: [-4.71238863  4.81750488 -0.4359719   6.28319312 -5.89458327 -1.16369028
 -6.283185   -4.45464078 ...]
std deviations: [1.26551577e-06 5.06592067e-05 5.85332931e-06 7.92121085e-06
 9.46949238e-05 9.46940682e-06 1.14798811e-06 2.62714237e-05 ...]
cma
(6_w,12)-aCMA-ES (mu_w=3.7,w_1=40%) in dimension 17 (seed=397019, Wed Nov 25 16:19:08 2020)
Iterat #Fevals   function value  axis ratio  sigma  min&max std  t[m:s]
    1     12 2.267787158820289e-01 1.0e+00 9.59e-01  9e-01  1e+00 0:00.6
    2     24 1.871922440173785e-01 1.2e+00 9.85e-01  1e+00  1e+00 0:01.1
    3     36 1.132336158464960e-01 1.2e+00 9.38e-01  9e-01  1e+00 0:01.7
    9    108 1.616463923473513e-01 1.4e+00 9.23e-01  9e-01  1e+00 0:05.2
   16    192 5.184159419354769e-01 1.6e+00 8.67e-01  8e-01  9e-01 0:09.2
   25    300 1.463632871450303e-01 1.8e+00 7.62e-01  7e-01  8e-01 0:14.3
   36    432 1.142070980572831e-01 2.1e+00 7.24e-01  7e-01  8e-01 0:20.6
   49    588 1.726841716474495e-01 2.5e+00 6.21e-01  5e-01  7e-01 0:28.0
   64    768 1.752300859486849e-01 2.7e+00 4.79e-01  4e-01  5e-01 0:36.5
   80    960 1.114503245368213e-02 2.8e+00 2.04e-01  2e-01  2e-01 0:45.6
   98   1176 4.612251133254659e-03 3.3e+00 1.63e-01  1e-01  2e-01 0:55.8
  100   1200 6.910092783419588e-03 3.3e+00 1.46e-01  1e-01  2e-01 0:57.0
  122   1464 1.044388070960176e-03 3.6e+00 9.38e-02  6e-02  1e-01 1:09.4
  145   1740 2.435919859433733e-04 4.8e+00 5.10e-02  3e-02  6e-02 1:22.5
  170   2040 1.523196944983623e-04 7.2e+00 2.70e-02  1e-02  3e-02 1:36.7
  197   2364 8.829622146654703e-05 1.1e+01 1.74e-02  8e-03  2e-02 1:52.0
  200   2400 8.874259131188043e-05 1.1e+01 1.70e-02  7e-03  2e-02 1:53.7
  230   2760 4.851173821785135e-05 1.9e+01 1.63e-02  7e-03  2e-02 2:10.7
  262   3144 3.924470748219875e-05 2.3e+01 1.01e-02  4e-03  1e-02 2:28.9
  296   3552 3.484388506411213e-05 3.2e+01 7.66e-03  2e-03  9e-03 2:48.2
  300   3600 3.443409013055859e-05 3.4e+01 7.55e-03  2e-03  9e-03 2:50.4
  338   4056 2.534921501461746e-05 7.9e+01 1.28e-02  3e-03  3e-02 3:12.0
  377   4524 1.290239556683388e-05 1.2e+02 1.74e-02  3e-03  5e-02 3:34.1
  400   4800 8.761976921905951e-06 1.6e+02 1.87e-02  3e-03  6e-02 3:47.1
  443   5316 3.189660254083853e-06 2.2e+02 1.16e-02  2e-03  5e-02 4:11.5
  488   5856 1.883716436156529e-06 3.1e+02 8.78e-03  1e-03  4e-02 4:37.0
  500   6000 1.832004459303539e-06 3.5e+02 7.11e-03  9e-04  4e-02 4:43.8
  548   6576 1.747302793871525e-06 3.6e+02 1.21e-03  1e-04  5e-03 5:11.0
  598   7176 1.743371058121576e-06 4.0e+02 1.69e-03  1e-04  5e-03 5:39.4
  600   7200 1.743373229695962e-06 4.0e+02 1.68e-03  1e-04  5e-03 5:40.5
  653   7836 1.714514819281721e-06 4.8e+02 2.42e-03  2e-04  7e-03 6:10.6
  700   8400 1.425474693101028e-06 6.6e+02 8.79e-03  5e-04  3e-02 6:37.2
  757   9084 9.306588403699375e-07 9.8e+02 1.09e-02  5e-04  5e-02 7:09.5
  800   9600 8.552811331572720e-07 8.8e+02 5.02e-03  2e-04  2e-02 7:33.9
  860  10320 8.450139637397840e-07 8.5e+02 2.41e-03  8e-05  7e-03 8:07.9
  900  10800 8.424136197125687e-07 9.2e+02 1.93e-03  6e-05  5e-03 8:30.5
  964  11568 8.418389309914867e-07 1.2e+03 5.08e-04  1e-05  1e-03 9:06.8
 1000  12000 8.415797062011896e-07 2.4e+03 1.44e-03  3e-05  4e-03 9:27.2
Iterat #Fevals   function value  axis ratio  sigma  min&max std  t[m:s]
 1068  12816 8.335857653903462e-07 4.8e+03 6.25e-03  1e-04  4e-02 10:05.7
 1100  13200 8.303394308490905e-07 4.9e+03 3.27e-03  5e-05  2e-02 10:23.9
 1171  14052 8.166489033790738e-07 2.3e+03 9.34e-03  1e-04  3e-02 11:04.1
 1200  14400 8.041593935903960e-07 1.6e+03 8.73e-03  1e-04  2e-02 11:20.5
 1275  15300 7.541487264309970e-07 9.1e+02 1.38e-02  2e-04  2e-02 12:03.0
 1300  15600 7.329504782773488e-07 1.0e+03 1.17e-02  1e-04  2e-02 12:17.2
 1378  16536 6.489102982046163e-07 1.7e+03 2.23e-02  3e-04  6e-02 13:01.4
 1400  16800 6.380633462396891e-07 1.6e+03 1.03e-02  1e-04  2e-02 13:13.8
 1482  17784 6.096196585288572e-07 2.7e+03 1.66e-02  2e-04  4e-02 14:00.3
 1500  18000 6.023537507024496e-07 3.1e+03 1.59e-02  2e-04  4e-02 14:10.5
 1585  19020 5.650343418764519e-07 4.5e+03 1.40e-02  1e-04  4e-02 14:58.7
 1600  19200 5.629567400512897e-07 4.7e+03 1.30e-02  1e-04  4e-02 15:07.2
 1689  20268 4.603555333423155e-07 4.8e+03 3.59e-02  3e-04  8e-02 15:57.6
 1700  20400 4.396092098884423e-07 4.8e+03 5.61e-02  4e-04  1e-01 16:03.9
 1792  21504 3.454065291616019e-07 3.9e+03 2.03e-02  9e-05  3e-02 16:56.0
 1800  21600 3.444867868407186e-07 3.9e+03 1.94e-02  8e-05  3e-02 17:00.5
 1896  22752 3.182060100285037e-07 3.2e+03 2.94e-02  8e-05  3e-02 17:54.9
 1900  22800 3.173119891305823e-07 3.2e+03 3.10e-02  9e-05  3e-02 17:57.2
 1999  23988 2.840243867041607e-07 3.5e+03 4.07e-02  9e-05  3e-02 18:53.3
 2000  24000 2.839000497634961e-07 3.4e+03 4.33e-02  1e-04  3e-02 18:53.9
Iterat #Fevals   function value  axis ratio  sigma  min&max std  t[m:s]
 2100  25200 2.009029066846002e-07 3.6e+03 7.81e-02  2e-04  5e-02 19:50.5
 2200  26400 1.265122994411433e-07 5.4e+03 7.19e-02  1e-04  6e-02 20:47.2
 2300  27600 1.132220633185069e-07 4.7e+03 3.14e-02  7e-05  2e-02 21:43.8
 2400  28800 1.124832312724599e-07 5.1e+03 2.94e-03  5e-06  1e-03 22:40.5
 2431  29172 1.124818877908034e-07 5.5e+03 5.88e-04  1e-06  2e-04 22:58.1
termination on tolfun=1e-11 (Wed Nov 25 16:42:10 2020)
final/bestever f-value = 1.124819e-07 1.124819e-07
incumbent solution: [-4.71238852e+00 -2.27395667e+00 -4.17367944e+00  3.14159418e+00
 -8.48866799e+00 -2.95465411e-01 -5.02698865e-07  4.13675962e+00 ...]
std deviations: [1.00696944e-06 1.66537112e-05 2.62679268e-06 5.41676183e-06
 3.41452919e-05 9.85064020e-06 4.62731449e-06 3.99239715e-05 ...]
cma
(6_w,12)-aCMA-ES (mu_w=3.7,w_1=40%) in dimension 17 (seed=415266, Wed Nov 25 16:42:11 2020)
Iterat #Fevals   function value  axis ratio  sigma  min&max std  t[m:s]
    1     12 4.690832667765121e-01 1.0e+00 9.01e-01  9e-01  9e-01 0:00.6
    2     24 2.985609333845414e-01 1.1e+00 8.41e-01  8e-01  8e-01 0:01.1
    3     36 4.074864312147072e-01 1.1e+00 8.18e-01  8e-01  8e-01 0:01.7
    9    108 4.305231030945049e-01 1.3e+00 7.23e-01  7e-01  8e-01 0:05.1
   16    192 1.211936311030392e-01 1.6e+00 7.52e-01  7e-01  8e-01 0:09.1
   25    300 1.863373976246416e-01 1.7e+00 7.77e-01  7e-01  9e-01 0:14.2
   36    432 4.305561163648860e-01 2.0e+00 7.37e-01  6e-01  8e-01 0:20.4
   49    588 5.532096261399410e-01 2.3e+00 8.97e-01  8e-01  1e+00 0:27.8
   64    768 6.224064730892941e-01 2.5e+00 7.85e-01  7e-01  9e-01 0:36.3
   80    960 1.571206911235683e-01 2.6e+00 5.19e-01  4e-01  6e-01 0:45.4
   98   1176 3.015717800085820e-02 2.7e+00 2.39e-01  2e-01  3e-01 0:55.6
  100   1200 1.983191446600061e-02 2.7e+00 2.07e-01  2e-01  2e-01 0:56.7
  122   1464 4.237038183325346e-03 2.9e+00 9.44e-02  7e-02  1e-01 1:09.2
  145   1740 1.958947439218852e-03 4.1e+00 8.47e-02  6e-02  9e-02 1:22.2
  170   2040 1.290366012881957e-03 5.7e+00 4.59e-02  3e-02  5e-02 1:36.4
  197   2364 9.195549928376250e-04 9.0e+00 1.94e-02  1e-02  2e-02 1:51.7
  200   2400 9.222361560270902e-04 9.1e+00 1.65e-02  1e-02  2e-02 1:53.4
  230   2760 6.896341325939916e-04 1.5e+01 3.28e-02  2e-02  5e-02 2:10.4
  262   3144 3.164045267848264e-04 2.4e+01 5.64e-02  3e-02  9e-02 2:28.5
  296   3552 1.582620826766927e-04 2.8e+01 3.33e-02  2e-02  5e-02 2:47.7
  300   3600 1.552049465740514e-04 2.9e+01 2.64e-02  1e-02  4e-02 2:50.0
  338   4056 1.223283157552562e-04 3.3e+01 2.00e-02  9e-03  3e-02 3:11.5
  377   4524 9.125347851440296e-05 4.2e+01 1.77e-02  8e-03  2e-02 3:33.6
  400   4800 7.877152266800833e-05 5.7e+01 1.58e-02  7e-03  2e-02 3:46.6
  443   5316 6.187665174504968e-05 7.6e+01 1.96e-02  8e-03  3e-02 4:11.0
  488   5856 3.449683628442035e-05 1.2e+02 2.23e-02  8e-03  5e-02 4:36.5
  500   6000 2.546647347321869e-05 1.5e+02 2.56e-02  1e-02  7e-02 4:43.3
  548   6576 1.512286082453201e-05 1.5e+02 9.74e-03  3e-03  2e-02 5:10.4
  598   7176 1.038595975761857e-05 1.6e+02 2.23e-02  8e-03  5e-02 5:38.8
  600   7200 1.005627012562757e-05 1.6e+02 1.94e-02  7e-03  4e-02 5:39.9
  653   7836 5.807673949856957e-06 1.5e+02 1.10e-02  3e-03  2e-02 6:09.9
  700   8400 3.284119983715890e-06 1.9e+02 1.24e-02  3e-03  3e-02 6:36.5
  757   9084 1.857525997797938e-06 2.0e+02 9.91e-03  2e-03  2e-02 7:08.8
  800   9600 1.202398438005239e-06 2.3e+02 1.18e-02  2e-03  2e-02 7:33.0
  861  10332 9.632890244856903e-07 2.5e+02 3.78e-03  8e-04  6e-03 8:07.4
  900  10800 9.392834760562502e-07 3.3e+02 2.62e-03  5e-04  5e-03 8:29.4
  964  11568 9.053504823562325e-07 4.3e+02 6.28e-03  1e-03  1e-02 9:05.5
 1000  12000 8.629190481416662e-07 5.0e+02 9.80e-03  2e-03  2e-02 9:25.8
Iterat #Fevals   function value  axis ratio  sigma  min&max std  t[m:s]
 1068  12816 7.609736110783199e-07 5.7e+02 8.82e-03  1e-03  1e-02 10:04.1
 1100  13200 7.311389915871427e-07 6.3e+02 1.32e-02  1e-03  2e-02 10:22.1
 1172  14064 6.715611487406573e-07 8.6e+02 7.19e-03  5e-04  1e-02 11:02.6
 1200  14400 6.583279438909009e-07 9.0e+02 6.28e-03  4e-04  1e-02 11:18.4
 1275  15300 6.281094245347094e-07 1.5e+03 8.88e-03  5e-04  2e-02 12:00.7
 1300  15600 6.106953062489068e-07 1.6e+03 9.75e-03  5e-04  2e-02 12:14.7
 1379  16548 5.510897689953261e-07 1.5e+03 7.52e-03  3e-04  2e-02 12:59.2
 1400  16800 5.312120332062517e-07 1.4e+03 1.28e-02  4e-04  3e-02 13:11.0
 1482  17784 4.686550330241171e-07 1.0e+03 1.96e-02  6e-04  3e-02 13:57.2
 1500  18000 4.432326929143137e-07 1.1e+03 1.68e-02  5e-04  2e-02 14:07.3
 1586  19032 3.891161970759919e-07 1.9e+03 1.14e-02  3e-04  2e-02 14:55.7
 1600  19200 3.852620560985143e-07 1.9e+03 1.30e-02  4e-04  2e-02 15:03.6
 1689  20268 3.655970489971003e-07 2.2e+03 1.99e-02  5e-04  3e-02 15:53.7
 1700  20400 3.617496984034286e-07 2.2e+03 1.36e-02  3e-04  2e-02 15:59.9
 1793  21516 3.517047053259446e-07 1.4e+03 5.23e-03  1e-04  5e-03 16:52.3
 1800  21600 3.515955388022985e-07 1.4e+03 5.49e-03  1e-04  5e-03 16:56.2
 1896  22752 3.513642261789151e-07 1.8e+03 1.57e-04  2e-06  1e-04 17:50.3
/home/adrianps/Universal-Approximator/qibo_sim/classes/ApproximantNN.py:437: RuntimeWarning: More than 20 figures have been opened. Figures created through the pyplot interface (`matplotlib.pyplot.figure`) are retained until explicitly closed and may consume too much memory. (To control this warning, see the rcParam `figure.max_open_warning`).
  fig, axs = plt.subplots()
/home/adrianps/Universal-Approximator/qibo_sim/classes/ApproximantNN.py:452: RuntimeWarning: More than 20 figures have been opened. Figures created through the pyplot interface (`matplotlib.pyplot.figure`) are retained until explicitly closed and may consume too much memory. (To control this warning, see the rcParam `figure.max_open_warning`).
  fig, axs = plt.subplots()
/home/adrianps/Universal-Approximator/qibo_sim/classes/ApproximantNN.py:437: RuntimeWarning: More than 20 figures have been opened. Figures created through the pyplot interface (`matplotlib.pyplot.figure`) are retained until explicitly closed and may consume too much memory. (To control this warning, see the rcParam `figure.max_open_warning`).
  fig, axs = plt.subplots()
/home/adrianps/Universal-Approximator/qibo_sim/classes/ApproximantNN.py:452: RuntimeWarning: More than 20 figures have been opened. Figures created through the pyplot interface (`matplotlib.pyplot.figure`) are retained until explicitly closed and may consume too much memory. (To control this warning, see the rcParam `figure.max_open_warning`).
  fig, axs = plt.subplots()
termination on tolfun=1e-11 (Wed Nov 25 17:00:04 2020)
final/bestever f-value = 3.513642e-07 3.513642e-07
incumbent solution: [ 3.14160176 -8.47928972 -0.47539231  3.14158381  4.07445582  0.50554566
 -5.56528492 -3.99376852 ...]
std deviations: [1.08563859e-05 1.17892027e-04 2.30476053e-05 1.21262740e-05
 7.62905275e-05 2.20282595e-06 9.92441347e-06 5.58875202e-05 ...]
