cma
(3_w,6)-aCMA-ES (mu_w=2.0,w_1=63%) in dimension 2 (seed=629408, Fri Nov 27 10:01:45 2020)
Iterat #Fevals   function value  axis ratio  sigma  min&max std  t[m:s]
    1      6 7.767119156414409e-01 1.0e+00 7.78e-01  6e-01  7e-01 0:00.1
    2     12 7.380331315180764e-01 1.3e+00 6.34e-01  5e-01  6e-01 0:00.3
    3     18 7.848700248543937e-01 1.5e+00 6.11e-01  4e-01  5e-01 0:00.4
   25    150 6.769050453531574e-01 2.6e+00 4.88e-02  4e-03  9e-03 0:03.5
   54    324 6.768940547896269e-01 1.8e+00 4.54e-04  2e-06  5e-06 0:07.5
   71    426 6.768940547896231e-01 1.1e+00 2.78e-05  3e-08  5e-08 0:09.8
termination on tolfun=1e-11 (Fri Nov 27 10:01:55 2020)
final/bestever f-value = 6.768941e-01 6.768941e-01
incumbent solution: [-0.1483949272967945, -3.028248059424794e-08]
std deviation: [3.106211953656363e-08, 4.701373530837923e-08]
cma
(3_w,6)-aCMA-ES (mu_w=2.0,w_1=63%) in dimension 2 (seed=565826, Fri Nov 27 10:01:55 2020)
Iterat #Fevals   function value  axis ratio  sigma  min&max std  t[m:s]
    1      6 9.471469867603857e-01 1.0e+00 7.59e-01  6e-01  7e-01 0:00.1
    2     12 6.336213350031819e-01 1.2e+00 8.25e-01  8e-01  8e-01 0:00.3
    3     18 6.307847905805930e-01 1.5e+00 7.07e-01  6e-01  6e-01 0:00.4
   25    150 6.101020944239575e-01 2.0e+00 1.41e-02  9e-04  1e-03 0:03.4
   55    330 6.101019378921617e-01 2.3e+00 6.38e-05  2e-07  4e-07 0:07.6
   61    366 6.101019378921604e-01 2.2e+00 1.95e-05  3e-08  6e-08 0:08.4
termination on tolfun=1e-11 (Fri Nov 27 10:02:04 2020)
final/bestever f-value = 6.101019e-01 6.101019e-01
incumbent solution: [-1.5707963168632708, 2.464987015410232]
std deviation: [2.5359840963533867e-08, 6.307770466897179e-08]
cma
(4_w,8)-aCMA-ES (mu_w=2.6,w_1=52%) in dimension 5 (seed=575864, Fri Nov 27 10:02:04 2020)
Iterat #Fevals   function value  axis ratio  sigma  min&max std  t[m:s]
    1      8 6.939772384158045e-01 1.0e+00 8.61e-01  8e-01  9e-01 0:00.2
    2     16 2.014316950171702e-01 1.2e+00 9.06e-01  8e-01  1e+00 0:00.4
    3     24 3.402415384534777e-01 1.4e+00 9.78e-01  8e-01  1e+00 0:00.6
   18    144 1.738569394841950e-01 5.2e+00 3.78e-01  1e-01  6e-01 0:03.7
   38    304 8.843989021601280e-02 4.0e+00 7.93e-02  2e-02  7e-02 0:07.9
   62    496 8.808956084121951e-02 6.2e+00 1.25e-02  2e-03  6e-03 0:12.9
   91    728 8.808785566609671e-02 6.4e+00 5.66e-04  3e-05  1e-04 0:19.0
  100    800 8.808785490787295e-02 5.4e+00 2.47e-04  1e-05  4e-05 0:20.9
  139   1112 8.808785483396984e-02 3.8e+00 4.27e-06  6e-08  2e-07 0:29.1
termination on tolfun=1e-11 (Fri Nov 27 10:02:33 2020)
final/bestever f-value = 8.808785e-02 8.808785e-02
incumbent solution: [-3.2861788773993024e-08, -2.329425033100058, -2.0110647937635515, -1.570796386451546, 2.0164356811482467]
std deviation: [6.940694287466864e-08, 1.5703232630403442e-07, 6.072513329562689e-08, 1.0342814344475223e-07, 1.569386195490556e-07]
cma
(4_w,8)-aCMA-ES (mu_w=2.6,w_1=52%) in dimension 5 (seed=510362, Fri Nov 27 10:02:34 2020)
Iterat #Fevals   function value  axis ratio  sigma  min&max std  t[m:s]
    1      8 8.078971943418091e-01 1.0e+00 9.64e-01  9e-01  1e+00 0:00.2
    2     16 7.562574348353701e-01 1.2e+00 9.46e-01  9e-01  1e+00 0:00.4
    3     24 9.591779679193212e-01 1.2e+00 1.14e+00  1e+00  1e+00 0:00.6
   18    144 2.256929749612591e-01 1.7e+00 6.82e-01  4e-01  6e-01 0:03.7
   38    304 9.198872203222623e-02 2.7e+00 1.16e-01  4e-02  6e-02 0:07.9
   63    504 8.810752403978458e-02 4.8e+00 2.61e-02  4e-03  1e-02 0:13.1
   92    736 8.808786159860216e-02 5.4e+00 1.13e-03  9e-05  2e-04 0:19.2
  100    800 8.808785585116173e-02 4.3e+00 7.60e-04  5e-05  1e-04 0:20.8
  139   1112 8.808785483412897e-02 5.2e+00 2.89e-05  6e-07  2e-06 0:28.9
  155   1240 8.808785483398544e-02 4.8e+00 9.96e-06  2e-07  4e-07 0:32.3
termination on tolfun=1e-11 (Fri Nov 27 10:03:06 2020)
final/bestever f-value = 8.808785e-02 8.808785e-02
incumbent solution: [-3.555936910714825e-08, -2.329424660920795, -1.1305276591830729, -1.5707962672210405, -2.0164356068627582]
std deviation: [1.6588065551500434e-07, 3.075194323854673e-07, 1.7655602738909658e-07, 2.6034375146886933e-07, 4.19853692335999e-07]
cma
(5_w,10)-aCMA-ES (mu_w=3.2,w_1=45%) in dimension 8 (seed=593444, Fri Nov 27 10:03:06 2020)
Iterat #Fevals   function value  axis ratio  sigma  min&max std  t[m:s]
    1     10 5.981044928300676e-01 1.0e+00 9.47e-01  9e-01  1e+00 0:00.3
    2     20 4.559145052433338e-01 1.2e+00 9.44e-01  9e-01  1e+00 0:00.6
    3     30 4.549889674037075e-01 1.2e+00 9.56e-01  9e-01  1e+00 0:00.9
   14    140 2.337263654820079e-01 1.8e+00 6.76e-01  5e-01  8e-01 0:04.0
   28    280 1.063668470694782e-01 4.2e+00 2.59e-01  2e-01  3e-01 0:08.0
   46    460 9.057435049150833e-02 5.7e+00 1.79e-01  7e-02  2e-01 0:13.2
   67    670 8.816539696317824e-02 1.3e+01 5.83e-02  2e-02  7e-02 0:19.2
   92    920 8.752956286296595e-02 2.0e+01 5.69e-02  2e-02  7e-02 0:26.4
  100   1000 8.727834830746894e-02 1.9e+01 5.84e-02  2e-02  6e-02 0:28.7
  132   1320 8.706334996405285e-02 2.6e+01 2.15e-02  4e-03  2e-02 0:37.9
  167   1670 8.701733377831247e-02 5.1e+01 2.29e-02  3e-03  3e-02 0:48.0
  200   2000 8.701428598658270e-02 6.5e+01 1.28e-03  9e-05  1e-03 0:57.4
  242   2420 8.701428070879291e-02 5.5e+01 2.45e-05  9e-07  1e-05 1:09.5
  262   2620 8.701428070780080e-02 5.7e+01 7.43e-06  2e-07  2e-06 1:15.3
termination on tolfun=1e-11 (Fri Nov 27 10:04:22 2020)
final/bestever f-value = 8.701428e-02 8.701428e-02
incumbent solution: [8.033201238175034e-08, 1.4666201460166621, -0.657247342345662, -3.141592815539375, 1.3523091653995998, -2.5172772990858268, 1.5707962557434418, -1.4216490038558751]
std deviation: [1.9047450314322365e-07, 2.464784812556876e-06, 1.191283924494809e-06, 2.8109634632255187e-07, 1.7811105542424652e-06, 1.3311809185280516e-06, 2.217217031191671e-07, 1.6840009257323495e-06]
cma
(5_w,10)-aCMA-ES (mu_w=3.2,w_1=45%) in dimension 8 (seed=543703, Fri Nov 27 10:04:23 2020)
Iterat #Fevals   function value  axis ratio  sigma  min&max std  t[m:s]
    1     10 7.149595601952211e-01 1.0e+00 9.85e-01  1e+00  1e+00 0:00.3
    2     20 5.037887502759036e-01 1.2e+00 9.24e-01  9e-01  1e+00 0:00.6
    3     30 6.869591815448275e-01 1.3e+00 8.84e-01  8e-01  9e-01 0:00.9
   14    140 2.730488104172809e-01 2.1e+00 6.84e-01  5e-01  7e-01 0:04.0
   28    280 1.237716260856818e-01 2.5e+00 3.22e-01  2e-01  3e-01 0:08.0
   46    460 9.439579507643321e-02 3.3e+00 1.57e-01  8e-02  1e-01 0:13.2
   67    670 8.863320864166363e-02 4.8e+00 5.20e-02  2e-02  5e-02 0:19.2
   92    920 8.767206894768910e-02 1.0e+01 2.53e-02  5e-03  2e-02 0:26.3
  100   1000 8.766083169329124e-02 1.1e+01 1.48e-02  3e-03  1e-02 0:28.6
  132   1320 8.763013370123110e-02 3.4e+01 1.34e-02  1e-03  2e-02 0:37.8
  167   1670 8.757742923836977e-02 4.6e+01 2.07e-02  1e-03  5e-02 0:47.8
  200   2000 8.752125961923073e-02 3.7e+01 3.32e-02  1e-03  4e-02 0:57.2
  242   2420 8.742253719108536e-02 3.0e+01 6.59e-02  3e-03  4e-02 1:09.3
  288   2880 8.725898360059926e-02 3.5e+01 8.11e-02  2e-03  3e-02 1:22.4
  300   3000 8.719164191583317e-02 3.4e+01 1.68e-01  3e-03  6e-02 1:25.9
  352   3520 8.701905102596651e-02 5.4e+01 1.50e-01  2e-03  4e-02 1:40.9
  400   4000 8.701428216660016e-02 5.6e+01 5.59e-03  4e-05  8e-04 1:54.6
  460   4600 8.701428070799716e-02 5.6e+01 1.74e-04  8e-07  1e-05 2:11.8
  475   4750 8.701428070779325e-02 6.4e+01 3.68e-05  1e-07  2e-06 2:16.0
termination on tolfun=1e-11 (Fri Nov 27 10:06:39 2020)
final/bestever f-value = 8.701428e-02 8.701428e-02
incumbent solution: [9.092578328842051e-09, -1.4666219822194628, 3.79884114879339, -1.2499354525618816e-08, 1.352308724343454, 0.6243140411499022, -1.570796290208613, 1.4216475001182278]
std deviation: [1.4028690601806999e-07, 2.0269829178036496e-06, 9.130393659010022e-07, 1.6582866117875416e-07, 1.408122541782877e-06, 1.0859327439158793e-06, 1.414610741791844e-07, 1.2560870105462967e-06]
cma
(5_w,11)-aCMA-ES (mu_w=3.4,w_1=42%) in dimension 11 (seed=567949, Fri Nov 27 10:06:40 2020)
Iterat #Fevals   function value  axis ratio  sigma  min&max std  t[m:s]
    1     11 6.920105432724263e-01 1.0e+00 9.61e-01  9e-01  1e+00 0:00.3
    2     22 2.691077925128335e-01 1.2e+00 9.30e-01  9e-01  1e+00 0:00.7
    3     33 6.535435115095330e-01 1.3e+00 9.37e-01  9e-01  1e+00 0:01.0
   12    132 1.295205454096905e-01 1.7e+00 6.09e-01  5e-01  6e-01 0:04.1
   24    264 1.235366287146456e-01 2.3e+00 3.09e-01  3e-01  3e-01 0:08.2
   39    429 9.257509051580809e-02 3.1e+00 1.83e-01  1e-01  2e-01 0:13.3
   57    627 9.220707190738767e-02 4.3e+00 8.52e-02  6e-02  8e-02 0:19.4
   78    858 8.815221617109556e-02 6.7e+00 3.03e-02  2e-02  3e-02 0:26.6
  100   1100 8.788594079156600e-02 1.0e+01 1.95e-02  1e-02  2e-02 0:34.1
  127   1397 8.526011822938552e-02 2.0e+01 9.71e-02  5e-02  1e-01 0:43.3
  157   1727 5.129947319063941e-02 2.4e+01 1.57e-01  5e-02  2e-01 0:53.5
  190   2090 3.592928381506578e-02 1.7e+01 8.28e-02  2e-02  8e-02 1:04.7
  200   2200 3.511230256846788e-02 1.7e+01 8.36e-02  2e-02  7e-02 1:08.1
  239   2629 3.406350209344527e-02 1.8e+01 3.72e-02  5e-03  3e-02 1:21.4
  281   3091 3.400464297959781e-02 2.1e+01 2.67e-03  3e-04  1e-03 1:35.7
  300   3300 3.400450807566030e-02 2.1e+01 7.81e-04  7e-05  4e-04 1:42.1
  348   3828 3.400450102844978e-02 2.5e+01 3.48e-05  2e-06  1e-05 1:58.4
  389   4279 3.400450101910893e-02 2.7e+01 2.25e-06  8e-08  7e-07 2:12.4
termination on tolfun=1e-11 (Fri Nov 27 10:08:52 2020)
final/bestever f-value = 3.400450e-02 3.400450e-02
incumbent solution: [-2.51891696  2.01078356 -0.3271298   1.90793737  4.19149242  2.55584978
 -0.52948152  3.99210517 ...]
std deviations: [6.13654780e-07 6.88042187e-07 2.37406473e-07 5.57769997e-07
 5.68139924e-07 8.47931708e-08 1.92013703e-07 4.65128999e-07 ...]
cma
(5_w,11)-aCMA-ES (mu_w=3.4,w_1=42%) in dimension 11 (seed=631201, Fri Nov 27 10:08:53 2020)
Iterat #Fevals   function value  axis ratio  sigma  min&max std  t[m:s]
    1     11 5.483973904463680e-01 1.0e+00 9.51e-01  9e-01  1e+00 0:00.3
    2     22 4.743958798391165e-01 1.2e+00 9.57e-01  9e-01  1e+00 0:00.7
    3     33 4.443008335620391e-01 1.2e+00 8.93e-01  9e-01  1e+00 0:01.0
   12    132 9.350652039628835e-01 2.0e+00 1.20e+00  1e+00  1e+00 0:04.1
   24    264 1.022091376767408e+00 2.6e+00 1.29e+00  1e+00  2e+00 0:08.2
   39    429 3.916184010668765e-01 3.2e+00 8.55e-01  7e-01  1e+00 0:13.3
   57    627 1.747044191005082e-01 3.1e+00 3.64e-01  2e-01  4e-01 0:19.5
   78    858 1.126094753536510e-01 4.2e+00 1.45e-01  8e-02  2e-01 0:26.7
  100   1100 9.112790476722334e-02 5.2e+00 7.12e-02  3e-02  7e-02 0:34.2
  127   1397 9.029376907884008e-02 7.9e+00 1.75e-02  6e-03  2e-02 0:43.4
  157   1727 9.021994108514661e-02 1.1e+01 6.95e-03  2e-03  7e-03 0:53.7
  190   2090 9.020472685671745e-02 2.8e+01 3.31e-03  6e-04  5e-03 1:05.0
  200   2200 9.020444530496517e-02 2.8e+01 1.62e-03  3e-04  2e-03 1:08.4
  238   2618 9.020435438958441e-02 3.0e+01 1.43e-04  2e-05  1e-04 1:21.4
  279   3069 9.020435412407149e-02 4.4e+01 1.80e-05  1e-06  2e-05 1:35.5
  300   3300 9.020435412178324e-02 5.0e+01 4.60e-06  3e-07  4e-06 1:42.7
  315   3465 9.020435412164356e-02 6.4e+01 1.50e-06  8e-08  1e-06 1:47.8
termination on tolfun=1e-11 (Fri Nov 27 10:10:41 2020)
final/bestever f-value = 9.020435e-02 9.020435e-02
incumbent solution: [-4.92140858e-09 -2.64950209e+00 -9.85314045e-01  2.62104725e-01
  3.60748347e+00  9.65279760e-01  4.61484145e+00 -4.98665350e-07 ...]
std deviations: [7.66292912e-08 2.01751107e-07 1.49413037e-07 1.43138377e-06
 2.75970842e-07 2.85788374e-07 1.29040827e-06 9.02473704e-07 ...]
cma
(5_w,11)-aCMA-ES (mu_w=3.4,w_1=42%) in dimension 14 (seed=572819, Fri Nov 27 10:10:43 2020)
Iterat #Fevals   function value  axis ratio  sigma  min&max std  t[m:s]
    1     11 7.581541692764266e-01 1.0e+00 9.09e-01  9e-01  9e-01 0:00.4
    2     22 6.462714549450700e-01 1.1e+00 8.89e-01  9e-01  9e-01 0:00.7
    3     33 8.479550550564114e-01 1.2e+00 9.28e-01  9e-01  1e+00 0:01.1
   12    132 3.809821169219882e-01 1.6e+00 7.97e-01  7e-01  8e-01 0:04.4
   23    253 3.352010862167849e-01 1.7e+00 5.65e-01  5e-01  6e-01 0:08.4
   37    407 1.537683843195846e-01 2.0e+00 3.43e-01  3e-01  3e-01 0:13.5
   54    594 1.881609332021916e-01 2.8e+00 2.95e-01  2e-01  3e-01 0:19.8
   74    814 9.278865785414776e-02 3.3e+00 1.32e-01  9e-02  1e-01 0:27.1
   96   1056 8.913941742935300e-02 4.2e+00 7.32e-02  5e-02  8e-02 0:35.2
  100   1100 8.933376764020251e-02 4.5e+00 5.64e-02  4e-02  6e-02 0:36.6
  128   1408 8.795472369314768e-02 5.8e+00 1.95e-02  1e-02  2e-02 0:46.9
  158   1738 8.752759150977010e-02 1.1e+01 3.12e-02  2e-02  3e-02 0:58.0
  191   2101 8.706800752502701e-02 2.3e+01 2.76e-02  2e-02  4e-02 1:10.0
  200   2200 8.695250481366780e-02 2.5e+01 2.78e-02  2e-02  4e-02 1:13.3
  239   2629 7.948887123048912e-02 3.7e+01 1.36e-01  7e-02  3e-01 1:27.6
  280   3080 4.844273372270407e-02 2.4e+01 1.36e-01  6e-02  2e-01 1:42.7
  300   3300 3.765247643525091e-02 2.0e+01 1.01e-01  4e-02  1e-01 1:50.0
  347   3817 2.808161998720584e-02 2.2e+01 4.46e-02  1e-02  5e-02 2:07.1
  397   4367 2.701851405892437e-02 2.3e+01 3.26e-02  8e-03  4e-02 2:25.3
  400   4400 2.704972118395419e-02 2.3e+01 3.26e-02  8e-03  3e-02 2:26.4
  455   5005 2.672036896167606e-02 3.2e+01 1.54e-02  3e-03  2e-02 2:46.5
  500   5500 2.668455879864041e-02 4.5e+01 8.15e-03  1e-03  1e-02 3:03.0
  561   6171 2.641936634101432e-02 8.0e+01 4.14e-02  5e-03  6e-02 3:25.2
  600   6600 2.576880091187090e-02 7.3e+01 6.60e-02  7e-03  1e-01 3:39.5
  666   7326 2.404503576565052e-02 5.4e+01 5.04e-02  4e-03  6e-02 4:03.6
  700   7700 2.336793409412392e-02 5.7e+01 8.03e-02  7e-03  9e-02 4:16.0
  772   8492 2.150523292005895e-02 5.3e+01 1.86e-01  1e-02  2e-01 4:42.3
  800   8800 2.033560858414481e-02 4.1e+01 8.17e-02  6e-03  5e-02 4:52.5
  877   9647 2.002314535295926e-02 3.0e+01 1.61e-02  9e-04  6e-03 5:20.6
  900   9900 2.001902378071358e-02 3.2e+01 1.28e-02  6e-04  5e-03 5:29.0
  983  10813 2.000316357720446e-02 5.0e+01 1.70e-03  6e-05  5e-04 5:59.3
 1000  11000 2.000315974577947e-02 5.0e+01 9.08e-04  3e-05  3e-04 6:05.6
Iterat #Fevals   function value  axis ratio  sigma  min&max std  t[m:s]
 1088  11968 2.000315865289568e-02 6.4e+01 6.59e-06  1e-07  1e-06 6:37.7
 1092  12012 2.000315865289502e-02 6.3e+01 4.93e-06  1e-07  1e-06 6:39.2
termination on tolfun=1e-11 (Fri Nov 27 10:17:23 2020)
final/bestever f-value = 2.000316e-02 2.000316e-02
incumbent solution: [ 0.2339489   5.62323611  1.20324555 -3.26451108 -2.03611684 -4.91114986
 -0.94093582 -6.33727569 ...]
std deviations: [1.36635223e-07 7.93774472e-07 5.91795454e-07 1.00332458e-07
 7.06316553e-07 4.68929909e-07 3.79192372e-07 1.04123876e-06 ...]
cma
(5_w,11)-aCMA-ES (mu_w=3.4,w_1=42%) in dimension 14 (seed=584612, Fri Nov 27 10:17:25 2020)
Iterat #Fevals   function value  axis ratio  sigma  min&max std  t[m:s]
    1     11 3.767286908792649e-01 1.0e+00 9.51e-01  9e-01  1e+00 0:00.4
    2     22 4.448679155478502e-01 1.1e+00 9.02e-01  9e-01  9e-01 0:00.7
    3     33 3.608334163435123e-01 1.2e+00 8.23e-01  8e-01  8e-01 0:01.1
   12    132 5.792193571682179e-01 1.4e+00 6.36e-01  6e-01  7e-01 0:04.4
   24    264 2.159365043296290e-01 1.8e+00 3.63e-01  3e-01  4e-01 0:08.7
   38    418 1.934988178946123e-01 2.6e+00 4.42e-01  4e-01  5e-01 0:13.8
   55    605 1.498995122487205e-01 2.9e+00 2.57e-01  2e-01  3e-01 0:20.0
   75    825 1.149862281488579e-01 3.3e+00 1.36e-01  1e-01  1e-01 0:27.3
   97   1067 9.252098805437502e-02 4.0e+00 1.03e-01  7e-02  1e-01 0:35.3
  100   1100 9.752158859934569e-02 4.0e+00 9.90e-02  7e-02  1e-01 0:36.4
  128   1408 8.928710240071853e-02 5.1e+00 5.42e-02  3e-02  6e-02 0:46.6
  159   1749 8.812386920479960e-02 8.6e+00 3.42e-02  2e-02  4e-02 0:57.9
  192   2112 8.767535504472244e-02 1.4e+01 1.51e-02  6e-03  2e-02 1:10.0
  200   2200 8.758230475921032e-02 1.9e+01 1.80e-02  7e-03  3e-02 1:12.9
  239   2629 8.725125807653103e-02 3.8e+01 2.25e-02  8e-03  5e-02 1:27.1
  281   3091 8.715222888334737e-02 3.6e+01 1.51e-02  5e-03  2e-02 1:42.4
  300   3300 8.711442842476019e-02 3.5e+01 1.35e-02  5e-03  2e-02 1:49.3
  347   3817 8.703175882112428e-02 6.2e+01 1.35e-02  4e-03  2e-02 2:06.4
  397   4367 8.701527848529483e-02 7.4e+01 4.26e-03  9e-04  6e-03 2:24.6
  400   4400 8.701521655789436e-02 7.2e+01 3.99e-03  9e-04  6e-03 2:25.7
  455   5005 8.701426703613141e-02 9.3e+01 2.50e-03  8e-04  4e-03 2:45.7
  500   5500 8.701421513601543e-02 1.1e+02 6.32e-04  2e-04  9e-04 3:02.1
  561   6171 8.701396898830394e-02 7.6e+02 3.75e-03  9e-04  2e-02 3:24.3
  600   6600 8.701265610310843e-02 7.9e+02 9.92e-03  2e-03  5e-02 3:38.5
  666   7326 8.700780269525463e-02 5.2e+02 1.70e-02  3e-03  5e-02 4:02.6
  700   7700 8.700278074010349e-02 3.7e+02 1.19e-02  2e-03  2e-02 4:14.9
  772   8492 8.698900914130026e-02 2.0e+02 1.80e-02  3e-03  2e-02 4:41.2
  800   8800 8.698165386529115e-02 1.8e+02 2.67e-02  4e-03  2e-02 4:51.4
  877   9647 8.697021152827690e-02 1.3e+02 2.38e-02  3e-03  1e-02 5:19.5
  900   9900 8.696299139483925e-02 1.6e+02 4.10e-02  5e-03  3e-02 5:27.9
  983  10813 8.695857059554798e-02 1.6e+02 1.56e-02  1e-03  9e-03 5:58.2
 1000  11000 8.695849943439406e-02 1.5e+02 1.07e-02  1e-03  6e-03 6:04.4
Iterat #Fevals   function value  axis ratio  sigma  min&max std  t[m:s]
 1088  11968 8.695841951583587e-02 1.5e+02 1.28e-04  8e-06  4e-05 6:36.5
 1100  12100 8.695841951422494e-02 1.5e+02 6.23e-05  4e-06  2e-05 6:40.9
 1119  12309 8.695841951388411e-02 1.5e+02 2.10e-05  1e-06  6e-06 6:47.8
termination on tolfun=1e-11 (Fri Nov 27 10:24:14 2020)
final/bestever f-value = 8.695842e-02 8.695842e-02
incumbent solution: [-3.80146842e-07 -1.10511252e+00  3.96243196e-01  3.14159207e+00
 -9.39220883e-01 -4.86153213e-01 -2.49343128e+00 -9.20855431e-01 ...]
std deviations: [1.21548478e-06 5.57763359e-06 2.63222727e-06 3.82379614e-06
 4.68395766e-06 2.92711117e-06 2.60027777e-06 4.22923731e-06 ...]
cma
(6_w,12)-aCMA-ES (mu_w=3.7,w_1=40%) in dimension 17 (seed=649068, Fri Nov 27 10:24:15 2020)
Iterat #Fevals   function value  axis ratio  sigma  min&max std  t[m:s]
    1     12 5.985356610579444e-01 1.0e+00 9.29e-01  9e-01  9e-01 0:00.4
    2     24 6.344101376581189e-01 1.1e+00 8.72e-01  8e-01  9e-01 0:00.9
    3     36 5.143432647321252e-01 1.1e+00 8.45e-01  8e-01  9e-01 0:01.3
   11    132 5.851963194309143e-01 1.3e+00 6.95e-01  7e-01  7e-01 0:04.7
   21    252 2.679885026616366e-01 1.5e+00 4.61e-01  4e-01  5e-01 0:08.9
   33    396 1.936318634613863e-01 1.8e+00 2.92e-01  2e-01  3e-01 0:14.1
   48    576 1.376919898270244e-01 2.0e+00 1.62e-01  1e-01  2e-01 0:20.5
   65    780 1.066175358938262e-01 2.6e+00 9.43e-02  8e-02  1e-01 0:27.8
   84   1008 1.023683299767468e-01 3.4e+00 5.89e-02  5e-02  6e-02 0:35.9
  100   1200 9.821678594339196e-02 4.1e+00 4.95e-02  4e-02  5e-02 0:42.8
  124   1488 9.544309791943656e-02 5.0e+00 3.00e-02  2e-02  3e-02 0:53.0
  150   1800 9.265037283983002e-02 7.4e+00 3.04e-02  2e-02  4e-02 1:04.1
  179   2148 8.794800550553933e-02 1.5e+01 3.98e-02  2e-02  9e-02 1:16.5
  200   2400 8.631669382479372e-02 1.7e+01 2.53e-02  1e-02  6e-02 1:25.5
  233   2796 8.445483565088548e-02 2.4e+01 5.14e-02  3e-02  1e-01 1:39.6
  269   3228 8.108134800484883e-02 2.1e+01 5.06e-02  3e-02  1e-01 1:55.0
  300   3600 8.048860196803506e-02 1.9e+01 3.11e-02  2e-02  6e-02 2:08.3
  340   4080 7.866661962378688e-02 2.0e+01 6.18e-02  3e-02  9e-02 2:25.3
  383   4596 7.403698380848456e-02 1.7e+01 3.94e-02  2e-02  5e-02 2:43.6
  400   4800 7.318219728243863e-02 1.5e+01 3.53e-02  2e-02  4e-02 2:50.8
  447   5364 7.280673827743829e-02 2.0e+01 1.62e-02  7e-03  2e-02 3:10.9
  496   5952 7.243870782156339e-02 3.1e+01 2.13e-02  9e-03  3e-02 3:32.1
  500   6000 7.244471509438585e-02 3.4e+01 2.34e-02  1e-02  3e-02 3:33.8
  554   6648 7.221975611528188e-02 3.9e+01 1.09e-02  5e-03  1e-02 3:56.8
  600   7200 7.213161209389467e-02 4.1e+01 1.36e-02  6e-03  2e-02 4:16.4
  659   7908 7.209279408342419e-02 4.6e+01 6.09e-03  2e-03  6e-03 4:41.6
  700   8400 7.208985986311923e-02 5.0e+01 3.53e-03  1e-03  4e-03 4:59.0
  764   9168 7.208907759619108e-02 5.6e+01 6.29e-04  2e-04  6e-04 5:26.3
  800   9600 7.208906697526479e-02 7.4e+01 1.73e-04  5e-05  2e-04 5:41.6
  869  10428 7.208906651445375e-02 8.4e+01 8.72e-06  2e-06  7e-06 6:11.1
  888  10656 7.208906651406380e-02 8.0e+01 2.91e-06  7e-07  2e-06 6:19.2
termination on tolfun=1e-11 (Fri Nov 27 10:30:35 2020)
final/bestever f-value = 7.208907e-02 7.208907e-02
incumbent solution: [-4.17943037e-01  1.97614571e+00 -8.63599896e-01  6.34899486e-01
  6.50840270e-08 -7.52219202e-01  2.67305905e+00  3.36739229e+00 ...]
std deviations: [1.13878408e-06 9.30682759e-07 7.34827943e-07 1.40979217e-06
 1.53298108e-06 9.32461013e-07 1.32434492e-06 2.04210994e-06 ...]
cma
(6_w,12)-aCMA-ES (mu_w=3.7,w_1=40%) in dimension 17 (seed=605536, Fri Nov 27 10:30:37 2020)
Iterat #Fevals   function value  axis ratio  sigma  min&max std  t[m:s]
    1     12 1.029879427015978e+00 1.0e+00 9.19e-01  9e-01  9e-01 0:00.4
    2     24 3.724705825066762e-01 1.1e+00 9.05e-01  9e-01  9e-01 0:00.9
    3     36 7.520525683010068e-01 1.2e+00 8.96e-01  9e-01  9e-01 0:01.3
   11    132 8.937896744552321e-01 1.3e+00 8.63e-01  8e-01  9e-01 0:04.7
   21    252 4.769105057814666e-01 1.7e+00 9.70e-01  9e-01  1e+00 0:09.0
   33    396 8.533140207731205e-01 2.0e+00 9.95e-01  9e-01  1e+00 0:14.1
   48    576 9.507882949447491e-01 2.0e+00 8.13e-01  7e-01  9e-01 0:20.5
   65    780 4.848439912514181e-01 2.3e+00 8.92e-01  8e-01  1e+00 0:27.8
   84   1008 3.204109642200880e-01 2.5e+00 4.55e-01  4e-01  5e-01 0:35.9
  100   1200 2.167881797896009e-01 2.8e+00 3.76e-01  3e-01  4e-01 0:42.8
  124   1488 7.092263272978316e-02 3.3e+00 1.73e-01  1e-01  2e-01 0:53.1
  150   1800 2.727618748880407e-02 3.7e+00 8.36e-02  5e-02  1e-01 1:04.2
  179   2148 1.686690114049139e-02 3.9e+00 1.63e-02  1e-02  2e-02 1:16.6
  200   2400 1.657165213653448e-02 4.2e+00 7.32e-03  4e-03  7e-03 1:25.6
  233   2796 1.640233464952490e-02 8.1e+00 7.18e-03  3e-03  1e-02 1:39.7
  269   3228 1.608845581273675e-02 1.7e+01 1.33e-02  7e-03  3e-02 1:55.1
  300   3600 1.586289729262844e-02 2.4e+01 1.36e-02  6e-03  3e-02 2:08.3
  340   4080 1.548960142237510e-02 3.2e+01 2.02e-02  9e-03  5e-02 2:25.4
  383   4596 1.501568627611363e-02 2.5e+01 7.15e-03  3e-03  1e-02 2:43.8
  400   4800 1.500910489543201e-02 2.6e+01 3.07e-03  1e-03  5e-03 2:51.1
  447   5364 1.500237094724447e-02 2.6e+01 3.33e-03  1e-03  4e-03 3:11.1
  497   5964 1.498245047455787e-02 4.2e+01 6.68e-03  2e-03  2e-02 3:32.5
  500   6000 1.498013798329270e-02 4.5e+01 6.73e-03  2e-03  2e-02 3:33.8
  554   6648 1.493568995715871e-02 6.2e+01 8.07e-03  2e-03  2e-02 3:56.9
  600   7200 1.492188140556647e-02 7.0e+01 5.34e-03  1e-03  1e-02 4:16.5
  659   7908 1.491614234486662e-02 7.7e+01 4.11e-03  1e-03  7e-03 4:41.7
  700   8400 1.490993169453814e-02 1.0e+02 5.17e-03  1e-03  1e-02 4:59.2
  764   9168 1.490603517809597e-02 1.5e+02 4.67e-03  9e-04  1e-02 5:26.5
  800   9600 1.490520132686001e-02 1.5e+02 2.78e-03  4e-04  5e-03 5:41.9
  868  10416 1.490510748870274e-02 1.4e+02 5.54e-04  6e-05  9e-04 6:10.9
  900  10800 1.490509900457464e-02 1.5e+02 1.02e-03  1e-04  2e-03 6:24.5
  972  11664 1.490491254264870e-02 3.9e+02 3.18e-03  2e-04  1e-02 6:55.6
 1000  12000 1.490420995888595e-02 6.9e+02 7.94e-03  6e-04  5e-02 7:07.5
Iterat #Fevals   function value  axis ratio  sigma  min&max std  t[m:s]
 1078  12936 1.490019768517201e-02 5.6e+02 8.17e-03  4e-04  4e-02 7:40.8
 1100  13200 1.489655321880743e-02 5.2e+02 1.59e-02  7e-04  6e-02 7:50.2
 1183  14196 1.487598389770825e-02 1.8e+02 2.63e-02  9e-04  3e-02 8:25.6
 1200  14400 1.486908151189049e-02 1.7e+02 2.85e-02  1e-03  2e-02 8:32.9
 1287  15444 1.482821509975193e-02 1.4e+02 2.90e-02  8e-04  2e-02 9:10.0
 1300  15600 1.482185488704588e-02 1.4e+02 2.58e-02  7e-04  2e-02 9:15.6
 1392  16704 1.479967795795875e-02 1.5e+02 1.54e-02  4e-04  1e-02 9:54.8
 1400  16800 1.479837038585762e-02 1.5e+02 1.50e-02  4e-04  1e-02 9:58.2
 1497  17964 1.479169324521197e-02 1.6e+02 6.56e-03  1e-04  4e-03 10:39.5
 1500  18000 1.479162294175145e-02 1.6e+02 5.79e-03  1e-04  3e-03 10:40.8
 1600  19200 1.478956560563507e-02 1.1e+02 2.19e-02  5e-04  9e-03 11:23.6
 1700  20400 1.478212013539951e-02 1.2e+02 3.51e-02  7e-04  9e-03 12:06.4
 1800  21600 1.477881660539599e-02 1.3e+02 1.59e-02  2e-04  4e-03 12:48.8
 1900  22800 1.477823671186979e-02 1.5e+02 6.40e-03  7e-05  2e-03 13:31.4
 2000  24000 1.477819756712264e-02 2.1e+02 7.89e-04  6e-06  2e-04 14:13.8
Iterat #Fevals   function value  axis ratio  sigma  min&max std  t[m:s]
 2064  24768 1.477819752666454e-02 2.4e+02 3.11e-05  2e-07  5e-06 14:41.0
/home/adrianps/venvs/quantum_simulation/lib/python3.6/site-packages/scipy/optimize/optimize.py:705: ComplexWarning: Casting complex values to real discards the imaginary part
  grad[k] = df
/home/adrianps/venvs/quantum_simulation/lib/python3.6/site-packages/scipy/optimize/linesearch.py:172: ComplexWarning: Casting complex values to real discards the imaginary part
  amin, amax, isave, dsave)
/home/adrianps/venvs/quantum_simulation/lib/python3.6/site-packages/scipy/optimize/optimize.py:705: ComplexWarning: Casting complex values to real discards the imaginary part
  grad[k] = df
/home/adrianps/venvs/quantum_simulation/lib/python3.6/site-packages/scipy/optimize/linesearch.py:172: ComplexWarning: Casting complex values to real discards the imaginary part
  amin, amax, isave, dsave)
/home/adrianps/venvs/quantum_simulation/lib/python3.6/site-packages/scipy/optimize/optimize.py:705: ComplexWarning: Casting complex values to real discards the imaginary part
  grad[k] = df
/home/adrianps/venvs/quantum_simulation/lib/python3.6/site-packages/scipy/optimize/linesearch.py:172: ComplexWarning: Casting complex values to real discards the imaginary part
  amin, amax, isave, dsave)
/home/adrianps/venvs/quantum_simulation/lib/python3.6/site-packages/scipy/optimize/optimize.py:705: ComplexWarning: Casting complex values to real discards the imaginary part
  grad[k] = df
/home/adrianps/venvs/quantum_simulation/lib/python3.6/site-packages/scipy/optimize/linesearch.py:172: ComplexWarning: Casting complex values to real discards the imaginary part
  amin, amax, isave, dsave)
/home/adrianps/venvs/quantum_simulation/lib/python3.6/site-packages/scipy/optimize/optimize.py:705: ComplexWarning: Casting complex values to real discards the imaginary part
  grad[k] = df
/home/adrianps/venvs/quantum_simulation/lib/python3.6/site-packages/scipy/optimize/linesearch.py:172: ComplexWarning: Casting complex values to real discards the imaginary part
  amin, amax, isave, dsave)
/home/adrianps/venvs/quantum_simulation/lib/python3.6/site-packages/scipy/optimize/optimize.py:705: ComplexWarning: Casting complex values to real discards the imaginary part
  grad[k] = df
/home/adrianps/venvs/quantum_simulation/lib/python3.6/site-packages/scipy/optimize/linesearch.py:172: ComplexWarning: Casting complex values to real discards the imaginary part
  amin, amax, isave, dsave)
/home/adrianps/venvs/quantum_simulation/lib/python3.6/site-packages/scipy/optimize/optimize.py:705: ComplexWarning: Casting complex values to real discards the imaginary part
  grad[k] = df
/home/adrianps/venvs/quantum_simulation/lib/python3.6/site-packages/scipy/optimize/linesearch.py:172: ComplexWarning: Casting complex values to real discards the imaginary part
  amin, amax, isave, dsave)
/home/adrianps/venvs/quantum_simulation/lib/python3.6/site-packages/scipy/optimize/optimize.py:705: ComplexWarning: Casting complex values to real discards the imaginary part
  grad[k] = df
/home/adrianps/venvs/quantum_simulation/lib/python3.6/site-packages/scipy/optimize/linesearch.py:489: ComplexWarning: Casting complex values to real discards the imaginary part
  d1[0, 1] = -db ** 2
/home/adrianps/venvs/quantum_simulation/lib/python3.6/site-packages/scipy/optimize/linesearch.py:491: ComplexWarning: Casting complex values to real discards the imaginary part
  d1[1, 1] = db ** 3
/home/adrianps/venvs/quantum_simulation/lib/python3.6/site-packages/scipy/optimize/linesearch.py:488: ComplexWarning: Casting complex values to real discards the imaginary part
  d1[0, 0] = dc ** 2
/home/adrianps/venvs/quantum_simulation/lib/python3.6/site-packages/scipy/optimize/linesearch.py:490: ComplexWarning: Casting complex values to real discards the imaginary part
  d1[1, 0] = -dc ** 3
/home/adrianps/venvs/quantum_simulation/lib/python3.6/site-packages/scipy/optimize/optimize.py:705: ComplexWarning: Casting complex values to real discards the imaginary part
  grad[k] = df
/home/adrianps/venvs/quantum_simulation/lib/python3.6/site-packages/scipy/optimize/linesearch.py:172: ComplexWarning: Casting complex values to real discards the imaginary part
  amin, amax, isave, dsave)
/home/adrianps/venvs/quantum_simulation/lib/python3.6/site-packages/scipy/optimize/optimize.py:705: ComplexWarning: Casting complex values to real discards the imaginary part
  grad[k] = df
/home/adrianps/venvs/quantum_simulation/lib/python3.6/site-packages/scipy/optimize/linesearch.py:172: ComplexWarning: Casting complex values to real discards the imaginary part
  amin, amax, isave, dsave)
/home/adrianps/venvs/quantum_simulation/lib/python3.6/site-packages/scipy/optimize/optimize.py:705: ComplexWarning: Casting complex values to real discards the imaginary part
  grad[k] = df
/home/adrianps/venvs/quantum_simulation/lib/python3.6/site-packages/scipy/optimize/optimize.py:705: ComplexWarning: Casting complex values to real discards the imaginary part
  grad[k] = df
/home/adrianps/venvs/quantum_simulation/lib/python3.6/site-packages/scipy/optimize/linesearch.py:172: ComplexWarning: Casting complex values to real discards the imaginary part
  amin, amax, isave, dsave)
/home/adrianps/venvs/quantum_simulation/lib/python3.6/site-packages/scipy/optimize/optimize.py:705: ComplexWarning: Casting complex values to real discards the imaginary part
  grad[k] = df
/home/adrianps/venvs/quantum_simulation/lib/python3.6/site-packages/scipy/optimize/linesearch.py:489: ComplexWarning: Casting complex values to real discards the imaginary part
  d1[0, 1] = -db ** 2
/home/adrianps/venvs/quantum_simulation/lib/python3.6/site-packages/scipy/optimize/linesearch.py:491: ComplexWarning: Casting complex values to real discards the imaginary part
  d1[1, 1] = db ** 3
/home/adrianps/venvs/quantum_simulation/lib/python3.6/site-packages/scipy/optimize/linesearch.py:488: ComplexWarning: Casting complex values to real discards the imaginary part
  d1[0, 0] = dc ** 2
/home/adrianps/venvs/quantum_simulation/lib/python3.6/site-packages/scipy/optimize/linesearch.py:490: ComplexWarning: Casting complex values to real discards the imaginary part
  d1[1, 0] = -dc ** 3
/home/adrianps/Universal-Approximator/qibo_sim/classes/ApproximantNN.py:552: RuntimeWarning: More than 20 figures have been opened. Figures created through the pyplot interface (`matplotlib.pyplot.figure`) are retained until explicitly closed and may consume too much memory. (To control this warning, see the rcParam `figure.max_open_warning`).
  fig, axs = plt.subplots(nrows=2, figsize=(8,10))
/home/adrianps/venvs/quantum_simulation/lib/python3.6/site-packages/scipy/optimize/optimize.py:705: ComplexWarning: Casting complex values to real discards the imaginary part
  grad[k] = df
/home/adrianps/venvs/quantum_simulation/lib/python3.6/site-packages/scipy/optimize/linesearch.py:172: ComplexWarning: Casting complex values to real discards the imaginary part
  amin, amax, isave, dsave)
/home/adrianps/venvs/quantum_simulation/lib/python3.6/site-packages/scipy/optimize/optimize.py:705: ComplexWarning: Casting complex values to real discards the imaginary part
  grad[k] = df
/home/adrianps/Universal-Approximator/qibo_sim/classes/ApproximantNN.py:577: RuntimeWarning: More than 20 figures have been opened. Figures created through the pyplot interface (`matplotlib.pyplot.figure`) are retained until explicitly closed and may consume too much memory. (To control this warning, see the rcParam `figure.max_open_warning`).
  fig, axs = plt.subplots(nrows=2, figsize=(8,10))
/home/adrianps/Universal-Approximator/qibo_sim/classes/ApproximantNN.py:552: RuntimeWarning: More than 20 figures have been opened. Figures created through the pyplot interface (`matplotlib.pyplot.figure`) are retained until explicitly closed and may consume too much memory. (To control this warning, see the rcParam `figure.max_open_warning`).
  fig, axs = plt.subplots(nrows=2, figsize=(8,10))
/home/adrianps/venvs/quantum_simulation/lib/python3.6/site-packages/scipy/optimize/optimize.py:705: ComplexWarning: Casting complex values to real discards the imaginary part
  grad[k] = df
/home/adrianps/venvs/quantum_simulation/lib/python3.6/site-packages/scipy/optimize/linesearch.py:172: ComplexWarning: Casting complex values to real discards the imaginary part
  amin, amax, isave, dsave)
/home/adrianps/venvs/quantum_simulation/lib/python3.6/site-packages/scipy/optimize/optimize.py:705: ComplexWarning: Casting complex values to real discards the imaginary part
  grad[k] = df
/home/adrianps/venvs/quantum_simulation/lib/python3.6/site-packages/scipy/optimize/linesearch.py:489: ComplexWarning: Casting complex values to real discards the imaginary part
  d1[0, 1] = -db ** 2
/home/adrianps/venvs/quantum_simulation/lib/python3.6/site-packages/scipy/optimize/linesearch.py:491: ComplexWarning: Casting complex values to real discards the imaginary part
  d1[1, 1] = db ** 3
/home/adrianps/venvs/quantum_simulation/lib/python3.6/site-packages/scipy/optimize/linesearch.py:488: ComplexWarning: Casting complex values to real discards the imaginary part
  d1[0, 0] = dc ** 2
/home/adrianps/venvs/quantum_simulation/lib/python3.6/site-packages/scipy/optimize/linesearch.py:490: ComplexWarning: Casting complex values to real discards the imaginary part
  d1[1, 0] = -dc ** 3
/home/adrianps/Universal-Approximator/qibo_sim/classes/ApproximantNN.py:577: RuntimeWarning: More than 20 figures have been opened. Figures created through the pyplot interface (`matplotlib.pyplot.figure`) are retained until explicitly closed and may consume too much memory. (To control this warning, see the rcParam `figure.max_open_warning`).
  fig, axs = plt.subplots(nrows=2, figsize=(8,10))
termination on tolfun=1e-11 (Fri Nov 27 10:45:20 2020)
final/bestever f-value = 1.477820e-02 1.477820e-02
incumbent solution: [ 6.28318487  3.93503914 -5.1489278  -3.14159223 -0.97160818 -1.1449807
  3.14159249  5.38101296 ...]
std deviations: [3.63550159e-07 2.70977434e-06 4.30826802e-06 3.38676120e-07
 5.96528475e-07 4.28400005e-06 2.00565096e-07 4.29515473e-06 ...]
