cma
(3_w,6)-aCMA-ES (mu_w=2.0,w_1=63%) in dimension 2 (seed=361662, Wed Nov 25 15:55:24 2020)
Iterat #Fevals   function value  axis ratio  sigma  min&max std  t[m:s]
    1      6 4.515359491506091e-01 1.0e+00 1.20e+00  1e+00  1e+00 0:00.2
    2     12 1.964833363103293e-01 1.4e+00 1.09e+00  1e+00  1e+00 0:00.3
    3     18 2.264175059730145e-01 1.4e+00 8.13e-01  7e-01  7e-01 0:00.5
   23    138 1.242285401694964e-01 2.7e+00 8.36e-02  1e-02  2e-02 0:03.5
   50    300 1.241656923960663e-01 2.6e+00 6.81e-04  5e-06  1e-05 0:07.5
   70    420 1.241656923817907e-01 2.7e+00 2.37e-05  2e-08  5e-08 0:10.5
termination on tolfun=1e-11 (Wed Nov 25 15:55:35 2020)
final/bestever f-value = 1.241657e-01 1.241657e-01
incumbent solution: [-1.5707963219549068, 2.410455626671348]
std deviation: [2.1696251303316498e-08, 5.301881618248954e-08]
cma
(3_w,6)-aCMA-ES (mu_w=2.0,w_1=63%) in dimension 2 (seed=445514, Wed Nov 25 15:55:35 2020)
Iterat #Fevals   function value  axis ratio  sigma  min&max std  t[m:s]
    1      6 3.929957488156099e-01 1.0e+00 8.44e-01  7e-01  9e-01 0:00.1
    2     12 1.421645551600987e-01 1.3e+00 1.08e+00  9e-01  1e+00 0:00.3
    3     18 2.110056222578632e-01 1.6e+00 9.28e-01  7e-01  9e-01 0:00.4
   24    144 1.241923341301743e-01 1.8e+00 9.40e-02  1e-02  2e-02 0:03.6
   51    306 1.241656924136014e-01 2.0e+00 6.67e-04  6e-06  1e-05 0:07.6
   71    426 1.241656923817907e-01 1.3e+00 4.06e-05  9e-08  9e-08 0:10.5
termination on tolfun=1e-11 (Wed Nov 25 15:55:45 2020)
final/bestever f-value = 1.241657e-01 1.241657e-01
incumbent solution: [-1.5707962993416222, 2.4104555774329937]
std deviation: [8.838423098750708e-08, 8.975430007424739e-08]
cma
(4_w,8)-aCMA-ES (mu_w=2.6,w_1=52%) in dimension 5 (seed=407005, Wed Nov 25 15:55:46 2020)
Iterat #Fevals   function value  axis ratio  sigma  min&max std  t[m:s]
    1      8 1.309439578569222e+00 1.0e+00 8.62e-01  8e-01  9e-01 0:00.2
    2     16 5.223695052456209e-01 1.2e+00 8.16e-01  8e-01  8e-01 0:00.5
    3     24 2.385383710951166e-01 1.4e+00 8.47e-01  7e-01  9e-01 0:00.7
   16    128 1.256215970781341e-01 2.5e+00 2.94e-01  2e-01  3e-01 0:03.8
   33    264 1.242901754144022e-01 8.5e+00 1.35e-01  7e-02  2e-01 0:07.8
   55    440 1.241707477708866e-01 2.6e+01 2.52e-02  1e-02  2e-02 0:13.0
   81    648 1.241657028815450e-01 9.7e+01 6.49e-03  9e-04  8e-03 0:19.1
  100    800 1.241656924058820e-01 3.4e+02 1.35e-03  7e-05  2e-03 0:23.6
  134   1072 1.241656923818022e-01 1.5e+03 6.95e-05  8e-07  1e-04 0:31.6
  137   1096 1.241656923817957e-01 2.1e+03 5.29e-05  5e-07  1e-04 0:32.3
termination on tolfun=1e-11 (Wed Nov 25 15:56:18 2020)
final/bestever f-value = 1.241657e-01 1.241657e-01
incumbent solution: [-2.880646150168499, -0.6343233372822852, -3.1415929727318592, -1.3098498170539192, -3.0447791901545416]
std deviation: [5.852670951185826e-05, 0.00010157486786714164, 4.786708500341672e-07, 5.8507176296619766e-05, 0.00010160392510562106]
cma
(4_w,8)-aCMA-ES (mu_w=2.6,w_1=52%) in dimension 5 (seed=440185, Wed Nov 25 15:56:18 2020)
Iterat #Fevals   function value  axis ratio  sigma  min&max std  t[m:s]
    1      8 5.061809831456424e-01 1.0e+00 1.09e+00  1e+00  1e+00 0:00.2
    2     16 1.648898306697351e-01 1.4e+00 1.18e+00  1e+00  1e+00 0:00.5
    3     24 6.076764680004743e-01 1.5e+00 1.17e+00  1e+00  1e+00 0:00.7
   16    128 2.302449520512194e-01 4.4e+00 1.21e+00  8e-01  2e+00 0:03.8
   33    264 1.281022027190999e-01 6.0e+00 3.70e-01  2e-01  4e-01 0:07.8
   55    440 1.241853204714548e-01 1.5e+01 1.11e-01  5e-02  8e-02 0:13.0
   81    648 1.241659034934606e-01 7.1e+01 1.17e-02  3e-03  1e-02 0:19.1
  100    800 1.241656928057964e-01 1.8e+02 1.98e-03  2e-04  2e-03 0:23.6
  134   1072 1.241656923818134e-01 8.6e+02 7.72e-05  2e-06  6e-05 0:31.6
  139   1112 1.241656923817916e-01 1.2e+03 4.14e-05  9e-07  3e-05 0:32.8
termination on tolfun=1e-11 (Wed Nov 25 15:56:51 2020)
final/bestever f-value = 1.241657e-01 1.241657e-01
incumbent solution: [-1.3683979094899208, -2.3633319835669955, 3.141592467030869, -2.939194184864894, 0.047123636309584646]
std deviation: [3.09565073347919e-05, 3.0385064108521478e-05, 8.650779720651052e-07, 3.0962466331101175e-05, 3.040975262725203e-05]
cma
(5_w,10)-aCMA-ES (mu_w=3.2,w_1=45%) in dimension 8 (seed=392219, Wed Nov 25 15:56:52 2020)
Iterat #Fevals   function value  axis ratio  sigma  min&max std  t[m:s]
    1     10 4.103548357046247e-01 1.0e+00 1.05e+00  1e+00  1e+00 0:00.3
    2     20 3.159580271039152e-01 1.3e+00 9.80e-01  9e-01  1e+00 0:00.7
    3     30 3.594256462784498e-01 1.3e+00 9.57e-01  8e-01  1e+00 0:01.0
   12    120 2.085050013536440e-01 2.1e+00 6.04e-01  5e-01  6e-01 0:04.1
   24    240 1.446703822006607e-01 3.1e+00 2.90e-01  2e-01  3e-01 0:08.2
   39    390 1.242059094705759e-01 4.2e+00 2.26e-01  1e-01  2e-01 0:13.3
   57    570 1.247591927002719e-01 7.9e+00 7.73e-02  4e-02  7e-02 0:19.4
   78    780 5.021801807808250e-02 1.3e+01 2.53e-01  1e-01  2e-01 0:26.5
  100   1000 4.762764590103385e-02 9.3e+00 1.23e-01  3e-02  8e-02 0:34.0
  127   1270 4.590510723501608e-02 1.1e+01 4.15e-02  6e-03  3e-02 0:43.2
  157   1570 4.588617446295316e-02 1.4e+01 1.45e-02  1e-03  1e-02 0:53.4
  189   1890 4.588503176819546e-02 1.8e+01 1.13e-03  5e-05  7e-04 1:04.7
  200   2000 4.588503001993927e-02 2.0e+01 4.74e-04  2e-05  3e-04 1:08.5
  238   2380 4.588502984029563e-02 4.6e+01 3.68e-05  1e-06  2e-05 1:21.9
  259   2590 4.588502983954507e-02 5.6e+01 6.87e-06  2e-07  4e-06 1:29.3
termination on tolfun=1e-11 (Wed Nov 25 15:58:21 2020)
final/bestever f-value = 4.588503e-02 4.588503e-02
incumbent solution: [-1.5321691599954879, -3.2745006455721e-07, 4.008546038721037, -3.0819457509369426, 5.263417009396874, -1.4094424839522162, 1.6530094136815657e-07, -2.6317088469117516]
std deviation: [2.2763113773343555e-06, 8.368864870103662e-07, 2.0975523937320984e-07, 3.5681821483794534e-06, 1.3655007595185188e-06, 1.8584236400574005e-07, 2.0320268356984312e-07, 2.363620302854041e-07]
cma
(5_w,10)-aCMA-ES (mu_w=3.2,w_1=45%) in dimension 8 (seed=364511, Wed Nov 25 15:58:22 2020)
Iterat #Fevals   function value  axis ratio  sigma  min&max std  t[m:s]
    1     10 1.148400460196822e+00 1.0e+00 9.72e-01  9e-01  1e+00 0:00.4
    2     20 3.078328910529637e-01 1.3e+00 8.66e-01  8e-01  9e-01 0:00.7
    3     30 4.263501938031279e-01 1.4e+00 7.54e-01  7e-01  8e-01 0:01.1
   12    120 1.525008802742934e-01 2.0e+00 4.38e-01  4e-01  5e-01 0:04.2
   24    240 1.231643509535407e-01 3.6e+00 2.36e-01  2e-01  3e-01 0:08.4
   39    390 1.235524727834801e-01 6.8e+00 7.61e-02  5e-02  9e-02 0:13.7
   57    570 1.211825218683903e-01 1.5e+01 4.94e-02  3e-02  7e-02 0:20.0
   77    770 8.529309023081591e-02 1.3e+01 2.94e-01  2e-01  3e-01 0:27.0
  100   1000 5.079471983984796e-02 1.6e+01 1.83e-01  6e-02  2e-01 0:35.1
  126   1260 3.426573373716752e-02 1.4e+01 4.88e-01  1e-01  3e-01 0:44.2
  155   1550 2.173439555549258e-02 1.1e+01 1.63e-01  2e-02  9e-02 0:54.4
  187   1870 2.134951312142706e-02 7.6e+00 1.64e-02  1e-03  6e-03 1:05.6
  200   2000 2.134806972999449e-02 7.2e+00 6.13e-03  4e-04  2e-03 1:10.2
  238   2380 2.134795179911385e-02 6.7e+00 2.96e-04  1e-05  5e-05 1:23.5
  278   2780 2.134795152233619e-02 7.5e+00 2.18e-05  5e-07  2e-06 1:37.6
  289   2890 2.134795152198442e-02 6.7e+00 1.25e-05  2e-07  1e-06 1:41.5
termination on tolfun=1e-11 (Wed Nov 25 16:00:04 2020)
final/bestever f-value = 2.134795e-02 2.134795e-02
incumbent solution: [2.0008641575354418e-07, -5.4503867799536625, 2.1028977053772056, 4.378209883354566e-07, -5.395945290493589, 1.770922708584373, -1.570796295547179, 2.772545256986338]
std deviation: [3.7056162217170735e-07, 8.713789310430594e-07, 3.989754357872621e-07, 4.656523582484581e-07, 1.0652268225284116e-06, 4.833428333748825e-07, 2.424137610453699e-07, 5.169466769022783e-07]
cma
(5_w,11)-aCMA-ES (mu_w=3.4,w_1=42%) in dimension 11 (seed=361836, Wed Nov 25 16:00:04 2020)
Iterat #Fevals   function value  axis ratio  sigma  min&max std  t[m:s]
    1     11 3.792140557739156e-01 1.0e+00 9.32e-01  9e-01  1e+00 0:00.4
    2     22 4.791206719011666e-01 1.2e+00 9.95e-01  1e+00  1e+00 0:00.9
    3     33 4.072705076504310e-01 1.3e+00 9.88e-01  1e+00  1e+00 0:01.3
   10    110 7.298268849437540e-01 1.7e+00 8.80e-01  8e-01  9e-01 0:04.4
   20    220 4.545788961338340e-01 2.5e+00 1.59e+00  1e+00  2e+00 0:08.7
   32    352 3.840164620341343e-01 2.8e+00 1.58e+00  1e+00  2e+00 0:13.9
   46    506 3.779130731218677e-01 3.3e+00 1.21e+00  1e+00  2e+00 0:20.0
   63    693 1.842430296744925e-01 4.7e+00 1.06e+00  8e-01  2e+00 0:27.4
   82    902 8.416907872756157e-01 6.2e+00 1.34e+00  9e-01  3e+00 0:35.7
  100   1100 4.239006161605468e-01 5.9e+00 7.56e-01  4e-01  1e+00 0:43.6
  123   1353 1.367824551039974e-01 4.1e+00 3.77e-01  2e-01  4e-01 0:53.6
  149   1639 1.276437629459726e-01 5.4e+00 2.02e-01  1e-01  2e-01 1:04.9
  177   1947 1.242960746701155e-01 7.9e+00 5.84e-02  3e-02  5e-02 1:17.1
  200   2200 1.241944586903637e-01 1.3e+01 2.09e-02  9e-03  2e-02 1:27.1
  233   2563 1.241661168020121e-01 2.6e+01 1.14e-02  4e-03  1e-02 1:41.5
  268   2948 1.241657118809812e-01 6.4e+01 4.08e-03  1e-03  5e-03 1:56.8
  300   3300 1.241656937083802e-01 1.1e+02 1.82e-03  7e-04  2e-03 2:10.7
  340   3740 1.241656922339653e-01 2.8e+02 6.05e-04  3e-04  8e-04 2:28.1
  382   4202 1.220508260811237e-01 3.7e+02 1.71e-01  8e-02  2e-01 2:46.4
  400   4400 1.005248254845354e-01 3.9e+02 2.87e-01  9e-02  3e-01 2:54.2
  446   4906 4.997184160109304e-02 1.6e+02 3.70e-01  8e-02  2e-01 3:14.2
  495   5445 4.569489856183134e-02 7.0e+01 3.27e-02  4e-03  1e-02 3:35.6
  500   5500 4.569368669047663e-02 6.4e+01 3.43e-02  4e-03  1e-02 3:37.8
  553   6083 4.486411610521219e-02 1.5e+02 2.26e-01  2e-02  2e-01 4:00.9
  600   6600 4.416448248071055e-02 1.5e+02 1.45e-01  6e-03  9e-02 4:21.3
  658   7238 3.900296991841809e-02 8.8e+01 1.06e+00  3e-02  4e-01 4:46.6
  700   7700 3.269671712586836e-02 4.2e+01 6.22e-01  1e-02  1e-01 5:04.9
  762   8382 1.859552161118393e-02 2.4e+01 3.03e+00  5e-02  3e-01 5:31.9
  800   8800 1.753664767407098e-02 2.2e+01 2.60e-01  3e-03  2e-02 5:48.4
  867   9537 1.752885102881022e-02 2.8e+01 2.00e-02  1e-04  9e-04 6:17.6
  900   9900 1.752884276166724e-02 3.0e+01 2.46e-03  1e-05  9e-05 6:31.9
  951  10461 1.752884265356462e-02 2.8e+01 4.82e-05  2e-07  1e-06 6:54.2
termination on tolfun=1e-11 (Wed Nov 25 16:06:59 2020)
final/bestever f-value = 1.752884e-02 1.752884e-02
incumbent solution: [  0.04740161   5.48462356   7.46120412   0.04389548  -5.4575137
   1.29120176  -0.45524272 -11.02992762 ...]
std deviations: [1.85159023e-07 2.65525658e-07 1.53647920e-07 1.99440887e-07
 3.51992981e-07 2.29756817e-07 1.21634929e-06 9.75459808e-07 ...]
cma
(5_w,11)-aCMA-ES (mu_w=3.4,w_1=42%) in dimension 11 (seed=399176, Wed Nov 25 16:07:00 2020)
Iterat #Fevals   function value  axis ratio  sigma  min&max std  t[m:s]
    1     11 4.405412171917751e-01 1.0e+00 1.02e+00  1e+00  1e+00 0:00.4
    2     22 2.605500250758147e-01 1.2e+00 9.91e-01  9e-01  1e+00 0:00.9
    3     33 2.089845857912518e-01 1.3e+00 9.60e-01  9e-01  1e+00 0:01.3
   10    110 4.830063889499955e-01 1.6e+00 8.16e-01  7e-01  8e-01 0:04.4
   20    220 1.640045581631990e-01 1.7e+00 5.23e-01  4e-01  5e-01 0:08.7
   32    352 1.327375792835508e-01 2.3e+00 4.97e-01  4e-01  5e-01 0:13.9
   46    506 1.420179515514522e-01 3.5e+00 4.04e-01  3e-01  4e-01 0:20.0
   63    693 1.175854641228536e-01 5.6e+00 2.65e-01  2e-01  3e-01 0:27.4
   82    902 5.322916542831271e-02 5.8e+00 2.38e-01  1e-01  3e-01 0:35.7
  100   1100 4.663463739329055e-02 6.7e+00 1.25e-01  7e-02  1e-01 0:43.5
  123   1353 4.590717171414757e-02 8.3e+00 6.47e-02  3e-02  7e-02 0:53.6
  149   1639 4.522452912443434e-02 1.3e+01 5.58e-02  2e-02  7e-02 1:04.9
  177   1947 3.980894694013436e-02 2.0e+01 1.74e-01  5e-02  3e-01 1:17.1
  200   2200 3.566529884307296e-02 1.6e+01 9.81e-02  2e-02  1e-01 1:27.1
  233   2563 2.310358060291955e-02 2.2e+01 3.63e-01  7e-02  6e-01 1:41.5
  268   2948 1.724075644241778e-02 2.2e+01 7.85e-02  9e-03  1e-01 1:56.7
  300   3300 1.715365430801599e-02 1.9e+01 1.61e-02  1e-03  2e-02 2:10.6
  340   3740 1.715040097531247e-02 2.1e+01 2.93e-03  1e-04  2e-03 2:28.0
  382   4202 1.715036680711692e-02 2.9e+01 1.47e-04  5e-06  1e-04 2:46.3
  400   4400 1.715036677259606e-02 3.3e+01 4.01e-05  1e-06  3e-05 2:54.1
  429   4719 1.715036677142099e-02 3.7e+01 6.17e-06  1e-07  4e-06 3:06.8
termination on tolfun=1e-11 (Wed Nov 25 16:10:07 2020)
final/bestever f-value = 1.715037e-02 1.715037e-02
incumbent solution: [ 4.79831475e+00 -3.07402921e-09 -1.05951783e+00  2.96733271e+00
  1.09629215e+01  6.27480299e-01  2.37937578e-07 -5.49545777e+00 ...]
std deviations: [1.91781932e-06 1.14201975e-06 3.35779726e-07 3.80786976e-06
 2.55680432e-06 2.40479795e-07 3.40079154e-07 8.45898538e-07 ...]
cma
(5_w,11)-aCMA-ES (mu_w=3.4,w_1=42%) in dimension 14 (seed=343018, Wed Nov 25 16:10:08 2020)
Iterat #Fevals   function value  axis ratio  sigma  min&max std  t[m:s]
    1     11 4.188389592327330e-01 1.0e+00 9.38e-01  9e-01  9e-01 0:00.5
    2     22 3.747705987498010e-01 1.1e+00 8.99e-01  9e-01  9e-01 0:01.0
    3     33 3.288654625128102e-01 1.2e+00 9.05e-01  9e-01  9e-01 0:01.5
   10    110 1.413119408382111e-01 1.6e+00 9.60e-01  9e-01  1e+00 0:04.9
   19    209 3.734509816792577e-01 1.7e+00 7.90e-01  7e-01  8e-01 0:09.2
   30    330 4.140335058517706e-01 2.0e+00 9.26e-01  8e-01  1e+00 0:14.6
   43    473 3.614662570761691e-01 2.4e+00 7.83e-01  6e-01  1e+00 0:20.9
   58    638 3.141938299019539e-01 2.6e+00 6.77e-01  6e-01  8e-01 0:28.2
   75    825 1.558953791140946e-01 2.8e+00 5.29e-01  4e-01  6e-01 0:36.5
   94   1034 1.282123238642547e-01 2.9e+00 3.49e-01  3e-01  4e-01 0:45.7
  100   1100 1.160396363071983e-01 3.0e+00 2.98e-01  2e-01  3e-01 0:48.6
  123   1353 4.064397361478413e-02 3.3e+00 1.50e-01  9e-02  1e-01 0:59.8
  148   1628 2.852718156893758e-02 4.3e+00 8.06e-02  4e-02  8e-02 1:12.0
  175   1925 2.205145839892705e-02 7.8e+00 8.24e-02  4e-02  9e-02 1:25.1
  200   2200 1.661061675005498e-02 1.2e+01 1.14e-01  5e-02  2e-01 1:37.3
  231   2541 7.800705096488509e-03 1.4e+01 1.25e-01  5e-02  2e-01 1:52.3
  264   2904 5.930431226706255e-03 1.2e+01 4.74e-02  2e-02  5e-02 2:08.4
  299   3289 5.433738537750804e-03 1.3e+01 2.28e-02  7e-03  2e-02 2:25.4
  300   3300 5.437805284971990e-03 1.3e+01 2.23e-02  7e-03  2e-02 2:25.9
  340   3740 5.199513923060802e-03 1.5e+01 1.81e-02  5e-03  2e-02 2:45.3
  382   4202 5.171135888173816e-03 1.6e+01 1.12e-02  2e-03  1e-02 3:05.7
  400   4400 5.150162313598413e-03 2.6e+01 1.62e-02  3e-03  2e-02 3:14.4
  446   4906 5.116227278278985e-03 4.2e+01 6.68e-03  1e-03  1e-02 3:36.8
  494   5434 5.115795489227024e-03 4.4e+01 8.65e-04  1e-04  1e-03 4:00.1
  500   5500 5.115793403340135e-03 4.5e+01 6.90e-04  8e-05  9e-04 4:03.0
  552   6072 5.115789343561960e-03 5.0e+01 4.31e-05  4e-06  5e-05 4:28.3
  596   6556 5.115789335221448e-03 5.1e+01 4.98e-06  4e-07  5e-06 4:49.7
termination on tolfun=1e-11 (Wed Nov 25 16:14:58 2020)
final/bestever f-value = 5.115789e-03 5.115789e-03
incumbent solution: [ 5.35293993e-08  5.59041054e+00  5.80619781e+00 -3.14159305e+00
  5.69490298e+00 -7.43703347e-01  3.14159318e+00 -5.56031405e+00 ...]
std deviations: [1.91663048e-06 4.38214091e-06 1.22503965e-06 2.06571997e-06
 4.68007196e-06 4.23192784e-07 7.02991185e-07 1.44556056e-06 ...]
cma
(5_w,11)-aCMA-ES (mu_w=3.4,w_1=42%) in dimension 14 (seed=431780, Wed Nov 25 16:14:59 2020)
Iterat #Fevals   function value  axis ratio  sigma  min&max std  t[m:s]
    1     11 5.011085566629225e-01 1.0e+00 8.75e-01  9e-01  9e-01 0:00.5
    2     22 2.102854796550634e-01 1.1e+00 8.17e-01  8e-01  8e-01 0:01.0
    3     33 5.216560685052964e-01 1.2e+00 8.03e-01  8e-01  8e-01 0:01.5
   10    110 2.044188040987263e-01 1.5e+00 7.48e-01  7e-01  8e-01 0:04.9
   19    209 2.328124966150027e-01 1.9e+00 7.55e-01  7e-01  8e-01 0:09.2
   30    330 1.959439001205619e-01 1.9e+00 5.07e-01  4e-01  5e-01 0:14.6
   43    473 1.268823422478527e-01 2.1e+00 2.42e-01  2e-01  2e-01 0:20.9
   58    638 1.251723115110810e-01 3.0e+00 1.18e-01  9e-02  1e-01 0:28.2
   75    825 1.224837522268154e-01 3.9e+00 5.71e-02  4e-02  6e-02 0:36.5
   94   1034 1.147887669220166e-01 5.9e+00 7.59e-02  5e-02  8e-02 0:45.7
  100   1100 1.034218102872694e-01 7.2e+00 1.31e-01  8e-02  2e-01 0:48.6
  123   1353 5.666810781197738e-02 8.0e+00 2.91e-01  2e-01  4e-01 0:59.8
  148   1628 4.553525067416734e-02 7.5e+00 1.38e-01  6e-02  1e-01 1:12.0
  175   1925 3.585048783766388e-02 9.6e+00 1.05e-01  4e-02  1e-01 1:25.1
  200   2200 2.682036383196778e-02 1.1e+01 1.08e-01  4e-02  1e-01 1:37.3
  231   2541 2.389433530568716e-02 1.0e+01 8.20e-02  3e-02  9e-02 1:52.4
  264   2904 2.260420056827851e-02 1.6e+01 7.27e-02  2e-02  8e-02 2:08.5
  299   3289 2.137338933677395e-02 2.6e+01 7.46e-02  2e-02  1e-01 2:25.5
  300   3300 2.122539272006544e-02 2.6e+01 7.60e-02  2e-02  1e-01 2:26.0
  340   3740 1.270394641139528e-02 2.6e+01 2.06e-01  5e-02  3e-01 2:45.4
  382   4202 1.096837674102037e-02 1.7e+01 5.29e-02  1e-02  6e-02 3:05.9
  400   4400 1.089400662308029e-02 2.1e+01 4.15e-02  8e-03  5e-02 3:14.6
  446   4906 1.084404157044500e-02 2.7e+01 7.99e-03  1e-03  8e-03 3:37.0
  494   5434 1.084310524853883e-02 3.1e+01 5.88e-04  7e-05  5e-04 4:00.3
  500   5500 1.084310529340699e-02 3.1e+01 4.42e-04  5e-05  4e-04 4:03.2
  552   6072 1.084310379252156e-02 3.7e+01 1.07e-05  1e-06  7e-06 4:28.5
  576   6336 1.084310379219536e-02 3.9e+01 3.47e-06  3e-07  2e-06 4:40.1
termination on tolfun=1e-11 (Wed Nov 25 16:19:40 2020)
final/bestever f-value = 1.084310e-02 1.084310e-02
incumbent solution: [-3.03537848e+00 -8.33707064e+00 -2.30336524e+00  7.69352149e-02
 -8.71993212e-07  1.49815544e+00 -3.22070115e+00  5.46000489e+00 ...]
std deviations: [1.02737494e-06 1.98767163e-06 1.21856942e-06 7.69715097e-07
 1.41258367e-06 1.21037031e-06 7.40309767e-07 1.54244637e-06 ...]
cma
(6_w,12)-aCMA-ES (mu_w=3.7,w_1=40%) in dimension 17 (seed=418542, Wed Nov 25 16:19:41 2020)
Iterat #Fevals   function value  axis ratio  sigma  min&max std  t[m:s]
    1     12 2.745106298800389e-01 1.0e+00 9.32e-01  9e-01  9e-01 0:00.6
    2     24 5.719493080238024e-01 1.1e+00 8.95e-01  9e-01  9e-01 0:01.2
    3     36 2.953505337671696e-01 1.1e+00 8.74e-01  8e-01  9e-01 0:01.7
    9    108 9.749520729836961e-01 1.4e+00 9.23e-01  9e-01  1e+00 0:05.2
   16    192 4.616471607398409e-01 1.6e+00 9.54e-01  9e-01  1e+00 0:09.3
   25    300 3.641641172569526e-01 1.7e+00 6.77e-01  6e-01  7e-01 0:14.4
   36    432 3.735214865074221e-01 1.9e+00 5.61e-01  5e-01  6e-01 0:20.8
   49    588 1.416459288948466e-01 2.2e+00 4.27e-01  4e-01  5e-01 0:28.3
   63    756 7.184264897678311e-02 2.5e+00 2.77e-01  2e-01  3e-01 0:36.4
   79    948 5.527661281157221e-02 2.8e+00 1.71e-01  1e-01  2e-01 0:45.8
   97   1164 4.864798633110738e-02 3.4e+00 9.02e-02  6e-02  9e-02 0:56.2
  100   1200 4.863865542139249e-02 3.5e+00 7.99e-02  5e-02  8e-02 0:58.0
  121   1452 4.600242073646101e-02 4.7e+00 4.34e-02  3e-02  4e-02 1:10.2
  144   1728 4.502237671639631e-02 6.1e+00 3.40e-02  2e-02  4e-02 1:23.6
  169   2028 4.252777561036486e-02 9.7e+00 7.85e-02  4e-02  1e-01 1:38.1
  195   2340 3.197286765262720e-02 1.2e+01 1.25e-01  6e-02  2e-01 1:53.2
  200   2400 2.714422897041406e-02 1.3e+01 1.36e-01  6e-02  2e-01 1:56.1
  230   2760 2.057967650916577e-02 1.4e+01 7.82e-02  3e-02  1e-01 2:13.5
  261   3132 1.864356561367204e-02 1.3e+01 2.66e-02  1e-02  4e-02 2:31.6
  294   3528 1.846693518138550e-02 1.3e+01 1.29e-02  6e-03  2e-02 2:50.7
  300   3600 1.845583017875460e-02 1.3e+01 1.27e-02  5e-03  2e-02 2:54.2
  337   4044 1.826995712676042e-02 1.9e+01 2.25e-02  1e-02  3e-02 3:15.7
  375   4500 1.522090334451938e-02 2.0e+01 1.07e-01  5e-02  2e-01 3:37.8
  400   4800 1.455031965475692e-02 1.7e+01 8.13e-02  3e-02  1e-01 3:52.3
  442   5304 1.232365792510740e-02 1.8e+01 8.19e-02  3e-02  1e-01 4:16.7
  486   5832 1.065898145856775e-02 1.8e+01 4.00e-02  1e-02  4e-02 4:42.3
  500   6000 1.057833251751225e-02 1.9e+01 2.96e-02  1e-02  3e-02 4:50.4
  547   6564 1.053996413227023e-02 1.9e+01 6.67e-03  2e-03  6e-03 5:17.7
  596   7152 1.049601316003828e-02 4.2e+01 3.85e-02  9e-03  6e-02 5:46.2
  600   7200 1.050737101384569e-02 4.5e+01 4.74e-02  1e-02  8e-02 5:48.5
  652   7824 1.031556966969374e-02 3.6e+01 3.01e-02  6e-03  3e-02 6:18.7
  700   8400 1.018272126950237e-02 2.9e+01 4.59e-02  7e-03  4e-02 6:46.6
  756   9072 9.815644873882538e-03 2.5e+01 5.53e-02  8e-03  5e-02 7:19.1
  800   9600 9.579995598817777e-03 2.8e+01 4.50e-02  5e-03  4e-02 7:44.7
  859  10308 9.350835314846135e-03 3.1e+01 3.67e-02  4e-03  3e-02 8:19.0
  900  10800 9.147885544072688e-03 3.8e+01 8.29e-02  8e-03  1e-01 8:42.8
  963  11556 5.807649448635476e-03 4.0e+01 1.13e-01  1e-02  1e-01 9:19.3
 1000  12000 5.552145967851707e-03 3.1e+01 4.27e-02  4e-03  3e-02 9:40.8
Iterat #Fevals   function value  axis ratio  sigma  min&max std  t[m:s]
 1066  12792 4.904782715679542e-03 1.8e+01 2.08e-01  2e-02  1e-01 10:19.1
 1100  13200 4.240310417113582e-03 1.7e+01 2.35e-01  2e-02  9e-02 10:38.9
 1169  14028 3.952278123280406e-03 1.4e+01 3.05e-02  2e-03  8e-03 11:18.9
 1200  14400 3.951349902562531e-03 1.4e+01 8.53e-03  4e-04  2e-03 11:36.9
 1273  15276 3.951293344440196e-03 1.4e+01 3.82e-04  1e-05  6e-05 12:19.3
 1300  15600 3.951293245148154e-03 1.6e+01 1.22e-04  4e-06  2e-05 12:35.0
 1349  16188 3.951293238264651e-03 1.6e+01 8.44e-06  2e-07  1e-06 13:03.4
termination on tolfun=1e-11 (Wed Nov 25 16:32:46 2020)
final/bestever f-value = 3.951293e-03 3.951293e-03
incumbent solution: [-6.43615219  2.86391069 -4.22217214  1.08506874  5.75438046 -4.31677082
  5.10469178 -5.76303875 ...]
std deviations: [4.51614902e-07 4.53562903e-07 5.04210409e-07 8.34993021e-07
 1.00703635e-06 4.51339770e-07 7.24242350e-07 7.28208353e-07 ...]
cma
(6_w,12)-aCMA-ES (mu_w=3.7,w_1=40%) in dimension 17 (seed=361963, Wed Nov 25 16:32:48 2020)
Iterat #Fevals   function value  axis ratio  sigma  min&max std  t[m:s]
    1     12 2.972488760339566e-01 1.0e+00 9.17e-01  9e-01  9e-01 0:00.6
    2     24 2.497751338161837e-01 1.1e+00 8.58e-01  8e-01  9e-01 0:01.2
    3     36 1.932323636892309e-01 1.1e+00 8.18e-01  8e-01  8e-01 0:01.7
    9    108 7.806382512561946e-01 1.3e+00 7.89e-01  8e-01  8e-01 0:05.2
   16    192 6.428953498468142e-01 1.6e+00 9.20e-01  9e-01  1e+00 0:09.3
   25    300 1.471543117070410e-01 1.8e+00 9.11e-01  8e-01  1e+00 0:14.5
   36    432 2.014973276453033e-01 2.0e+00 7.90e-01  7e-01  9e-01 0:20.8
   49    588 7.358289581389302e-01 2.2e+00 8.05e-01  7e-01  9e-01 0:28.4
   63    756 1.821888180413751e-01 2.6e+00 6.59e-01  5e-01  8e-01 0:36.5
   79    948 4.908696201063451e-01 2.6e+00 5.96e-01  4e-01  7e-01 0:45.7
   97   1164 1.222417831937346e-01 2.5e+00 4.08e-01  3e-01  5e-01 0:56.2
  100   1200 7.489571934257137e-02 2.5e+00 3.77e-01  3e-01  4e-01 0:57.9
  121   1452 3.663960575094139e-02 2.5e+00 1.46e-01  1e-01  2e-01 1:10.1
  144   1728 2.021134527618107e-02 3.6e+00 1.40e-01  9e-02  2e-01 1:23.4
  169   2028 1.389380533488392e-02 4.9e+00 1.10e-01  7e-02  2e-01 1:37.9
  195   2340 1.090273404629462e-02 5.7e+00 8.91e-02  5e-02  1e-01 1:53.0
  200   2400 1.060314106313365e-02 5.8e+00 7.49e-02  4e-02  1e-01 1:55.9
  230   2760 8.465102865310456e-03 7.8e+00 4.86e-02  2e-02  8e-02 2:13.2
  262   3144 7.109992844211761e-03 1.1e+01 4.85e-02  2e-02  7e-02 2:31.8
  295   3540 6.823255384690394e-03 1.3e+01 1.83e-02  7e-03  3e-02 2:50.9
  300   3600 6.791968667108213e-03 1.3e+01 1.63e-02  6e-03  2e-02 2:53.7
  337   4044 6.743831964729356e-03 1.5e+01 9.19e-03  3e-03  1e-02 3:15.2
  376   4512 6.734084880980316e-03 2.1e+01 2.46e-03  7e-04  4e-03 3:37.7
  400   4800 6.733924034665903e-03 2.3e+01 7.56e-04  2e-04  1e-03 3:51.6
  442   5304 6.733909840672273e-03 3.1e+01 1.26e-04  2e-05  2e-04 4:15.9
  486   5832 6.733902744820687e-03 7.9e+01 3.06e-04  5e-05  1e-03 4:41.4
  500   6000 6.733890826860179e-03 1.1e+02 4.24e-04  7e-05  2e-03 4:49.5
  547   6564 6.733574712974173e-03 4.3e+02 3.07e-03  4e-04  4e-02 5:16.7
  596   7152 6.733123086506996e-03 4.8e+02 2.02e-03  2e-04  3e-02 5:45.1
  600   7200 6.733086672970099e-03 4.6e+02 2.15e-03  3e-04  3e-02 5:47.4
  652   7824 6.732492613351888e-03 3.5e+02 3.25e-03  3e-04  3e-02 6:17.5
  700   8400 6.731799907913933e-03 2.3e+02 3.82e-03  4e-04  2e-02 6:45.2
  756   9072 6.730863341015056e-03 1.6e+02 3.37e-03  3e-04  8e-03 7:17.7
  800   9600 6.729572499873195e-03 1.5e+02 5.98e-03  4e-04  1e-02 7:43.1
  859  10308 6.727967743273118e-03 1.8e+02 7.80e-03  5e-04  2e-02 8:17.3
  900  10800 6.726892585847821e-03 1.7e+02 5.28e-03  3e-04  1e-02 8:41.0
  963  11556 6.725674035053491e-03 1.2e+02 6.20e-03  4e-04  1e-02 9:17.5
 1000  12000 6.723136872465115e-03 1.1e+02 1.12e-02  6e-04  1e-02 9:38.9
Iterat #Fevals   function value  axis ratio  sigma  min&max std  t[m:s]
 1066  12792 6.714507892758813e-03 1.2e+02 2.22e-02  1e-03  3e-02 10:17.1
 1100  13200 6.702723387697565e-03 1.1e+02 3.16e-02  2e-03  4e-02 10:36.8
 1170  14040 6.642661955957609e-03 1.4e+02 4.87e-02  2e-03  7e-02 11:17.3
 1200  14400 6.609928774514067e-03 1.6e+02 6.40e-02  4e-03  1e-01 11:34.6
 1273  15276 6.421602632936227e-03 8.7e+01 1.69e-01  1e-02  2e-01 12:16.8
 1300  15600 6.252873486205734e-03 6.2e+01 1.53e-01  9e-03  1e-01 12:32.5
 1377  16524 3.498839568990031e-03 4.7e+01 7.17e-01  3e-02  3e-01 13:17.0
 1400  16800 3.083086093013059e-03 4.0e+01 5.98e-01  3e-02  2e-01 13:30.3
 1480  17760 2.600504699588970e-03 2.8e+01 1.05e-01  4e-03  2e-02 14:16.6
 1500  18000 2.586243800436022e-03 2.7e+01 9.04e-02  3e-03  2e-02 14:28.2
 1583  18996 2.580102272780318e-03 2.2e+01 6.39e-03  1e-04  9e-04 15:16.2
 1600  19200 2.580090726184365e-03 2.2e+01 3.44e-03  6e-05  4e-04 15:26.1
 1687  20244 2.580087005091047e-03 2.1e+01 6.78e-05  1e-06  6e-06 16:16.4
 1700  20400 2.580087004739683e-03 2.1e+01 3.36e-05  5e-07  3e-06 16:24.0
 1709  20508 2.580087004715319e-03 2.2e+01 2.07e-05  3e-07  2e-06 16:29.2
/home/adrianps/Universal-Approximator/qibo_sim/classes/ApproximantNN.py:437: RuntimeWarning: More than 20 figures have been opened. Figures created through the pyplot interface (`matplotlib.pyplot.figure`) are retained until explicitly closed and may consume too much memory. (To control this warning, see the rcParam `figure.max_open_warning`).
  fig, axs = plt.subplots()
/home/adrianps/Universal-Approximator/qibo_sim/classes/ApproximantNN.py:452: RuntimeWarning: More than 20 figures have been opened. Figures created through the pyplot interface (`matplotlib.pyplot.figure`) are retained until explicitly closed and may consume too much memory. (To control this warning, see the rcParam `figure.max_open_warning`).
  fig, axs = plt.subplots()
/home/adrianps/Universal-Approximator/qibo_sim/classes/ApproximantNN.py:437: RuntimeWarning: More than 20 figures have been opened. Figures created through the pyplot interface (`matplotlib.pyplot.figure`) are retained until explicitly closed and may consume too much memory. (To control this warning, see the rcParam `figure.max_open_warning`).
  fig, axs = plt.subplots()
/home/adrianps/Universal-Approximator/qibo_sim/classes/ApproximantNN.py:452: RuntimeWarning: More than 20 figures have been opened. Figures created through the pyplot interface (`matplotlib.pyplot.figure`) are retained until explicitly closed and may consume too much memory. (To control this warning, see the rcParam `figure.max_open_warning`).
  fig, axs = plt.subplots()
termination on tolfun=1e-11 (Wed Nov 25 16:49:19 2020)
final/bestever f-value = 2.580087e-03 2.580087e-03
incumbent solution: [ 3.30573989  5.58947583  0.5826648   7.15101082 -5.57206185 -7.88202249
  1.62183709 17.13174351 ...]
std deviations: [1.15069571e-06 1.26497935e-06 5.42066361e-07 1.17880924e-06
 1.36259832e-06 6.41931046e-07 1.20413508e-06 1.76232905e-06 ...]
