This is pdfTeX, Version 3.14159265-2.6-1.40.20 (MiKTeX 2.9.7000) (preloaded format=pdflatex 2019.4.24)  21 NOV 2019 15:37
entering extended mode
**./fourier.tex
(fourier.tex
LaTeX2e <2018-12-01>
(/home/adrianps/.miktex/texmfs/install/tex/latex/revtex4/revtex4.cls
Document Class: revtex4 2001/08/03 v4.0 (http://publish.aps.org/revtex4/ for do
cumentation)
 Copyright (c) 2001 The American Physical Society.
 mailto:revtex@aps.org
 Licensed under the LPPL:
http://www.ctan.org/tex-archive/macros/latex/base/lppl.txt
 Arthur Ogawa <ogawa@teleport.com>
 Based on work by David Carlisle <david@dcarlisle.demon.co.uk>.
ltxutil: portions licensed from W. E. Baxter (web@superscript.com)
Class revtex4 Info: Repairing broken LateX \@sect on input line 596.
\intertabularlinepenalty=\count80
\@tbpen=\count81
\@arstrutbox@hline=\box27
Class revtex4 Info: Repairing broken LaTeX \@xbitor on input line 1610.
ltxgrid: portions licensed from W. E. Baxter (web@superscript.com)
\c@linecount=\count82
\output=\toks14
\@protection@box=\box28
\@topmark@saved=\toks15
\footins@saved=\box29
\pagesofar=\box30
\footbox=\box31
\pagegrid@col=\count83
Class revtex4 Info: Incorporating package {textcase}  [1998/11/12 v0.06 Text on
ly upper/lower case changing (DPC)]. on input line 3682.
(/home/adrianps/.miktex/texmfs/install/tex/latex/url/url.sty
\Urlmuskip=\muskip10
Package: url 2013/09/16  ver 3.4  Verb mode for urls, etc.
)
\c@affil=\count84
\absbox=\box32
\c@part=\count85
\c@section=\count86
\c@subsection=\count87
\c@subsubsection=\count88
\c@paragraph=\count89
\c@subparagraph=\count90
\abovecaptionskip=\skip41
\belowcaptionskip=\skip42
\c@figure=\count91
\c@table=\count92

(/home/adrianps/.miktex/texmfs/install/tex/latex/natbib/natbib.sty
Package: natbib 2010/09/13 8.31b (PWD, AO)
\bibhang=\skip43
\bibsep=\skip44
LaTeX Info: Redefining \cite on input line 694.
\c@NAT@ctr=\count93
)
\widetext@top=\box33
\widetext@bot=\box34

(/home/adrianps/.miktex/texmfs/install/tex/latex/revtex4/revsymb.sty
Package: revsymb 2001/08/03 v4.0 (http://publish.aps.org/revtex4/ for documenta
tion)
LaTeX Info: Redefining \REV@mathfrak on input line 118.
))
(/home/adrianps/.miktex/texmfs/install/tex/latex/amsfonts/amsfonts.sty
Package: amsfonts 2013/01/14 v3.01 Basic AMSFonts support
\@emptytoks=\toks16
\symAMSa=\mathgroup4
\symAMSb=\mathgroup5
LaTeX Font Info:    Overwriting math alphabet `\mathfrak' in version `bold'
(Font)                  U/euf/m/n --> U/euf/b/n on input line 106.
LaTeX Info: Redefining \frak on input line 111.
LaTeX Info: Redefining \Bbb on input line 113.
)
(/home/adrianps/.miktex/texmfs/install/tex/latex/amsfonts/amssymb.sty
Package: amssymb 2013/01/14 v3.01 AMS font symbols
)
(/home/adrianps/.miktex/texmfs/install/tex/latex/amsmath/amsmath.sty
Package: amsmath 2018/12/01 v2.17b AMS math features
\@mathmargin=\skip45

For additional information on amsmath, use the `?' option.
(/home/adrianps/.miktex/texmfs/install/tex/latex/amsmath/amstext.sty
Package: amstext 2000/06/29 v2.01 AMS text

(/home/adrianps/.miktex/texmfs/install/tex/latex/amsmath/amsgen.sty
File: amsgen.sty 1999/11/30 v2.0 generic functions
\@emptytoks=\toks17
\ex@=\dimen102
))
(/home/adrianps/.miktex/texmfs/install/tex/latex/amsmath/amsbsy.sty
Package: amsbsy 1999/11/29 v1.2d Bold Symbols
\pmbraise@=\dimen103
)
(/home/adrianps/.miktex/texmfs/install/tex/latex/amsmath/amsopn.sty
Package: amsopn 2016/03/08 v2.02 operator names
)
\inf@bad=\count94
LaTeX Info: Redefining \frac on input line 223.
\uproot@=\count95
\leftroot@=\count96
LaTeX Info: Redefining \overline on input line 385.
\classnum@=\count97
\DOTSCASE@=\count98
LaTeX Info: Redefining \ldots on input line 482.
LaTeX Info: Redefining \dots on input line 485.
LaTeX Info: Redefining \cdots on input line 606.
\Mathstrutbox@=\box35
\strutbox@=\box36
\big@size=\dimen104
LaTeX Font Info:    Redeclaring font encoding OML on input line 729.
LaTeX Font Info:    Redeclaring font encoding OMS on input line 730.
\macc@depth=\count99
\c@MaxMatrixCols=\count100
\dotsspace@=\muskip11
\c@parentequation=\count101
\dspbrk@lvl=\count102
\tag@help=\toks18
\row@=\count103
\column@=\count104
\maxfields@=\count105
\andhelp@=\toks19
\eqnshift@=\dimen105
\alignsep@=\dimen106
\tagshift@=\dimen107
\tagwidth@=\dimen108
\totwidth@=\dimen109
\lineht@=\dimen110
\@envbody=\toks20
\multlinegap=\skip46
\multlinetaggap=\skip47
\mathdisplay@stack=\toks21
LaTeX Info: Redefining \[ on input line 2844.
LaTeX Info: Redefining \] on input line 2845.
)
(/home/adrianps/.miktex/texmfs/install/tex/latex/revtex4/aps.rtx
File: aps.rtx 2001/08/03 v4.0 (http://publish.aps.org/revtex4/ for documentatio
n)
)
(/home/adrianps/.miktex/texmfs/install/tex/latex/revtex4/10pt.rtx
File: 10pt.rtx 2001/08/03 v4.0 (http://publish.aps.org/revtex4/ for documentati
on)
)
(/home/adrianps/.miktex/texmfs/install/tex/latex/base/inputenc.sty
Package: inputenc 2018/08/11 v1.3c Input encoding file
\inpenc@prehook=\toks22
\inpenc@posthook=\toks23
)
(/home/adrianps/.miktex/texmfs/install/tex/generic/babel/babel.sty
Package: babel 2019/04/03 3.29 The Babel package

(/home/adrianps/.miktex/texmfs/install/tex/generic/babel/switch.def
File: switch.def 2019/04/03 3.29 Babel switching mechanism
)
*************************************
* Local config file bblopts.cfg used
*
(/home/adrianps/.miktex/texmfs/install/tex/latex/arabi/bblopts.cfg
File: bblopts.cfg 2005/09/08 v0.1 add Arabic and Farsi to "declared" options of
 babel
)
Package babel Info: You haven't specified a language. I'll use 'nil'
(babel)             as the main language. Reported on input line 510.

(/home/adrianps/.miktex/texmfs/install/tex/generic/babel/nil.ldf
Language: nil 2019/04/03 3.29 Nil language

(/home/adrianps/.miktex/texmfs/install/tex/generic/babel/babel.def
File: babel.def 2019/04/03 3.29 Babel common definitions
\babel@savecnt=\count106
\U@D=\dimen111

(/home/adrianps/.miktex/texmfs/install/tex/generic/babel/txtbabel.def)
\bbl@dirlevel=\count107
)))
(/usr/local/share/miktex-texmf/tex/latex/qcircuit/qcircuit.sty
Package: qcircuit 2018/08/14

(/home/adrianps/.miktex/texmfs/install/tex/generic/xypic/xy.sty
(/home/adrianps/.miktex/texmfs/install/tex/generic/xypic/xy.tex Bootstrap'ing:
catcodes, docmode,
(/home/adrianps/.miktex/texmfs/install/tex/generic/xypic/xyrecat.tex)
(/home/adrianps/.miktex/texmfs/install/tex/generic/xypic/xyidioms.tex)

 Xy-pic version 3.8.9 <2013/10/06>
 Copyright (c) 1991-2013 by Kristoffer H. Rose <krisrose@tug.org> and others
 Xy-pic is free software: see the User's Guide for details.

Loading kernel: messages; fonts; allocations: state,
\X@c=\dimen112
\Y@c=\dimen113
\U@c=\dimen114
\D@c=\dimen115
\L@c=\dimen116
\R@c=\dimen117
\Edge@c=\toks24
\X@p=\dimen118
\Y@p=\dimen119
\U@p=\dimen120
\D@p=\dimen121
\L@p=\dimen122
\R@p=\dimen123
\Edge@p=\toks25
\X@origin=\dimen124
\Y@origin=\dimen125
\X@xbase=\dimen126
\Y@xbase=\dimen127
\X@ybase=\dimen128
\Y@ybase=\dimen129
\X@min=\dimen130
\Y@min=\dimen131
\X@max=\dimen132
\Y@max=\dimen133
\lastobjectbox@=\box37
\zerodotbox@=\box38
\almostz@=\dimen134
 direction,
\d@X=\dimen135
\d@Y=\dimen136
\K@=\count108
\KK@=\count109
\Direction=\count110
\K@dXdY=\dimen137
\K@dYdX=\dimen138
\xyread@=\read1
\xywrite@=\write3
\csp@=\count111
\quotPTK@=\dimen139

utility macros; pictures: \xy, positions,
\swaptoks@@=\toks26
\connectobjectbox@@=\box39
 objects,
\styletoks@=\toks27
 decorations;
kernel objects: directionals, circles, text; options; algorithms: directions,
edges, connections;  Xy-pic loaded)
(/home/adrianps/.miktex/texmfs/install/tex/generic/oberdiek/ifpdf.sty
Package: ifpdf 2018/09/07 v3.3 Provides the ifpdf switch
)
Package: xy 2013/10/06 Xy-pic version 3.8.9

(/home/adrianps/.miktex/texmfs/install/tex/generic/xypic/xypdf.tex
 Xy-pic option: PDF driver v.1.7 loaded))
(/home/adrianps/.miktex/texmfs/install/tex/generic/xypic/xymatrix.tex
 Xy-pic option: Matrix feature v.3.14
\Row=\count112
\Col=\count113
\queue@=\toks28
\queue@@=\toks29
\qcount@=\count114
\qcount@@=\count115
\matrixsize@=\count116
 loaded)
(/home/adrianps/.miktex/texmfs/install/tex/generic/xypic/xyframe.tex
 Xy-pic option: Frame and Bracket extension v.3.14 loaded)
Xy-pic pdf driver: `frame' extension support
(/home/adrianps/.miktex/texmfs/install/tex/generic/xypic/xypdf-fr.tex
(/home/adrianps/.miktex/texmfs/install/tex/generic/xypic/xycurve.tex
 Xy-pic option: Curve and Spline extension v.3.12 curve,
\crv@cnt@=\count117
\crvpts@=\toks30
\splinebox@=\box40
\splineval@=\dimen140
\splinedepth@=\dimen141
\splinetol@=\dimen142
\splinelength@=\dimen143
 circles,
\L@=\dimen144
 loaded)
Xy-pic pdf driver: `curve' extension support
(/home/adrianps/.miktex/texmfs/install/tex/generic/xypic/xypdf-cu.tex loaded)
loaded) (/home/adrianps/.miktex/texmfs/install/tex/generic/xypic/xyarrow.tex
 Xy-pic option: Arrow and Path feature v.3.9 path, \ar, loaded)
(/home/adrianps/.miktex/texmfs/install/tex/generic/xypic/xyarc.tex
 Xy-pic option: Circle, Ellipse, Arc feature v.3.8 circles, ellipses,
elliptical arcs, loaded)) (fourier.aux)
\openout1 = `fourier.aux'.

LaTeX Font Info:    Checking defaults for OML/cmm/m/it on input line 10.
LaTeX Font Info:    ... okay on input line 10.
LaTeX Font Info:    Checking defaults for T1/cmr/m/n on input line 10.
LaTeX Font Info:    ... okay on input line 10.
LaTeX Font Info:    Checking defaults for OT1/cmr/m/n on input line 10.
LaTeX Font Info:    ... okay on input line 10.
LaTeX Font Info:    Checking defaults for OMS/cmsy/m/n on input line 10.
LaTeX Font Info:    ... okay on input line 10.
LaTeX Font Info:    Checking defaults for OMX/cmex/m/n on input line 10.
LaTeX Font Info:    ... okay on input line 10.
LaTeX Font Info:    Checking defaults for U/cmr/m/n on input line 10.
LaTeX Font Info:    ... okay on input line 10.
Class revtex4 Info: Patching LaTeX tabular. on input line 10.
Class revtex4 Info: cite was not loaded (OK!) on input line 10.
Class revtex4 Info: multicol was not loaded (OK!) on input line 10.
LaTeX Font Info:    Try loading font information for U+msa on input line 10.

(/home/adrianps/.miktex/texmfs/install/tex/latex/amsfonts/umsa.fd
File: umsa.fd 2013/01/14 v3.01 AMS symbols A
)
LaTeX Font Info:    Try loading font information for U+msb on input line 10.

(/home/adrianps/.miktex/texmfs/install/tex/latex/amsfonts/umsb.fd
File: umsb.fd 2013/01/14 v3.01 AMS symbols B
)
Package xypdf Info: Line width: 0.39998pt on input line 10.
 [1{/home/adrianps/.miktex/texmfs/data/pdftex/config/pdftex.map}] <xymatrix 9x1
 391>
[2] [3] [4] (fourier.aux) ) 
Here is how much of TeX's memory you used:
 5751 strings out of 494864
 69924 string characters out of 3178123
 207370 words of memory out of 3000000
 9354 multiletter control sequences out of 15000+200000
 10921 words of font info for 44 fonts, out of 3000000 for 9000
 0 hyphenation exceptions out of 8191
 32i,16n,27p,1405b,538s stack positions out of 5000i,500n,10000p,200000b,50000s
</home/adrianps/.miktex/texmfs/install/fonts/type1/p
ublic/amsfonts/cm/cmbx12.pfb></home/adrianps/.miktex/texmfs/install/fonts/type1
/public/amsfonts/cm/cmbx9.pfb></home/adrianps/.miktex/texmfs/install/fonts/type
1/public/amsfonts/cm/cmex10.pfb></home/adrianps/.miktex/texmfs/install/fonts/ty
pe1/public/amsfonts/cm/cmmi10.pfb></home/adrianps/.miktex/texmfs/install/fonts/
type1/public/amsfonts/cm/cmmi5.pfb></home/adrianps/.miktex/texmfs/install/fonts
/type1/public/amsfonts/cm/cmmi6.pfb></home/adrianps/.miktex/texmfs/install/font
s/type1/public/amsfonts/cm/cmmi7.pfb></home/adrianps/.miktex/texmfs/install/fon
ts/type1/public/amsfonts/cm/cmmi9.pfb></home/adrianps/.miktex/texmfs/install/fo
nts/type1/public/amsfonts/cm/cmr10.pfb></home/adrianps/.miktex/texmfs/install/f
onts/type1/public/amsfonts/cm/cmr5.pfb></home/adrianps/.miktex/texmfs/install/f
onts/type1/public/amsfonts/cm/cmr6.pfb></home/adrianps/.miktex/texmfs/install/f
onts/type1/public/amsfonts/cm/cmr7.pfb></home/adrianps/.miktex/texmfs/install/f
onts/type1/public/amsfonts/cm/cmr9.pfb></home/adrianps/.miktex/texmfs/install/f
onts/type1/public/amsfonts/cm/cmsy10.pfb></home/adrianps/.miktex/texmfs/install
/fonts/type1/public/amsfonts/cm/cmsy7.pfb></home/adrianps/.miktex/texmfs/instal
l/fonts/type1/public/amsfonts/cm/cmsy9.pfb></home/adrianps/.miktex/texmfs/insta
ll/fonts/type1/public/amsfonts/cm/cmti7.pfb></home/adrianps/.miktex/texmfs/inst
all/fonts/type1/public/amsfonts/cm/cmti9.pfb></home/adrianps/.miktex/texmfs/ins
tall/fonts/type1/public/amsfonts/symbols/msam10.pfb>
Output written on fourier.pdf (4 pages, 219383 bytes).
PDF statistics:
 91 PDF objects out of 1000 (max. 8388607)
 0 named destinations out of 1000 (max. 500000)
 1 words of extra memory for PDF output out of 10000 (max. 10000000)

