   direc: array([[ 1.00000000e+00,  0.00000000e+00,  0.00000000e+00,
         0.00000000e+00,  0.00000000e+00,  0.00000000e+00,
         0.00000000e+00,  0.00000000e+00,  0.00000000e+00,
         0.00000000e+00,  0.00000000e+00,  0.00000000e+00,
         0.00000000e+00,  0.00000000e+00],
       [ 0.00000000e+00,  0.00000000e+00,  0.00000000e+00,
         0.00000000e+00,  0.00000000e+00,  0.00000000e+00,
         0.00000000e+00,  0.00000000e+00,  0.00000000e+00,
         0.00000000e+00,  0.00000000e+00,  0.00000000e+00,
         0.00000000e+00,  1.00000000e+00],
       [ 2.20868799e-02,  8.68523412e-03, -2.98438983e-02,
        -1.51271643e-01,  1.34268179e-01,  5.85093202e-04,
         9.32545857e-02, -2.57231694e-02, -4.47374391e-02,
         9.46210024e-03,  2.35629821e-02, -2.51305680e-02,
         1.35035526e-02, -1.02405622e-01],
       [-1.79611510e-03,  5.74789790e-03,  3.54540744e-04,
         9.77687015e-03,  1.41636338e-02,  5.30419808e-03,
        -1.48565891e-03,  7.02952583e-03, -3.56217414e-02,
        -1.96506495e-02, -1.80082995e-03, -2.23707363e-02,
         7.95397254e-04, -2.87687086e-02],
       [ 0.00000000e+00,  0.00000000e+00,  0.00000000e+00,
         0.00000000e+00,  1.00000000e+00,  0.00000000e+00,
         0.00000000e+00,  0.00000000e+00,  0.00000000e+00,
         0.00000000e+00,  0.00000000e+00,  0.00000000e+00,
         0.00000000e+00,  0.00000000e+00],
       [ 0.00000000e+00,  0.00000000e+00,  0.00000000e+00,
         0.00000000e+00,  0.00000000e+00,  1.00000000e+00,
         0.00000000e+00,  0.00000000e+00,  0.00000000e+00,
         0.00000000e+00,  0.00000000e+00,  0.00000000e+00,
         0.00000000e+00,  0.00000000e+00],
       [ 0.00000000e+00,  0.00000000e+00,  0.00000000e+00,
         0.00000000e+00,  0.00000000e+00,  0.00000000e+00,
         1.00000000e+00,  0.00000000e+00,  0.00000000e+00,
         0.00000000e+00,  0.00000000e+00,  0.00000000e+00,
         0.00000000e+00,  0.00000000e+00],
       [ 0.00000000e+00,  0.00000000e+00,  0.00000000e+00,
         0.00000000e+00,  0.00000000e+00,  0.00000000e+00,
         0.00000000e+00,  1.00000000e+00,  0.00000000e+00,
         0.00000000e+00,  0.00000000e+00,  0.00000000e+00,
         0.00000000e+00,  0.00000000e+00],
       [ 0.00000000e+00,  0.00000000e+00,  0.00000000e+00,
         0.00000000e+00,  0.00000000e+00,  0.00000000e+00,
         0.00000000e+00,  0.00000000e+00,  1.00000000e+00,
         0.00000000e+00,  0.00000000e+00,  0.00000000e+00,
         0.00000000e+00,  0.00000000e+00],
       [ 0.00000000e+00,  0.00000000e+00,  0.00000000e+00,
         0.00000000e+00,  0.00000000e+00,  0.00000000e+00,
         0.00000000e+00,  0.00000000e+00,  0.00000000e+00,
         1.00000000e+00,  0.00000000e+00,  0.00000000e+00,
         0.00000000e+00,  0.00000000e+00],
       [ 0.00000000e+00,  0.00000000e+00,  0.00000000e+00,
         0.00000000e+00,  0.00000000e+00,  0.00000000e+00,
         0.00000000e+00,  0.00000000e+00,  0.00000000e+00,
         0.00000000e+00,  1.00000000e+00,  0.00000000e+00,
         0.00000000e+00,  0.00000000e+00],
       [ 0.00000000e+00,  0.00000000e+00,  0.00000000e+00,
         0.00000000e+00,  0.00000000e+00,  0.00000000e+00,
         0.00000000e+00,  0.00000000e+00,  0.00000000e+00,
         0.00000000e+00,  0.00000000e+00,  1.00000000e+00,
         0.00000000e+00,  0.00000000e+00],
       [ 0.00000000e+00,  0.00000000e+00,  0.00000000e+00,
         0.00000000e+00,  0.00000000e+00,  0.00000000e+00,
         0.00000000e+00,  0.00000000e+00,  0.00000000e+00,
         0.00000000e+00,  0.00000000e+00,  0.00000000e+00,
         1.00000000e+00,  0.00000000e+00],
       [ 3.11917952e-03,  6.11209804e-03, -3.20944222e-02,
        -1.00691461e-01,  8.65629172e-02, -4.02193618e-03,
         7.09122210e-02, -1.60176985e-02, -3.35806551e-02,
         9.06039559e-03,  1.59418097e-02, -1.74798915e-02,
         7.34044240e-03, -7.68368744e-02]])
     fun: 0.02512661052032445
 message: 'Optimization terminated successfully.'
    nfev: 2919
     nit: 18
  status: 0
 success: True
       x: array([ 0.70574536,  1.880719  ,  1.06648073,  1.0951719 ,  2.27784097,
       -0.56007306,  1.39172769, -0.5449715 , -0.67213243, -0.17142977,
        0.01137752,  0.76531187,  0.68367541, -0.4430424 ])
(0.02512661052032445, array([ 0.70574536,  1.880719  ,  1.06648073,  1.0951719 ,  2.27784097,
       -0.56007306,  1.39172769, -0.5449715 , -0.67213243, -0.17142977,
        0.01137752,  0.76531187,  0.68367541, -0.4430424 ]))